[2023-10-10T08:49:44.744+0000] {processor.py:157} INFO - Started process (PID=32) to work on /opt/airflow/dags/crypto_dag.py
[2023-10-10T08:49:44.749+0000] {processor.py:829} INFO - Processing file /opt/airflow/dags/crypto_dag.py for tasks to queue
[2023-10-10T08:49:44.766+0000] {logging_mixin.py:151} INFO - [2023-10-10T08:49:44.764+0000] {dagbag.py:539} INFO - Filling up the DagBag from /opt/airflow/dags/crypto_dag.py
[2023-10-10T08:49:50.007+0000] {processor.py:839} INFO - DAG(s) dict_keys(['btc_market_analysis']) retrieved from /opt/airflow/dags/crypto_dag.py
[2023-10-10T08:49:50.657+0000] {logging_mixin.py:151} INFO - [2023-10-10T08:49:50.650+0000] {security.py:708} INFO - Not syncing DAG-level permissions for DAG 'DAG:btc_market_analysis' as access control is unset.
[2023-10-10T08:49:50.659+0000] {logging_mixin.py:151} INFO - [2023-10-10T08:49:50.658+0000] {dag.py:2915} INFO - Sync 1 DAGs
[2023-10-10T08:49:50.688+0000] {logging_mixin.py:151} INFO - [2023-10-10T08:49:50.687+0000] {dag.py:3696} INFO - Setting next_dagrun for btc_market_analysis to None, run_after=None
[2023-10-10T08:49:50.809+0000] {processor.py:179} INFO - Processing /opt/airflow/dags/crypto_dag.py took 6.099 seconds
[2023-10-10T08:50:23.682+0000] {processor.py:157} INFO - Started process (PID=106) to work on /opt/airflow/dags/crypto_dag.py
[2023-10-10T08:50:23.683+0000] {processor.py:829} INFO - Processing file /opt/airflow/dags/crypto_dag.py for tasks to queue
[2023-10-10T08:50:23.685+0000] {logging_mixin.py:151} INFO - [2023-10-10T08:50:23.685+0000] {dagbag.py:539} INFO - Filling up the DagBag from /opt/airflow/dags/crypto_dag.py
[2023-10-10T08:50:27.182+0000] {processor.py:839} INFO - DAG(s) dict_keys(['btc_market_analysis']) retrieved from /opt/airflow/dags/crypto_dag.py
[2023-10-10T08:50:27.277+0000] {logging_mixin.py:151} INFO - [2023-10-10T08:50:27.277+0000] {dag.py:2915} INFO - Sync 1 DAGs
[2023-10-10T08:50:27.294+0000] {logging_mixin.py:151} INFO - [2023-10-10T08:50:27.294+0000] {dag.py:3696} INFO - Setting next_dagrun for btc_market_analysis to None, run_after=None
[2023-10-10T08:50:27.328+0000] {processor.py:179} INFO - Processing /opt/airflow/dags/crypto_dag.py took 3.650 seconds
[2023-10-10T08:50:57.832+0000] {processor.py:157} INFO - Started process (PID=179) to work on /opt/airflow/dags/crypto_dag.py
[2023-10-10T08:50:57.834+0000] {processor.py:829} INFO - Processing file /opt/airflow/dags/crypto_dag.py for tasks to queue
[2023-10-10T08:50:57.837+0000] {logging_mixin.py:151} INFO - [2023-10-10T08:50:57.837+0000] {dagbag.py:539} INFO - Filling up the DagBag from /opt/airflow/dags/crypto_dag.py
[2023-10-10T08:50:59.127+0000] {processor.py:839} INFO - DAG(s) dict_keys(['btc_market_analysis']) retrieved from /opt/airflow/dags/crypto_dag.py
[2023-10-10T08:50:59.182+0000] {logging_mixin.py:151} INFO - [2023-10-10T08:50:59.181+0000] {dag.py:2915} INFO - Sync 1 DAGs
[2023-10-10T08:50:59.193+0000] {logging_mixin.py:151} INFO - [2023-10-10T08:50:59.193+0000] {dag.py:3696} INFO - Setting next_dagrun for btc_market_analysis to None, run_after=None
[2023-10-10T08:50:59.205+0000] {processor.py:179} INFO - Processing /opt/airflow/dags/crypto_dag.py took 1.380 seconds
[2023-10-10T08:51:30.078+0000] {processor.py:157} INFO - Started process (PID=241) to work on /opt/airflow/dags/crypto_dag.py
[2023-10-10T08:51:30.080+0000] {processor.py:829} INFO - Processing file /opt/airflow/dags/crypto_dag.py for tasks to queue
[2023-10-10T08:51:30.083+0000] {logging_mixin.py:151} INFO - [2023-10-10T08:51:30.082+0000] {dagbag.py:539} INFO - Filling up the DagBag from /opt/airflow/dags/crypto_dag.py
[2023-10-10T08:51:30.940+0000] {processor.py:839} INFO - DAG(s) dict_keys(['btc_market_analysis']) retrieved from /opt/airflow/dags/crypto_dag.py
[2023-10-10T08:51:30.965+0000] {logging_mixin.py:151} INFO - [2023-10-10T08:51:30.965+0000] {dag.py:2915} INFO - Sync 1 DAGs
[2023-10-10T08:51:30.973+0000] {logging_mixin.py:151} INFO - [2023-10-10T08:51:30.973+0000] {dag.py:3696} INFO - Setting next_dagrun for btc_market_analysis to None, run_after=None
[2023-10-10T08:51:30.985+0000] {processor.py:179} INFO - Processing /opt/airflow/dags/crypto_dag.py took 0.913 seconds
[2023-10-10T08:52:01.264+0000] {processor.py:157} INFO - Started process (PID=302) to work on /opt/airflow/dags/crypto_dag.py
[2023-10-10T08:52:01.267+0000] {processor.py:829} INFO - Processing file /opt/airflow/dags/crypto_dag.py for tasks to queue
[2023-10-10T08:52:01.272+0000] {logging_mixin.py:151} INFO - [2023-10-10T08:52:01.271+0000] {dagbag.py:539} INFO - Filling up the DagBag from /opt/airflow/dags/crypto_dag.py
[2023-10-10T08:52:02.845+0000] {processor.py:839} INFO - DAG(s) dict_keys(['btc_market_analysis']) retrieved from /opt/airflow/dags/crypto_dag.py
[2023-10-10T08:52:02.955+0000] {logging_mixin.py:151} INFO - [2023-10-10T08:52:02.954+0000] {dag.py:2915} INFO - Sync 1 DAGs
[2023-10-10T08:52:02.983+0000] {logging_mixin.py:151} INFO - [2023-10-10T08:52:02.982+0000] {dag.py:3696} INFO - Setting next_dagrun for btc_market_analysis to None, run_after=None
[2023-10-10T08:52:03.044+0000] {processor.py:179} INFO - Processing /opt/airflow/dags/crypto_dag.py took 1.791 seconds
[2023-10-10T08:52:33.505+0000] {processor.py:157} INFO - Started process (PID=363) to work on /opt/airflow/dags/crypto_dag.py
[2023-10-10T08:52:33.508+0000] {processor.py:829} INFO - Processing file /opt/airflow/dags/crypto_dag.py for tasks to queue
[2023-10-10T08:52:33.515+0000] {logging_mixin.py:151} INFO - [2023-10-10T08:52:33.514+0000] {dagbag.py:539} INFO - Filling up the DagBag from /opt/airflow/dags/crypto_dag.py
[2023-10-10T08:52:34.576+0000] {processor.py:839} INFO - DAG(s) dict_keys(['btc_market_analysis']) retrieved from /opt/airflow/dags/crypto_dag.py
[2023-10-10T08:52:34.611+0000] {logging_mixin.py:151} INFO - [2023-10-10T08:52:34.609+0000] {dag.py:2915} INFO - Sync 1 DAGs
[2023-10-10T08:52:34.627+0000] {logging_mixin.py:151} INFO - [2023-10-10T08:52:34.627+0000] {dag.py:3696} INFO - Setting next_dagrun for btc_market_analysis to None, run_after=None
[2023-10-10T08:52:34.639+0000] {processor.py:179} INFO - Processing /opt/airflow/dags/crypto_dag.py took 1.154 seconds
[2023-10-10T08:53:04.830+0000] {processor.py:157} INFO - Started process (PID=424) to work on /opt/airflow/dags/crypto_dag.py
[2023-10-10T08:53:04.836+0000] {processor.py:829} INFO - Processing file /opt/airflow/dags/crypto_dag.py for tasks to queue
[2023-10-10T08:53:04.840+0000] {logging_mixin.py:151} INFO - [2023-10-10T08:53:04.839+0000] {dagbag.py:539} INFO - Filling up the DagBag from /opt/airflow/dags/crypto_dag.py
[2023-10-10T08:53:05.696+0000] {processor.py:839} INFO - DAG(s) dict_keys(['btc_market_analysis']) retrieved from /opt/airflow/dags/crypto_dag.py
[2023-10-10T08:53:05.724+0000] {logging_mixin.py:151} INFO - [2023-10-10T08:53:05.723+0000] {dag.py:2915} INFO - Sync 1 DAGs
[2023-10-10T08:53:05.731+0000] {logging_mixin.py:151} INFO - [2023-10-10T08:53:05.731+0000] {dag.py:3696} INFO - Setting next_dagrun for btc_market_analysis to None, run_after=None
[2023-10-10T08:53:05.742+0000] {processor.py:179} INFO - Processing /opt/airflow/dags/crypto_dag.py took 0.915 seconds
[2023-10-10T08:53:36.371+0000] {processor.py:157} INFO - Started process (PID=485) to work on /opt/airflow/dags/crypto_dag.py
[2023-10-10T08:53:36.373+0000] {processor.py:829} INFO - Processing file /opt/airflow/dags/crypto_dag.py for tasks to queue
[2023-10-10T08:53:36.377+0000] {logging_mixin.py:151} INFO - [2023-10-10T08:53:36.376+0000] {dagbag.py:539} INFO - Filling up the DagBag from /opt/airflow/dags/crypto_dag.py
[2023-10-10T08:53:37.236+0000] {processor.py:839} INFO - DAG(s) dict_keys(['btc_market_analysis']) retrieved from /opt/airflow/dags/crypto_dag.py
[2023-10-10T08:53:37.268+0000] {logging_mixin.py:151} INFO - [2023-10-10T08:53:37.267+0000] {dag.py:2915} INFO - Sync 1 DAGs
[2023-10-10T08:53:37.277+0000] {logging_mixin.py:151} INFO - [2023-10-10T08:53:37.277+0000] {dag.py:3696} INFO - Setting next_dagrun for btc_market_analysis to None, run_after=None
[2023-10-10T08:53:37.289+0000] {processor.py:179} INFO - Processing /opt/airflow/dags/crypto_dag.py took 0.926 seconds
[2023-10-10T08:54:07.684+0000] {processor.py:157} INFO - Started process (PID=546) to work on /opt/airflow/dags/crypto_dag.py
[2023-10-10T08:54:07.688+0000] {processor.py:829} INFO - Processing file /opt/airflow/dags/crypto_dag.py for tasks to queue
[2023-10-10T08:54:07.692+0000] {logging_mixin.py:151} INFO - [2023-10-10T08:54:07.692+0000] {dagbag.py:539} INFO - Filling up the DagBag from /opt/airflow/dags/crypto_dag.py
[2023-10-10T08:54:08.494+0000] {processor.py:839} INFO - DAG(s) dict_keys(['btc_market_analysis']) retrieved from /opt/airflow/dags/crypto_dag.py
[2023-10-10T08:54:08.531+0000] {logging_mixin.py:151} INFO - [2023-10-10T08:54:08.530+0000] {dag.py:2915} INFO - Sync 1 DAGs
[2023-10-10T08:54:08.549+0000] {logging_mixin.py:151} INFO - [2023-10-10T08:54:08.548+0000] {dag.py:3696} INFO - Setting next_dagrun for btc_market_analysis to None, run_after=None
[2023-10-10T08:54:08.560+0000] {processor.py:179} INFO - Processing /opt/airflow/dags/crypto_dag.py took 0.889 seconds
[2023-10-10T08:54:39.399+0000] {processor.py:157} INFO - Started process (PID=614) to work on /opt/airflow/dags/crypto_dag.py
[2023-10-10T08:54:39.401+0000] {processor.py:829} INFO - Processing file /opt/airflow/dags/crypto_dag.py for tasks to queue
[2023-10-10T08:54:39.407+0000] {logging_mixin.py:151} INFO - [2023-10-10T08:54:39.406+0000] {dagbag.py:539} INFO - Filling up the DagBag from /opt/airflow/dags/crypto_dag.py
[2023-10-10T08:54:40.361+0000] {processor.py:839} INFO - DAG(s) dict_keys(['btc_market_analysis']) retrieved from /opt/airflow/dags/crypto_dag.py
[2023-10-10T08:54:40.390+0000] {logging_mixin.py:151} INFO - [2023-10-10T08:54:40.389+0000] {dag.py:2915} INFO - Sync 1 DAGs
[2023-10-10T08:54:40.400+0000] {logging_mixin.py:151} INFO - [2023-10-10T08:54:40.400+0000] {dag.py:3696} INFO - Setting next_dagrun for btc_market_analysis to None, run_after=None
[2023-10-10T08:54:40.415+0000] {processor.py:179} INFO - Processing /opt/airflow/dags/crypto_dag.py took 1.028 seconds
[2023-10-10T08:55:10.690+0000] {processor.py:157} INFO - Started process (PID=676) to work on /opt/airflow/dags/crypto_dag.py
[2023-10-10T08:55:10.696+0000] {processor.py:829} INFO - Processing file /opt/airflow/dags/crypto_dag.py for tasks to queue
[2023-10-10T08:55:10.700+0000] {logging_mixin.py:151} INFO - [2023-10-10T08:55:10.699+0000] {dagbag.py:539} INFO - Filling up the DagBag from /opt/airflow/dags/crypto_dag.py
[2023-10-10T08:55:12.495+0000] {processor.py:839} INFO - DAG(s) dict_keys(['btc_market_analysis']) retrieved from /opt/airflow/dags/crypto_dag.py
[2023-10-10T08:55:12.778+0000] {logging_mixin.py:151} INFO - [2023-10-10T08:55:12.750+0000] {dag.py:2915} INFO - Sync 1 DAGs
[2023-10-10T08:55:12.961+0000] {logging_mixin.py:151} INFO - [2023-10-10T08:55:12.961+0000] {dag.py:3696} INFO - Setting next_dagrun for btc_market_analysis to None, run_after=None
[2023-10-10T08:55:13.047+0000] {processor.py:179} INFO - Processing /opt/airflow/dags/crypto_dag.py took 2.371 seconds
[2023-10-10T08:55:44.005+0000] {processor.py:157} INFO - Started process (PID=736) to work on /opt/airflow/dags/crypto_dag.py
[2023-10-10T08:55:44.008+0000] {processor.py:829} INFO - Processing file /opt/airflow/dags/crypto_dag.py for tasks to queue
[2023-10-10T08:55:44.012+0000] {logging_mixin.py:151} INFO - [2023-10-10T08:55:44.011+0000] {dagbag.py:539} INFO - Filling up the DagBag from /opt/airflow/dags/crypto_dag.py
[2023-10-10T08:55:44.851+0000] {processor.py:839} INFO - DAG(s) dict_keys(['btc_market_analysis']) retrieved from /opt/airflow/dags/crypto_dag.py
[2023-10-10T08:55:44.875+0000] {logging_mixin.py:151} INFO - [2023-10-10T08:55:44.875+0000] {dag.py:2915} INFO - Sync 1 DAGs
[2023-10-10T08:55:44.883+0000] {logging_mixin.py:151} INFO - [2023-10-10T08:55:44.883+0000] {dag.py:3696} INFO - Setting next_dagrun for btc_market_analysis to None, run_after=None
[2023-10-10T08:55:44.898+0000] {processor.py:179} INFO - Processing /opt/airflow/dags/crypto_dag.py took 0.904 seconds
[2023-10-10T08:56:15.315+0000] {processor.py:157} INFO - Started process (PID=797) to work on /opt/airflow/dags/crypto_dag.py
[2023-10-10T08:56:15.317+0000] {processor.py:829} INFO - Processing file /opt/airflow/dags/crypto_dag.py for tasks to queue
[2023-10-10T08:56:15.322+0000] {logging_mixin.py:151} INFO - [2023-10-10T08:56:15.321+0000] {dagbag.py:539} INFO - Filling up the DagBag from /opt/airflow/dags/crypto_dag.py
[2023-10-10T08:56:16.116+0000] {processor.py:839} INFO - DAG(s) dict_keys(['btc_market_analysis']) retrieved from /opt/airflow/dags/crypto_dag.py
[2023-10-10T08:56:16.146+0000] {logging_mixin.py:151} INFO - [2023-10-10T08:56:16.146+0000] {dag.py:2915} INFO - Sync 1 DAGs
[2023-10-10T08:56:16.154+0000] {logging_mixin.py:151} INFO - [2023-10-10T08:56:16.154+0000] {dag.py:3696} INFO - Setting next_dagrun for btc_market_analysis to None, run_after=None
[2023-10-10T08:56:16.164+0000] {processor.py:179} INFO - Processing /opt/airflow/dags/crypto_dag.py took 0.856 seconds
[2023-10-10T08:56:47.000+0000] {processor.py:157} INFO - Started process (PID=858) to work on /opt/airflow/dags/crypto_dag.py
[2023-10-10T08:56:47.003+0000] {processor.py:829} INFO - Processing file /opt/airflow/dags/crypto_dag.py for tasks to queue
[2023-10-10T08:56:47.006+0000] {logging_mixin.py:151} INFO - [2023-10-10T08:56:47.006+0000] {dagbag.py:539} INFO - Filling up the DagBag from /opt/airflow/dags/crypto_dag.py
[2023-10-10T08:56:48.104+0000] {processor.py:839} INFO - DAG(s) dict_keys(['btc_market_analysis']) retrieved from /opt/airflow/dags/crypto_dag.py
[2023-10-10T08:56:48.136+0000] {logging_mixin.py:151} INFO - [2023-10-10T08:56:48.136+0000] {dag.py:2915} INFO - Sync 1 DAGs
[2023-10-10T08:56:48.146+0000] {logging_mixin.py:151} INFO - [2023-10-10T08:56:48.146+0000] {dag.py:3696} INFO - Setting next_dagrun for btc_market_analysis to None, run_after=None
[2023-10-10T08:56:48.158+0000] {processor.py:179} INFO - Processing /opt/airflow/dags/crypto_dag.py took 1.166 seconds
[2023-10-10T08:57:18.297+0000] {processor.py:157} INFO - Started process (PID=920) to work on /opt/airflow/dags/crypto_dag.py
[2023-10-10T08:57:18.298+0000] {processor.py:829} INFO - Processing file /opt/airflow/dags/crypto_dag.py for tasks to queue
[2023-10-10T08:57:18.301+0000] {logging_mixin.py:151} INFO - [2023-10-10T08:57:18.300+0000] {dagbag.py:539} INFO - Filling up the DagBag from /opt/airflow/dags/crypto_dag.py
[2023-10-10T08:57:19.093+0000] {processor.py:839} INFO - DAG(s) dict_keys(['btc_market_analysis']) retrieved from /opt/airflow/dags/crypto_dag.py
[2023-10-10T08:57:19.121+0000] {logging_mixin.py:151} INFO - [2023-10-10T08:57:19.120+0000] {dag.py:2915} INFO - Sync 1 DAGs
[2023-10-10T08:57:19.129+0000] {logging_mixin.py:151} INFO - [2023-10-10T08:57:19.129+0000] {dag.py:3696} INFO - Setting next_dagrun for btc_market_analysis to None, run_after=None
[2023-10-10T08:57:19.139+0000] {processor.py:179} INFO - Processing /opt/airflow/dags/crypto_dag.py took 0.847 seconds
[2023-10-10T08:57:49.875+0000] {processor.py:157} INFO - Started process (PID=981) to work on /opt/airflow/dags/crypto_dag.py
[2023-10-10T08:57:49.878+0000] {processor.py:829} INFO - Processing file /opt/airflow/dags/crypto_dag.py for tasks to queue
[2023-10-10T08:57:49.881+0000] {logging_mixin.py:151} INFO - [2023-10-10T08:57:49.881+0000] {dagbag.py:539} INFO - Filling up the DagBag from /opt/airflow/dags/crypto_dag.py
[2023-10-10T08:57:50.839+0000] {processor.py:839} INFO - DAG(s) dict_keys(['btc_market_analysis']) retrieved from /opt/airflow/dags/crypto_dag.py
[2023-10-10T08:57:50.857+0000] {logging_mixin.py:151} INFO - [2023-10-10T08:57:50.856+0000] {dag.py:2915} INFO - Sync 1 DAGs
[2023-10-10T08:57:50.865+0000] {logging_mixin.py:151} INFO - [2023-10-10T08:57:50.865+0000] {dag.py:3696} INFO - Setting next_dagrun for btc_market_analysis to None, run_after=None
[2023-10-10T08:57:50.875+0000] {processor.py:179} INFO - Processing /opt/airflow/dags/crypto_dag.py took 1.010 seconds
[2023-10-10T08:58:21.318+0000] {processor.py:157} INFO - Started process (PID=1042) to work on /opt/airflow/dags/crypto_dag.py
[2023-10-10T08:58:21.323+0000] {processor.py:829} INFO - Processing file /opt/airflow/dags/crypto_dag.py for tasks to queue
[2023-10-10T08:58:21.328+0000] {logging_mixin.py:151} INFO - [2023-10-10T08:58:21.327+0000] {dagbag.py:539} INFO - Filling up the DagBag from /opt/airflow/dags/crypto_dag.py
[2023-10-10T08:58:22.358+0000] {processor.py:839} INFO - DAG(s) dict_keys(['btc_market_analysis']) retrieved from /opt/airflow/dags/crypto_dag.py
[2023-10-10T08:58:22.383+0000] {logging_mixin.py:151} INFO - [2023-10-10T08:58:22.383+0000] {dag.py:2915} INFO - Sync 1 DAGs
[2023-10-10T08:58:22.392+0000] {logging_mixin.py:151} INFO - [2023-10-10T08:58:22.392+0000] {dag.py:3696} INFO - Setting next_dagrun for btc_market_analysis to None, run_after=None
[2023-10-10T08:58:22.403+0000] {processor.py:179} INFO - Processing /opt/airflow/dags/crypto_dag.py took 1.099 seconds
[2023-10-10T08:58:52.693+0000] {processor.py:157} INFO - Started process (PID=1109) to work on /opt/airflow/dags/crypto_dag.py
[2023-10-10T08:58:52.694+0000] {processor.py:829} INFO - Processing file /opt/airflow/dags/crypto_dag.py for tasks to queue
[2023-10-10T08:58:52.695+0000] {logging_mixin.py:151} INFO - [2023-10-10T08:58:52.695+0000] {dagbag.py:539} INFO - Filling up the DagBag from /opt/airflow/dags/crypto_dag.py
[2023-10-10T08:58:54.092+0000] {processor.py:839} INFO - DAG(s) dict_keys(['btc_market_analysis']) retrieved from /opt/airflow/dags/crypto_dag.py
[2023-10-10T08:58:54.127+0000] {logging_mixin.py:151} INFO - [2023-10-10T08:58:54.126+0000] {dag.py:2915} INFO - Sync 1 DAGs
[2023-10-10T08:58:54.140+0000] {logging_mixin.py:151} INFO - [2023-10-10T08:58:54.140+0000] {dag.py:3696} INFO - Setting next_dagrun for btc_market_analysis to None, run_after=None
[2023-10-10T08:58:54.158+0000] {processor.py:179} INFO - Processing /opt/airflow/dags/crypto_dag.py took 1.468 seconds
[2023-10-10T08:59:24.707+0000] {processor.py:157} INFO - Started process (PID=1170) to work on /opt/airflow/dags/crypto_dag.py
[2023-10-10T08:59:24.708+0000] {processor.py:829} INFO - Processing file /opt/airflow/dags/crypto_dag.py for tasks to queue
[2023-10-10T08:59:24.712+0000] {logging_mixin.py:151} INFO - [2023-10-10T08:59:24.712+0000] {dagbag.py:539} INFO - Filling up the DagBag from /opt/airflow/dags/crypto_dag.py
[2023-10-10T08:59:25.674+0000] {processor.py:839} INFO - DAG(s) dict_keys(['btc_market_analysis']) retrieved from /opt/airflow/dags/crypto_dag.py
[2023-10-10T08:59:25.713+0000] {logging_mixin.py:151} INFO - [2023-10-10T08:59:25.713+0000] {dag.py:2915} INFO - Sync 1 DAGs
[2023-10-10T08:59:25.722+0000] {logging_mixin.py:151} INFO - [2023-10-10T08:59:25.722+0000] {dag.py:3696} INFO - Setting next_dagrun for btc_market_analysis to None, run_after=None
[2023-10-10T08:59:25.741+0000] {processor.py:179} INFO - Processing /opt/airflow/dags/crypto_dag.py took 1.042 seconds
[2023-10-10T08:59:55.876+0000] {processor.py:157} INFO - Started process (PID=1232) to work on /opt/airflow/dags/crypto_dag.py
[2023-10-10T08:59:55.878+0000] {processor.py:829} INFO - Processing file /opt/airflow/dags/crypto_dag.py for tasks to queue
[2023-10-10T08:59:55.880+0000] {logging_mixin.py:151} INFO - [2023-10-10T08:59:55.880+0000] {dagbag.py:539} INFO - Filling up the DagBag from /opt/airflow/dags/crypto_dag.py
[2023-10-10T08:59:57.170+0000] {processor.py:839} INFO - DAG(s) dict_keys(['btc_market_analysis']) retrieved from /opt/airflow/dags/crypto_dag.py
[2023-10-10T08:59:57.190+0000] {logging_mixin.py:151} INFO - [2023-10-10T08:59:57.189+0000] {dag.py:2915} INFO - Sync 1 DAGs
[2023-10-10T08:59:57.197+0000] {logging_mixin.py:151} INFO - [2023-10-10T08:59:57.197+0000] {dag.py:3696} INFO - Setting next_dagrun for btc_market_analysis to None, run_after=None
[2023-10-10T08:59:57.206+0000] {processor.py:179} INFO - Processing /opt/airflow/dags/crypto_dag.py took 1.336 seconds
[2023-10-10T09:00:27.487+0000] {processor.py:157} INFO - Started process (PID=1294) to work on /opt/airflow/dags/crypto_dag.py
[2023-10-10T09:00:27.489+0000] {processor.py:829} INFO - Processing file /opt/airflow/dags/crypto_dag.py for tasks to queue
[2023-10-10T09:00:27.492+0000] {logging_mixin.py:151} INFO - [2023-10-10T09:00:27.492+0000] {dagbag.py:539} INFO - Filling up the DagBag from /opt/airflow/dags/crypto_dag.py
[2023-10-10T09:00:28.407+0000] {processor.py:839} INFO - DAG(s) dict_keys(['btc_market_analysis']) retrieved from /opt/airflow/dags/crypto_dag.py
[2023-10-10T09:00:28.440+0000] {logging_mixin.py:151} INFO - [2023-10-10T09:00:28.439+0000] {dag.py:2915} INFO - Sync 1 DAGs
[2023-10-10T09:00:28.448+0000] {logging_mixin.py:151} INFO - [2023-10-10T09:00:28.448+0000] {dag.py:3696} INFO - Setting next_dagrun for btc_market_analysis to None, run_after=None
[2023-10-10T09:00:28.459+0000] {processor.py:179} INFO - Processing /opt/airflow/dags/crypto_dag.py took 0.980 seconds
[2023-10-10T09:00:58.769+0000] {processor.py:157} INFO - Started process (PID=1356) to work on /opt/airflow/dags/crypto_dag.py
[2023-10-10T09:00:58.771+0000] {processor.py:829} INFO - Processing file /opt/airflow/dags/crypto_dag.py for tasks to queue
[2023-10-10T09:00:58.776+0000] {logging_mixin.py:151} INFO - [2023-10-10T09:00:58.775+0000] {dagbag.py:539} INFO - Filling up the DagBag from /opt/airflow/dags/crypto_dag.py
[2023-10-10T09:00:59.706+0000] {processor.py:839} INFO - DAG(s) dict_keys(['btc_market_analysis']) retrieved from /opt/airflow/dags/crypto_dag.py
[2023-10-10T09:00:59.795+0000] {logging_mixin.py:151} INFO - [2023-10-10T09:00:59.795+0000] {dag.py:2915} INFO - Sync 1 DAGs
[2023-10-10T09:00:59.806+0000] {logging_mixin.py:151} INFO - [2023-10-10T09:00:59.806+0000] {dag.py:3696} INFO - Setting next_dagrun for btc_market_analysis to None, run_after=None
[2023-10-10T09:00:59.835+0000] {processor.py:179} INFO - Processing /opt/airflow/dags/crypto_dag.py took 1.072 seconds
[2023-10-10T09:01:30.022+0000] {processor.py:157} INFO - Started process (PID=1418) to work on /opt/airflow/dags/crypto_dag.py
[2023-10-10T09:01:30.025+0000] {processor.py:829} INFO - Processing file /opt/airflow/dags/crypto_dag.py for tasks to queue
[2023-10-10T09:01:30.028+0000] {logging_mixin.py:151} INFO - [2023-10-10T09:01:30.028+0000] {dagbag.py:539} INFO - Filling up the DagBag from /opt/airflow/dags/crypto_dag.py
[2023-10-10T09:01:30.847+0000] {processor.py:839} INFO - DAG(s) dict_keys(['btc_market_analysis']) retrieved from /opt/airflow/dags/crypto_dag.py
[2023-10-10T09:01:30.867+0000] {logging_mixin.py:151} INFO - [2023-10-10T09:01:30.866+0000] {dag.py:2915} INFO - Sync 1 DAGs
[2023-10-10T09:01:30.879+0000] {logging_mixin.py:151} INFO - [2023-10-10T09:01:30.879+0000] {dag.py:3696} INFO - Setting next_dagrun for btc_market_analysis to None, run_after=None
[2023-10-10T09:01:30.890+0000] {processor.py:179} INFO - Processing /opt/airflow/dags/crypto_dag.py took 0.875 seconds
[2023-10-10T09:02:01.414+0000] {processor.py:157} INFO - Started process (PID=1480) to work on /opt/airflow/dags/crypto_dag.py
[2023-10-10T09:02:01.416+0000] {processor.py:829} INFO - Processing file /opt/airflow/dags/crypto_dag.py for tasks to queue
[2023-10-10T09:02:01.420+0000] {logging_mixin.py:151} INFO - [2023-10-10T09:02:01.419+0000] {dagbag.py:539} INFO - Filling up the DagBag from /opt/airflow/dags/crypto_dag.py
[2023-10-10T09:02:02.495+0000] {processor.py:839} INFO - DAG(s) dict_keys(['btc_market_analysis']) retrieved from /opt/airflow/dags/crypto_dag.py
[2023-10-10T09:02:02.556+0000] {logging_mixin.py:151} INFO - [2023-10-10T09:02:02.556+0000] {dag.py:2915} INFO - Sync 1 DAGs
[2023-10-10T09:02:02.579+0000] {logging_mixin.py:151} INFO - [2023-10-10T09:02:02.578+0000] {dag.py:3696} INFO - Setting next_dagrun for btc_market_analysis to None, run_after=None
[2023-10-10T09:02:02.596+0000] {processor.py:179} INFO - Processing /opt/airflow/dags/crypto_dag.py took 1.191 seconds
[2023-10-10T09:02:33.034+0000] {processor.py:157} INFO - Started process (PID=1547) to work on /opt/airflow/dags/crypto_dag.py
[2023-10-10T09:02:33.035+0000] {processor.py:829} INFO - Processing file /opt/airflow/dags/crypto_dag.py for tasks to queue
[2023-10-10T09:02:33.038+0000] {logging_mixin.py:151} INFO - [2023-10-10T09:02:33.038+0000] {dagbag.py:539} INFO - Filling up the DagBag from /opt/airflow/dags/crypto_dag.py
[2023-10-10T09:02:34.005+0000] {processor.py:839} INFO - DAG(s) dict_keys(['btc_market_analysis']) retrieved from /opt/airflow/dags/crypto_dag.py
[2023-10-10T09:02:34.045+0000] {logging_mixin.py:151} INFO - [2023-10-10T09:02:34.043+0000] {dag.py:2915} INFO - Sync 1 DAGs
[2023-10-10T09:02:34.056+0000] {logging_mixin.py:151} INFO - [2023-10-10T09:02:34.056+0000] {dag.py:3696} INFO - Setting next_dagrun for btc_market_analysis to None, run_after=None
[2023-10-10T09:02:34.071+0000] {processor.py:179} INFO - Processing /opt/airflow/dags/crypto_dag.py took 1.043 seconds
[2023-10-10T09:03:04.290+0000] {processor.py:157} INFO - Started process (PID=1608) to work on /opt/airflow/dags/crypto_dag.py
[2023-10-10T09:03:04.292+0000] {processor.py:829} INFO - Processing file /opt/airflow/dags/crypto_dag.py for tasks to queue
[2023-10-10T09:03:04.297+0000] {logging_mixin.py:151} INFO - [2023-10-10T09:03:04.297+0000] {dagbag.py:539} INFO - Filling up the DagBag from /opt/airflow/dags/crypto_dag.py
[2023-10-10T09:03:05.199+0000] {processor.py:839} INFO - DAG(s) dict_keys(['btc_market_analysis']) retrieved from /opt/airflow/dags/crypto_dag.py
[2023-10-10T09:03:05.215+0000] {logging_mixin.py:151} INFO - [2023-10-10T09:03:05.215+0000] {dag.py:2915} INFO - Sync 1 DAGs
[2023-10-10T09:03:05.222+0000] {logging_mixin.py:151} INFO - [2023-10-10T09:03:05.222+0000] {dag.py:3696} INFO - Setting next_dagrun for btc_market_analysis to None, run_after=None
[2023-10-10T09:03:05.238+0000] {processor.py:179} INFO - Processing /opt/airflow/dags/crypto_dag.py took 0.956 seconds
[2023-10-10T09:03:35.432+0000] {processor.py:157} INFO - Started process (PID=1669) to work on /opt/airflow/dags/crypto_dag.py
[2023-10-10T09:03:35.434+0000] {processor.py:829} INFO - Processing file /opt/airflow/dags/crypto_dag.py for tasks to queue
[2023-10-10T09:03:35.437+0000] {logging_mixin.py:151} INFO - [2023-10-10T09:03:35.437+0000] {dagbag.py:539} INFO - Filling up the DagBag from /opt/airflow/dags/crypto_dag.py
[2023-10-10T09:03:36.300+0000] {processor.py:839} INFO - DAG(s) dict_keys(['btc_market_analysis']) retrieved from /opt/airflow/dags/crypto_dag.py
[2023-10-10T09:03:36.336+0000] {logging_mixin.py:151} INFO - [2023-10-10T09:03:36.336+0000] {dag.py:2915} INFO - Sync 1 DAGs
[2023-10-10T09:03:36.343+0000] {logging_mixin.py:151} INFO - [2023-10-10T09:03:36.343+0000] {dag.py:3696} INFO - Setting next_dagrun for btc_market_analysis to None, run_after=None
[2023-10-10T09:03:36.353+0000] {processor.py:179} INFO - Processing /opt/airflow/dags/crypto_dag.py took 0.928 seconds
[2023-10-10T09:04:06.486+0000] {processor.py:157} INFO - Started process (PID=1730) to work on /opt/airflow/dags/crypto_dag.py
[2023-10-10T09:04:06.487+0000] {processor.py:829} INFO - Processing file /opt/airflow/dags/crypto_dag.py for tasks to queue
[2023-10-10T09:04:06.491+0000] {logging_mixin.py:151} INFO - [2023-10-10T09:04:06.490+0000] {dagbag.py:539} INFO - Filling up the DagBag from /opt/airflow/dags/crypto_dag.py
[2023-10-10T09:04:07.341+0000] {processor.py:839} INFO - DAG(s) dict_keys(['btc_market_analysis']) retrieved from /opt/airflow/dags/crypto_dag.py
[2023-10-10T09:04:07.367+0000] {logging_mixin.py:151} INFO - [2023-10-10T09:04:07.367+0000] {dag.py:2915} INFO - Sync 1 DAGs
[2023-10-10T09:04:07.377+0000] {logging_mixin.py:151} INFO - [2023-10-10T09:04:07.376+0000] {dag.py:3696} INFO - Setting next_dagrun for btc_market_analysis to None, run_after=None
[2023-10-10T09:04:07.391+0000] {processor.py:179} INFO - Processing /opt/airflow/dags/crypto_dag.py took 0.914 seconds
[2023-10-10T09:04:38.174+0000] {processor.py:157} INFO - Started process (PID=1793) to work on /opt/airflow/dags/crypto_dag.py
[2023-10-10T09:04:38.177+0000] {processor.py:829} INFO - Processing file /opt/airflow/dags/crypto_dag.py for tasks to queue
[2023-10-10T09:04:38.181+0000] {logging_mixin.py:151} INFO - [2023-10-10T09:04:38.180+0000] {dagbag.py:539} INFO - Filling up the DagBag from /opt/airflow/dags/crypto_dag.py
[2023-10-10T09:04:39.301+0000] {processor.py:839} INFO - DAG(s) dict_keys(['btc_market_analysis']) retrieved from /opt/airflow/dags/crypto_dag.py
[2023-10-10T09:04:39.332+0000] {logging_mixin.py:151} INFO - [2023-10-10T09:04:39.332+0000] {dag.py:2915} INFO - Sync 1 DAGs
[2023-10-10T09:04:39.343+0000] {logging_mixin.py:151} INFO - [2023-10-10T09:04:39.343+0000] {dag.py:3696} INFO - Setting next_dagrun for btc_market_analysis to None, run_after=None
[2023-10-10T09:04:39.363+0000] {processor.py:179} INFO - Processing /opt/airflow/dags/crypto_dag.py took 1.195 seconds
[2023-10-10T09:05:09.804+0000] {processor.py:157} INFO - Started process (PID=1854) to work on /opt/airflow/dags/crypto_dag.py
[2023-10-10T09:05:09.807+0000] {processor.py:829} INFO - Processing file /opt/airflow/dags/crypto_dag.py for tasks to queue
[2023-10-10T09:05:09.810+0000] {logging_mixin.py:151} INFO - [2023-10-10T09:05:09.809+0000] {dagbag.py:539} INFO - Filling up the DagBag from /opt/airflow/dags/crypto_dag.py
[2023-10-10T09:05:10.737+0000] {processor.py:839} INFO - DAG(s) dict_keys(['btc_market_analysis']) retrieved from /opt/airflow/dags/crypto_dag.py
[2023-10-10T09:05:10.757+0000] {logging_mixin.py:151} INFO - [2023-10-10T09:05:10.757+0000] {dag.py:2915} INFO - Sync 1 DAGs
[2023-10-10T09:05:10.766+0000] {logging_mixin.py:151} INFO - [2023-10-10T09:05:10.766+0000] {dag.py:3696} INFO - Setting next_dagrun for btc_market_analysis to None, run_after=None
[2023-10-10T09:05:10.776+0000] {processor.py:179} INFO - Processing /opt/airflow/dags/crypto_dag.py took 0.979 seconds
[2023-10-10T09:05:40.899+0000] {processor.py:157} INFO - Started process (PID=1923) to work on /opt/airflow/dags/crypto_dag.py
[2023-10-10T09:05:40.901+0000] {processor.py:829} INFO - Processing file /opt/airflow/dags/crypto_dag.py for tasks to queue
[2023-10-10T09:05:40.904+0000] {logging_mixin.py:151} INFO - [2023-10-10T09:05:40.903+0000] {dagbag.py:539} INFO - Filling up the DagBag from /opt/airflow/dags/crypto_dag.py
[2023-10-10T09:05:41.896+0000] {processor.py:839} INFO - DAG(s) dict_keys(['btc_market_analysis']) retrieved from /opt/airflow/dags/crypto_dag.py
[2023-10-10T09:05:41.935+0000] {logging_mixin.py:151} INFO - [2023-10-10T09:05:41.935+0000] {dag.py:2915} INFO - Sync 1 DAGs
[2023-10-10T09:05:41.954+0000] {logging_mixin.py:151} INFO - [2023-10-10T09:05:41.954+0000] {dag.py:3696} INFO - Setting next_dagrun for btc_market_analysis to None, run_after=None
[2023-10-10T09:05:41.974+0000] {processor.py:179} INFO - Processing /opt/airflow/dags/crypto_dag.py took 1.078 seconds
[2023-10-10T09:06:12.539+0000] {processor.py:157} INFO - Started process (PID=1991) to work on /opt/airflow/dags/crypto_dag.py
[2023-10-10T09:06:12.541+0000] {processor.py:829} INFO - Processing file /opt/airflow/dags/crypto_dag.py for tasks to queue
[2023-10-10T09:06:12.547+0000] {logging_mixin.py:151} INFO - [2023-10-10T09:06:12.546+0000] {dagbag.py:539} INFO - Filling up the DagBag from /opt/airflow/dags/crypto_dag.py
[2023-10-10T09:06:13.626+0000] {processor.py:839} INFO - DAG(s) dict_keys(['btc_market_analysis']) retrieved from /opt/airflow/dags/crypto_dag.py
[2023-10-10T09:06:13.681+0000] {logging_mixin.py:151} INFO - [2023-10-10T09:06:13.681+0000] {dag.py:2915} INFO - Sync 1 DAGs
[2023-10-10T09:06:13.697+0000] {logging_mixin.py:151} INFO - [2023-10-10T09:06:13.697+0000] {dag.py:3696} INFO - Setting next_dagrun for btc_market_analysis to None, run_after=None
[2023-10-10T09:06:13.722+0000] {processor.py:179} INFO - Processing /opt/airflow/dags/crypto_dag.py took 1.189 seconds
[2023-10-10T09:06:44.514+0000] {processor.py:157} INFO - Started process (PID=2061) to work on /opt/airflow/dags/crypto_dag.py
[2023-10-10T09:06:44.516+0000] {processor.py:829} INFO - Processing file /opt/airflow/dags/crypto_dag.py for tasks to queue
[2023-10-10T09:06:44.520+0000] {logging_mixin.py:151} INFO - [2023-10-10T09:06:44.519+0000] {dagbag.py:539} INFO - Filling up the DagBag from /opt/airflow/dags/crypto_dag.py
[2023-10-10T09:06:45.502+0000] {processor.py:839} INFO - DAG(s) dict_keys(['btc_market_analysis']) retrieved from /opt/airflow/dags/crypto_dag.py
[2023-10-10T09:06:45.533+0000] {logging_mixin.py:151} INFO - [2023-10-10T09:06:45.532+0000] {dag.py:2915} INFO - Sync 1 DAGs
[2023-10-10T09:06:45.544+0000] {logging_mixin.py:151} INFO - [2023-10-10T09:06:45.544+0000] {dag.py:3696} INFO - Setting next_dagrun for btc_market_analysis to None, run_after=None
[2023-10-10T09:06:45.558+0000] {processor.py:179} INFO - Processing /opt/airflow/dags/crypto_dag.py took 1.059 seconds
[2023-10-10T09:07:16.154+0000] {processor.py:157} INFO - Started process (PID=2127) to work on /opt/airflow/dags/crypto_dag.py
[2023-10-10T09:07:16.156+0000] {processor.py:829} INFO - Processing file /opt/airflow/dags/crypto_dag.py for tasks to queue
[2023-10-10T09:07:16.160+0000] {logging_mixin.py:151} INFO - [2023-10-10T09:07:16.160+0000] {dagbag.py:539} INFO - Filling up the DagBag from /opt/airflow/dags/crypto_dag.py
[2023-10-10T09:07:17.180+0000] {processor.py:839} INFO - DAG(s) dict_keys(['btc_market_analysis']) retrieved from /opt/airflow/dags/crypto_dag.py
[2023-10-10T09:07:17.210+0000] {logging_mixin.py:151} INFO - [2023-10-10T09:07:17.210+0000] {dag.py:2915} INFO - Sync 1 DAGs
[2023-10-10T09:07:17.221+0000] {logging_mixin.py:151} INFO - [2023-10-10T09:07:17.220+0000] {dag.py:3696} INFO - Setting next_dagrun for btc_market_analysis to None, run_after=None
[2023-10-10T09:07:17.232+0000] {processor.py:179} INFO - Processing /opt/airflow/dags/crypto_dag.py took 1.085 seconds
[2023-10-10T09:07:47.406+0000] {processor.py:157} INFO - Started process (PID=2188) to work on /opt/airflow/dags/crypto_dag.py
[2023-10-10T09:07:47.409+0000] {processor.py:829} INFO - Processing file /opt/airflow/dags/crypto_dag.py for tasks to queue
[2023-10-10T09:07:47.417+0000] {logging_mixin.py:151} INFO - [2023-10-10T09:07:47.417+0000] {dagbag.py:539} INFO - Filling up the DagBag from /opt/airflow/dags/crypto_dag.py
[2023-10-10T09:07:48.455+0000] {processor.py:839} INFO - DAG(s) dict_keys(['btc_market_analysis']) retrieved from /opt/airflow/dags/crypto_dag.py
[2023-10-10T09:07:48.472+0000] {logging_mixin.py:151} INFO - [2023-10-10T09:07:48.472+0000] {dag.py:2915} INFO - Sync 1 DAGs
[2023-10-10T09:07:48.574+0000] {logging_mixin.py:151} INFO - [2023-10-10T09:07:48.574+0000] {dag.py:3696} INFO - Setting next_dagrun for btc_market_analysis to None, run_after=None
[2023-10-10T09:07:48.597+0000] {processor.py:179} INFO - Processing /opt/airflow/dags/crypto_dag.py took 1.198 seconds
[2023-10-10T09:08:19.173+0000] {processor.py:157} INFO - Started process (PID=2249) to work on /opt/airflow/dags/crypto_dag.py
[2023-10-10T09:08:19.176+0000] {processor.py:829} INFO - Processing file /opt/airflow/dags/crypto_dag.py for tasks to queue
[2023-10-10T09:08:19.181+0000] {logging_mixin.py:151} INFO - [2023-10-10T09:08:19.181+0000] {dagbag.py:539} INFO - Filling up the DagBag from /opt/airflow/dags/crypto_dag.py
[2023-10-10T09:08:20.173+0000] {processor.py:839} INFO - DAG(s) dict_keys(['btc_market_analysis']) retrieved from /opt/airflow/dags/crypto_dag.py
[2023-10-10T09:08:20.194+0000] {logging_mixin.py:151} INFO - [2023-10-10T09:08:20.194+0000] {dag.py:2915} INFO - Sync 1 DAGs
[2023-10-10T09:08:20.277+0000] {logging_mixin.py:151} INFO - [2023-10-10T09:08:20.276+0000] {dag.py:3696} INFO - Setting next_dagrun for btc_market_analysis to None, run_after=None
[2023-10-10T09:08:20.288+0000] {processor.py:179} INFO - Processing /opt/airflow/dags/crypto_dag.py took 1.120 seconds
[2023-10-10T09:08:50.667+0000] {processor.py:157} INFO - Started process (PID=2310) to work on /opt/airflow/dags/crypto_dag.py
[2023-10-10T09:08:50.672+0000] {processor.py:829} INFO - Processing file /opt/airflow/dags/crypto_dag.py for tasks to queue
[2023-10-10T09:08:50.676+0000] {logging_mixin.py:151} INFO - [2023-10-10T09:08:50.676+0000] {dagbag.py:539} INFO - Filling up the DagBag from /opt/airflow/dags/crypto_dag.py
[2023-10-10T09:08:51.858+0000] {processor.py:839} INFO - DAG(s) dict_keys(['btc_market_analysis']) retrieved from /opt/airflow/dags/crypto_dag.py
[2023-10-10T09:08:51.896+0000] {logging_mixin.py:151} INFO - [2023-10-10T09:08:51.895+0000] {dag.py:2915} INFO - Sync 1 DAGs
[2023-10-10T09:08:52.011+0000] {logging_mixin.py:151} INFO - [2023-10-10T09:08:52.011+0000] {dag.py:3696} INFO - Setting next_dagrun for btc_market_analysis to None, run_after=None
[2023-10-10T09:08:52.025+0000] {processor.py:179} INFO - Processing /opt/airflow/dags/crypto_dag.py took 1.364 seconds
[2023-10-10T09:09:22.180+0000] {processor.py:157} INFO - Started process (PID=2373) to work on /opt/airflow/dags/crypto_dag.py
[2023-10-10T09:09:22.182+0000] {processor.py:829} INFO - Processing file /opt/airflow/dags/crypto_dag.py for tasks to queue
[2023-10-10T09:09:22.183+0000] {logging_mixin.py:151} INFO - [2023-10-10T09:09:22.183+0000] {dagbag.py:539} INFO - Filling up the DagBag from /opt/airflow/dags/crypto_dag.py
[2023-10-10T09:09:23.105+0000] {processor.py:839} INFO - DAG(s) dict_keys(['btc_market_analysis']) retrieved from /opt/airflow/dags/crypto_dag.py
[2023-10-10T09:09:23.139+0000] {logging_mixin.py:151} INFO - [2023-10-10T09:09:23.139+0000] {dag.py:2915} INFO - Sync 1 DAGs
[2023-10-10T09:09:23.223+0000] {logging_mixin.py:151} INFO - [2023-10-10T09:09:23.223+0000] {dag.py:3696} INFO - Setting next_dagrun for btc_market_analysis to None, run_after=None
[2023-10-10T09:09:23.239+0000] {processor.py:179} INFO - Processing /opt/airflow/dags/crypto_dag.py took 1.062 seconds
[2023-10-10T09:09:53.370+0000] {processor.py:157} INFO - Started process (PID=2434) to work on /opt/airflow/dags/crypto_dag.py
[2023-10-10T09:09:53.371+0000] {processor.py:829} INFO - Processing file /opt/airflow/dags/crypto_dag.py for tasks to queue
[2023-10-10T09:09:53.372+0000] {logging_mixin.py:151} INFO - [2023-10-10T09:09:53.372+0000] {dagbag.py:539} INFO - Filling up the DagBag from /opt/airflow/dags/crypto_dag.py
[2023-10-10T09:09:54.061+0000] {processor.py:839} INFO - DAG(s) dict_keys(['btc_market_analysis']) retrieved from /opt/airflow/dags/crypto_dag.py
[2023-10-10T09:09:54.080+0000] {logging_mixin.py:151} INFO - [2023-10-10T09:09:54.079+0000] {dag.py:2915} INFO - Sync 1 DAGs
[2023-10-10T09:09:54.153+0000] {logging_mixin.py:151} INFO - [2023-10-10T09:09:54.152+0000] {dag.py:3696} INFO - Setting next_dagrun for btc_market_analysis to None, run_after=None
[2023-10-10T09:09:54.162+0000] {processor.py:179} INFO - Processing /opt/airflow/dags/crypto_dag.py took 0.794 seconds
[2023-10-10T09:10:24.211+0000] {processor.py:157} INFO - Started process (PID=2495) to work on /opt/airflow/dags/crypto_dag.py
[2023-10-10T09:10:24.212+0000] {processor.py:829} INFO - Processing file /opt/airflow/dags/crypto_dag.py for tasks to queue
[2023-10-10T09:10:24.213+0000] {logging_mixin.py:151} INFO - [2023-10-10T09:10:24.213+0000] {dagbag.py:539} INFO - Filling up the DagBag from /opt/airflow/dags/crypto_dag.py
[2023-10-10T09:10:24.985+0000] {processor.py:839} INFO - DAG(s) dict_keys(['btc_market_analysis']) retrieved from /opt/airflow/dags/crypto_dag.py
[2023-10-10T09:10:25.095+0000] {logging_mixin.py:151} INFO - [2023-10-10T09:10:25.095+0000] {dag.py:2915} INFO - Sync 1 DAGs
[2023-10-10T09:10:25.113+0000] {logging_mixin.py:151} INFO - [2023-10-10T09:10:25.113+0000] {dag.py:3696} INFO - Setting next_dagrun for btc_market_analysis to None, run_after=None
[2023-10-10T09:10:25.132+0000] {processor.py:179} INFO - Processing /opt/airflow/dags/crypto_dag.py took 0.923 seconds
[2023-10-10T09:10:55.629+0000] {processor.py:157} INFO - Started process (PID=2556) to work on /opt/airflow/dags/crypto_dag.py
[2023-10-10T09:10:55.631+0000] {processor.py:829} INFO - Processing file /opt/airflow/dags/crypto_dag.py for tasks to queue
[2023-10-10T09:10:55.636+0000] {logging_mixin.py:151} INFO - [2023-10-10T09:10:55.635+0000] {dagbag.py:539} INFO - Filling up the DagBag from /opt/airflow/dags/crypto_dag.py
[2023-10-10T09:10:56.835+0000] {processor.py:839} INFO - DAG(s) dict_keys(['btc_market_analysis']) retrieved from /opt/airflow/dags/crypto_dag.py
[2023-10-10T09:10:56.903+0000] {logging_mixin.py:151} INFO - [2023-10-10T09:10:56.901+0000] {dag.py:2915} INFO - Sync 1 DAGs
[2023-10-10T09:10:56.933+0000] {logging_mixin.py:151} INFO - [2023-10-10T09:10:56.933+0000] {dag.py:3696} INFO - Setting next_dagrun for btc_market_analysis to None, run_after=None
[2023-10-10T09:10:56.976+0000] {processor.py:179} INFO - Processing /opt/airflow/dags/crypto_dag.py took 1.363 seconds
[2023-10-10T09:11:27.260+0000] {processor.py:157} INFO - Started process (PID=2617) to work on /opt/airflow/dags/crypto_dag.py
[2023-10-10T09:11:27.263+0000] {processor.py:829} INFO - Processing file /opt/airflow/dags/crypto_dag.py for tasks to queue
[2023-10-10T09:11:27.268+0000] {logging_mixin.py:151} INFO - [2023-10-10T09:11:27.268+0000] {dagbag.py:539} INFO - Filling up the DagBag from /opt/airflow/dags/crypto_dag.py
[2023-10-10T09:11:28.285+0000] {processor.py:839} INFO - DAG(s) dict_keys(['btc_market_analysis']) retrieved from /opt/airflow/dags/crypto_dag.py
[2023-10-10T09:11:28.317+0000] {logging_mixin.py:151} INFO - [2023-10-10T09:11:28.316+0000] {dag.py:2915} INFO - Sync 1 DAGs
[2023-10-10T09:11:28.334+0000] {logging_mixin.py:151} INFO - [2023-10-10T09:11:28.334+0000] {dag.py:3696} INFO - Setting next_dagrun for btc_market_analysis to None, run_after=None
[2023-10-10T09:11:28.346+0000] {processor.py:179} INFO - Processing /opt/airflow/dags/crypto_dag.py took 1.104 seconds
[2023-10-10T09:11:58.827+0000] {processor.py:157} INFO - Started process (PID=2678) to work on /opt/airflow/dags/crypto_dag.py
[2023-10-10T09:11:58.829+0000] {processor.py:829} INFO - Processing file /opt/airflow/dags/crypto_dag.py for tasks to queue
[2023-10-10T09:11:58.833+0000] {logging_mixin.py:151} INFO - [2023-10-10T09:11:58.832+0000] {dagbag.py:539} INFO - Filling up the DagBag from /opt/airflow/dags/crypto_dag.py
[2023-10-10T09:11:59.758+0000] {processor.py:839} INFO - DAG(s) dict_keys(['btc_market_analysis']) retrieved from /opt/airflow/dags/crypto_dag.py
[2023-10-10T09:11:59.804+0000] {logging_mixin.py:151} INFO - [2023-10-10T09:11:59.803+0000] {dag.py:2915} INFO - Sync 1 DAGs
[2023-10-10T09:11:59.819+0000] {logging_mixin.py:151} INFO - [2023-10-10T09:11:59.819+0000] {dag.py:3696} INFO - Setting next_dagrun for btc_market_analysis to None, run_after=None
[2023-10-10T09:11:59.831+0000] {processor.py:179} INFO - Processing /opt/airflow/dags/crypto_dag.py took 1.021 seconds
[2023-10-10T09:12:30.043+0000] {processor.py:157} INFO - Started process (PID=2739) to work on /opt/airflow/dags/crypto_dag.py
[2023-10-10T09:12:30.045+0000] {processor.py:829} INFO - Processing file /opt/airflow/dags/crypto_dag.py for tasks to queue
[2023-10-10T09:12:30.047+0000] {logging_mixin.py:151} INFO - [2023-10-10T09:12:30.047+0000] {dagbag.py:539} INFO - Filling up the DagBag from /opt/airflow/dags/crypto_dag.py
[2023-10-10T09:12:30.968+0000] {processor.py:839} INFO - DAG(s) dict_keys(['btc_market_analysis']) retrieved from /opt/airflow/dags/crypto_dag.py
[2023-10-10T09:12:31.000+0000] {logging_mixin.py:151} INFO - [2023-10-10T09:12:30.999+0000] {dag.py:2915} INFO - Sync 1 DAGs
[2023-10-10T09:12:31.018+0000] {logging_mixin.py:151} INFO - [2023-10-10T09:12:31.018+0000] {dag.py:3696} INFO - Setting next_dagrun for btc_market_analysis to None, run_after=None
[2023-10-10T09:12:31.033+0000] {processor.py:179} INFO - Processing /opt/airflow/dags/crypto_dag.py took 0.997 seconds
[2023-10-10T09:13:01.381+0000] {processor.py:157} INFO - Started process (PID=2800) to work on /opt/airflow/dags/crypto_dag.py
[2023-10-10T09:13:01.384+0000] {processor.py:829} INFO - Processing file /opt/airflow/dags/crypto_dag.py for tasks to queue
[2023-10-10T09:13:01.388+0000] {logging_mixin.py:151} INFO - [2023-10-10T09:13:01.388+0000] {dagbag.py:539} INFO - Filling up the DagBag from /opt/airflow/dags/crypto_dag.py
[2023-10-10T09:13:02.307+0000] {processor.py:839} INFO - DAG(s) dict_keys(['btc_market_analysis']) retrieved from /opt/airflow/dags/crypto_dag.py
[2023-10-10T09:13:02.337+0000] {logging_mixin.py:151} INFO - [2023-10-10T09:13:02.337+0000] {dag.py:2915} INFO - Sync 1 DAGs
[2023-10-10T09:13:02.346+0000] {logging_mixin.py:151} INFO - [2023-10-10T09:13:02.346+0000] {dag.py:3696} INFO - Setting next_dagrun for btc_market_analysis to None, run_after=None
[2023-10-10T09:13:02.356+0000] {processor.py:179} INFO - Processing /opt/airflow/dags/crypto_dag.py took 0.987 seconds
[2023-10-10T09:13:32.856+0000] {processor.py:157} INFO - Started process (PID=2861) to work on /opt/airflow/dags/crypto_dag.py
[2023-10-10T09:13:32.861+0000] {processor.py:829} INFO - Processing file /opt/airflow/dags/crypto_dag.py for tasks to queue
[2023-10-10T09:13:32.867+0000] {logging_mixin.py:151} INFO - [2023-10-10T09:13:32.866+0000] {dagbag.py:539} INFO - Filling up the DagBag from /opt/airflow/dags/crypto_dag.py
[2023-10-10T09:13:33.754+0000] {processor.py:839} INFO - DAG(s) dict_keys(['btc_market_analysis']) retrieved from /opt/airflow/dags/crypto_dag.py
[2023-10-10T09:13:33.779+0000] {logging_mixin.py:151} INFO - [2023-10-10T09:13:33.779+0000] {dag.py:2915} INFO - Sync 1 DAGs
[2023-10-10T09:13:33.787+0000] {logging_mixin.py:151} INFO - [2023-10-10T09:13:33.787+0000] {dag.py:3696} INFO - Setting next_dagrun for btc_market_analysis to None, run_after=None
[2023-10-10T09:13:33.803+0000] {processor.py:179} INFO - Processing /opt/airflow/dags/crypto_dag.py took 0.964 seconds
[2023-10-10T09:14:04.385+0000] {processor.py:157} INFO - Started process (PID=2922) to work on /opt/airflow/dags/crypto_dag.py
[2023-10-10T09:14:04.388+0000] {processor.py:829} INFO - Processing file /opt/airflow/dags/crypto_dag.py for tasks to queue
[2023-10-10T09:14:04.392+0000] {logging_mixin.py:151} INFO - [2023-10-10T09:14:04.392+0000] {dagbag.py:539} INFO - Filling up the DagBag from /opt/airflow/dags/crypto_dag.py
[2023-10-10T09:14:05.286+0000] {processor.py:839} INFO - DAG(s) dict_keys(['btc_market_analysis']) retrieved from /opt/airflow/dags/crypto_dag.py
[2023-10-10T09:14:05.317+0000] {logging_mixin.py:151} INFO - [2023-10-10T09:14:05.317+0000] {dag.py:2915} INFO - Sync 1 DAGs
[2023-10-10T09:14:05.325+0000] {logging_mixin.py:151} INFO - [2023-10-10T09:14:05.325+0000] {dag.py:3696} INFO - Setting next_dagrun for btc_market_analysis to None, run_after=None
[2023-10-10T09:14:05.336+0000] {processor.py:179} INFO - Processing /opt/airflow/dags/crypto_dag.py took 0.968 seconds
[2023-10-10T09:14:35.520+0000] {processor.py:157} INFO - Started process (PID=2983) to work on /opt/airflow/dags/crypto_dag.py
[2023-10-10T09:14:35.522+0000] {processor.py:829} INFO - Processing file /opt/airflow/dags/crypto_dag.py for tasks to queue
[2023-10-10T09:14:35.527+0000] {logging_mixin.py:151} INFO - [2023-10-10T09:14:35.526+0000] {dagbag.py:539} INFO - Filling up the DagBag from /opt/airflow/dags/crypto_dag.py
[2023-10-10T09:14:36.475+0000] {processor.py:839} INFO - DAG(s) dict_keys(['btc_market_analysis']) retrieved from /opt/airflow/dags/crypto_dag.py
[2023-10-10T09:14:36.507+0000] {logging_mixin.py:151} INFO - [2023-10-10T09:14:36.507+0000] {dag.py:2915} INFO - Sync 1 DAGs
[2023-10-10T09:14:36.518+0000] {logging_mixin.py:151} INFO - [2023-10-10T09:14:36.518+0000] {dag.py:3696} INFO - Setting next_dagrun for btc_market_analysis to None, run_after=None
[2023-10-10T09:14:36.529+0000] {processor.py:179} INFO - Processing /opt/airflow/dags/crypto_dag.py took 1.019 seconds
[2023-10-10T09:15:07.271+0000] {processor.py:157} INFO - Started process (PID=3045) to work on /opt/airflow/dags/crypto_dag.py
[2023-10-10T09:15:07.274+0000] {processor.py:829} INFO - Processing file /opt/airflow/dags/crypto_dag.py for tasks to queue
[2023-10-10T09:15:07.278+0000] {logging_mixin.py:151} INFO - [2023-10-10T09:15:07.277+0000] {dagbag.py:539} INFO - Filling up the DagBag from /opt/airflow/dags/crypto_dag.py
[2023-10-10T09:15:08.202+0000] {processor.py:839} INFO - DAG(s) dict_keys(['btc_market_analysis']) retrieved from /opt/airflow/dags/crypto_dag.py
[2023-10-10T09:15:08.234+0000] {logging_mixin.py:151} INFO - [2023-10-10T09:15:08.234+0000] {dag.py:2915} INFO - Sync 1 DAGs
[2023-10-10T09:15:08.242+0000] {logging_mixin.py:151} INFO - [2023-10-10T09:15:08.242+0000] {dag.py:3696} INFO - Setting next_dagrun for btc_market_analysis to None, run_after=None
[2023-10-10T09:15:08.253+0000] {processor.py:179} INFO - Processing /opt/airflow/dags/crypto_dag.py took 0.989 seconds
[2023-10-10T09:15:39.080+0000] {processor.py:157} INFO - Started process (PID=3106) to work on /opt/airflow/dags/crypto_dag.py
[2023-10-10T09:15:39.084+0000] {processor.py:829} INFO - Processing file /opt/airflow/dags/crypto_dag.py for tasks to queue
[2023-10-10T09:15:39.093+0000] {logging_mixin.py:151} INFO - [2023-10-10T09:15:39.092+0000] {dagbag.py:539} INFO - Filling up the DagBag from /opt/airflow/dags/crypto_dag.py
[2023-10-10T09:15:40.061+0000] {processor.py:839} INFO - DAG(s) dict_keys(['btc_market_analysis']) retrieved from /opt/airflow/dags/crypto_dag.py
[2023-10-10T09:15:40.116+0000] {logging_mixin.py:151} INFO - [2023-10-10T09:15:40.114+0000] {dag.py:2915} INFO - Sync 1 DAGs
[2023-10-10T09:15:40.141+0000] {logging_mixin.py:151} INFO - [2023-10-10T09:15:40.141+0000] {dag.py:3696} INFO - Setting next_dagrun for btc_market_analysis to None, run_after=None
[2023-10-10T09:15:40.159+0000] {processor.py:179} INFO - Processing /opt/airflow/dags/crypto_dag.py took 1.090 seconds
[2023-10-10T09:16:10.907+0000] {processor.py:157} INFO - Started process (PID=3167) to work on /opt/airflow/dags/crypto_dag.py
[2023-10-10T09:16:10.909+0000] {processor.py:829} INFO - Processing file /opt/airflow/dags/crypto_dag.py for tasks to queue
[2023-10-10T09:16:10.918+0000] {logging_mixin.py:151} INFO - [2023-10-10T09:16:10.918+0000] {dagbag.py:539} INFO - Filling up the DagBag from /opt/airflow/dags/crypto_dag.py
[2023-10-10T09:16:12.185+0000] {processor.py:839} INFO - DAG(s) dict_keys(['btc_market_analysis']) retrieved from /opt/airflow/dags/crypto_dag.py
[2023-10-10T09:16:12.217+0000] {logging_mixin.py:151} INFO - [2023-10-10T09:16:12.216+0000] {dag.py:2915} INFO - Sync 1 DAGs
[2023-10-10T09:16:12.232+0000] {logging_mixin.py:151} INFO - [2023-10-10T09:16:12.232+0000] {dag.py:3696} INFO - Setting next_dagrun for btc_market_analysis to None, run_after=None
[2023-10-10T09:16:12.249+0000] {processor.py:179} INFO - Processing /opt/airflow/dags/crypto_dag.py took 1.359 seconds
[2023-10-10T09:16:42.890+0000] {processor.py:157} INFO - Started process (PID=3228) to work on /opt/airflow/dags/crypto_dag.py
[2023-10-10T09:16:42.894+0000] {processor.py:829} INFO - Processing file /opt/airflow/dags/crypto_dag.py for tasks to queue
[2023-10-10T09:16:42.899+0000] {logging_mixin.py:151} INFO - [2023-10-10T09:16:42.898+0000] {dagbag.py:539} INFO - Filling up the DagBag from /opt/airflow/dags/crypto_dag.py
[2023-10-10T09:16:44.279+0000] {processor.py:839} INFO - DAG(s) dict_keys(['btc_market_analysis']) retrieved from /opt/airflow/dags/crypto_dag.py
[2023-10-10T09:16:44.299+0000] {logging_mixin.py:151} INFO - [2023-10-10T09:16:44.298+0000] {dag.py:2915} INFO - Sync 1 DAGs
[2023-10-10T09:16:44.306+0000] {logging_mixin.py:151} INFO - [2023-10-10T09:16:44.306+0000] {dag.py:3696} INFO - Setting next_dagrun for btc_market_analysis to None, run_after=None
[2023-10-10T09:16:44.318+0000] {processor.py:179} INFO - Processing /opt/airflow/dags/crypto_dag.py took 1.440 seconds
[2023-10-10T09:17:15.312+0000] {processor.py:157} INFO - Started process (PID=3297) to work on /opt/airflow/dags/crypto_dag.py
[2023-10-10T09:17:15.315+0000] {processor.py:829} INFO - Processing file /opt/airflow/dags/crypto_dag.py for tasks to queue
[2023-10-10T09:17:15.325+0000] {logging_mixin.py:151} INFO - [2023-10-10T09:17:15.324+0000] {dagbag.py:539} INFO - Filling up the DagBag from /opt/airflow/dags/crypto_dag.py
[2023-10-10T09:17:16.608+0000] {processor.py:839} INFO - DAG(s) dict_keys(['btc_market_analysis']) retrieved from /opt/airflow/dags/crypto_dag.py
[2023-10-10T09:17:16.625+0000] {logging_mixin.py:151} INFO - [2023-10-10T09:17:16.625+0000] {dag.py:2915} INFO - Sync 1 DAGs
[2023-10-10T09:17:16.632+0000] {logging_mixin.py:151} INFO - [2023-10-10T09:17:16.632+0000] {dag.py:3696} INFO - Setting next_dagrun for btc_market_analysis to None, run_after=None
[2023-10-10T09:17:16.642+0000] {processor.py:179} INFO - Processing /opt/airflow/dags/crypto_dag.py took 1.339 seconds
[2023-10-10T09:17:46.862+0000] {processor.py:157} INFO - Started process (PID=3368) to work on /opt/airflow/dags/crypto_dag.py
[2023-10-10T09:17:46.864+0000] {processor.py:829} INFO - Processing file /opt/airflow/dags/crypto_dag.py for tasks to queue
[2023-10-10T09:17:46.868+0000] {logging_mixin.py:151} INFO - [2023-10-10T09:17:46.867+0000] {dagbag.py:539} INFO - Filling up the DagBag from /opt/airflow/dags/crypto_dag.py
[2023-10-10T09:17:48.093+0000] {processor.py:839} INFO - DAG(s) dict_keys(['btc_market_analysis']) retrieved from /opt/airflow/dags/crypto_dag.py
[2023-10-10T09:17:48.116+0000] {logging_mixin.py:151} INFO - [2023-10-10T09:17:48.115+0000] {dag.py:2915} INFO - Sync 1 DAGs
[2023-10-10T09:17:48.127+0000] {logging_mixin.py:151} INFO - [2023-10-10T09:17:48.127+0000] {dag.py:3696} INFO - Setting next_dagrun for btc_market_analysis to None, run_after=None
[2023-10-10T09:17:48.162+0000] {processor.py:179} INFO - Processing /opt/airflow/dags/crypto_dag.py took 1.310 seconds
[2023-10-10T09:18:18.335+0000] {processor.py:157} INFO - Started process (PID=3431) to work on /opt/airflow/dags/crypto_dag.py
[2023-10-10T09:18:18.336+0000] {processor.py:829} INFO - Processing file /opt/airflow/dags/crypto_dag.py for tasks to queue
[2023-10-10T09:18:18.338+0000] {logging_mixin.py:151} INFO - [2023-10-10T09:18:18.338+0000] {dagbag.py:539} INFO - Filling up the DagBag from /opt/airflow/dags/crypto_dag.py
[2023-10-10T09:18:19.205+0000] {processor.py:839} INFO - DAG(s) dict_keys(['btc_market_analysis']) retrieved from /opt/airflow/dags/crypto_dag.py
[2023-10-10T09:18:19.241+0000] {logging_mixin.py:151} INFO - [2023-10-10T09:18:19.240+0000] {dag.py:2915} INFO - Sync 1 DAGs
[2023-10-10T09:18:19.267+0000] {logging_mixin.py:151} INFO - [2023-10-10T09:18:19.266+0000] {dag.py:3696} INFO - Setting next_dagrun for btc_market_analysis to None, run_after=None
[2023-10-10T09:18:19.290+0000] {processor.py:179} INFO - Processing /opt/airflow/dags/crypto_dag.py took 0.960 seconds
[2023-10-10T09:18:49.716+0000] {processor.py:157} INFO - Started process (PID=3492) to work on /opt/airflow/dags/crypto_dag.py
[2023-10-10T09:18:49.719+0000] {processor.py:829} INFO - Processing file /opt/airflow/dags/crypto_dag.py for tasks to queue
[2023-10-10T09:18:49.723+0000] {logging_mixin.py:151} INFO - [2023-10-10T09:18:49.723+0000] {dagbag.py:539} INFO - Filling up the DagBag from /opt/airflow/dags/crypto_dag.py
[2023-10-10T09:18:50.564+0000] {processor.py:839} INFO - DAG(s) dict_keys(['btc_market_analysis']) retrieved from /opt/airflow/dags/crypto_dag.py
[2023-10-10T09:18:50.583+0000] {logging_mixin.py:151} INFO - [2023-10-10T09:18:50.583+0000] {dag.py:2915} INFO - Sync 1 DAGs
[2023-10-10T09:18:50.598+0000] {logging_mixin.py:151} INFO - [2023-10-10T09:18:50.598+0000] {dag.py:3696} INFO - Setting next_dagrun for btc_market_analysis to None, run_after=None
[2023-10-10T09:18:50.619+0000] {processor.py:179} INFO - Processing /opt/airflow/dags/crypto_dag.py took 0.915 seconds
[2023-10-10T09:19:21.115+0000] {processor.py:157} INFO - Started process (PID=3557) to work on /opt/airflow/dags/crypto_dag.py
[2023-10-10T09:19:21.117+0000] {processor.py:829} INFO - Processing file /opt/airflow/dags/crypto_dag.py for tasks to queue
[2023-10-10T09:19:21.122+0000] {logging_mixin.py:151} INFO - [2023-10-10T09:19:21.121+0000] {dagbag.py:539} INFO - Filling up the DagBag from /opt/airflow/dags/crypto_dag.py
[2023-10-10T09:19:21.890+0000] {processor.py:839} INFO - DAG(s) dict_keys(['btc_market_analysis']) retrieved from /opt/airflow/dags/crypto_dag.py
[2023-10-10T09:19:21.910+0000] {logging_mixin.py:151} INFO - [2023-10-10T09:19:21.909+0000] {dag.py:2915} INFO - Sync 1 DAGs
[2023-10-10T09:19:21.924+0000] {logging_mixin.py:151} INFO - [2023-10-10T09:19:21.924+0000] {dag.py:3696} INFO - Setting next_dagrun for btc_market_analysis to None, run_after=None
[2023-10-10T09:19:21.935+0000] {processor.py:179} INFO - Processing /opt/airflow/dags/crypto_dag.py took 0.827 seconds
[2023-10-10T09:19:52.380+0000] {processor.py:157} INFO - Started process (PID=3618) to work on /opt/airflow/dags/crypto_dag.py
[2023-10-10T09:19:52.383+0000] {processor.py:829} INFO - Processing file /opt/airflow/dags/crypto_dag.py for tasks to queue
[2023-10-10T09:19:52.387+0000] {logging_mixin.py:151} INFO - [2023-10-10T09:19:52.386+0000] {dagbag.py:539} INFO - Filling up the DagBag from /opt/airflow/dags/crypto_dag.py
[2023-10-10T09:19:53.257+0000] {processor.py:839} INFO - DAG(s) dict_keys(['btc_market_analysis']) retrieved from /opt/airflow/dags/crypto_dag.py
[2023-10-10T09:19:53.276+0000] {logging_mixin.py:151} INFO - [2023-10-10T09:19:53.275+0000] {dag.py:2915} INFO - Sync 1 DAGs
[2023-10-10T09:19:53.289+0000] {logging_mixin.py:151} INFO - [2023-10-10T09:19:53.289+0000] {dag.py:3696} INFO - Setting next_dagrun for btc_market_analysis to None, run_after=None
[2023-10-10T09:19:53.303+0000] {processor.py:179} INFO - Processing /opt/airflow/dags/crypto_dag.py took 0.931 seconds
