[2023-10-10T08:50:16.159+0000] {processor.py:157} INFO - Started process (PID=83) to work on /home/airflow/.local/lib/python3.8/site-packages/airflow/example_dags/example_task_group.py
[2023-10-10T08:50:16.174+0000] {processor.py:829} INFO - Processing file /home/airflow/.local/lib/python3.8/site-packages/airflow/example_dags/example_task_group.py for tasks to queue
[2023-10-10T08:50:16.201+0000] {logging_mixin.py:151} INFO - [2023-10-10T08:50:16.200+0000] {dagbag.py:539} INFO - Filling up the DagBag from /home/airflow/.local/lib/python3.8/site-packages/airflow/example_dags/example_task_group.py
[2023-10-10T08:50:16.408+0000] {processor.py:839} INFO - DAG(s) dict_keys(['example_task_group']) retrieved from /home/airflow/.local/lib/python3.8/site-packages/airflow/example_dags/example_task_group.py
[2023-10-10T08:50:16.598+0000] {logging_mixin.py:151} INFO - [2023-10-10T08:50:16.597+0000] {dag.py:2915} INFO - Sync 1 DAGs
[2023-10-10T08:50:16.872+0000] {logging_mixin.py:151} INFO - [2023-10-10T08:50:16.869+0000] {dag.py:3696} INFO - Setting next_dagrun for example_task_group to 2023-10-09T08:50:16.867394+00:00, run_after=2023-10-10T08:50:16.867394+00:00
[2023-10-10T08:50:16.971+0000] {processor.py:179} INFO - Processing /home/airflow/.local/lib/python3.8/site-packages/airflow/example_dags/example_task_group.py took 0.866 seconds
[2023-10-10T08:50:47.223+0000] {processor.py:157} INFO - Started process (PID=143) to work on /home/airflow/.local/lib/python3.8/site-packages/airflow/example_dags/example_task_group.py
[2023-10-10T08:50:47.225+0000] {processor.py:829} INFO - Processing file /home/airflow/.local/lib/python3.8/site-packages/airflow/example_dags/example_task_group.py for tasks to queue
[2023-10-10T08:50:47.229+0000] {logging_mixin.py:151} INFO - [2023-10-10T08:50:47.229+0000] {dagbag.py:539} INFO - Filling up the DagBag from /home/airflow/.local/lib/python3.8/site-packages/airflow/example_dags/example_task_group.py
[2023-10-10T08:50:47.239+0000] {processor.py:839} INFO - DAG(s) dict_keys(['example_task_group']) retrieved from /home/airflow/.local/lib/python3.8/site-packages/airflow/example_dags/example_task_group.py
[2023-10-10T08:50:47.262+0000] {logging_mixin.py:151} INFO - [2023-10-10T08:50:47.262+0000] {dag.py:2915} INFO - Sync 1 DAGs
[2023-10-10T08:50:47.284+0000] {logging_mixin.py:151} INFO - [2023-10-10T08:50:47.284+0000] {dag.py:3696} INFO - Setting next_dagrun for example_task_group to 2023-10-09T08:50:47.283737+00:00, run_after=2023-10-10T08:50:47.283737+00:00
[2023-10-10T08:50:47.297+0000] {processor.py:179} INFO - Processing /home/airflow/.local/lib/python3.8/site-packages/airflow/example_dags/example_task_group.py took 0.078 seconds
[2023-10-10T08:51:17.971+0000] {processor.py:157} INFO - Started process (PID=204) to work on /home/airflow/.local/lib/python3.8/site-packages/airflow/example_dags/example_task_group.py
[2023-10-10T08:51:17.973+0000] {processor.py:829} INFO - Processing file /home/airflow/.local/lib/python3.8/site-packages/airflow/example_dags/example_task_group.py for tasks to queue
[2023-10-10T08:51:17.980+0000] {logging_mixin.py:151} INFO - [2023-10-10T08:51:17.979+0000] {dagbag.py:539} INFO - Filling up the DagBag from /home/airflow/.local/lib/python3.8/site-packages/airflow/example_dags/example_task_group.py
[2023-10-10T08:51:18.000+0000] {processor.py:839} INFO - DAG(s) dict_keys(['example_task_group']) retrieved from /home/airflow/.local/lib/python3.8/site-packages/airflow/example_dags/example_task_group.py
[2023-10-10T08:51:18.035+0000] {logging_mixin.py:151} INFO - [2023-10-10T08:51:18.034+0000] {dag.py:2915} INFO - Sync 1 DAGs
[2023-10-10T08:51:18.050+0000] {logging_mixin.py:151} INFO - [2023-10-10T08:51:18.050+0000] {dag.py:3696} INFO - Setting next_dagrun for example_task_group to 2023-10-09T08:51:18.050309+00:00, run_after=2023-10-10T08:51:18.050309+00:00
[2023-10-10T08:51:18.061+0000] {processor.py:179} INFO - Processing /home/airflow/.local/lib/python3.8/site-packages/airflow/example_dags/example_task_group.py took 0.108 seconds
[2023-10-10T08:51:48.424+0000] {processor.py:157} INFO - Started process (PID=265) to work on /home/airflow/.local/lib/python3.8/site-packages/airflow/example_dags/example_task_group.py
[2023-10-10T08:51:48.427+0000] {processor.py:829} INFO - Processing file /home/airflow/.local/lib/python3.8/site-packages/airflow/example_dags/example_task_group.py for tasks to queue
[2023-10-10T08:51:48.431+0000] {logging_mixin.py:151} INFO - [2023-10-10T08:51:48.430+0000] {dagbag.py:539} INFO - Filling up the DagBag from /home/airflow/.local/lib/python3.8/site-packages/airflow/example_dags/example_task_group.py
[2023-10-10T08:51:48.444+0000] {processor.py:839} INFO - DAG(s) dict_keys(['example_task_group']) retrieved from /home/airflow/.local/lib/python3.8/site-packages/airflow/example_dags/example_task_group.py
[2023-10-10T08:51:48.476+0000] {logging_mixin.py:151} INFO - [2023-10-10T08:51:48.476+0000] {dag.py:2915} INFO - Sync 1 DAGs
[2023-10-10T08:51:48.500+0000] {logging_mixin.py:151} INFO - [2023-10-10T08:51:48.500+0000] {dag.py:3696} INFO - Setting next_dagrun for example_task_group to 2023-10-09T08:51:48.499977+00:00, run_after=2023-10-10T08:51:48.499977+00:00
[2023-10-10T08:51:48.522+0000] {processor.py:179} INFO - Processing /home/airflow/.local/lib/python3.8/site-packages/airflow/example_dags/example_task_group.py took 0.102 seconds
[2023-10-10T08:52:18.778+0000] {processor.py:157} INFO - Started process (PID=326) to work on /home/airflow/.local/lib/python3.8/site-packages/airflow/example_dags/example_task_group.py
[2023-10-10T08:52:18.780+0000] {processor.py:829} INFO - Processing file /home/airflow/.local/lib/python3.8/site-packages/airflow/example_dags/example_task_group.py for tasks to queue
[2023-10-10T08:52:18.785+0000] {logging_mixin.py:151} INFO - [2023-10-10T08:52:18.785+0000] {dagbag.py:539} INFO - Filling up the DagBag from /home/airflow/.local/lib/python3.8/site-packages/airflow/example_dags/example_task_group.py
[2023-10-10T08:52:18.796+0000] {processor.py:839} INFO - DAG(s) dict_keys(['example_task_group']) retrieved from /home/airflow/.local/lib/python3.8/site-packages/airflow/example_dags/example_task_group.py
[2023-10-10T08:52:18.821+0000] {logging_mixin.py:151} INFO - [2023-10-10T08:52:18.821+0000] {dag.py:2915} INFO - Sync 1 DAGs
[2023-10-10T08:52:18.836+0000] {logging_mixin.py:151} INFO - [2023-10-10T08:52:18.836+0000] {dag.py:3696} INFO - Setting next_dagrun for example_task_group to 2023-10-09T08:52:18.836364+00:00, run_after=2023-10-10T08:52:18.836364+00:00
[2023-10-10T08:52:18.845+0000] {processor.py:179} INFO - Processing /home/airflow/.local/lib/python3.8/site-packages/airflow/example_dags/example_task_group.py took 0.073 seconds
[2023-10-10T08:52:49.365+0000] {processor.py:157} INFO - Started process (PID=387) to work on /home/airflow/.local/lib/python3.8/site-packages/airflow/example_dags/example_task_group.py
[2023-10-10T08:52:49.367+0000] {processor.py:829} INFO - Processing file /home/airflow/.local/lib/python3.8/site-packages/airflow/example_dags/example_task_group.py for tasks to queue
[2023-10-10T08:52:49.370+0000] {logging_mixin.py:151} INFO - [2023-10-10T08:52:49.370+0000] {dagbag.py:539} INFO - Filling up the DagBag from /home/airflow/.local/lib/python3.8/site-packages/airflow/example_dags/example_task_group.py
[2023-10-10T08:52:49.379+0000] {processor.py:839} INFO - DAG(s) dict_keys(['example_task_group']) retrieved from /home/airflow/.local/lib/python3.8/site-packages/airflow/example_dags/example_task_group.py
[2023-10-10T08:52:49.406+0000] {logging_mixin.py:151} INFO - [2023-10-10T08:52:49.406+0000] {dag.py:2915} INFO - Sync 1 DAGs
[2023-10-10T08:52:49.422+0000] {logging_mixin.py:151} INFO - [2023-10-10T08:52:49.422+0000] {dag.py:3696} INFO - Setting next_dagrun for example_task_group to 2023-10-09T08:52:49.422214+00:00, run_after=2023-10-10T08:52:49.422214+00:00
[2023-10-10T08:52:49.433+0000] {processor.py:179} INFO - Processing /home/airflow/.local/lib/python3.8/site-packages/airflow/example_dags/example_task_group.py took 0.074 seconds
[2023-10-10T08:53:19.751+0000] {processor.py:157} INFO - Started process (PID=448) to work on /home/airflow/.local/lib/python3.8/site-packages/airflow/example_dags/example_task_group.py
[2023-10-10T08:53:19.752+0000] {processor.py:829} INFO - Processing file /home/airflow/.local/lib/python3.8/site-packages/airflow/example_dags/example_task_group.py for tasks to queue
[2023-10-10T08:53:19.754+0000] {logging_mixin.py:151} INFO - [2023-10-10T08:53:19.754+0000] {dagbag.py:539} INFO - Filling up the DagBag from /home/airflow/.local/lib/python3.8/site-packages/airflow/example_dags/example_task_group.py
[2023-10-10T08:53:19.760+0000] {processor.py:839} INFO - DAG(s) dict_keys(['example_task_group']) retrieved from /home/airflow/.local/lib/python3.8/site-packages/airflow/example_dags/example_task_group.py
[2023-10-10T08:53:19.779+0000] {logging_mixin.py:151} INFO - [2023-10-10T08:53:19.779+0000] {dag.py:2915} INFO - Sync 1 DAGs
[2023-10-10T08:53:19.794+0000] {logging_mixin.py:151} INFO - [2023-10-10T08:53:19.794+0000] {dag.py:3696} INFO - Setting next_dagrun for example_task_group to 2023-10-09T08:53:19.794545+00:00, run_after=2023-10-10T08:53:19.794545+00:00
[2023-10-10T08:53:19.804+0000] {processor.py:179} INFO - Processing /home/airflow/.local/lib/python3.8/site-packages/airflow/example_dags/example_task_group.py took 0.057 seconds
[2023-10-10T08:53:50.487+0000] {processor.py:157} INFO - Started process (PID=509) to work on /home/airflow/.local/lib/python3.8/site-packages/airflow/example_dags/example_task_group.py
[2023-10-10T08:53:50.488+0000] {processor.py:829} INFO - Processing file /home/airflow/.local/lib/python3.8/site-packages/airflow/example_dags/example_task_group.py for tasks to queue
[2023-10-10T08:53:50.492+0000] {logging_mixin.py:151} INFO - [2023-10-10T08:53:50.491+0000] {dagbag.py:539} INFO - Filling up the DagBag from /home/airflow/.local/lib/python3.8/site-packages/airflow/example_dags/example_task_group.py
[2023-10-10T08:53:50.501+0000] {processor.py:839} INFO - DAG(s) dict_keys(['example_task_group']) retrieved from /home/airflow/.local/lib/python3.8/site-packages/airflow/example_dags/example_task_group.py
[2023-10-10T08:53:50.532+0000] {logging_mixin.py:151} INFO - [2023-10-10T08:53:50.532+0000] {dag.py:2915} INFO - Sync 1 DAGs
[2023-10-10T08:53:50.550+0000] {logging_mixin.py:151} INFO - [2023-10-10T08:53:50.550+0000] {dag.py:3696} INFO - Setting next_dagrun for example_task_group to 2023-10-09T08:53:50.549925+00:00, run_after=2023-10-10T08:53:50.549925+00:00
[2023-10-10T08:53:50.563+0000] {processor.py:179} INFO - Processing /home/airflow/.local/lib/python3.8/site-packages/airflow/example_dags/example_task_group.py took 0.082 seconds
[2023-10-10T08:54:20.627+0000] {processor.py:157} INFO - Started process (PID=570) to work on /home/airflow/.local/lib/python3.8/site-packages/airflow/example_dags/example_task_group.py
[2023-10-10T08:54:20.628+0000] {processor.py:829} INFO - Processing file /home/airflow/.local/lib/python3.8/site-packages/airflow/example_dags/example_task_group.py for tasks to queue
[2023-10-10T08:54:20.632+0000] {logging_mixin.py:151} INFO - [2023-10-10T08:54:20.631+0000] {dagbag.py:539} INFO - Filling up the DagBag from /home/airflow/.local/lib/python3.8/site-packages/airflow/example_dags/example_task_group.py
[2023-10-10T08:54:20.650+0000] {processor.py:839} INFO - DAG(s) dict_keys(['example_task_group']) retrieved from /home/airflow/.local/lib/python3.8/site-packages/airflow/example_dags/example_task_group.py
[2023-10-10T08:54:20.682+0000] {logging_mixin.py:151} INFO - [2023-10-10T08:54:20.681+0000] {dag.py:2915} INFO - Sync 1 DAGs
[2023-10-10T08:54:20.700+0000] {logging_mixin.py:151} INFO - [2023-10-10T08:54:20.700+0000] {dag.py:3696} INFO - Setting next_dagrun for example_task_group to 2023-10-09T08:54:20.700360+00:00, run_after=2023-10-10T08:54:20.700360+00:00
[2023-10-10T08:54:20.713+0000] {processor.py:179} INFO - Processing /home/airflow/.local/lib/python3.8/site-packages/airflow/example_dags/example_task_group.py took 0.093 seconds
[2023-10-10T08:54:51.524+0000] {processor.py:157} INFO - Started process (PID=631) to work on /home/airflow/.local/lib/python3.8/site-packages/airflow/example_dags/example_task_group.py
[2023-10-10T08:54:51.526+0000] {processor.py:829} INFO - Processing file /home/airflow/.local/lib/python3.8/site-packages/airflow/example_dags/example_task_group.py for tasks to queue
[2023-10-10T08:54:51.528+0000] {logging_mixin.py:151} INFO - [2023-10-10T08:54:51.528+0000] {dagbag.py:539} INFO - Filling up the DagBag from /home/airflow/.local/lib/python3.8/site-packages/airflow/example_dags/example_task_group.py
[2023-10-10T08:54:51.540+0000] {processor.py:839} INFO - DAG(s) dict_keys(['example_task_group']) retrieved from /home/airflow/.local/lib/python3.8/site-packages/airflow/example_dags/example_task_group.py
[2023-10-10T08:54:51.596+0000] {logging_mixin.py:151} INFO - [2023-10-10T08:54:51.596+0000] {dag.py:2915} INFO - Sync 1 DAGs
[2023-10-10T08:54:51.623+0000] {logging_mixin.py:151} INFO - [2023-10-10T08:54:51.622+0000] {dag.py:3696} INFO - Setting next_dagrun for example_task_group to 2023-10-09T08:54:51.622675+00:00, run_after=2023-10-10T08:54:51.622675+00:00
[2023-10-10T08:54:51.635+0000] {processor.py:179} INFO - Processing /home/airflow/.local/lib/python3.8/site-packages/airflow/example_dags/example_task_group.py took 0.114 seconds
[2023-10-10T08:55:21.915+0000] {processor.py:157} INFO - Started process (PID=692) to work on /home/airflow/.local/lib/python3.8/site-packages/airflow/example_dags/example_task_group.py
[2023-10-10T08:55:21.917+0000] {processor.py:829} INFO - Processing file /home/airflow/.local/lib/python3.8/site-packages/airflow/example_dags/example_task_group.py for tasks to queue
[2023-10-10T08:55:21.921+0000] {logging_mixin.py:151} INFO - [2023-10-10T08:55:21.921+0000] {dagbag.py:539} INFO - Filling up the DagBag from /home/airflow/.local/lib/python3.8/site-packages/airflow/example_dags/example_task_group.py
[2023-10-10T08:55:21.936+0000] {processor.py:839} INFO - DAG(s) dict_keys(['example_task_group']) retrieved from /home/airflow/.local/lib/python3.8/site-packages/airflow/example_dags/example_task_group.py
[2023-10-10T08:55:21.971+0000] {logging_mixin.py:151} INFO - [2023-10-10T08:55:21.970+0000] {dag.py:2915} INFO - Sync 1 DAGs
[2023-10-10T08:55:21.988+0000] {logging_mixin.py:151} INFO - [2023-10-10T08:55:21.988+0000] {dag.py:3696} INFO - Setting next_dagrun for example_task_group to 2023-10-09T08:55:21.987887+00:00, run_after=2023-10-10T08:55:21.987887+00:00
[2023-10-10T08:55:21.999+0000] {processor.py:179} INFO - Processing /home/airflow/.local/lib/python3.8/site-packages/airflow/example_dags/example_task_group.py took 0.091 seconds
[2023-10-10T08:55:52.666+0000] {processor.py:157} INFO - Started process (PID=752) to work on /home/airflow/.local/lib/python3.8/site-packages/airflow/example_dags/example_task_group.py
[2023-10-10T08:55:52.667+0000] {processor.py:829} INFO - Processing file /home/airflow/.local/lib/python3.8/site-packages/airflow/example_dags/example_task_group.py for tasks to queue
[2023-10-10T08:55:52.671+0000] {logging_mixin.py:151} INFO - [2023-10-10T08:55:52.671+0000] {dagbag.py:539} INFO - Filling up the DagBag from /home/airflow/.local/lib/python3.8/site-packages/airflow/example_dags/example_task_group.py
[2023-10-10T08:55:52.682+0000] {processor.py:839} INFO - DAG(s) dict_keys(['example_task_group']) retrieved from /home/airflow/.local/lib/python3.8/site-packages/airflow/example_dags/example_task_group.py
[2023-10-10T08:55:52.717+0000] {logging_mixin.py:151} INFO - [2023-10-10T08:55:52.717+0000] {dag.py:2915} INFO - Sync 1 DAGs
[2023-10-10T08:55:52.736+0000] {logging_mixin.py:151} INFO - [2023-10-10T08:55:52.736+0000] {dag.py:3696} INFO - Setting next_dagrun for example_task_group to 2023-10-09T08:55:52.736371+00:00, run_after=2023-10-10T08:55:52.736371+00:00
[2023-10-10T08:55:52.747+0000] {processor.py:179} INFO - Processing /home/airflow/.local/lib/python3.8/site-packages/airflow/example_dags/example_task_group.py took 0.088 seconds
[2023-10-10T08:56:22.788+0000] {processor.py:157} INFO - Started process (PID=813) to work on /home/airflow/.local/lib/python3.8/site-packages/airflow/example_dags/example_task_group.py
[2023-10-10T08:56:22.789+0000] {processor.py:829} INFO - Processing file /home/airflow/.local/lib/python3.8/site-packages/airflow/example_dags/example_task_group.py for tasks to queue
[2023-10-10T08:56:22.791+0000] {logging_mixin.py:151} INFO - [2023-10-10T08:56:22.791+0000] {dagbag.py:539} INFO - Filling up the DagBag from /home/airflow/.local/lib/python3.8/site-packages/airflow/example_dags/example_task_group.py
[2023-10-10T08:56:22.800+0000] {processor.py:839} INFO - DAG(s) dict_keys(['example_task_group']) retrieved from /home/airflow/.local/lib/python3.8/site-packages/airflow/example_dags/example_task_group.py
[2023-10-10T08:56:22.825+0000] {logging_mixin.py:151} INFO - [2023-10-10T08:56:22.825+0000] {dag.py:2915} INFO - Sync 1 DAGs
[2023-10-10T08:56:22.854+0000] {logging_mixin.py:151} INFO - [2023-10-10T08:56:22.853+0000] {dag.py:3696} INFO - Setting next_dagrun for example_task_group to 2023-10-09T08:56:22.853743+00:00, run_after=2023-10-10T08:56:22.853743+00:00
[2023-10-10T08:56:22.866+0000] {processor.py:179} INFO - Processing /home/airflow/.local/lib/python3.8/site-packages/airflow/example_dags/example_task_group.py took 0.081 seconds
[2023-10-10T08:56:53.831+0000] {processor.py:157} INFO - Started process (PID=874) to work on /home/airflow/.local/lib/python3.8/site-packages/airflow/example_dags/example_task_group.py
[2023-10-10T08:56:53.834+0000] {processor.py:829} INFO - Processing file /home/airflow/.local/lib/python3.8/site-packages/airflow/example_dags/example_task_group.py for tasks to queue
[2023-10-10T08:56:53.837+0000] {logging_mixin.py:151} INFO - [2023-10-10T08:56:53.837+0000] {dagbag.py:539} INFO - Filling up the DagBag from /home/airflow/.local/lib/python3.8/site-packages/airflow/example_dags/example_task_group.py
[2023-10-10T08:56:53.847+0000] {processor.py:839} INFO - DAG(s) dict_keys(['example_task_group']) retrieved from /home/airflow/.local/lib/python3.8/site-packages/airflow/example_dags/example_task_group.py
[2023-10-10T08:56:53.873+0000] {logging_mixin.py:151} INFO - [2023-10-10T08:56:53.873+0000] {dag.py:2915} INFO - Sync 1 DAGs
[2023-10-10T08:56:53.889+0000] {logging_mixin.py:151} INFO - [2023-10-10T08:56:53.889+0000] {dag.py:3696} INFO - Setting next_dagrun for example_task_group to 2023-10-09T08:56:53.889665+00:00, run_after=2023-10-10T08:56:53.889665+00:00
[2023-10-10T08:56:53.899+0000] {processor.py:179} INFO - Processing /home/airflow/.local/lib/python3.8/site-packages/airflow/example_dags/example_task_group.py took 0.074 seconds
[2023-10-10T08:57:24.778+0000] {processor.py:157} INFO - Started process (PID=935) to work on /home/airflow/.local/lib/python3.8/site-packages/airflow/example_dags/example_task_group.py
[2023-10-10T08:57:24.780+0000] {processor.py:829} INFO - Processing file /home/airflow/.local/lib/python3.8/site-packages/airflow/example_dags/example_task_group.py for tasks to queue
[2023-10-10T08:57:24.785+0000] {logging_mixin.py:151} INFO - [2023-10-10T08:57:24.784+0000] {dagbag.py:539} INFO - Filling up the DagBag from /home/airflow/.local/lib/python3.8/site-packages/airflow/example_dags/example_task_group.py
[2023-10-10T08:57:24.803+0000] {processor.py:839} INFO - DAG(s) dict_keys(['example_task_group']) retrieved from /home/airflow/.local/lib/python3.8/site-packages/airflow/example_dags/example_task_group.py
[2023-10-10T08:57:24.831+0000] {logging_mixin.py:151} INFO - [2023-10-10T08:57:24.831+0000] {dag.py:2915} INFO - Sync 1 DAGs
[2023-10-10T08:57:24.853+0000] {logging_mixin.py:151} INFO - [2023-10-10T08:57:24.853+0000] {dag.py:3696} INFO - Setting next_dagrun for example_task_group to 2023-10-09T08:57:24.853448+00:00, run_after=2023-10-10T08:57:24.853448+00:00
[2023-10-10T08:57:24.868+0000] {processor.py:179} INFO - Processing /home/airflow/.local/lib/python3.8/site-packages/airflow/example_dags/example_task_group.py took 0.103 seconds
[2023-10-10T08:57:55.020+0000] {processor.py:157} INFO - Started process (PID=996) to work on /home/airflow/.local/lib/python3.8/site-packages/airflow/example_dags/example_task_group.py
[2023-10-10T08:57:55.022+0000] {processor.py:829} INFO - Processing file /home/airflow/.local/lib/python3.8/site-packages/airflow/example_dags/example_task_group.py for tasks to queue
[2023-10-10T08:57:55.034+0000] {logging_mixin.py:151} INFO - [2023-10-10T08:57:55.033+0000] {dagbag.py:539} INFO - Filling up the DagBag from /home/airflow/.local/lib/python3.8/site-packages/airflow/example_dags/example_task_group.py
[2023-10-10T08:57:55.050+0000] {processor.py:839} INFO - DAG(s) dict_keys(['example_task_group']) retrieved from /home/airflow/.local/lib/python3.8/site-packages/airflow/example_dags/example_task_group.py
[2023-10-10T08:57:55.092+0000] {logging_mixin.py:151} INFO - [2023-10-10T08:57:55.092+0000] {dag.py:2915} INFO - Sync 1 DAGs
[2023-10-10T08:57:55.125+0000] {logging_mixin.py:151} INFO - [2023-10-10T08:57:55.125+0000] {dag.py:3696} INFO - Setting next_dagrun for example_task_group to 2023-10-09T08:57:55.124478+00:00, run_after=2023-10-10T08:57:55.124478+00:00
[2023-10-10T08:57:55.151+0000] {processor.py:179} INFO - Processing /home/airflow/.local/lib/python3.8/site-packages/airflow/example_dags/example_task_group.py took 0.138 seconds
[2023-10-10T08:58:25.667+0000] {processor.py:157} INFO - Started process (PID=1057) to work on /home/airflow/.local/lib/python3.8/site-packages/airflow/example_dags/example_task_group.py
[2023-10-10T08:58:25.669+0000] {processor.py:829} INFO - Processing file /home/airflow/.local/lib/python3.8/site-packages/airflow/example_dags/example_task_group.py for tasks to queue
[2023-10-10T08:58:25.674+0000] {logging_mixin.py:151} INFO - [2023-10-10T08:58:25.673+0000] {dagbag.py:539} INFO - Filling up the DagBag from /home/airflow/.local/lib/python3.8/site-packages/airflow/example_dags/example_task_group.py
[2023-10-10T08:58:25.685+0000] {processor.py:839} INFO - DAG(s) dict_keys(['example_task_group']) retrieved from /home/airflow/.local/lib/python3.8/site-packages/airflow/example_dags/example_task_group.py
[2023-10-10T08:58:25.712+0000] {logging_mixin.py:151} INFO - [2023-10-10T08:58:25.712+0000] {dag.py:2915} INFO - Sync 1 DAGs
[2023-10-10T08:58:25.730+0000] {logging_mixin.py:151} INFO - [2023-10-10T08:58:25.730+0000] {dag.py:3696} INFO - Setting next_dagrun for example_task_group to 2023-10-09T08:58:25.730443+00:00, run_after=2023-10-10T08:58:25.730443+00:00
[2023-10-10T08:58:25.742+0000] {processor.py:179} INFO - Processing /home/airflow/.local/lib/python3.8/site-packages/airflow/example_dags/example_task_group.py took 0.082 seconds
[2023-10-10T08:58:56.041+0000] {processor.py:157} INFO - Started process (PID=1118) to work on /home/airflow/.local/lib/python3.8/site-packages/airflow/example_dags/example_task_group.py
[2023-10-10T08:58:56.045+0000] {processor.py:829} INFO - Processing file /home/airflow/.local/lib/python3.8/site-packages/airflow/example_dags/example_task_group.py for tasks to queue
[2023-10-10T08:58:56.056+0000] {logging_mixin.py:151} INFO - [2023-10-10T08:58:56.055+0000] {dagbag.py:539} INFO - Filling up the DagBag from /home/airflow/.local/lib/python3.8/site-packages/airflow/example_dags/example_task_group.py
[2023-10-10T08:58:56.070+0000] {processor.py:839} INFO - DAG(s) dict_keys(['example_task_group']) retrieved from /home/airflow/.local/lib/python3.8/site-packages/airflow/example_dags/example_task_group.py
[2023-10-10T08:58:56.107+0000] {logging_mixin.py:151} INFO - [2023-10-10T08:58:56.107+0000] {dag.py:2915} INFO - Sync 1 DAGs
[2023-10-10T08:58:56.128+0000] {logging_mixin.py:151} INFO - [2023-10-10T08:58:56.128+0000] {dag.py:3696} INFO - Setting next_dagrun for example_task_group to 2023-10-09T08:58:56.127870+00:00, run_after=2023-10-10T08:58:56.127870+00:00
[2023-10-10T08:58:56.139+0000] {processor.py:179} INFO - Processing /home/airflow/.local/lib/python3.8/site-packages/airflow/example_dags/example_task_group.py took 0.127 seconds
[2023-10-10T08:59:26.793+0000] {processor.py:157} INFO - Started process (PID=1179) to work on /home/airflow/.local/lib/python3.8/site-packages/airflow/example_dags/example_task_group.py
[2023-10-10T08:59:26.795+0000] {processor.py:829} INFO - Processing file /home/airflow/.local/lib/python3.8/site-packages/airflow/example_dags/example_task_group.py for tasks to queue
[2023-10-10T08:59:26.796+0000] {logging_mixin.py:151} INFO - [2023-10-10T08:59:26.796+0000] {dagbag.py:539} INFO - Filling up the DagBag from /home/airflow/.local/lib/python3.8/site-packages/airflow/example_dags/example_task_group.py
[2023-10-10T08:59:26.802+0000] {processor.py:839} INFO - DAG(s) dict_keys(['example_task_group']) retrieved from /home/airflow/.local/lib/python3.8/site-packages/airflow/example_dags/example_task_group.py
[2023-10-10T08:59:26.821+0000] {logging_mixin.py:151} INFO - [2023-10-10T08:59:26.821+0000] {dag.py:2915} INFO - Sync 1 DAGs
[2023-10-10T08:59:26.846+0000] {logging_mixin.py:151} INFO - [2023-10-10T08:59:26.845+0000] {dag.py:3696} INFO - Setting next_dagrun for example_task_group to 2023-10-09T08:59:26.845560+00:00, run_after=2023-10-10T08:59:26.845560+00:00
[2023-10-10T08:59:26.856+0000] {processor.py:179} INFO - Processing /home/airflow/.local/lib/python3.8/site-packages/airflow/example_dags/example_task_group.py took 0.066 seconds
[2023-10-10T08:59:56.968+0000] {processor.py:157} INFO - Started process (PID=1240) to work on /home/airflow/.local/lib/python3.8/site-packages/airflow/example_dags/example_task_group.py
[2023-10-10T08:59:56.970+0000] {processor.py:829} INFO - Processing file /home/airflow/.local/lib/python3.8/site-packages/airflow/example_dags/example_task_group.py for tasks to queue
[2023-10-10T08:59:56.973+0000] {logging_mixin.py:151} INFO - [2023-10-10T08:59:56.973+0000] {dagbag.py:539} INFO - Filling up the DagBag from /home/airflow/.local/lib/python3.8/site-packages/airflow/example_dags/example_task_group.py
[2023-10-10T08:59:56.987+0000] {processor.py:839} INFO - DAG(s) dict_keys(['example_task_group']) retrieved from /home/airflow/.local/lib/python3.8/site-packages/airflow/example_dags/example_task_group.py
[2023-10-10T08:59:57.045+0000] {logging_mixin.py:151} INFO - [2023-10-10T08:59:57.045+0000] {dag.py:2915} INFO - Sync 1 DAGs
[2023-10-10T08:59:57.070+0000] {logging_mixin.py:151} INFO - [2023-10-10T08:59:57.070+0000] {dag.py:3696} INFO - Setting next_dagrun for example_task_group to 2023-10-09T08:59:57.070030+00:00, run_after=2023-10-10T08:59:57.070030+00:00
[2023-10-10T08:59:57.083+0000] {processor.py:179} INFO - Processing /home/airflow/.local/lib/python3.8/site-packages/airflow/example_dags/example_task_group.py took 0.125 seconds
[2023-10-10T09:00:27.497+0000] {processor.py:157} INFO - Started process (PID=1295) to work on /home/airflow/.local/lib/python3.8/site-packages/airflow/example_dags/example_task_group.py
[2023-10-10T09:00:27.498+0000] {processor.py:829} INFO - Processing file /home/airflow/.local/lib/python3.8/site-packages/airflow/example_dags/example_task_group.py for tasks to queue
[2023-10-10T09:00:27.501+0000] {logging_mixin.py:151} INFO - [2023-10-10T09:00:27.500+0000] {dagbag.py:539} INFO - Filling up the DagBag from /home/airflow/.local/lib/python3.8/site-packages/airflow/example_dags/example_task_group.py
[2023-10-10T09:00:27.510+0000] {processor.py:839} INFO - DAG(s) dict_keys(['example_task_group']) retrieved from /home/airflow/.local/lib/python3.8/site-packages/airflow/example_dags/example_task_group.py
[2023-10-10T09:00:27.540+0000] {logging_mixin.py:151} INFO - [2023-10-10T09:00:27.540+0000] {dag.py:2915} INFO - Sync 1 DAGs
[2023-10-10T09:00:27.562+0000] {logging_mixin.py:151} INFO - [2023-10-10T09:00:27.562+0000] {dag.py:3696} INFO - Setting next_dagrun for example_task_group to 2023-10-09T09:00:27.561766+00:00, run_after=2023-10-10T09:00:27.561766+00:00
[2023-10-10T09:00:27.574+0000] {processor.py:179} INFO - Processing /home/airflow/.local/lib/python3.8/site-packages/airflow/example_dags/example_task_group.py took 0.082 seconds
[2023-10-10T09:00:57.716+0000] {processor.py:157} INFO - Started process (PID=1355) to work on /home/airflow/.local/lib/python3.8/site-packages/airflow/example_dags/example_task_group.py
[2023-10-10T09:00:57.719+0000] {processor.py:829} INFO - Processing file /home/airflow/.local/lib/python3.8/site-packages/airflow/example_dags/example_task_group.py for tasks to queue
[2023-10-10T09:00:57.723+0000] {logging_mixin.py:151} INFO - [2023-10-10T09:00:57.723+0000] {dagbag.py:539} INFO - Filling up the DagBag from /home/airflow/.local/lib/python3.8/site-packages/airflow/example_dags/example_task_group.py
[2023-10-10T09:00:57.735+0000] {processor.py:839} INFO - DAG(s) dict_keys(['example_task_group']) retrieved from /home/airflow/.local/lib/python3.8/site-packages/airflow/example_dags/example_task_group.py
[2023-10-10T09:00:57.760+0000] {logging_mixin.py:151} INFO - [2023-10-10T09:00:57.759+0000] {dag.py:2915} INFO - Sync 1 DAGs
[2023-10-10T09:00:57.774+0000] {logging_mixin.py:151} INFO - [2023-10-10T09:00:57.774+0000] {dag.py:3696} INFO - Setting next_dagrun for example_task_group to 2023-10-09T09:00:57.774216+00:00, run_after=2023-10-10T09:00:57.774216+00:00
[2023-10-10T09:00:57.784+0000] {processor.py:179} INFO - Processing /home/airflow/.local/lib/python3.8/site-packages/airflow/example_dags/example_task_group.py took 0.077 seconds
[2023-10-10T09:01:27.893+0000] {processor.py:157} INFO - Started process (PID=1416) to work on /home/airflow/.local/lib/python3.8/site-packages/airflow/example_dags/example_task_group.py
[2023-10-10T09:01:27.895+0000] {processor.py:829} INFO - Processing file /home/airflow/.local/lib/python3.8/site-packages/airflow/example_dags/example_task_group.py for tasks to queue
[2023-10-10T09:01:27.896+0000] {logging_mixin.py:151} INFO - [2023-10-10T09:01:27.896+0000] {dagbag.py:539} INFO - Filling up the DagBag from /home/airflow/.local/lib/python3.8/site-packages/airflow/example_dags/example_task_group.py
[2023-10-10T09:01:27.904+0000] {processor.py:839} INFO - DAG(s) dict_keys(['example_task_group']) retrieved from /home/airflow/.local/lib/python3.8/site-packages/airflow/example_dags/example_task_group.py
[2023-10-10T09:01:27.927+0000] {logging_mixin.py:151} INFO - [2023-10-10T09:01:27.926+0000] {dag.py:2915} INFO - Sync 1 DAGs
[2023-10-10T09:01:27.941+0000] {logging_mixin.py:151} INFO - [2023-10-10T09:01:27.941+0000] {dag.py:3696} INFO - Setting next_dagrun for example_task_group to 2023-10-09T09:01:27.941213+00:00, run_after=2023-10-10T09:01:27.941213+00:00
[2023-10-10T09:01:27.950+0000] {processor.py:179} INFO - Processing /home/airflow/.local/lib/python3.8/site-packages/airflow/example_dags/example_task_group.py took 0.060 seconds
[2023-10-10T09:01:58.128+0000] {processor.py:157} INFO - Started process (PID=1477) to work on /home/airflow/.local/lib/python3.8/site-packages/airflow/example_dags/example_task_group.py
[2023-10-10T09:01:58.130+0000] {processor.py:829} INFO - Processing file /home/airflow/.local/lib/python3.8/site-packages/airflow/example_dags/example_task_group.py for tasks to queue
[2023-10-10T09:01:58.133+0000] {logging_mixin.py:151} INFO - [2023-10-10T09:01:58.132+0000] {dagbag.py:539} INFO - Filling up the DagBag from /home/airflow/.local/lib/python3.8/site-packages/airflow/example_dags/example_task_group.py
[2023-10-10T09:01:58.144+0000] {processor.py:839} INFO - DAG(s) dict_keys(['example_task_group']) retrieved from /home/airflow/.local/lib/python3.8/site-packages/airflow/example_dags/example_task_group.py
[2023-10-10T09:01:58.172+0000] {logging_mixin.py:151} INFO - [2023-10-10T09:01:58.171+0000] {dag.py:2915} INFO - Sync 1 DAGs
[2023-10-10T09:01:58.190+0000] {logging_mixin.py:151} INFO - [2023-10-10T09:01:58.190+0000] {dag.py:3696} INFO - Setting next_dagrun for example_task_group to 2023-10-09T09:01:58.189861+00:00, run_after=2023-10-10T09:01:58.189861+00:00
[2023-10-10T09:01:58.200+0000] {processor.py:179} INFO - Processing /home/airflow/.local/lib/python3.8/site-packages/airflow/example_dags/example_task_group.py took 0.078 seconds
[2023-10-10T09:02:28.546+0000] {processor.py:157} INFO - Started process (PID=1538) to work on /home/airflow/.local/lib/python3.8/site-packages/airflow/example_dags/example_task_group.py
[2023-10-10T09:02:28.548+0000] {processor.py:829} INFO - Processing file /home/airflow/.local/lib/python3.8/site-packages/airflow/example_dags/example_task_group.py for tasks to queue
[2023-10-10T09:02:28.552+0000] {logging_mixin.py:151} INFO - [2023-10-10T09:02:28.552+0000] {dagbag.py:539} INFO - Filling up the DagBag from /home/airflow/.local/lib/python3.8/site-packages/airflow/example_dags/example_task_group.py
[2023-10-10T09:02:28.562+0000] {processor.py:839} INFO - DAG(s) dict_keys(['example_task_group']) retrieved from /home/airflow/.local/lib/python3.8/site-packages/airflow/example_dags/example_task_group.py
[2023-10-10T09:02:28.586+0000] {logging_mixin.py:151} INFO - [2023-10-10T09:02:28.586+0000] {dag.py:2915} INFO - Sync 1 DAGs
[2023-10-10T09:02:28.601+0000] {logging_mixin.py:151} INFO - [2023-10-10T09:02:28.601+0000] {dag.py:3696} INFO - Setting next_dagrun for example_task_group to 2023-10-09T09:02:28.601000+00:00, run_after=2023-10-10T09:02:28.601000+00:00
[2023-10-10T09:02:28.611+0000] {processor.py:179} INFO - Processing /home/airflow/.local/lib/python3.8/site-packages/airflow/example_dags/example_task_group.py took 0.072 seconds
[2023-10-10T09:02:58.724+0000] {processor.py:157} INFO - Started process (PID=1599) to work on /home/airflow/.local/lib/python3.8/site-packages/airflow/example_dags/example_task_group.py
[2023-10-10T09:02:58.728+0000] {processor.py:829} INFO - Processing file /home/airflow/.local/lib/python3.8/site-packages/airflow/example_dags/example_task_group.py for tasks to queue
[2023-10-10T09:02:58.733+0000] {logging_mixin.py:151} INFO - [2023-10-10T09:02:58.732+0000] {dagbag.py:539} INFO - Filling up the DagBag from /home/airflow/.local/lib/python3.8/site-packages/airflow/example_dags/example_task_group.py
[2023-10-10T09:02:58.746+0000] {processor.py:839} INFO - DAG(s) dict_keys(['example_task_group']) retrieved from /home/airflow/.local/lib/python3.8/site-packages/airflow/example_dags/example_task_group.py
[2023-10-10T09:02:58.776+0000] {logging_mixin.py:151} INFO - [2023-10-10T09:02:58.776+0000] {dag.py:2915} INFO - Sync 1 DAGs
[2023-10-10T09:02:58.793+0000] {logging_mixin.py:151} INFO - [2023-10-10T09:02:58.793+0000] {dag.py:3696} INFO - Setting next_dagrun for example_task_group to 2023-10-09T09:02:58.792859+00:00, run_after=2023-10-10T09:02:58.792859+00:00
[2023-10-10T09:02:58.803+0000] {processor.py:179} INFO - Processing /home/airflow/.local/lib/python3.8/site-packages/airflow/example_dags/example_task_group.py took 0.089 seconds
[2023-10-10T09:03:28.893+0000] {processor.py:157} INFO - Started process (PID=1660) to work on /home/airflow/.local/lib/python3.8/site-packages/airflow/example_dags/example_task_group.py
[2023-10-10T09:03:28.894+0000] {processor.py:829} INFO - Processing file /home/airflow/.local/lib/python3.8/site-packages/airflow/example_dags/example_task_group.py for tasks to queue
[2023-10-10T09:03:28.896+0000] {logging_mixin.py:151} INFO - [2023-10-10T09:03:28.895+0000] {dagbag.py:539} INFO - Filling up the DagBag from /home/airflow/.local/lib/python3.8/site-packages/airflow/example_dags/example_task_group.py
[2023-10-10T09:03:28.900+0000] {processor.py:839} INFO - DAG(s) dict_keys(['example_task_group']) retrieved from /home/airflow/.local/lib/python3.8/site-packages/airflow/example_dags/example_task_group.py
[2023-10-10T09:03:28.917+0000] {logging_mixin.py:151} INFO - [2023-10-10T09:03:28.917+0000] {dag.py:2915} INFO - Sync 1 DAGs
[2023-10-10T09:03:28.930+0000] {logging_mixin.py:151} INFO - [2023-10-10T09:03:28.930+0000] {dag.py:3696} INFO - Setting next_dagrun for example_task_group to 2023-10-09T09:03:28.929951+00:00, run_after=2023-10-10T09:03:28.929951+00:00
[2023-10-10T09:03:28.939+0000] {processor.py:179} INFO - Processing /home/airflow/.local/lib/python3.8/site-packages/airflow/example_dags/example_task_group.py took 0.049 seconds
[2023-10-10T09:03:59.978+0000] {processor.py:157} INFO - Started process (PID=1721) to work on /home/airflow/.local/lib/python3.8/site-packages/airflow/example_dags/example_task_group.py
[2023-10-10T09:03:59.980+0000] {processor.py:829} INFO - Processing file /home/airflow/.local/lib/python3.8/site-packages/airflow/example_dags/example_task_group.py for tasks to queue
[2023-10-10T09:03:59.985+0000] {logging_mixin.py:151} INFO - [2023-10-10T09:03:59.985+0000] {dagbag.py:539} INFO - Filling up the DagBag from /home/airflow/.local/lib/python3.8/site-packages/airflow/example_dags/example_task_group.py
[2023-10-10T09:04:00.010+0000] {processor.py:839} INFO - DAG(s) dict_keys(['example_task_group']) retrieved from /home/airflow/.local/lib/python3.8/site-packages/airflow/example_dags/example_task_group.py
[2023-10-10T09:04:00.038+0000] {logging_mixin.py:151} INFO - [2023-10-10T09:04:00.038+0000] {dag.py:2915} INFO - Sync 1 DAGs
[2023-10-10T09:04:00.063+0000] {logging_mixin.py:151} INFO - [2023-10-10T09:04:00.062+0000] {dag.py:3696} INFO - Setting next_dagrun for example_task_group to 2023-10-09T09:04:00.062595+00:00, run_after=2023-10-10T09:04:00.062595+00:00
[2023-10-10T09:04:00.075+0000] {processor.py:179} INFO - Processing /home/airflow/.local/lib/python3.8/site-packages/airflow/example_dags/example_task_group.py took 0.113 seconds
[2023-10-10T09:04:30.595+0000] {processor.py:157} INFO - Started process (PID=1782) to work on /home/airflow/.local/lib/python3.8/site-packages/airflow/example_dags/example_task_group.py
[2023-10-10T09:04:30.602+0000] {processor.py:829} INFO - Processing file /home/airflow/.local/lib/python3.8/site-packages/airflow/example_dags/example_task_group.py for tasks to queue
[2023-10-10T09:04:30.609+0000] {logging_mixin.py:151} INFO - [2023-10-10T09:04:30.608+0000] {dagbag.py:539} INFO - Filling up the DagBag from /home/airflow/.local/lib/python3.8/site-packages/airflow/example_dags/example_task_group.py
[2023-10-10T09:04:30.623+0000] {processor.py:839} INFO - DAG(s) dict_keys(['example_task_group']) retrieved from /home/airflow/.local/lib/python3.8/site-packages/airflow/example_dags/example_task_group.py
[2023-10-10T09:04:30.651+0000] {logging_mixin.py:151} INFO - [2023-10-10T09:04:30.651+0000] {dag.py:2915} INFO - Sync 1 DAGs
[2023-10-10T09:04:30.667+0000] {logging_mixin.py:151} INFO - [2023-10-10T09:04:30.667+0000] {dag.py:3696} INFO - Setting next_dagrun for example_task_group to 2023-10-09T09:04:30.666970+00:00, run_after=2023-10-10T09:04:30.666970+00:00
[2023-10-10T09:04:30.694+0000] {processor.py:179} INFO - Processing /home/airflow/.local/lib/python3.8/site-packages/airflow/example_dags/example_task_group.py took 0.108 seconds
[2023-10-10T09:05:01.024+0000] {processor.py:157} INFO - Started process (PID=1843) to work on /home/airflow/.local/lib/python3.8/site-packages/airflow/example_dags/example_task_group.py
[2023-10-10T09:05:01.026+0000] {processor.py:829} INFO - Processing file /home/airflow/.local/lib/python3.8/site-packages/airflow/example_dags/example_task_group.py for tasks to queue
[2023-10-10T09:05:01.031+0000] {logging_mixin.py:151} INFO - [2023-10-10T09:05:01.030+0000] {dagbag.py:539} INFO - Filling up the DagBag from /home/airflow/.local/lib/python3.8/site-packages/airflow/example_dags/example_task_group.py
[2023-10-10T09:05:01.041+0000] {processor.py:839} INFO - DAG(s) dict_keys(['example_task_group']) retrieved from /home/airflow/.local/lib/python3.8/site-packages/airflow/example_dags/example_task_group.py
[2023-10-10T09:05:01.071+0000] {logging_mixin.py:151} INFO - [2023-10-10T09:05:01.071+0000] {dag.py:2915} INFO - Sync 1 DAGs
[2023-10-10T09:05:01.085+0000] {logging_mixin.py:151} INFO - [2023-10-10T09:05:01.085+0000] {dag.py:3696} INFO - Setting next_dagrun for example_task_group to 2023-10-09T09:05:01.084820+00:00, run_after=2023-10-10T09:05:01.084820+00:00
[2023-10-10T09:05:01.096+0000] {processor.py:179} INFO - Processing /home/airflow/.local/lib/python3.8/site-packages/airflow/example_dags/example_task_group.py took 0.079 seconds
[2023-10-10T09:05:31.629+0000] {processor.py:157} INFO - Started process (PID=1903) to work on /home/airflow/.local/lib/python3.8/site-packages/airflow/example_dags/example_task_group.py
[2023-10-10T09:05:31.636+0000] {processor.py:829} INFO - Processing file /home/airflow/.local/lib/python3.8/site-packages/airflow/example_dags/example_task_group.py for tasks to queue
[2023-10-10T09:05:31.672+0000] {logging_mixin.py:151} INFO - [2023-10-10T09:05:31.671+0000] {dagbag.py:539} INFO - Filling up the DagBag from /home/airflow/.local/lib/python3.8/site-packages/airflow/example_dags/example_task_group.py
[2023-10-10T09:05:31.717+0000] {processor.py:839} INFO - DAG(s) dict_keys(['example_task_group']) retrieved from /home/airflow/.local/lib/python3.8/site-packages/airflow/example_dags/example_task_group.py
[2023-10-10T09:05:31.818+0000] {logging_mixin.py:151} INFO - [2023-10-10T09:05:31.817+0000] {dag.py:2915} INFO - Sync 1 DAGs
[2023-10-10T09:05:31.849+0000] {logging_mixin.py:151} INFO - [2023-10-10T09:05:31.848+0000] {dag.py:3696} INFO - Setting next_dagrun for example_task_group to 2023-10-09T09:05:31.848593+00:00, run_after=2023-10-10T09:05:31.848593+00:00
[2023-10-10T09:05:31.864+0000] {processor.py:179} INFO - Processing /home/airflow/.local/lib/python3.8/site-packages/airflow/example_dags/example_task_group.py took 0.292 seconds
[2023-10-10T09:06:02.881+0000] {processor.py:157} INFO - Started process (PID=1964) to work on /home/airflow/.local/lib/python3.8/site-packages/airflow/example_dags/example_task_group.py
[2023-10-10T09:06:02.885+0000] {processor.py:829} INFO - Processing file /home/airflow/.local/lib/python3.8/site-packages/airflow/example_dags/example_task_group.py for tasks to queue
[2023-10-10T09:06:02.894+0000] {logging_mixin.py:151} INFO - [2023-10-10T09:06:02.894+0000] {dagbag.py:539} INFO - Filling up the DagBag from /home/airflow/.local/lib/python3.8/site-packages/airflow/example_dags/example_task_group.py
[2023-10-10T09:06:02.917+0000] {processor.py:839} INFO - DAG(s) dict_keys(['example_task_group']) retrieved from /home/airflow/.local/lib/python3.8/site-packages/airflow/example_dags/example_task_group.py
[2023-10-10T09:06:02.965+0000] {logging_mixin.py:151} INFO - [2023-10-10T09:06:02.965+0000] {dag.py:2915} INFO - Sync 1 DAGs
[2023-10-10T09:06:02.995+0000] {logging_mixin.py:151} INFO - [2023-10-10T09:06:02.995+0000] {dag.py:3696} INFO - Setting next_dagrun for example_task_group to 2023-10-09T09:06:02.994974+00:00, run_after=2023-10-10T09:06:02.994974+00:00
[2023-10-10T09:06:03.030+0000] {processor.py:179} INFO - Processing /home/airflow/.local/lib/python3.8/site-packages/airflow/example_dags/example_task_group.py took 0.158 seconds
[2023-10-10T09:06:33.608+0000] {processor.py:157} INFO - Started process (PID=2024) to work on /home/airflow/.local/lib/python3.8/site-packages/airflow/example_dags/example_task_group.py
[2023-10-10T09:06:33.611+0000] {processor.py:829} INFO - Processing file /home/airflow/.local/lib/python3.8/site-packages/airflow/example_dags/example_task_group.py for tasks to queue
[2023-10-10T09:06:33.622+0000] {logging_mixin.py:151} INFO - [2023-10-10T09:06:33.621+0000] {dagbag.py:539} INFO - Filling up the DagBag from /home/airflow/.local/lib/python3.8/site-packages/airflow/example_dags/example_task_group.py
[2023-10-10T09:06:33.638+0000] {processor.py:839} INFO - DAG(s) dict_keys(['example_task_group']) retrieved from /home/airflow/.local/lib/python3.8/site-packages/airflow/example_dags/example_task_group.py
[2023-10-10T09:06:33.717+0000] {logging_mixin.py:151} INFO - [2023-10-10T09:06:33.717+0000] {dag.py:2915} INFO - Sync 1 DAGs
[2023-10-10T09:06:33.753+0000] {logging_mixin.py:151} INFO - [2023-10-10T09:06:33.753+0000] {dag.py:3696} INFO - Setting next_dagrun for example_task_group to 2023-10-09T09:06:33.753484+00:00, run_after=2023-10-10T09:06:33.753484+00:00
[2023-10-10T09:06:33.780+0000] {processor.py:179} INFO - Processing /home/airflow/.local/lib/python3.8/site-packages/airflow/example_dags/example_task_group.py took 0.178 seconds
[2023-10-10T09:07:03.972+0000] {processor.py:157} INFO - Started process (PID=2085) to work on /home/airflow/.local/lib/python3.8/site-packages/airflow/example_dags/example_task_group.py
[2023-10-10T09:07:03.980+0000] {processor.py:829} INFO - Processing file /home/airflow/.local/lib/python3.8/site-packages/airflow/example_dags/example_task_group.py for tasks to queue
[2023-10-10T09:07:03.984+0000] {logging_mixin.py:151} INFO - [2023-10-10T09:07:03.984+0000] {dagbag.py:539} INFO - Filling up the DagBag from /home/airflow/.local/lib/python3.8/site-packages/airflow/example_dags/example_task_group.py
[2023-10-10T09:07:03.994+0000] {processor.py:839} INFO - DAG(s) dict_keys(['example_task_group']) retrieved from /home/airflow/.local/lib/python3.8/site-packages/airflow/example_dags/example_task_group.py
[2023-10-10T09:07:04.020+0000] {logging_mixin.py:151} INFO - [2023-10-10T09:07:04.020+0000] {dag.py:2915} INFO - Sync 1 DAGs
[2023-10-10T09:07:04.036+0000] {logging_mixin.py:151} INFO - [2023-10-10T09:07:04.036+0000] {dag.py:3696} INFO - Setting next_dagrun for example_task_group to 2023-10-09T09:07:04.036043+00:00, run_after=2023-10-10T09:07:04.036043+00:00
[2023-10-10T09:07:04.047+0000] {processor.py:179} INFO - Processing /home/airflow/.local/lib/python3.8/site-packages/airflow/example_dags/example_task_group.py took 0.080 seconds
[2023-10-10T09:07:34.789+0000] {processor.py:157} INFO - Started process (PID=2146) to work on /home/airflow/.local/lib/python3.8/site-packages/airflow/example_dags/example_task_group.py
[2023-10-10T09:07:34.790+0000] {processor.py:829} INFO - Processing file /home/airflow/.local/lib/python3.8/site-packages/airflow/example_dags/example_task_group.py for tasks to queue
[2023-10-10T09:07:34.794+0000] {logging_mixin.py:151} INFO - [2023-10-10T09:07:34.793+0000] {dagbag.py:539} INFO - Filling up the DagBag from /home/airflow/.local/lib/python3.8/site-packages/airflow/example_dags/example_task_group.py
[2023-10-10T09:07:34.807+0000] {processor.py:839} INFO - DAG(s) dict_keys(['example_task_group']) retrieved from /home/airflow/.local/lib/python3.8/site-packages/airflow/example_dags/example_task_group.py
[2023-10-10T09:07:34.833+0000] {logging_mixin.py:151} INFO - [2023-10-10T09:07:34.833+0000] {dag.py:2915} INFO - Sync 1 DAGs
[2023-10-10T09:07:34.849+0000] {logging_mixin.py:151} INFO - [2023-10-10T09:07:34.849+0000] {dag.py:3696} INFO - Setting next_dagrun for example_task_group to 2023-10-09T09:07:34.849604+00:00, run_after=2023-10-10T09:07:34.849604+00:00
[2023-10-10T09:07:34.860+0000] {processor.py:179} INFO - Processing /home/airflow/.local/lib/python3.8/site-packages/airflow/example_dags/example_task_group.py took 0.077 seconds
[2023-10-10T09:08:05.191+0000] {processor.py:157} INFO - Started process (PID=2207) to work on /home/airflow/.local/lib/python3.8/site-packages/airflow/example_dags/example_task_group.py
[2023-10-10T09:08:05.193+0000] {processor.py:829} INFO - Processing file /home/airflow/.local/lib/python3.8/site-packages/airflow/example_dags/example_task_group.py for tasks to queue
[2023-10-10T09:08:05.195+0000] {logging_mixin.py:151} INFO - [2023-10-10T09:08:05.195+0000] {dagbag.py:539} INFO - Filling up the DagBag from /home/airflow/.local/lib/python3.8/site-packages/airflow/example_dags/example_task_group.py
[2023-10-10T09:08:05.213+0000] {processor.py:839} INFO - DAG(s) dict_keys(['example_task_group']) retrieved from /home/airflow/.local/lib/python3.8/site-packages/airflow/example_dags/example_task_group.py
[2023-10-10T09:08:05.258+0000] {logging_mixin.py:151} INFO - [2023-10-10T09:08:05.258+0000] {dag.py:2915} INFO - Sync 1 DAGs
[2023-10-10T09:08:05.291+0000] {logging_mixin.py:151} INFO - [2023-10-10T09:08:05.291+0000] {dag.py:3696} INFO - Setting next_dagrun for example_task_group to 2023-10-09T09:08:05.291479+00:00, run_after=2023-10-10T09:08:05.291479+00:00
[2023-10-10T09:08:05.304+0000] {processor.py:179} INFO - Processing /home/airflow/.local/lib/python3.8/site-packages/airflow/example_dags/example_task_group.py took 0.118 seconds
[2023-10-10T09:08:35.620+0000] {processor.py:157} INFO - Started process (PID=2268) to work on /home/airflow/.local/lib/python3.8/site-packages/airflow/example_dags/example_task_group.py
[2023-10-10T09:08:35.626+0000] {processor.py:829} INFO - Processing file /home/airflow/.local/lib/python3.8/site-packages/airflow/example_dags/example_task_group.py for tasks to queue
[2023-10-10T09:08:35.631+0000] {logging_mixin.py:151} INFO - [2023-10-10T09:08:35.630+0000] {dagbag.py:539} INFO - Filling up the DagBag from /home/airflow/.local/lib/python3.8/site-packages/airflow/example_dags/example_task_group.py
[2023-10-10T09:08:35.647+0000] {processor.py:839} INFO - DAG(s) dict_keys(['example_task_group']) retrieved from /home/airflow/.local/lib/python3.8/site-packages/airflow/example_dags/example_task_group.py
[2023-10-10T09:08:35.678+0000] {logging_mixin.py:151} INFO - [2023-10-10T09:08:35.677+0000] {dag.py:2915} INFO - Sync 1 DAGs
[2023-10-10T09:08:35.697+0000] {logging_mixin.py:151} INFO - [2023-10-10T09:08:35.696+0000] {dag.py:3696} INFO - Setting next_dagrun for example_task_group to 2023-10-09T09:08:35.696574+00:00, run_after=2023-10-10T09:08:35.696574+00:00
[2023-10-10T09:08:35.709+0000] {processor.py:179} INFO - Processing /home/airflow/.local/lib/python3.8/site-packages/airflow/example_dags/example_task_group.py took 0.096 seconds
[2023-10-10T09:09:05.927+0000] {processor.py:157} INFO - Started process (PID=2329) to work on /home/airflow/.local/lib/python3.8/site-packages/airflow/example_dags/example_task_group.py
[2023-10-10T09:09:05.929+0000] {processor.py:829} INFO - Processing file /home/airflow/.local/lib/python3.8/site-packages/airflow/example_dags/example_task_group.py for tasks to queue
[2023-10-10T09:09:05.933+0000] {logging_mixin.py:151} INFO - [2023-10-10T09:09:05.933+0000] {dagbag.py:539} INFO - Filling up the DagBag from /home/airflow/.local/lib/python3.8/site-packages/airflow/example_dags/example_task_group.py
[2023-10-10T09:09:05.945+0000] {processor.py:839} INFO - DAG(s) dict_keys(['example_task_group']) retrieved from /home/airflow/.local/lib/python3.8/site-packages/airflow/example_dags/example_task_group.py
[2023-10-10T09:09:05.968+0000] {logging_mixin.py:151} INFO - [2023-10-10T09:09:05.968+0000] {dag.py:2915} INFO - Sync 1 DAGs
[2023-10-10T09:09:05.983+0000] {logging_mixin.py:151} INFO - [2023-10-10T09:09:05.983+0000] {dag.py:3696} INFO - Setting next_dagrun for example_task_group to 2023-10-09T09:09:05.983602+00:00, run_after=2023-10-10T09:09:05.983602+00:00
[2023-10-10T09:09:05.997+0000] {processor.py:179} INFO - Processing /home/airflow/.local/lib/python3.8/site-packages/airflow/example_dags/example_task_group.py took 0.076 seconds
[2023-10-10T09:09:36.398+0000] {processor.py:157} INFO - Started process (PID=2390) to work on /home/airflow/.local/lib/python3.8/site-packages/airflow/example_dags/example_task_group.py
[2023-10-10T09:09:36.401+0000] {processor.py:829} INFO - Processing file /home/airflow/.local/lib/python3.8/site-packages/airflow/example_dags/example_task_group.py for tasks to queue
[2023-10-10T09:09:36.407+0000] {logging_mixin.py:151} INFO - [2023-10-10T09:09:36.406+0000] {dagbag.py:539} INFO - Filling up the DagBag from /home/airflow/.local/lib/python3.8/site-packages/airflow/example_dags/example_task_group.py
[2023-10-10T09:09:36.419+0000] {processor.py:839} INFO - DAG(s) dict_keys(['example_task_group']) retrieved from /home/airflow/.local/lib/python3.8/site-packages/airflow/example_dags/example_task_group.py
[2023-10-10T09:09:36.443+0000] {logging_mixin.py:151} INFO - [2023-10-10T09:09:36.443+0000] {dag.py:2915} INFO - Sync 1 DAGs
[2023-10-10T09:09:36.466+0000] {logging_mixin.py:151} INFO - [2023-10-10T09:09:36.465+0000] {dag.py:3696} INFO - Setting next_dagrun for example_task_group to 2023-10-09T09:09:36.465750+00:00, run_after=2023-10-10T09:09:36.465750+00:00
[2023-10-10T09:09:36.478+0000] {processor.py:179} INFO - Processing /home/airflow/.local/lib/python3.8/site-packages/airflow/example_dags/example_task_group.py took 0.091 seconds
[2023-10-10T09:10:06.911+0000] {processor.py:157} INFO - Started process (PID=2451) to work on /home/airflow/.local/lib/python3.8/site-packages/airflow/example_dags/example_task_group.py
[2023-10-10T09:10:06.914+0000] {processor.py:829} INFO - Processing file /home/airflow/.local/lib/python3.8/site-packages/airflow/example_dags/example_task_group.py for tasks to queue
[2023-10-10T09:10:06.924+0000] {logging_mixin.py:151} INFO - [2023-10-10T09:10:06.924+0000] {dagbag.py:539} INFO - Filling up the DagBag from /home/airflow/.local/lib/python3.8/site-packages/airflow/example_dags/example_task_group.py
[2023-10-10T09:10:06.936+0000] {processor.py:839} INFO - DAG(s) dict_keys(['example_task_group']) retrieved from /home/airflow/.local/lib/python3.8/site-packages/airflow/example_dags/example_task_group.py
[2023-10-10T09:10:06.965+0000] {logging_mixin.py:151} INFO - [2023-10-10T09:10:06.964+0000] {dag.py:2915} INFO - Sync 1 DAGs
[2023-10-10T09:10:06.985+0000] {logging_mixin.py:151} INFO - [2023-10-10T09:10:06.985+0000] {dag.py:3696} INFO - Setting next_dagrun for example_task_group to 2023-10-09T09:10:06.984782+00:00, run_after=2023-10-10T09:10:06.984782+00:00
[2023-10-10T09:10:06.996+0000] {processor.py:179} INFO - Processing /home/airflow/.local/lib/python3.8/site-packages/airflow/example_dags/example_task_group.py took 0.093 seconds
[2023-10-10T09:10:37.755+0000] {processor.py:157} INFO - Started process (PID=2512) to work on /home/airflow/.local/lib/python3.8/site-packages/airflow/example_dags/example_task_group.py
[2023-10-10T09:10:37.757+0000] {processor.py:829} INFO - Processing file /home/airflow/.local/lib/python3.8/site-packages/airflow/example_dags/example_task_group.py for tasks to queue
[2023-10-10T09:10:37.762+0000] {logging_mixin.py:151} INFO - [2023-10-10T09:10:37.761+0000] {dagbag.py:539} INFO - Filling up the DagBag from /home/airflow/.local/lib/python3.8/site-packages/airflow/example_dags/example_task_group.py
[2023-10-10T09:10:37.779+0000] {processor.py:839} INFO - DAG(s) dict_keys(['example_task_group']) retrieved from /home/airflow/.local/lib/python3.8/site-packages/airflow/example_dags/example_task_group.py
[2023-10-10T09:10:37.812+0000] {logging_mixin.py:151} INFO - [2023-10-10T09:10:37.812+0000] {dag.py:2915} INFO - Sync 1 DAGs
[2023-10-10T09:10:37.840+0000] {logging_mixin.py:151} INFO - [2023-10-10T09:10:37.840+0000] {dag.py:3696} INFO - Setting next_dagrun for example_task_group to 2023-10-09T09:10:37.840023+00:00, run_after=2023-10-10T09:10:37.840023+00:00
[2023-10-10T09:10:37.852+0000] {processor.py:179} INFO - Processing /home/airflow/.local/lib/python3.8/site-packages/airflow/example_dags/example_task_group.py took 0.105 seconds
[2023-10-10T09:11:08.093+0000] {processor.py:157} INFO - Started process (PID=2573) to work on /home/airflow/.local/lib/python3.8/site-packages/airflow/example_dags/example_task_group.py
[2023-10-10T09:11:08.095+0000] {processor.py:829} INFO - Processing file /home/airflow/.local/lib/python3.8/site-packages/airflow/example_dags/example_task_group.py for tasks to queue
[2023-10-10T09:11:08.099+0000] {logging_mixin.py:151} INFO - [2023-10-10T09:11:08.099+0000] {dagbag.py:539} INFO - Filling up the DagBag from /home/airflow/.local/lib/python3.8/site-packages/airflow/example_dags/example_task_group.py
[2023-10-10T09:11:08.108+0000] {processor.py:839} INFO - DAG(s) dict_keys(['example_task_group']) retrieved from /home/airflow/.local/lib/python3.8/site-packages/airflow/example_dags/example_task_group.py
[2023-10-10T09:11:08.128+0000] {logging_mixin.py:151} INFO - [2023-10-10T09:11:08.128+0000] {dag.py:2915} INFO - Sync 1 DAGs
[2023-10-10T09:11:08.142+0000] {logging_mixin.py:151} INFO - [2023-10-10T09:11:08.142+0000] {dag.py:3696} INFO - Setting next_dagrun for example_task_group to 2023-10-09T09:11:08.142544+00:00, run_after=2023-10-10T09:11:08.142544+00:00
[2023-10-10T09:11:08.152+0000] {processor.py:179} INFO - Processing /home/airflow/.local/lib/python3.8/site-packages/airflow/example_dags/example_task_group.py took 0.070 seconds
[2023-10-10T09:11:38.432+0000] {processor.py:157} INFO - Started process (PID=2634) to work on /home/airflow/.local/lib/python3.8/site-packages/airflow/example_dags/example_task_group.py
[2023-10-10T09:11:38.434+0000] {processor.py:829} INFO - Processing file /home/airflow/.local/lib/python3.8/site-packages/airflow/example_dags/example_task_group.py for tasks to queue
[2023-10-10T09:11:38.439+0000] {logging_mixin.py:151} INFO - [2023-10-10T09:11:38.439+0000] {dagbag.py:539} INFO - Filling up the DagBag from /home/airflow/.local/lib/python3.8/site-packages/airflow/example_dags/example_task_group.py
[2023-10-10T09:11:38.462+0000] {processor.py:839} INFO - DAG(s) dict_keys(['example_task_group']) retrieved from /home/airflow/.local/lib/python3.8/site-packages/airflow/example_dags/example_task_group.py
[2023-10-10T09:11:38.501+0000] {logging_mixin.py:151} INFO - [2023-10-10T09:11:38.500+0000] {dag.py:2915} INFO - Sync 1 DAGs
[2023-10-10T09:11:38.527+0000] {logging_mixin.py:151} INFO - [2023-10-10T09:11:38.527+0000] {dag.py:3696} INFO - Setting next_dagrun for example_task_group to 2023-10-09T09:11:38.527087+00:00, run_after=2023-10-10T09:11:38.527087+00:00
[2023-10-10T09:11:38.541+0000] {processor.py:179} INFO - Processing /home/airflow/.local/lib/python3.8/site-packages/airflow/example_dags/example_task_group.py took 0.122 seconds
[2023-10-10T09:12:09.191+0000] {processor.py:157} INFO - Started process (PID=2695) to work on /home/airflow/.local/lib/python3.8/site-packages/airflow/example_dags/example_task_group.py
[2023-10-10T09:12:09.193+0000] {processor.py:829} INFO - Processing file /home/airflow/.local/lib/python3.8/site-packages/airflow/example_dags/example_task_group.py for tasks to queue
[2023-10-10T09:12:09.198+0000] {logging_mixin.py:151} INFO - [2023-10-10T09:12:09.197+0000] {dagbag.py:539} INFO - Filling up the DagBag from /home/airflow/.local/lib/python3.8/site-packages/airflow/example_dags/example_task_group.py
[2023-10-10T09:12:09.212+0000] {processor.py:839} INFO - DAG(s) dict_keys(['example_task_group']) retrieved from /home/airflow/.local/lib/python3.8/site-packages/airflow/example_dags/example_task_group.py
[2023-10-10T09:12:09.255+0000] {logging_mixin.py:151} INFO - [2023-10-10T09:12:09.254+0000] {dag.py:2915} INFO - Sync 1 DAGs
[2023-10-10T09:12:09.282+0000] {logging_mixin.py:151} INFO - [2023-10-10T09:12:09.282+0000] {dag.py:3696} INFO - Setting next_dagrun for example_task_group to 2023-10-09T09:12:09.281740+00:00, run_after=2023-10-10T09:12:09.281740+00:00
[2023-10-10T09:12:09.294+0000] {processor.py:179} INFO - Processing /home/airflow/.local/lib/python3.8/site-packages/airflow/example_dags/example_task_group.py took 0.112 seconds
[2023-10-10T09:12:39.840+0000] {processor.py:157} INFO - Started process (PID=2756) to work on /home/airflow/.local/lib/python3.8/site-packages/airflow/example_dags/example_task_group.py
[2023-10-10T09:12:39.846+0000] {processor.py:829} INFO - Processing file /home/airflow/.local/lib/python3.8/site-packages/airflow/example_dags/example_task_group.py for tasks to queue
[2023-10-10T09:12:39.858+0000] {logging_mixin.py:151} INFO - [2023-10-10T09:12:39.856+0000] {dagbag.py:539} INFO - Filling up the DagBag from /home/airflow/.local/lib/python3.8/site-packages/airflow/example_dags/example_task_group.py
[2023-10-10T09:12:39.879+0000] {processor.py:839} INFO - DAG(s) dict_keys(['example_task_group']) retrieved from /home/airflow/.local/lib/python3.8/site-packages/airflow/example_dags/example_task_group.py
[2023-10-10T09:12:39.912+0000] {logging_mixin.py:151} INFO - [2023-10-10T09:12:39.912+0000] {dag.py:2915} INFO - Sync 1 DAGs
[2023-10-10T09:12:39.934+0000] {logging_mixin.py:151} INFO - [2023-10-10T09:12:39.934+0000] {dag.py:3696} INFO - Setting next_dagrun for example_task_group to 2023-10-09T09:12:39.933968+00:00, run_after=2023-10-10T09:12:39.933968+00:00
[2023-10-10T09:12:39.948+0000] {processor.py:179} INFO - Processing /home/airflow/.local/lib/python3.8/site-packages/airflow/example_dags/example_task_group.py took 0.124 seconds
[2023-10-10T09:13:10.782+0000] {processor.py:157} INFO - Started process (PID=2817) to work on /home/airflow/.local/lib/python3.8/site-packages/airflow/example_dags/example_task_group.py
[2023-10-10T09:13:10.784+0000] {processor.py:829} INFO - Processing file /home/airflow/.local/lib/python3.8/site-packages/airflow/example_dags/example_task_group.py for tasks to queue
[2023-10-10T09:13:10.789+0000] {logging_mixin.py:151} INFO - [2023-10-10T09:13:10.788+0000] {dagbag.py:539} INFO - Filling up the DagBag from /home/airflow/.local/lib/python3.8/site-packages/airflow/example_dags/example_task_group.py
[2023-10-10T09:13:10.801+0000] {processor.py:839} INFO - DAG(s) dict_keys(['example_task_group']) retrieved from /home/airflow/.local/lib/python3.8/site-packages/airflow/example_dags/example_task_group.py
[2023-10-10T09:13:10.832+0000] {logging_mixin.py:151} INFO - [2023-10-10T09:13:10.831+0000] {dag.py:2915} INFO - Sync 1 DAGs
[2023-10-10T09:13:10.849+0000] {logging_mixin.py:151} INFO - [2023-10-10T09:13:10.849+0000] {dag.py:3696} INFO - Setting next_dagrun for example_task_group to 2023-10-09T09:13:10.848911+00:00, run_after=2023-10-10T09:13:10.848911+00:00
[2023-10-10T09:13:10.860+0000] {processor.py:179} INFO - Processing /home/airflow/.local/lib/python3.8/site-packages/airflow/example_dags/example_task_group.py took 0.090 seconds
[2023-10-10T09:13:41.370+0000] {processor.py:157} INFO - Started process (PID=2878) to work on /home/airflow/.local/lib/python3.8/site-packages/airflow/example_dags/example_task_group.py
[2023-10-10T09:13:41.373+0000] {processor.py:829} INFO - Processing file /home/airflow/.local/lib/python3.8/site-packages/airflow/example_dags/example_task_group.py for tasks to queue
[2023-10-10T09:13:41.377+0000] {logging_mixin.py:151} INFO - [2023-10-10T09:13:41.377+0000] {dagbag.py:539} INFO - Filling up the DagBag from /home/airflow/.local/lib/python3.8/site-packages/airflow/example_dags/example_task_group.py
[2023-10-10T09:13:41.395+0000] {processor.py:839} INFO - DAG(s) dict_keys(['example_task_group']) retrieved from /home/airflow/.local/lib/python3.8/site-packages/airflow/example_dags/example_task_group.py
[2023-10-10T09:13:41.429+0000] {logging_mixin.py:151} INFO - [2023-10-10T09:13:41.429+0000] {dag.py:2915} INFO - Sync 1 DAGs
[2023-10-10T09:13:41.453+0000] {logging_mixin.py:151} INFO - [2023-10-10T09:13:41.453+0000] {dag.py:3696} INFO - Setting next_dagrun for example_task_group to 2023-10-09T09:13:41.452866+00:00, run_after=2023-10-10T09:13:41.452866+00:00
[2023-10-10T09:13:41.464+0000] {processor.py:179} INFO - Processing /home/airflow/.local/lib/python3.8/site-packages/airflow/example_dags/example_task_group.py took 0.103 seconds
[2023-10-10T09:14:11.848+0000] {processor.py:157} INFO - Started process (PID=2939) to work on /home/airflow/.local/lib/python3.8/site-packages/airflow/example_dags/example_task_group.py
[2023-10-10T09:14:11.852+0000] {processor.py:829} INFO - Processing file /home/airflow/.local/lib/python3.8/site-packages/airflow/example_dags/example_task_group.py for tasks to queue
[2023-10-10T09:14:11.857+0000] {logging_mixin.py:151} INFO - [2023-10-10T09:14:11.857+0000] {dagbag.py:539} INFO - Filling up the DagBag from /home/airflow/.local/lib/python3.8/site-packages/airflow/example_dags/example_task_group.py
[2023-10-10T09:14:11.890+0000] {processor.py:839} INFO - DAG(s) dict_keys(['example_task_group']) retrieved from /home/airflow/.local/lib/python3.8/site-packages/airflow/example_dags/example_task_group.py
[2023-10-10T09:14:11.926+0000] {logging_mixin.py:151} INFO - [2023-10-10T09:14:11.925+0000] {dag.py:2915} INFO - Sync 1 DAGs
[2023-10-10T09:14:11.946+0000] {logging_mixin.py:151} INFO - [2023-10-10T09:14:11.946+0000] {dag.py:3696} INFO - Setting next_dagrun for example_task_group to 2023-10-09T09:14:11.946550+00:00, run_after=2023-10-10T09:14:11.946550+00:00
[2023-10-10T09:14:11.958+0000] {processor.py:179} INFO - Processing /home/airflow/.local/lib/python3.8/site-packages/airflow/example_dags/example_task_group.py took 0.120 seconds
[2023-10-10T09:14:42.603+0000] {processor.py:157} INFO - Started process (PID=3000) to work on /home/airflow/.local/lib/python3.8/site-packages/airflow/example_dags/example_task_group.py
[2023-10-10T09:14:42.607+0000] {processor.py:829} INFO - Processing file /home/airflow/.local/lib/python3.8/site-packages/airflow/example_dags/example_task_group.py for tasks to queue
[2023-10-10T09:14:42.613+0000] {logging_mixin.py:151} INFO - [2023-10-10T09:14:42.612+0000] {dagbag.py:539} INFO - Filling up the DagBag from /home/airflow/.local/lib/python3.8/site-packages/airflow/example_dags/example_task_group.py
[2023-10-10T09:14:42.632+0000] {processor.py:839} INFO - DAG(s) dict_keys(['example_task_group']) retrieved from /home/airflow/.local/lib/python3.8/site-packages/airflow/example_dags/example_task_group.py
[2023-10-10T09:14:42.677+0000] {logging_mixin.py:151} INFO - [2023-10-10T09:14:42.677+0000] {dag.py:2915} INFO - Sync 1 DAGs
[2023-10-10T09:14:42.696+0000] {logging_mixin.py:151} INFO - [2023-10-10T09:14:42.696+0000] {dag.py:3696} INFO - Setting next_dagrun for example_task_group to 2023-10-09T09:14:42.696294+00:00, run_after=2023-10-10T09:14:42.696294+00:00
[2023-10-10T09:14:42.710+0000] {processor.py:179} INFO - Processing /home/airflow/.local/lib/python3.8/site-packages/airflow/example_dags/example_task_group.py took 0.118 seconds
[2023-10-10T09:15:12.844+0000] {processor.py:157} INFO - Started process (PID=3061) to work on /home/airflow/.local/lib/python3.8/site-packages/airflow/example_dags/example_task_group.py
[2023-10-10T09:15:12.845+0000] {processor.py:829} INFO - Processing file /home/airflow/.local/lib/python3.8/site-packages/airflow/example_dags/example_task_group.py for tasks to queue
[2023-10-10T09:15:12.847+0000] {logging_mixin.py:151} INFO - [2023-10-10T09:15:12.847+0000] {dagbag.py:539} INFO - Filling up the DagBag from /home/airflow/.local/lib/python3.8/site-packages/airflow/example_dags/example_task_group.py
[2023-10-10T09:15:12.857+0000] {processor.py:839} INFO - DAG(s) dict_keys(['example_task_group']) retrieved from /home/airflow/.local/lib/python3.8/site-packages/airflow/example_dags/example_task_group.py
[2023-10-10T09:15:12.884+0000] {logging_mixin.py:151} INFO - [2023-10-10T09:15:12.884+0000] {dag.py:2915} INFO - Sync 1 DAGs
[2023-10-10T09:15:12.899+0000] {logging_mixin.py:151} INFO - [2023-10-10T09:15:12.899+0000] {dag.py:3696} INFO - Setting next_dagrun for example_task_group to 2023-10-09T09:15:12.899002+00:00, run_after=2023-10-10T09:15:12.899002+00:00
[2023-10-10T09:15:12.909+0000] {processor.py:179} INFO - Processing /home/airflow/.local/lib/python3.8/site-packages/airflow/example_dags/example_task_group.py took 0.070 seconds
[2023-10-10T09:15:43.233+0000] {processor.py:157} INFO - Started process (PID=3122) to work on /home/airflow/.local/lib/python3.8/site-packages/airflow/example_dags/example_task_group.py
[2023-10-10T09:15:43.234+0000] {processor.py:829} INFO - Processing file /home/airflow/.local/lib/python3.8/site-packages/airflow/example_dags/example_task_group.py for tasks to queue
[2023-10-10T09:15:43.236+0000] {logging_mixin.py:151} INFO - [2023-10-10T09:15:43.236+0000] {dagbag.py:539} INFO - Filling up the DagBag from /home/airflow/.local/lib/python3.8/site-packages/airflow/example_dags/example_task_group.py
[2023-10-10T09:15:43.243+0000] {processor.py:839} INFO - DAG(s) dict_keys(['example_task_group']) retrieved from /home/airflow/.local/lib/python3.8/site-packages/airflow/example_dags/example_task_group.py
[2023-10-10T09:15:43.263+0000] {logging_mixin.py:151} INFO - [2023-10-10T09:15:43.263+0000] {dag.py:2915} INFO - Sync 1 DAGs
[2023-10-10T09:15:43.282+0000] {logging_mixin.py:151} INFO - [2023-10-10T09:15:43.281+0000] {dag.py:3696} INFO - Setting next_dagrun for example_task_group to 2023-10-09T09:15:43.281495+00:00, run_after=2023-10-10T09:15:43.281495+00:00
[2023-10-10T09:15:43.293+0000] {processor.py:179} INFO - Processing /home/airflow/.local/lib/python3.8/site-packages/airflow/example_dags/example_task_group.py took 0.072 seconds
[2023-10-10T09:16:13.724+0000] {processor.py:157} INFO - Started process (PID=3181) to work on /home/airflow/.local/lib/python3.8/site-packages/airflow/example_dags/example_task_group.py
[2023-10-10T09:16:13.727+0000] {processor.py:829} INFO - Processing file /home/airflow/.local/lib/python3.8/site-packages/airflow/example_dags/example_task_group.py for tasks to queue
[2023-10-10T09:16:13.732+0000] {logging_mixin.py:151} INFO - [2023-10-10T09:16:13.732+0000] {dagbag.py:539} INFO - Filling up the DagBag from /home/airflow/.local/lib/python3.8/site-packages/airflow/example_dags/example_task_group.py
[2023-10-10T09:16:13.757+0000] {processor.py:839} INFO - DAG(s) dict_keys(['example_task_group']) retrieved from /home/airflow/.local/lib/python3.8/site-packages/airflow/example_dags/example_task_group.py
[2023-10-10T09:16:13.797+0000] {logging_mixin.py:151} INFO - [2023-10-10T09:16:13.797+0000] {dag.py:2915} INFO - Sync 1 DAGs
[2023-10-10T09:16:13.823+0000] {logging_mixin.py:151} INFO - [2023-10-10T09:16:13.823+0000] {dag.py:3696} INFO - Setting next_dagrun for example_task_group to 2023-10-09T09:16:13.823250+00:00, run_after=2023-10-10T09:16:13.823250+00:00
[2023-10-10T09:16:13.836+0000] {processor.py:179} INFO - Processing /home/airflow/.local/lib/python3.8/site-packages/airflow/example_dags/example_task_group.py took 0.127 seconds
[2023-10-10T09:16:44.150+0000] {processor.py:157} INFO - Started process (PID=3242) to work on /home/airflow/.local/lib/python3.8/site-packages/airflow/example_dags/example_task_group.py
[2023-10-10T09:16:44.152+0000] {processor.py:829} INFO - Processing file /home/airflow/.local/lib/python3.8/site-packages/airflow/example_dags/example_task_group.py for tasks to queue
[2023-10-10T09:16:44.156+0000] {logging_mixin.py:151} INFO - [2023-10-10T09:16:44.156+0000] {dagbag.py:539} INFO - Filling up the DagBag from /home/airflow/.local/lib/python3.8/site-packages/airflow/example_dags/example_task_group.py
[2023-10-10T09:16:44.165+0000] {processor.py:839} INFO - DAG(s) dict_keys(['example_task_group']) retrieved from /home/airflow/.local/lib/python3.8/site-packages/airflow/example_dags/example_task_group.py
[2023-10-10T09:16:44.191+0000] {logging_mixin.py:151} INFO - [2023-10-10T09:16:44.191+0000] {dag.py:2915} INFO - Sync 1 DAGs
[2023-10-10T09:16:44.211+0000] {logging_mixin.py:151} INFO - [2023-10-10T09:16:44.211+0000] {dag.py:3696} INFO - Setting next_dagrun for example_task_group to 2023-10-09T09:16:44.211060+00:00, run_after=2023-10-10T09:16:44.211060+00:00
[2023-10-10T09:16:44.225+0000] {processor.py:179} INFO - Processing /home/airflow/.local/lib/python3.8/site-packages/airflow/example_dags/example_task_group.py took 0.079 seconds
[2023-10-10T09:17:14.247+0000] {processor.py:157} INFO - Started process (PID=3296) to work on /home/airflow/.local/lib/python3.8/site-packages/airflow/example_dags/example_task_group.py
[2023-10-10T09:17:14.248+0000] {processor.py:829} INFO - Processing file /home/airflow/.local/lib/python3.8/site-packages/airflow/example_dags/example_task_group.py for tasks to queue
[2023-10-10T09:17:14.249+0000] {logging_mixin.py:151} INFO - [2023-10-10T09:17:14.249+0000] {dagbag.py:539} INFO - Filling up the DagBag from /home/airflow/.local/lib/python3.8/site-packages/airflow/example_dags/example_task_group.py
[2023-10-10T09:17:14.255+0000] {processor.py:839} INFO - DAG(s) dict_keys(['example_task_group']) retrieved from /home/airflow/.local/lib/python3.8/site-packages/airflow/example_dags/example_task_group.py
[2023-10-10T09:17:14.279+0000] {logging_mixin.py:151} INFO - [2023-10-10T09:17:14.278+0000] {dag.py:2915} INFO - Sync 1 DAGs
[2023-10-10T09:17:14.297+0000] {logging_mixin.py:151} INFO - [2023-10-10T09:17:14.296+0000] {dag.py:3696} INFO - Setting next_dagrun for example_task_group to 2023-10-09T09:17:14.296757+00:00, run_after=2023-10-10T09:17:14.296757+00:00
[2023-10-10T09:17:14.307+0000] {processor.py:179} INFO - Processing /home/airflow/.local/lib/python3.8/site-packages/airflow/example_dags/example_task_group.py took 0.062 seconds
[2023-10-10T09:17:45.320+0000] {processor.py:157} INFO - Started process (PID=3356) to work on /home/airflow/.local/lib/python3.8/site-packages/airflow/example_dags/example_task_group.py
[2023-10-10T09:17:45.322+0000] {processor.py:829} INFO - Processing file /home/airflow/.local/lib/python3.8/site-packages/airflow/example_dags/example_task_group.py for tasks to queue
[2023-10-10T09:17:45.324+0000] {logging_mixin.py:151} INFO - [2023-10-10T09:17:45.323+0000] {dagbag.py:539} INFO - Filling up the DagBag from /home/airflow/.local/lib/python3.8/site-packages/airflow/example_dags/example_task_group.py
[2023-10-10T09:17:45.328+0000] {processor.py:839} INFO - DAG(s) dict_keys(['example_task_group']) retrieved from /home/airflow/.local/lib/python3.8/site-packages/airflow/example_dags/example_task_group.py
[2023-10-10T09:17:45.343+0000] {logging_mixin.py:151} INFO - [2023-10-10T09:17:45.343+0000] {dag.py:2915} INFO - Sync 1 DAGs
[2023-10-10T09:17:45.356+0000] {logging_mixin.py:151} INFO - [2023-10-10T09:17:45.356+0000] {dag.py:3696} INFO - Setting next_dagrun for example_task_group to 2023-10-09T09:17:45.356427+00:00, run_after=2023-10-10T09:17:45.356427+00:00
[2023-10-10T09:17:45.365+0000] {processor.py:179} INFO - Processing /home/airflow/.local/lib/python3.8/site-packages/airflow/example_dags/example_task_group.py took 0.047 seconds
[2023-10-10T09:18:15.891+0000] {processor.py:157} INFO - Started process (PID=3417) to work on /home/airflow/.local/lib/python3.8/site-packages/airflow/example_dags/example_task_group.py
[2023-10-10T09:18:15.892+0000] {processor.py:829} INFO - Processing file /home/airflow/.local/lib/python3.8/site-packages/airflow/example_dags/example_task_group.py for tasks to queue
[2023-10-10T09:18:15.893+0000] {logging_mixin.py:151} INFO - [2023-10-10T09:18:15.893+0000] {dagbag.py:539} INFO - Filling up the DagBag from /home/airflow/.local/lib/python3.8/site-packages/airflow/example_dags/example_task_group.py
[2023-10-10T09:18:15.899+0000] {processor.py:839} INFO - DAG(s) dict_keys(['example_task_group']) retrieved from /home/airflow/.local/lib/python3.8/site-packages/airflow/example_dags/example_task_group.py
[2023-10-10T09:18:15.926+0000] {logging_mixin.py:151} INFO - [2023-10-10T09:18:15.926+0000] {dag.py:2915} INFO - Sync 1 DAGs
[2023-10-10T09:18:15.944+0000] {logging_mixin.py:151} INFO - [2023-10-10T09:18:15.944+0000] {dag.py:3696} INFO - Setting next_dagrun for example_task_group to 2023-10-09T09:18:15.943928+00:00, run_after=2023-10-10T09:18:15.943928+00:00
[2023-10-10T09:18:15.955+0000] {processor.py:179} INFO - Processing /home/airflow/.local/lib/python3.8/site-packages/airflow/example_dags/example_task_group.py took 0.067 seconds
[2023-10-10T09:18:46.256+0000] {processor.py:157} INFO - Started process (PID=3485) to work on /home/airflow/.local/lib/python3.8/site-packages/airflow/example_dags/example_task_group.py
[2023-10-10T09:18:46.258+0000] {processor.py:829} INFO - Processing file /home/airflow/.local/lib/python3.8/site-packages/airflow/example_dags/example_task_group.py for tasks to queue
[2023-10-10T09:18:46.259+0000] {logging_mixin.py:151} INFO - [2023-10-10T09:18:46.259+0000] {dagbag.py:539} INFO - Filling up the DagBag from /home/airflow/.local/lib/python3.8/site-packages/airflow/example_dags/example_task_group.py
[2023-10-10T09:18:46.269+0000] {processor.py:839} INFO - DAG(s) dict_keys(['example_task_group']) retrieved from /home/airflow/.local/lib/python3.8/site-packages/airflow/example_dags/example_task_group.py
[2023-10-10T09:18:46.301+0000] {logging_mixin.py:151} INFO - [2023-10-10T09:18:46.301+0000] {dag.py:2915} INFO - Sync 1 DAGs
[2023-10-10T09:18:46.325+0000] {logging_mixin.py:151} INFO - [2023-10-10T09:18:46.325+0000] {dag.py:3696} INFO - Setting next_dagrun for example_task_group to 2023-10-09T09:18:46.324732+00:00, run_after=2023-10-10T09:18:46.324732+00:00
[2023-10-10T09:18:46.338+0000] {processor.py:179} INFO - Processing /home/airflow/.local/lib/python3.8/site-packages/airflow/example_dags/example_task_group.py took 0.084 seconds
[2023-10-10T09:19:16.400+0000] {processor.py:157} INFO - Started process (PID=3545) to work on /home/airflow/.local/lib/python3.8/site-packages/airflow/example_dags/example_task_group.py
[2023-10-10T09:19:16.401+0000] {processor.py:829} INFO - Processing file /home/airflow/.local/lib/python3.8/site-packages/airflow/example_dags/example_task_group.py for tasks to queue
[2023-10-10T09:19:16.403+0000] {logging_mixin.py:151} INFO - [2023-10-10T09:19:16.402+0000] {dagbag.py:539} INFO - Filling up the DagBag from /home/airflow/.local/lib/python3.8/site-packages/airflow/example_dags/example_task_group.py
[2023-10-10T09:19:16.408+0000] {processor.py:839} INFO - DAG(s) dict_keys(['example_task_group']) retrieved from /home/airflow/.local/lib/python3.8/site-packages/airflow/example_dags/example_task_group.py
[2023-10-10T09:19:16.424+0000] {logging_mixin.py:151} INFO - [2023-10-10T09:19:16.424+0000] {dag.py:2915} INFO - Sync 1 DAGs
[2023-10-10T09:19:16.438+0000] {logging_mixin.py:151} INFO - [2023-10-10T09:19:16.438+0000] {dag.py:3696} INFO - Setting next_dagrun for example_task_group to 2023-10-09T09:19:16.438305+00:00, run_after=2023-10-10T09:19:16.438305+00:00
[2023-10-10T09:19:16.448+0000] {processor.py:179} INFO - Processing /home/airflow/.local/lib/python3.8/site-packages/airflow/example_dags/example_task_group.py took 0.050 seconds
[2023-10-10T09:19:46.724+0000] {processor.py:157} INFO - Started process (PID=3606) to work on /home/airflow/.local/lib/python3.8/site-packages/airflow/example_dags/example_task_group.py
[2023-10-10T09:19:46.726+0000] {processor.py:829} INFO - Processing file /home/airflow/.local/lib/python3.8/site-packages/airflow/example_dags/example_task_group.py for tasks to queue
[2023-10-10T09:19:46.728+0000] {logging_mixin.py:151} INFO - [2023-10-10T09:19:46.728+0000] {dagbag.py:539} INFO - Filling up the DagBag from /home/airflow/.local/lib/python3.8/site-packages/airflow/example_dags/example_task_group.py
[2023-10-10T09:19:46.736+0000] {processor.py:839} INFO - DAG(s) dict_keys(['example_task_group']) retrieved from /home/airflow/.local/lib/python3.8/site-packages/airflow/example_dags/example_task_group.py
[2023-10-10T09:19:46.755+0000] {logging_mixin.py:151} INFO - [2023-10-10T09:19:46.755+0000] {dag.py:2915} INFO - Sync 1 DAGs
[2023-10-10T09:19:46.770+0000] {logging_mixin.py:151} INFO - [2023-10-10T09:19:46.770+0000] {dag.py:3696} INFO - Setting next_dagrun for example_task_group to 2023-10-09T09:19:46.770733+00:00, run_after=2023-10-10T09:19:46.770733+00:00
[2023-10-10T09:19:46.781+0000] {processor.py:179} INFO - Processing /home/airflow/.local/lib/python3.8/site-packages/airflow/example_dags/example_task_group.py took 0.059 seconds
