[2023-10-10T08:49:46.319+0000] {processor.py:157} INFO - Started process (PID=41) to work on /home/airflow/.local/lib/python3.8/site-packages/airflow/example_dags/example_skip_dag.py
[2023-10-10T08:49:46.331+0000] {processor.py:829} INFO - Processing file /home/airflow/.local/lib/python3.8/site-packages/airflow/example_dags/example_skip_dag.py for tasks to queue
[2023-10-10T08:49:46.343+0000] {logging_mixin.py:151} INFO - [2023-10-10T08:49:46.337+0000] {dagbag.py:539} INFO - Filling up the DagBag from /home/airflow/.local/lib/python3.8/site-packages/airflow/example_dags/example_skip_dag.py
[2023-10-10T08:49:46.391+0000] {processor.py:839} INFO - DAG(s) dict_keys(['example_skip_dag']) retrieved from /home/airflow/.local/lib/python3.8/site-packages/airflow/example_dags/example_skip_dag.py
[2023-10-10T08:49:46.527+0000] {logging_mixin.py:151} INFO - [2023-10-10T08:49:46.526+0000] {dag.py:2915} INFO - Sync 1 DAGs
[2023-10-10T08:49:46.594+0000] {logging_mixin.py:151} INFO - [2023-10-10T08:49:46.594+0000] {dag.py:3696} INFO - Setting next_dagrun for example_skip_dag to 2023-10-09T08:49:46.593380+00:00, run_after=2023-10-10T08:49:46.593380+00:00
[2023-10-10T08:49:46.659+0000] {processor.py:179} INFO - Processing /home/airflow/.local/lib/python3.8/site-packages/airflow/example_dags/example_skip_dag.py took 0.360 seconds
[2023-10-10T08:50:22.903+0000] {processor.py:157} INFO - Started process (PID=96) to work on /home/airflow/.local/lib/python3.8/site-packages/airflow/example_dags/example_skip_dag.py
[2023-10-10T08:50:22.914+0000] {processor.py:829} INFO - Processing file /home/airflow/.local/lib/python3.8/site-packages/airflow/example_dags/example_skip_dag.py for tasks to queue
[2023-10-10T08:50:22.922+0000] {logging_mixin.py:151} INFO - [2023-10-10T08:50:22.921+0000] {dagbag.py:539} INFO - Filling up the DagBag from /home/airflow/.local/lib/python3.8/site-packages/airflow/example_dags/example_skip_dag.py
[2023-10-10T08:50:22.948+0000] {processor.py:839} INFO - DAG(s) dict_keys(['example_skip_dag']) retrieved from /home/airflow/.local/lib/python3.8/site-packages/airflow/example_dags/example_skip_dag.py
[2023-10-10T08:50:23.001+0000] {logging_mixin.py:151} INFO - [2023-10-10T08:50:23.000+0000] {dag.py:2915} INFO - Sync 1 DAGs
[2023-10-10T08:50:23.058+0000] {logging_mixin.py:151} INFO - [2023-10-10T08:50:23.058+0000] {dag.py:3696} INFO - Setting next_dagrun for example_skip_dag to 2023-10-09T08:50:23.057327+00:00, run_after=2023-10-10T08:50:23.057327+00:00
[2023-10-10T08:50:23.088+0000] {processor.py:179} INFO - Processing /home/airflow/.local/lib/python3.8/site-packages/airflow/example_dags/example_skip_dag.py took 0.206 seconds
[2023-10-10T08:50:53.426+0000] {processor.py:157} INFO - Started process (PID=157) to work on /home/airflow/.local/lib/python3.8/site-packages/airflow/example_dags/example_skip_dag.py
[2023-10-10T08:50:53.427+0000] {processor.py:829} INFO - Processing file /home/airflow/.local/lib/python3.8/site-packages/airflow/example_dags/example_skip_dag.py for tasks to queue
[2023-10-10T08:50:53.429+0000] {logging_mixin.py:151} INFO - [2023-10-10T08:50:53.429+0000] {dagbag.py:539} INFO - Filling up the DagBag from /home/airflow/.local/lib/python3.8/site-packages/airflow/example_dags/example_skip_dag.py
[2023-10-10T08:50:53.434+0000] {processor.py:839} INFO - DAG(s) dict_keys(['example_skip_dag']) retrieved from /home/airflow/.local/lib/python3.8/site-packages/airflow/example_dags/example_skip_dag.py
[2023-10-10T08:50:53.452+0000] {logging_mixin.py:151} INFO - [2023-10-10T08:50:53.452+0000] {dag.py:2915} INFO - Sync 1 DAGs
[2023-10-10T08:50:53.469+0000] {logging_mixin.py:151} INFO - [2023-10-10T08:50:53.469+0000] {dag.py:3696} INFO - Setting next_dagrun for example_skip_dag to 2023-10-09T08:50:53.469173+00:00, run_after=2023-10-10T08:50:53.469173+00:00
[2023-10-10T08:50:53.483+0000] {processor.py:179} INFO - Processing /home/airflow/.local/lib/python3.8/site-packages/airflow/example_dags/example_skip_dag.py took 0.060 seconds
[2023-10-10T08:51:23.905+0000] {processor.py:157} INFO - Started process (PID=218) to work on /home/airflow/.local/lib/python3.8/site-packages/airflow/example_dags/example_skip_dag.py
[2023-10-10T08:51:23.906+0000] {processor.py:829} INFO - Processing file /home/airflow/.local/lib/python3.8/site-packages/airflow/example_dags/example_skip_dag.py for tasks to queue
[2023-10-10T08:51:23.907+0000] {logging_mixin.py:151} INFO - [2023-10-10T08:51:23.907+0000] {dagbag.py:539} INFO - Filling up the DagBag from /home/airflow/.local/lib/python3.8/site-packages/airflow/example_dags/example_skip_dag.py
[2023-10-10T08:51:23.913+0000] {processor.py:839} INFO - DAG(s) dict_keys(['example_skip_dag']) retrieved from /home/airflow/.local/lib/python3.8/site-packages/airflow/example_dags/example_skip_dag.py
[2023-10-10T08:51:23.943+0000] {logging_mixin.py:151} INFO - [2023-10-10T08:51:23.943+0000] {dag.py:2915} INFO - Sync 1 DAGs
[2023-10-10T08:51:23.961+0000] {logging_mixin.py:151} INFO - [2023-10-10T08:51:23.960+0000] {dag.py:3696} INFO - Setting next_dagrun for example_skip_dag to 2023-10-09T08:51:23.960745+00:00, run_after=2023-10-10T08:51:23.960745+00:00
[2023-10-10T08:51:23.972+0000] {processor.py:179} INFO - Processing /home/airflow/.local/lib/python3.8/site-packages/airflow/example_dags/example_skip_dag.py took 0.071 seconds
[2023-10-10T08:51:54.483+0000] {processor.py:157} INFO - Started process (PID=279) to work on /home/airflow/.local/lib/python3.8/site-packages/airflow/example_dags/example_skip_dag.py
[2023-10-10T08:51:54.489+0000] {processor.py:829} INFO - Processing file /home/airflow/.local/lib/python3.8/site-packages/airflow/example_dags/example_skip_dag.py for tasks to queue
[2023-10-10T08:51:54.493+0000] {logging_mixin.py:151} INFO - [2023-10-10T08:51:54.493+0000] {dagbag.py:539} INFO - Filling up the DagBag from /home/airflow/.local/lib/python3.8/site-packages/airflow/example_dags/example_skip_dag.py
[2023-10-10T08:51:54.507+0000] {processor.py:839} INFO - DAG(s) dict_keys(['example_skip_dag']) retrieved from /home/airflow/.local/lib/python3.8/site-packages/airflow/example_dags/example_skip_dag.py
[2023-10-10T08:51:54.548+0000] {logging_mixin.py:151} INFO - [2023-10-10T08:51:54.547+0000] {dag.py:2915} INFO - Sync 1 DAGs
[2023-10-10T08:51:54.589+0000] {logging_mixin.py:151} INFO - [2023-10-10T08:51:54.589+0000] {dag.py:3696} INFO - Setting next_dagrun for example_skip_dag to 2023-10-09T08:51:54.588817+00:00, run_after=2023-10-10T08:51:54.588817+00:00
[2023-10-10T08:51:54.615+0000] {processor.py:179} INFO - Processing /home/airflow/.local/lib/python3.8/site-packages/airflow/example_dags/example_skip_dag.py took 0.138 seconds
[2023-10-10T08:52:25.156+0000] {processor.py:157} INFO - Started process (PID=340) to work on /home/airflow/.local/lib/python3.8/site-packages/airflow/example_dags/example_skip_dag.py
[2023-10-10T08:52:25.157+0000] {processor.py:829} INFO - Processing file /home/airflow/.local/lib/python3.8/site-packages/airflow/example_dags/example_skip_dag.py for tasks to queue
[2023-10-10T08:52:25.159+0000] {logging_mixin.py:151} INFO - [2023-10-10T08:52:25.159+0000] {dagbag.py:539} INFO - Filling up the DagBag from /home/airflow/.local/lib/python3.8/site-packages/airflow/example_dags/example_skip_dag.py
[2023-10-10T08:52:25.167+0000] {processor.py:839} INFO - DAG(s) dict_keys(['example_skip_dag']) retrieved from /home/airflow/.local/lib/python3.8/site-packages/airflow/example_dags/example_skip_dag.py
[2023-10-10T08:52:25.191+0000] {logging_mixin.py:151} INFO - [2023-10-10T08:52:25.191+0000] {dag.py:2915} INFO - Sync 1 DAGs
[2023-10-10T08:52:25.212+0000] {logging_mixin.py:151} INFO - [2023-10-10T08:52:25.212+0000] {dag.py:3696} INFO - Setting next_dagrun for example_skip_dag to 2023-10-09T08:52:25.212475+00:00, run_after=2023-10-10T08:52:25.212475+00:00
[2023-10-10T08:52:25.224+0000] {processor.py:179} INFO - Processing /home/airflow/.local/lib/python3.8/site-packages/airflow/example_dags/example_skip_dag.py took 0.072 seconds
[2023-10-10T08:52:56.035+0000] {processor.py:157} INFO - Started process (PID=399) to work on /home/airflow/.local/lib/python3.8/site-packages/airflow/example_dags/example_skip_dag.py
[2023-10-10T08:52:56.037+0000] {processor.py:829} INFO - Processing file /home/airflow/.local/lib/python3.8/site-packages/airflow/example_dags/example_skip_dag.py for tasks to queue
[2023-10-10T08:52:56.039+0000] {logging_mixin.py:151} INFO - [2023-10-10T08:52:56.039+0000] {dagbag.py:539} INFO - Filling up the DagBag from /home/airflow/.local/lib/python3.8/site-packages/airflow/example_dags/example_skip_dag.py
[2023-10-10T08:52:56.046+0000] {processor.py:839} INFO - DAG(s) dict_keys(['example_skip_dag']) retrieved from /home/airflow/.local/lib/python3.8/site-packages/airflow/example_dags/example_skip_dag.py
[2023-10-10T08:52:56.067+0000] {logging_mixin.py:151} INFO - [2023-10-10T08:52:56.066+0000] {dag.py:2915} INFO - Sync 1 DAGs
[2023-10-10T08:52:56.082+0000] {logging_mixin.py:151} INFO - [2023-10-10T08:52:56.082+0000] {dag.py:3696} INFO - Setting next_dagrun for example_skip_dag to 2023-10-09T08:52:56.081806+00:00, run_after=2023-10-10T08:52:56.081806+00:00
[2023-10-10T08:52:56.093+0000] {processor.py:179} INFO - Processing /home/airflow/.local/lib/python3.8/site-packages/airflow/example_dags/example_skip_dag.py took 0.063 seconds
[2023-10-10T08:53:26.424+0000] {processor.py:157} INFO - Started process (PID=460) to work on /home/airflow/.local/lib/python3.8/site-packages/airflow/example_dags/example_skip_dag.py
[2023-10-10T08:53:26.426+0000] {processor.py:829} INFO - Processing file /home/airflow/.local/lib/python3.8/site-packages/airflow/example_dags/example_skip_dag.py for tasks to queue
[2023-10-10T08:53:26.430+0000] {logging_mixin.py:151} INFO - [2023-10-10T08:53:26.429+0000] {dagbag.py:539} INFO - Filling up the DagBag from /home/airflow/.local/lib/python3.8/site-packages/airflow/example_dags/example_skip_dag.py
[2023-10-10T08:53:26.438+0000] {processor.py:839} INFO - DAG(s) dict_keys(['example_skip_dag']) retrieved from /home/airflow/.local/lib/python3.8/site-packages/airflow/example_dags/example_skip_dag.py
[2023-10-10T08:53:26.457+0000] {logging_mixin.py:151} INFO - [2023-10-10T08:53:26.457+0000] {dag.py:2915} INFO - Sync 1 DAGs
[2023-10-10T08:53:26.476+0000] {logging_mixin.py:151} INFO - [2023-10-10T08:53:26.476+0000] {dag.py:3696} INFO - Setting next_dagrun for example_skip_dag to 2023-10-09T08:53:26.475867+00:00, run_after=2023-10-10T08:53:26.475867+00:00
[2023-10-10T08:53:26.487+0000] {processor.py:179} INFO - Processing /home/airflow/.local/lib/python3.8/site-packages/airflow/example_dags/example_skip_dag.py took 0.067 seconds
[2023-10-10T08:53:57.163+0000] {processor.py:157} INFO - Started process (PID=521) to work on /home/airflow/.local/lib/python3.8/site-packages/airflow/example_dags/example_skip_dag.py
[2023-10-10T08:53:57.166+0000] {processor.py:829} INFO - Processing file /home/airflow/.local/lib/python3.8/site-packages/airflow/example_dags/example_skip_dag.py for tasks to queue
[2023-10-10T08:53:57.173+0000] {logging_mixin.py:151} INFO - [2023-10-10T08:53:57.172+0000] {dagbag.py:539} INFO - Filling up the DagBag from /home/airflow/.local/lib/python3.8/site-packages/airflow/example_dags/example_skip_dag.py
[2023-10-10T08:53:57.183+0000] {processor.py:839} INFO - DAG(s) dict_keys(['example_skip_dag']) retrieved from /home/airflow/.local/lib/python3.8/site-packages/airflow/example_dags/example_skip_dag.py
[2023-10-10T08:53:57.219+0000] {logging_mixin.py:151} INFO - [2023-10-10T08:53:57.219+0000] {dag.py:2915} INFO - Sync 1 DAGs
[2023-10-10T08:53:57.251+0000] {logging_mixin.py:151} INFO - [2023-10-10T08:53:57.251+0000] {dag.py:3696} INFO - Setting next_dagrun for example_skip_dag to 2023-10-09T08:53:57.251047+00:00, run_after=2023-10-10T08:53:57.251047+00:00
[2023-10-10T08:53:57.275+0000] {processor.py:179} INFO - Processing /home/airflow/.local/lib/python3.8/site-packages/airflow/example_dags/example_skip_dag.py took 0.122 seconds
[2023-10-10T08:54:27.538+0000] {processor.py:157} INFO - Started process (PID=582) to work on /home/airflow/.local/lib/python3.8/site-packages/airflow/example_dags/example_skip_dag.py
[2023-10-10T08:54:27.541+0000] {processor.py:829} INFO - Processing file /home/airflow/.local/lib/python3.8/site-packages/airflow/example_dags/example_skip_dag.py for tasks to queue
[2023-10-10T08:54:27.576+0000] {logging_mixin.py:151} INFO - [2023-10-10T08:54:27.576+0000] {dagbag.py:539} INFO - Filling up the DagBag from /home/airflow/.local/lib/python3.8/site-packages/airflow/example_dags/example_skip_dag.py
[2023-10-10T08:54:27.599+0000] {processor.py:839} INFO - DAG(s) dict_keys(['example_skip_dag']) retrieved from /home/airflow/.local/lib/python3.8/site-packages/airflow/example_dags/example_skip_dag.py
[2023-10-10T08:54:27.686+0000] {logging_mixin.py:151} INFO - [2023-10-10T08:54:27.685+0000] {dag.py:2915} INFO - Sync 1 DAGs
[2023-10-10T08:54:27.737+0000] {logging_mixin.py:151} INFO - [2023-10-10T08:54:27.736+0000] {dag.py:3696} INFO - Setting next_dagrun for example_skip_dag to 2023-10-09T08:54:27.736742+00:00, run_after=2023-10-10T08:54:27.736742+00:00
[2023-10-10T08:54:27.771+0000] {processor.py:179} INFO - Processing /home/airflow/.local/lib/python3.8/site-packages/airflow/example_dags/example_skip_dag.py took 0.247 seconds
[2023-10-10T08:54:58.804+0000] {processor.py:157} INFO - Started process (PID=643) to work on /home/airflow/.local/lib/python3.8/site-packages/airflow/example_dags/example_skip_dag.py
[2023-10-10T08:54:58.807+0000] {processor.py:829} INFO - Processing file /home/airflow/.local/lib/python3.8/site-packages/airflow/example_dags/example_skip_dag.py for tasks to queue
[2023-10-10T08:54:58.833+0000] {logging_mixin.py:151} INFO - [2023-10-10T08:54:58.831+0000] {dagbag.py:539} INFO - Filling up the DagBag from /home/airflow/.local/lib/python3.8/site-packages/airflow/example_dags/example_skip_dag.py
[2023-10-10T08:54:58.862+0000] {processor.py:839} INFO - DAG(s) dict_keys(['example_skip_dag']) retrieved from /home/airflow/.local/lib/python3.8/site-packages/airflow/example_dags/example_skip_dag.py
[2023-10-10T08:54:58.936+0000] {logging_mixin.py:151} INFO - [2023-10-10T08:54:58.936+0000] {dag.py:2915} INFO - Sync 1 DAGs
[2023-10-10T08:54:58.964+0000] {logging_mixin.py:151} INFO - [2023-10-10T08:54:58.964+0000] {dag.py:3696} INFO - Setting next_dagrun for example_skip_dag to 2023-10-09T08:54:58.964025+00:00, run_after=2023-10-10T08:54:58.964025+00:00
[2023-10-10T08:54:59.004+0000] {processor.py:179} INFO - Processing /home/airflow/.local/lib/python3.8/site-packages/airflow/example_dags/example_skip_dag.py took 0.215 seconds
[2023-10-10T08:55:29.815+0000] {processor.py:157} INFO - Started process (PID=704) to work on /home/airflow/.local/lib/python3.8/site-packages/airflow/example_dags/example_skip_dag.py
[2023-10-10T08:55:29.818+0000] {processor.py:829} INFO - Processing file /home/airflow/.local/lib/python3.8/site-packages/airflow/example_dags/example_skip_dag.py for tasks to queue
[2023-10-10T08:55:29.826+0000] {logging_mixin.py:151} INFO - [2023-10-10T08:55:29.825+0000] {dagbag.py:539} INFO - Filling up the DagBag from /home/airflow/.local/lib/python3.8/site-packages/airflow/example_dags/example_skip_dag.py
[2023-10-10T08:55:29.839+0000] {processor.py:839} INFO - DAG(s) dict_keys(['example_skip_dag']) retrieved from /home/airflow/.local/lib/python3.8/site-packages/airflow/example_dags/example_skip_dag.py
[2023-10-10T08:55:29.872+0000] {logging_mixin.py:151} INFO - [2023-10-10T08:55:29.872+0000] {dag.py:2915} INFO - Sync 1 DAGs
[2023-10-10T08:55:29.893+0000] {logging_mixin.py:151} INFO - [2023-10-10T08:55:29.893+0000] {dag.py:3696} INFO - Setting next_dagrun for example_skip_dag to 2023-10-09T08:55:29.893219+00:00, run_after=2023-10-10T08:55:29.893219+00:00
[2023-10-10T08:55:29.906+0000] {processor.py:179} INFO - Processing /home/airflow/.local/lib/python3.8/site-packages/airflow/example_dags/example_skip_dag.py took 0.112 seconds
[2023-10-10T08:56:00.444+0000] {processor.py:157} INFO - Started process (PID=764) to work on /home/airflow/.local/lib/python3.8/site-packages/airflow/example_dags/example_skip_dag.py
[2023-10-10T08:56:00.457+0000] {processor.py:829} INFO - Processing file /home/airflow/.local/lib/python3.8/site-packages/airflow/example_dags/example_skip_dag.py for tasks to queue
[2023-10-10T08:56:00.465+0000] {logging_mixin.py:151} INFO - [2023-10-10T08:56:00.464+0000] {dagbag.py:539} INFO - Filling up the DagBag from /home/airflow/.local/lib/python3.8/site-packages/airflow/example_dags/example_skip_dag.py
[2023-10-10T08:56:00.481+0000] {processor.py:839} INFO - DAG(s) dict_keys(['example_skip_dag']) retrieved from /home/airflow/.local/lib/python3.8/site-packages/airflow/example_dags/example_skip_dag.py
[2023-10-10T08:56:00.510+0000] {logging_mixin.py:151} INFO - [2023-10-10T08:56:00.510+0000] {dag.py:2915} INFO - Sync 1 DAGs
[2023-10-10T08:56:00.531+0000] {logging_mixin.py:151} INFO - [2023-10-10T08:56:00.531+0000] {dag.py:3696} INFO - Setting next_dagrun for example_skip_dag to 2023-10-09T08:56:00.531152+00:00, run_after=2023-10-10T08:56:00.531152+00:00
[2023-10-10T08:56:00.545+0000] {processor.py:179} INFO - Processing /home/airflow/.local/lib/python3.8/site-packages/airflow/example_dags/example_skip_dag.py took 0.114 seconds
[2023-10-10T08:56:30.675+0000] {processor.py:157} INFO - Started process (PID=825) to work on /home/airflow/.local/lib/python3.8/site-packages/airflow/example_dags/example_skip_dag.py
[2023-10-10T08:56:30.677+0000] {processor.py:829} INFO - Processing file /home/airflow/.local/lib/python3.8/site-packages/airflow/example_dags/example_skip_dag.py for tasks to queue
[2023-10-10T08:56:30.681+0000] {logging_mixin.py:151} INFO - [2023-10-10T08:56:30.680+0000] {dagbag.py:539} INFO - Filling up the DagBag from /home/airflow/.local/lib/python3.8/site-packages/airflow/example_dags/example_skip_dag.py
[2023-10-10T08:56:30.690+0000] {processor.py:839} INFO - DAG(s) dict_keys(['example_skip_dag']) retrieved from /home/airflow/.local/lib/python3.8/site-packages/airflow/example_dags/example_skip_dag.py
[2023-10-10T08:56:30.719+0000] {logging_mixin.py:151} INFO - [2023-10-10T08:56:30.719+0000] {dag.py:2915} INFO - Sync 1 DAGs
[2023-10-10T08:56:30.738+0000] {logging_mixin.py:151} INFO - [2023-10-10T08:56:30.738+0000] {dag.py:3696} INFO - Setting next_dagrun for example_skip_dag to 2023-10-09T08:56:30.738470+00:00, run_after=2023-10-10T08:56:30.738470+00:00
[2023-10-10T08:56:30.750+0000] {processor.py:179} INFO - Processing /home/airflow/.local/lib/python3.8/site-packages/airflow/example_dags/example_skip_dag.py took 0.083 seconds
[2023-10-10T08:57:01.565+0000] {processor.py:157} INFO - Started process (PID=886) to work on /home/airflow/.local/lib/python3.8/site-packages/airflow/example_dags/example_skip_dag.py
[2023-10-10T08:57:01.567+0000] {processor.py:829} INFO - Processing file /home/airflow/.local/lib/python3.8/site-packages/airflow/example_dags/example_skip_dag.py for tasks to queue
[2023-10-10T08:57:01.573+0000] {logging_mixin.py:151} INFO - [2023-10-10T08:57:01.571+0000] {dagbag.py:539} INFO - Filling up the DagBag from /home/airflow/.local/lib/python3.8/site-packages/airflow/example_dags/example_skip_dag.py
[2023-10-10T08:57:01.580+0000] {processor.py:839} INFO - DAG(s) dict_keys(['example_skip_dag']) retrieved from /home/airflow/.local/lib/python3.8/site-packages/airflow/example_dags/example_skip_dag.py
[2023-10-10T08:57:01.599+0000] {logging_mixin.py:151} INFO - [2023-10-10T08:57:01.599+0000] {dag.py:2915} INFO - Sync 1 DAGs
[2023-10-10T08:57:01.615+0000] {logging_mixin.py:151} INFO - [2023-10-10T08:57:01.615+0000] {dag.py:3696} INFO - Setting next_dagrun for example_skip_dag to 2023-10-09T08:57:01.614963+00:00, run_after=2023-10-10T08:57:01.614963+00:00
[2023-10-10T08:57:01.626+0000] {processor.py:179} INFO - Processing /home/airflow/.local/lib/python3.8/site-packages/airflow/example_dags/example_skip_dag.py took 0.067 seconds
[2023-10-10T08:57:32.518+0000] {processor.py:157} INFO - Started process (PID=947) to work on /home/airflow/.local/lib/python3.8/site-packages/airflow/example_dags/example_skip_dag.py
[2023-10-10T08:57:32.520+0000] {processor.py:829} INFO - Processing file /home/airflow/.local/lib/python3.8/site-packages/airflow/example_dags/example_skip_dag.py for tasks to queue
[2023-10-10T08:57:32.532+0000] {logging_mixin.py:151} INFO - [2023-10-10T08:57:32.531+0000] {dagbag.py:539} INFO - Filling up the DagBag from /home/airflow/.local/lib/python3.8/site-packages/airflow/example_dags/example_skip_dag.py
[2023-10-10T08:57:32.543+0000] {processor.py:839} INFO - DAG(s) dict_keys(['example_skip_dag']) retrieved from /home/airflow/.local/lib/python3.8/site-packages/airflow/example_dags/example_skip_dag.py
[2023-10-10T08:57:32.577+0000] {logging_mixin.py:151} INFO - [2023-10-10T08:57:32.577+0000] {dag.py:2915} INFO - Sync 1 DAGs
[2023-10-10T08:57:32.608+0000] {logging_mixin.py:151} INFO - [2023-10-10T08:57:32.608+0000] {dag.py:3696} INFO - Setting next_dagrun for example_skip_dag to 2023-10-09T08:57:32.607956+00:00, run_after=2023-10-10T08:57:32.607956+00:00
[2023-10-10T08:57:32.621+0000] {processor.py:179} INFO - Processing /home/airflow/.local/lib/python3.8/site-packages/airflow/example_dags/example_skip_dag.py took 0.111 seconds
[2023-10-10T08:58:02.703+0000] {processor.py:157} INFO - Started process (PID=1008) to work on /home/airflow/.local/lib/python3.8/site-packages/airflow/example_dags/example_skip_dag.py
[2023-10-10T08:58:02.705+0000] {processor.py:829} INFO - Processing file /home/airflow/.local/lib/python3.8/site-packages/airflow/example_dags/example_skip_dag.py for tasks to queue
[2023-10-10T08:58:02.709+0000] {logging_mixin.py:151} INFO - [2023-10-10T08:58:02.709+0000] {dagbag.py:539} INFO - Filling up the DagBag from /home/airflow/.local/lib/python3.8/site-packages/airflow/example_dags/example_skip_dag.py
[2023-10-10T08:58:02.718+0000] {processor.py:839} INFO - DAG(s) dict_keys(['example_skip_dag']) retrieved from /home/airflow/.local/lib/python3.8/site-packages/airflow/example_dags/example_skip_dag.py
[2023-10-10T08:58:02.746+0000] {logging_mixin.py:151} INFO - [2023-10-10T08:58:02.746+0000] {dag.py:2915} INFO - Sync 1 DAGs
[2023-10-10T08:58:02.769+0000] {logging_mixin.py:151} INFO - [2023-10-10T08:58:02.769+0000] {dag.py:3696} INFO - Setting next_dagrun for example_skip_dag to 2023-10-09T08:58:02.769431+00:00, run_after=2023-10-10T08:58:02.769431+00:00
[2023-10-10T08:58:02.781+0000] {processor.py:179} INFO - Processing /home/airflow/.local/lib/python3.8/site-packages/airflow/example_dags/example_skip_dag.py took 0.082 seconds
[2023-10-10T08:58:33.386+0000] {processor.py:157} INFO - Started process (PID=1069) to work on /home/airflow/.local/lib/python3.8/site-packages/airflow/example_dags/example_skip_dag.py
[2023-10-10T08:58:33.389+0000] {processor.py:829} INFO - Processing file /home/airflow/.local/lib/python3.8/site-packages/airflow/example_dags/example_skip_dag.py for tasks to queue
[2023-10-10T08:58:33.393+0000] {logging_mixin.py:151} INFO - [2023-10-10T08:58:33.392+0000] {dagbag.py:539} INFO - Filling up the DagBag from /home/airflow/.local/lib/python3.8/site-packages/airflow/example_dags/example_skip_dag.py
[2023-10-10T08:58:33.408+0000] {processor.py:839} INFO - DAG(s) dict_keys(['example_skip_dag']) retrieved from /home/airflow/.local/lib/python3.8/site-packages/airflow/example_dags/example_skip_dag.py
[2023-10-10T08:58:33.455+0000] {logging_mixin.py:151} INFO - [2023-10-10T08:58:33.455+0000] {dag.py:2915} INFO - Sync 1 DAGs
[2023-10-10T08:58:33.484+0000] {logging_mixin.py:151} INFO - [2023-10-10T08:58:33.484+0000] {dag.py:3696} INFO - Setting next_dagrun for example_skip_dag to 2023-10-09T08:58:33.483863+00:00, run_after=2023-10-10T08:58:33.483863+00:00
[2023-10-10T08:58:33.501+0000] {processor.py:179} INFO - Processing /home/airflow/.local/lib/python3.8/site-packages/airflow/example_dags/example_skip_dag.py took 0.126 seconds
[2023-10-10T08:59:04.089+0000] {processor.py:157} INFO - Started process (PID=1130) to work on /home/airflow/.local/lib/python3.8/site-packages/airflow/example_dags/example_skip_dag.py
[2023-10-10T08:59:04.092+0000] {processor.py:829} INFO - Processing file /home/airflow/.local/lib/python3.8/site-packages/airflow/example_dags/example_skip_dag.py for tasks to queue
[2023-10-10T08:59:04.096+0000] {logging_mixin.py:151} INFO - [2023-10-10T08:59:04.095+0000] {dagbag.py:539} INFO - Filling up the DagBag from /home/airflow/.local/lib/python3.8/site-packages/airflow/example_dags/example_skip_dag.py
[2023-10-10T08:59:04.113+0000] {processor.py:839} INFO - DAG(s) dict_keys(['example_skip_dag']) retrieved from /home/airflow/.local/lib/python3.8/site-packages/airflow/example_dags/example_skip_dag.py
[2023-10-10T08:59:04.152+0000] {logging_mixin.py:151} INFO - [2023-10-10T08:59:04.152+0000] {dag.py:2915} INFO - Sync 1 DAGs
[2023-10-10T08:59:04.176+0000] {logging_mixin.py:151} INFO - [2023-10-10T08:59:04.176+0000] {dag.py:3696} INFO - Setting next_dagrun for example_skip_dag to 2023-10-09T08:59:04.175831+00:00, run_after=2023-10-10T08:59:04.175831+00:00
[2023-10-10T08:59:04.194+0000] {processor.py:179} INFO - Processing /home/airflow/.local/lib/python3.8/site-packages/airflow/example_dags/example_skip_dag.py took 0.123 seconds
[2023-10-10T08:59:34.632+0000] {processor.py:157} INFO - Started process (PID=1191) to work on /home/airflow/.local/lib/python3.8/site-packages/airflow/example_dags/example_skip_dag.py
[2023-10-10T08:59:34.634+0000] {processor.py:829} INFO - Processing file /home/airflow/.local/lib/python3.8/site-packages/airflow/example_dags/example_skip_dag.py for tasks to queue
[2023-10-10T08:59:34.638+0000] {logging_mixin.py:151} INFO - [2023-10-10T08:59:34.638+0000] {dagbag.py:539} INFO - Filling up the DagBag from /home/airflow/.local/lib/python3.8/site-packages/airflow/example_dags/example_skip_dag.py
[2023-10-10T08:59:34.653+0000] {processor.py:839} INFO - DAG(s) dict_keys(['example_skip_dag']) retrieved from /home/airflow/.local/lib/python3.8/site-packages/airflow/example_dags/example_skip_dag.py
[2023-10-10T08:59:34.680+0000] {logging_mixin.py:151} INFO - [2023-10-10T08:59:34.680+0000] {dag.py:2915} INFO - Sync 1 DAGs
[2023-10-10T08:59:34.697+0000] {logging_mixin.py:151} INFO - [2023-10-10T08:59:34.697+0000] {dag.py:3696} INFO - Setting next_dagrun for example_skip_dag to 2023-10-09T08:59:34.696760+00:00, run_after=2023-10-10T08:59:34.696760+00:00
[2023-10-10T08:59:34.713+0000] {processor.py:179} INFO - Processing /home/airflow/.local/lib/python3.8/site-packages/airflow/example_dags/example_skip_dag.py took 0.090 seconds
[2023-10-10T09:00:05.094+0000] {processor.py:157} INFO - Started process (PID=1252) to work on /home/airflow/.local/lib/python3.8/site-packages/airflow/example_dags/example_skip_dag.py
[2023-10-10T09:00:05.096+0000] {processor.py:829} INFO - Processing file /home/airflow/.local/lib/python3.8/site-packages/airflow/example_dags/example_skip_dag.py for tasks to queue
[2023-10-10T09:00:05.100+0000] {logging_mixin.py:151} INFO - [2023-10-10T09:00:05.099+0000] {dagbag.py:539} INFO - Filling up the DagBag from /home/airflow/.local/lib/python3.8/site-packages/airflow/example_dags/example_skip_dag.py
[2023-10-10T09:00:05.109+0000] {processor.py:839} INFO - DAG(s) dict_keys(['example_skip_dag']) retrieved from /home/airflow/.local/lib/python3.8/site-packages/airflow/example_dags/example_skip_dag.py
[2023-10-10T09:00:05.148+0000] {logging_mixin.py:151} INFO - [2023-10-10T09:00:05.148+0000] {dag.py:2915} INFO - Sync 1 DAGs
[2023-10-10T09:00:05.169+0000] {logging_mixin.py:151} INFO - [2023-10-10T09:00:05.169+0000] {dag.py:3696} INFO - Setting next_dagrun for example_skip_dag to 2023-10-09T09:00:05.168955+00:00, run_after=2023-10-10T09:00:05.168955+00:00
[2023-10-10T09:00:05.182+0000] {processor.py:179} INFO - Processing /home/airflow/.local/lib/python3.8/site-packages/airflow/example_dags/example_skip_dag.py took 0.101 seconds
[2023-10-10T09:00:35.318+0000] {processor.py:157} INFO - Started process (PID=1313) to work on /home/airflow/.local/lib/python3.8/site-packages/airflow/example_dags/example_skip_dag.py
[2023-10-10T09:00:35.319+0000] {processor.py:829} INFO - Processing file /home/airflow/.local/lib/python3.8/site-packages/airflow/example_dags/example_skip_dag.py for tasks to queue
[2023-10-10T09:00:35.324+0000] {logging_mixin.py:151} INFO - [2023-10-10T09:00:35.323+0000] {dagbag.py:539} INFO - Filling up the DagBag from /home/airflow/.local/lib/python3.8/site-packages/airflow/example_dags/example_skip_dag.py
[2023-10-10T09:00:35.332+0000] {processor.py:839} INFO - DAG(s) dict_keys(['example_skip_dag']) retrieved from /home/airflow/.local/lib/python3.8/site-packages/airflow/example_dags/example_skip_dag.py
[2023-10-10T09:00:35.355+0000] {logging_mixin.py:151} INFO - [2023-10-10T09:00:35.355+0000] {dag.py:2915} INFO - Sync 1 DAGs
[2023-10-10T09:00:35.377+0000] {logging_mixin.py:151} INFO - [2023-10-10T09:00:35.377+0000] {dag.py:3696} INFO - Setting next_dagrun for example_skip_dag to 2023-10-09T09:00:35.376622+00:00, run_after=2023-10-10T09:00:35.376622+00:00
[2023-10-10T09:00:35.391+0000] {processor.py:179} INFO - Processing /home/airflow/.local/lib/python3.8/site-packages/airflow/example_dags/example_skip_dag.py took 0.078 seconds
[2023-10-10T09:01:05.674+0000] {processor.py:157} INFO - Started process (PID=1374) to work on /home/airflow/.local/lib/python3.8/site-packages/airflow/example_dags/example_skip_dag.py
[2023-10-10T09:01:05.678+0000] {processor.py:829} INFO - Processing file /home/airflow/.local/lib/python3.8/site-packages/airflow/example_dags/example_skip_dag.py for tasks to queue
[2023-10-10T09:01:05.687+0000] {logging_mixin.py:151} INFO - [2023-10-10T09:01:05.686+0000] {dagbag.py:539} INFO - Filling up the DagBag from /home/airflow/.local/lib/python3.8/site-packages/airflow/example_dags/example_skip_dag.py
[2023-10-10T09:01:05.708+0000] {processor.py:839} INFO - DAG(s) dict_keys(['example_skip_dag']) retrieved from /home/airflow/.local/lib/python3.8/site-packages/airflow/example_dags/example_skip_dag.py
[2023-10-10T09:01:05.737+0000] {logging_mixin.py:151} INFO - [2023-10-10T09:01:05.737+0000] {dag.py:2915} INFO - Sync 1 DAGs
[2023-10-10T09:01:05.756+0000] {logging_mixin.py:151} INFO - [2023-10-10T09:01:05.755+0000] {dag.py:3696} INFO - Setting next_dagrun for example_skip_dag to 2023-10-09T09:01:05.755522+00:00, run_after=2023-10-10T09:01:05.755522+00:00
[2023-10-10T09:01:05.768+0000] {processor.py:179} INFO - Processing /home/airflow/.local/lib/python3.8/site-packages/airflow/example_dags/example_skip_dag.py took 0.104 seconds
[2023-10-10T09:01:35.903+0000] {processor.py:157} INFO - Started process (PID=1435) to work on /home/airflow/.local/lib/python3.8/site-packages/airflow/example_dags/example_skip_dag.py
[2023-10-10T09:01:35.906+0000] {processor.py:829} INFO - Processing file /home/airflow/.local/lib/python3.8/site-packages/airflow/example_dags/example_skip_dag.py for tasks to queue
[2023-10-10T09:01:35.909+0000] {logging_mixin.py:151} INFO - [2023-10-10T09:01:35.908+0000] {dagbag.py:539} INFO - Filling up the DagBag from /home/airflow/.local/lib/python3.8/site-packages/airflow/example_dags/example_skip_dag.py
[2023-10-10T09:01:35.916+0000] {processor.py:839} INFO - DAG(s) dict_keys(['example_skip_dag']) retrieved from /home/airflow/.local/lib/python3.8/site-packages/airflow/example_dags/example_skip_dag.py
[2023-10-10T09:01:35.936+0000] {logging_mixin.py:151} INFO - [2023-10-10T09:01:35.936+0000] {dag.py:2915} INFO - Sync 1 DAGs
[2023-10-10T09:01:35.951+0000] {logging_mixin.py:151} INFO - [2023-10-10T09:01:35.951+0000] {dag.py:3696} INFO - Setting next_dagrun for example_skip_dag to 2023-10-09T09:01:35.951290+00:00, run_after=2023-10-10T09:01:35.951290+00:00
[2023-10-10T09:01:35.962+0000] {processor.py:179} INFO - Processing /home/airflow/.local/lib/python3.8/site-packages/airflow/example_dags/example_skip_dag.py took 0.066 seconds
[2023-10-10T09:02:06.077+0000] {processor.py:157} INFO - Started process (PID=1496) to work on /home/airflow/.local/lib/python3.8/site-packages/airflow/example_dags/example_skip_dag.py
[2023-10-10T09:02:06.080+0000] {processor.py:829} INFO - Processing file /home/airflow/.local/lib/python3.8/site-packages/airflow/example_dags/example_skip_dag.py for tasks to queue
[2023-10-10T09:02:06.084+0000] {logging_mixin.py:151} INFO - [2023-10-10T09:02:06.083+0000] {dagbag.py:539} INFO - Filling up the DagBag from /home/airflow/.local/lib/python3.8/site-packages/airflow/example_dags/example_skip_dag.py
[2023-10-10T09:02:06.094+0000] {processor.py:839} INFO - DAG(s) dict_keys(['example_skip_dag']) retrieved from /home/airflow/.local/lib/python3.8/site-packages/airflow/example_dags/example_skip_dag.py
[2023-10-10T09:02:06.154+0000] {logging_mixin.py:151} INFO - [2023-10-10T09:02:06.154+0000] {dag.py:2915} INFO - Sync 1 DAGs
[2023-10-10T09:02:06.179+0000] {logging_mixin.py:151} INFO - [2023-10-10T09:02:06.179+0000] {dag.py:3696} INFO - Setting next_dagrun for example_skip_dag to 2023-10-09T09:02:06.179088+00:00, run_after=2023-10-10T09:02:06.179088+00:00
[2023-10-10T09:02:06.198+0000] {processor.py:179} INFO - Processing /home/airflow/.local/lib/python3.8/site-packages/airflow/example_dags/example_skip_dag.py took 0.126 seconds
[2023-10-10T09:02:36.757+0000] {processor.py:157} INFO - Started process (PID=1557) to work on /home/airflow/.local/lib/python3.8/site-packages/airflow/example_dags/example_skip_dag.py
[2023-10-10T09:02:36.759+0000] {processor.py:829} INFO - Processing file /home/airflow/.local/lib/python3.8/site-packages/airflow/example_dags/example_skip_dag.py for tasks to queue
[2023-10-10T09:02:36.764+0000] {logging_mixin.py:151} INFO - [2023-10-10T09:02:36.763+0000] {dagbag.py:539} INFO - Filling up the DagBag from /home/airflow/.local/lib/python3.8/site-packages/airflow/example_dags/example_skip_dag.py
[2023-10-10T09:02:36.783+0000] {processor.py:839} INFO - DAG(s) dict_keys(['example_skip_dag']) retrieved from /home/airflow/.local/lib/python3.8/site-packages/airflow/example_dags/example_skip_dag.py
[2023-10-10T09:02:36.813+0000] {logging_mixin.py:151} INFO - [2023-10-10T09:02:36.813+0000] {dag.py:2915} INFO - Sync 1 DAGs
[2023-10-10T09:02:36.836+0000] {logging_mixin.py:151} INFO - [2023-10-10T09:02:36.836+0000] {dag.py:3696} INFO - Setting next_dagrun for example_skip_dag to 2023-10-09T09:02:36.836092+00:00, run_after=2023-10-10T09:02:36.836092+00:00
[2023-10-10T09:02:36.849+0000] {processor.py:179} INFO - Processing /home/airflow/.local/lib/python3.8/site-packages/airflow/example_dags/example_skip_dag.py took 0.103 seconds
[2023-10-10T09:03:07.633+0000] {processor.py:157} INFO - Started process (PID=1618) to work on /home/airflow/.local/lib/python3.8/site-packages/airflow/example_dags/example_skip_dag.py
[2023-10-10T09:03:07.639+0000] {processor.py:829} INFO - Processing file /home/airflow/.local/lib/python3.8/site-packages/airflow/example_dags/example_skip_dag.py for tasks to queue
[2023-10-10T09:03:07.644+0000] {logging_mixin.py:151} INFO - [2023-10-10T09:03:07.643+0000] {dagbag.py:539} INFO - Filling up the DagBag from /home/airflow/.local/lib/python3.8/site-packages/airflow/example_dags/example_skip_dag.py
[2023-10-10T09:03:07.653+0000] {processor.py:839} INFO - DAG(s) dict_keys(['example_skip_dag']) retrieved from /home/airflow/.local/lib/python3.8/site-packages/airflow/example_dags/example_skip_dag.py
[2023-10-10T09:03:07.677+0000] {logging_mixin.py:151} INFO - [2023-10-10T09:03:07.676+0000] {dag.py:2915} INFO - Sync 1 DAGs
[2023-10-10T09:03:07.701+0000] {logging_mixin.py:151} INFO - [2023-10-10T09:03:07.701+0000] {dag.py:3696} INFO - Setting next_dagrun for example_skip_dag to 2023-10-09T09:03:07.700996+00:00, run_after=2023-10-10T09:03:07.700996+00:00
[2023-10-10T09:03:07.715+0000] {processor.py:179} INFO - Processing /home/airflow/.local/lib/python3.8/site-packages/airflow/example_dags/example_skip_dag.py took 0.099 seconds
[2023-10-10T09:03:37.901+0000] {processor.py:157} INFO - Started process (PID=1679) to work on /home/airflow/.local/lib/python3.8/site-packages/airflow/example_dags/example_skip_dag.py
[2023-10-10T09:03:37.902+0000] {processor.py:829} INFO - Processing file /home/airflow/.local/lib/python3.8/site-packages/airflow/example_dags/example_skip_dag.py for tasks to queue
[2023-10-10T09:03:37.904+0000] {logging_mixin.py:151} INFO - [2023-10-10T09:03:37.904+0000] {dagbag.py:539} INFO - Filling up the DagBag from /home/airflow/.local/lib/python3.8/site-packages/airflow/example_dags/example_skip_dag.py
[2023-10-10T09:03:37.909+0000] {processor.py:839} INFO - DAG(s) dict_keys(['example_skip_dag']) retrieved from /home/airflow/.local/lib/python3.8/site-packages/airflow/example_dags/example_skip_dag.py
[2023-10-10T09:03:37.925+0000] {logging_mixin.py:151} INFO - [2023-10-10T09:03:37.925+0000] {dag.py:2915} INFO - Sync 1 DAGs
[2023-10-10T09:03:37.952+0000] {logging_mixin.py:151} INFO - [2023-10-10T09:03:37.951+0000] {dag.py:3696} INFO - Setting next_dagrun for example_skip_dag to 2023-10-09T09:03:37.951531+00:00, run_after=2023-10-10T09:03:37.951531+00:00
[2023-10-10T09:03:37.967+0000] {processor.py:179} INFO - Processing /home/airflow/.local/lib/python3.8/site-packages/airflow/example_dags/example_skip_dag.py took 0.069 seconds
[2023-10-10T09:04:08.495+0000] {processor.py:157} INFO - Started process (PID=1739) to work on /home/airflow/.local/lib/python3.8/site-packages/airflow/example_dags/example_skip_dag.py
[2023-10-10T09:04:08.498+0000] {processor.py:829} INFO - Processing file /home/airflow/.local/lib/python3.8/site-packages/airflow/example_dags/example_skip_dag.py for tasks to queue
[2023-10-10T09:04:08.503+0000] {logging_mixin.py:151} INFO - [2023-10-10T09:04:08.503+0000] {dagbag.py:539} INFO - Filling up the DagBag from /home/airflow/.local/lib/python3.8/site-packages/airflow/example_dags/example_skip_dag.py
[2023-10-10T09:04:08.515+0000] {processor.py:839} INFO - DAG(s) dict_keys(['example_skip_dag']) retrieved from /home/airflow/.local/lib/python3.8/site-packages/airflow/example_dags/example_skip_dag.py
[2023-10-10T09:04:08.548+0000] {logging_mixin.py:151} INFO - [2023-10-10T09:04:08.548+0000] {dag.py:2915} INFO - Sync 1 DAGs
[2023-10-10T09:04:08.565+0000] {logging_mixin.py:151} INFO - [2023-10-10T09:04:08.564+0000] {dag.py:3696} INFO - Setting next_dagrun for example_skip_dag to 2023-10-09T09:04:08.564629+00:00, run_after=2023-10-10T09:04:08.564629+00:00
[2023-10-10T09:04:08.581+0000] {processor.py:179} INFO - Processing /home/airflow/.local/lib/python3.8/site-packages/airflow/example_dags/example_skip_dag.py took 0.104 seconds
[2023-10-10T09:04:39.224+0000] {processor.py:157} INFO - Started process (PID=1800) to work on /home/airflow/.local/lib/python3.8/site-packages/airflow/example_dags/example_skip_dag.py
[2023-10-10T09:04:39.226+0000] {processor.py:829} INFO - Processing file /home/airflow/.local/lib/python3.8/site-packages/airflow/example_dags/example_skip_dag.py for tasks to queue
[2023-10-10T09:04:39.237+0000] {logging_mixin.py:151} INFO - [2023-10-10T09:04:39.235+0000] {dagbag.py:539} INFO - Filling up the DagBag from /home/airflow/.local/lib/python3.8/site-packages/airflow/example_dags/example_skip_dag.py
[2023-10-10T09:04:39.248+0000] {processor.py:839} INFO - DAG(s) dict_keys(['example_skip_dag']) retrieved from /home/airflow/.local/lib/python3.8/site-packages/airflow/example_dags/example_skip_dag.py
[2023-10-10T09:04:39.296+0000] {logging_mixin.py:151} INFO - [2023-10-10T09:04:39.296+0000] {dag.py:2915} INFO - Sync 1 DAGs
[2023-10-10T09:04:39.330+0000] {logging_mixin.py:151} INFO - [2023-10-10T09:04:39.330+0000] {dag.py:3696} INFO - Setting next_dagrun for example_skip_dag to 2023-10-09T09:04:39.330022+00:00, run_after=2023-10-10T09:04:39.330022+00:00
[2023-10-10T09:04:39.351+0000] {processor.py:179} INFO - Processing /home/airflow/.local/lib/python3.8/site-packages/airflow/example_dags/example_skip_dag.py took 0.139 seconds
[2023-10-10T09:05:09.804+0000] {processor.py:157} INFO - Started process (PID=1855) to work on /home/airflow/.local/lib/python3.8/site-packages/airflow/example_dags/example_skip_dag.py
[2023-10-10T09:05:09.807+0000] {processor.py:829} INFO - Processing file /home/airflow/.local/lib/python3.8/site-packages/airflow/example_dags/example_skip_dag.py for tasks to queue
[2023-10-10T09:05:09.810+0000] {logging_mixin.py:151} INFO - [2023-10-10T09:05:09.809+0000] {dagbag.py:539} INFO - Filling up the DagBag from /home/airflow/.local/lib/python3.8/site-packages/airflow/example_dags/example_skip_dag.py
[2023-10-10T09:05:09.823+0000] {processor.py:839} INFO - DAG(s) dict_keys(['example_skip_dag']) retrieved from /home/airflow/.local/lib/python3.8/site-packages/airflow/example_dags/example_skip_dag.py
[2023-10-10T09:05:09.861+0000] {logging_mixin.py:151} INFO - [2023-10-10T09:05:09.861+0000] {dag.py:2915} INFO - Sync 1 DAGs
[2023-10-10T09:05:09.888+0000] {logging_mixin.py:151} INFO - [2023-10-10T09:05:09.888+0000] {dag.py:3696} INFO - Setting next_dagrun for example_skip_dag to 2023-10-09T09:05:09.888104+00:00, run_after=2023-10-10T09:05:09.888104+00:00
[2023-10-10T09:05:09.904+0000] {processor.py:179} INFO - Processing /home/airflow/.local/lib/python3.8/site-packages/airflow/example_dags/example_skip_dag.py took 0.102 seconds
[2023-10-10T09:05:40.503+0000] {processor.py:157} INFO - Started process (PID=1914) to work on /home/airflow/.local/lib/python3.8/site-packages/airflow/example_dags/example_skip_dag.py
[2023-10-10T09:05:40.506+0000] {processor.py:829} INFO - Processing file /home/airflow/.local/lib/python3.8/site-packages/airflow/example_dags/example_skip_dag.py for tasks to queue
[2023-10-10T09:05:40.514+0000] {logging_mixin.py:151} INFO - [2023-10-10T09:05:40.513+0000] {dagbag.py:539} INFO - Filling up the DagBag from /home/airflow/.local/lib/python3.8/site-packages/airflow/example_dags/example_skip_dag.py
[2023-10-10T09:05:40.526+0000] {processor.py:839} INFO - DAG(s) dict_keys(['example_skip_dag']) retrieved from /home/airflow/.local/lib/python3.8/site-packages/airflow/example_dags/example_skip_dag.py
[2023-10-10T09:05:40.568+0000] {logging_mixin.py:151} INFO - [2023-10-10T09:05:40.567+0000] {dag.py:2915} INFO - Sync 1 DAGs
[2023-10-10T09:05:40.588+0000] {logging_mixin.py:151} INFO - [2023-10-10T09:05:40.588+0000] {dag.py:3696} INFO - Setting next_dagrun for example_skip_dag to 2023-10-09T09:05:40.588053+00:00, run_after=2023-10-10T09:05:40.588053+00:00
[2023-10-10T09:05:40.601+0000] {processor.py:179} INFO - Processing /home/airflow/.local/lib/python3.8/site-packages/airflow/example_dags/example_skip_dag.py took 0.106 seconds
[2023-10-10T09:06:11.102+0000] {processor.py:157} INFO - Started process (PID=1975) to work on /home/airflow/.local/lib/python3.8/site-packages/airflow/example_dags/example_skip_dag.py
[2023-10-10T09:06:11.104+0000] {processor.py:829} INFO - Processing file /home/airflow/.local/lib/python3.8/site-packages/airflow/example_dags/example_skip_dag.py for tasks to queue
[2023-10-10T09:06:11.108+0000] {logging_mixin.py:151} INFO - [2023-10-10T09:06:11.108+0000] {dagbag.py:539} INFO - Filling up the DagBag from /home/airflow/.local/lib/python3.8/site-packages/airflow/example_dags/example_skip_dag.py
[2023-10-10T09:06:11.123+0000] {processor.py:839} INFO - DAG(s) dict_keys(['example_skip_dag']) retrieved from /home/airflow/.local/lib/python3.8/site-packages/airflow/example_dags/example_skip_dag.py
[2023-10-10T09:06:11.159+0000] {logging_mixin.py:151} INFO - [2023-10-10T09:06:11.159+0000] {dag.py:2915} INFO - Sync 1 DAGs
[2023-10-10T09:06:11.192+0000] {logging_mixin.py:151} INFO - [2023-10-10T09:06:11.192+0000] {dag.py:3696} INFO - Setting next_dagrun for example_skip_dag to 2023-10-09T09:06:11.191928+00:00, run_after=2023-10-10T09:06:11.191928+00:00
[2023-10-10T09:06:11.231+0000] {processor.py:179} INFO - Processing /home/airflow/.local/lib/python3.8/site-packages/airflow/example_dags/example_skip_dag.py took 0.146 seconds
[2023-10-10T09:06:41.595+0000] {processor.py:157} INFO - Started process (PID=2036) to work on /home/airflow/.local/lib/python3.8/site-packages/airflow/example_dags/example_skip_dag.py
[2023-10-10T09:06:41.598+0000] {processor.py:829} INFO - Processing file /home/airflow/.local/lib/python3.8/site-packages/airflow/example_dags/example_skip_dag.py for tasks to queue
[2023-10-10T09:06:41.604+0000] {logging_mixin.py:151} INFO - [2023-10-10T09:06:41.603+0000] {dagbag.py:539} INFO - Filling up the DagBag from /home/airflow/.local/lib/python3.8/site-packages/airflow/example_dags/example_skip_dag.py
[2023-10-10T09:06:41.619+0000] {processor.py:839} INFO - DAG(s) dict_keys(['example_skip_dag']) retrieved from /home/airflow/.local/lib/python3.8/site-packages/airflow/example_dags/example_skip_dag.py
[2023-10-10T09:06:41.646+0000] {logging_mixin.py:151} INFO - [2023-10-10T09:06:41.646+0000] {dag.py:2915} INFO - Sync 1 DAGs
[2023-10-10T09:06:41.663+0000] {logging_mixin.py:151} INFO - [2023-10-10T09:06:41.663+0000] {dag.py:3696} INFO - Setting next_dagrun for example_skip_dag to 2023-10-09T09:06:41.662917+00:00, run_after=2023-10-10T09:06:41.662917+00:00
[2023-10-10T09:06:41.680+0000] {processor.py:179} INFO - Processing /home/airflow/.local/lib/python3.8/site-packages/airflow/example_dags/example_skip_dag.py took 0.094 seconds
[2023-10-10T09:07:12.099+0000] {processor.py:157} INFO - Started process (PID=2097) to work on /home/airflow/.local/lib/python3.8/site-packages/airflow/example_dags/example_skip_dag.py
[2023-10-10T09:07:12.101+0000] {processor.py:829} INFO - Processing file /home/airflow/.local/lib/python3.8/site-packages/airflow/example_dags/example_skip_dag.py for tasks to queue
[2023-10-10T09:07:12.104+0000] {logging_mixin.py:151} INFO - [2023-10-10T09:07:12.104+0000] {dagbag.py:539} INFO - Filling up the DagBag from /home/airflow/.local/lib/python3.8/site-packages/airflow/example_dags/example_skip_dag.py
[2023-10-10T09:07:12.114+0000] {processor.py:839} INFO - DAG(s) dict_keys(['example_skip_dag']) retrieved from /home/airflow/.local/lib/python3.8/site-packages/airflow/example_dags/example_skip_dag.py
[2023-10-10T09:07:12.145+0000] {logging_mixin.py:151} INFO - [2023-10-10T09:07:12.145+0000] {dag.py:2915} INFO - Sync 1 DAGs
[2023-10-10T09:07:12.161+0000] {logging_mixin.py:151} INFO - [2023-10-10T09:07:12.161+0000] {dag.py:3696} INFO - Setting next_dagrun for example_skip_dag to 2023-10-09T09:07:12.161216+00:00, run_after=2023-10-10T09:07:12.161216+00:00
[2023-10-10T09:07:12.173+0000] {processor.py:179} INFO - Processing /home/airflow/.local/lib/python3.8/site-packages/airflow/example_dags/example_skip_dag.py took 0.081 seconds
[2023-10-10T09:07:42.791+0000] {processor.py:157} INFO - Started process (PID=2158) to work on /home/airflow/.local/lib/python3.8/site-packages/airflow/example_dags/example_skip_dag.py
[2023-10-10T09:07:42.801+0000] {processor.py:829} INFO - Processing file /home/airflow/.local/lib/python3.8/site-packages/airflow/example_dags/example_skip_dag.py for tasks to queue
[2023-10-10T09:07:42.814+0000] {logging_mixin.py:151} INFO - [2023-10-10T09:07:42.812+0000] {dagbag.py:539} INFO - Filling up the DagBag from /home/airflow/.local/lib/python3.8/site-packages/airflow/example_dags/example_skip_dag.py
[2023-10-10T09:07:42.836+0000] {processor.py:839} INFO - DAG(s) dict_keys(['example_skip_dag']) retrieved from /home/airflow/.local/lib/python3.8/site-packages/airflow/example_dags/example_skip_dag.py
[2023-10-10T09:07:42.892+0000] {logging_mixin.py:151} INFO - [2023-10-10T09:07:42.892+0000] {dag.py:2915} INFO - Sync 1 DAGs
[2023-10-10T09:07:42.959+0000] {logging_mixin.py:151} INFO - [2023-10-10T09:07:42.959+0000] {dag.py:3696} INFO - Setting next_dagrun for example_skip_dag to 2023-10-09T09:07:42.955303+00:00, run_after=2023-10-10T09:07:42.955303+00:00
[2023-10-10T09:07:42.992+0000] {processor.py:179} INFO - Processing /home/airflow/.local/lib/python3.8/site-packages/airflow/example_dags/example_skip_dag.py took 0.233 seconds
[2023-10-10T09:08:13.908+0000] {processor.py:157} INFO - Started process (PID=2226) to work on /home/airflow/.local/lib/python3.8/site-packages/airflow/example_dags/example_skip_dag.py
[2023-10-10T09:08:13.910+0000] {processor.py:829} INFO - Processing file /home/airflow/.local/lib/python3.8/site-packages/airflow/example_dags/example_skip_dag.py for tasks to queue
[2023-10-10T09:08:13.915+0000] {logging_mixin.py:151} INFO - [2023-10-10T09:08:13.914+0000] {dagbag.py:539} INFO - Filling up the DagBag from /home/airflow/.local/lib/python3.8/site-packages/airflow/example_dags/example_skip_dag.py
[2023-10-10T09:08:13.930+0000] {processor.py:839} INFO - DAG(s) dict_keys(['example_skip_dag']) retrieved from /home/airflow/.local/lib/python3.8/site-packages/airflow/example_dags/example_skip_dag.py
[2023-10-10T09:08:13.966+0000] {logging_mixin.py:151} INFO - [2023-10-10T09:08:13.966+0000] {dag.py:2915} INFO - Sync 1 DAGs
[2023-10-10T09:08:13.992+0000] {logging_mixin.py:151} INFO - [2023-10-10T09:08:13.991+0000] {dag.py:3696} INFO - Setting next_dagrun for example_skip_dag to 2023-10-09T09:08:13.991481+00:00, run_after=2023-10-10T09:08:13.991481+00:00
[2023-10-10T09:08:14.012+0000] {processor.py:179} INFO - Processing /home/airflow/.local/lib/python3.8/site-packages/airflow/example_dags/example_skip_dag.py took 0.110 seconds
[2023-10-10T09:08:44.441+0000] {processor.py:157} INFO - Started process (PID=2287) to work on /home/airflow/.local/lib/python3.8/site-packages/airflow/example_dags/example_skip_dag.py
[2023-10-10T09:08:44.445+0000] {processor.py:829} INFO - Processing file /home/airflow/.local/lib/python3.8/site-packages/airflow/example_dags/example_skip_dag.py for tasks to queue
[2023-10-10T09:08:44.453+0000] {logging_mixin.py:151} INFO - [2023-10-10T09:08:44.452+0000] {dagbag.py:539} INFO - Filling up the DagBag from /home/airflow/.local/lib/python3.8/site-packages/airflow/example_dags/example_skip_dag.py
[2023-10-10T09:08:44.467+0000] {processor.py:839} INFO - DAG(s) dict_keys(['example_skip_dag']) retrieved from /home/airflow/.local/lib/python3.8/site-packages/airflow/example_dags/example_skip_dag.py
[2023-10-10T09:08:44.492+0000] {logging_mixin.py:151} INFO - [2023-10-10T09:08:44.492+0000] {dag.py:2915} INFO - Sync 1 DAGs
[2023-10-10T09:08:44.519+0000] {logging_mixin.py:151} INFO - [2023-10-10T09:08:44.519+0000] {dag.py:3696} INFO - Setting next_dagrun for example_skip_dag to 2023-10-09T09:08:44.518883+00:00, run_after=2023-10-10T09:08:44.518883+00:00
[2023-10-10T09:08:44.541+0000] {processor.py:179} INFO - Processing /home/airflow/.local/lib/python3.8/site-packages/airflow/example_dags/example_skip_dag.py took 0.118 seconds
[2023-10-10T09:09:15.033+0000] {processor.py:157} INFO - Started process (PID=2348) to work on /home/airflow/.local/lib/python3.8/site-packages/airflow/example_dags/example_skip_dag.py
[2023-10-10T09:09:15.036+0000] {processor.py:829} INFO - Processing file /home/airflow/.local/lib/python3.8/site-packages/airflow/example_dags/example_skip_dag.py for tasks to queue
[2023-10-10T09:09:15.043+0000] {logging_mixin.py:151} INFO - [2023-10-10T09:09:15.042+0000] {dagbag.py:539} INFO - Filling up the DagBag from /home/airflow/.local/lib/python3.8/site-packages/airflow/example_dags/example_skip_dag.py
[2023-10-10T09:09:15.055+0000] {processor.py:839} INFO - DAG(s) dict_keys(['example_skip_dag']) retrieved from /home/airflow/.local/lib/python3.8/site-packages/airflow/example_dags/example_skip_dag.py
[2023-10-10T09:09:15.090+0000] {logging_mixin.py:151} INFO - [2023-10-10T09:09:15.089+0000] {dag.py:2915} INFO - Sync 1 DAGs
[2023-10-10T09:09:15.108+0000] {logging_mixin.py:151} INFO - [2023-10-10T09:09:15.108+0000] {dag.py:3696} INFO - Setting next_dagrun for example_skip_dag to 2023-10-09T09:09:15.108036+00:00, run_after=2023-10-10T09:09:15.108036+00:00
[2023-10-10T09:09:15.126+0000] {processor.py:179} INFO - Processing /home/airflow/.local/lib/python3.8/site-packages/airflow/example_dags/example_skip_dag.py took 0.102 seconds
[2023-10-10T09:09:45.701+0000] {processor.py:157} INFO - Started process (PID=2409) to work on /home/airflow/.local/lib/python3.8/site-packages/airflow/example_dags/example_skip_dag.py
[2023-10-10T09:09:45.703+0000] {processor.py:829} INFO - Processing file /home/airflow/.local/lib/python3.8/site-packages/airflow/example_dags/example_skip_dag.py for tasks to queue
[2023-10-10T09:09:45.707+0000] {logging_mixin.py:151} INFO - [2023-10-10T09:09:45.707+0000] {dagbag.py:539} INFO - Filling up the DagBag from /home/airflow/.local/lib/python3.8/site-packages/airflow/example_dags/example_skip_dag.py
[2023-10-10T09:09:45.716+0000] {processor.py:839} INFO - DAG(s) dict_keys(['example_skip_dag']) retrieved from /home/airflow/.local/lib/python3.8/site-packages/airflow/example_dags/example_skip_dag.py
[2023-10-10T09:09:45.744+0000] {logging_mixin.py:151} INFO - [2023-10-10T09:09:45.744+0000] {dag.py:2915} INFO - Sync 1 DAGs
[2023-10-10T09:09:45.764+0000] {logging_mixin.py:151} INFO - [2023-10-10T09:09:45.764+0000] {dag.py:3696} INFO - Setting next_dagrun for example_skip_dag to 2023-10-09T09:09:45.763717+00:00, run_after=2023-10-10T09:09:45.763717+00:00
[2023-10-10T09:09:45.777+0000] {processor.py:179} INFO - Processing /home/airflow/.local/lib/python3.8/site-packages/airflow/example_dags/example_skip_dag.py took 0.084 seconds
[2023-10-10T09:10:16.019+0000] {processor.py:157} INFO - Started process (PID=2470) to work on /home/airflow/.local/lib/python3.8/site-packages/airflow/example_dags/example_skip_dag.py
[2023-10-10T09:10:16.021+0000] {processor.py:829} INFO - Processing file /home/airflow/.local/lib/python3.8/site-packages/airflow/example_dags/example_skip_dag.py for tasks to queue
[2023-10-10T09:10:16.028+0000] {logging_mixin.py:151} INFO - [2023-10-10T09:10:16.026+0000] {dagbag.py:539} INFO - Filling up the DagBag from /home/airflow/.local/lib/python3.8/site-packages/airflow/example_dags/example_skip_dag.py
[2023-10-10T09:10:16.037+0000] {processor.py:839} INFO - DAG(s) dict_keys(['example_skip_dag']) retrieved from /home/airflow/.local/lib/python3.8/site-packages/airflow/example_dags/example_skip_dag.py
[2023-10-10T09:10:16.062+0000] {logging_mixin.py:151} INFO - [2023-10-10T09:10:16.062+0000] {dag.py:2915} INFO - Sync 1 DAGs
[2023-10-10T09:10:16.087+0000] {logging_mixin.py:151} INFO - [2023-10-10T09:10:16.086+0000] {dag.py:3696} INFO - Setting next_dagrun for example_skip_dag to 2023-10-09T09:10:16.086623+00:00, run_after=2023-10-10T09:10:16.086623+00:00
[2023-10-10T09:10:16.102+0000] {processor.py:179} INFO - Processing /home/airflow/.local/lib/python3.8/site-packages/airflow/example_dags/example_skip_dag.py took 0.092 seconds
[2023-10-10T09:10:46.361+0000] {processor.py:157} INFO - Started process (PID=2530) to work on /home/airflow/.local/lib/python3.8/site-packages/airflow/example_dags/example_skip_dag.py
[2023-10-10T09:10:46.363+0000] {processor.py:829} INFO - Processing file /home/airflow/.local/lib/python3.8/site-packages/airflow/example_dags/example_skip_dag.py for tasks to queue
[2023-10-10T09:10:46.368+0000] {logging_mixin.py:151} INFO - [2023-10-10T09:10:46.367+0000] {dagbag.py:539} INFO - Filling up the DagBag from /home/airflow/.local/lib/python3.8/site-packages/airflow/example_dags/example_skip_dag.py
[2023-10-10T09:10:46.377+0000] {processor.py:839} INFO - DAG(s) dict_keys(['example_skip_dag']) retrieved from /home/airflow/.local/lib/python3.8/site-packages/airflow/example_dags/example_skip_dag.py
[2023-10-10T09:10:46.402+0000] {logging_mixin.py:151} INFO - [2023-10-10T09:10:46.402+0000] {dag.py:2915} INFO - Sync 1 DAGs
[2023-10-10T09:10:46.425+0000] {logging_mixin.py:151} INFO - [2023-10-10T09:10:46.425+0000] {dag.py:3696} INFO - Setting next_dagrun for example_skip_dag to 2023-10-09T09:10:46.424954+00:00, run_after=2023-10-10T09:10:46.424954+00:00
[2023-10-10T09:10:46.437+0000] {processor.py:179} INFO - Processing /home/airflow/.local/lib/python3.8/site-packages/airflow/example_dags/example_skip_dag.py took 0.082 seconds
[2023-10-10T09:11:16.651+0000] {processor.py:157} INFO - Started process (PID=2591) to work on /home/airflow/.local/lib/python3.8/site-packages/airflow/example_dags/example_skip_dag.py
[2023-10-10T09:11:16.653+0000] {processor.py:829} INFO - Processing file /home/airflow/.local/lib/python3.8/site-packages/airflow/example_dags/example_skip_dag.py for tasks to queue
[2023-10-10T09:11:16.657+0000] {logging_mixin.py:151} INFO - [2023-10-10T09:11:16.656+0000] {dagbag.py:539} INFO - Filling up the DagBag from /home/airflow/.local/lib/python3.8/site-packages/airflow/example_dags/example_skip_dag.py
[2023-10-10T09:11:16.663+0000] {processor.py:839} INFO - DAG(s) dict_keys(['example_skip_dag']) retrieved from /home/airflow/.local/lib/python3.8/site-packages/airflow/example_dags/example_skip_dag.py
[2023-10-10T09:11:16.683+0000] {logging_mixin.py:151} INFO - [2023-10-10T09:11:16.683+0000] {dag.py:2915} INFO - Sync 1 DAGs
[2023-10-10T09:11:16.699+0000] {logging_mixin.py:151} INFO - [2023-10-10T09:11:16.699+0000] {dag.py:3696} INFO - Setting next_dagrun for example_skip_dag to 2023-10-09T09:11:16.698756+00:00, run_after=2023-10-10T09:11:16.698756+00:00
[2023-10-10T09:11:16.709+0000] {processor.py:179} INFO - Processing /home/airflow/.local/lib/python3.8/site-packages/airflow/example_dags/example_skip_dag.py took 0.064 seconds
[2023-10-10T09:11:47.014+0000] {processor.py:157} INFO - Started process (PID=2652) to work on /home/airflow/.local/lib/python3.8/site-packages/airflow/example_dags/example_skip_dag.py
[2023-10-10T09:11:47.018+0000] {processor.py:829} INFO - Processing file /home/airflow/.local/lib/python3.8/site-packages/airflow/example_dags/example_skip_dag.py for tasks to queue
[2023-10-10T09:11:47.024+0000] {logging_mixin.py:151} INFO - [2023-10-10T09:11:47.023+0000] {dagbag.py:539} INFO - Filling up the DagBag from /home/airflow/.local/lib/python3.8/site-packages/airflow/example_dags/example_skip_dag.py
[2023-10-10T09:11:47.033+0000] {processor.py:839} INFO - DAG(s) dict_keys(['example_skip_dag']) retrieved from /home/airflow/.local/lib/python3.8/site-packages/airflow/example_dags/example_skip_dag.py
[2023-10-10T09:11:47.060+0000] {logging_mixin.py:151} INFO - [2023-10-10T09:11:47.060+0000] {dag.py:2915} INFO - Sync 1 DAGs
[2023-10-10T09:11:47.079+0000] {logging_mixin.py:151} INFO - [2023-10-10T09:11:47.078+0000] {dag.py:3696} INFO - Setting next_dagrun for example_skip_dag to 2023-10-09T09:11:47.078504+00:00, run_after=2023-10-10T09:11:47.078504+00:00
[2023-10-10T09:11:47.125+0000] {processor.py:179} INFO - Processing /home/airflow/.local/lib/python3.8/site-packages/airflow/example_dags/example_skip_dag.py took 0.124 seconds
[2023-10-10T09:12:17.863+0000] {processor.py:157} INFO - Started process (PID=2713) to work on /home/airflow/.local/lib/python3.8/site-packages/airflow/example_dags/example_skip_dag.py
[2023-10-10T09:12:17.865+0000] {processor.py:829} INFO - Processing file /home/airflow/.local/lib/python3.8/site-packages/airflow/example_dags/example_skip_dag.py for tasks to queue
[2023-10-10T09:12:17.869+0000] {logging_mixin.py:151} INFO - [2023-10-10T09:12:17.869+0000] {dagbag.py:539} INFO - Filling up the DagBag from /home/airflow/.local/lib/python3.8/site-packages/airflow/example_dags/example_skip_dag.py
[2023-10-10T09:12:17.878+0000] {processor.py:839} INFO - DAG(s) dict_keys(['example_skip_dag']) retrieved from /home/airflow/.local/lib/python3.8/site-packages/airflow/example_dags/example_skip_dag.py
[2023-10-10T09:12:17.907+0000] {logging_mixin.py:151} INFO - [2023-10-10T09:12:17.906+0000] {dag.py:2915} INFO - Sync 1 DAGs
[2023-10-10T09:12:17.924+0000] {logging_mixin.py:151} INFO - [2023-10-10T09:12:17.923+0000] {dag.py:3696} INFO - Setting next_dagrun for example_skip_dag to 2023-10-09T09:12:17.923649+00:00, run_after=2023-10-10T09:12:17.923649+00:00
[2023-10-10T09:12:17.934+0000] {processor.py:179} INFO - Processing /home/airflow/.local/lib/python3.8/site-packages/airflow/example_dags/example_skip_dag.py took 0.081 seconds
[2023-10-10T09:12:48.408+0000] {processor.py:157} INFO - Started process (PID=2774) to work on /home/airflow/.local/lib/python3.8/site-packages/airflow/example_dags/example_skip_dag.py
[2023-10-10T09:12:48.410+0000] {processor.py:829} INFO - Processing file /home/airflow/.local/lib/python3.8/site-packages/airflow/example_dags/example_skip_dag.py for tasks to queue
[2023-10-10T09:12:48.413+0000] {logging_mixin.py:151} INFO - [2023-10-10T09:12:48.413+0000] {dagbag.py:539} INFO - Filling up the DagBag from /home/airflow/.local/lib/python3.8/site-packages/airflow/example_dags/example_skip_dag.py
[2023-10-10T09:12:48.419+0000] {processor.py:839} INFO - DAG(s) dict_keys(['example_skip_dag']) retrieved from /home/airflow/.local/lib/python3.8/site-packages/airflow/example_dags/example_skip_dag.py
[2023-10-10T09:12:48.440+0000] {logging_mixin.py:151} INFO - [2023-10-10T09:12:48.439+0000] {dag.py:2915} INFO - Sync 1 DAGs
[2023-10-10T09:12:48.459+0000] {logging_mixin.py:151} INFO - [2023-10-10T09:12:48.459+0000] {dag.py:3696} INFO - Setting next_dagrun for example_skip_dag to 2023-10-09T09:12:48.459362+00:00, run_after=2023-10-10T09:12:48.459362+00:00
[2023-10-10T09:12:48.471+0000] {processor.py:179} INFO - Processing /home/airflow/.local/lib/python3.8/site-packages/airflow/example_dags/example_skip_dag.py took 0.066 seconds
[2023-10-10T09:13:19.318+0000] {processor.py:157} INFO - Started process (PID=2835) to work on /home/airflow/.local/lib/python3.8/site-packages/airflow/example_dags/example_skip_dag.py
[2023-10-10T09:13:19.321+0000] {processor.py:829} INFO - Processing file /home/airflow/.local/lib/python3.8/site-packages/airflow/example_dags/example_skip_dag.py for tasks to queue
[2023-10-10T09:13:19.325+0000] {logging_mixin.py:151} INFO - [2023-10-10T09:13:19.324+0000] {dagbag.py:539} INFO - Filling up the DagBag from /home/airflow/.local/lib/python3.8/site-packages/airflow/example_dags/example_skip_dag.py
[2023-10-10T09:13:19.337+0000] {processor.py:839} INFO - DAG(s) dict_keys(['example_skip_dag']) retrieved from /home/airflow/.local/lib/python3.8/site-packages/airflow/example_dags/example_skip_dag.py
[2023-10-10T09:13:19.368+0000] {logging_mixin.py:151} INFO - [2023-10-10T09:13:19.368+0000] {dag.py:2915} INFO - Sync 1 DAGs
[2023-10-10T09:13:19.392+0000] {logging_mixin.py:151} INFO - [2023-10-10T09:13:19.392+0000] {dag.py:3696} INFO - Setting next_dagrun for example_skip_dag to 2023-10-09T09:13:19.392085+00:00, run_after=2023-10-10T09:13:19.392085+00:00
[2023-10-10T09:13:19.406+0000] {processor.py:179} INFO - Processing /home/airflow/.local/lib/python3.8/site-packages/airflow/example_dags/example_skip_dag.py took 0.095 seconds
[2023-10-10T09:13:49.857+0000] {processor.py:157} INFO - Started process (PID=2896) to work on /home/airflow/.local/lib/python3.8/site-packages/airflow/example_dags/example_skip_dag.py
[2023-10-10T09:13:49.859+0000] {processor.py:829} INFO - Processing file /home/airflow/.local/lib/python3.8/site-packages/airflow/example_dags/example_skip_dag.py for tasks to queue
[2023-10-10T09:13:49.864+0000] {logging_mixin.py:151} INFO - [2023-10-10T09:13:49.863+0000] {dagbag.py:539} INFO - Filling up the DagBag from /home/airflow/.local/lib/python3.8/site-packages/airflow/example_dags/example_skip_dag.py
[2023-10-10T09:13:49.873+0000] {processor.py:839} INFO - DAG(s) dict_keys(['example_skip_dag']) retrieved from /home/airflow/.local/lib/python3.8/site-packages/airflow/example_dags/example_skip_dag.py
[2023-10-10T09:13:49.899+0000] {logging_mixin.py:151} INFO - [2023-10-10T09:13:49.899+0000] {dag.py:2915} INFO - Sync 1 DAGs
[2023-10-10T09:13:49.921+0000] {logging_mixin.py:151} INFO - [2023-10-10T09:13:49.920+0000] {dag.py:3696} INFO - Setting next_dagrun for example_skip_dag to 2023-10-09T09:13:49.920504+00:00, run_after=2023-10-10T09:13:49.920504+00:00
[2023-10-10T09:13:49.933+0000] {processor.py:179} INFO - Processing /home/airflow/.local/lib/python3.8/site-packages/airflow/example_dags/example_skip_dag.py took 0.091 seconds
[2023-10-10T09:14:20.404+0000] {processor.py:157} INFO - Started process (PID=2957) to work on /home/airflow/.local/lib/python3.8/site-packages/airflow/example_dags/example_skip_dag.py
[2023-10-10T09:14:20.415+0000] {processor.py:829} INFO - Processing file /home/airflow/.local/lib/python3.8/site-packages/airflow/example_dags/example_skip_dag.py for tasks to queue
[2023-10-10T09:14:20.430+0000] {logging_mixin.py:151} INFO - [2023-10-10T09:14:20.429+0000] {dagbag.py:539} INFO - Filling up the DagBag from /home/airflow/.local/lib/python3.8/site-packages/airflow/example_dags/example_skip_dag.py
[2023-10-10T09:14:20.444+0000] {processor.py:839} INFO - DAG(s) dict_keys(['example_skip_dag']) retrieved from /home/airflow/.local/lib/python3.8/site-packages/airflow/example_dags/example_skip_dag.py
[2023-10-10T09:14:20.470+0000] {logging_mixin.py:151} INFO - [2023-10-10T09:14:20.470+0000] {dag.py:2915} INFO - Sync 1 DAGs
[2023-10-10T09:14:20.502+0000] {logging_mixin.py:151} INFO - [2023-10-10T09:14:20.502+0000] {dag.py:3696} INFO - Setting next_dagrun for example_skip_dag to 2023-10-09T09:14:20.501815+00:00, run_after=2023-10-10T09:14:20.501815+00:00
[2023-10-10T09:14:20.529+0000] {processor.py:179} INFO - Processing /home/airflow/.local/lib/python3.8/site-packages/airflow/example_dags/example_skip_dag.py took 0.140 seconds
[2023-10-10T09:14:51.093+0000] {processor.py:157} INFO - Started process (PID=3018) to work on /home/airflow/.local/lib/python3.8/site-packages/airflow/example_dags/example_skip_dag.py
[2023-10-10T09:14:51.096+0000] {processor.py:829} INFO - Processing file /home/airflow/.local/lib/python3.8/site-packages/airflow/example_dags/example_skip_dag.py for tasks to queue
[2023-10-10T09:14:51.106+0000] {logging_mixin.py:151} INFO - [2023-10-10T09:14:51.104+0000] {dagbag.py:539} INFO - Filling up the DagBag from /home/airflow/.local/lib/python3.8/site-packages/airflow/example_dags/example_skip_dag.py
[2023-10-10T09:14:51.124+0000] {processor.py:839} INFO - DAG(s) dict_keys(['example_skip_dag']) retrieved from /home/airflow/.local/lib/python3.8/site-packages/airflow/example_dags/example_skip_dag.py
[2023-10-10T09:14:51.156+0000] {logging_mixin.py:151} INFO - [2023-10-10T09:14:51.156+0000] {dag.py:2915} INFO - Sync 1 DAGs
[2023-10-10T09:14:51.185+0000] {logging_mixin.py:151} INFO - [2023-10-10T09:14:51.185+0000] {dag.py:3696} INFO - Setting next_dagrun for example_skip_dag to 2023-10-09T09:14:51.182023+00:00, run_after=2023-10-10T09:14:51.182023+00:00
[2023-10-10T09:14:51.200+0000] {processor.py:179} INFO - Processing /home/airflow/.local/lib/python3.8/site-packages/airflow/example_dags/example_skip_dag.py took 0.116 seconds
[2023-10-10T09:15:21.419+0000] {processor.py:157} INFO - Started process (PID=3079) to work on /home/airflow/.local/lib/python3.8/site-packages/airflow/example_dags/example_skip_dag.py
[2023-10-10T09:15:21.422+0000] {processor.py:829} INFO - Processing file /home/airflow/.local/lib/python3.8/site-packages/airflow/example_dags/example_skip_dag.py for tasks to queue
[2023-10-10T09:15:21.433+0000] {logging_mixin.py:151} INFO - [2023-10-10T09:15:21.432+0000] {dagbag.py:539} INFO - Filling up the DagBag from /home/airflow/.local/lib/python3.8/site-packages/airflow/example_dags/example_skip_dag.py
[2023-10-10T09:15:21.446+0000] {processor.py:839} INFO - DAG(s) dict_keys(['example_skip_dag']) retrieved from /home/airflow/.local/lib/python3.8/site-packages/airflow/example_dags/example_skip_dag.py
[2023-10-10T09:15:21.473+0000] {logging_mixin.py:151} INFO - [2023-10-10T09:15:21.473+0000] {dag.py:2915} INFO - Sync 1 DAGs
[2023-10-10T09:15:21.499+0000] {logging_mixin.py:151} INFO - [2023-10-10T09:15:21.498+0000] {dag.py:3696} INFO - Setting next_dagrun for example_skip_dag to 2023-10-09T09:15:21.498296+00:00, run_after=2023-10-10T09:15:21.498296+00:00
[2023-10-10T09:15:21.512+0000] {processor.py:179} INFO - Processing /home/airflow/.local/lib/python3.8/site-packages/airflow/example_dags/example_skip_dag.py took 0.108 seconds
[2023-10-10T09:15:51.816+0000] {processor.py:157} INFO - Started process (PID=3140) to work on /home/airflow/.local/lib/python3.8/site-packages/airflow/example_dags/example_skip_dag.py
[2023-10-10T09:15:51.817+0000] {processor.py:829} INFO - Processing file /home/airflow/.local/lib/python3.8/site-packages/airflow/example_dags/example_skip_dag.py for tasks to queue
[2023-10-10T09:15:51.822+0000] {logging_mixin.py:151} INFO - [2023-10-10T09:15:51.821+0000] {dagbag.py:539} INFO - Filling up the DagBag from /home/airflow/.local/lib/python3.8/site-packages/airflow/example_dags/example_skip_dag.py
[2023-10-10T09:15:51.831+0000] {processor.py:839} INFO - DAG(s) dict_keys(['example_skip_dag']) retrieved from /home/airflow/.local/lib/python3.8/site-packages/airflow/example_dags/example_skip_dag.py
[2023-10-10T09:15:51.866+0000] {logging_mixin.py:151} INFO - [2023-10-10T09:15:51.866+0000] {dag.py:2915} INFO - Sync 1 DAGs
[2023-10-10T09:15:51.892+0000] {logging_mixin.py:151} INFO - [2023-10-10T09:15:51.892+0000] {dag.py:3696} INFO - Setting next_dagrun for example_skip_dag to 2023-10-09T09:15:51.891765+00:00, run_after=2023-10-10T09:15:51.891765+00:00
[2023-10-10T09:15:51.912+0000] {processor.py:179} INFO - Processing /home/airflow/.local/lib/python3.8/site-packages/airflow/example_dags/example_skip_dag.py took 0.105 seconds
[2023-10-10T09:16:22.496+0000] {processor.py:157} INFO - Started process (PID=3201) to work on /home/airflow/.local/lib/python3.8/site-packages/airflow/example_dags/example_skip_dag.py
[2023-10-10T09:16:22.502+0000] {processor.py:829} INFO - Processing file /home/airflow/.local/lib/python3.8/site-packages/airflow/example_dags/example_skip_dag.py for tasks to queue
[2023-10-10T09:16:22.515+0000] {logging_mixin.py:151} INFO - [2023-10-10T09:16:22.513+0000] {dagbag.py:539} INFO - Filling up the DagBag from /home/airflow/.local/lib/python3.8/site-packages/airflow/example_dags/example_skip_dag.py
[2023-10-10T09:16:22.535+0000] {processor.py:839} INFO - DAG(s) dict_keys(['example_skip_dag']) retrieved from /home/airflow/.local/lib/python3.8/site-packages/airflow/example_dags/example_skip_dag.py
[2023-10-10T09:16:22.586+0000] {logging_mixin.py:151} INFO - [2023-10-10T09:16:22.586+0000] {dag.py:2915} INFO - Sync 1 DAGs
[2023-10-10T09:16:22.617+0000] {logging_mixin.py:151} INFO - [2023-10-10T09:16:22.617+0000] {dag.py:3696} INFO - Setting next_dagrun for example_skip_dag to 2023-10-09T09:16:22.617310+00:00, run_after=2023-10-10T09:16:22.617310+00:00
[2023-10-10T09:16:22.633+0000] {processor.py:179} INFO - Processing /home/airflow/.local/lib/python3.8/site-packages/airflow/example_dags/example_skip_dag.py took 0.159 seconds
[2023-10-10T09:16:53.033+0000] {processor.py:157} INFO - Started process (PID=3262) to work on /home/airflow/.local/lib/python3.8/site-packages/airflow/example_dags/example_skip_dag.py
[2023-10-10T09:16:53.035+0000] {processor.py:829} INFO - Processing file /home/airflow/.local/lib/python3.8/site-packages/airflow/example_dags/example_skip_dag.py for tasks to queue
[2023-10-10T09:16:53.040+0000] {logging_mixin.py:151} INFO - [2023-10-10T09:16:53.040+0000] {dagbag.py:539} INFO - Filling up the DagBag from /home/airflow/.local/lib/python3.8/site-packages/airflow/example_dags/example_skip_dag.py
[2023-10-10T09:16:53.057+0000] {processor.py:839} INFO - DAG(s) dict_keys(['example_skip_dag']) retrieved from /home/airflow/.local/lib/python3.8/site-packages/airflow/example_dags/example_skip_dag.py
[2023-10-10T09:16:53.105+0000] {logging_mixin.py:151} INFO - [2023-10-10T09:16:53.105+0000] {dag.py:2915} INFO - Sync 1 DAGs
[2023-10-10T09:16:53.126+0000] {logging_mixin.py:151} INFO - [2023-10-10T09:16:53.126+0000] {dag.py:3696} INFO - Setting next_dagrun for example_skip_dag to 2023-10-09T09:16:53.125812+00:00, run_after=2023-10-10T09:16:53.125812+00:00
[2023-10-10T09:16:53.141+0000] {processor.py:179} INFO - Processing /home/airflow/.local/lib/python3.8/site-packages/airflow/example_dags/example_skip_dag.py took 0.124 seconds
[2023-10-10T09:17:23.239+0000] {processor.py:157} INFO - Started process (PID=3322) to work on /home/airflow/.local/lib/python3.8/site-packages/airflow/example_dags/example_skip_dag.py
[2023-10-10T09:17:23.242+0000] {processor.py:829} INFO - Processing file /home/airflow/.local/lib/python3.8/site-packages/airflow/example_dags/example_skip_dag.py for tasks to queue
[2023-10-10T09:17:23.248+0000] {logging_mixin.py:151} INFO - [2023-10-10T09:17:23.247+0000] {dagbag.py:539} INFO - Filling up the DagBag from /home/airflow/.local/lib/python3.8/site-packages/airflow/example_dags/example_skip_dag.py
[2023-10-10T09:17:23.259+0000] {processor.py:839} INFO - DAG(s) dict_keys(['example_skip_dag']) retrieved from /home/airflow/.local/lib/python3.8/site-packages/airflow/example_dags/example_skip_dag.py
[2023-10-10T09:17:23.287+0000] {logging_mixin.py:151} INFO - [2023-10-10T09:17:23.286+0000] {dag.py:2915} INFO - Sync 1 DAGs
[2023-10-10T09:17:23.303+0000] {logging_mixin.py:151} INFO - [2023-10-10T09:17:23.303+0000] {dag.py:3696} INFO - Setting next_dagrun for example_skip_dag to 2023-10-09T09:17:23.302818+00:00, run_after=2023-10-10T09:17:23.302818+00:00
[2023-10-10T09:17:23.318+0000] {processor.py:179} INFO - Processing /home/airflow/.local/lib/python3.8/site-packages/airflow/example_dags/example_skip_dag.py took 0.092 seconds
[2023-10-10T09:17:53.456+0000] {processor.py:157} INFO - Started process (PID=3383) to work on /home/airflow/.local/lib/python3.8/site-packages/airflow/example_dags/example_skip_dag.py
[2023-10-10T09:17:53.458+0000] {processor.py:829} INFO - Processing file /home/airflow/.local/lib/python3.8/site-packages/airflow/example_dags/example_skip_dag.py for tasks to queue
[2023-10-10T09:17:53.463+0000] {logging_mixin.py:151} INFO - [2023-10-10T09:17:53.463+0000] {dagbag.py:539} INFO - Filling up the DagBag from /home/airflow/.local/lib/python3.8/site-packages/airflow/example_dags/example_skip_dag.py
[2023-10-10T09:17:53.471+0000] {processor.py:839} INFO - DAG(s) dict_keys(['example_skip_dag']) retrieved from /home/airflow/.local/lib/python3.8/site-packages/airflow/example_dags/example_skip_dag.py
[2023-10-10T09:17:53.502+0000] {logging_mixin.py:151} INFO - [2023-10-10T09:17:53.501+0000] {dag.py:2915} INFO - Sync 1 DAGs
[2023-10-10T09:17:53.519+0000] {logging_mixin.py:151} INFO - [2023-10-10T09:17:53.519+0000] {dag.py:3696} INFO - Setting next_dagrun for example_skip_dag to 2023-10-09T09:17:53.519216+00:00, run_after=2023-10-10T09:17:53.519216+00:00
[2023-10-10T09:17:53.531+0000] {processor.py:179} INFO - Processing /home/airflow/.local/lib/python3.8/site-packages/airflow/example_dags/example_skip_dag.py took 0.083 seconds
[2023-10-10T09:18:23.668+0000] {processor.py:157} INFO - Started process (PID=3444) to work on /home/airflow/.local/lib/python3.8/site-packages/airflow/example_dags/example_skip_dag.py
[2023-10-10T09:18:23.669+0000] {processor.py:829} INFO - Processing file /home/airflow/.local/lib/python3.8/site-packages/airflow/example_dags/example_skip_dag.py for tasks to queue
[2023-10-10T09:18:23.673+0000] {logging_mixin.py:151} INFO - [2023-10-10T09:18:23.673+0000] {dagbag.py:539} INFO - Filling up the DagBag from /home/airflow/.local/lib/python3.8/site-packages/airflow/example_dags/example_skip_dag.py
[2023-10-10T09:18:23.683+0000] {processor.py:839} INFO - DAG(s) dict_keys(['example_skip_dag']) retrieved from /home/airflow/.local/lib/python3.8/site-packages/airflow/example_dags/example_skip_dag.py
[2023-10-10T09:18:23.700+0000] {logging_mixin.py:151} INFO - [2023-10-10T09:18:23.700+0000] {dag.py:2915} INFO - Sync 1 DAGs
[2023-10-10T09:18:23.719+0000] {logging_mixin.py:151} INFO - [2023-10-10T09:18:23.719+0000] {dag.py:3696} INFO - Setting next_dagrun for example_skip_dag to 2023-10-09T09:18:23.719215+00:00, run_after=2023-10-10T09:18:23.719215+00:00
[2023-10-10T09:18:23.729+0000] {processor.py:179} INFO - Processing /home/airflow/.local/lib/python3.8/site-packages/airflow/example_dags/example_skip_dag.py took 0.065 seconds
[2023-10-10T09:18:53.918+0000] {processor.py:157} INFO - Started process (PID=3505) to work on /home/airflow/.local/lib/python3.8/site-packages/airflow/example_dags/example_skip_dag.py
[2023-10-10T09:18:53.920+0000] {processor.py:829} INFO - Processing file /home/airflow/.local/lib/python3.8/site-packages/airflow/example_dags/example_skip_dag.py for tasks to queue
[2023-10-10T09:18:53.922+0000] {logging_mixin.py:151} INFO - [2023-10-10T09:18:53.921+0000] {dagbag.py:539} INFO - Filling up the DagBag from /home/airflow/.local/lib/python3.8/site-packages/airflow/example_dags/example_skip_dag.py
[2023-10-10T09:18:53.927+0000] {processor.py:839} INFO - DAG(s) dict_keys(['example_skip_dag']) retrieved from /home/airflow/.local/lib/python3.8/site-packages/airflow/example_dags/example_skip_dag.py
[2023-10-10T09:18:53.943+0000] {logging_mixin.py:151} INFO - [2023-10-10T09:18:53.943+0000] {dag.py:2915} INFO - Sync 1 DAGs
[2023-10-10T09:18:53.961+0000] {logging_mixin.py:151} INFO - [2023-10-10T09:18:53.961+0000] {dag.py:3696} INFO - Setting next_dagrun for example_skip_dag to 2023-10-09T09:18:53.960959+00:00, run_after=2023-10-10T09:18:53.960959+00:00
[2023-10-10T09:18:53.970+0000] {processor.py:179} INFO - Processing /home/airflow/.local/lib/python3.8/site-packages/airflow/example_dags/example_skip_dag.py took 0.056 seconds
[2023-10-10T09:19:24.197+0000] {processor.py:157} INFO - Started process (PID=3566) to work on /home/airflow/.local/lib/python3.8/site-packages/airflow/example_dags/example_skip_dag.py
[2023-10-10T09:19:24.198+0000] {processor.py:829} INFO - Processing file /home/airflow/.local/lib/python3.8/site-packages/airflow/example_dags/example_skip_dag.py for tasks to queue
[2023-10-10T09:19:24.200+0000] {logging_mixin.py:151} INFO - [2023-10-10T09:19:24.200+0000] {dagbag.py:539} INFO - Filling up the DagBag from /home/airflow/.local/lib/python3.8/site-packages/airflow/example_dags/example_skip_dag.py
[2023-10-10T09:19:24.211+0000] {processor.py:839} INFO - DAG(s) dict_keys(['example_skip_dag']) retrieved from /home/airflow/.local/lib/python3.8/site-packages/airflow/example_dags/example_skip_dag.py
[2023-10-10T09:19:24.230+0000] {logging_mixin.py:151} INFO - [2023-10-10T09:19:24.230+0000] {dag.py:2915} INFO - Sync 1 DAGs
[2023-10-10T09:19:24.245+0000] {logging_mixin.py:151} INFO - [2023-10-10T09:19:24.245+0000] {dag.py:3696} INFO - Setting next_dagrun for example_skip_dag to 2023-10-09T09:19:24.244889+00:00, run_after=2023-10-10T09:19:24.244889+00:00
[2023-10-10T09:19:24.254+0000] {processor.py:179} INFO - Processing /home/airflow/.local/lib/python3.8/site-packages/airflow/example_dags/example_skip_dag.py took 0.059 seconds
[2023-10-10T09:19:54.484+0000] {processor.py:157} INFO - Started process (PID=3627) to work on /home/airflow/.local/lib/python3.8/site-packages/airflow/example_dags/example_skip_dag.py
[2023-10-10T09:19:54.493+0000] {processor.py:829} INFO - Processing file /home/airflow/.local/lib/python3.8/site-packages/airflow/example_dags/example_skip_dag.py for tasks to queue
[2023-10-10T09:19:54.499+0000] {logging_mixin.py:151} INFO - [2023-10-10T09:19:54.497+0000] {dagbag.py:539} INFO - Filling up the DagBag from /home/airflow/.local/lib/python3.8/site-packages/airflow/example_dags/example_skip_dag.py
[2023-10-10T09:19:54.540+0000] {processor.py:839} INFO - DAG(s) dict_keys(['example_skip_dag']) retrieved from /home/airflow/.local/lib/python3.8/site-packages/airflow/example_dags/example_skip_dag.py
[2023-10-10T09:19:54.589+0000] {logging_mixin.py:151} INFO - [2023-10-10T09:19:54.589+0000] {dag.py:2915} INFO - Sync 1 DAGs
[2023-10-10T09:19:54.609+0000] {logging_mixin.py:151} INFO - [2023-10-10T09:19:54.609+0000] {dag.py:3696} INFO - Setting next_dagrun for example_skip_dag to 2023-10-09T09:19:54.608767+00:00, run_after=2023-10-10T09:19:54.608767+00:00
[2023-10-10T09:19:54.623+0000] {processor.py:179} INFO - Processing /home/airflow/.local/lib/python3.8/site-packages/airflow/example_dags/example_skip_dag.py took 0.142 seconds
