[2023-10-10T08:50:10.055+0000] {processor.py:157} INFO - Started process (PID=77) to work on /home/airflow/.local/lib/python3.8/site-packages/airflow/example_dags/example_branch_python_dop_operator_3.py
[2023-10-10T08:50:10.072+0000] {processor.py:829} INFO - Processing file /home/airflow/.local/lib/python3.8/site-packages/airflow/example_dags/example_branch_python_dop_operator_3.py for tasks to queue
[2023-10-10T08:50:10.090+0000] {logging_mixin.py:151} INFO - [2023-10-10T08:50:10.088+0000] {dagbag.py:539} INFO - Filling up the DagBag from /home/airflow/.local/lib/python3.8/site-packages/airflow/example_dags/example_branch_python_dop_operator_3.py
[2023-10-10T08:50:10.164+0000] {processor.py:839} INFO - DAG(s) dict_keys(['example_branch_dop_operator_v3']) retrieved from /home/airflow/.local/lib/python3.8/site-packages/airflow/example_dags/example_branch_python_dop_operator_3.py
[2023-10-10T08:50:10.497+0000] {logging_mixin.py:151} INFO - [2023-10-10T08:50:10.483+0000] {dag.py:2915} INFO - Sync 1 DAGs
[2023-10-10T08:50:10.743+0000] {logging_mixin.py:151} INFO - [2023-10-10T08:50:10.742+0000] {dag.py:3696} INFO - Setting next_dagrun for example_branch_dop_operator_v3 to 2023-10-10T08:49:00+00:00, run_after=2023-10-10T08:50:00+00:00
[2023-10-10T08:50:10.879+0000] {processor.py:179} INFO - Processing /home/airflow/.local/lib/python3.8/site-packages/airflow/example_dags/example_branch_python_dop_operator_3.py took 0.857 seconds
[2023-10-10T08:50:41.902+0000] {processor.py:157} INFO - Started process (PID=138) to work on /home/airflow/.local/lib/python3.8/site-packages/airflow/example_dags/example_branch_python_dop_operator_3.py
[2023-10-10T08:50:41.904+0000] {processor.py:829} INFO - Processing file /home/airflow/.local/lib/python3.8/site-packages/airflow/example_dags/example_branch_python_dop_operator_3.py for tasks to queue
[2023-10-10T08:50:41.909+0000] {logging_mixin.py:151} INFO - [2023-10-10T08:50:41.908+0000] {dagbag.py:539} INFO - Filling up the DagBag from /home/airflow/.local/lib/python3.8/site-packages/airflow/example_dags/example_branch_python_dop_operator_3.py
[2023-10-10T08:50:41.929+0000] {processor.py:839} INFO - DAG(s) dict_keys(['example_branch_dop_operator_v3']) retrieved from /home/airflow/.local/lib/python3.8/site-packages/airflow/example_dags/example_branch_python_dop_operator_3.py
[2023-10-10T08:50:41.962+0000] {logging_mixin.py:151} INFO - [2023-10-10T08:50:41.962+0000] {dag.py:2915} INFO - Sync 1 DAGs
[2023-10-10T08:50:41.988+0000] {logging_mixin.py:151} INFO - [2023-10-10T08:50:41.988+0000] {dag.py:3696} INFO - Setting next_dagrun for example_branch_dop_operator_v3 to 2023-10-10T08:49:00+00:00, run_after=2023-10-10T08:50:00+00:00
[2023-10-10T08:50:42.011+0000] {processor.py:179} INFO - Processing /home/airflow/.local/lib/python3.8/site-packages/airflow/example_dags/example_branch_python_dop_operator_3.py took 0.125 seconds
[2023-10-10T08:51:12.503+0000] {processor.py:157} INFO - Started process (PID=199) to work on /home/airflow/.local/lib/python3.8/site-packages/airflow/example_dags/example_branch_python_dop_operator_3.py
[2023-10-10T08:51:12.505+0000] {processor.py:829} INFO - Processing file /home/airflow/.local/lib/python3.8/site-packages/airflow/example_dags/example_branch_python_dop_operator_3.py for tasks to queue
[2023-10-10T08:51:12.511+0000] {logging_mixin.py:151} INFO - [2023-10-10T08:51:12.510+0000] {dagbag.py:539} INFO - Filling up the DagBag from /home/airflow/.local/lib/python3.8/site-packages/airflow/example_dags/example_branch_python_dop_operator_3.py
[2023-10-10T08:51:12.533+0000] {processor.py:839} INFO - DAG(s) dict_keys(['example_branch_dop_operator_v3']) retrieved from /home/airflow/.local/lib/python3.8/site-packages/airflow/example_dags/example_branch_python_dop_operator_3.py
[2023-10-10T08:51:12.567+0000] {logging_mixin.py:151} INFO - [2023-10-10T08:51:12.567+0000] {dag.py:2915} INFO - Sync 1 DAGs
[2023-10-10T08:51:12.589+0000] {logging_mixin.py:151} INFO - [2023-10-10T08:51:12.589+0000] {dag.py:3696} INFO - Setting next_dagrun for example_branch_dop_operator_v3 to 2023-10-10T08:50:00+00:00, run_after=2023-10-10T08:51:00+00:00
[2023-10-10T08:51:12.599+0000] {processor.py:179} INFO - Processing /home/airflow/.local/lib/python3.8/site-packages/airflow/example_dags/example_branch_python_dop_operator_3.py took 0.107 seconds
[2023-10-10T08:51:42.943+0000] {processor.py:157} INFO - Started process (PID=260) to work on /home/airflow/.local/lib/python3.8/site-packages/airflow/example_dags/example_branch_python_dop_operator_3.py
[2023-10-10T08:51:42.944+0000] {processor.py:829} INFO - Processing file /home/airflow/.local/lib/python3.8/site-packages/airflow/example_dags/example_branch_python_dop_operator_3.py for tasks to queue
[2023-10-10T08:51:42.946+0000] {logging_mixin.py:151} INFO - [2023-10-10T08:51:42.945+0000] {dagbag.py:539} INFO - Filling up the DagBag from /home/airflow/.local/lib/python3.8/site-packages/airflow/example_dags/example_branch_python_dop_operator_3.py
[2023-10-10T08:51:42.952+0000] {processor.py:839} INFO - DAG(s) dict_keys(['example_branch_dop_operator_v3']) retrieved from /home/airflow/.local/lib/python3.8/site-packages/airflow/example_dags/example_branch_python_dop_operator_3.py
[2023-10-10T08:51:42.976+0000] {logging_mixin.py:151} INFO - [2023-10-10T08:51:42.976+0000] {dag.py:2915} INFO - Sync 1 DAGs
[2023-10-10T08:51:42.995+0000] {logging_mixin.py:151} INFO - [2023-10-10T08:51:42.995+0000] {dag.py:3696} INFO - Setting next_dagrun for example_branch_dop_operator_v3 to 2023-10-10T08:50:00+00:00, run_after=2023-10-10T08:51:00+00:00
[2023-10-10T08:51:43.006+0000] {processor.py:179} INFO - Processing /home/airflow/.local/lib/python3.8/site-packages/airflow/example_dags/example_branch_python_dop_operator_3.py took 0.066 seconds
[2023-10-10T08:52:13.252+0000] {processor.py:157} INFO - Started process (PID=321) to work on /home/airflow/.local/lib/python3.8/site-packages/airflow/example_dags/example_branch_python_dop_operator_3.py
[2023-10-10T08:52:13.255+0000] {processor.py:829} INFO - Processing file /home/airflow/.local/lib/python3.8/site-packages/airflow/example_dags/example_branch_python_dop_operator_3.py for tasks to queue
[2023-10-10T08:52:13.259+0000] {logging_mixin.py:151} INFO - [2023-10-10T08:52:13.258+0000] {dagbag.py:539} INFO - Filling up the DagBag from /home/airflow/.local/lib/python3.8/site-packages/airflow/example_dags/example_branch_python_dop_operator_3.py
[2023-10-10T08:52:13.278+0000] {processor.py:839} INFO - DAG(s) dict_keys(['example_branch_dop_operator_v3']) retrieved from /home/airflow/.local/lib/python3.8/site-packages/airflow/example_dags/example_branch_python_dop_operator_3.py
[2023-10-10T08:52:13.318+0000] {logging_mixin.py:151} INFO - [2023-10-10T08:52:13.318+0000] {dag.py:2915} INFO - Sync 1 DAGs
[2023-10-10T08:52:13.338+0000] {logging_mixin.py:151} INFO - [2023-10-10T08:52:13.338+0000] {dag.py:3696} INFO - Setting next_dagrun for example_branch_dop_operator_v3 to 2023-10-10T08:51:00+00:00, run_after=2023-10-10T08:52:00+00:00
[2023-10-10T08:52:13.350+0000] {processor.py:179} INFO - Processing /home/airflow/.local/lib/python3.8/site-packages/airflow/example_dags/example_branch_python_dop_operator_3.py took 0.106 seconds
[2023-10-10T08:52:44.017+0000] {processor.py:157} INFO - Started process (PID=382) to work on /home/airflow/.local/lib/python3.8/site-packages/airflow/example_dags/example_branch_python_dop_operator_3.py
[2023-10-10T08:52:44.019+0000] {processor.py:829} INFO - Processing file /home/airflow/.local/lib/python3.8/site-packages/airflow/example_dags/example_branch_python_dop_operator_3.py for tasks to queue
[2023-10-10T08:52:44.025+0000] {logging_mixin.py:151} INFO - [2023-10-10T08:52:44.024+0000] {dagbag.py:539} INFO - Filling up the DagBag from /home/airflow/.local/lib/python3.8/site-packages/airflow/example_dags/example_branch_python_dop_operator_3.py
[2023-10-10T08:52:44.040+0000] {processor.py:839} INFO - DAG(s) dict_keys(['example_branch_dop_operator_v3']) retrieved from /home/airflow/.local/lib/python3.8/site-packages/airflow/example_dags/example_branch_python_dop_operator_3.py
[2023-10-10T08:52:44.067+0000] {logging_mixin.py:151} INFO - [2023-10-10T08:52:44.067+0000] {dag.py:2915} INFO - Sync 1 DAGs
[2023-10-10T08:52:44.088+0000] {logging_mixin.py:151} INFO - [2023-10-10T08:52:44.088+0000] {dag.py:3696} INFO - Setting next_dagrun for example_branch_dop_operator_v3 to 2023-10-10T08:51:00+00:00, run_after=2023-10-10T08:52:00+00:00
[2023-10-10T08:52:44.104+0000] {processor.py:179} INFO - Processing /home/airflow/.local/lib/python3.8/site-packages/airflow/example_dags/example_branch_python_dop_operator_3.py took 0.093 seconds
[2023-10-10T08:53:14.356+0000] {processor.py:157} INFO - Started process (PID=443) to work on /home/airflow/.local/lib/python3.8/site-packages/airflow/example_dags/example_branch_python_dop_operator_3.py
[2023-10-10T08:53:14.358+0000] {processor.py:829} INFO - Processing file /home/airflow/.local/lib/python3.8/site-packages/airflow/example_dags/example_branch_python_dop_operator_3.py for tasks to queue
[2023-10-10T08:53:14.362+0000] {logging_mixin.py:151} INFO - [2023-10-10T08:53:14.362+0000] {dagbag.py:539} INFO - Filling up the DagBag from /home/airflow/.local/lib/python3.8/site-packages/airflow/example_dags/example_branch_python_dop_operator_3.py
[2023-10-10T08:53:14.375+0000] {processor.py:839} INFO - DAG(s) dict_keys(['example_branch_dop_operator_v3']) retrieved from /home/airflow/.local/lib/python3.8/site-packages/airflow/example_dags/example_branch_python_dop_operator_3.py
[2023-10-10T08:53:14.396+0000] {logging_mixin.py:151} INFO - [2023-10-10T08:53:14.396+0000] {dag.py:2915} INFO - Sync 1 DAGs
[2023-10-10T08:53:14.413+0000] {logging_mixin.py:151} INFO - [2023-10-10T08:53:14.413+0000] {dag.py:3696} INFO - Setting next_dagrun for example_branch_dop_operator_v3 to 2023-10-10T08:52:00+00:00, run_after=2023-10-10T08:53:00+00:00
[2023-10-10T08:53:14.423+0000] {processor.py:179} INFO - Processing /home/airflow/.local/lib/python3.8/site-packages/airflow/example_dags/example_branch_python_dop_operator_3.py took 0.073 seconds
[2023-10-10T08:53:44.886+0000] {processor.py:157} INFO - Started process (PID=504) to work on /home/airflow/.local/lib/python3.8/site-packages/airflow/example_dags/example_branch_python_dop_operator_3.py
[2023-10-10T08:53:44.895+0000] {processor.py:829} INFO - Processing file /home/airflow/.local/lib/python3.8/site-packages/airflow/example_dags/example_branch_python_dop_operator_3.py for tasks to queue
[2023-10-10T08:53:44.902+0000] {logging_mixin.py:151} INFO - [2023-10-10T08:53:44.902+0000] {dagbag.py:539} INFO - Filling up the DagBag from /home/airflow/.local/lib/python3.8/site-packages/airflow/example_dags/example_branch_python_dop_operator_3.py
[2023-10-10T08:53:44.933+0000] {processor.py:839} INFO - DAG(s) dict_keys(['example_branch_dop_operator_v3']) retrieved from /home/airflow/.local/lib/python3.8/site-packages/airflow/example_dags/example_branch_python_dop_operator_3.py
[2023-10-10T08:53:44.968+0000] {logging_mixin.py:151} INFO - [2023-10-10T08:53:44.967+0000] {dag.py:2915} INFO - Sync 1 DAGs
[2023-10-10T08:53:44.995+0000] {logging_mixin.py:151} INFO - [2023-10-10T08:53:44.995+0000] {dag.py:3696} INFO - Setting next_dagrun for example_branch_dop_operator_v3 to 2023-10-10T08:52:00+00:00, run_after=2023-10-10T08:53:00+00:00
[2023-10-10T08:53:45.053+0000] {processor.py:179} INFO - Processing /home/airflow/.local/lib/python3.8/site-packages/airflow/example_dags/example_branch_python_dop_operator_3.py took 0.173 seconds
[2023-10-10T08:54:15.177+0000] {processor.py:157} INFO - Started process (PID=565) to work on /home/airflow/.local/lib/python3.8/site-packages/airflow/example_dags/example_branch_python_dop_operator_3.py
[2023-10-10T08:54:15.178+0000] {processor.py:829} INFO - Processing file /home/airflow/.local/lib/python3.8/site-packages/airflow/example_dags/example_branch_python_dop_operator_3.py for tasks to queue
[2023-10-10T08:54:15.180+0000] {logging_mixin.py:151} INFO - [2023-10-10T08:54:15.180+0000] {dagbag.py:539} INFO - Filling up the DagBag from /home/airflow/.local/lib/python3.8/site-packages/airflow/example_dags/example_branch_python_dop_operator_3.py
[2023-10-10T08:54:15.192+0000] {processor.py:839} INFO - DAG(s) dict_keys(['example_branch_dop_operator_v3']) retrieved from /home/airflow/.local/lib/python3.8/site-packages/airflow/example_dags/example_branch_python_dop_operator_3.py
[2023-10-10T08:54:15.225+0000] {logging_mixin.py:151} INFO - [2023-10-10T08:54:15.225+0000] {dag.py:2915} INFO - Sync 1 DAGs
[2023-10-10T08:54:15.250+0000] {logging_mixin.py:151} INFO - [2023-10-10T08:54:15.249+0000] {dag.py:3696} INFO - Setting next_dagrun for example_branch_dop_operator_v3 to 2023-10-10T08:53:00+00:00, run_after=2023-10-10T08:54:00+00:00
[2023-10-10T08:54:15.261+0000] {processor.py:179} INFO - Processing /home/airflow/.local/lib/python3.8/site-packages/airflow/example_dags/example_branch_python_dop_operator_3.py took 0.088 seconds
[2023-10-10T08:54:46.024+0000] {processor.py:157} INFO - Started process (PID=626) to work on /home/airflow/.local/lib/python3.8/site-packages/airflow/example_dags/example_branch_python_dop_operator_3.py
[2023-10-10T08:54:46.025+0000] {processor.py:829} INFO - Processing file /home/airflow/.local/lib/python3.8/site-packages/airflow/example_dags/example_branch_python_dop_operator_3.py for tasks to queue
[2023-10-10T08:54:46.030+0000] {logging_mixin.py:151} INFO - [2023-10-10T08:54:46.030+0000] {dagbag.py:539} INFO - Filling up the DagBag from /home/airflow/.local/lib/python3.8/site-packages/airflow/example_dags/example_branch_python_dop_operator_3.py
[2023-10-10T08:54:46.043+0000] {processor.py:839} INFO - DAG(s) dict_keys(['example_branch_dop_operator_v3']) retrieved from /home/airflow/.local/lib/python3.8/site-packages/airflow/example_dags/example_branch_python_dop_operator_3.py
[2023-10-10T08:54:46.083+0000] {logging_mixin.py:151} INFO - [2023-10-10T08:54:46.083+0000] {dag.py:2915} INFO - Sync 1 DAGs
[2023-10-10T08:54:46.107+0000] {logging_mixin.py:151} INFO - [2023-10-10T08:54:46.107+0000] {dag.py:3696} INFO - Setting next_dagrun for example_branch_dop_operator_v3 to 2023-10-10T08:53:00+00:00, run_after=2023-10-10T08:54:00+00:00
[2023-10-10T08:54:46.118+0000] {processor.py:179} INFO - Processing /home/airflow/.local/lib/python3.8/site-packages/airflow/example_dags/example_branch_python_dop_operator_3.py took 0.100 seconds
[2023-10-10T08:55:16.531+0000] {processor.py:157} INFO - Started process (PID=687) to work on /home/airflow/.local/lib/python3.8/site-packages/airflow/example_dags/example_branch_python_dop_operator_3.py
[2023-10-10T08:55:16.533+0000] {processor.py:829} INFO - Processing file /home/airflow/.local/lib/python3.8/site-packages/airflow/example_dags/example_branch_python_dop_operator_3.py for tasks to queue
[2023-10-10T08:55:16.536+0000] {logging_mixin.py:151} INFO - [2023-10-10T08:55:16.536+0000] {dagbag.py:539} INFO - Filling up the DagBag from /home/airflow/.local/lib/python3.8/site-packages/airflow/example_dags/example_branch_python_dop_operator_3.py
[2023-10-10T08:55:16.554+0000] {processor.py:839} INFO - DAG(s) dict_keys(['example_branch_dop_operator_v3']) retrieved from /home/airflow/.local/lib/python3.8/site-packages/airflow/example_dags/example_branch_python_dop_operator_3.py
[2023-10-10T08:55:16.585+0000] {logging_mixin.py:151} INFO - [2023-10-10T08:55:16.585+0000] {dag.py:2915} INFO - Sync 1 DAGs
[2023-10-10T08:55:16.612+0000] {logging_mixin.py:151} INFO - [2023-10-10T08:55:16.612+0000] {dag.py:3696} INFO - Setting next_dagrun for example_branch_dop_operator_v3 to 2023-10-10T08:54:00+00:00, run_after=2023-10-10T08:55:00+00:00
[2023-10-10T08:55:16.626+0000] {processor.py:179} INFO - Processing /home/airflow/.local/lib/python3.8/site-packages/airflow/example_dags/example_branch_python_dop_operator_3.py took 0.100 seconds
[2023-10-10T08:55:47.355+0000] {processor.py:157} INFO - Started process (PID=747) to work on /home/airflow/.local/lib/python3.8/site-packages/airflow/example_dags/example_branch_python_dop_operator_3.py
[2023-10-10T08:55:47.356+0000] {processor.py:829} INFO - Processing file /home/airflow/.local/lib/python3.8/site-packages/airflow/example_dags/example_branch_python_dop_operator_3.py for tasks to queue
[2023-10-10T08:55:47.359+0000] {logging_mixin.py:151} INFO - [2023-10-10T08:55:47.358+0000] {dagbag.py:539} INFO - Filling up the DagBag from /home/airflow/.local/lib/python3.8/site-packages/airflow/example_dags/example_branch_python_dop_operator_3.py
[2023-10-10T08:55:47.370+0000] {processor.py:839} INFO - DAG(s) dict_keys(['example_branch_dop_operator_v3']) retrieved from /home/airflow/.local/lib/python3.8/site-packages/airflow/example_dags/example_branch_python_dop_operator_3.py
[2023-10-10T08:55:47.403+0000] {logging_mixin.py:151} INFO - [2023-10-10T08:55:47.402+0000] {dag.py:2915} INFO - Sync 1 DAGs
[2023-10-10T08:55:47.422+0000] {logging_mixin.py:151} INFO - [2023-10-10T08:55:47.422+0000] {dag.py:3696} INFO - Setting next_dagrun for example_branch_dop_operator_v3 to 2023-10-10T08:54:00+00:00, run_after=2023-10-10T08:55:00+00:00
[2023-10-10T08:55:47.432+0000] {processor.py:179} INFO - Processing /home/airflow/.local/lib/python3.8/site-packages/airflow/example_dags/example_branch_python_dop_operator_3.py took 0.082 seconds
[2023-10-10T08:56:17.462+0000] {processor.py:157} INFO - Started process (PID=808) to work on /home/airflow/.local/lib/python3.8/site-packages/airflow/example_dags/example_branch_python_dop_operator_3.py
[2023-10-10T08:56:17.463+0000] {processor.py:829} INFO - Processing file /home/airflow/.local/lib/python3.8/site-packages/airflow/example_dags/example_branch_python_dop_operator_3.py for tasks to queue
[2023-10-10T08:56:17.464+0000] {logging_mixin.py:151} INFO - [2023-10-10T08:56:17.464+0000] {dagbag.py:539} INFO - Filling up the DagBag from /home/airflow/.local/lib/python3.8/site-packages/airflow/example_dags/example_branch_python_dop_operator_3.py
[2023-10-10T08:56:17.470+0000] {processor.py:839} INFO - DAG(s) dict_keys(['example_branch_dop_operator_v3']) retrieved from /home/airflow/.local/lib/python3.8/site-packages/airflow/example_dags/example_branch_python_dop_operator_3.py
[2023-10-10T08:56:17.492+0000] {logging_mixin.py:151} INFO - [2023-10-10T08:56:17.492+0000] {dag.py:2915} INFO - Sync 1 DAGs
[2023-10-10T08:56:17.510+0000] {logging_mixin.py:151} INFO - [2023-10-10T08:56:17.510+0000] {dag.py:3696} INFO - Setting next_dagrun for example_branch_dop_operator_v3 to 2023-10-10T08:55:00+00:00, run_after=2023-10-10T08:56:00+00:00
[2023-10-10T08:56:17.524+0000] {processor.py:179} INFO - Processing /home/airflow/.local/lib/python3.8/site-packages/airflow/example_dags/example_branch_python_dop_operator_3.py took 0.065 seconds
[2023-10-10T08:56:48.404+0000] {processor.py:157} INFO - Started process (PID=869) to work on /home/airflow/.local/lib/python3.8/site-packages/airflow/example_dags/example_branch_python_dop_operator_3.py
[2023-10-10T08:56:48.405+0000] {processor.py:829} INFO - Processing file /home/airflow/.local/lib/python3.8/site-packages/airflow/example_dags/example_branch_python_dop_operator_3.py for tasks to queue
[2023-10-10T08:56:48.408+0000] {logging_mixin.py:151} INFO - [2023-10-10T08:56:48.407+0000] {dagbag.py:539} INFO - Filling up the DagBag from /home/airflow/.local/lib/python3.8/site-packages/airflow/example_dags/example_branch_python_dop_operator_3.py
[2023-10-10T08:56:48.415+0000] {processor.py:839} INFO - DAG(s) dict_keys(['example_branch_dop_operator_v3']) retrieved from /home/airflow/.local/lib/python3.8/site-packages/airflow/example_dags/example_branch_python_dop_operator_3.py
[2023-10-10T08:56:48.432+0000] {logging_mixin.py:151} INFO - [2023-10-10T08:56:48.431+0000] {dag.py:2915} INFO - Sync 1 DAGs
[2023-10-10T08:56:48.449+0000] {logging_mixin.py:151} INFO - [2023-10-10T08:56:48.449+0000] {dag.py:3696} INFO - Setting next_dagrun for example_branch_dop_operator_v3 to 2023-10-10T08:55:00+00:00, run_after=2023-10-10T08:56:00+00:00
[2023-10-10T08:56:48.458+0000] {processor.py:179} INFO - Processing /home/airflow/.local/lib/python3.8/site-packages/airflow/example_dags/example_branch_python_dop_operator_3.py took 0.057 seconds
[2023-10-10T08:57:19.436+0000] {processor.py:157} INFO - Started process (PID=930) to work on /home/airflow/.local/lib/python3.8/site-packages/airflow/example_dags/example_branch_python_dop_operator_3.py
[2023-10-10T08:57:19.437+0000] {processor.py:829} INFO - Processing file /home/airflow/.local/lib/python3.8/site-packages/airflow/example_dags/example_branch_python_dop_operator_3.py for tasks to queue
[2023-10-10T08:57:19.439+0000] {logging_mixin.py:151} INFO - [2023-10-10T08:57:19.439+0000] {dagbag.py:539} INFO - Filling up the DagBag from /home/airflow/.local/lib/python3.8/site-packages/airflow/example_dags/example_branch_python_dop_operator_3.py
[2023-10-10T08:57:19.445+0000] {processor.py:839} INFO - DAG(s) dict_keys(['example_branch_dop_operator_v3']) retrieved from /home/airflow/.local/lib/python3.8/site-packages/airflow/example_dags/example_branch_python_dop_operator_3.py
[2023-10-10T08:57:19.460+0000] {logging_mixin.py:151} INFO - [2023-10-10T08:57:19.460+0000] {dag.py:2915} INFO - Sync 1 DAGs
[2023-10-10T08:57:19.475+0000] {logging_mixin.py:151} INFO - [2023-10-10T08:57:19.475+0000] {dag.py:3696} INFO - Setting next_dagrun for example_branch_dop_operator_v3 to 2023-10-10T08:56:00+00:00, run_after=2023-10-10T08:57:00+00:00
[2023-10-10T08:57:19.490+0000] {processor.py:179} INFO - Processing /home/airflow/.local/lib/python3.8/site-packages/airflow/example_dags/example_branch_python_dop_operator_3.py took 0.056 seconds
[2023-10-10T08:57:50.557+0000] {processor.py:157} INFO - Started process (PID=990) to work on /home/airflow/.local/lib/python3.8/site-packages/airflow/example_dags/example_branch_python_dop_operator_3.py
[2023-10-10T08:57:50.558+0000] {processor.py:829} INFO - Processing file /home/airflow/.local/lib/python3.8/site-packages/airflow/example_dags/example_branch_python_dop_operator_3.py for tasks to queue
[2023-10-10T08:57:50.560+0000] {logging_mixin.py:151} INFO - [2023-10-10T08:57:50.559+0000] {dagbag.py:539} INFO - Filling up the DagBag from /home/airflow/.local/lib/python3.8/site-packages/airflow/example_dags/example_branch_python_dop_operator_3.py
[2023-10-10T08:57:50.566+0000] {processor.py:839} INFO - DAG(s) dict_keys(['example_branch_dop_operator_v3']) retrieved from /home/airflow/.local/lib/python3.8/site-packages/airflow/example_dags/example_branch_python_dop_operator_3.py
[2023-10-10T08:57:50.598+0000] {logging_mixin.py:151} INFO - [2023-10-10T08:57:50.598+0000] {dag.py:2915} INFO - Sync 1 DAGs
[2023-10-10T08:57:50.632+0000] {logging_mixin.py:151} INFO - [2023-10-10T08:57:50.631+0000] {dag.py:3696} INFO - Setting next_dagrun for example_branch_dop_operator_v3 to 2023-10-10T08:56:00+00:00, run_after=2023-10-10T08:57:00+00:00
[2023-10-10T08:57:50.650+0000] {processor.py:179} INFO - Processing /home/airflow/.local/lib/python3.8/site-packages/airflow/example_dags/example_branch_python_dop_operator_3.py took 0.096 seconds
[2023-10-10T08:58:22.116+0000] {processor.py:157} INFO - Started process (PID=1051) to work on /home/airflow/.local/lib/python3.8/site-packages/airflow/example_dags/example_branch_python_dop_operator_3.py
[2023-10-10T08:58:22.117+0000] {processor.py:829} INFO - Processing file /home/airflow/.local/lib/python3.8/site-packages/airflow/example_dags/example_branch_python_dop_operator_3.py for tasks to queue
[2023-10-10T08:58:22.119+0000] {logging_mixin.py:151} INFO - [2023-10-10T08:58:22.119+0000] {dagbag.py:539} INFO - Filling up the DagBag from /home/airflow/.local/lib/python3.8/site-packages/airflow/example_dags/example_branch_python_dop_operator_3.py
[2023-10-10T08:58:22.129+0000] {processor.py:839} INFO - DAG(s) dict_keys(['example_branch_dop_operator_v3']) retrieved from /home/airflow/.local/lib/python3.8/site-packages/airflow/example_dags/example_branch_python_dop_operator_3.py
[2023-10-10T08:58:22.150+0000] {logging_mixin.py:151} INFO - [2023-10-10T08:58:22.149+0000] {dag.py:2915} INFO - Sync 1 DAGs
[2023-10-10T08:58:22.172+0000] {logging_mixin.py:151} INFO - [2023-10-10T08:58:22.172+0000] {dag.py:3696} INFO - Setting next_dagrun for example_branch_dop_operator_v3 to 2023-10-10T08:57:00+00:00, run_after=2023-10-10T08:58:00+00:00
[2023-10-10T08:58:22.183+0000] {processor.py:179} INFO - Processing /home/airflow/.local/lib/python3.8/site-packages/airflow/example_dags/example_branch_python_dop_operator_3.py took 0.070 seconds
[2023-10-10T08:58:52.476+0000] {processor.py:157} INFO - Started process (PID=1106) to work on /home/airflow/.local/lib/python3.8/site-packages/airflow/example_dags/example_branch_python_dop_operator_3.py
[2023-10-10T08:58:52.477+0000] {processor.py:829} INFO - Processing file /home/airflow/.local/lib/python3.8/site-packages/airflow/example_dags/example_branch_python_dop_operator_3.py for tasks to queue
[2023-10-10T08:58:52.479+0000] {logging_mixin.py:151} INFO - [2023-10-10T08:58:52.479+0000] {dagbag.py:539} INFO - Filling up the DagBag from /home/airflow/.local/lib/python3.8/site-packages/airflow/example_dags/example_branch_python_dop_operator_3.py
[2023-10-10T08:58:52.489+0000] {processor.py:839} INFO - DAG(s) dict_keys(['example_branch_dop_operator_v3']) retrieved from /home/airflow/.local/lib/python3.8/site-packages/airflow/example_dags/example_branch_python_dop_operator_3.py
[2023-10-10T08:58:52.505+0000] {logging_mixin.py:151} INFO - [2023-10-10T08:58:52.505+0000] {dag.py:2915} INFO - Sync 1 DAGs
[2023-10-10T08:58:52.533+0000] {logging_mixin.py:151} INFO - [2023-10-10T08:58:52.533+0000] {dag.py:3696} INFO - Setting next_dagrun for example_branch_dop_operator_v3 to 2023-10-10T08:57:00+00:00, run_after=2023-10-10T08:58:00+00:00
[2023-10-10T08:58:52.543+0000] {processor.py:179} INFO - Processing /home/airflow/.local/lib/python3.8/site-packages/airflow/example_dags/example_branch_python_dop_operator_3.py took 0.069 seconds
[2023-10-10T08:59:23.512+0000] {processor.py:157} INFO - Started process (PID=1167) to work on /home/airflow/.local/lib/python3.8/site-packages/airflow/example_dags/example_branch_python_dop_operator_3.py
[2023-10-10T08:59:23.514+0000] {processor.py:829} INFO - Processing file /home/airflow/.local/lib/python3.8/site-packages/airflow/example_dags/example_branch_python_dop_operator_3.py for tasks to queue
[2023-10-10T08:59:23.515+0000] {logging_mixin.py:151} INFO - [2023-10-10T08:59:23.515+0000] {dagbag.py:539} INFO - Filling up the DagBag from /home/airflow/.local/lib/python3.8/site-packages/airflow/example_dags/example_branch_python_dop_operator_3.py
[2023-10-10T08:59:23.521+0000] {processor.py:839} INFO - DAG(s) dict_keys(['example_branch_dop_operator_v3']) retrieved from /home/airflow/.local/lib/python3.8/site-packages/airflow/example_dags/example_branch_python_dop_operator_3.py
[2023-10-10T08:59:23.537+0000] {logging_mixin.py:151} INFO - [2023-10-10T08:59:23.537+0000] {dag.py:2915} INFO - Sync 1 DAGs
[2023-10-10T08:59:23.552+0000] {logging_mixin.py:151} INFO - [2023-10-10T08:59:23.552+0000] {dag.py:3696} INFO - Setting next_dagrun for example_branch_dop_operator_v3 to 2023-10-10T08:58:00+00:00, run_after=2023-10-10T08:59:00+00:00
[2023-10-10T08:59:23.563+0000] {processor.py:179} INFO - Processing /home/airflow/.local/lib/python3.8/site-packages/airflow/example_dags/example_branch_python_dop_operator_3.py took 0.053 seconds
[2023-10-10T08:59:54.705+0000] {processor.py:157} INFO - Started process (PID=1228) to work on /home/airflow/.local/lib/python3.8/site-packages/airflow/example_dags/example_branch_python_dop_operator_3.py
[2023-10-10T08:59:54.705+0000] {processor.py:829} INFO - Processing file /home/airflow/.local/lib/python3.8/site-packages/airflow/example_dags/example_branch_python_dop_operator_3.py for tasks to queue
[2023-10-10T08:59:54.708+0000] {logging_mixin.py:151} INFO - [2023-10-10T08:59:54.708+0000] {dagbag.py:539} INFO - Filling up the DagBag from /home/airflow/.local/lib/python3.8/site-packages/airflow/example_dags/example_branch_python_dop_operator_3.py
[2023-10-10T08:59:54.714+0000] {processor.py:839} INFO - DAG(s) dict_keys(['example_branch_dop_operator_v3']) retrieved from /home/airflow/.local/lib/python3.8/site-packages/airflow/example_dags/example_branch_python_dop_operator_3.py
[2023-10-10T08:59:54.731+0000] {logging_mixin.py:151} INFO - [2023-10-10T08:59:54.731+0000] {dag.py:2915} INFO - Sync 1 DAGs
[2023-10-10T08:59:54.752+0000] {logging_mixin.py:151} INFO - [2023-10-10T08:59:54.752+0000] {dag.py:3696} INFO - Setting next_dagrun for example_branch_dop_operator_v3 to 2023-10-10T08:58:00+00:00, run_after=2023-10-10T08:59:00+00:00
[2023-10-10T08:59:54.762+0000] {processor.py:179} INFO - Processing /home/airflow/.local/lib/python3.8/site-packages/airflow/example_dags/example_branch_python_dop_operator_3.py took 0.061 seconds
[2023-10-10T09:00:25.093+0000] {processor.py:157} INFO - Started process (PID=1289) to work on /home/airflow/.local/lib/python3.8/site-packages/airflow/example_dags/example_branch_python_dop_operator_3.py
[2023-10-10T09:00:25.095+0000] {processor.py:829} INFO - Processing file /home/airflow/.local/lib/python3.8/site-packages/airflow/example_dags/example_branch_python_dop_operator_3.py for tasks to queue
[2023-10-10T09:00:25.096+0000] {logging_mixin.py:151} INFO - [2023-10-10T09:00:25.096+0000] {dagbag.py:539} INFO - Filling up the DagBag from /home/airflow/.local/lib/python3.8/site-packages/airflow/example_dags/example_branch_python_dop_operator_3.py
[2023-10-10T09:00:25.104+0000] {processor.py:839} INFO - DAG(s) dict_keys(['example_branch_dop_operator_v3']) retrieved from /home/airflow/.local/lib/python3.8/site-packages/airflow/example_dags/example_branch_python_dop_operator_3.py
[2023-10-10T09:00:25.121+0000] {logging_mixin.py:151} INFO - [2023-10-10T09:00:25.121+0000] {dag.py:2915} INFO - Sync 1 DAGs
[2023-10-10T09:00:25.147+0000] {logging_mixin.py:151} INFO - [2023-10-10T09:00:25.147+0000] {dag.py:3696} INFO - Setting next_dagrun for example_branch_dop_operator_v3 to 2023-10-10T08:59:00+00:00, run_after=2023-10-10T09:00:00+00:00
[2023-10-10T09:00:25.162+0000] {processor.py:179} INFO - Processing /home/airflow/.local/lib/python3.8/site-packages/airflow/example_dags/example_branch_python_dop_operator_3.py took 0.072 seconds
[2023-10-10T09:00:56.400+0000] {processor.py:157} INFO - Started process (PID=1350) to work on /home/airflow/.local/lib/python3.8/site-packages/airflow/example_dags/example_branch_python_dop_operator_3.py
[2023-10-10T09:00:56.421+0000] {processor.py:829} INFO - Processing file /home/airflow/.local/lib/python3.8/site-packages/airflow/example_dags/example_branch_python_dop_operator_3.py for tasks to queue
[2023-10-10T09:00:56.435+0000] {logging_mixin.py:151} INFO - [2023-10-10T09:00:56.434+0000] {dagbag.py:539} INFO - Filling up the DagBag from /home/airflow/.local/lib/python3.8/site-packages/airflow/example_dags/example_branch_python_dop_operator_3.py
[2023-10-10T09:00:56.451+0000] {processor.py:839} INFO - DAG(s) dict_keys(['example_branch_dop_operator_v3']) retrieved from /home/airflow/.local/lib/python3.8/site-packages/airflow/example_dags/example_branch_python_dop_operator_3.py
[2023-10-10T09:00:56.489+0000] {logging_mixin.py:151} INFO - [2023-10-10T09:00:56.489+0000] {dag.py:2915} INFO - Sync 1 DAGs
[2023-10-10T09:00:56.510+0000] {logging_mixin.py:151} INFO - [2023-10-10T09:00:56.510+0000] {dag.py:3696} INFO - Setting next_dagrun for example_branch_dop_operator_v3 to 2023-10-10T08:59:00+00:00, run_after=2023-10-10T09:00:00+00:00
[2023-10-10T09:00:56.522+0000] {processor.py:179} INFO - Processing /home/airflow/.local/lib/python3.8/site-packages/airflow/example_dags/example_branch_python_dop_operator_3.py took 0.132 seconds
[2023-10-10T09:01:26.615+0000] {processor.py:157} INFO - Started process (PID=1411) to work on /home/airflow/.local/lib/python3.8/site-packages/airflow/example_dags/example_branch_python_dop_operator_3.py
[2023-10-10T09:01:26.616+0000] {processor.py:829} INFO - Processing file /home/airflow/.local/lib/python3.8/site-packages/airflow/example_dags/example_branch_python_dop_operator_3.py for tasks to queue
[2023-10-10T09:01:26.617+0000] {logging_mixin.py:151} INFO - [2023-10-10T09:01:26.617+0000] {dagbag.py:539} INFO - Filling up the DagBag from /home/airflow/.local/lib/python3.8/site-packages/airflow/example_dags/example_branch_python_dop_operator_3.py
[2023-10-10T09:01:26.624+0000] {processor.py:839} INFO - DAG(s) dict_keys(['example_branch_dop_operator_v3']) retrieved from /home/airflow/.local/lib/python3.8/site-packages/airflow/example_dags/example_branch_python_dop_operator_3.py
[2023-10-10T09:01:26.647+0000] {logging_mixin.py:151} INFO - [2023-10-10T09:01:26.647+0000] {dag.py:2915} INFO - Sync 1 DAGs
[2023-10-10T09:01:26.678+0000] {logging_mixin.py:151} INFO - [2023-10-10T09:01:26.678+0000] {dag.py:3696} INFO - Setting next_dagrun for example_branch_dop_operator_v3 to 2023-10-10T09:00:00+00:00, run_after=2023-10-10T09:01:00+00:00
[2023-10-10T09:01:26.700+0000] {processor.py:179} INFO - Processing /home/airflow/.local/lib/python3.8/site-packages/airflow/example_dags/example_branch_python_dop_operator_3.py took 0.088 seconds
[2023-10-10T09:01:56.782+0000] {processor.py:157} INFO - Started process (PID=1471) to work on /home/airflow/.local/lib/python3.8/site-packages/airflow/example_dags/example_branch_python_dop_operator_3.py
[2023-10-10T09:01:56.785+0000] {processor.py:829} INFO - Processing file /home/airflow/.local/lib/python3.8/site-packages/airflow/example_dags/example_branch_python_dop_operator_3.py for tasks to queue
[2023-10-10T09:01:56.788+0000] {logging_mixin.py:151} INFO - [2023-10-10T09:01:56.788+0000] {dagbag.py:539} INFO - Filling up the DagBag from /home/airflow/.local/lib/python3.8/site-packages/airflow/example_dags/example_branch_python_dop_operator_3.py
[2023-10-10T09:01:56.795+0000] {processor.py:839} INFO - DAG(s) dict_keys(['example_branch_dop_operator_v3']) retrieved from /home/airflow/.local/lib/python3.8/site-packages/airflow/example_dags/example_branch_python_dop_operator_3.py
[2023-10-10T09:01:56.812+0000] {logging_mixin.py:151} INFO - [2023-10-10T09:01:56.812+0000] {dag.py:2915} INFO - Sync 1 DAGs
[2023-10-10T09:01:56.835+0000] {logging_mixin.py:151} INFO - [2023-10-10T09:01:56.834+0000] {dag.py:3696} INFO - Setting next_dagrun for example_branch_dop_operator_v3 to 2023-10-10T09:00:00+00:00, run_after=2023-10-10T09:01:00+00:00
[2023-10-10T09:01:56.845+0000] {processor.py:179} INFO - Processing /home/airflow/.local/lib/python3.8/site-packages/airflow/example_dags/example_branch_python_dop_operator_3.py took 0.067 seconds
[2023-10-10T09:02:26.996+0000] {processor.py:157} INFO - Started process (PID=1532) to work on /home/airflow/.local/lib/python3.8/site-packages/airflow/example_dags/example_branch_python_dop_operator_3.py
[2023-10-10T09:02:26.997+0000] {processor.py:829} INFO - Processing file /home/airflow/.local/lib/python3.8/site-packages/airflow/example_dags/example_branch_python_dop_operator_3.py for tasks to queue
[2023-10-10T09:02:26.999+0000] {logging_mixin.py:151} INFO - [2023-10-10T09:02:26.999+0000] {dagbag.py:539} INFO - Filling up the DagBag from /home/airflow/.local/lib/python3.8/site-packages/airflow/example_dags/example_branch_python_dop_operator_3.py
[2023-10-10T09:02:27.009+0000] {processor.py:839} INFO - DAG(s) dict_keys(['example_branch_dop_operator_v3']) retrieved from /home/airflow/.local/lib/python3.8/site-packages/airflow/example_dags/example_branch_python_dop_operator_3.py
[2023-10-10T09:02:27.033+0000] {logging_mixin.py:151} INFO - [2023-10-10T09:02:27.033+0000] {dag.py:2915} INFO - Sync 1 DAGs
[2023-10-10T09:02:27.056+0000] {logging_mixin.py:151} INFO - [2023-10-10T09:02:27.056+0000] {dag.py:3696} INFO - Setting next_dagrun for example_branch_dop_operator_v3 to 2023-10-10T09:01:00+00:00, run_after=2023-10-10T09:02:00+00:00
[2023-10-10T09:02:27.099+0000] {processor.py:179} INFO - Processing /home/airflow/.local/lib/python3.8/site-packages/airflow/example_dags/example_branch_python_dop_operator_3.py took 0.109 seconds
[2023-10-10T09:02:57.356+0000] {processor.py:157} INFO - Started process (PID=1593) to work on /home/airflow/.local/lib/python3.8/site-packages/airflow/example_dags/example_branch_python_dop_operator_3.py
[2023-10-10T09:02:57.357+0000] {processor.py:829} INFO - Processing file /home/airflow/.local/lib/python3.8/site-packages/airflow/example_dags/example_branch_python_dop_operator_3.py for tasks to queue
[2023-10-10T09:02:57.359+0000] {logging_mixin.py:151} INFO - [2023-10-10T09:02:57.359+0000] {dagbag.py:539} INFO - Filling up the DagBag from /home/airflow/.local/lib/python3.8/site-packages/airflow/example_dags/example_branch_python_dop_operator_3.py
[2023-10-10T09:02:57.368+0000] {processor.py:839} INFO - DAG(s) dict_keys(['example_branch_dop_operator_v3']) retrieved from /home/airflow/.local/lib/python3.8/site-packages/airflow/example_dags/example_branch_python_dop_operator_3.py
[2023-10-10T09:02:57.393+0000] {logging_mixin.py:151} INFO - [2023-10-10T09:02:57.393+0000] {dag.py:2915} INFO - Sync 1 DAGs
[2023-10-10T09:02:57.412+0000] {logging_mixin.py:151} INFO - [2023-10-10T09:02:57.412+0000] {dag.py:3696} INFO - Setting next_dagrun for example_branch_dop_operator_v3 to 2023-10-10T09:01:00+00:00, run_after=2023-10-10T09:02:00+00:00
[2023-10-10T09:02:57.423+0000] {processor.py:179} INFO - Processing /home/airflow/.local/lib/python3.8/site-packages/airflow/example_dags/example_branch_python_dop_operator_3.py took 0.072 seconds
[2023-10-10T09:03:27.602+0000] {processor.py:157} INFO - Started process (PID=1654) to work on /home/airflow/.local/lib/python3.8/site-packages/airflow/example_dags/example_branch_python_dop_operator_3.py
[2023-10-10T09:03:27.603+0000] {processor.py:829} INFO - Processing file /home/airflow/.local/lib/python3.8/site-packages/airflow/example_dags/example_branch_python_dop_operator_3.py for tasks to queue
[2023-10-10T09:03:27.605+0000] {logging_mixin.py:151} INFO - [2023-10-10T09:03:27.604+0000] {dagbag.py:539} INFO - Filling up the DagBag from /home/airflow/.local/lib/python3.8/site-packages/airflow/example_dags/example_branch_python_dop_operator_3.py
[2023-10-10T09:03:27.613+0000] {processor.py:839} INFO - DAG(s) dict_keys(['example_branch_dop_operator_v3']) retrieved from /home/airflow/.local/lib/python3.8/site-packages/airflow/example_dags/example_branch_python_dop_operator_3.py
[2023-10-10T09:03:27.633+0000] {logging_mixin.py:151} INFO - [2023-10-10T09:03:27.633+0000] {dag.py:2915} INFO - Sync 1 DAGs
[2023-10-10T09:03:27.656+0000] {logging_mixin.py:151} INFO - [2023-10-10T09:03:27.656+0000] {dag.py:3696} INFO - Setting next_dagrun for example_branch_dop_operator_v3 to 2023-10-10T09:02:00+00:00, run_after=2023-10-10T09:03:00+00:00
[2023-10-10T09:03:27.675+0000] {processor.py:179} INFO - Processing /home/airflow/.local/lib/python3.8/site-packages/airflow/example_dags/example_branch_python_dop_operator_3.py took 0.078 seconds
[2023-10-10T09:03:58.632+0000] {processor.py:157} INFO - Started process (PID=1716) to work on /home/airflow/.local/lib/python3.8/site-packages/airflow/example_dags/example_branch_python_dop_operator_3.py
[2023-10-10T09:03:58.633+0000] {processor.py:829} INFO - Processing file /home/airflow/.local/lib/python3.8/site-packages/airflow/example_dags/example_branch_python_dop_operator_3.py for tasks to queue
[2023-10-10T09:03:58.636+0000] {logging_mixin.py:151} INFO - [2023-10-10T09:03:58.635+0000] {dagbag.py:539} INFO - Filling up the DagBag from /home/airflow/.local/lib/python3.8/site-packages/airflow/example_dags/example_branch_python_dop_operator_3.py
[2023-10-10T09:03:58.649+0000] {processor.py:839} INFO - DAG(s) dict_keys(['example_branch_dop_operator_v3']) retrieved from /home/airflow/.local/lib/python3.8/site-packages/airflow/example_dags/example_branch_python_dop_operator_3.py
[2023-10-10T09:03:58.689+0000] {logging_mixin.py:151} INFO - [2023-10-10T09:03:58.689+0000] {dag.py:2915} INFO - Sync 1 DAGs
[2023-10-10T09:03:58.716+0000] {logging_mixin.py:151} INFO - [2023-10-10T09:03:58.715+0000] {dag.py:3696} INFO - Setting next_dagrun for example_branch_dop_operator_v3 to 2023-10-10T09:02:00+00:00, run_after=2023-10-10T09:03:00+00:00
[2023-10-10T09:03:58.732+0000] {processor.py:179} INFO - Processing /home/airflow/.local/lib/python3.8/site-packages/airflow/example_dags/example_branch_python_dop_operator_3.py took 0.104 seconds
[2023-10-10T09:04:29.214+0000] {processor.py:157} INFO - Started process (PID=1777) to work on /home/airflow/.local/lib/python3.8/site-packages/airflow/example_dags/example_branch_python_dop_operator_3.py
[2023-10-10T09:04:29.216+0000] {processor.py:829} INFO - Processing file /home/airflow/.local/lib/python3.8/site-packages/airflow/example_dags/example_branch_python_dop_operator_3.py for tasks to queue
[2023-10-10T09:04:29.218+0000] {logging_mixin.py:151} INFO - [2023-10-10T09:04:29.218+0000] {dagbag.py:539} INFO - Filling up the DagBag from /home/airflow/.local/lib/python3.8/site-packages/airflow/example_dags/example_branch_python_dop_operator_3.py
[2023-10-10T09:04:29.227+0000] {processor.py:839} INFO - DAG(s) dict_keys(['example_branch_dop_operator_v3']) retrieved from /home/airflow/.local/lib/python3.8/site-packages/airflow/example_dags/example_branch_python_dop_operator_3.py
[2023-10-10T09:04:29.251+0000] {logging_mixin.py:151} INFO - [2023-10-10T09:04:29.250+0000] {dag.py:2915} INFO - Sync 1 DAGs
[2023-10-10T09:04:29.278+0000] {logging_mixin.py:151} INFO - [2023-10-10T09:04:29.277+0000] {dag.py:3696} INFO - Setting next_dagrun for example_branch_dop_operator_v3 to 2023-10-10T09:03:00+00:00, run_after=2023-10-10T09:04:00+00:00
[2023-10-10T09:04:29.296+0000] {processor.py:179} INFO - Processing /home/airflow/.local/lib/python3.8/site-packages/airflow/example_dags/example_branch_python_dop_operator_3.py took 0.090 seconds
[2023-10-10T09:04:59.587+0000] {processor.py:157} INFO - Started process (PID=1837) to work on /home/airflow/.local/lib/python3.8/site-packages/airflow/example_dags/example_branch_python_dop_operator_3.py
[2023-10-10T09:04:59.588+0000] {processor.py:829} INFO - Processing file /home/airflow/.local/lib/python3.8/site-packages/airflow/example_dags/example_branch_python_dop_operator_3.py for tasks to queue
[2023-10-10T09:04:59.592+0000] {logging_mixin.py:151} INFO - [2023-10-10T09:04:59.591+0000] {dagbag.py:539} INFO - Filling up the DagBag from /home/airflow/.local/lib/python3.8/site-packages/airflow/example_dags/example_branch_python_dop_operator_3.py
[2023-10-10T09:04:59.600+0000] {processor.py:839} INFO - DAG(s) dict_keys(['example_branch_dop_operator_v3']) retrieved from /home/airflow/.local/lib/python3.8/site-packages/airflow/example_dags/example_branch_python_dop_operator_3.py
[2023-10-10T09:04:59.620+0000] {logging_mixin.py:151} INFO - [2023-10-10T09:04:59.619+0000] {dag.py:2915} INFO - Sync 1 DAGs
[2023-10-10T09:04:59.636+0000] {logging_mixin.py:151} INFO - [2023-10-10T09:04:59.636+0000] {dag.py:3696} INFO - Setting next_dagrun for example_branch_dop_operator_v3 to 2023-10-10T09:03:00+00:00, run_after=2023-10-10T09:04:00+00:00
[2023-10-10T09:04:59.647+0000] {processor.py:179} INFO - Processing /home/airflow/.local/lib/python3.8/site-packages/airflow/example_dags/example_branch_python_dop_operator_3.py took 0.063 seconds
[2023-10-10T09:05:30.206+0000] {processor.py:157} INFO - Started process (PID=1897) to work on /home/airflow/.local/lib/python3.8/site-packages/airflow/example_dags/example_branch_python_dop_operator_3.py
[2023-10-10T09:05:30.207+0000] {processor.py:829} INFO - Processing file /home/airflow/.local/lib/python3.8/site-packages/airflow/example_dags/example_branch_python_dop_operator_3.py for tasks to queue
[2023-10-10T09:05:30.209+0000] {logging_mixin.py:151} INFO - [2023-10-10T09:05:30.208+0000] {dagbag.py:539} INFO - Filling up the DagBag from /home/airflow/.local/lib/python3.8/site-packages/airflow/example_dags/example_branch_python_dop_operator_3.py
[2023-10-10T09:05:30.217+0000] {processor.py:839} INFO - DAG(s) dict_keys(['example_branch_dop_operator_v3']) retrieved from /home/airflow/.local/lib/python3.8/site-packages/airflow/example_dags/example_branch_python_dop_operator_3.py
[2023-10-10T09:05:30.240+0000] {logging_mixin.py:151} INFO - [2023-10-10T09:05:30.240+0000] {dag.py:2915} INFO - Sync 1 DAGs
[2023-10-10T09:05:30.269+0000] {logging_mixin.py:151} INFO - [2023-10-10T09:05:30.269+0000] {dag.py:3696} INFO - Setting next_dagrun for example_branch_dop_operator_v3 to 2023-10-10T09:04:00+00:00, run_after=2023-10-10T09:05:00+00:00
[2023-10-10T09:05:30.297+0000] {processor.py:179} INFO - Processing /home/airflow/.local/lib/python3.8/site-packages/airflow/example_dags/example_branch_python_dop_operator_3.py took 0.094 seconds
[2023-10-10T09:06:00.643+0000] {processor.py:157} INFO - Started process (PID=1958) to work on /home/airflow/.local/lib/python3.8/site-packages/airflow/example_dags/example_branch_python_dop_operator_3.py
[2023-10-10T09:06:00.645+0000] {processor.py:829} INFO - Processing file /home/airflow/.local/lib/python3.8/site-packages/airflow/example_dags/example_branch_python_dop_operator_3.py for tasks to queue
[2023-10-10T09:06:00.647+0000] {logging_mixin.py:151} INFO - [2023-10-10T09:06:00.647+0000] {dagbag.py:539} INFO - Filling up the DagBag from /home/airflow/.local/lib/python3.8/site-packages/airflow/example_dags/example_branch_python_dop_operator_3.py
[2023-10-10T09:06:00.655+0000] {processor.py:839} INFO - DAG(s) dict_keys(['example_branch_dop_operator_v3']) retrieved from /home/airflow/.local/lib/python3.8/site-packages/airflow/example_dags/example_branch_python_dop_operator_3.py
[2023-10-10T09:06:00.672+0000] {logging_mixin.py:151} INFO - [2023-10-10T09:06:00.671+0000] {dag.py:2915} INFO - Sync 1 DAGs
[2023-10-10T09:06:00.689+0000] {logging_mixin.py:151} INFO - [2023-10-10T09:06:00.689+0000] {dag.py:3696} INFO - Setting next_dagrun for example_branch_dop_operator_v3 to 2023-10-10T09:05:00+00:00, run_after=2023-10-10T09:06:00+00:00
[2023-10-10T09:06:00.700+0000] {processor.py:179} INFO - Processing /home/airflow/.local/lib/python3.8/site-packages/airflow/example_dags/example_branch_python_dop_operator_3.py took 0.060 seconds
[2023-10-10T09:06:31.333+0000] {processor.py:157} INFO - Started process (PID=2019) to work on /home/airflow/.local/lib/python3.8/site-packages/airflow/example_dags/example_branch_python_dop_operator_3.py
[2023-10-10T09:06:31.341+0000] {processor.py:829} INFO - Processing file /home/airflow/.local/lib/python3.8/site-packages/airflow/example_dags/example_branch_python_dop_operator_3.py for tasks to queue
[2023-10-10T09:06:31.343+0000] {logging_mixin.py:151} INFO - [2023-10-10T09:06:31.343+0000] {dagbag.py:539} INFO - Filling up the DagBag from /home/airflow/.local/lib/python3.8/site-packages/airflow/example_dags/example_branch_python_dop_operator_3.py
[2023-10-10T09:06:31.349+0000] {processor.py:839} INFO - DAG(s) dict_keys(['example_branch_dop_operator_v3']) retrieved from /home/airflow/.local/lib/python3.8/site-packages/airflow/example_dags/example_branch_python_dop_operator_3.py
[2023-10-10T09:06:31.369+0000] {logging_mixin.py:151} INFO - [2023-10-10T09:06:31.369+0000] {dag.py:2915} INFO - Sync 1 DAGs
[2023-10-10T09:06:31.395+0000] {logging_mixin.py:151} INFO - [2023-10-10T09:06:31.395+0000] {dag.py:3696} INFO - Setting next_dagrun for example_branch_dop_operator_v3 to 2023-10-10T09:05:00+00:00, run_after=2023-10-10T09:06:00+00:00
[2023-10-10T09:06:31.405+0000] {processor.py:179} INFO - Processing /home/airflow/.local/lib/python3.8/site-packages/airflow/example_dags/example_branch_python_dop_operator_3.py took 0.077 seconds
[2023-10-10T09:07:01.717+0000] {processor.py:157} INFO - Started process (PID=2080) to work on /home/airflow/.local/lib/python3.8/site-packages/airflow/example_dags/example_branch_python_dop_operator_3.py
[2023-10-10T09:07:01.718+0000] {processor.py:829} INFO - Processing file /home/airflow/.local/lib/python3.8/site-packages/airflow/example_dags/example_branch_python_dop_operator_3.py for tasks to queue
[2023-10-10T09:07:01.721+0000] {logging_mixin.py:151} INFO - [2023-10-10T09:07:01.721+0000] {dagbag.py:539} INFO - Filling up the DagBag from /home/airflow/.local/lib/python3.8/site-packages/airflow/example_dags/example_branch_python_dop_operator_3.py
[2023-10-10T09:07:01.729+0000] {processor.py:839} INFO - DAG(s) dict_keys(['example_branch_dop_operator_v3']) retrieved from /home/airflow/.local/lib/python3.8/site-packages/airflow/example_dags/example_branch_python_dop_operator_3.py
[2023-10-10T09:07:01.752+0000] {logging_mixin.py:151} INFO - [2023-10-10T09:07:01.752+0000] {dag.py:2915} INFO - Sync 1 DAGs
[2023-10-10T09:07:01.771+0000] {logging_mixin.py:151} INFO - [2023-10-10T09:07:01.771+0000] {dag.py:3696} INFO - Setting next_dagrun for example_branch_dop_operator_v3 to 2023-10-10T09:06:00+00:00, run_after=2023-10-10T09:07:00+00:00
[2023-10-10T09:07:01.781+0000] {processor.py:179} INFO - Processing /home/airflow/.local/lib/python3.8/site-packages/airflow/example_dags/example_branch_python_dop_operator_3.py took 0.067 seconds
[2023-10-10T09:07:32.550+0000] {processor.py:157} INFO - Started process (PID=2141) to work on /home/airflow/.local/lib/python3.8/site-packages/airflow/example_dags/example_branch_python_dop_operator_3.py
[2023-10-10T09:07:32.552+0000] {processor.py:829} INFO - Processing file /home/airflow/.local/lib/python3.8/site-packages/airflow/example_dags/example_branch_python_dop_operator_3.py for tasks to queue
[2023-10-10T09:07:32.554+0000] {logging_mixin.py:151} INFO - [2023-10-10T09:07:32.554+0000] {dagbag.py:539} INFO - Filling up the DagBag from /home/airflow/.local/lib/python3.8/site-packages/airflow/example_dags/example_branch_python_dop_operator_3.py
[2023-10-10T09:07:32.564+0000] {processor.py:839} INFO - DAG(s) dict_keys(['example_branch_dop_operator_v3']) retrieved from /home/airflow/.local/lib/python3.8/site-packages/airflow/example_dags/example_branch_python_dop_operator_3.py
[2023-10-10T09:07:32.582+0000] {logging_mixin.py:151} INFO - [2023-10-10T09:07:32.582+0000] {dag.py:2915} INFO - Sync 1 DAGs
[2023-10-10T09:07:32.603+0000] {logging_mixin.py:151} INFO - [2023-10-10T09:07:32.603+0000] {dag.py:3696} INFO - Setting next_dagrun for example_branch_dop_operator_v3 to 2023-10-10T09:06:00+00:00, run_after=2023-10-10T09:07:00+00:00
[2023-10-10T09:07:32.623+0000] {processor.py:179} INFO - Processing /home/airflow/.local/lib/python3.8/site-packages/airflow/example_dags/example_branch_python_dop_operator_3.py took 0.075 seconds
[2023-10-10T09:08:02.878+0000] {processor.py:157} INFO - Started process (PID=2202) to work on /home/airflow/.local/lib/python3.8/site-packages/airflow/example_dags/example_branch_python_dop_operator_3.py
[2023-10-10T09:08:02.880+0000] {processor.py:829} INFO - Processing file /home/airflow/.local/lib/python3.8/site-packages/airflow/example_dags/example_branch_python_dop_operator_3.py for tasks to queue
[2023-10-10T09:08:02.882+0000] {logging_mixin.py:151} INFO - [2023-10-10T09:08:02.882+0000] {dagbag.py:539} INFO - Filling up the DagBag from /home/airflow/.local/lib/python3.8/site-packages/airflow/example_dags/example_branch_python_dop_operator_3.py
[2023-10-10T09:08:02.890+0000] {processor.py:839} INFO - DAG(s) dict_keys(['example_branch_dop_operator_v3']) retrieved from /home/airflow/.local/lib/python3.8/site-packages/airflow/example_dags/example_branch_python_dop_operator_3.py
[2023-10-10T09:08:02.909+0000] {logging_mixin.py:151} INFO - [2023-10-10T09:08:02.908+0000] {dag.py:2915} INFO - Sync 1 DAGs
[2023-10-10T09:08:02.932+0000] {logging_mixin.py:151} INFO - [2023-10-10T09:08:02.932+0000] {dag.py:3696} INFO - Setting next_dagrun for example_branch_dop_operator_v3 to 2023-10-10T09:07:00+00:00, run_after=2023-10-10T09:08:00+00:00
[2023-10-10T09:08:02.946+0000] {processor.py:179} INFO - Processing /home/airflow/.local/lib/python3.8/site-packages/airflow/example_dags/example_branch_python_dop_operator_3.py took 0.074 seconds
[2023-10-10T09:08:33.302+0000] {processor.py:157} INFO - Started process (PID=2263) to work on /home/airflow/.local/lib/python3.8/site-packages/airflow/example_dags/example_branch_python_dop_operator_3.py
[2023-10-10T09:08:33.303+0000] {processor.py:829} INFO - Processing file /home/airflow/.local/lib/python3.8/site-packages/airflow/example_dags/example_branch_python_dop_operator_3.py for tasks to queue
[2023-10-10T09:08:33.304+0000] {logging_mixin.py:151} INFO - [2023-10-10T09:08:33.304+0000] {dagbag.py:539} INFO - Filling up the DagBag from /home/airflow/.local/lib/python3.8/site-packages/airflow/example_dags/example_branch_python_dop_operator_3.py
[2023-10-10T09:08:33.310+0000] {processor.py:839} INFO - DAG(s) dict_keys(['example_branch_dop_operator_v3']) retrieved from /home/airflow/.local/lib/python3.8/site-packages/airflow/example_dags/example_branch_python_dop_operator_3.py
[2023-10-10T09:08:33.337+0000] {logging_mixin.py:151} INFO - [2023-10-10T09:08:33.337+0000] {dag.py:2915} INFO - Sync 1 DAGs
[2023-10-10T09:08:33.356+0000] {logging_mixin.py:151} INFO - [2023-10-10T09:08:33.356+0000] {dag.py:3696} INFO - Setting next_dagrun for example_branch_dop_operator_v3 to 2023-10-10T09:07:00+00:00, run_after=2023-10-10T09:08:00+00:00
[2023-10-10T09:08:33.367+0000] {processor.py:179} INFO - Processing /home/airflow/.local/lib/python3.8/site-packages/airflow/example_dags/example_branch_python_dop_operator_3.py took 0.070 seconds
[2023-10-10T09:09:03.669+0000] {processor.py:157} INFO - Started process (PID=2324) to work on /home/airflow/.local/lib/python3.8/site-packages/airflow/example_dags/example_branch_python_dop_operator_3.py
[2023-10-10T09:09:03.670+0000] {processor.py:829} INFO - Processing file /home/airflow/.local/lib/python3.8/site-packages/airflow/example_dags/example_branch_python_dop_operator_3.py for tasks to queue
[2023-10-10T09:09:03.672+0000] {logging_mixin.py:151} INFO - [2023-10-10T09:09:03.672+0000] {dagbag.py:539} INFO - Filling up the DagBag from /home/airflow/.local/lib/python3.8/site-packages/airflow/example_dags/example_branch_python_dop_operator_3.py
[2023-10-10T09:09:03.678+0000] {processor.py:839} INFO - DAG(s) dict_keys(['example_branch_dop_operator_v3']) retrieved from /home/airflow/.local/lib/python3.8/site-packages/airflow/example_dags/example_branch_python_dop_operator_3.py
[2023-10-10T09:09:03.699+0000] {logging_mixin.py:151} INFO - [2023-10-10T09:09:03.699+0000] {dag.py:2915} INFO - Sync 1 DAGs
[2023-10-10T09:09:03.724+0000] {logging_mixin.py:151} INFO - [2023-10-10T09:09:03.723+0000] {dag.py:3696} INFO - Setting next_dagrun for example_branch_dop_operator_v3 to 2023-10-10T09:08:00+00:00, run_after=2023-10-10T09:09:00+00:00
[2023-10-10T09:09:03.735+0000] {processor.py:179} INFO - Processing /home/airflow/.local/lib/python3.8/site-packages/airflow/example_dags/example_branch_python_dop_operator_3.py took 0.069 seconds
[2023-10-10T09:09:34.154+0000] {processor.py:157} INFO - Started process (PID=2385) to work on /home/airflow/.local/lib/python3.8/site-packages/airflow/example_dags/example_branch_python_dop_operator_3.py
[2023-10-10T09:09:34.154+0000] {processor.py:829} INFO - Processing file /home/airflow/.local/lib/python3.8/site-packages/airflow/example_dags/example_branch_python_dop_operator_3.py for tasks to queue
[2023-10-10T09:09:34.157+0000] {logging_mixin.py:151} INFO - [2023-10-10T09:09:34.156+0000] {dagbag.py:539} INFO - Filling up the DagBag from /home/airflow/.local/lib/python3.8/site-packages/airflow/example_dags/example_branch_python_dop_operator_3.py
[2023-10-10T09:09:34.163+0000] {processor.py:839} INFO - DAG(s) dict_keys(['example_branch_dop_operator_v3']) retrieved from /home/airflow/.local/lib/python3.8/site-packages/airflow/example_dags/example_branch_python_dop_operator_3.py
[2023-10-10T09:09:34.180+0000] {logging_mixin.py:151} INFO - [2023-10-10T09:09:34.180+0000] {dag.py:2915} INFO - Sync 1 DAGs
[2023-10-10T09:09:34.198+0000] {logging_mixin.py:151} INFO - [2023-10-10T09:09:34.198+0000] {dag.py:3696} INFO - Setting next_dagrun for example_branch_dop_operator_v3 to 2023-10-10T09:08:00+00:00, run_after=2023-10-10T09:09:00+00:00
[2023-10-10T09:09:34.212+0000] {processor.py:179} INFO - Processing /home/airflow/.local/lib/python3.8/site-packages/airflow/example_dags/example_branch_python_dop_operator_3.py took 0.060 seconds
[2023-10-10T09:10:04.583+0000] {processor.py:157} INFO - Started process (PID=2446) to work on /home/airflow/.local/lib/python3.8/site-packages/airflow/example_dags/example_branch_python_dop_operator_3.py
[2023-10-10T09:10:04.585+0000] {processor.py:829} INFO - Processing file /home/airflow/.local/lib/python3.8/site-packages/airflow/example_dags/example_branch_python_dop_operator_3.py for tasks to queue
[2023-10-10T09:10:04.594+0000] {logging_mixin.py:151} INFO - [2023-10-10T09:10:04.593+0000] {dagbag.py:539} INFO - Filling up the DagBag from /home/airflow/.local/lib/python3.8/site-packages/airflow/example_dags/example_branch_python_dop_operator_3.py
[2023-10-10T09:10:04.601+0000] {processor.py:839} INFO - DAG(s) dict_keys(['example_branch_dop_operator_v3']) retrieved from /home/airflow/.local/lib/python3.8/site-packages/airflow/example_dags/example_branch_python_dop_operator_3.py
[2023-10-10T09:10:04.621+0000] {logging_mixin.py:151} INFO - [2023-10-10T09:10:04.621+0000] {dag.py:2915} INFO - Sync 1 DAGs
[2023-10-10T09:10:04.646+0000] {logging_mixin.py:151} INFO - [2023-10-10T09:10:04.646+0000] {dag.py:3696} INFO - Setting next_dagrun for example_branch_dop_operator_v3 to 2023-10-10T09:09:00+00:00, run_after=2023-10-10T09:10:00+00:00
[2023-10-10T09:10:04.660+0000] {processor.py:179} INFO - Processing /home/airflow/.local/lib/python3.8/site-packages/airflow/example_dags/example_branch_python_dop_operator_3.py took 0.080 seconds
[2023-10-10T09:10:35.418+0000] {processor.py:157} INFO - Started process (PID=2507) to work on /home/airflow/.local/lib/python3.8/site-packages/airflow/example_dags/example_branch_python_dop_operator_3.py
[2023-10-10T09:10:35.419+0000] {processor.py:829} INFO - Processing file /home/airflow/.local/lib/python3.8/site-packages/airflow/example_dags/example_branch_python_dop_operator_3.py for tasks to queue
[2023-10-10T09:10:35.422+0000] {logging_mixin.py:151} INFO - [2023-10-10T09:10:35.422+0000] {dagbag.py:539} INFO - Filling up the DagBag from /home/airflow/.local/lib/python3.8/site-packages/airflow/example_dags/example_branch_python_dop_operator_3.py
[2023-10-10T09:10:35.433+0000] {processor.py:839} INFO - DAG(s) dict_keys(['example_branch_dop_operator_v3']) retrieved from /home/airflow/.local/lib/python3.8/site-packages/airflow/example_dags/example_branch_python_dop_operator_3.py
[2023-10-10T09:10:35.453+0000] {logging_mixin.py:151} INFO - [2023-10-10T09:10:35.452+0000] {dag.py:2915} INFO - Sync 1 DAGs
[2023-10-10T09:10:35.481+0000] {logging_mixin.py:151} INFO - [2023-10-10T09:10:35.481+0000] {dag.py:3696} INFO - Setting next_dagrun for example_branch_dop_operator_v3 to 2023-10-10T09:09:00+00:00, run_after=2023-10-10T09:10:00+00:00
[2023-10-10T09:10:35.493+0000] {processor.py:179} INFO - Processing /home/airflow/.local/lib/python3.8/site-packages/airflow/example_dags/example_branch_python_dop_operator_3.py took 0.077 seconds
[2023-10-10T09:11:05.867+0000] {processor.py:157} INFO - Started process (PID=2568) to work on /home/airflow/.local/lib/python3.8/site-packages/airflow/example_dags/example_branch_python_dop_operator_3.py
[2023-10-10T09:11:05.868+0000] {processor.py:829} INFO - Processing file /home/airflow/.local/lib/python3.8/site-packages/airflow/example_dags/example_branch_python_dop_operator_3.py for tasks to queue
[2023-10-10T09:11:05.869+0000] {logging_mixin.py:151} INFO - [2023-10-10T09:11:05.869+0000] {dagbag.py:539} INFO - Filling up the DagBag from /home/airflow/.local/lib/python3.8/site-packages/airflow/example_dags/example_branch_python_dop_operator_3.py
[2023-10-10T09:11:05.875+0000] {processor.py:839} INFO - DAG(s) dict_keys(['example_branch_dop_operator_v3']) retrieved from /home/airflow/.local/lib/python3.8/site-packages/airflow/example_dags/example_branch_python_dop_operator_3.py
[2023-10-10T09:11:05.891+0000] {logging_mixin.py:151} INFO - [2023-10-10T09:11:05.891+0000] {dag.py:2915} INFO - Sync 1 DAGs
[2023-10-10T09:11:05.910+0000] {logging_mixin.py:151} INFO - [2023-10-10T09:11:05.909+0000] {dag.py:3696} INFO - Setting next_dagrun for example_branch_dop_operator_v3 to 2023-10-10T09:10:00+00:00, run_after=2023-10-10T09:11:00+00:00
[2023-10-10T09:11:05.923+0000] {processor.py:179} INFO - Processing /home/airflow/.local/lib/python3.8/site-packages/airflow/example_dags/example_branch_python_dop_operator_3.py took 0.059 seconds
[2023-10-10T09:11:36.178+0000] {processor.py:157} INFO - Started process (PID=2629) to work on /home/airflow/.local/lib/python3.8/site-packages/airflow/example_dags/example_branch_python_dop_operator_3.py
[2023-10-10T09:11:36.180+0000] {processor.py:829} INFO - Processing file /home/airflow/.local/lib/python3.8/site-packages/airflow/example_dags/example_branch_python_dop_operator_3.py for tasks to queue
[2023-10-10T09:11:36.181+0000] {logging_mixin.py:151} INFO - [2023-10-10T09:11:36.181+0000] {dagbag.py:539} INFO - Filling up the DagBag from /home/airflow/.local/lib/python3.8/site-packages/airflow/example_dags/example_branch_python_dop_operator_3.py
[2023-10-10T09:11:36.187+0000] {processor.py:839} INFO - DAG(s) dict_keys(['example_branch_dop_operator_v3']) retrieved from /home/airflow/.local/lib/python3.8/site-packages/airflow/example_dags/example_branch_python_dop_operator_3.py
[2023-10-10T09:11:36.203+0000] {logging_mixin.py:151} INFO - [2023-10-10T09:11:36.203+0000] {dag.py:2915} INFO - Sync 1 DAGs
[2023-10-10T09:11:36.224+0000] {logging_mixin.py:151} INFO - [2023-10-10T09:11:36.224+0000] {dag.py:3696} INFO - Setting next_dagrun for example_branch_dop_operator_v3 to 2023-10-10T09:10:00+00:00, run_after=2023-10-10T09:11:00+00:00
[2023-10-10T09:11:36.236+0000] {processor.py:179} INFO - Processing /home/airflow/.local/lib/python3.8/site-packages/airflow/example_dags/example_branch_python_dop_operator_3.py took 0.060 seconds
[2023-10-10T09:12:06.916+0000] {processor.py:157} INFO - Started process (PID=2690) to work on /home/airflow/.local/lib/python3.8/site-packages/airflow/example_dags/example_branch_python_dop_operator_3.py
[2023-10-10T09:12:06.917+0000] {processor.py:829} INFO - Processing file /home/airflow/.local/lib/python3.8/site-packages/airflow/example_dags/example_branch_python_dop_operator_3.py for tasks to queue
[2023-10-10T09:12:06.919+0000] {logging_mixin.py:151} INFO - [2023-10-10T09:12:06.919+0000] {dagbag.py:539} INFO - Filling up the DagBag from /home/airflow/.local/lib/python3.8/site-packages/airflow/example_dags/example_branch_python_dop_operator_3.py
[2023-10-10T09:12:06.925+0000] {processor.py:839} INFO - DAG(s) dict_keys(['example_branch_dop_operator_v3']) retrieved from /home/airflow/.local/lib/python3.8/site-packages/airflow/example_dags/example_branch_python_dop_operator_3.py
[2023-10-10T09:12:06.943+0000] {logging_mixin.py:151} INFO - [2023-10-10T09:12:06.943+0000] {dag.py:2915} INFO - Sync 1 DAGs
[2023-10-10T09:12:06.961+0000] {logging_mixin.py:151} INFO - [2023-10-10T09:12:06.961+0000] {dag.py:3696} INFO - Setting next_dagrun for example_branch_dop_operator_v3 to 2023-10-10T09:11:00+00:00, run_after=2023-10-10T09:12:00+00:00
[2023-10-10T09:12:06.974+0000] {processor.py:179} INFO - Processing /home/airflow/.local/lib/python3.8/site-packages/airflow/example_dags/example_branch_python_dop_operator_3.py took 0.060 seconds
[2023-10-10T09:12:37.432+0000] {processor.py:157} INFO - Started process (PID=2751) to work on /home/airflow/.local/lib/python3.8/site-packages/airflow/example_dags/example_branch_python_dop_operator_3.py
[2023-10-10T09:12:37.433+0000] {processor.py:829} INFO - Processing file /home/airflow/.local/lib/python3.8/site-packages/airflow/example_dags/example_branch_python_dop_operator_3.py for tasks to queue
[2023-10-10T09:12:37.435+0000] {logging_mixin.py:151} INFO - [2023-10-10T09:12:37.435+0000] {dagbag.py:539} INFO - Filling up the DagBag from /home/airflow/.local/lib/python3.8/site-packages/airflow/example_dags/example_branch_python_dop_operator_3.py
[2023-10-10T09:12:37.443+0000] {processor.py:839} INFO - DAG(s) dict_keys(['example_branch_dop_operator_v3']) retrieved from /home/airflow/.local/lib/python3.8/site-packages/airflow/example_dags/example_branch_python_dop_operator_3.py
[2023-10-10T09:12:37.460+0000] {logging_mixin.py:151} INFO - [2023-10-10T09:12:37.460+0000] {dag.py:2915} INFO - Sync 1 DAGs
[2023-10-10T09:12:37.478+0000] {logging_mixin.py:151} INFO - [2023-10-10T09:12:37.478+0000] {dag.py:3696} INFO - Setting next_dagrun for example_branch_dop_operator_v3 to 2023-10-10T09:11:00+00:00, run_after=2023-10-10T09:12:00+00:00
[2023-10-10T09:12:37.492+0000] {processor.py:179} INFO - Processing /home/airflow/.local/lib/python3.8/site-packages/airflow/example_dags/example_branch_python_dop_operator_3.py took 0.061 seconds
[2023-10-10T09:13:07.561+0000] {processor.py:157} INFO - Started process (PID=2809) to work on /home/airflow/.local/lib/python3.8/site-packages/airflow/example_dags/example_branch_python_dop_operator_3.py
[2023-10-10T09:13:07.562+0000] {processor.py:829} INFO - Processing file /home/airflow/.local/lib/python3.8/site-packages/airflow/example_dags/example_branch_python_dop_operator_3.py for tasks to queue
[2023-10-10T09:13:07.565+0000] {logging_mixin.py:151} INFO - [2023-10-10T09:13:07.565+0000] {dagbag.py:539} INFO - Filling up the DagBag from /home/airflow/.local/lib/python3.8/site-packages/airflow/example_dags/example_branch_python_dop_operator_3.py
[2023-10-10T09:13:07.579+0000] {processor.py:839} INFO - DAG(s) dict_keys(['example_branch_dop_operator_v3']) retrieved from /home/airflow/.local/lib/python3.8/site-packages/airflow/example_dags/example_branch_python_dop_operator_3.py
[2023-10-10T09:13:07.610+0000] {logging_mixin.py:151} INFO - [2023-10-10T09:13:07.610+0000] {dag.py:2915} INFO - Sync 1 DAGs
[2023-10-10T09:13:07.654+0000] {logging_mixin.py:151} INFO - [2023-10-10T09:13:07.654+0000] {dag.py:3696} INFO - Setting next_dagrun for example_branch_dop_operator_v3 to 2023-10-10T09:12:00+00:00, run_after=2023-10-10T09:13:00+00:00
[2023-10-10T09:13:07.670+0000] {processor.py:179} INFO - Processing /home/airflow/.local/lib/python3.8/site-packages/airflow/example_dags/example_branch_python_dop_operator_3.py took 0.116 seconds
[2023-10-10T09:13:37.997+0000] {processor.py:157} INFO - Started process (PID=2870) to work on /home/airflow/.local/lib/python3.8/site-packages/airflow/example_dags/example_branch_python_dop_operator_3.py
[2023-10-10T09:13:37.998+0000] {processor.py:829} INFO - Processing file /home/airflow/.local/lib/python3.8/site-packages/airflow/example_dags/example_branch_python_dop_operator_3.py for tasks to queue
[2023-10-10T09:13:38.000+0000] {logging_mixin.py:151} INFO - [2023-10-10T09:13:38.000+0000] {dagbag.py:539} INFO - Filling up the DagBag from /home/airflow/.local/lib/python3.8/site-packages/airflow/example_dags/example_branch_python_dop_operator_3.py
[2023-10-10T09:13:38.015+0000] {processor.py:839} INFO - DAG(s) dict_keys(['example_branch_dop_operator_v3']) retrieved from /home/airflow/.local/lib/python3.8/site-packages/airflow/example_dags/example_branch_python_dop_operator_3.py
[2023-10-10T09:13:38.037+0000] {logging_mixin.py:151} INFO - [2023-10-10T09:13:38.037+0000] {dag.py:2915} INFO - Sync 1 DAGs
[2023-10-10T09:13:38.065+0000] {logging_mixin.py:151} INFO - [2023-10-10T09:13:38.065+0000] {dag.py:3696} INFO - Setting next_dagrun for example_branch_dop_operator_v3 to 2023-10-10T09:12:00+00:00, run_after=2023-10-10T09:13:00+00:00
[2023-10-10T09:13:38.076+0000] {processor.py:179} INFO - Processing /home/airflow/.local/lib/python3.8/site-packages/airflow/example_dags/example_branch_python_dop_operator_3.py took 0.085 seconds
[2023-10-10T09:14:08.489+0000] {processor.py:157} INFO - Started process (PID=2931) to work on /home/airflow/.local/lib/python3.8/site-packages/airflow/example_dags/example_branch_python_dop_operator_3.py
[2023-10-10T09:14:08.490+0000] {processor.py:829} INFO - Processing file /home/airflow/.local/lib/python3.8/site-packages/airflow/example_dags/example_branch_python_dop_operator_3.py for tasks to queue
[2023-10-10T09:14:08.493+0000] {logging_mixin.py:151} INFO - [2023-10-10T09:14:08.492+0000] {dagbag.py:539} INFO - Filling up the DagBag from /home/airflow/.local/lib/python3.8/site-packages/airflow/example_dags/example_branch_python_dop_operator_3.py
[2023-10-10T09:14:08.510+0000] {processor.py:839} INFO - DAG(s) dict_keys(['example_branch_dop_operator_v3']) retrieved from /home/airflow/.local/lib/python3.8/site-packages/airflow/example_dags/example_branch_python_dop_operator_3.py
[2023-10-10T09:14:08.552+0000] {logging_mixin.py:151} INFO - [2023-10-10T09:14:08.552+0000] {dag.py:2915} INFO - Sync 1 DAGs
[2023-10-10T09:14:08.576+0000] {logging_mixin.py:151} INFO - [2023-10-10T09:14:08.576+0000] {dag.py:3696} INFO - Setting next_dagrun for example_branch_dop_operator_v3 to 2023-10-10T09:13:00+00:00, run_after=2023-10-10T09:14:00+00:00
[2023-10-10T09:14:08.602+0000] {processor.py:179} INFO - Processing /home/airflow/.local/lib/python3.8/site-packages/airflow/example_dags/example_branch_python_dop_operator_3.py took 0.126 seconds
[2023-10-10T09:14:39.243+0000] {processor.py:157} INFO - Started process (PID=2992) to work on /home/airflow/.local/lib/python3.8/site-packages/airflow/example_dags/example_branch_python_dop_operator_3.py
[2023-10-10T09:14:39.247+0000] {processor.py:829} INFO - Processing file /home/airflow/.local/lib/python3.8/site-packages/airflow/example_dags/example_branch_python_dop_operator_3.py for tasks to queue
[2023-10-10T09:14:39.254+0000] {logging_mixin.py:151} INFO - [2023-10-10T09:14:39.253+0000] {dagbag.py:539} INFO - Filling up the DagBag from /home/airflow/.local/lib/python3.8/site-packages/airflow/example_dags/example_branch_python_dop_operator_3.py
[2023-10-10T09:14:39.273+0000] {processor.py:839} INFO - DAG(s) dict_keys(['example_branch_dop_operator_v3']) retrieved from /home/airflow/.local/lib/python3.8/site-packages/airflow/example_dags/example_branch_python_dop_operator_3.py
[2023-10-10T09:14:39.321+0000] {logging_mixin.py:151} INFO - [2023-10-10T09:14:39.320+0000] {dag.py:2915} INFO - Sync 1 DAGs
[2023-10-10T09:14:39.355+0000] {logging_mixin.py:151} INFO - [2023-10-10T09:14:39.355+0000] {dag.py:3696} INFO - Setting next_dagrun for example_branch_dop_operator_v3 to 2023-10-10T09:13:00+00:00, run_after=2023-10-10T09:14:00+00:00
[2023-10-10T09:14:39.368+0000] {processor.py:179} INFO - Processing /home/airflow/.local/lib/python3.8/site-packages/airflow/example_dags/example_branch_python_dop_operator_3.py took 0.130 seconds
[2023-10-10T09:15:10.388+0000] {processor.py:157} INFO - Started process (PID=3053) to work on /home/airflow/.local/lib/python3.8/site-packages/airflow/example_dags/example_branch_python_dop_operator_3.py
[2023-10-10T09:15:10.391+0000] {processor.py:829} INFO - Processing file /home/airflow/.local/lib/python3.8/site-packages/airflow/example_dags/example_branch_python_dop_operator_3.py for tasks to queue
[2023-10-10T09:15:10.395+0000] {logging_mixin.py:151} INFO - [2023-10-10T09:15:10.394+0000] {dagbag.py:539} INFO - Filling up the DagBag from /home/airflow/.local/lib/python3.8/site-packages/airflow/example_dags/example_branch_python_dop_operator_3.py
[2023-10-10T09:15:10.413+0000] {processor.py:839} INFO - DAG(s) dict_keys(['example_branch_dop_operator_v3']) retrieved from /home/airflow/.local/lib/python3.8/site-packages/airflow/example_dags/example_branch_python_dop_operator_3.py
[2023-10-10T09:15:10.444+0000] {logging_mixin.py:151} INFO - [2023-10-10T09:15:10.444+0000] {dag.py:2915} INFO - Sync 1 DAGs
[2023-10-10T09:15:10.472+0000] {logging_mixin.py:151} INFO - [2023-10-10T09:15:10.472+0000] {dag.py:3696} INFO - Setting next_dagrun for example_branch_dop_operator_v3 to 2023-10-10T09:14:00+00:00, run_after=2023-10-10T09:15:00+00:00
[2023-10-10T09:15:10.485+0000] {processor.py:179} INFO - Processing /home/airflow/.local/lib/python3.8/site-packages/airflow/example_dags/example_branch_python_dop_operator_3.py took 0.101 seconds
[2023-10-10T09:15:41.346+0000] {processor.py:157} INFO - Started process (PID=3115) to work on /home/airflow/.local/lib/python3.8/site-packages/airflow/example_dags/example_branch_python_dop_operator_3.py
[2023-10-10T09:15:41.347+0000] {processor.py:829} INFO - Processing file /home/airflow/.local/lib/python3.8/site-packages/airflow/example_dags/example_branch_python_dop_operator_3.py for tasks to queue
[2023-10-10T09:15:41.349+0000] {logging_mixin.py:151} INFO - [2023-10-10T09:15:41.348+0000] {dagbag.py:539} INFO - Filling up the DagBag from /home/airflow/.local/lib/python3.8/site-packages/airflow/example_dags/example_branch_python_dop_operator_3.py
[2023-10-10T09:15:41.355+0000] {processor.py:839} INFO - DAG(s) dict_keys(['example_branch_dop_operator_v3']) retrieved from /home/airflow/.local/lib/python3.8/site-packages/airflow/example_dags/example_branch_python_dop_operator_3.py
[2023-10-10T09:15:41.378+0000] {logging_mixin.py:151} INFO - [2023-10-10T09:15:41.378+0000] {dag.py:2915} INFO - Sync 1 DAGs
[2023-10-10T09:15:41.400+0000] {logging_mixin.py:151} INFO - [2023-10-10T09:15:41.399+0000] {dag.py:3696} INFO - Setting next_dagrun for example_branch_dop_operator_v3 to 2023-10-10T09:14:00+00:00, run_after=2023-10-10T09:15:00+00:00
[2023-10-10T09:15:41.414+0000] {processor.py:179} INFO - Processing /home/airflow/.local/lib/python3.8/site-packages/airflow/example_dags/example_branch_python_dop_operator_3.py took 0.070 seconds
[2023-10-10T09:16:12.482+0000] {processor.py:157} INFO - Started process (PID=3176) to work on /home/airflow/.local/lib/python3.8/site-packages/airflow/example_dags/example_branch_python_dop_operator_3.py
[2023-10-10T09:16:12.483+0000] {processor.py:829} INFO - Processing file /home/airflow/.local/lib/python3.8/site-packages/airflow/example_dags/example_branch_python_dop_operator_3.py for tasks to queue
[2023-10-10T09:16:12.485+0000] {logging_mixin.py:151} INFO - [2023-10-10T09:16:12.485+0000] {dagbag.py:539} INFO - Filling up the DagBag from /home/airflow/.local/lib/python3.8/site-packages/airflow/example_dags/example_branch_python_dop_operator_3.py
[2023-10-10T09:16:12.494+0000] {processor.py:839} INFO - DAG(s) dict_keys(['example_branch_dop_operator_v3']) retrieved from /home/airflow/.local/lib/python3.8/site-packages/airflow/example_dags/example_branch_python_dop_operator_3.py
[2023-10-10T09:16:12.519+0000] {logging_mixin.py:151} INFO - [2023-10-10T09:16:12.519+0000] {dag.py:2915} INFO - Sync 1 DAGs
[2023-10-10T09:16:12.542+0000] {logging_mixin.py:151} INFO - [2023-10-10T09:16:12.542+0000] {dag.py:3696} INFO - Setting next_dagrun for example_branch_dop_operator_v3 to 2023-10-10T09:15:00+00:00, run_after=2023-10-10T09:16:00+00:00
[2023-10-10T09:16:12.554+0000] {processor.py:179} INFO - Processing /home/airflow/.local/lib/python3.8/site-packages/airflow/example_dags/example_branch_python_dop_operator_3.py took 0.076 seconds
[2023-10-10T09:16:43.591+0000] {processor.py:157} INFO - Started process (PID=3236) to work on /home/airflow/.local/lib/python3.8/site-packages/airflow/example_dags/example_branch_python_dop_operator_3.py
[2023-10-10T09:16:43.594+0000] {processor.py:829} INFO - Processing file /home/airflow/.local/lib/python3.8/site-packages/airflow/example_dags/example_branch_python_dop_operator_3.py for tasks to queue
[2023-10-10T09:16:43.599+0000] {logging_mixin.py:151} INFO - [2023-10-10T09:16:43.598+0000] {dagbag.py:539} INFO - Filling up the DagBag from /home/airflow/.local/lib/python3.8/site-packages/airflow/example_dags/example_branch_python_dop_operator_3.py
[2023-10-10T09:16:43.611+0000] {processor.py:839} INFO - DAG(s) dict_keys(['example_branch_dop_operator_v3']) retrieved from /home/airflow/.local/lib/python3.8/site-packages/airflow/example_dags/example_branch_python_dop_operator_3.py
[2023-10-10T09:16:43.644+0000] {logging_mixin.py:151} INFO - [2023-10-10T09:16:43.644+0000] {dag.py:2915} INFO - Sync 1 DAGs
[2023-10-10T09:16:43.667+0000] {logging_mixin.py:151} INFO - [2023-10-10T09:16:43.667+0000] {dag.py:3696} INFO - Setting next_dagrun for example_branch_dop_operator_v3 to 2023-10-10T09:15:00+00:00, run_after=2023-10-10T09:16:00+00:00
[2023-10-10T09:16:43.685+0000] {processor.py:179} INFO - Processing /home/airflow/.local/lib/python3.8/site-packages/airflow/example_dags/example_branch_python_dop_operator_3.py took 0.098 seconds
[2023-10-10T09:17:13.972+0000] {processor.py:157} INFO - Started process (PID=3291) to work on /home/airflow/.local/lib/python3.8/site-packages/airflow/example_dags/example_branch_python_dop_operator_3.py
[2023-10-10T09:17:13.973+0000] {processor.py:829} INFO - Processing file /home/airflow/.local/lib/python3.8/site-packages/airflow/example_dags/example_branch_python_dop_operator_3.py for tasks to queue
[2023-10-10T09:17:13.974+0000] {logging_mixin.py:151} INFO - [2023-10-10T09:17:13.974+0000] {dagbag.py:539} INFO - Filling up the DagBag from /home/airflow/.local/lib/python3.8/site-packages/airflow/example_dags/example_branch_python_dop_operator_3.py
[2023-10-10T09:17:13.981+0000] {processor.py:839} INFO - DAG(s) dict_keys(['example_branch_dop_operator_v3']) retrieved from /home/airflow/.local/lib/python3.8/site-packages/airflow/example_dags/example_branch_python_dop_operator_3.py
[2023-10-10T09:17:13.997+0000] {logging_mixin.py:151} INFO - [2023-10-10T09:17:13.997+0000] {dag.py:2915} INFO - Sync 1 DAGs
[2023-10-10T09:17:14.017+0000] {logging_mixin.py:151} INFO - [2023-10-10T09:17:14.017+0000] {dag.py:3696} INFO - Setting next_dagrun for example_branch_dop_operator_v3 to 2023-10-10T09:16:00+00:00, run_after=2023-10-10T09:17:00+00:00
[2023-10-10T09:17:14.028+0000] {processor.py:179} INFO - Processing /home/airflow/.local/lib/python3.8/site-packages/airflow/example_dags/example_branch_python_dop_operator_3.py took 0.059 seconds
[2023-10-10T09:17:44.999+0000] {processor.py:157} INFO - Started process (PID=3351) to work on /home/airflow/.local/lib/python3.8/site-packages/airflow/example_dags/example_branch_python_dop_operator_3.py
[2023-10-10T09:17:45.000+0000] {processor.py:829} INFO - Processing file /home/airflow/.local/lib/python3.8/site-packages/airflow/example_dags/example_branch_python_dop_operator_3.py for tasks to queue
[2023-10-10T09:17:45.003+0000] {logging_mixin.py:151} INFO - [2023-10-10T09:17:45.003+0000] {dagbag.py:539} INFO - Filling up the DagBag from /home/airflow/.local/lib/python3.8/site-packages/airflow/example_dags/example_branch_python_dop_operator_3.py
[2023-10-10T09:17:45.009+0000] {processor.py:839} INFO - DAG(s) dict_keys(['example_branch_dop_operator_v3']) retrieved from /home/airflow/.local/lib/python3.8/site-packages/airflow/example_dags/example_branch_python_dop_operator_3.py
[2023-10-10T09:17:45.034+0000] {logging_mixin.py:151} INFO - [2023-10-10T09:17:45.034+0000] {dag.py:2915} INFO - Sync 1 DAGs
[2023-10-10T09:17:45.057+0000] {logging_mixin.py:151} INFO - [2023-10-10T09:17:45.057+0000] {dag.py:3696} INFO - Setting next_dagrun for example_branch_dop_operator_v3 to 2023-10-10T09:16:00+00:00, run_after=2023-10-10T09:17:00+00:00
[2023-10-10T09:17:45.075+0000] {processor.py:179} INFO - Processing /home/airflow/.local/lib/python3.8/site-packages/airflow/example_dags/example_branch_python_dop_operator_3.py took 0.079 seconds
[2023-10-10T09:18:15.287+0000] {processor.py:157} INFO - Started process (PID=3411) to work on /home/airflow/.local/lib/python3.8/site-packages/airflow/example_dags/example_branch_python_dop_operator_3.py
[2023-10-10T09:18:15.289+0000] {processor.py:829} INFO - Processing file /home/airflow/.local/lib/python3.8/site-packages/airflow/example_dags/example_branch_python_dop_operator_3.py for tasks to queue
[2023-10-10T09:18:15.298+0000] {logging_mixin.py:151} INFO - [2023-10-10T09:18:15.296+0000] {dagbag.py:539} INFO - Filling up the DagBag from /home/airflow/.local/lib/python3.8/site-packages/airflow/example_dags/example_branch_python_dop_operator_3.py
[2023-10-10T09:18:15.351+0000] {processor.py:839} INFO - DAG(s) dict_keys(['example_branch_dop_operator_v3']) retrieved from /home/airflow/.local/lib/python3.8/site-packages/airflow/example_dags/example_branch_python_dop_operator_3.py
[2023-10-10T09:18:15.454+0000] {logging_mixin.py:151} INFO - [2023-10-10T09:18:15.454+0000] {dag.py:2915} INFO - Sync 1 DAGs
[2023-10-10T09:18:15.485+0000] {logging_mixin.py:151} INFO - [2023-10-10T09:18:15.485+0000] {dag.py:3696} INFO - Setting next_dagrun for example_branch_dop_operator_v3 to 2023-10-10T09:17:00+00:00, run_after=2023-10-10T09:18:00+00:00
[2023-10-10T09:18:15.497+0000] {processor.py:179} INFO - Processing /home/airflow/.local/lib/python3.8/site-packages/airflow/example_dags/example_branch_python_dop_operator_3.py took 0.214 seconds
[2023-10-10T09:18:45.894+0000] {processor.py:157} INFO - Started process (PID=3472) to work on /home/airflow/.local/lib/python3.8/site-packages/airflow/example_dags/example_branch_python_dop_operator_3.py
[2023-10-10T09:18:45.895+0000] {processor.py:829} INFO - Processing file /home/airflow/.local/lib/python3.8/site-packages/airflow/example_dags/example_branch_python_dop_operator_3.py for tasks to queue
[2023-10-10T09:18:45.905+0000] {logging_mixin.py:151} INFO - [2023-10-10T09:18:45.904+0000] {dagbag.py:539} INFO - Filling up the DagBag from /home/airflow/.local/lib/python3.8/site-packages/airflow/example_dags/example_branch_python_dop_operator_3.py
[2023-10-10T09:18:45.916+0000] {processor.py:839} INFO - DAG(s) dict_keys(['example_branch_dop_operator_v3']) retrieved from /home/airflow/.local/lib/python3.8/site-packages/airflow/example_dags/example_branch_python_dop_operator_3.py
[2023-10-10T09:18:45.950+0000] {logging_mixin.py:151} INFO - [2023-10-10T09:18:45.950+0000] {dag.py:2915} INFO - Sync 1 DAGs
[2023-10-10T09:18:45.975+0000] {logging_mixin.py:151} INFO - [2023-10-10T09:18:45.975+0000] {dag.py:3696} INFO - Setting next_dagrun for example_branch_dop_operator_v3 to 2023-10-10T09:17:00+00:00, run_after=2023-10-10T09:18:00+00:00
[2023-10-10T09:18:45.987+0000] {processor.py:179} INFO - Processing /home/airflow/.local/lib/python3.8/site-packages/airflow/example_dags/example_branch_python_dop_operator_3.py took 0.096 seconds
[2023-10-10T09:19:16.094+0000] {processor.py:157} INFO - Started process (PID=3533) to work on /home/airflow/.local/lib/python3.8/site-packages/airflow/example_dags/example_branch_python_dop_operator_3.py
[2023-10-10T09:19:16.095+0000] {processor.py:829} INFO - Processing file /home/airflow/.local/lib/python3.8/site-packages/airflow/example_dags/example_branch_python_dop_operator_3.py for tasks to queue
[2023-10-10T09:19:16.103+0000] {logging_mixin.py:151} INFO - [2023-10-10T09:19:16.103+0000] {dagbag.py:539} INFO - Filling up the DagBag from /home/airflow/.local/lib/python3.8/site-packages/airflow/example_dags/example_branch_python_dop_operator_3.py
[2023-10-10T09:19:16.120+0000] {processor.py:839} INFO - DAG(s) dict_keys(['example_branch_dop_operator_v3']) retrieved from /home/airflow/.local/lib/python3.8/site-packages/airflow/example_dags/example_branch_python_dop_operator_3.py
[2023-10-10T09:19:16.149+0000] {logging_mixin.py:151} INFO - [2023-10-10T09:19:16.149+0000] {dag.py:2915} INFO - Sync 1 DAGs
[2023-10-10T09:19:16.182+0000] {logging_mixin.py:151} INFO - [2023-10-10T09:19:16.182+0000] {dag.py:3696} INFO - Setting next_dagrun for example_branch_dop_operator_v3 to 2023-10-10T09:18:00+00:00, run_after=2023-10-10T09:19:00+00:00
[2023-10-10T09:19:16.195+0000] {processor.py:179} INFO - Processing /home/airflow/.local/lib/python3.8/site-packages/airflow/example_dags/example_branch_python_dop_operator_3.py took 0.106 seconds
[2023-10-10T09:19:46.398+0000] {processor.py:157} INFO - Started process (PID=3600) to work on /home/airflow/.local/lib/python3.8/site-packages/airflow/example_dags/example_branch_python_dop_operator_3.py
[2023-10-10T09:19:46.400+0000] {processor.py:829} INFO - Processing file /home/airflow/.local/lib/python3.8/site-packages/airflow/example_dags/example_branch_python_dop_operator_3.py for tasks to queue
[2023-10-10T09:19:46.404+0000] {logging_mixin.py:151} INFO - [2023-10-10T09:19:46.403+0000] {dagbag.py:539} INFO - Filling up the DagBag from /home/airflow/.local/lib/python3.8/site-packages/airflow/example_dags/example_branch_python_dop_operator_3.py
[2023-10-10T09:19:46.426+0000] {processor.py:839} INFO - DAG(s) dict_keys(['example_branch_dop_operator_v3']) retrieved from /home/airflow/.local/lib/python3.8/site-packages/airflow/example_dags/example_branch_python_dop_operator_3.py
[2023-10-10T09:19:46.473+0000] {logging_mixin.py:151} INFO - [2023-10-10T09:19:46.473+0000] {dag.py:2915} INFO - Sync 1 DAGs
[2023-10-10T09:19:46.528+0000] {logging_mixin.py:151} INFO - [2023-10-10T09:19:46.528+0000] {dag.py:3696} INFO - Setting next_dagrun for example_branch_dop_operator_v3 to 2023-10-10T09:18:00+00:00, run_after=2023-10-10T09:19:00+00:00
[2023-10-10T09:19:46.539+0000] {processor.py:179} INFO - Processing /home/airflow/.local/lib/python3.8/site-packages/airflow/example_dags/example_branch_python_dop_operator_3.py took 0.153 seconds
