[2023-10-10T08:49:46.769+0000] {processor.py:157} INFO - Started process (PID=42) to work on /home/airflow/.local/lib/python3.8/site-packages/airflow/example_dags/example_task_group_decorator.py
[2023-10-10T08:49:46.773+0000] {processor.py:829} INFO - Processing file /home/airflow/.local/lib/python3.8/site-packages/airflow/example_dags/example_task_group_decorator.py for tasks to queue
[2023-10-10T08:49:46.780+0000] {logging_mixin.py:151} INFO - [2023-10-10T08:49:46.779+0000] {dagbag.py:539} INFO - Filling up the DagBag from /home/airflow/.local/lib/python3.8/site-packages/airflow/example_dags/example_task_group_decorator.py
[2023-10-10T08:49:46.824+0000] {processor.py:839} INFO - DAG(s) dict_keys(['example_task_group_decorator']) retrieved from /home/airflow/.local/lib/python3.8/site-packages/airflow/example_dags/example_task_group_decorator.py
[2023-10-10T08:49:47.036+0000] {logging_mixin.py:151} INFO - [2023-10-10T08:49:47.027+0000] {dag.py:2915} INFO - Sync 1 DAGs
[2023-10-10T08:49:47.164+0000] {logging_mixin.py:151} INFO - [2023-10-10T08:49:47.163+0000] {dag.py:3696} INFO - Setting next_dagrun for example_task_group_decorator to 2023-10-09T08:49:47.162996+00:00, run_after=2023-10-10T08:49:47.162996+00:00
[2023-10-10T08:49:47.225+0000] {processor.py:179} INFO - Processing /home/airflow/.local/lib/python3.8/site-packages/airflow/example_dags/example_task_group_decorator.py took 0.461 seconds
[2023-10-10T08:50:23.000+0000] {processor.py:157} INFO - Started process (PID=97) to work on /home/airflow/.local/lib/python3.8/site-packages/airflow/example_dags/example_task_group_decorator.py
[2023-10-10T08:50:23.003+0000] {processor.py:829} INFO - Processing file /home/airflow/.local/lib/python3.8/site-packages/airflow/example_dags/example_task_group_decorator.py for tasks to queue
[2023-10-10T08:50:23.009+0000] {logging_mixin.py:151} INFO - [2023-10-10T08:50:23.008+0000] {dagbag.py:539} INFO - Filling up the DagBag from /home/airflow/.local/lib/python3.8/site-packages/airflow/example_dags/example_task_group_decorator.py
[2023-10-10T08:50:23.046+0000] {processor.py:839} INFO - DAG(s) dict_keys(['example_task_group_decorator']) retrieved from /home/airflow/.local/lib/python3.8/site-packages/airflow/example_dags/example_task_group_decorator.py
[2023-10-10T08:50:23.088+0000] {logging_mixin.py:151} INFO - [2023-10-10T08:50:23.088+0000] {dag.py:2915} INFO - Sync 1 DAGs
[2023-10-10T08:50:23.146+0000] {logging_mixin.py:151} INFO - [2023-10-10T08:50:23.145+0000] {dag.py:3696} INFO - Setting next_dagrun for example_task_group_decorator to 2023-10-09T08:50:23.145301+00:00, run_after=2023-10-10T08:50:23.145301+00:00
[2023-10-10T08:50:23.177+0000] {processor.py:179} INFO - Processing /home/airflow/.local/lib/python3.8/site-packages/airflow/example_dags/example_task_group_decorator.py took 0.185 seconds
[2023-10-10T08:50:53.432+0000] {processor.py:157} INFO - Started process (PID=158) to work on /home/airflow/.local/lib/python3.8/site-packages/airflow/example_dags/example_task_group_decorator.py
[2023-10-10T08:50:53.433+0000] {processor.py:829} INFO - Processing file /home/airflow/.local/lib/python3.8/site-packages/airflow/example_dags/example_task_group_decorator.py for tasks to queue
[2023-10-10T08:50:53.435+0000] {logging_mixin.py:151} INFO - [2023-10-10T08:50:53.434+0000] {dagbag.py:539} INFO - Filling up the DagBag from /home/airflow/.local/lib/python3.8/site-packages/airflow/example_dags/example_task_group_decorator.py
[2023-10-10T08:50:53.444+0000] {processor.py:839} INFO - DAG(s) dict_keys(['example_task_group_decorator']) retrieved from /home/airflow/.local/lib/python3.8/site-packages/airflow/example_dags/example_task_group_decorator.py
[2023-10-10T08:50:53.462+0000] {logging_mixin.py:151} INFO - [2023-10-10T08:50:53.462+0000] {dag.py:2915} INFO - Sync 1 DAGs
[2023-10-10T08:50:53.480+0000] {logging_mixin.py:151} INFO - [2023-10-10T08:50:53.479+0000] {dag.py:3696} INFO - Setting next_dagrun for example_task_group_decorator to 2023-10-09T08:50:53.479781+00:00, run_after=2023-10-10T08:50:53.479781+00:00
[2023-10-10T08:50:53.508+0000] {processor.py:179} INFO - Processing /home/airflow/.local/lib/python3.8/site-packages/airflow/example_dags/example_task_group_decorator.py took 0.079 seconds
[2023-10-10T08:51:23.924+0000] {processor.py:157} INFO - Started process (PID=219) to work on /home/airflow/.local/lib/python3.8/site-packages/airflow/example_dags/example_task_group_decorator.py
[2023-10-10T08:51:23.926+0000] {processor.py:829} INFO - Processing file /home/airflow/.local/lib/python3.8/site-packages/airflow/example_dags/example_task_group_decorator.py for tasks to queue
[2023-10-10T08:51:23.934+0000] {logging_mixin.py:151} INFO - [2023-10-10T08:51:23.933+0000] {dagbag.py:539} INFO - Filling up the DagBag from /home/airflow/.local/lib/python3.8/site-packages/airflow/example_dags/example_task_group_decorator.py
[2023-10-10T08:51:23.946+0000] {processor.py:839} INFO - DAG(s) dict_keys(['example_task_group_decorator']) retrieved from /home/airflow/.local/lib/python3.8/site-packages/airflow/example_dags/example_task_group_decorator.py
[2023-10-10T08:51:23.965+0000] {logging_mixin.py:151} INFO - [2023-10-10T08:51:23.964+0000] {dag.py:2915} INFO - Sync 1 DAGs
[2023-10-10T08:51:23.979+0000] {logging_mixin.py:151} INFO - [2023-10-10T08:51:23.979+0000] {dag.py:3696} INFO - Setting next_dagrun for example_task_group_decorator to 2023-10-09T08:51:23.979406+00:00, run_after=2023-10-10T08:51:23.979406+00:00
[2023-10-10T08:51:23.993+0000] {processor.py:179} INFO - Processing /home/airflow/.local/lib/python3.8/site-packages/airflow/example_dags/example_task_group_decorator.py took 0.072 seconds
[2023-10-10T08:51:54.488+0000] {processor.py:157} INFO - Started process (PID=280) to work on /home/airflow/.local/lib/python3.8/site-packages/airflow/example_dags/example_task_group_decorator.py
[2023-10-10T08:51:54.490+0000] {processor.py:829} INFO - Processing file /home/airflow/.local/lib/python3.8/site-packages/airflow/example_dags/example_task_group_decorator.py for tasks to queue
[2023-10-10T08:51:54.493+0000] {logging_mixin.py:151} INFO - [2023-10-10T08:51:54.493+0000] {dagbag.py:539} INFO - Filling up the DagBag from /home/airflow/.local/lib/python3.8/site-packages/airflow/example_dags/example_task_group_decorator.py
[2023-10-10T08:51:54.512+0000] {processor.py:839} INFO - DAG(s) dict_keys(['example_task_group_decorator']) retrieved from /home/airflow/.local/lib/python3.8/site-packages/airflow/example_dags/example_task_group_decorator.py
[2023-10-10T08:51:54.551+0000] {logging_mixin.py:151} INFO - [2023-10-10T08:51:54.550+0000] {dag.py:2915} INFO - Sync 1 DAGs
[2023-10-10T08:51:54.589+0000] {logging_mixin.py:151} INFO - [2023-10-10T08:51:54.589+0000] {dag.py:3696} INFO - Setting next_dagrun for example_task_group_decorator to 2023-10-09T08:51:54.588477+00:00, run_after=2023-10-10T08:51:54.588477+00:00
[2023-10-10T08:51:54.615+0000] {processor.py:179} INFO - Processing /home/airflow/.local/lib/python3.8/site-packages/airflow/example_dags/example_task_group_decorator.py took 0.132 seconds
[2023-10-10T08:52:25.160+0000] {processor.py:157} INFO - Started process (PID=341) to work on /home/airflow/.local/lib/python3.8/site-packages/airflow/example_dags/example_task_group_decorator.py
[2023-10-10T08:52:25.161+0000] {processor.py:829} INFO - Processing file /home/airflow/.local/lib/python3.8/site-packages/airflow/example_dags/example_task_group_decorator.py for tasks to queue
[2023-10-10T08:52:25.164+0000] {logging_mixin.py:151} INFO - [2023-10-10T08:52:25.163+0000] {dagbag.py:539} INFO - Filling up the DagBag from /home/airflow/.local/lib/python3.8/site-packages/airflow/example_dags/example_task_group_decorator.py
[2023-10-10T08:52:25.175+0000] {processor.py:839} INFO - DAG(s) dict_keys(['example_task_group_decorator']) retrieved from /home/airflow/.local/lib/python3.8/site-packages/airflow/example_dags/example_task_group_decorator.py
[2023-10-10T08:52:25.202+0000] {logging_mixin.py:151} INFO - [2023-10-10T08:52:25.201+0000] {dag.py:2915} INFO - Sync 1 DAGs
[2023-10-10T08:52:25.219+0000] {logging_mixin.py:151} INFO - [2023-10-10T08:52:25.219+0000] {dag.py:3696} INFO - Setting next_dagrun for example_task_group_decorator to 2023-10-09T08:52:25.219454+00:00, run_after=2023-10-10T08:52:25.219454+00:00
[2023-10-10T08:52:25.230+0000] {processor.py:179} INFO - Processing /home/airflow/.local/lib/python3.8/site-packages/airflow/example_dags/example_task_group_decorator.py took 0.074 seconds
[2023-10-10T08:52:56.040+0000] {processor.py:157} INFO - Started process (PID=400) to work on /home/airflow/.local/lib/python3.8/site-packages/airflow/example_dags/example_task_group_decorator.py
[2023-10-10T08:52:56.042+0000] {processor.py:829} INFO - Processing file /home/airflow/.local/lib/python3.8/site-packages/airflow/example_dags/example_task_group_decorator.py for tasks to queue
[2023-10-10T08:52:56.044+0000] {logging_mixin.py:151} INFO - [2023-10-10T08:52:56.044+0000] {dagbag.py:539} INFO - Filling up the DagBag from /home/airflow/.local/lib/python3.8/site-packages/airflow/example_dags/example_task_group_decorator.py
[2023-10-10T08:52:56.056+0000] {processor.py:839} INFO - DAG(s) dict_keys(['example_task_group_decorator']) retrieved from /home/airflow/.local/lib/python3.8/site-packages/airflow/example_dags/example_task_group_decorator.py
[2023-10-10T08:52:56.074+0000] {logging_mixin.py:151} INFO - [2023-10-10T08:52:56.074+0000] {dag.py:2915} INFO - Sync 1 DAGs
[2023-10-10T08:52:56.089+0000] {logging_mixin.py:151} INFO - [2023-10-10T08:52:56.089+0000] {dag.py:3696} INFO - Setting next_dagrun for example_task_group_decorator to 2023-10-09T08:52:56.089371+00:00, run_after=2023-10-10T08:52:56.089371+00:00
[2023-10-10T08:52:56.100+0000] {processor.py:179} INFO - Processing /home/airflow/.local/lib/python3.8/site-packages/airflow/example_dags/example_task_group_decorator.py took 0.062 seconds
[2023-10-10T08:53:26.434+0000] {processor.py:157} INFO - Started process (PID=461) to work on /home/airflow/.local/lib/python3.8/site-packages/airflow/example_dags/example_task_group_decorator.py
[2023-10-10T08:53:26.435+0000] {processor.py:829} INFO - Processing file /home/airflow/.local/lib/python3.8/site-packages/airflow/example_dags/example_task_group_decorator.py for tasks to queue
[2023-10-10T08:53:26.437+0000] {logging_mixin.py:151} INFO - [2023-10-10T08:53:26.436+0000] {dagbag.py:539} INFO - Filling up the DagBag from /home/airflow/.local/lib/python3.8/site-packages/airflow/example_dags/example_task_group_decorator.py
[2023-10-10T08:53:26.447+0000] {processor.py:839} INFO - DAG(s) dict_keys(['example_task_group_decorator']) retrieved from /home/airflow/.local/lib/python3.8/site-packages/airflow/example_dags/example_task_group_decorator.py
[2023-10-10T08:53:26.467+0000] {logging_mixin.py:151} INFO - [2023-10-10T08:53:26.466+0000] {dag.py:2915} INFO - Sync 1 DAGs
[2023-10-10T08:53:26.484+0000] {logging_mixin.py:151} INFO - [2023-10-10T08:53:26.484+0000] {dag.py:3696} INFO - Setting next_dagrun for example_task_group_decorator to 2023-10-09T08:53:26.484252+00:00, run_after=2023-10-10T08:53:26.484252+00:00
[2023-10-10T08:53:26.495+0000] {processor.py:179} INFO - Processing /home/airflow/.local/lib/python3.8/site-packages/airflow/example_dags/example_task_group_decorator.py took 0.068 seconds
[2023-10-10T08:53:57.172+0000] {processor.py:157} INFO - Started process (PID=522) to work on /home/airflow/.local/lib/python3.8/site-packages/airflow/example_dags/example_task_group_decorator.py
[2023-10-10T08:53:57.173+0000] {processor.py:829} INFO - Processing file /home/airflow/.local/lib/python3.8/site-packages/airflow/example_dags/example_task_group_decorator.py for tasks to queue
[2023-10-10T08:53:57.175+0000] {logging_mixin.py:151} INFO - [2023-10-10T08:53:57.175+0000] {dagbag.py:539} INFO - Filling up the DagBag from /home/airflow/.local/lib/python3.8/site-packages/airflow/example_dags/example_task_group_decorator.py
[2023-10-10T08:53:57.188+0000] {processor.py:839} INFO - DAG(s) dict_keys(['example_task_group_decorator']) retrieved from /home/airflow/.local/lib/python3.8/site-packages/airflow/example_dags/example_task_group_decorator.py
[2023-10-10T08:53:57.219+0000] {logging_mixin.py:151} INFO - [2023-10-10T08:53:57.219+0000] {dag.py:2915} INFO - Sync 1 DAGs
[2023-10-10T08:53:57.249+0000] {logging_mixin.py:151} INFO - [2023-10-10T08:53:57.248+0000] {dag.py:3696} INFO - Setting next_dagrun for example_task_group_decorator to 2023-10-09T08:53:57.248514+00:00, run_after=2023-10-10T08:53:57.248514+00:00
[2023-10-10T08:53:57.275+0000] {processor.py:179} INFO - Processing /home/airflow/.local/lib/python3.8/site-packages/airflow/example_dags/example_task_group_decorator.py took 0.109 seconds
[2023-10-10T08:54:27.540+0000] {processor.py:157} INFO - Started process (PID=583) to work on /home/airflow/.local/lib/python3.8/site-packages/airflow/example_dags/example_task_group_decorator.py
[2023-10-10T08:54:27.541+0000] {processor.py:829} INFO - Processing file /home/airflow/.local/lib/python3.8/site-packages/airflow/example_dags/example_task_group_decorator.py for tasks to queue
[2023-10-10T08:54:27.554+0000] {logging_mixin.py:151} INFO - [2023-10-10T08:54:27.553+0000] {dagbag.py:539} INFO - Filling up the DagBag from /home/airflow/.local/lib/python3.8/site-packages/airflow/example_dags/example_task_group_decorator.py
[2023-10-10T08:54:27.612+0000] {processor.py:839} INFO - DAG(s) dict_keys(['example_task_group_decorator']) retrieved from /home/airflow/.local/lib/python3.8/site-packages/airflow/example_dags/example_task_group_decorator.py
[2023-10-10T08:54:27.686+0000] {logging_mixin.py:151} INFO - [2023-10-10T08:54:27.685+0000] {dag.py:2915} INFO - Sync 1 DAGs
[2023-10-10T08:54:27.735+0000] {logging_mixin.py:151} INFO - [2023-10-10T08:54:27.734+0000] {dag.py:3696} INFO - Setting next_dagrun for example_task_group_decorator to 2023-10-09T08:54:27.734280+00:00, run_after=2023-10-10T08:54:27.734280+00:00
[2023-10-10T08:54:27.771+0000] {processor.py:179} INFO - Processing /home/airflow/.local/lib/python3.8/site-packages/airflow/example_dags/example_task_group_decorator.py took 0.238 seconds
[2023-10-10T08:54:58.803+0000] {processor.py:157} INFO - Started process (PID=644) to work on /home/airflow/.local/lib/python3.8/site-packages/airflow/example_dags/example_task_group_decorator.py
[2023-10-10T08:54:58.807+0000] {processor.py:829} INFO - Processing file /home/airflow/.local/lib/python3.8/site-packages/airflow/example_dags/example_task_group_decorator.py for tasks to queue
[2023-10-10T08:54:58.831+0000] {logging_mixin.py:151} INFO - [2023-10-10T08:54:58.831+0000] {dagbag.py:539} INFO - Filling up the DagBag from /home/airflow/.local/lib/python3.8/site-packages/airflow/example_dags/example_task_group_decorator.py
[2023-10-10T08:54:58.875+0000] {processor.py:839} INFO - DAG(s) dict_keys(['example_task_group_decorator']) retrieved from /home/airflow/.local/lib/python3.8/site-packages/airflow/example_dags/example_task_group_decorator.py
[2023-10-10T08:54:58.936+0000] {logging_mixin.py:151} INFO - [2023-10-10T08:54:58.936+0000] {dag.py:2915} INFO - Sync 1 DAGs
[2023-10-10T08:54:58.964+0000] {logging_mixin.py:151} INFO - [2023-10-10T08:54:58.964+0000] {dag.py:3696} INFO - Setting next_dagrun for example_task_group_decorator to 2023-10-09T08:54:58.964145+00:00, run_after=2023-10-10T08:54:58.964145+00:00
[2023-10-10T08:54:59.004+0000] {processor.py:179} INFO - Processing /home/airflow/.local/lib/python3.8/site-packages/airflow/example_dags/example_task_group_decorator.py took 0.215 seconds
[2023-10-10T08:55:29.826+0000] {processor.py:157} INFO - Started process (PID=705) to work on /home/airflow/.local/lib/python3.8/site-packages/airflow/example_dags/example_task_group_decorator.py
[2023-10-10T08:55:29.827+0000] {processor.py:829} INFO - Processing file /home/airflow/.local/lib/python3.8/site-packages/airflow/example_dags/example_task_group_decorator.py for tasks to queue
[2023-10-10T08:55:29.831+0000] {logging_mixin.py:151} INFO - [2023-10-10T08:55:29.831+0000] {dagbag.py:539} INFO - Filling up the DagBag from /home/airflow/.local/lib/python3.8/site-packages/airflow/example_dags/example_task_group_decorator.py
[2023-10-10T08:55:29.852+0000] {processor.py:839} INFO - DAG(s) dict_keys(['example_task_group_decorator']) retrieved from /home/airflow/.local/lib/python3.8/site-packages/airflow/example_dags/example_task_group_decorator.py
[2023-10-10T08:55:29.875+0000] {logging_mixin.py:151} INFO - [2023-10-10T08:55:29.875+0000] {dag.py:2915} INFO - Sync 1 DAGs
[2023-10-10T08:55:29.893+0000] {logging_mixin.py:151} INFO - [2023-10-10T08:55:29.893+0000] {dag.py:3696} INFO - Setting next_dagrun for example_task_group_decorator to 2023-10-09T08:55:29.893219+00:00, run_after=2023-10-10T08:55:29.893219+00:00
[2023-10-10T08:55:29.907+0000] {processor.py:179} INFO - Processing /home/airflow/.local/lib/python3.8/site-packages/airflow/example_dags/example_task_group_decorator.py took 0.090 seconds
[2023-10-10T08:56:00.464+0000] {processor.py:157} INFO - Started process (PID=765) to work on /home/airflow/.local/lib/python3.8/site-packages/airflow/example_dags/example_task_group_decorator.py
[2023-10-10T08:56:00.469+0000] {processor.py:829} INFO - Processing file /home/airflow/.local/lib/python3.8/site-packages/airflow/example_dags/example_task_group_decorator.py for tasks to queue
[2023-10-10T08:56:00.475+0000] {logging_mixin.py:151} INFO - [2023-10-10T08:56:00.474+0000] {dagbag.py:539} INFO - Filling up the DagBag from /home/airflow/.local/lib/python3.8/site-packages/airflow/example_dags/example_task_group_decorator.py
[2023-10-10T08:56:00.491+0000] {processor.py:839} INFO - DAG(s) dict_keys(['example_task_group_decorator']) retrieved from /home/airflow/.local/lib/python3.8/site-packages/airflow/example_dags/example_task_group_decorator.py
[2023-10-10T08:56:00.515+0000] {logging_mixin.py:151} INFO - [2023-10-10T08:56:00.515+0000] {dag.py:2915} INFO - Sync 1 DAGs
[2023-10-10T08:56:00.534+0000] {logging_mixin.py:151} INFO - [2023-10-10T08:56:00.533+0000] {dag.py:3696} INFO - Setting next_dagrun for example_task_group_decorator to 2023-10-09T08:56:00.533727+00:00, run_after=2023-10-10T08:56:00.533727+00:00
[2023-10-10T08:56:00.547+0000] {processor.py:179} INFO - Processing /home/airflow/.local/lib/python3.8/site-packages/airflow/example_dags/example_task_group_decorator.py took 0.103 seconds
[2023-10-10T08:56:30.683+0000] {processor.py:157} INFO - Started process (PID=826) to work on /home/airflow/.local/lib/python3.8/site-packages/airflow/example_dags/example_task_group_decorator.py
[2023-10-10T08:56:30.685+0000] {processor.py:829} INFO - Processing file /home/airflow/.local/lib/python3.8/site-packages/airflow/example_dags/example_task_group_decorator.py for tasks to queue
[2023-10-10T08:56:30.688+0000] {logging_mixin.py:151} INFO - [2023-10-10T08:56:30.688+0000] {dagbag.py:539} INFO - Filling up the DagBag from /home/airflow/.local/lib/python3.8/site-packages/airflow/example_dags/example_task_group_decorator.py
[2023-10-10T08:56:30.706+0000] {processor.py:839} INFO - DAG(s) dict_keys(['example_task_group_decorator']) retrieved from /home/airflow/.local/lib/python3.8/site-packages/airflow/example_dags/example_task_group_decorator.py
[2023-10-10T08:56:30.730+0000] {logging_mixin.py:151} INFO - [2023-10-10T08:56:30.730+0000] {dag.py:2915} INFO - Sync 1 DAGs
[2023-10-10T08:56:30.747+0000] {logging_mixin.py:151} INFO - [2023-10-10T08:56:30.747+0000] {dag.py:3696} INFO - Setting next_dagrun for example_task_group_decorator to 2023-10-09T08:56:30.746946+00:00, run_after=2023-10-10T08:56:30.746946+00:00
[2023-10-10T08:56:30.758+0000] {processor.py:179} INFO - Processing /home/airflow/.local/lib/python3.8/site-packages/airflow/example_dags/example_task_group_decorator.py took 0.080 seconds
[2023-10-10T08:57:01.576+0000] {processor.py:157} INFO - Started process (PID=887) to work on /home/airflow/.local/lib/python3.8/site-packages/airflow/example_dags/example_task_group_decorator.py
[2023-10-10T08:57:01.577+0000] {processor.py:829} INFO - Processing file /home/airflow/.local/lib/python3.8/site-packages/airflow/example_dags/example_task_group_decorator.py for tasks to queue
[2023-10-10T08:57:01.579+0000] {logging_mixin.py:151} INFO - [2023-10-10T08:57:01.579+0000] {dagbag.py:539} INFO - Filling up the DagBag from /home/airflow/.local/lib/python3.8/site-packages/airflow/example_dags/example_task_group_decorator.py
[2023-10-10T08:57:01.589+0000] {processor.py:839} INFO - DAG(s) dict_keys(['example_task_group_decorator']) retrieved from /home/airflow/.local/lib/python3.8/site-packages/airflow/example_dags/example_task_group_decorator.py
[2023-10-10T08:57:01.607+0000] {logging_mixin.py:151} INFO - [2023-10-10T08:57:01.607+0000] {dag.py:2915} INFO - Sync 1 DAGs
[2023-10-10T08:57:01.621+0000] {logging_mixin.py:151} INFO - [2023-10-10T08:57:01.621+0000] {dag.py:3696} INFO - Setting next_dagrun for example_task_group_decorator to 2023-10-09T08:57:01.621706+00:00, run_after=2023-10-10T08:57:01.621706+00:00
[2023-10-10T08:57:01.633+0000] {processor.py:179} INFO - Processing /home/airflow/.local/lib/python3.8/site-packages/airflow/example_dags/example_task_group_decorator.py took 0.065 seconds
[2023-10-10T08:57:32.519+0000] {processor.py:157} INFO - Started process (PID=948) to work on /home/airflow/.local/lib/python3.8/site-packages/airflow/example_dags/example_task_group_decorator.py
[2023-10-10T08:57:32.521+0000] {processor.py:829} INFO - Processing file /home/airflow/.local/lib/python3.8/site-packages/airflow/example_dags/example_task_group_decorator.py for tasks to queue
[2023-10-10T08:57:32.532+0000] {logging_mixin.py:151} INFO - [2023-10-10T08:57:32.531+0000] {dagbag.py:539} INFO - Filling up the DagBag from /home/airflow/.local/lib/python3.8/site-packages/airflow/example_dags/example_task_group_decorator.py
[2023-10-10T08:57:32.549+0000] {processor.py:839} INFO - DAG(s) dict_keys(['example_task_group_decorator']) retrieved from /home/airflow/.local/lib/python3.8/site-packages/airflow/example_dags/example_task_group_decorator.py
[2023-10-10T08:57:32.578+0000] {logging_mixin.py:151} INFO - [2023-10-10T08:57:32.578+0000] {dag.py:2915} INFO - Sync 1 DAGs
[2023-10-10T08:57:32.608+0000] {logging_mixin.py:151} INFO - [2023-10-10T08:57:32.608+0000] {dag.py:3696} INFO - Setting next_dagrun for example_task_group_decorator to 2023-10-09T08:57:32.607956+00:00, run_after=2023-10-10T08:57:32.607956+00:00
[2023-10-10T08:57:32.621+0000] {processor.py:179} INFO - Processing /home/airflow/.local/lib/python3.8/site-packages/airflow/example_dags/example_task_group_decorator.py took 0.105 seconds
[2023-10-10T08:58:02.708+0000] {processor.py:157} INFO - Started process (PID=1009) to work on /home/airflow/.local/lib/python3.8/site-packages/airflow/example_dags/example_task_group_decorator.py
[2023-10-10T08:58:02.709+0000] {processor.py:829} INFO - Processing file /home/airflow/.local/lib/python3.8/site-packages/airflow/example_dags/example_task_group_decorator.py for tasks to queue
[2023-10-10T08:58:02.712+0000] {logging_mixin.py:151} INFO - [2023-10-10T08:58:02.712+0000] {dagbag.py:539} INFO - Filling up the DagBag from /home/airflow/.local/lib/python3.8/site-packages/airflow/example_dags/example_task_group_decorator.py
[2023-10-10T08:58:02.727+0000] {processor.py:839} INFO - DAG(s) dict_keys(['example_task_group_decorator']) retrieved from /home/airflow/.local/lib/python3.8/site-packages/airflow/example_dags/example_task_group_decorator.py
[2023-10-10T08:58:02.750+0000] {logging_mixin.py:151} INFO - [2023-10-10T08:58:02.750+0000] {dag.py:2915} INFO - Sync 1 DAGs
[2023-10-10T08:58:02.770+0000] {logging_mixin.py:151} INFO - [2023-10-10T08:58:02.770+0000] {dag.py:3696} INFO - Setting next_dagrun for example_task_group_decorator to 2023-10-09T08:58:02.770577+00:00, run_after=2023-10-10T08:58:02.770577+00:00
[2023-10-10T08:58:02.781+0000] {processor.py:179} INFO - Processing /home/airflow/.local/lib/python3.8/site-packages/airflow/example_dags/example_task_group_decorator.py took 0.074 seconds
[2023-10-10T08:58:33.395+0000] {processor.py:157} INFO - Started process (PID=1070) to work on /home/airflow/.local/lib/python3.8/site-packages/airflow/example_dags/example_task_group_decorator.py
[2023-10-10T08:58:33.398+0000] {processor.py:829} INFO - Processing file /home/airflow/.local/lib/python3.8/site-packages/airflow/example_dags/example_task_group_decorator.py for tasks to queue
[2023-10-10T08:58:33.402+0000] {logging_mixin.py:151} INFO - [2023-10-10T08:58:33.402+0000] {dagbag.py:539} INFO - Filling up the DagBag from /home/airflow/.local/lib/python3.8/site-packages/airflow/example_dags/example_task_group_decorator.py
[2023-10-10T08:58:33.423+0000] {processor.py:839} INFO - DAG(s) dict_keys(['example_task_group_decorator']) retrieved from /home/airflow/.local/lib/python3.8/site-packages/airflow/example_dags/example_task_group_decorator.py
[2023-10-10T08:58:33.455+0000] {logging_mixin.py:151} INFO - [2023-10-10T08:58:33.455+0000] {dag.py:2915} INFO - Sync 1 DAGs
[2023-10-10T08:58:33.484+0000] {logging_mixin.py:151} INFO - [2023-10-10T08:58:33.484+0000] {dag.py:3696} INFO - Setting next_dagrun for example_task_group_decorator to 2023-10-09T08:58:33.483863+00:00, run_after=2023-10-10T08:58:33.483863+00:00
[2023-10-10T08:58:33.501+0000] {processor.py:179} INFO - Processing /home/airflow/.local/lib/python3.8/site-packages/airflow/example_dags/example_task_group_decorator.py took 0.113 seconds
[2023-10-10T08:59:04.092+0000] {processor.py:157} INFO - Started process (PID=1131) to work on /home/airflow/.local/lib/python3.8/site-packages/airflow/example_dags/example_task_group_decorator.py
[2023-10-10T08:59:04.093+0000] {processor.py:829} INFO - Processing file /home/airflow/.local/lib/python3.8/site-packages/airflow/example_dags/example_task_group_decorator.py for tasks to queue
[2023-10-10T08:59:04.096+0000] {logging_mixin.py:151} INFO - [2023-10-10T08:59:04.095+0000] {dagbag.py:539} INFO - Filling up the DagBag from /home/airflow/.local/lib/python3.8/site-packages/airflow/example_dags/example_task_group_decorator.py
[2023-10-10T08:59:04.118+0000] {processor.py:839} INFO - DAG(s) dict_keys(['example_task_group_decorator']) retrieved from /home/airflow/.local/lib/python3.8/site-packages/airflow/example_dags/example_task_group_decorator.py
[2023-10-10T08:59:04.152+0000] {logging_mixin.py:151} INFO - [2023-10-10T08:59:04.152+0000] {dag.py:2915} INFO - Sync 1 DAGs
[2023-10-10T08:59:04.176+0000] {logging_mixin.py:151} INFO - [2023-10-10T08:59:04.176+0000] {dag.py:3696} INFO - Setting next_dagrun for example_task_group_decorator to 2023-10-09T08:59:04.175831+00:00, run_after=2023-10-10T08:59:04.175831+00:00
[2023-10-10T08:59:04.194+0000] {processor.py:179} INFO - Processing /home/airflow/.local/lib/python3.8/site-packages/airflow/example_dags/example_task_group_decorator.py took 0.108 seconds
[2023-10-10T08:59:34.648+0000] {processor.py:157} INFO - Started process (PID=1192) to work on /home/airflow/.local/lib/python3.8/site-packages/airflow/example_dags/example_task_group_decorator.py
[2023-10-10T08:59:34.649+0000] {processor.py:829} INFO - Processing file /home/airflow/.local/lib/python3.8/site-packages/airflow/example_dags/example_task_group_decorator.py for tasks to queue
[2023-10-10T08:59:34.652+0000] {logging_mixin.py:151} INFO - [2023-10-10T08:59:34.652+0000] {dagbag.py:539} INFO - Filling up the DagBag from /home/airflow/.local/lib/python3.8/site-packages/airflow/example_dags/example_task_group_decorator.py
[2023-10-10T08:59:34.664+0000] {processor.py:839} INFO - DAG(s) dict_keys(['example_task_group_decorator']) retrieved from /home/airflow/.local/lib/python3.8/site-packages/airflow/example_dags/example_task_group_decorator.py
[2023-10-10T08:59:34.689+0000] {logging_mixin.py:151} INFO - [2023-10-10T08:59:34.689+0000] {dag.py:2915} INFO - Sync 1 DAGs
[2023-10-10T08:59:34.707+0000] {logging_mixin.py:151} INFO - [2023-10-10T08:59:34.707+0000] {dag.py:3696} INFO - Setting next_dagrun for example_task_group_decorator to 2023-10-09T08:59:34.707451+00:00, run_after=2023-10-10T08:59:34.707451+00:00
[2023-10-10T08:59:34.719+0000] {processor.py:179} INFO - Processing /home/airflow/.local/lib/python3.8/site-packages/airflow/example_dags/example_task_group_decorator.py took 0.083 seconds
[2023-10-10T09:00:05.100+0000] {processor.py:157} INFO - Started process (PID=1253) to work on /home/airflow/.local/lib/python3.8/site-packages/airflow/example_dags/example_task_group_decorator.py
[2023-10-10T09:00:05.101+0000] {processor.py:829} INFO - Processing file /home/airflow/.local/lib/python3.8/site-packages/airflow/example_dags/example_task_group_decorator.py for tasks to queue
[2023-10-10T09:00:05.103+0000] {logging_mixin.py:151} INFO - [2023-10-10T09:00:05.103+0000] {dagbag.py:539} INFO - Filling up the DagBag from /home/airflow/.local/lib/python3.8/site-packages/airflow/example_dags/example_task_group_decorator.py
[2023-10-10T09:00:05.117+0000] {processor.py:839} INFO - DAG(s) dict_keys(['example_task_group_decorator']) retrieved from /home/airflow/.local/lib/python3.8/site-packages/airflow/example_dags/example_task_group_decorator.py
[2023-10-10T09:00:05.149+0000] {logging_mixin.py:151} INFO - [2023-10-10T09:00:05.149+0000] {dag.py:2915} INFO - Sync 1 DAGs
[2023-10-10T09:00:05.169+0000] {logging_mixin.py:151} INFO - [2023-10-10T09:00:05.169+0000] {dag.py:3696} INFO - Setting next_dagrun for example_task_group_decorator to 2023-10-09T09:00:05.168955+00:00, run_after=2023-10-10T09:00:05.168955+00:00
[2023-10-10T09:00:05.182+0000] {processor.py:179} INFO - Processing /home/airflow/.local/lib/python3.8/site-packages/airflow/example_dags/example_task_group_decorator.py took 0.087 seconds
[2023-10-10T09:00:35.329+0000] {processor.py:157} INFO - Started process (PID=1314) to work on /home/airflow/.local/lib/python3.8/site-packages/airflow/example_dags/example_task_group_decorator.py
[2023-10-10T09:00:35.330+0000] {processor.py:829} INFO - Processing file /home/airflow/.local/lib/python3.8/site-packages/airflow/example_dags/example_task_group_decorator.py for tasks to queue
[2023-10-10T09:00:35.332+0000] {logging_mixin.py:151} INFO - [2023-10-10T09:00:35.332+0000] {dagbag.py:539} INFO - Filling up the DagBag from /home/airflow/.local/lib/python3.8/site-packages/airflow/example_dags/example_task_group_decorator.py
[2023-10-10T09:00:35.344+0000] {processor.py:839} INFO - DAG(s) dict_keys(['example_task_group_decorator']) retrieved from /home/airflow/.local/lib/python3.8/site-packages/airflow/example_dags/example_task_group_decorator.py
[2023-10-10T09:00:35.366+0000] {logging_mixin.py:151} INFO - [2023-10-10T09:00:35.366+0000] {dag.py:2915} INFO - Sync 1 DAGs
[2023-10-10T09:00:35.388+0000] {logging_mixin.py:151} INFO - [2023-10-10T09:00:35.388+0000] {dag.py:3696} INFO - Setting next_dagrun for example_task_group_decorator to 2023-10-09T09:00:35.387844+00:00, run_after=2023-10-10T09:00:35.387844+00:00
[2023-10-10T09:00:35.404+0000] {processor.py:179} INFO - Processing /home/airflow/.local/lib/python3.8/site-packages/airflow/example_dags/example_task_group_decorator.py took 0.084 seconds
[2023-10-10T09:01:05.689+0000] {processor.py:157} INFO - Started process (PID=1375) to work on /home/airflow/.local/lib/python3.8/site-packages/airflow/example_dags/example_task_group_decorator.py
[2023-10-10T09:01:05.691+0000] {processor.py:829} INFO - Processing file /home/airflow/.local/lib/python3.8/site-packages/airflow/example_dags/example_task_group_decorator.py for tasks to queue
[2023-10-10T09:01:05.694+0000] {logging_mixin.py:151} INFO - [2023-10-10T09:01:05.694+0000] {dagbag.py:539} INFO - Filling up the DagBag from /home/airflow/.local/lib/python3.8/site-packages/airflow/example_dags/example_task_group_decorator.py
[2023-10-10T09:01:05.717+0000] {processor.py:839} INFO - DAG(s) dict_keys(['example_task_group_decorator']) retrieved from /home/airflow/.local/lib/python3.8/site-packages/airflow/example_dags/example_task_group_decorator.py
[2023-10-10T09:01:05.740+0000] {logging_mixin.py:151} INFO - [2023-10-10T09:01:05.740+0000] {dag.py:2915} INFO - Sync 1 DAGs
[2023-10-10T09:01:05.756+0000] {logging_mixin.py:151} INFO - [2023-10-10T09:01:05.755+0000] {dag.py:3696} INFO - Setting next_dagrun for example_task_group_decorator to 2023-10-09T09:01:05.755555+00:00, run_after=2023-10-10T09:01:05.755555+00:00
[2023-10-10T09:01:05.769+0000] {processor.py:179} INFO - Processing /home/airflow/.local/lib/python3.8/site-packages/airflow/example_dags/example_task_group_decorator.py took 0.088 seconds
[2023-10-10T09:01:35.908+0000] {processor.py:157} INFO - Started process (PID=1436) to work on /home/airflow/.local/lib/python3.8/site-packages/airflow/example_dags/example_task_group_decorator.py
[2023-10-10T09:01:35.910+0000] {processor.py:829} INFO - Processing file /home/airflow/.local/lib/python3.8/site-packages/airflow/example_dags/example_task_group_decorator.py for tasks to queue
[2023-10-10T09:01:35.912+0000] {logging_mixin.py:151} INFO - [2023-10-10T09:01:35.912+0000] {dagbag.py:539} INFO - Filling up the DagBag from /home/airflow/.local/lib/python3.8/site-packages/airflow/example_dags/example_task_group_decorator.py
[2023-10-10T09:01:35.923+0000] {processor.py:839} INFO - DAG(s) dict_keys(['example_task_group_decorator']) retrieved from /home/airflow/.local/lib/python3.8/site-packages/airflow/example_dags/example_task_group_decorator.py
[2023-10-10T09:01:35.941+0000] {logging_mixin.py:151} INFO - [2023-10-10T09:01:35.941+0000] {dag.py:2915} INFO - Sync 1 DAGs
[2023-10-10T09:01:35.955+0000] {logging_mixin.py:151} INFO - [2023-10-10T09:01:35.955+0000] {dag.py:3696} INFO - Setting next_dagrun for example_task_group_decorator to 2023-10-09T09:01:35.955509+00:00, run_after=2023-10-10T09:01:35.955509+00:00
[2023-10-10T09:01:35.965+0000] {processor.py:179} INFO - Processing /home/airflow/.local/lib/python3.8/site-packages/airflow/example_dags/example_task_group_decorator.py took 0.061 seconds
[2023-10-10T09:02:06.087+0000] {processor.py:157} INFO - Started process (PID=1497) to work on /home/airflow/.local/lib/python3.8/site-packages/airflow/example_dags/example_task_group_decorator.py
[2023-10-10T09:02:06.089+0000] {processor.py:829} INFO - Processing file /home/airflow/.local/lib/python3.8/site-packages/airflow/example_dags/example_task_group_decorator.py for tasks to queue
[2023-10-10T09:02:06.091+0000] {logging_mixin.py:151} INFO - [2023-10-10T09:02:06.091+0000] {dagbag.py:539} INFO - Filling up the DagBag from /home/airflow/.local/lib/python3.8/site-packages/airflow/example_dags/example_task_group_decorator.py
[2023-10-10T09:02:06.115+0000] {processor.py:839} INFO - DAG(s) dict_keys(['example_task_group_decorator']) retrieved from /home/airflow/.local/lib/python3.8/site-packages/airflow/example_dags/example_task_group_decorator.py
[2023-10-10T09:02:06.154+0000] {logging_mixin.py:151} INFO - [2023-10-10T09:02:06.154+0000] {dag.py:2915} INFO - Sync 1 DAGs
[2023-10-10T09:02:06.179+0000] {logging_mixin.py:151} INFO - [2023-10-10T09:02:06.179+0000] {dag.py:3696} INFO - Setting next_dagrun for example_task_group_decorator to 2023-10-09T09:02:06.179088+00:00, run_after=2023-10-10T09:02:06.179088+00:00
[2023-10-10T09:02:06.198+0000] {processor.py:179} INFO - Processing /home/airflow/.local/lib/python3.8/site-packages/airflow/example_dags/example_task_group_decorator.py took 0.116 seconds
[2023-10-10T09:02:36.763+0000] {processor.py:157} INFO - Started process (PID=1558) to work on /home/airflow/.local/lib/python3.8/site-packages/airflow/example_dags/example_task_group_decorator.py
[2023-10-10T09:02:36.765+0000] {processor.py:829} INFO - Processing file /home/airflow/.local/lib/python3.8/site-packages/airflow/example_dags/example_task_group_decorator.py for tasks to queue
[2023-10-10T09:02:36.768+0000] {logging_mixin.py:151} INFO - [2023-10-10T09:02:36.768+0000] {dagbag.py:539} INFO - Filling up the DagBag from /home/airflow/.local/lib/python3.8/site-packages/airflow/example_dags/example_task_group_decorator.py
[2023-10-10T09:02:36.791+0000] {processor.py:839} INFO - DAG(s) dict_keys(['example_task_group_decorator']) retrieved from /home/airflow/.local/lib/python3.8/site-packages/airflow/example_dags/example_task_group_decorator.py
[2023-10-10T09:02:36.814+0000] {logging_mixin.py:151} INFO - [2023-10-10T09:02:36.814+0000] {dag.py:2915} INFO - Sync 1 DAGs
[2023-10-10T09:02:36.836+0000] {logging_mixin.py:151} INFO - [2023-10-10T09:02:36.836+0000] {dag.py:3696} INFO - Setting next_dagrun for example_task_group_decorator to 2023-10-09T09:02:36.836093+00:00, run_after=2023-10-10T09:02:36.836093+00:00
[2023-10-10T09:02:36.849+0000] {processor.py:179} INFO - Processing /home/airflow/.local/lib/python3.8/site-packages/airflow/example_dags/example_task_group_decorator.py took 0.091 seconds
[2023-10-10T09:03:07.642+0000] {processor.py:157} INFO - Started process (PID=1619) to work on /home/airflow/.local/lib/python3.8/site-packages/airflow/example_dags/example_task_group_decorator.py
[2023-10-10T09:03:07.644+0000] {processor.py:829} INFO - Processing file /home/airflow/.local/lib/python3.8/site-packages/airflow/example_dags/example_task_group_decorator.py for tasks to queue
[2023-10-10T09:03:07.647+0000] {logging_mixin.py:151} INFO - [2023-10-10T09:03:07.646+0000] {dagbag.py:539} INFO - Filling up the DagBag from /home/airflow/.local/lib/python3.8/site-packages/airflow/example_dags/example_task_group_decorator.py
[2023-10-10T09:03:07.662+0000] {processor.py:839} INFO - DAG(s) dict_keys(['example_task_group_decorator']) retrieved from /home/airflow/.local/lib/python3.8/site-packages/airflow/example_dags/example_task_group_decorator.py
[2023-10-10T09:03:07.686+0000] {logging_mixin.py:151} INFO - [2023-10-10T09:03:07.685+0000] {dag.py:2915} INFO - Sync 1 DAGs
[2023-10-10T09:03:07.705+0000] {logging_mixin.py:151} INFO - [2023-10-10T09:03:07.705+0000] {dag.py:3696} INFO - Setting next_dagrun for example_task_group_decorator to 2023-10-09T09:03:07.705103+00:00, run_after=2023-10-10T09:03:07.705103+00:00
[2023-10-10T09:03:07.718+0000] {processor.py:179} INFO - Processing /home/airflow/.local/lib/python3.8/site-packages/airflow/example_dags/example_task_group_decorator.py took 0.085 seconds
[2023-10-10T09:03:37.906+0000] {processor.py:157} INFO - Started process (PID=1680) to work on /home/airflow/.local/lib/python3.8/site-packages/airflow/example_dags/example_task_group_decorator.py
[2023-10-10T09:03:37.907+0000] {processor.py:829} INFO - Processing file /home/airflow/.local/lib/python3.8/site-packages/airflow/example_dags/example_task_group_decorator.py for tasks to queue
[2023-10-10T09:03:37.909+0000] {logging_mixin.py:151} INFO - [2023-10-10T09:03:37.908+0000] {dagbag.py:539} INFO - Filling up the DagBag from /home/airflow/.local/lib/python3.8/site-packages/airflow/example_dags/example_task_group_decorator.py
[2023-10-10T09:03:37.916+0000] {processor.py:839} INFO - DAG(s) dict_keys(['example_task_group_decorator']) retrieved from /home/airflow/.local/lib/python3.8/site-packages/airflow/example_dags/example_task_group_decorator.py
[2023-10-10T09:03:37.935+0000] {logging_mixin.py:151} INFO - [2023-10-10T09:03:37.935+0000] {dag.py:2915} INFO - Sync 1 DAGs
[2023-10-10T09:03:37.956+0000] {logging_mixin.py:151} INFO - [2023-10-10T09:03:37.956+0000] {dag.py:3696} INFO - Setting next_dagrun for example_task_group_decorator to 2023-10-09T09:03:37.955754+00:00, run_after=2023-10-10T09:03:37.955754+00:00
[2023-10-10T09:03:37.970+0000] {processor.py:179} INFO - Processing /home/airflow/.local/lib/python3.8/site-packages/airflow/example_dags/example_task_group_decorator.py took 0.066 seconds
[2023-10-10T09:04:08.503+0000] {processor.py:157} INFO - Started process (PID=1740) to work on /home/airflow/.local/lib/python3.8/site-packages/airflow/example_dags/example_task_group_decorator.py
[2023-10-10T09:04:08.504+0000] {processor.py:829} INFO - Processing file /home/airflow/.local/lib/python3.8/site-packages/airflow/example_dags/example_task_group_decorator.py for tasks to queue
[2023-10-10T09:04:08.507+0000] {logging_mixin.py:151} INFO - [2023-10-10T09:04:08.507+0000] {dagbag.py:539} INFO - Filling up the DagBag from /home/airflow/.local/lib/python3.8/site-packages/airflow/example_dags/example_task_group_decorator.py
[2023-10-10T09:04:08.525+0000] {processor.py:839} INFO - DAG(s) dict_keys(['example_task_group_decorator']) retrieved from /home/airflow/.local/lib/python3.8/site-packages/airflow/example_dags/example_task_group_decorator.py
[2023-10-10T09:04:08.549+0000] {logging_mixin.py:151} INFO - [2023-10-10T09:04:08.549+0000] {dag.py:2915} INFO - Sync 1 DAGs
[2023-10-10T09:04:08.565+0000] {logging_mixin.py:151} INFO - [2023-10-10T09:04:08.564+0000] {dag.py:3696} INFO - Setting next_dagrun for example_task_group_decorator to 2023-10-09T09:04:08.564628+00:00, run_after=2023-10-10T09:04:08.564628+00:00
[2023-10-10T09:04:08.581+0000] {processor.py:179} INFO - Processing /home/airflow/.local/lib/python3.8/site-packages/airflow/example_dags/example_task_group_decorator.py took 0.085 seconds
[2023-10-10T09:04:39.373+0000] {processor.py:157} INFO - Started process (PID=1801) to work on /home/airflow/.local/lib/python3.8/site-packages/airflow/example_dags/example_task_group_decorator.py
[2023-10-10T09:04:39.375+0000] {processor.py:829} INFO - Processing file /home/airflow/.local/lib/python3.8/site-packages/airflow/example_dags/example_task_group_decorator.py for tasks to queue
[2023-10-10T09:04:39.380+0000] {logging_mixin.py:151} INFO - [2023-10-10T09:04:39.379+0000] {dagbag.py:539} INFO - Filling up the DagBag from /home/airflow/.local/lib/python3.8/site-packages/airflow/example_dags/example_task_group_decorator.py
[2023-10-10T09:04:39.398+0000] {processor.py:839} INFO - DAG(s) dict_keys(['example_task_group_decorator']) retrieved from /home/airflow/.local/lib/python3.8/site-packages/airflow/example_dags/example_task_group_decorator.py
[2023-10-10T09:04:39.499+0000] {logging_mixin.py:151} INFO - [2023-10-10T09:04:39.498+0000] {dag.py:2915} INFO - Sync 1 DAGs
[2023-10-10T09:04:39.541+0000] {logging_mixin.py:151} INFO - [2023-10-10T09:04:39.541+0000] {dag.py:3696} INFO - Setting next_dagrun for example_task_group_decorator to 2023-10-09T09:04:39.541100+00:00, run_after=2023-10-10T09:04:39.541100+00:00
[2023-10-10T09:04:39.558+0000] {processor.py:179} INFO - Processing /home/airflow/.local/lib/python3.8/site-packages/airflow/example_dags/example_task_group_decorator.py took 0.189 seconds
[2023-10-10T09:05:09.925+0000] {processor.py:157} INFO - Started process (PID=1856) to work on /home/airflow/.local/lib/python3.8/site-packages/airflow/example_dags/example_task_group_decorator.py
[2023-10-10T09:05:09.926+0000] {processor.py:829} INFO - Processing file /home/airflow/.local/lib/python3.8/site-packages/airflow/example_dags/example_task_group_decorator.py for tasks to queue
[2023-10-10T09:05:09.928+0000] {logging_mixin.py:151} INFO - [2023-10-10T09:05:09.928+0000] {dagbag.py:539} INFO - Filling up the DagBag from /home/airflow/.local/lib/python3.8/site-packages/airflow/example_dags/example_task_group_decorator.py
[2023-10-10T09:05:09.938+0000] {processor.py:839} INFO - DAG(s) dict_keys(['example_task_group_decorator']) retrieved from /home/airflow/.local/lib/python3.8/site-packages/airflow/example_dags/example_task_group_decorator.py
[2023-10-10T09:05:09.968+0000] {logging_mixin.py:151} INFO - [2023-10-10T09:05:09.968+0000] {dag.py:2915} INFO - Sync 1 DAGs
[2023-10-10T09:05:10.000+0000] {logging_mixin.py:151} INFO - [2023-10-10T09:05:09.999+0000] {dag.py:3696} INFO - Setting next_dagrun for example_task_group_decorator to 2023-10-09T09:05:09.998391+00:00, run_after=2023-10-10T09:05:09.998391+00:00
[2023-10-10T09:05:10.054+0000] {processor.py:179} INFO - Processing /home/airflow/.local/lib/python3.8/site-packages/airflow/example_dags/example_task_group_decorator.py took 0.134 seconds
[2023-10-10T09:05:40.506+0000] {processor.py:157} INFO - Started process (PID=1915) to work on /home/airflow/.local/lib/python3.8/site-packages/airflow/example_dags/example_task_group_decorator.py
[2023-10-10T09:05:40.508+0000] {processor.py:829} INFO - Processing file /home/airflow/.local/lib/python3.8/site-packages/airflow/example_dags/example_task_group_decorator.py for tasks to queue
[2023-10-10T09:05:40.514+0000] {logging_mixin.py:151} INFO - [2023-10-10T09:05:40.513+0000] {dagbag.py:539} INFO - Filling up the DagBag from /home/airflow/.local/lib/python3.8/site-packages/airflow/example_dags/example_task_group_decorator.py
[2023-10-10T09:05:40.533+0000] {processor.py:839} INFO - DAG(s) dict_keys(['example_task_group_decorator']) retrieved from /home/airflow/.local/lib/python3.8/site-packages/airflow/example_dags/example_task_group_decorator.py
[2023-10-10T09:05:40.568+0000] {logging_mixin.py:151} INFO - [2023-10-10T09:05:40.568+0000] {dag.py:2915} INFO - Sync 1 DAGs
[2023-10-10T09:05:40.588+0000] {logging_mixin.py:151} INFO - [2023-10-10T09:05:40.588+0000] {dag.py:3696} INFO - Setting next_dagrun for example_task_group_decorator to 2023-10-09T09:05:40.588052+00:00, run_after=2023-10-10T09:05:40.588052+00:00
[2023-10-10T09:05:40.601+0000] {processor.py:179} INFO - Processing /home/airflow/.local/lib/python3.8/site-packages/airflow/example_dags/example_task_group_decorator.py took 0.100 seconds
[2023-10-10T09:06:11.102+0000] {processor.py:157} INFO - Started process (PID=1976) to work on /home/airflow/.local/lib/python3.8/site-packages/airflow/example_dags/example_task_group_decorator.py
[2023-10-10T09:06:11.104+0000] {processor.py:829} INFO - Processing file /home/airflow/.local/lib/python3.8/site-packages/airflow/example_dags/example_task_group_decorator.py for tasks to queue
[2023-10-10T09:06:11.108+0000] {logging_mixin.py:151} INFO - [2023-10-10T09:06:11.108+0000] {dagbag.py:539} INFO - Filling up the DagBag from /home/airflow/.local/lib/python3.8/site-packages/airflow/example_dags/example_task_group_decorator.py
[2023-10-10T09:06:11.129+0000] {processor.py:839} INFO - DAG(s) dict_keys(['example_task_group_decorator']) retrieved from /home/airflow/.local/lib/python3.8/site-packages/airflow/example_dags/example_task_group_decorator.py
[2023-10-10T09:06:11.160+0000] {logging_mixin.py:151} INFO - [2023-10-10T09:06:11.160+0000] {dag.py:2915} INFO - Sync 1 DAGs
[2023-10-10T09:06:11.192+0000] {logging_mixin.py:151} INFO - [2023-10-10T09:06:11.192+0000] {dag.py:3696} INFO - Setting next_dagrun for example_task_group_decorator to 2023-10-09T09:06:11.191928+00:00, run_after=2023-10-10T09:06:11.191928+00:00
[2023-10-10T09:06:11.232+0000] {processor.py:179} INFO - Processing /home/airflow/.local/lib/python3.8/site-packages/airflow/example_dags/example_task_group_decorator.py took 0.136 seconds
[2023-10-10T09:06:41.606+0000] {processor.py:157} INFO - Started process (PID=2037) to work on /home/airflow/.local/lib/python3.8/site-packages/airflow/example_dags/example_task_group_decorator.py
[2023-10-10T09:06:41.608+0000] {processor.py:829} INFO - Processing file /home/airflow/.local/lib/python3.8/site-packages/airflow/example_dags/example_task_group_decorator.py for tasks to queue
[2023-10-10T09:06:41.618+0000] {logging_mixin.py:151} INFO - [2023-10-10T09:06:41.618+0000] {dagbag.py:539} INFO - Filling up the DagBag from /home/airflow/.local/lib/python3.8/site-packages/airflow/example_dags/example_task_group_decorator.py
[2023-10-10T09:06:41.633+0000] {processor.py:839} INFO - DAG(s) dict_keys(['example_task_group_decorator']) retrieved from /home/airflow/.local/lib/python3.8/site-packages/airflow/example_dags/example_task_group_decorator.py
[2023-10-10T09:06:41.654+0000] {logging_mixin.py:151} INFO - [2023-10-10T09:06:41.654+0000] {dag.py:2915} INFO - Sync 1 DAGs
[2023-10-10T09:06:41.670+0000] {logging_mixin.py:151} INFO - [2023-10-10T09:06:41.670+0000] {dag.py:3696} INFO - Setting next_dagrun for example_task_group_decorator to 2023-10-09T09:06:41.669903+00:00, run_after=2023-10-10T09:06:41.669903+00:00
[2023-10-10T09:06:41.689+0000] {processor.py:179} INFO - Processing /home/airflow/.local/lib/python3.8/site-packages/airflow/example_dags/example_task_group_decorator.py took 0.090 seconds
[2023-10-10T09:07:12.107+0000] {processor.py:157} INFO - Started process (PID=2098) to work on /home/airflow/.local/lib/python3.8/site-packages/airflow/example_dags/example_task_group_decorator.py
[2023-10-10T09:07:12.109+0000] {processor.py:829} INFO - Processing file /home/airflow/.local/lib/python3.8/site-packages/airflow/example_dags/example_task_group_decorator.py for tasks to queue
[2023-10-10T09:07:12.112+0000] {logging_mixin.py:151} INFO - [2023-10-10T09:07:12.112+0000] {dagbag.py:539} INFO - Filling up the DagBag from /home/airflow/.local/lib/python3.8/site-packages/airflow/example_dags/example_task_group_decorator.py
[2023-10-10T09:07:12.128+0000] {processor.py:839} INFO - DAG(s) dict_keys(['example_task_group_decorator']) retrieved from /home/airflow/.local/lib/python3.8/site-packages/airflow/example_dags/example_task_group_decorator.py
[2023-10-10T09:07:12.149+0000] {logging_mixin.py:151} INFO - [2023-10-10T09:07:12.149+0000] {dag.py:2915} INFO - Sync 1 DAGs
[2023-10-10T09:07:12.164+0000] {logging_mixin.py:151} INFO - [2023-10-10T09:07:12.164+0000] {dag.py:3696} INFO - Setting next_dagrun for example_task_group_decorator to 2023-10-09T09:07:12.164386+00:00, run_after=2023-10-10T09:07:12.164386+00:00
[2023-10-10T09:07:12.176+0000] {processor.py:179} INFO - Processing /home/airflow/.local/lib/python3.8/site-packages/airflow/example_dags/example_task_group_decorator.py took 0.074 seconds
[2023-10-10T09:07:42.794+0000] {processor.py:157} INFO - Started process (PID=2159) to work on /home/airflow/.local/lib/python3.8/site-packages/airflow/example_dags/example_task_group_decorator.py
[2023-10-10T09:07:42.801+0000] {processor.py:829} INFO - Processing file /home/airflow/.local/lib/python3.8/site-packages/airflow/example_dags/example_task_group_decorator.py for tasks to queue
[2023-10-10T09:07:42.815+0000] {logging_mixin.py:151} INFO - [2023-10-10T09:07:42.814+0000] {dagbag.py:539} INFO - Filling up the DagBag from /home/airflow/.local/lib/python3.8/site-packages/airflow/example_dags/example_task_group_decorator.py
[2023-10-10T09:07:42.848+0000] {processor.py:839} INFO - DAG(s) dict_keys(['example_task_group_decorator']) retrieved from /home/airflow/.local/lib/python3.8/site-packages/airflow/example_dags/example_task_group_decorator.py
[2023-10-10T09:07:42.894+0000] {logging_mixin.py:151} INFO - [2023-10-10T09:07:42.894+0000] {dag.py:2915} INFO - Sync 1 DAGs
[2023-10-10T09:07:42.959+0000] {logging_mixin.py:151} INFO - [2023-10-10T09:07:42.959+0000] {dag.py:3696} INFO - Setting next_dagrun for example_task_group_decorator to 2023-10-09T09:07:42.955301+00:00, run_after=2023-10-10T09:07:42.955301+00:00
[2023-10-10T09:07:42.992+0000] {processor.py:179} INFO - Processing /home/airflow/.local/lib/python3.8/site-packages/airflow/example_dags/example_task_group_decorator.py took 0.211 seconds
[2023-10-10T09:08:13.912+0000] {processor.py:157} INFO - Started process (PID=2227) to work on /home/airflow/.local/lib/python3.8/site-packages/airflow/example_dags/example_task_group_decorator.py
[2023-10-10T09:08:13.914+0000] {processor.py:829} INFO - Processing file /home/airflow/.local/lib/python3.8/site-packages/airflow/example_dags/example_task_group_decorator.py for tasks to queue
[2023-10-10T09:08:13.917+0000] {logging_mixin.py:151} INFO - [2023-10-10T09:08:13.917+0000] {dagbag.py:539} INFO - Filling up the DagBag from /home/airflow/.local/lib/python3.8/site-packages/airflow/example_dags/example_task_group_decorator.py
[2023-10-10T09:08:13.937+0000] {processor.py:839} INFO - DAG(s) dict_keys(['example_task_group_decorator']) retrieved from /home/airflow/.local/lib/python3.8/site-packages/airflow/example_dags/example_task_group_decorator.py
[2023-10-10T09:08:13.966+0000] {logging_mixin.py:151} INFO - [2023-10-10T09:08:13.966+0000] {dag.py:2915} INFO - Sync 1 DAGs
[2023-10-10T09:08:13.991+0000] {logging_mixin.py:151} INFO - [2023-10-10T09:08:13.991+0000] {dag.py:3696} INFO - Setting next_dagrun for example_task_group_decorator to 2023-10-09T09:08:13.991480+00:00, run_after=2023-10-10T09:08:13.991480+00:00
[2023-10-10T09:08:14.012+0000] {processor.py:179} INFO - Processing /home/airflow/.local/lib/python3.8/site-packages/airflow/example_dags/example_task_group_decorator.py took 0.104 seconds
[2023-10-10T09:08:44.451+0000] {processor.py:157} INFO - Started process (PID=2288) to work on /home/airflow/.local/lib/python3.8/site-packages/airflow/example_dags/example_task_group_decorator.py
[2023-10-10T09:08:44.457+0000] {processor.py:829} INFO - Processing file /home/airflow/.local/lib/python3.8/site-packages/airflow/example_dags/example_task_group_decorator.py for tasks to queue
[2023-10-10T09:08:44.462+0000] {logging_mixin.py:151} INFO - [2023-10-10T09:08:44.462+0000] {dagbag.py:539} INFO - Filling up the DagBag from /home/airflow/.local/lib/python3.8/site-packages/airflow/example_dags/example_task_group_decorator.py
[2023-10-10T09:08:44.476+0000] {processor.py:839} INFO - DAG(s) dict_keys(['example_task_group_decorator']) retrieved from /home/airflow/.local/lib/python3.8/site-packages/airflow/example_dags/example_task_group_decorator.py
[2023-10-10T09:08:44.517+0000] {logging_mixin.py:151} INFO - [2023-10-10T09:08:44.517+0000] {dag.py:2915} INFO - Sync 1 DAGs
[2023-10-10T09:08:44.545+0000] {logging_mixin.py:151} INFO - [2023-10-10T09:08:44.544+0000] {dag.py:3696} INFO - Setting next_dagrun for example_task_group_decorator to 2023-10-09T09:08:44.544618+00:00, run_after=2023-10-10T09:08:44.544618+00:00
[2023-10-10T09:08:44.565+0000] {processor.py:179} INFO - Processing /home/airflow/.local/lib/python3.8/site-packages/airflow/example_dags/example_task_group_decorator.py took 0.121 seconds
[2023-10-10T09:09:15.040+0000] {processor.py:157} INFO - Started process (PID=2349) to work on /home/airflow/.local/lib/python3.8/site-packages/airflow/example_dags/example_task_group_decorator.py
[2023-10-10T09:09:15.042+0000] {processor.py:829} INFO - Processing file /home/airflow/.local/lib/python3.8/site-packages/airflow/example_dags/example_task_group_decorator.py for tasks to queue
[2023-10-10T09:09:15.047+0000] {logging_mixin.py:151} INFO - [2023-10-10T09:09:15.046+0000] {dagbag.py:539} INFO - Filling up the DagBag from /home/airflow/.local/lib/python3.8/site-packages/airflow/example_dags/example_task_group_decorator.py
[2023-10-10T09:09:15.062+0000] {processor.py:839} INFO - DAG(s) dict_keys(['example_task_group_decorator']) retrieved from /home/airflow/.local/lib/python3.8/site-packages/airflow/example_dags/example_task_group_decorator.py
[2023-10-10T09:09:15.090+0000] {logging_mixin.py:151} INFO - [2023-10-10T09:09:15.090+0000] {dag.py:2915} INFO - Sync 1 DAGs
[2023-10-10T09:09:15.108+0000] {logging_mixin.py:151} INFO - [2023-10-10T09:09:15.108+0000] {dag.py:3696} INFO - Setting next_dagrun for example_task_group_decorator to 2023-10-09T09:09:15.108036+00:00, run_after=2023-10-10T09:09:15.108036+00:00
[2023-10-10T09:09:15.126+0000] {processor.py:179} INFO - Processing /home/airflow/.local/lib/python3.8/site-packages/airflow/example_dags/example_task_group_decorator.py took 0.092 seconds
[2023-10-10T09:09:45.705+0000] {processor.py:157} INFO - Started process (PID=2410) to work on /home/airflow/.local/lib/python3.8/site-packages/airflow/example_dags/example_task_group_decorator.py
[2023-10-10T09:09:45.706+0000] {processor.py:829} INFO - Processing file /home/airflow/.local/lib/python3.8/site-packages/airflow/example_dags/example_task_group_decorator.py for tasks to queue
[2023-10-10T09:09:45.708+0000] {logging_mixin.py:151} INFO - [2023-10-10T09:09:45.708+0000] {dagbag.py:539} INFO - Filling up the DagBag from /home/airflow/.local/lib/python3.8/site-packages/airflow/example_dags/example_task_group_decorator.py
[2023-10-10T09:09:45.725+0000] {processor.py:839} INFO - DAG(s) dict_keys(['example_task_group_decorator']) retrieved from /home/airflow/.local/lib/python3.8/site-packages/airflow/example_dags/example_task_group_decorator.py
[2023-10-10T09:09:45.746+0000] {logging_mixin.py:151} INFO - [2023-10-10T09:09:45.746+0000] {dag.py:2915} INFO - Sync 1 DAGs
[2023-10-10T09:09:45.764+0000] {logging_mixin.py:151} INFO - [2023-10-10T09:09:45.764+0000] {dag.py:3696} INFO - Setting next_dagrun for example_task_group_decorator to 2023-10-09T09:09:45.763717+00:00, run_after=2023-10-10T09:09:45.763717+00:00
[2023-10-10T09:09:45.777+0000] {processor.py:179} INFO - Processing /home/airflow/.local/lib/python3.8/site-packages/airflow/example_dags/example_task_group_decorator.py took 0.076 seconds
[2023-10-10T09:10:16.030+0000] {processor.py:157} INFO - Started process (PID=2471) to work on /home/airflow/.local/lib/python3.8/site-packages/airflow/example_dags/example_task_group_decorator.py
[2023-10-10T09:10:16.032+0000] {processor.py:829} INFO - Processing file /home/airflow/.local/lib/python3.8/site-packages/airflow/example_dags/example_task_group_decorator.py for tasks to queue
[2023-10-10T09:10:16.034+0000] {logging_mixin.py:151} INFO - [2023-10-10T09:10:16.034+0000] {dagbag.py:539} INFO - Filling up the DagBag from /home/airflow/.local/lib/python3.8/site-packages/airflow/example_dags/example_task_group_decorator.py
[2023-10-10T09:10:16.046+0000] {processor.py:839} INFO - DAG(s) dict_keys(['example_task_group_decorator']) retrieved from /home/airflow/.local/lib/python3.8/site-packages/airflow/example_dags/example_task_group_decorator.py
[2023-10-10T09:10:16.071+0000] {logging_mixin.py:151} INFO - [2023-10-10T09:10:16.071+0000] {dag.py:2915} INFO - Sync 1 DAGs
[2023-10-10T09:10:16.094+0000] {logging_mixin.py:151} INFO - [2023-10-10T09:10:16.094+0000] {dag.py:3696} INFO - Setting next_dagrun for example_task_group_decorator to 2023-10-09T09:10:16.094181+00:00, run_after=2023-10-10T09:10:16.094181+00:00
[2023-10-10T09:10:16.111+0000] {processor.py:179} INFO - Processing /home/airflow/.local/lib/python3.8/site-packages/airflow/example_dags/example_task_group_decorator.py took 0.088 seconds
[2023-10-10T09:10:46.369+0000] {processor.py:157} INFO - Started process (PID=2531) to work on /home/airflow/.local/lib/python3.8/site-packages/airflow/example_dags/example_task_group_decorator.py
[2023-10-10T09:10:46.372+0000] {processor.py:829} INFO - Processing file /home/airflow/.local/lib/python3.8/site-packages/airflow/example_dags/example_task_group_decorator.py for tasks to queue
[2023-10-10T09:10:46.376+0000] {logging_mixin.py:151} INFO - [2023-10-10T09:10:46.375+0000] {dagbag.py:539} INFO - Filling up the DagBag from /home/airflow/.local/lib/python3.8/site-packages/airflow/example_dags/example_task_group_decorator.py
[2023-10-10T09:10:46.389+0000] {processor.py:839} INFO - DAG(s) dict_keys(['example_task_group_decorator']) retrieved from /home/airflow/.local/lib/python3.8/site-packages/airflow/example_dags/example_task_group_decorator.py
[2023-10-10T09:10:46.414+0000] {logging_mixin.py:151} INFO - [2023-10-10T09:10:46.414+0000] {dag.py:2915} INFO - Sync 1 DAGs
[2023-10-10T09:10:46.432+0000] {logging_mixin.py:151} INFO - [2023-10-10T09:10:46.431+0000] {dag.py:3696} INFO - Setting next_dagrun for example_task_group_decorator to 2023-10-09T09:10:46.431685+00:00, run_after=2023-10-10T09:10:46.431685+00:00
[2023-10-10T09:10:46.443+0000] {processor.py:179} INFO - Processing /home/airflow/.local/lib/python3.8/site-packages/airflow/example_dags/example_task_group_decorator.py took 0.079 seconds
[2023-10-10T09:11:16.658+0000] {processor.py:157} INFO - Started process (PID=2592) to work on /home/airflow/.local/lib/python3.8/site-packages/airflow/example_dags/example_task_group_decorator.py
[2023-10-10T09:11:16.660+0000] {processor.py:829} INFO - Processing file /home/airflow/.local/lib/python3.8/site-packages/airflow/example_dags/example_task_group_decorator.py for tasks to queue
[2023-10-10T09:11:16.662+0000] {logging_mixin.py:151} INFO - [2023-10-10T09:11:16.662+0000] {dagbag.py:539} INFO - Filling up the DagBag from /home/airflow/.local/lib/python3.8/site-packages/airflow/example_dags/example_task_group_decorator.py
[2023-10-10T09:11:16.673+0000] {processor.py:839} INFO - DAG(s) dict_keys(['example_task_group_decorator']) retrieved from /home/airflow/.local/lib/python3.8/site-packages/airflow/example_dags/example_task_group_decorator.py
[2023-10-10T09:11:16.691+0000] {logging_mixin.py:151} INFO - [2023-10-10T09:11:16.691+0000] {dag.py:2915} INFO - Sync 1 DAGs
[2023-10-10T09:11:16.706+0000] {logging_mixin.py:151} INFO - [2023-10-10T09:11:16.706+0000] {dag.py:3696} INFO - Setting next_dagrun for example_task_group_decorator to 2023-10-09T09:11:16.705906+00:00, run_after=2023-10-10T09:11:16.705906+00:00
[2023-10-10T09:11:16.716+0000] {processor.py:179} INFO - Processing /home/airflow/.local/lib/python3.8/site-packages/airflow/example_dags/example_task_group_decorator.py took 0.062 seconds
[2023-10-10T09:11:47.027+0000] {processor.py:157} INFO - Started process (PID=2653) to work on /home/airflow/.local/lib/python3.8/site-packages/airflow/example_dags/example_task_group_decorator.py
[2023-10-10T09:11:47.029+0000] {processor.py:829} INFO - Processing file /home/airflow/.local/lib/python3.8/site-packages/airflow/example_dags/example_task_group_decorator.py for tasks to queue
[2023-10-10T09:11:47.033+0000] {logging_mixin.py:151} INFO - [2023-10-10T09:11:47.033+0000] {dagbag.py:539} INFO - Filling up the DagBag from /home/airflow/.local/lib/python3.8/site-packages/airflow/example_dags/example_task_group_decorator.py
[2023-10-10T09:11:47.047+0000] {processor.py:839} INFO - DAG(s) dict_keys(['example_task_group_decorator']) retrieved from /home/airflow/.local/lib/python3.8/site-packages/airflow/example_dags/example_task_group_decorator.py
[2023-10-10T09:11:47.069+0000] {logging_mixin.py:151} INFO - [2023-10-10T09:11:47.068+0000] {dag.py:2915} INFO - Sync 1 DAGs
[2023-10-10T09:11:47.085+0000] {logging_mixin.py:151} INFO - [2023-10-10T09:11:47.085+0000] {dag.py:3696} INFO - Setting next_dagrun for example_task_group_decorator to 2023-10-09T09:11:47.085072+00:00, run_after=2023-10-10T09:11:47.085072+00:00
[2023-10-10T09:11:47.138+0000] {processor.py:179} INFO - Processing /home/airflow/.local/lib/python3.8/site-packages/airflow/example_dags/example_task_group_decorator.py took 0.118 seconds
[2023-10-10T09:12:17.869+0000] {processor.py:157} INFO - Started process (PID=2714) to work on /home/airflow/.local/lib/python3.8/site-packages/airflow/example_dags/example_task_group_decorator.py
[2023-10-10T09:12:17.870+0000] {processor.py:829} INFO - Processing file /home/airflow/.local/lib/python3.8/site-packages/airflow/example_dags/example_task_group_decorator.py for tasks to queue
[2023-10-10T09:12:17.874+0000] {logging_mixin.py:151} INFO - [2023-10-10T09:12:17.874+0000] {dagbag.py:539} INFO - Filling up the DagBag from /home/airflow/.local/lib/python3.8/site-packages/airflow/example_dags/example_task_group_decorator.py
[2023-10-10T09:12:17.888+0000] {processor.py:839} INFO - DAG(s) dict_keys(['example_task_group_decorator']) retrieved from /home/airflow/.local/lib/python3.8/site-packages/airflow/example_dags/example_task_group_decorator.py
[2023-10-10T09:12:17.913+0000] {logging_mixin.py:151} INFO - [2023-10-10T09:12:17.913+0000] {dag.py:2915} INFO - Sync 1 DAGs
[2023-10-10T09:12:17.928+0000] {logging_mixin.py:151} INFO - [2023-10-10T09:12:17.928+0000] {dag.py:3696} INFO - Setting next_dagrun for example_task_group_decorator to 2023-10-09T09:12:17.928672+00:00, run_after=2023-10-10T09:12:17.928672+00:00
[2023-10-10T09:12:17.939+0000] {processor.py:179} INFO - Processing /home/airflow/.local/lib/python3.8/site-packages/airflow/example_dags/example_task_group_decorator.py took 0.077 seconds
[2023-10-10T09:12:48.415+0000] {processor.py:157} INFO - Started process (PID=2775) to work on /home/airflow/.local/lib/python3.8/site-packages/airflow/example_dags/example_task_group_decorator.py
[2023-10-10T09:12:48.416+0000] {processor.py:829} INFO - Processing file /home/airflow/.local/lib/python3.8/site-packages/airflow/example_dags/example_task_group_decorator.py for tasks to queue
[2023-10-10T09:12:48.418+0000] {logging_mixin.py:151} INFO - [2023-10-10T09:12:48.418+0000] {dagbag.py:539} INFO - Filling up the DagBag from /home/airflow/.local/lib/python3.8/site-packages/airflow/example_dags/example_task_group_decorator.py
[2023-10-10T09:12:48.428+0000] {processor.py:839} INFO - DAG(s) dict_keys(['example_task_group_decorator']) retrieved from /home/airflow/.local/lib/python3.8/site-packages/airflow/example_dags/example_task_group_decorator.py
[2023-10-10T09:12:48.447+0000] {logging_mixin.py:151} INFO - [2023-10-10T09:12:48.447+0000] {dag.py:2915} INFO - Sync 1 DAGs
[2023-10-10T09:12:48.463+0000] {logging_mixin.py:151} INFO - [2023-10-10T09:12:48.463+0000] {dag.py:3696} INFO - Setting next_dagrun for example_task_group_decorator to 2023-10-09T09:12:48.463293+00:00, run_after=2023-10-10T09:12:48.463293+00:00
[2023-10-10T09:12:48.474+0000] {processor.py:179} INFO - Processing /home/airflow/.local/lib/python3.8/site-packages/airflow/example_dags/example_task_group_decorator.py took 0.063 seconds
[2023-10-10T09:13:19.322+0000] {processor.py:157} INFO - Started process (PID=2836) to work on /home/airflow/.local/lib/python3.8/site-packages/airflow/example_dags/example_task_group_decorator.py
[2023-10-10T09:13:19.323+0000] {processor.py:829} INFO - Processing file /home/airflow/.local/lib/python3.8/site-packages/airflow/example_dags/example_task_group_decorator.py for tasks to queue
[2023-10-10T09:13:19.328+0000] {logging_mixin.py:151} INFO - [2023-10-10T09:13:19.328+0000] {dagbag.py:539} INFO - Filling up the DagBag from /home/airflow/.local/lib/python3.8/site-packages/airflow/example_dags/example_task_group_decorator.py
[2023-10-10T09:13:19.346+0000] {processor.py:839} INFO - DAG(s) dict_keys(['example_task_group_decorator']) retrieved from /home/airflow/.local/lib/python3.8/site-packages/airflow/example_dags/example_task_group_decorator.py
[2023-10-10T09:13:19.377+0000] {logging_mixin.py:151} INFO - [2023-10-10T09:13:19.377+0000] {dag.py:2915} INFO - Sync 1 DAGs
[2023-10-10T09:13:19.397+0000] {logging_mixin.py:151} INFO - [2023-10-10T09:13:19.397+0000] {dag.py:3696} INFO - Setting next_dagrun for example_task_group_decorator to 2023-10-09T09:13:19.396851+00:00, run_after=2023-10-10T09:13:19.396851+00:00
[2023-10-10T09:13:19.411+0000] {processor.py:179} INFO - Processing /home/airflow/.local/lib/python3.8/site-packages/airflow/example_dags/example_task_group_decorator.py took 0.093 seconds
[2023-10-10T09:13:49.861+0000] {processor.py:157} INFO - Started process (PID=2897) to work on /home/airflow/.local/lib/python3.8/site-packages/airflow/example_dags/example_task_group_decorator.py
[2023-10-10T09:13:49.863+0000] {processor.py:829} INFO - Processing file /home/airflow/.local/lib/python3.8/site-packages/airflow/example_dags/example_task_group_decorator.py for tasks to queue
[2023-10-10T09:13:49.866+0000] {logging_mixin.py:151} INFO - [2023-10-10T09:13:49.865+0000] {dagbag.py:539} INFO - Filling up the DagBag from /home/airflow/.local/lib/python3.8/site-packages/airflow/example_dags/example_task_group_decorator.py
[2023-10-10T09:13:49.879+0000] {processor.py:839} INFO - DAG(s) dict_keys(['example_task_group_decorator']) retrieved from /home/airflow/.local/lib/python3.8/site-packages/airflow/example_dags/example_task_group_decorator.py
[2023-10-10T09:13:49.902+0000] {logging_mixin.py:151} INFO - [2023-10-10T09:13:49.902+0000] {dag.py:2915} INFO - Sync 1 DAGs
[2023-10-10T09:13:49.921+0000] {logging_mixin.py:151} INFO - [2023-10-10T09:13:49.920+0000] {dag.py:3696} INFO - Setting next_dagrun for example_task_group_decorator to 2023-10-09T09:13:49.920503+00:00, run_after=2023-10-10T09:13:49.920503+00:00
[2023-10-10T09:13:49.933+0000] {processor.py:179} INFO - Processing /home/airflow/.local/lib/python3.8/site-packages/airflow/example_dags/example_task_group_decorator.py took 0.077 seconds
[2023-10-10T09:14:20.409+0000] {processor.py:157} INFO - Started process (PID=2958) to work on /home/airflow/.local/lib/python3.8/site-packages/airflow/example_dags/example_task_group_decorator.py
[2023-10-10T09:14:20.415+0000] {processor.py:829} INFO - Processing file /home/airflow/.local/lib/python3.8/site-packages/airflow/example_dags/example_task_group_decorator.py for tasks to queue
[2023-10-10T09:14:20.430+0000] {logging_mixin.py:151} INFO - [2023-10-10T09:14:20.429+0000] {dagbag.py:539} INFO - Filling up the DagBag from /home/airflow/.local/lib/python3.8/site-packages/airflow/example_dags/example_task_group_decorator.py
[2023-10-10T09:14:20.451+0000] {processor.py:839} INFO - DAG(s) dict_keys(['example_task_group_decorator']) retrieved from /home/airflow/.local/lib/python3.8/site-packages/airflow/example_dags/example_task_group_decorator.py
[2023-10-10T09:14:20.470+0000] {logging_mixin.py:151} INFO - [2023-10-10T09:14:20.470+0000] {dag.py:2915} INFO - Sync 1 DAGs
[2023-10-10T09:14:20.502+0000] {logging_mixin.py:151} INFO - [2023-10-10T09:14:20.502+0000] {dag.py:3696} INFO - Setting next_dagrun for example_task_group_decorator to 2023-10-09T09:14:20.501815+00:00, run_after=2023-10-10T09:14:20.501815+00:00
[2023-10-10T09:14:20.529+0000] {processor.py:179} INFO - Processing /home/airflow/.local/lib/python3.8/site-packages/airflow/example_dags/example_task_group_decorator.py took 0.130 seconds
[2023-10-10T09:14:51.102+0000] {processor.py:157} INFO - Started process (PID=3019) to work on /home/airflow/.local/lib/python3.8/site-packages/airflow/example_dags/example_task_group_decorator.py
[2023-10-10T09:14:51.106+0000] {processor.py:829} INFO - Processing file /home/airflow/.local/lib/python3.8/site-packages/airflow/example_dags/example_task_group_decorator.py for tasks to queue
[2023-10-10T09:14:51.116+0000] {logging_mixin.py:151} INFO - [2023-10-10T09:14:51.115+0000] {dagbag.py:539} INFO - Filling up the DagBag from /home/airflow/.local/lib/python3.8/site-packages/airflow/example_dags/example_task_group_decorator.py
[2023-10-10T09:14:51.137+0000] {processor.py:839} INFO - DAG(s) dict_keys(['example_task_group_decorator']) retrieved from /home/airflow/.local/lib/python3.8/site-packages/airflow/example_dags/example_task_group_decorator.py
[2023-10-10T09:14:51.168+0000] {logging_mixin.py:151} INFO - [2023-10-10T09:14:51.167+0000] {dag.py:2915} INFO - Sync 1 DAGs
[2023-10-10T09:14:51.188+0000] {logging_mixin.py:151} INFO - [2023-10-10T09:14:51.188+0000] {dag.py:3696} INFO - Setting next_dagrun for example_task_group_decorator to 2023-10-09T09:14:51.188556+00:00, run_after=2023-10-10T09:14:51.188556+00:00
[2023-10-10T09:14:51.202+0000] {processor.py:179} INFO - Processing /home/airflow/.local/lib/python3.8/site-packages/airflow/example_dags/example_task_group_decorator.py took 0.109 seconds
[2023-10-10T09:15:21.429+0000] {processor.py:157} INFO - Started process (PID=3080) to work on /home/airflow/.local/lib/python3.8/site-packages/airflow/example_dags/example_task_group_decorator.py
[2023-10-10T09:15:21.432+0000] {processor.py:829} INFO - Processing file /home/airflow/.local/lib/python3.8/site-packages/airflow/example_dags/example_task_group_decorator.py for tasks to queue
[2023-10-10T09:15:21.437+0000] {logging_mixin.py:151} INFO - [2023-10-10T09:15:21.436+0000] {dagbag.py:539} INFO - Filling up the DagBag from /home/airflow/.local/lib/python3.8/site-packages/airflow/example_dags/example_task_group_decorator.py
[2023-10-10T09:15:21.456+0000] {processor.py:839} INFO - DAG(s) dict_keys(['example_task_group_decorator']) retrieved from /home/airflow/.local/lib/python3.8/site-packages/airflow/example_dags/example_task_group_decorator.py
[2023-10-10T09:15:21.478+0000] {logging_mixin.py:151} INFO - [2023-10-10T09:15:21.478+0000] {dag.py:2915} INFO - Sync 1 DAGs
[2023-10-10T09:15:21.501+0000] {logging_mixin.py:151} INFO - [2023-10-10T09:15:21.501+0000] {dag.py:3696} INFO - Setting next_dagrun for example_task_group_decorator to 2023-10-09T09:15:21.501404+00:00, run_after=2023-10-10T09:15:21.501404+00:00
[2023-10-10T09:15:21.513+0000] {processor.py:179} INFO - Processing /home/airflow/.local/lib/python3.8/site-packages/airflow/example_dags/example_task_group_decorator.py took 0.094 seconds
[2023-10-10T09:15:51.820+0000] {processor.py:157} INFO - Started process (PID=3141) to work on /home/airflow/.local/lib/python3.8/site-packages/airflow/example_dags/example_task_group_decorator.py
[2023-10-10T09:15:51.821+0000] {processor.py:829} INFO - Processing file /home/airflow/.local/lib/python3.8/site-packages/airflow/example_dags/example_task_group_decorator.py for tasks to queue
[2023-10-10T09:15:51.824+0000] {logging_mixin.py:151} INFO - [2023-10-10T09:15:51.824+0000] {dagbag.py:539} INFO - Filling up the DagBag from /home/airflow/.local/lib/python3.8/site-packages/airflow/example_dags/example_task_group_decorator.py
[2023-10-10T09:15:51.841+0000] {processor.py:839} INFO - DAG(s) dict_keys(['example_task_group_decorator']) retrieved from /home/airflow/.local/lib/python3.8/site-packages/airflow/example_dags/example_task_group_decorator.py
[2023-10-10T09:15:51.868+0000] {logging_mixin.py:151} INFO - [2023-10-10T09:15:51.868+0000] {dag.py:2915} INFO - Sync 1 DAGs
[2023-10-10T09:15:51.892+0000] {logging_mixin.py:151} INFO - [2023-10-10T09:15:51.892+0000] {dag.py:3696} INFO - Setting next_dagrun for example_task_group_decorator to 2023-10-09T09:15:51.891765+00:00, run_after=2023-10-10T09:15:51.891765+00:00
[2023-10-10T09:15:51.912+0000] {processor.py:179} INFO - Processing /home/airflow/.local/lib/python3.8/site-packages/airflow/example_dags/example_task_group_decorator.py took 0.096 seconds
[2023-10-10T09:16:22.497+0000] {processor.py:157} INFO - Started process (PID=3202) to work on /home/airflow/.local/lib/python3.8/site-packages/airflow/example_dags/example_task_group_decorator.py
[2023-10-10T09:16:22.501+0000] {processor.py:829} INFO - Processing file /home/airflow/.local/lib/python3.8/site-packages/airflow/example_dags/example_task_group_decorator.py for tasks to queue
[2023-10-10T09:16:22.515+0000] {logging_mixin.py:151} INFO - [2023-10-10T09:16:22.511+0000] {dagbag.py:539} INFO - Filling up the DagBag from /home/airflow/.local/lib/python3.8/site-packages/airflow/example_dags/example_task_group_decorator.py
[2023-10-10T09:16:22.540+0000] {processor.py:839} INFO - DAG(s) dict_keys(['example_task_group_decorator']) retrieved from /home/airflow/.local/lib/python3.8/site-packages/airflow/example_dags/example_task_group_decorator.py
[2023-10-10T09:16:22.587+0000] {logging_mixin.py:151} INFO - [2023-10-10T09:16:22.586+0000] {dag.py:2915} INFO - Sync 1 DAGs
[2023-10-10T09:16:22.617+0000] {logging_mixin.py:151} INFO - [2023-10-10T09:16:22.617+0000] {dag.py:3696} INFO - Setting next_dagrun for example_task_group_decorator to 2023-10-09T09:16:22.617311+00:00, run_after=2023-10-10T09:16:22.617311+00:00
[2023-10-10T09:16:22.633+0000] {processor.py:179} INFO - Processing /home/airflow/.local/lib/python3.8/site-packages/airflow/example_dags/example_task_group_decorator.py took 0.144 seconds
[2023-10-10T09:16:53.038+0000] {processor.py:157} INFO - Started process (PID=3263) to work on /home/airflow/.local/lib/python3.8/site-packages/airflow/example_dags/example_task_group_decorator.py
[2023-10-10T09:16:53.039+0000] {processor.py:829} INFO - Processing file /home/airflow/.local/lib/python3.8/site-packages/airflow/example_dags/example_task_group_decorator.py for tasks to queue
[2023-10-10T09:16:53.041+0000] {logging_mixin.py:151} INFO - [2023-10-10T09:16:53.041+0000] {dagbag.py:539} INFO - Filling up the DagBag from /home/airflow/.local/lib/python3.8/site-packages/airflow/example_dags/example_task_group_decorator.py
[2023-10-10T09:16:53.064+0000] {processor.py:839} INFO - DAG(s) dict_keys(['example_task_group_decorator']) retrieved from /home/airflow/.local/lib/python3.8/site-packages/airflow/example_dags/example_task_group_decorator.py
[2023-10-10T09:16:53.105+0000] {logging_mixin.py:151} INFO - [2023-10-10T09:16:53.105+0000] {dag.py:2915} INFO - Sync 1 DAGs
[2023-10-10T09:16:53.126+0000] {logging_mixin.py:151} INFO - [2023-10-10T09:16:53.126+0000] {dag.py:3696} INFO - Setting next_dagrun for example_task_group_decorator to 2023-10-09T09:16:53.125812+00:00, run_after=2023-10-10T09:16:53.125812+00:00
[2023-10-10T09:16:53.141+0000] {processor.py:179} INFO - Processing /home/airflow/.local/lib/python3.8/site-packages/airflow/example_dags/example_task_group_decorator.py took 0.109 seconds
[2023-10-10T09:17:23.250+0000] {processor.py:157} INFO - Started process (PID=3323) to work on /home/airflow/.local/lib/python3.8/site-packages/airflow/example_dags/example_task_group_decorator.py
[2023-10-10T09:17:23.252+0000] {processor.py:829} INFO - Processing file /home/airflow/.local/lib/python3.8/site-packages/airflow/example_dags/example_task_group_decorator.py for tasks to queue
[2023-10-10T09:17:23.257+0000] {logging_mixin.py:151} INFO - [2023-10-10T09:17:23.257+0000] {dagbag.py:539} INFO - Filling up the DagBag from /home/airflow/.local/lib/python3.8/site-packages/airflow/example_dags/example_task_group_decorator.py
[2023-10-10T09:17:23.273+0000] {processor.py:839} INFO - DAG(s) dict_keys(['example_task_group_decorator']) retrieved from /home/airflow/.local/lib/python3.8/site-packages/airflow/example_dags/example_task_group_decorator.py
[2023-10-10T09:17:23.293+0000] {logging_mixin.py:151} INFO - [2023-10-10T09:17:23.293+0000] {dag.py:2915} INFO - Sync 1 DAGs
[2023-10-10T09:17:23.308+0000] {logging_mixin.py:151} INFO - [2023-10-10T09:17:23.308+0000] {dag.py:3696} INFO - Setting next_dagrun for example_task_group_decorator to 2023-10-09T09:17:23.308093+00:00, run_after=2023-10-10T09:17:23.308093+00:00
[2023-10-10T09:17:23.328+0000] {processor.py:179} INFO - Processing /home/airflow/.local/lib/python3.8/site-packages/airflow/example_dags/example_task_group_decorator.py took 0.086 seconds
[2023-10-10T09:17:53.464+0000] {processor.py:157} INFO - Started process (PID=3384) to work on /home/airflow/.local/lib/python3.8/site-packages/airflow/example_dags/example_task_group_decorator.py
[2023-10-10T09:17:53.466+0000] {processor.py:829} INFO - Processing file /home/airflow/.local/lib/python3.8/site-packages/airflow/example_dags/example_task_group_decorator.py for tasks to queue
[2023-10-10T09:17:53.469+0000] {logging_mixin.py:151} INFO - [2023-10-10T09:17:53.469+0000] {dagbag.py:539} INFO - Filling up the DagBag from /home/airflow/.local/lib/python3.8/site-packages/airflow/example_dags/example_task_group_decorator.py
[2023-10-10T09:17:53.483+0000] {processor.py:839} INFO - DAG(s) dict_keys(['example_task_group_decorator']) retrieved from /home/airflow/.local/lib/python3.8/site-packages/airflow/example_dags/example_task_group_decorator.py
[2023-10-10T09:17:53.509+0000] {logging_mixin.py:151} INFO - [2023-10-10T09:17:53.509+0000] {dag.py:2915} INFO - Sync 1 DAGs
[2023-10-10T09:17:53.525+0000] {logging_mixin.py:151} INFO - [2023-10-10T09:17:53.525+0000] {dag.py:3696} INFO - Setting next_dagrun for example_task_group_decorator to 2023-10-09T09:17:53.525381+00:00, run_after=2023-10-10T09:17:53.525381+00:00
[2023-10-10T09:17:53.536+0000] {processor.py:179} INFO - Processing /home/airflow/.local/lib/python3.8/site-packages/airflow/example_dags/example_task_group_decorator.py took 0.078 seconds
[2023-10-10T09:18:23.743+0000] {processor.py:157} INFO - Started process (PID=3445) to work on /home/airflow/.local/lib/python3.8/site-packages/airflow/example_dags/example_task_group_decorator.py
[2023-10-10T09:18:23.743+0000] {processor.py:829} INFO - Processing file /home/airflow/.local/lib/python3.8/site-packages/airflow/example_dags/example_task_group_decorator.py for tasks to queue
[2023-10-10T09:18:23.745+0000] {logging_mixin.py:151} INFO - [2023-10-10T09:18:23.745+0000] {dagbag.py:539} INFO - Filling up the DagBag from /home/airflow/.local/lib/python3.8/site-packages/airflow/example_dags/example_task_group_decorator.py
[2023-10-10T09:18:23.753+0000] {processor.py:839} INFO - DAG(s) dict_keys(['example_task_group_decorator']) retrieved from /home/airflow/.local/lib/python3.8/site-packages/airflow/example_dags/example_task_group_decorator.py
[2023-10-10T09:18:23.776+0000] {logging_mixin.py:151} INFO - [2023-10-10T09:18:23.776+0000] {dag.py:2915} INFO - Sync 1 DAGs
[2023-10-10T09:18:23.789+0000] {logging_mixin.py:151} INFO - [2023-10-10T09:18:23.789+0000] {dag.py:3696} INFO - Setting next_dagrun for example_task_group_decorator to 2023-10-09T09:18:23.789295+00:00, run_after=2023-10-10T09:18:23.789295+00:00
[2023-10-10T09:18:23.798+0000] {processor.py:179} INFO - Processing /home/airflow/.local/lib/python3.8/site-packages/airflow/example_dags/example_task_group_decorator.py took 0.058 seconds
[2023-10-10T09:18:53.985+0000] {processor.py:157} INFO - Started process (PID=3506) to work on /home/airflow/.local/lib/python3.8/site-packages/airflow/example_dags/example_task_group_decorator.py
[2023-10-10T09:18:53.986+0000] {processor.py:829} INFO - Processing file /home/airflow/.local/lib/python3.8/site-packages/airflow/example_dags/example_task_group_decorator.py for tasks to queue
[2023-10-10T09:18:53.989+0000] {logging_mixin.py:151} INFO - [2023-10-10T09:18:53.988+0000] {dagbag.py:539} INFO - Filling up the DagBag from /home/airflow/.local/lib/python3.8/site-packages/airflow/example_dags/example_task_group_decorator.py
[2023-10-10T09:18:53.998+0000] {processor.py:839} INFO - DAG(s) dict_keys(['example_task_group_decorator']) retrieved from /home/airflow/.local/lib/python3.8/site-packages/airflow/example_dags/example_task_group_decorator.py
[2023-10-10T09:18:54.020+0000] {logging_mixin.py:151} INFO - [2023-10-10T09:18:54.020+0000] {dag.py:2915} INFO - Sync 1 DAGs
[2023-10-10T09:18:54.033+0000] {logging_mixin.py:151} INFO - [2023-10-10T09:18:54.033+0000] {dag.py:3696} INFO - Setting next_dagrun for example_task_group_decorator to 2023-10-09T09:18:54.033706+00:00, run_after=2023-10-10T09:18:54.033706+00:00
[2023-10-10T09:18:54.044+0000] {processor.py:179} INFO - Processing /home/airflow/.local/lib/python3.8/site-packages/airflow/example_dags/example_task_group_decorator.py took 0.062 seconds
[2023-10-10T09:19:24.269+0000] {processor.py:157} INFO - Started process (PID=3567) to work on /home/airflow/.local/lib/python3.8/site-packages/airflow/example_dags/example_task_group_decorator.py
[2023-10-10T09:19:24.270+0000] {processor.py:829} INFO - Processing file /home/airflow/.local/lib/python3.8/site-packages/airflow/example_dags/example_task_group_decorator.py for tasks to queue
[2023-10-10T09:19:24.271+0000] {logging_mixin.py:151} INFO - [2023-10-10T09:19:24.271+0000] {dagbag.py:539} INFO - Filling up the DagBag from /home/airflow/.local/lib/python3.8/site-packages/airflow/example_dags/example_task_group_decorator.py
[2023-10-10T09:19:24.280+0000] {processor.py:839} INFO - DAG(s) dict_keys(['example_task_group_decorator']) retrieved from /home/airflow/.local/lib/python3.8/site-packages/airflow/example_dags/example_task_group_decorator.py
[2023-10-10T09:19:24.304+0000] {logging_mixin.py:151} INFO - [2023-10-10T09:19:24.304+0000] {dag.py:2915} INFO - Sync 1 DAGs
[2023-10-10T09:19:24.318+0000] {logging_mixin.py:151} INFO - [2023-10-10T09:19:24.318+0000] {dag.py:3696} INFO - Setting next_dagrun for example_task_group_decorator to 2023-10-09T09:19:24.318143+00:00, run_after=2023-10-10T09:19:24.318143+00:00
[2023-10-10T09:19:24.328+0000] {processor.py:179} INFO - Processing /home/airflow/.local/lib/python3.8/site-packages/airflow/example_dags/example_task_group_decorator.py took 0.062 seconds
[2023-10-10T09:19:54.644+0000] {processor.py:157} INFO - Started process (PID=3628) to work on /home/airflow/.local/lib/python3.8/site-packages/airflow/example_dags/example_task_group_decorator.py
[2023-10-10T09:19:54.645+0000] {processor.py:829} INFO - Processing file /home/airflow/.local/lib/python3.8/site-packages/airflow/example_dags/example_task_group_decorator.py for tasks to queue
[2023-10-10T09:19:54.647+0000] {logging_mixin.py:151} INFO - [2023-10-10T09:19:54.647+0000] {dagbag.py:539} INFO - Filling up the DagBag from /home/airflow/.local/lib/python3.8/site-packages/airflow/example_dags/example_task_group_decorator.py
[2023-10-10T09:19:54.655+0000] {processor.py:839} INFO - DAG(s) dict_keys(['example_task_group_decorator']) retrieved from /home/airflow/.local/lib/python3.8/site-packages/airflow/example_dags/example_task_group_decorator.py
[2023-10-10T09:19:54.680+0000] {logging_mixin.py:151} INFO - [2023-10-10T09:19:54.680+0000] {dag.py:2915} INFO - Sync 1 DAGs
[2023-10-10T09:19:54.703+0000] {logging_mixin.py:151} INFO - [2023-10-10T09:19:54.703+0000] {dag.py:3696} INFO - Setting next_dagrun for example_task_group_decorator to 2023-10-09T09:19:54.702885+00:00, run_after=2023-10-10T09:19:54.702885+00:00
[2023-10-10T09:19:54.715+0000] {processor.py:179} INFO - Processing /home/airflow/.local/lib/python3.8/site-packages/airflow/example_dags/example_task_group_decorator.py took 0.074 seconds
