[2023-10-10T08:49:53.090+0000] {processor.py:157} INFO - Started process (PID=62) to work on /home/airflow/.local/lib/python3.8/site-packages/airflow/example_dags/example_branch_operator.py
[2023-10-10T08:49:53.125+0000] {processor.py:829} INFO - Processing file /home/airflow/.local/lib/python3.8/site-packages/airflow/example_dags/example_branch_operator.py for tasks to queue
[2023-10-10T08:49:53.172+0000] {logging_mixin.py:151} INFO - [2023-10-10T08:49:53.168+0000] {dagbag.py:539} INFO - Filling up the DagBag from /home/airflow/.local/lib/python3.8/site-packages/airflow/example_dags/example_branch_operator.py
[2023-10-10T08:49:53.385+0000] {processor.py:839} INFO - DAG(s) dict_keys(['example_branch_operator']) retrieved from /home/airflow/.local/lib/python3.8/site-packages/airflow/example_dags/example_branch_operator.py
[2023-10-10T08:49:53.500+0000] {logging_mixin.py:151} INFO - [2023-10-10T08:49:53.499+0000] {dag.py:2915} INFO - Sync 1 DAGs
[2023-10-10T08:49:53.581+0000] {logging_mixin.py:151} INFO - [2023-10-10T08:49:53.581+0000] {dag.py:3696} INFO - Setting next_dagrun for example_branch_operator to 2023-10-09T00:00:00+00:00, run_after=2023-10-10T00:00:00+00:00
[2023-10-10T08:49:53.622+0000] {processor.py:179} INFO - Processing /home/airflow/.local/lib/python3.8/site-packages/airflow/example_dags/example_branch_operator.py took 0.664 seconds
[2023-10-10T08:50:25.750+0000] {processor.py:157} INFO - Started process (PID=121) to work on /home/airflow/.local/lib/python3.8/site-packages/airflow/example_dags/example_branch_operator.py
[2023-10-10T08:50:25.752+0000] {processor.py:829} INFO - Processing file /home/airflow/.local/lib/python3.8/site-packages/airflow/example_dags/example_branch_operator.py for tasks to queue
[2023-10-10T08:50:25.756+0000] {logging_mixin.py:151} INFO - [2023-10-10T08:50:25.755+0000] {dagbag.py:539} INFO - Filling up the DagBag from /home/airflow/.local/lib/python3.8/site-packages/airflow/example_dags/example_branch_operator.py
[2023-10-10T08:50:25.778+0000] {processor.py:839} INFO - DAG(s) dict_keys(['example_branch_operator']) retrieved from /home/airflow/.local/lib/python3.8/site-packages/airflow/example_dags/example_branch_operator.py
[2023-10-10T08:50:25.863+0000] {logging_mixin.py:151} INFO - [2023-10-10T08:50:25.862+0000] {dag.py:2915} INFO - Sync 1 DAGs
[2023-10-10T08:50:25.979+0000] {logging_mixin.py:151} INFO - [2023-10-10T08:50:25.979+0000] {dag.py:3696} INFO - Setting next_dagrun for example_branch_operator to 2023-10-09T00:00:00+00:00, run_after=2023-10-10T00:00:00+00:00
[2023-10-10T08:50:26.039+0000] {processor.py:179} INFO - Processing /home/airflow/.local/lib/python3.8/site-packages/airflow/example_dags/example_branch_operator.py took 0.296 seconds
[2023-10-10T08:50:56.636+0000] {processor.py:157} INFO - Started process (PID=176) to work on /home/airflow/.local/lib/python3.8/site-packages/airflow/example_dags/example_branch_operator.py
[2023-10-10T08:50:56.638+0000] {processor.py:829} INFO - Processing file /home/airflow/.local/lib/python3.8/site-packages/airflow/example_dags/example_branch_operator.py for tasks to queue
[2023-10-10T08:50:56.640+0000] {logging_mixin.py:151} INFO - [2023-10-10T08:50:56.640+0000] {dagbag.py:539} INFO - Filling up the DagBag from /home/airflow/.local/lib/python3.8/site-packages/airflow/example_dags/example_branch_operator.py
[2023-10-10T08:50:56.647+0000] {processor.py:839} INFO - DAG(s) dict_keys(['example_branch_operator']) retrieved from /home/airflow/.local/lib/python3.8/site-packages/airflow/example_dags/example_branch_operator.py
[2023-10-10T08:50:56.667+0000] {logging_mixin.py:151} INFO - [2023-10-10T08:50:56.666+0000] {dag.py:2915} INFO - Sync 1 DAGs
[2023-10-10T08:50:56.684+0000] {logging_mixin.py:151} INFO - [2023-10-10T08:50:56.684+0000] {dag.py:3696} INFO - Setting next_dagrun for example_branch_operator to 2023-10-09T00:00:00+00:00, run_after=2023-10-10T00:00:00+00:00
[2023-10-10T08:50:56.695+0000] {processor.py:179} INFO - Processing /home/airflow/.local/lib/python3.8/site-packages/airflow/example_dags/example_branch_operator.py took 0.062 seconds
[2023-10-10T08:51:26.757+0000] {processor.py:157} INFO - Started process (PID=237) to work on /home/airflow/.local/lib/python3.8/site-packages/airflow/example_dags/example_branch_operator.py
[2023-10-10T08:51:26.758+0000] {processor.py:829} INFO - Processing file /home/airflow/.local/lib/python3.8/site-packages/airflow/example_dags/example_branch_operator.py for tasks to queue
[2023-10-10T08:51:26.759+0000] {logging_mixin.py:151} INFO - [2023-10-10T08:51:26.759+0000] {dagbag.py:539} INFO - Filling up the DagBag from /home/airflow/.local/lib/python3.8/site-packages/airflow/example_dags/example_branch_operator.py
[2023-10-10T08:51:26.766+0000] {processor.py:839} INFO - DAG(s) dict_keys(['example_branch_operator']) retrieved from /home/airflow/.local/lib/python3.8/site-packages/airflow/example_dags/example_branch_operator.py
[2023-10-10T08:51:26.784+0000] {logging_mixin.py:151} INFO - [2023-10-10T08:51:26.784+0000] {dag.py:2915} INFO - Sync 1 DAGs
[2023-10-10T08:51:26.798+0000] {logging_mixin.py:151} INFO - [2023-10-10T08:51:26.798+0000] {dag.py:3696} INFO - Setting next_dagrun for example_branch_operator to 2023-10-09T00:00:00+00:00, run_after=2023-10-10T00:00:00+00:00
[2023-10-10T08:51:26.807+0000] {processor.py:179} INFO - Processing /home/airflow/.local/lib/python3.8/site-packages/airflow/example_dags/example_branch_operator.py took 0.053 seconds
[2023-10-10T08:51:56.912+0000] {processor.py:157} INFO - Started process (PID=298) to work on /home/airflow/.local/lib/python3.8/site-packages/airflow/example_dags/example_branch_operator.py
[2023-10-10T08:51:56.913+0000] {processor.py:829} INFO - Processing file /home/airflow/.local/lib/python3.8/site-packages/airflow/example_dags/example_branch_operator.py for tasks to queue
[2023-10-10T08:51:56.914+0000] {logging_mixin.py:151} INFO - [2023-10-10T08:51:56.914+0000] {dagbag.py:539} INFO - Filling up the DagBag from /home/airflow/.local/lib/python3.8/site-packages/airflow/example_dags/example_branch_operator.py
[2023-10-10T08:51:56.920+0000] {processor.py:839} INFO - DAG(s) dict_keys(['example_branch_operator']) retrieved from /home/airflow/.local/lib/python3.8/site-packages/airflow/example_dags/example_branch_operator.py
[2023-10-10T08:51:56.936+0000] {logging_mixin.py:151} INFO - [2023-10-10T08:51:56.936+0000] {dag.py:2915} INFO - Sync 1 DAGs
[2023-10-10T08:51:56.950+0000] {logging_mixin.py:151} INFO - [2023-10-10T08:51:56.950+0000] {dag.py:3696} INFO - Setting next_dagrun for example_branch_operator to 2023-10-09T00:00:00+00:00, run_after=2023-10-10T00:00:00+00:00
[2023-10-10T08:51:56.959+0000] {processor.py:179} INFO - Processing /home/airflow/.local/lib/python3.8/site-packages/airflow/example_dags/example_branch_operator.py took 0.049 seconds
[2023-10-10T08:52:27.185+0000] {processor.py:157} INFO - Started process (PID=359) to work on /home/airflow/.local/lib/python3.8/site-packages/airflow/example_dags/example_branch_operator.py
[2023-10-10T08:52:27.186+0000] {processor.py:829} INFO - Processing file /home/airflow/.local/lib/python3.8/site-packages/airflow/example_dags/example_branch_operator.py for tasks to queue
[2023-10-10T08:52:27.188+0000] {logging_mixin.py:151} INFO - [2023-10-10T08:52:27.187+0000] {dagbag.py:539} INFO - Filling up the DagBag from /home/airflow/.local/lib/python3.8/site-packages/airflow/example_dags/example_branch_operator.py
[2023-10-10T08:52:27.195+0000] {processor.py:839} INFO - DAG(s) dict_keys(['example_branch_operator']) retrieved from /home/airflow/.local/lib/python3.8/site-packages/airflow/example_dags/example_branch_operator.py
[2023-10-10T08:52:27.212+0000] {logging_mixin.py:151} INFO - [2023-10-10T08:52:27.212+0000] {dag.py:2915} INFO - Sync 1 DAGs
[2023-10-10T08:52:27.227+0000] {logging_mixin.py:151} INFO - [2023-10-10T08:52:27.227+0000] {dag.py:3696} INFO - Setting next_dagrun for example_branch_operator to 2023-10-09T00:00:00+00:00, run_after=2023-10-10T00:00:00+00:00
[2023-10-10T08:52:27.236+0000] {processor.py:179} INFO - Processing /home/airflow/.local/lib/python3.8/site-packages/airflow/example_dags/example_branch_operator.py took 0.053 seconds
[2023-10-10T08:52:57.499+0000] {processor.py:157} INFO - Started process (PID=420) to work on /home/airflow/.local/lib/python3.8/site-packages/airflow/example_dags/example_branch_operator.py
[2023-10-10T08:52:57.499+0000] {processor.py:829} INFO - Processing file /home/airflow/.local/lib/python3.8/site-packages/airflow/example_dags/example_branch_operator.py for tasks to queue
[2023-10-10T08:52:57.501+0000] {logging_mixin.py:151} INFO - [2023-10-10T08:52:57.501+0000] {dagbag.py:539} INFO - Filling up the DagBag from /home/airflow/.local/lib/python3.8/site-packages/airflow/example_dags/example_branch_operator.py
[2023-10-10T08:52:57.507+0000] {processor.py:839} INFO - DAG(s) dict_keys(['example_branch_operator']) retrieved from /home/airflow/.local/lib/python3.8/site-packages/airflow/example_dags/example_branch_operator.py
[2023-10-10T08:52:57.535+0000] {logging_mixin.py:151} INFO - [2023-10-10T08:52:57.535+0000] {dag.py:2915} INFO - Sync 1 DAGs
[2023-10-10T08:52:57.554+0000] {logging_mixin.py:151} INFO - [2023-10-10T08:52:57.553+0000] {dag.py:3696} INFO - Setting next_dagrun for example_branch_operator to 2023-10-09T00:00:00+00:00, run_after=2023-10-10T00:00:00+00:00
[2023-10-10T08:52:57.563+0000] {processor.py:179} INFO - Processing /home/airflow/.local/lib/python3.8/site-packages/airflow/example_dags/example_branch_operator.py took 0.067 seconds
[2023-10-10T08:53:28.582+0000] {processor.py:157} INFO - Started process (PID=479) to work on /home/airflow/.local/lib/python3.8/site-packages/airflow/example_dags/example_branch_operator.py
[2023-10-10T08:53:28.583+0000] {processor.py:829} INFO - Processing file /home/airflow/.local/lib/python3.8/site-packages/airflow/example_dags/example_branch_operator.py for tasks to queue
[2023-10-10T08:53:28.585+0000] {logging_mixin.py:151} INFO - [2023-10-10T08:53:28.584+0000] {dagbag.py:539} INFO - Filling up the DagBag from /home/airflow/.local/lib/python3.8/site-packages/airflow/example_dags/example_branch_operator.py
[2023-10-10T08:53:28.590+0000] {processor.py:839} INFO - DAG(s) dict_keys(['example_branch_operator']) retrieved from /home/airflow/.local/lib/python3.8/site-packages/airflow/example_dags/example_branch_operator.py
[2023-10-10T08:53:28.606+0000] {logging_mixin.py:151} INFO - [2023-10-10T08:53:28.606+0000] {dag.py:2915} INFO - Sync 1 DAGs
[2023-10-10T08:53:28.620+0000] {logging_mixin.py:151} INFO - [2023-10-10T08:53:28.620+0000] {dag.py:3696} INFO - Setting next_dagrun for example_branch_operator to 2023-10-09T00:00:00+00:00, run_after=2023-10-10T00:00:00+00:00
[2023-10-10T08:53:28.629+0000] {processor.py:179} INFO - Processing /home/airflow/.local/lib/python3.8/site-packages/airflow/example_dags/example_branch_operator.py took 0.049 seconds
[2023-10-10T08:53:59.043+0000] {processor.py:157} INFO - Started process (PID=540) to work on /home/airflow/.local/lib/python3.8/site-packages/airflow/example_dags/example_branch_operator.py
[2023-10-10T08:53:59.044+0000] {processor.py:829} INFO - Processing file /home/airflow/.local/lib/python3.8/site-packages/airflow/example_dags/example_branch_operator.py for tasks to queue
[2023-10-10T08:53:59.045+0000] {logging_mixin.py:151} INFO - [2023-10-10T08:53:59.045+0000] {dagbag.py:539} INFO - Filling up the DagBag from /home/airflow/.local/lib/python3.8/site-packages/airflow/example_dags/example_branch_operator.py
[2023-10-10T08:53:59.051+0000] {processor.py:839} INFO - DAG(s) dict_keys(['example_branch_operator']) retrieved from /home/airflow/.local/lib/python3.8/site-packages/airflow/example_dags/example_branch_operator.py
[2023-10-10T08:53:59.066+0000] {logging_mixin.py:151} INFO - [2023-10-10T08:53:59.066+0000] {dag.py:2915} INFO - Sync 1 DAGs
[2023-10-10T08:53:59.084+0000] {logging_mixin.py:151} INFO - [2023-10-10T08:53:59.084+0000] {dag.py:3696} INFO - Setting next_dagrun for example_branch_operator to 2023-10-09T00:00:00+00:00, run_after=2023-10-10T00:00:00+00:00
[2023-10-10T08:53:59.093+0000] {processor.py:179} INFO - Processing /home/airflow/.local/lib/python3.8/site-packages/airflow/example_dags/example_branch_operator.py took 0.052 seconds
[2023-10-10T08:54:29.920+0000] {processor.py:157} INFO - Started process (PID=601) to work on /home/airflow/.local/lib/python3.8/site-packages/airflow/example_dags/example_branch_operator.py
[2023-10-10T08:54:29.921+0000] {processor.py:829} INFO - Processing file /home/airflow/.local/lib/python3.8/site-packages/airflow/example_dags/example_branch_operator.py for tasks to queue
[2023-10-10T08:54:29.922+0000] {logging_mixin.py:151} INFO - [2023-10-10T08:54:29.922+0000] {dagbag.py:539} INFO - Filling up the DagBag from /home/airflow/.local/lib/python3.8/site-packages/airflow/example_dags/example_branch_operator.py
[2023-10-10T08:54:29.928+0000] {processor.py:839} INFO - DAG(s) dict_keys(['example_branch_operator']) retrieved from /home/airflow/.local/lib/python3.8/site-packages/airflow/example_dags/example_branch_operator.py
[2023-10-10T08:54:29.946+0000] {logging_mixin.py:151} INFO - [2023-10-10T08:54:29.946+0000] {dag.py:2915} INFO - Sync 1 DAGs
[2023-10-10T08:54:29.959+0000] {logging_mixin.py:151} INFO - [2023-10-10T08:54:29.959+0000] {dag.py:3696} INFO - Setting next_dagrun for example_branch_operator to 2023-10-09T00:00:00+00:00, run_after=2023-10-10T00:00:00+00:00
[2023-10-10T08:54:29.968+0000] {processor.py:179} INFO - Processing /home/airflow/.local/lib/python3.8/site-packages/airflow/example_dags/example_branch_operator.py took 0.050 seconds
[2023-10-10T08:55:00.722+0000] {processor.py:157} INFO - Started process (PID=662) to work on /home/airflow/.local/lib/python3.8/site-packages/airflow/example_dags/example_branch_operator.py
[2023-10-10T08:55:00.723+0000] {processor.py:829} INFO - Processing file /home/airflow/.local/lib/python3.8/site-packages/airflow/example_dags/example_branch_operator.py for tasks to queue
[2023-10-10T08:55:00.726+0000] {logging_mixin.py:151} INFO - [2023-10-10T08:55:00.726+0000] {dagbag.py:539} INFO - Filling up the DagBag from /home/airflow/.local/lib/python3.8/site-packages/airflow/example_dags/example_branch_operator.py
[2023-10-10T08:55:00.736+0000] {processor.py:839} INFO - DAG(s) dict_keys(['example_branch_operator']) retrieved from /home/airflow/.local/lib/python3.8/site-packages/airflow/example_dags/example_branch_operator.py
[2023-10-10T08:55:00.773+0000] {logging_mixin.py:151} INFO - [2023-10-10T08:55:00.773+0000] {dag.py:2915} INFO - Sync 1 DAGs
[2023-10-10T08:55:00.799+0000] {logging_mixin.py:151} INFO - [2023-10-10T08:55:00.798+0000] {dag.py:3696} INFO - Setting next_dagrun for example_branch_operator to 2023-10-09T00:00:00+00:00, run_after=2023-10-10T00:00:00+00:00
[2023-10-10T08:55:00.816+0000] {processor.py:179} INFO - Processing /home/airflow/.local/lib/python3.8/site-packages/airflow/example_dags/example_branch_operator.py took 0.098 seconds
[2023-10-10T08:55:30.878+0000] {processor.py:157} INFO - Started process (PID=723) to work on /home/airflow/.local/lib/python3.8/site-packages/airflow/example_dags/example_branch_operator.py
[2023-10-10T08:55:30.880+0000] {processor.py:829} INFO - Processing file /home/airflow/.local/lib/python3.8/site-packages/airflow/example_dags/example_branch_operator.py for tasks to queue
[2023-10-10T08:55:30.883+0000] {logging_mixin.py:151} INFO - [2023-10-10T08:55:30.883+0000] {dagbag.py:539} INFO - Filling up the DagBag from /home/airflow/.local/lib/python3.8/site-packages/airflow/example_dags/example_branch_operator.py
[2023-10-10T08:55:30.891+0000] {processor.py:839} INFO - DAG(s) dict_keys(['example_branch_operator']) retrieved from /home/airflow/.local/lib/python3.8/site-packages/airflow/example_dags/example_branch_operator.py
[2023-10-10T08:55:30.928+0000] {logging_mixin.py:151} INFO - [2023-10-10T08:55:30.928+0000] {dag.py:2915} INFO - Sync 1 DAGs
[2023-10-10T08:55:30.962+0000] {logging_mixin.py:151} INFO - [2023-10-10T08:55:30.962+0000] {dag.py:3696} INFO - Setting next_dagrun for example_branch_operator to 2023-10-09T00:00:00+00:00, run_after=2023-10-10T00:00:00+00:00
[2023-10-10T08:55:30.975+0000] {processor.py:179} INFO - Processing /home/airflow/.local/lib/python3.8/site-packages/airflow/example_dags/example_branch_operator.py took 0.102 seconds
[2023-10-10T08:56:01.292+0000] {processor.py:157} INFO - Started process (PID=783) to work on /home/airflow/.local/lib/python3.8/site-packages/airflow/example_dags/example_branch_operator.py
[2023-10-10T08:56:01.293+0000] {processor.py:829} INFO - Processing file /home/airflow/.local/lib/python3.8/site-packages/airflow/example_dags/example_branch_operator.py for tasks to queue
[2023-10-10T08:56:01.294+0000] {logging_mixin.py:151} INFO - [2023-10-10T08:56:01.294+0000] {dagbag.py:539} INFO - Filling up the DagBag from /home/airflow/.local/lib/python3.8/site-packages/airflow/example_dags/example_branch_operator.py
[2023-10-10T08:56:01.300+0000] {processor.py:839} INFO - DAG(s) dict_keys(['example_branch_operator']) retrieved from /home/airflow/.local/lib/python3.8/site-packages/airflow/example_dags/example_branch_operator.py
[2023-10-10T08:56:01.316+0000] {logging_mixin.py:151} INFO - [2023-10-10T08:56:01.316+0000] {dag.py:2915} INFO - Sync 1 DAGs
[2023-10-10T08:56:01.331+0000] {logging_mixin.py:151} INFO - [2023-10-10T08:56:01.331+0000] {dag.py:3696} INFO - Setting next_dagrun for example_branch_operator to 2023-10-09T00:00:00+00:00, run_after=2023-10-10T00:00:00+00:00
[2023-10-10T08:56:01.340+0000] {processor.py:179} INFO - Processing /home/airflow/.local/lib/python3.8/site-packages/airflow/example_dags/example_branch_operator.py took 0.052 seconds
[2023-10-10T08:56:31.482+0000] {processor.py:157} INFO - Started process (PID=844) to work on /home/airflow/.local/lib/python3.8/site-packages/airflow/example_dags/example_branch_operator.py
[2023-10-10T08:56:31.483+0000] {processor.py:829} INFO - Processing file /home/airflow/.local/lib/python3.8/site-packages/airflow/example_dags/example_branch_operator.py for tasks to queue
[2023-10-10T08:56:31.484+0000] {logging_mixin.py:151} INFO - [2023-10-10T08:56:31.484+0000] {dagbag.py:539} INFO - Filling up the DagBag from /home/airflow/.local/lib/python3.8/site-packages/airflow/example_dags/example_branch_operator.py
[2023-10-10T08:56:31.490+0000] {processor.py:839} INFO - DAG(s) dict_keys(['example_branch_operator']) retrieved from /home/airflow/.local/lib/python3.8/site-packages/airflow/example_dags/example_branch_operator.py
[2023-10-10T08:56:31.506+0000] {logging_mixin.py:151} INFO - [2023-10-10T08:56:31.506+0000] {dag.py:2915} INFO - Sync 1 DAGs
[2023-10-10T08:56:31.521+0000] {logging_mixin.py:151} INFO - [2023-10-10T08:56:31.521+0000] {dag.py:3696} INFO - Setting next_dagrun for example_branch_operator to 2023-10-09T00:00:00+00:00, run_after=2023-10-10T00:00:00+00:00
[2023-10-10T08:56:31.543+0000] {processor.py:179} INFO - Processing /home/airflow/.local/lib/python3.8/site-packages/airflow/example_dags/example_branch_operator.py took 0.064 seconds
[2023-10-10T08:57:02.383+0000] {processor.py:157} INFO - Started process (PID=905) to work on /home/airflow/.local/lib/python3.8/site-packages/airflow/example_dags/example_branch_operator.py
[2023-10-10T08:57:02.384+0000] {processor.py:829} INFO - Processing file /home/airflow/.local/lib/python3.8/site-packages/airflow/example_dags/example_branch_operator.py for tasks to queue
[2023-10-10T08:57:02.385+0000] {logging_mixin.py:151} INFO - [2023-10-10T08:57:02.385+0000] {dagbag.py:539} INFO - Filling up the DagBag from /home/airflow/.local/lib/python3.8/site-packages/airflow/example_dags/example_branch_operator.py
[2023-10-10T08:57:02.391+0000] {processor.py:839} INFO - DAG(s) dict_keys(['example_branch_operator']) retrieved from /home/airflow/.local/lib/python3.8/site-packages/airflow/example_dags/example_branch_operator.py
[2023-10-10T08:57:02.411+0000] {logging_mixin.py:151} INFO - [2023-10-10T08:57:02.411+0000] {dag.py:2915} INFO - Sync 1 DAGs
[2023-10-10T08:57:02.429+0000] {logging_mixin.py:151} INFO - [2023-10-10T08:57:02.429+0000] {dag.py:3696} INFO - Setting next_dagrun for example_branch_operator to 2023-10-09T00:00:00+00:00, run_after=2023-10-10T00:00:00+00:00
[2023-10-10T08:57:02.440+0000] {processor.py:179} INFO - Processing /home/airflow/.local/lib/python3.8/site-packages/airflow/example_dags/example_branch_operator.py took 0.060 seconds
[2023-10-10T08:57:33.266+0000] {processor.py:157} INFO - Started process (PID=966) to work on /home/airflow/.local/lib/python3.8/site-packages/airflow/example_dags/example_branch_operator.py
[2023-10-10T08:57:33.267+0000] {processor.py:829} INFO - Processing file /home/airflow/.local/lib/python3.8/site-packages/airflow/example_dags/example_branch_operator.py for tasks to queue
[2023-10-10T08:57:33.268+0000] {logging_mixin.py:151} INFO - [2023-10-10T08:57:33.268+0000] {dagbag.py:539} INFO - Filling up the DagBag from /home/airflow/.local/lib/python3.8/site-packages/airflow/example_dags/example_branch_operator.py
[2023-10-10T08:57:33.274+0000] {processor.py:839} INFO - DAG(s) dict_keys(['example_branch_operator']) retrieved from /home/airflow/.local/lib/python3.8/site-packages/airflow/example_dags/example_branch_operator.py
[2023-10-10T08:57:33.290+0000] {logging_mixin.py:151} INFO - [2023-10-10T08:57:33.290+0000] {dag.py:2915} INFO - Sync 1 DAGs
[2023-10-10T08:57:33.306+0000] {logging_mixin.py:151} INFO - [2023-10-10T08:57:33.306+0000] {dag.py:3696} INFO - Setting next_dagrun for example_branch_operator to 2023-10-09T00:00:00+00:00, run_after=2023-10-10T00:00:00+00:00
[2023-10-10T08:57:33.315+0000] {processor.py:179} INFO - Processing /home/airflow/.local/lib/python3.8/site-packages/airflow/example_dags/example_branch_operator.py took 0.051 seconds
[2023-10-10T08:58:03.419+0000] {processor.py:157} INFO - Started process (PID=1027) to work on /home/airflow/.local/lib/python3.8/site-packages/airflow/example_dags/example_branch_operator.py
[2023-10-10T08:58:03.420+0000] {processor.py:829} INFO - Processing file /home/airflow/.local/lib/python3.8/site-packages/airflow/example_dags/example_branch_operator.py for tasks to queue
[2023-10-10T08:58:03.422+0000] {logging_mixin.py:151} INFO - [2023-10-10T08:58:03.422+0000] {dagbag.py:539} INFO - Filling up the DagBag from /home/airflow/.local/lib/python3.8/site-packages/airflow/example_dags/example_branch_operator.py
[2023-10-10T08:58:03.427+0000] {processor.py:839} INFO - DAG(s) dict_keys(['example_branch_operator']) retrieved from /home/airflow/.local/lib/python3.8/site-packages/airflow/example_dags/example_branch_operator.py
[2023-10-10T08:58:03.446+0000] {logging_mixin.py:151} INFO - [2023-10-10T08:58:03.446+0000] {dag.py:2915} INFO - Sync 1 DAGs
[2023-10-10T08:58:03.466+0000] {logging_mixin.py:151} INFO - [2023-10-10T08:58:03.466+0000] {dag.py:3696} INFO - Setting next_dagrun for example_branch_operator to 2023-10-09T00:00:00+00:00, run_after=2023-10-10T00:00:00+00:00
[2023-10-10T08:58:03.485+0000] {processor.py:179} INFO - Processing /home/airflow/.local/lib/python3.8/site-packages/airflow/example_dags/example_branch_operator.py took 0.068 seconds
[2023-10-10T08:58:34.566+0000] {processor.py:157} INFO - Started process (PID=1088) to work on /home/airflow/.local/lib/python3.8/site-packages/airflow/example_dags/example_branch_operator.py
[2023-10-10T08:58:34.569+0000] {processor.py:829} INFO - Processing file /home/airflow/.local/lib/python3.8/site-packages/airflow/example_dags/example_branch_operator.py for tasks to queue
[2023-10-10T08:58:34.571+0000] {logging_mixin.py:151} INFO - [2023-10-10T08:58:34.571+0000] {dagbag.py:539} INFO - Filling up the DagBag from /home/airflow/.local/lib/python3.8/site-packages/airflow/example_dags/example_branch_operator.py
[2023-10-10T08:58:34.578+0000] {processor.py:839} INFO - DAG(s) dict_keys(['example_branch_operator']) retrieved from /home/airflow/.local/lib/python3.8/site-packages/airflow/example_dags/example_branch_operator.py
[2023-10-10T08:58:34.596+0000] {logging_mixin.py:151} INFO - [2023-10-10T08:58:34.596+0000] {dag.py:2915} INFO - Sync 1 DAGs
[2023-10-10T08:58:34.610+0000] {logging_mixin.py:151} INFO - [2023-10-10T08:58:34.610+0000] {dag.py:3696} INFO - Setting next_dagrun for example_branch_operator to 2023-10-09T00:00:00+00:00, run_after=2023-10-10T00:00:00+00:00
[2023-10-10T08:58:34.619+0000] {processor.py:179} INFO - Processing /home/airflow/.local/lib/python3.8/site-packages/airflow/example_dags/example_branch_operator.py took 0.058 seconds
[2023-10-10T08:59:04.942+0000] {processor.py:157} INFO - Started process (PID=1149) to work on /home/airflow/.local/lib/python3.8/site-packages/airflow/example_dags/example_branch_operator.py
[2023-10-10T08:59:04.943+0000] {processor.py:829} INFO - Processing file /home/airflow/.local/lib/python3.8/site-packages/airflow/example_dags/example_branch_operator.py for tasks to queue
[2023-10-10T08:59:04.980+0000] {logging_mixin.py:151} INFO - [2023-10-10T08:59:04.980+0000] {dagbag.py:539} INFO - Filling up the DagBag from /home/airflow/.local/lib/python3.8/site-packages/airflow/example_dags/example_branch_operator.py
[2023-10-10T08:59:04.990+0000] {processor.py:839} INFO - DAG(s) dict_keys(['example_branch_operator']) retrieved from /home/airflow/.local/lib/python3.8/site-packages/airflow/example_dags/example_branch_operator.py
[2023-10-10T08:59:05.021+0000] {logging_mixin.py:151} INFO - [2023-10-10T08:59:05.021+0000] {dag.py:2915} INFO - Sync 1 DAGs
[2023-10-10T08:59:05.053+0000] {logging_mixin.py:151} INFO - [2023-10-10T08:59:05.053+0000] {dag.py:3696} INFO - Setting next_dagrun for example_branch_operator to 2023-10-09T00:00:00+00:00, run_after=2023-10-10T00:00:00+00:00
[2023-10-10T08:59:05.064+0000] {processor.py:179} INFO - Processing /home/airflow/.local/lib/python3.8/site-packages/airflow/example_dags/example_branch_operator.py took 0.128 seconds
[2023-10-10T08:59:35.297+0000] {processor.py:157} INFO - Started process (PID=1210) to work on /home/airflow/.local/lib/python3.8/site-packages/airflow/example_dags/example_branch_operator.py
[2023-10-10T08:59:35.301+0000] {processor.py:829} INFO - Processing file /home/airflow/.local/lib/python3.8/site-packages/airflow/example_dags/example_branch_operator.py for tasks to queue
[2023-10-10T08:59:35.304+0000] {logging_mixin.py:151} INFO - [2023-10-10T08:59:35.304+0000] {dagbag.py:539} INFO - Filling up the DagBag from /home/airflow/.local/lib/python3.8/site-packages/airflow/example_dags/example_branch_operator.py
[2023-10-10T08:59:35.313+0000] {processor.py:839} INFO - DAG(s) dict_keys(['example_branch_operator']) retrieved from /home/airflow/.local/lib/python3.8/site-packages/airflow/example_dags/example_branch_operator.py
[2023-10-10T08:59:35.331+0000] {logging_mixin.py:151} INFO - [2023-10-10T08:59:35.331+0000] {dag.py:2915} INFO - Sync 1 DAGs
[2023-10-10T08:59:35.348+0000] {logging_mixin.py:151} INFO - [2023-10-10T08:59:35.347+0000] {dag.py:3696} INFO - Setting next_dagrun for example_branch_operator to 2023-10-09T00:00:00+00:00, run_after=2023-10-10T00:00:00+00:00
[2023-10-10T08:59:35.358+0000] {processor.py:179} INFO - Processing /home/airflow/.local/lib/python3.8/site-packages/airflow/example_dags/example_branch_operator.py took 0.064 seconds
[2023-10-10T09:00:05.786+0000] {processor.py:157} INFO - Started process (PID=1271) to work on /home/airflow/.local/lib/python3.8/site-packages/airflow/example_dags/example_branch_operator.py
[2023-10-10T09:00:05.787+0000] {processor.py:829} INFO - Processing file /home/airflow/.local/lib/python3.8/site-packages/airflow/example_dags/example_branch_operator.py for tasks to queue
[2023-10-10T09:00:05.789+0000] {logging_mixin.py:151} INFO - [2023-10-10T09:00:05.789+0000] {dagbag.py:539} INFO - Filling up the DagBag from /home/airflow/.local/lib/python3.8/site-packages/airflow/example_dags/example_branch_operator.py
[2023-10-10T09:00:05.795+0000] {processor.py:839} INFO - DAG(s) dict_keys(['example_branch_operator']) retrieved from /home/airflow/.local/lib/python3.8/site-packages/airflow/example_dags/example_branch_operator.py
[2023-10-10T09:00:05.813+0000] {logging_mixin.py:151} INFO - [2023-10-10T09:00:05.813+0000] {dag.py:2915} INFO - Sync 1 DAGs
[2023-10-10T09:00:05.831+0000] {logging_mixin.py:151} INFO - [2023-10-10T09:00:05.830+0000] {dag.py:3696} INFO - Setting next_dagrun for example_branch_operator to 2023-10-09T00:00:00+00:00, run_after=2023-10-10T00:00:00+00:00
[2023-10-10T09:00:05.845+0000] {processor.py:179} INFO - Processing /home/airflow/.local/lib/python3.8/site-packages/airflow/example_dags/example_branch_operator.py took 0.061 seconds
[2023-10-10T09:00:36.235+0000] {processor.py:157} INFO - Started process (PID=1332) to work on /home/airflow/.local/lib/python3.8/site-packages/airflow/example_dags/example_branch_operator.py
[2023-10-10T09:00:36.236+0000] {processor.py:829} INFO - Processing file /home/airflow/.local/lib/python3.8/site-packages/airflow/example_dags/example_branch_operator.py for tasks to queue
[2023-10-10T09:00:36.237+0000] {logging_mixin.py:151} INFO - [2023-10-10T09:00:36.237+0000] {dagbag.py:539} INFO - Filling up the DagBag from /home/airflow/.local/lib/python3.8/site-packages/airflow/example_dags/example_branch_operator.py
[2023-10-10T09:00:36.243+0000] {processor.py:839} INFO - DAG(s) dict_keys(['example_branch_operator']) retrieved from /home/airflow/.local/lib/python3.8/site-packages/airflow/example_dags/example_branch_operator.py
[2023-10-10T09:00:36.259+0000] {logging_mixin.py:151} INFO - [2023-10-10T09:00:36.259+0000] {dag.py:2915} INFO - Sync 1 DAGs
[2023-10-10T09:00:36.273+0000] {logging_mixin.py:151} INFO - [2023-10-10T09:00:36.273+0000] {dag.py:3696} INFO - Setting next_dagrun for example_branch_operator to 2023-10-09T00:00:00+00:00, run_after=2023-10-10T00:00:00+00:00
[2023-10-10T09:00:36.283+0000] {processor.py:179} INFO - Processing /home/airflow/.local/lib/python3.8/site-packages/airflow/example_dags/example_branch_operator.py took 0.051 seconds
[2023-10-10T09:01:06.407+0000] {processor.py:157} INFO - Started process (PID=1393) to work on /home/airflow/.local/lib/python3.8/site-packages/airflow/example_dags/example_branch_operator.py
[2023-10-10T09:01:06.408+0000] {processor.py:829} INFO - Processing file /home/airflow/.local/lib/python3.8/site-packages/airflow/example_dags/example_branch_operator.py for tasks to queue
[2023-10-10T09:01:06.410+0000] {logging_mixin.py:151} INFO - [2023-10-10T09:01:06.409+0000] {dagbag.py:539} INFO - Filling up the DagBag from /home/airflow/.local/lib/python3.8/site-packages/airflow/example_dags/example_branch_operator.py
[2023-10-10T09:01:06.415+0000] {processor.py:839} INFO - DAG(s) dict_keys(['example_branch_operator']) retrieved from /home/airflow/.local/lib/python3.8/site-packages/airflow/example_dags/example_branch_operator.py
[2023-10-10T09:01:06.431+0000] {logging_mixin.py:151} INFO - [2023-10-10T09:01:06.431+0000] {dag.py:2915} INFO - Sync 1 DAGs
[2023-10-10T09:01:06.447+0000] {logging_mixin.py:151} INFO - [2023-10-10T09:01:06.447+0000] {dag.py:3696} INFO - Setting next_dagrun for example_branch_operator to 2023-10-09T00:00:00+00:00, run_after=2023-10-10T00:00:00+00:00
[2023-10-10T09:01:06.457+0000] {processor.py:179} INFO - Processing /home/airflow/.local/lib/python3.8/site-packages/airflow/example_dags/example_branch_operator.py took 0.052 seconds
[2023-10-10T09:01:36.613+0000] {processor.py:157} INFO - Started process (PID=1454) to work on /home/airflow/.local/lib/python3.8/site-packages/airflow/example_dags/example_branch_operator.py
[2023-10-10T09:01:36.614+0000] {processor.py:829} INFO - Processing file /home/airflow/.local/lib/python3.8/site-packages/airflow/example_dags/example_branch_operator.py for tasks to queue
[2023-10-10T09:01:36.616+0000] {logging_mixin.py:151} INFO - [2023-10-10T09:01:36.616+0000] {dagbag.py:539} INFO - Filling up the DagBag from /home/airflow/.local/lib/python3.8/site-packages/airflow/example_dags/example_branch_operator.py
[2023-10-10T09:01:36.621+0000] {processor.py:839} INFO - DAG(s) dict_keys(['example_branch_operator']) retrieved from /home/airflow/.local/lib/python3.8/site-packages/airflow/example_dags/example_branch_operator.py
[2023-10-10T09:01:36.638+0000] {logging_mixin.py:151} INFO - [2023-10-10T09:01:36.638+0000] {dag.py:2915} INFO - Sync 1 DAGs
[2023-10-10T09:01:36.654+0000] {logging_mixin.py:151} INFO - [2023-10-10T09:01:36.654+0000] {dag.py:3696} INFO - Setting next_dagrun for example_branch_operator to 2023-10-09T00:00:00+00:00, run_after=2023-10-10T00:00:00+00:00
[2023-10-10T09:01:36.665+0000] {processor.py:179} INFO - Processing /home/airflow/.local/lib/python3.8/site-packages/airflow/example_dags/example_branch_operator.py took 0.054 seconds
[2023-10-10T09:02:06.876+0000] {processor.py:157} INFO - Started process (PID=1515) to work on /home/airflow/.local/lib/python3.8/site-packages/airflow/example_dags/example_branch_operator.py
[2023-10-10T09:02:06.876+0000] {processor.py:829} INFO - Processing file /home/airflow/.local/lib/python3.8/site-packages/airflow/example_dags/example_branch_operator.py for tasks to queue
[2023-10-10T09:02:06.878+0000] {logging_mixin.py:151} INFO - [2023-10-10T09:02:06.878+0000] {dagbag.py:539} INFO - Filling up the DagBag from /home/airflow/.local/lib/python3.8/site-packages/airflow/example_dags/example_branch_operator.py
[2023-10-10T09:02:06.884+0000] {processor.py:839} INFO - DAG(s) dict_keys(['example_branch_operator']) retrieved from /home/airflow/.local/lib/python3.8/site-packages/airflow/example_dags/example_branch_operator.py
[2023-10-10T09:02:06.903+0000] {logging_mixin.py:151} INFO - [2023-10-10T09:02:06.903+0000] {dag.py:2915} INFO - Sync 1 DAGs
[2023-10-10T09:02:06.919+0000] {logging_mixin.py:151} INFO - [2023-10-10T09:02:06.919+0000] {dag.py:3696} INFO - Setting next_dagrun for example_branch_operator to 2023-10-09T00:00:00+00:00, run_after=2023-10-10T00:00:00+00:00
[2023-10-10T09:02:06.931+0000] {processor.py:179} INFO - Processing /home/airflow/.local/lib/python3.8/site-packages/airflow/example_dags/example_branch_operator.py took 0.057 seconds
[2023-10-10T09:02:37.522+0000] {processor.py:157} INFO - Started process (PID=1576) to work on /home/airflow/.local/lib/python3.8/site-packages/airflow/example_dags/example_branch_operator.py
[2023-10-10T09:02:37.523+0000] {processor.py:829} INFO - Processing file /home/airflow/.local/lib/python3.8/site-packages/airflow/example_dags/example_branch_operator.py for tasks to queue
[2023-10-10T09:02:37.524+0000] {logging_mixin.py:151} INFO - [2023-10-10T09:02:37.524+0000] {dagbag.py:539} INFO - Filling up the DagBag from /home/airflow/.local/lib/python3.8/site-packages/airflow/example_dags/example_branch_operator.py
[2023-10-10T09:02:37.530+0000] {processor.py:839} INFO - DAG(s) dict_keys(['example_branch_operator']) retrieved from /home/airflow/.local/lib/python3.8/site-packages/airflow/example_dags/example_branch_operator.py
[2023-10-10T09:02:37.546+0000] {logging_mixin.py:151} INFO - [2023-10-10T09:02:37.546+0000] {dag.py:2915} INFO - Sync 1 DAGs
[2023-10-10T09:02:37.560+0000] {logging_mixin.py:151} INFO - [2023-10-10T09:02:37.560+0000] {dag.py:3696} INFO - Setting next_dagrun for example_branch_operator to 2023-10-09T00:00:00+00:00, run_after=2023-10-10T00:00:00+00:00
[2023-10-10T09:02:37.570+0000] {processor.py:179} INFO - Processing /home/airflow/.local/lib/python3.8/site-packages/airflow/example_dags/example_branch_operator.py took 0.050 seconds
[2023-10-10T09:03:08.451+0000] {processor.py:157} INFO - Started process (PID=1637) to work on /home/airflow/.local/lib/python3.8/site-packages/airflow/example_dags/example_branch_operator.py
[2023-10-10T09:03:08.452+0000] {processor.py:829} INFO - Processing file /home/airflow/.local/lib/python3.8/site-packages/airflow/example_dags/example_branch_operator.py for tasks to queue
[2023-10-10T09:03:08.455+0000] {logging_mixin.py:151} INFO - [2023-10-10T09:03:08.455+0000] {dagbag.py:539} INFO - Filling up the DagBag from /home/airflow/.local/lib/python3.8/site-packages/airflow/example_dags/example_branch_operator.py
[2023-10-10T09:03:08.468+0000] {processor.py:839} INFO - DAG(s) dict_keys(['example_branch_operator']) retrieved from /home/airflow/.local/lib/python3.8/site-packages/airflow/example_dags/example_branch_operator.py
[2023-10-10T09:03:08.496+0000] {logging_mixin.py:151} INFO - [2023-10-10T09:03:08.496+0000] {dag.py:2915} INFO - Sync 1 DAGs
[2023-10-10T09:03:08.517+0000] {logging_mixin.py:151} INFO - [2023-10-10T09:03:08.517+0000] {dag.py:3696} INFO - Setting next_dagrun for example_branch_operator to 2023-10-09T00:00:00+00:00, run_after=2023-10-10T00:00:00+00:00
[2023-10-10T09:03:08.528+0000] {processor.py:179} INFO - Processing /home/airflow/.local/lib/python3.8/site-packages/airflow/example_dags/example_branch_operator.py took 0.083 seconds
[2023-10-10T09:03:38.845+0000] {processor.py:157} INFO - Started process (PID=1698) to work on /home/airflow/.local/lib/python3.8/site-packages/airflow/example_dags/example_branch_operator.py
[2023-10-10T09:03:38.846+0000] {processor.py:829} INFO - Processing file /home/airflow/.local/lib/python3.8/site-packages/airflow/example_dags/example_branch_operator.py for tasks to queue
[2023-10-10T09:03:38.848+0000] {logging_mixin.py:151} INFO - [2023-10-10T09:03:38.848+0000] {dagbag.py:539} INFO - Filling up the DagBag from /home/airflow/.local/lib/python3.8/site-packages/airflow/example_dags/example_branch_operator.py
[2023-10-10T09:03:38.855+0000] {processor.py:839} INFO - DAG(s) dict_keys(['example_branch_operator']) retrieved from /home/airflow/.local/lib/python3.8/site-packages/airflow/example_dags/example_branch_operator.py
[2023-10-10T09:03:38.872+0000] {logging_mixin.py:151} INFO - [2023-10-10T09:03:38.872+0000] {dag.py:2915} INFO - Sync 1 DAGs
[2023-10-10T09:03:38.887+0000] {logging_mixin.py:151} INFO - [2023-10-10T09:03:38.887+0000] {dag.py:3696} INFO - Setting next_dagrun for example_branch_operator to 2023-10-09T00:00:00+00:00, run_after=2023-10-10T00:00:00+00:00
[2023-10-10T09:03:38.898+0000] {processor.py:179} INFO - Processing /home/airflow/.local/lib/python3.8/site-packages/airflow/example_dags/example_branch_operator.py took 0.055 seconds
[2023-10-10T09:04:09.699+0000] {processor.py:157} INFO - Started process (PID=1759) to work on /home/airflow/.local/lib/python3.8/site-packages/airflow/example_dags/example_branch_operator.py
[2023-10-10T09:04:09.700+0000] {processor.py:829} INFO - Processing file /home/airflow/.local/lib/python3.8/site-packages/airflow/example_dags/example_branch_operator.py for tasks to queue
[2023-10-10T09:04:09.702+0000] {logging_mixin.py:151} INFO - [2023-10-10T09:04:09.702+0000] {dagbag.py:539} INFO - Filling up the DagBag from /home/airflow/.local/lib/python3.8/site-packages/airflow/example_dags/example_branch_operator.py
[2023-10-10T09:04:09.708+0000] {processor.py:839} INFO - DAG(s) dict_keys(['example_branch_operator']) retrieved from /home/airflow/.local/lib/python3.8/site-packages/airflow/example_dags/example_branch_operator.py
[2023-10-10T09:04:09.726+0000] {logging_mixin.py:151} INFO - [2023-10-10T09:04:09.726+0000] {dag.py:2915} INFO - Sync 1 DAGs
[2023-10-10T09:04:09.742+0000] {logging_mixin.py:151} INFO - [2023-10-10T09:04:09.741+0000] {dag.py:3696} INFO - Setting next_dagrun for example_branch_operator to 2023-10-09T00:00:00+00:00, run_after=2023-10-10T00:00:00+00:00
[2023-10-10T09:04:09.751+0000] {processor.py:179} INFO - Processing /home/airflow/.local/lib/python3.8/site-packages/airflow/example_dags/example_branch_operator.py took 0.055 seconds
[2023-10-10T09:04:40.192+0000] {processor.py:157} INFO - Started process (PID=1819) to work on /home/airflow/.local/lib/python3.8/site-packages/airflow/example_dags/example_branch_operator.py
[2023-10-10T09:04:40.193+0000] {processor.py:829} INFO - Processing file /home/airflow/.local/lib/python3.8/site-packages/airflow/example_dags/example_branch_operator.py for tasks to queue
[2023-10-10T09:04:40.196+0000] {logging_mixin.py:151} INFO - [2023-10-10T09:04:40.196+0000] {dagbag.py:539} INFO - Filling up the DagBag from /home/airflow/.local/lib/python3.8/site-packages/airflow/example_dags/example_branch_operator.py
[2023-10-10T09:04:40.203+0000] {processor.py:839} INFO - DAG(s) dict_keys(['example_branch_operator']) retrieved from /home/airflow/.local/lib/python3.8/site-packages/airflow/example_dags/example_branch_operator.py
[2023-10-10T09:04:40.223+0000] {logging_mixin.py:151} INFO - [2023-10-10T09:04:40.223+0000] {dag.py:2915} INFO - Sync 1 DAGs
[2023-10-10T09:04:40.242+0000] {logging_mixin.py:151} INFO - [2023-10-10T09:04:40.242+0000] {dag.py:3696} INFO - Setting next_dagrun for example_branch_operator to 2023-10-09T00:00:00+00:00, run_after=2023-10-10T00:00:00+00:00
[2023-10-10T09:04:40.255+0000] {processor.py:179} INFO - Processing /home/airflow/.local/lib/python3.8/site-packages/airflow/example_dags/example_branch_operator.py took 0.068 seconds
[2023-10-10T09:05:11.139+0000] {processor.py:157} INFO - Started process (PID=1880) to work on /home/airflow/.local/lib/python3.8/site-packages/airflow/example_dags/example_branch_operator.py
[2023-10-10T09:05:11.140+0000] {processor.py:829} INFO - Processing file /home/airflow/.local/lib/python3.8/site-packages/airflow/example_dags/example_branch_operator.py for tasks to queue
[2023-10-10T09:05:11.141+0000] {logging_mixin.py:151} INFO - [2023-10-10T09:05:11.141+0000] {dagbag.py:539} INFO - Filling up the DagBag from /home/airflow/.local/lib/python3.8/site-packages/airflow/example_dags/example_branch_operator.py
[2023-10-10T09:05:11.147+0000] {processor.py:839} INFO - DAG(s) dict_keys(['example_branch_operator']) retrieved from /home/airflow/.local/lib/python3.8/site-packages/airflow/example_dags/example_branch_operator.py
[2023-10-10T09:05:11.164+0000] {logging_mixin.py:151} INFO - [2023-10-10T09:05:11.164+0000] {dag.py:2915} INFO - Sync 1 DAGs
[2023-10-10T09:05:11.181+0000] {logging_mixin.py:151} INFO - [2023-10-10T09:05:11.180+0000] {dag.py:3696} INFO - Setting next_dagrun for example_branch_operator to 2023-10-09T00:00:00+00:00, run_after=2023-10-10T00:00:00+00:00
[2023-10-10T09:05:11.190+0000] {processor.py:179} INFO - Processing /home/airflow/.local/lib/python3.8/site-packages/airflow/example_dags/example_branch_operator.py took 0.053 seconds
[2023-10-10T09:05:42.433+0000] {processor.py:157} INFO - Started process (PID=1947) to work on /home/airflow/.local/lib/python3.8/site-packages/airflow/example_dags/example_branch_operator.py
[2023-10-10T09:05:42.434+0000] {processor.py:829} INFO - Processing file /home/airflow/.local/lib/python3.8/site-packages/airflow/example_dags/example_branch_operator.py for tasks to queue
[2023-10-10T09:05:42.435+0000] {logging_mixin.py:151} INFO - [2023-10-10T09:05:42.435+0000] {dagbag.py:539} INFO - Filling up the DagBag from /home/airflow/.local/lib/python3.8/site-packages/airflow/example_dags/example_branch_operator.py
[2023-10-10T09:05:42.441+0000] {processor.py:839} INFO - DAG(s) dict_keys(['example_branch_operator']) retrieved from /home/airflow/.local/lib/python3.8/site-packages/airflow/example_dags/example_branch_operator.py
[2023-10-10T09:05:42.457+0000] {logging_mixin.py:151} INFO - [2023-10-10T09:05:42.457+0000] {dag.py:2915} INFO - Sync 1 DAGs
[2023-10-10T09:05:42.472+0000] {logging_mixin.py:151} INFO - [2023-10-10T09:05:42.471+0000] {dag.py:3696} INFO - Setting next_dagrun for example_branch_operator to 2023-10-09T00:00:00+00:00, run_after=2023-10-10T00:00:00+00:00
[2023-10-10T09:05:42.490+0000] {processor.py:179} INFO - Processing /home/airflow/.local/lib/python3.8/site-packages/airflow/example_dags/example_branch_operator.py took 0.059 seconds
[2023-10-10T09:06:13.661+0000] {processor.py:157} INFO - Started process (PID=2008) to work on /home/airflow/.local/lib/python3.8/site-packages/airflow/example_dags/example_branch_operator.py
[2023-10-10T09:06:13.663+0000] {processor.py:829} INFO - Processing file /home/airflow/.local/lib/python3.8/site-packages/airflow/example_dags/example_branch_operator.py for tasks to queue
[2023-10-10T09:06:13.667+0000] {logging_mixin.py:151} INFO - [2023-10-10T09:06:13.667+0000] {dagbag.py:539} INFO - Filling up the DagBag from /home/airflow/.local/lib/python3.8/site-packages/airflow/example_dags/example_branch_operator.py
[2023-10-10T09:06:13.683+0000] {processor.py:839} INFO - DAG(s) dict_keys(['example_branch_operator']) retrieved from /home/airflow/.local/lib/python3.8/site-packages/airflow/example_dags/example_branch_operator.py
[2023-10-10T09:06:13.726+0000] {logging_mixin.py:151} INFO - [2023-10-10T09:06:13.725+0000] {dag.py:2915} INFO - Sync 1 DAGs
[2023-10-10T09:06:13.757+0000] {logging_mixin.py:151} INFO - [2023-10-10T09:06:13.757+0000] {dag.py:3696} INFO - Setting next_dagrun for example_branch_operator to 2023-10-09T00:00:00+00:00, run_after=2023-10-10T00:00:00+00:00
[2023-10-10T09:06:13.771+0000] {processor.py:179} INFO - Processing /home/airflow/.local/lib/python3.8/site-packages/airflow/example_dags/example_branch_operator.py took 0.120 seconds
[2023-10-10T09:06:44.610+0000] {processor.py:157} INFO - Started process (PID=2063) to work on /home/airflow/.local/lib/python3.8/site-packages/airflow/example_dags/example_branch_operator.py
[2023-10-10T09:06:44.612+0000] {processor.py:829} INFO - Processing file /home/airflow/.local/lib/python3.8/site-packages/airflow/example_dags/example_branch_operator.py for tasks to queue
[2023-10-10T09:06:44.614+0000] {logging_mixin.py:151} INFO - [2023-10-10T09:06:44.613+0000] {dagbag.py:539} INFO - Filling up the DagBag from /home/airflow/.local/lib/python3.8/site-packages/airflow/example_dags/example_branch_operator.py
[2023-10-10T09:06:44.628+0000] {processor.py:839} INFO - DAG(s) dict_keys(['example_branch_operator']) retrieved from /home/airflow/.local/lib/python3.8/site-packages/airflow/example_dags/example_branch_operator.py
[2023-10-10T09:06:44.657+0000] {logging_mixin.py:151} INFO - [2023-10-10T09:06:44.657+0000] {dag.py:2915} INFO - Sync 1 DAGs
[2023-10-10T09:06:44.690+0000] {logging_mixin.py:151} INFO - [2023-10-10T09:06:44.689+0000] {dag.py:3696} INFO - Setting next_dagrun for example_branch_operator to 2023-10-09T00:00:00+00:00, run_after=2023-10-10T00:00:00+00:00
[2023-10-10T09:06:44.716+0000] {processor.py:179} INFO - Processing /home/airflow/.local/lib/python3.8/site-packages/airflow/example_dags/example_branch_operator.py took 0.109 seconds
[2023-10-10T09:07:14.850+0000] {processor.py:157} INFO - Started process (PID=2123) to work on /home/airflow/.local/lib/python3.8/site-packages/airflow/example_dags/example_branch_operator.py
[2023-10-10T09:07:14.851+0000] {processor.py:829} INFO - Processing file /home/airflow/.local/lib/python3.8/site-packages/airflow/example_dags/example_branch_operator.py for tasks to queue
[2023-10-10T09:07:14.853+0000] {logging_mixin.py:151} INFO - [2023-10-10T09:07:14.852+0000] {dagbag.py:539} INFO - Filling up the DagBag from /home/airflow/.local/lib/python3.8/site-packages/airflow/example_dags/example_branch_operator.py
[2023-10-10T09:07:14.861+0000] {processor.py:839} INFO - DAG(s) dict_keys(['example_branch_operator']) retrieved from /home/airflow/.local/lib/python3.8/site-packages/airflow/example_dags/example_branch_operator.py
[2023-10-10T09:07:14.885+0000] {logging_mixin.py:151} INFO - [2023-10-10T09:07:14.885+0000] {dag.py:2915} INFO - Sync 1 DAGs
[2023-10-10T09:07:14.913+0000] {logging_mixin.py:151} INFO - [2023-10-10T09:07:14.913+0000] {dag.py:3696} INFO - Setting next_dagrun for example_branch_operator to 2023-10-09T00:00:00+00:00, run_after=2023-10-10T00:00:00+00:00
[2023-10-10T09:07:14.927+0000] {processor.py:179} INFO - Processing /home/airflow/.local/lib/python3.8/site-packages/airflow/example_dags/example_branch_operator.py took 0.081 seconds
[2023-10-10T09:07:45.101+0000] {processor.py:157} INFO - Started process (PID=2184) to work on /home/airflow/.local/lib/python3.8/site-packages/airflow/example_dags/example_branch_operator.py
[2023-10-10T09:07:45.102+0000] {processor.py:829} INFO - Processing file /home/airflow/.local/lib/python3.8/site-packages/airflow/example_dags/example_branch_operator.py for tasks to queue
[2023-10-10T09:07:45.103+0000] {logging_mixin.py:151} INFO - [2023-10-10T09:07:45.103+0000] {dagbag.py:539} INFO - Filling up the DagBag from /home/airflow/.local/lib/python3.8/site-packages/airflow/example_dags/example_branch_operator.py
[2023-10-10T09:07:45.110+0000] {processor.py:839} INFO - DAG(s) dict_keys(['example_branch_operator']) retrieved from /home/airflow/.local/lib/python3.8/site-packages/airflow/example_dags/example_branch_operator.py
[2023-10-10T09:07:45.127+0000] {logging_mixin.py:151} INFO - [2023-10-10T09:07:45.127+0000] {dag.py:2915} INFO - Sync 1 DAGs
[2023-10-10T09:07:45.143+0000] {logging_mixin.py:151} INFO - [2023-10-10T09:07:45.143+0000] {dag.py:3696} INFO - Setting next_dagrun for example_branch_operator to 2023-10-09T00:00:00+00:00, run_after=2023-10-10T00:00:00+00:00
[2023-10-10T09:07:45.154+0000] {processor.py:179} INFO - Processing /home/airflow/.local/lib/python3.8/site-packages/airflow/example_dags/example_branch_operator.py took 0.057 seconds
[2023-10-10T09:08:15.824+0000] {processor.py:157} INFO - Started process (PID=2245) to work on /home/airflow/.local/lib/python3.8/site-packages/airflow/example_dags/example_branch_operator.py
[2023-10-10T09:08:15.826+0000] {processor.py:829} INFO - Processing file /home/airflow/.local/lib/python3.8/site-packages/airflow/example_dags/example_branch_operator.py for tasks to queue
[2023-10-10T09:08:15.838+0000] {logging_mixin.py:151} INFO - [2023-10-10T09:08:15.831+0000] {dagbag.py:539} INFO - Filling up the DagBag from /home/airflow/.local/lib/python3.8/site-packages/airflow/example_dags/example_branch_operator.py
[2023-10-10T09:08:15.853+0000] {processor.py:839} INFO - DAG(s) dict_keys(['example_branch_operator']) retrieved from /home/airflow/.local/lib/python3.8/site-packages/airflow/example_dags/example_branch_operator.py
[2023-10-10T09:08:15.887+0000] {logging_mixin.py:151} INFO - [2023-10-10T09:08:15.887+0000] {dag.py:2915} INFO - Sync 1 DAGs
[2023-10-10T09:08:15.913+0000] {logging_mixin.py:151} INFO - [2023-10-10T09:08:15.913+0000] {dag.py:3696} INFO - Setting next_dagrun for example_branch_operator to 2023-10-09T00:00:00+00:00, run_after=2023-10-10T00:00:00+00:00
[2023-10-10T09:08:15.925+0000] {processor.py:179} INFO - Processing /home/airflow/.local/lib/python3.8/site-packages/airflow/example_dags/example_branch_operator.py took 0.107 seconds
[2023-10-10T09:08:46.263+0000] {processor.py:157} INFO - Started process (PID=2306) to work on /home/airflow/.local/lib/python3.8/site-packages/airflow/example_dags/example_branch_operator.py
[2023-10-10T09:08:46.265+0000] {processor.py:829} INFO - Processing file /home/airflow/.local/lib/python3.8/site-packages/airflow/example_dags/example_branch_operator.py for tasks to queue
[2023-10-10T09:08:46.267+0000] {logging_mixin.py:151} INFO - [2023-10-10T09:08:46.267+0000] {dagbag.py:539} INFO - Filling up the DagBag from /home/airflow/.local/lib/python3.8/site-packages/airflow/example_dags/example_branch_operator.py
[2023-10-10T09:08:46.277+0000] {processor.py:839} INFO - DAG(s) dict_keys(['example_branch_operator']) retrieved from /home/airflow/.local/lib/python3.8/site-packages/airflow/example_dags/example_branch_operator.py
[2023-10-10T09:08:46.296+0000] {logging_mixin.py:151} INFO - [2023-10-10T09:08:46.296+0000] {dag.py:2915} INFO - Sync 1 DAGs
[2023-10-10T09:08:46.312+0000] {logging_mixin.py:151} INFO - [2023-10-10T09:08:46.312+0000] {dag.py:3696} INFO - Setting next_dagrun for example_branch_operator to 2023-10-09T00:00:00+00:00, run_after=2023-10-10T00:00:00+00:00
[2023-10-10T09:08:46.323+0000] {processor.py:179} INFO - Processing /home/airflow/.local/lib/python3.8/site-packages/airflow/example_dags/example_branch_operator.py took 0.066 seconds
[2023-10-10T09:09:16.729+0000] {processor.py:157} INFO - Started process (PID=2367) to work on /home/airflow/.local/lib/python3.8/site-packages/airflow/example_dags/example_branch_operator.py
[2023-10-10T09:09:16.731+0000] {processor.py:829} INFO - Processing file /home/airflow/.local/lib/python3.8/site-packages/airflow/example_dags/example_branch_operator.py for tasks to queue
[2023-10-10T09:09:16.733+0000] {logging_mixin.py:151} INFO - [2023-10-10T09:09:16.733+0000] {dagbag.py:539} INFO - Filling up the DagBag from /home/airflow/.local/lib/python3.8/site-packages/airflow/example_dags/example_branch_operator.py
[2023-10-10T09:09:16.745+0000] {processor.py:839} INFO - DAG(s) dict_keys(['example_branch_operator']) retrieved from /home/airflow/.local/lib/python3.8/site-packages/airflow/example_dags/example_branch_operator.py
[2023-10-10T09:09:16.765+0000] {logging_mixin.py:151} INFO - [2023-10-10T09:09:16.765+0000] {dag.py:2915} INFO - Sync 1 DAGs
[2023-10-10T09:09:16.780+0000] {logging_mixin.py:151} INFO - [2023-10-10T09:09:16.780+0000] {dag.py:3696} INFO - Setting next_dagrun for example_branch_operator to 2023-10-09T00:00:00+00:00, run_after=2023-10-10T00:00:00+00:00
[2023-10-10T09:09:16.794+0000] {processor.py:179} INFO - Processing /home/airflow/.local/lib/python3.8/site-packages/airflow/example_dags/example_branch_operator.py took 0.069 seconds
[2023-10-10T09:09:47.562+0000] {processor.py:157} INFO - Started process (PID=2428) to work on /home/airflow/.local/lib/python3.8/site-packages/airflow/example_dags/example_branch_operator.py
[2023-10-10T09:09:47.564+0000] {processor.py:829} INFO - Processing file /home/airflow/.local/lib/python3.8/site-packages/airflow/example_dags/example_branch_operator.py for tasks to queue
[2023-10-10T09:09:47.566+0000] {logging_mixin.py:151} INFO - [2023-10-10T09:09:47.565+0000] {dagbag.py:539} INFO - Filling up the DagBag from /home/airflow/.local/lib/python3.8/site-packages/airflow/example_dags/example_branch_operator.py
[2023-10-10T09:09:47.575+0000] {processor.py:839} INFO - DAG(s) dict_keys(['example_branch_operator']) retrieved from /home/airflow/.local/lib/python3.8/site-packages/airflow/example_dags/example_branch_operator.py
[2023-10-10T09:09:47.599+0000] {logging_mixin.py:151} INFO - [2023-10-10T09:09:47.599+0000] {dag.py:2915} INFO - Sync 1 DAGs
[2023-10-10T09:09:47.625+0000] {logging_mixin.py:151} INFO - [2023-10-10T09:09:47.625+0000] {dag.py:3696} INFO - Setting next_dagrun for example_branch_operator to 2023-10-09T00:00:00+00:00, run_after=2023-10-10T00:00:00+00:00
[2023-10-10T09:09:47.643+0000] {processor.py:179} INFO - Processing /home/airflow/.local/lib/python3.8/site-packages/airflow/example_dags/example_branch_operator.py took 0.086 seconds
[2023-10-10T09:10:18.314+0000] {processor.py:157} INFO - Started process (PID=2489) to work on /home/airflow/.local/lib/python3.8/site-packages/airflow/example_dags/example_branch_operator.py
[2023-10-10T09:10:18.315+0000] {processor.py:829} INFO - Processing file /home/airflow/.local/lib/python3.8/site-packages/airflow/example_dags/example_branch_operator.py for tasks to queue
[2023-10-10T09:10:18.318+0000] {logging_mixin.py:151} INFO - [2023-10-10T09:10:18.318+0000] {dagbag.py:539} INFO - Filling up the DagBag from /home/airflow/.local/lib/python3.8/site-packages/airflow/example_dags/example_branch_operator.py
[2023-10-10T09:10:18.330+0000] {processor.py:839} INFO - DAG(s) dict_keys(['example_branch_operator']) retrieved from /home/airflow/.local/lib/python3.8/site-packages/airflow/example_dags/example_branch_operator.py
[2023-10-10T09:10:18.356+0000] {logging_mixin.py:151} INFO - [2023-10-10T09:10:18.355+0000] {dag.py:2915} INFO - Sync 1 DAGs
[2023-10-10T09:10:18.373+0000] {logging_mixin.py:151} INFO - [2023-10-10T09:10:18.373+0000] {dag.py:3696} INFO - Setting next_dagrun for example_branch_operator to 2023-10-09T00:00:00+00:00, run_after=2023-10-10T00:00:00+00:00
[2023-10-10T09:10:18.383+0000] {processor.py:179} INFO - Processing /home/airflow/.local/lib/python3.8/site-packages/airflow/example_dags/example_branch_operator.py took 0.076 seconds
[2023-10-10T09:10:48.950+0000] {processor.py:157} INFO - Started process (PID=2550) to work on /home/airflow/.local/lib/python3.8/site-packages/airflow/example_dags/example_branch_operator.py
[2023-10-10T09:10:48.952+0000] {processor.py:829} INFO - Processing file /home/airflow/.local/lib/python3.8/site-packages/airflow/example_dags/example_branch_operator.py for tasks to queue
[2023-10-10T09:10:48.954+0000] {logging_mixin.py:151} INFO - [2023-10-10T09:10:48.954+0000] {dagbag.py:539} INFO - Filling up the DagBag from /home/airflow/.local/lib/python3.8/site-packages/airflow/example_dags/example_branch_operator.py
[2023-10-10T09:10:48.964+0000] {processor.py:839} INFO - DAG(s) dict_keys(['example_branch_operator']) retrieved from /home/airflow/.local/lib/python3.8/site-packages/airflow/example_dags/example_branch_operator.py
[2023-10-10T09:10:48.990+0000] {logging_mixin.py:151} INFO - [2023-10-10T09:10:48.990+0000] {dag.py:2915} INFO - Sync 1 DAGs
[2023-10-10T09:10:49.015+0000] {logging_mixin.py:151} INFO - [2023-10-10T09:10:49.014+0000] {dag.py:3696} INFO - Setting next_dagrun for example_branch_operator to 2023-10-09T00:00:00+00:00, run_after=2023-10-10T00:00:00+00:00
[2023-10-10T09:10:49.026+0000] {processor.py:179} INFO - Processing /home/airflow/.local/lib/python3.8/site-packages/airflow/example_dags/example_branch_operator.py took 0.081 seconds
[2023-10-10T09:11:19.096+0000] {processor.py:157} INFO - Started process (PID=2611) to work on /home/airflow/.local/lib/python3.8/site-packages/airflow/example_dags/example_branch_operator.py
[2023-10-10T09:11:19.097+0000] {processor.py:829} INFO - Processing file /home/airflow/.local/lib/python3.8/site-packages/airflow/example_dags/example_branch_operator.py for tasks to queue
[2023-10-10T09:11:19.099+0000] {logging_mixin.py:151} INFO - [2023-10-10T09:11:19.098+0000] {dagbag.py:539} INFO - Filling up the DagBag from /home/airflow/.local/lib/python3.8/site-packages/airflow/example_dags/example_branch_operator.py
[2023-10-10T09:11:19.106+0000] {processor.py:839} INFO - DAG(s) dict_keys(['example_branch_operator']) retrieved from /home/airflow/.local/lib/python3.8/site-packages/airflow/example_dags/example_branch_operator.py
[2023-10-10T09:11:19.133+0000] {logging_mixin.py:151} INFO - [2023-10-10T09:11:19.133+0000] {dag.py:2915} INFO - Sync 1 DAGs
[2023-10-10T09:11:19.166+0000] {logging_mixin.py:151} INFO - [2023-10-10T09:11:19.166+0000] {dag.py:3696} INFO - Setting next_dagrun for example_branch_operator to 2023-10-09T00:00:00+00:00, run_after=2023-10-10T00:00:00+00:00
[2023-10-10T09:11:19.192+0000] {processor.py:179} INFO - Processing /home/airflow/.local/lib/python3.8/site-packages/airflow/example_dags/example_branch_operator.py took 0.099 seconds
[2023-10-10T09:11:50.109+0000] {processor.py:157} INFO - Started process (PID=2672) to work on /home/airflow/.local/lib/python3.8/site-packages/airflow/example_dags/example_branch_operator.py
[2023-10-10T09:11:50.113+0000] {processor.py:829} INFO - Processing file /home/airflow/.local/lib/python3.8/site-packages/airflow/example_dags/example_branch_operator.py for tasks to queue
[2023-10-10T09:11:50.117+0000] {logging_mixin.py:151} INFO - [2023-10-10T09:11:50.117+0000] {dagbag.py:539} INFO - Filling up the DagBag from /home/airflow/.local/lib/python3.8/site-packages/airflow/example_dags/example_branch_operator.py
[2023-10-10T09:11:50.127+0000] {processor.py:839} INFO - DAG(s) dict_keys(['example_branch_operator']) retrieved from /home/airflow/.local/lib/python3.8/site-packages/airflow/example_dags/example_branch_operator.py
[2023-10-10T09:11:50.150+0000] {logging_mixin.py:151} INFO - [2023-10-10T09:11:50.150+0000] {dag.py:2915} INFO - Sync 1 DAGs
[2023-10-10T09:11:50.173+0000] {logging_mixin.py:151} INFO - [2023-10-10T09:11:50.173+0000] {dag.py:3696} INFO - Setting next_dagrun for example_branch_operator to 2023-10-09T00:00:00+00:00, run_after=2023-10-10T00:00:00+00:00
[2023-10-10T09:11:50.196+0000] {processor.py:179} INFO - Processing /home/airflow/.local/lib/python3.8/site-packages/airflow/example_dags/example_branch_operator.py took 0.090 seconds
[2023-10-10T09:12:20.348+0000] {processor.py:157} INFO - Started process (PID=2732) to work on /home/airflow/.local/lib/python3.8/site-packages/airflow/example_dags/example_branch_operator.py
[2023-10-10T09:12:20.349+0000] {processor.py:829} INFO - Processing file /home/airflow/.local/lib/python3.8/site-packages/airflow/example_dags/example_branch_operator.py for tasks to queue
[2023-10-10T09:12:20.350+0000] {logging_mixin.py:151} INFO - [2023-10-10T09:12:20.350+0000] {dagbag.py:539} INFO - Filling up the DagBag from /home/airflow/.local/lib/python3.8/site-packages/airflow/example_dags/example_branch_operator.py
[2023-10-10T09:12:20.356+0000] {processor.py:839} INFO - DAG(s) dict_keys(['example_branch_operator']) retrieved from /home/airflow/.local/lib/python3.8/site-packages/airflow/example_dags/example_branch_operator.py
[2023-10-10T09:12:20.374+0000] {logging_mixin.py:151} INFO - [2023-10-10T09:12:20.374+0000] {dag.py:2915} INFO - Sync 1 DAGs
[2023-10-10T09:12:20.389+0000] {logging_mixin.py:151} INFO - [2023-10-10T09:12:20.389+0000] {dag.py:3696} INFO - Setting next_dagrun for example_branch_operator to 2023-10-09T00:00:00+00:00, run_after=2023-10-10T00:00:00+00:00
[2023-10-10T09:12:20.400+0000] {processor.py:179} INFO - Processing /home/airflow/.local/lib/python3.8/site-packages/airflow/example_dags/example_branch_operator.py took 0.055 seconds
[2023-10-10T09:12:51.327+0000] {processor.py:157} INFO - Started process (PID=2793) to work on /home/airflow/.local/lib/python3.8/site-packages/airflow/example_dags/example_branch_operator.py
[2023-10-10T09:12:51.328+0000] {processor.py:829} INFO - Processing file /home/airflow/.local/lib/python3.8/site-packages/airflow/example_dags/example_branch_operator.py for tasks to queue
[2023-10-10T09:12:51.331+0000] {logging_mixin.py:151} INFO - [2023-10-10T09:12:51.330+0000] {dagbag.py:539} INFO - Filling up the DagBag from /home/airflow/.local/lib/python3.8/site-packages/airflow/example_dags/example_branch_operator.py
[2023-10-10T09:12:51.336+0000] {processor.py:839} INFO - DAG(s) dict_keys(['example_branch_operator']) retrieved from /home/airflow/.local/lib/python3.8/site-packages/airflow/example_dags/example_branch_operator.py
[2023-10-10T09:12:51.357+0000] {logging_mixin.py:151} INFO - [2023-10-10T09:12:51.357+0000] {dag.py:2915} INFO - Sync 1 DAGs
[2023-10-10T09:12:51.371+0000] {logging_mixin.py:151} INFO - [2023-10-10T09:12:51.371+0000] {dag.py:3696} INFO - Setting next_dagrun for example_branch_operator to 2023-10-09T00:00:00+00:00, run_after=2023-10-10T00:00:00+00:00
[2023-10-10T09:12:51.382+0000] {processor.py:179} INFO - Processing /home/airflow/.local/lib/python3.8/site-packages/airflow/example_dags/example_branch_operator.py took 0.058 seconds
[2023-10-10T09:13:22.309+0000] {processor.py:157} INFO - Started process (PID=2854) to work on /home/airflow/.local/lib/python3.8/site-packages/airflow/example_dags/example_branch_operator.py
[2023-10-10T09:13:22.311+0000] {processor.py:829} INFO - Processing file /home/airflow/.local/lib/python3.8/site-packages/airflow/example_dags/example_branch_operator.py for tasks to queue
[2023-10-10T09:13:22.313+0000] {logging_mixin.py:151} INFO - [2023-10-10T09:13:22.313+0000] {dagbag.py:539} INFO - Filling up the DagBag from /home/airflow/.local/lib/python3.8/site-packages/airflow/example_dags/example_branch_operator.py
[2023-10-10T09:13:22.319+0000] {processor.py:839} INFO - DAG(s) dict_keys(['example_branch_operator']) retrieved from /home/airflow/.local/lib/python3.8/site-packages/airflow/example_dags/example_branch_operator.py
[2023-10-10T09:13:22.336+0000] {logging_mixin.py:151} INFO - [2023-10-10T09:13:22.336+0000] {dag.py:2915} INFO - Sync 1 DAGs
[2023-10-10T09:13:22.350+0000] {logging_mixin.py:151} INFO - [2023-10-10T09:13:22.350+0000] {dag.py:3696} INFO - Setting next_dagrun for example_branch_operator to 2023-10-09T00:00:00+00:00, run_after=2023-10-10T00:00:00+00:00
[2023-10-10T09:13:22.359+0000] {processor.py:179} INFO - Processing /home/airflow/.local/lib/python3.8/site-packages/airflow/example_dags/example_branch_operator.py took 0.053 seconds
[2023-10-10T09:13:52.747+0000] {processor.py:157} INFO - Started process (PID=2915) to work on /home/airflow/.local/lib/python3.8/site-packages/airflow/example_dags/example_branch_operator.py
[2023-10-10T09:13:52.748+0000] {processor.py:829} INFO - Processing file /home/airflow/.local/lib/python3.8/site-packages/airflow/example_dags/example_branch_operator.py for tasks to queue
[2023-10-10T09:13:52.749+0000] {logging_mixin.py:151} INFO - [2023-10-10T09:13:52.749+0000] {dagbag.py:539} INFO - Filling up the DagBag from /home/airflow/.local/lib/python3.8/site-packages/airflow/example_dags/example_branch_operator.py
[2023-10-10T09:13:52.755+0000] {processor.py:839} INFO - DAG(s) dict_keys(['example_branch_operator']) retrieved from /home/airflow/.local/lib/python3.8/site-packages/airflow/example_dags/example_branch_operator.py
[2023-10-10T09:13:52.771+0000] {logging_mixin.py:151} INFO - [2023-10-10T09:13:52.771+0000] {dag.py:2915} INFO - Sync 1 DAGs
[2023-10-10T09:13:52.789+0000] {logging_mixin.py:151} INFO - [2023-10-10T09:13:52.789+0000] {dag.py:3696} INFO - Setting next_dagrun for example_branch_operator to 2023-10-09T00:00:00+00:00, run_after=2023-10-10T00:00:00+00:00
[2023-10-10T09:13:52.801+0000] {processor.py:179} INFO - Processing /home/airflow/.local/lib/python3.8/site-packages/airflow/example_dags/example_branch_operator.py took 0.056 seconds
[2023-10-10T09:14:23.534+0000] {processor.py:157} INFO - Started process (PID=2976) to work on /home/airflow/.local/lib/python3.8/site-packages/airflow/example_dags/example_branch_operator.py
[2023-10-10T09:14:23.534+0000] {processor.py:829} INFO - Processing file /home/airflow/.local/lib/python3.8/site-packages/airflow/example_dags/example_branch_operator.py for tasks to queue
[2023-10-10T09:14:23.536+0000] {logging_mixin.py:151} INFO - [2023-10-10T09:14:23.536+0000] {dagbag.py:539} INFO - Filling up the DagBag from /home/airflow/.local/lib/python3.8/site-packages/airflow/example_dags/example_branch_operator.py
[2023-10-10T09:14:23.542+0000] {processor.py:839} INFO - DAG(s) dict_keys(['example_branch_operator']) retrieved from /home/airflow/.local/lib/python3.8/site-packages/airflow/example_dags/example_branch_operator.py
[2023-10-10T09:14:23.559+0000] {logging_mixin.py:151} INFO - [2023-10-10T09:14:23.559+0000] {dag.py:2915} INFO - Sync 1 DAGs
[2023-10-10T09:14:23.576+0000] {logging_mixin.py:151} INFO - [2023-10-10T09:14:23.575+0000] {dag.py:3696} INFO - Setting next_dagrun for example_branch_operator to 2023-10-09T00:00:00+00:00, run_after=2023-10-10T00:00:00+00:00
[2023-10-10T09:14:23.588+0000] {processor.py:179} INFO - Processing /home/airflow/.local/lib/python3.8/site-packages/airflow/example_dags/example_branch_operator.py took 0.056 seconds
[2023-10-10T09:14:53.991+0000] {processor.py:157} INFO - Started process (PID=3037) to work on /home/airflow/.local/lib/python3.8/site-packages/airflow/example_dags/example_branch_operator.py
[2023-10-10T09:14:53.992+0000] {processor.py:829} INFO - Processing file /home/airflow/.local/lib/python3.8/site-packages/airflow/example_dags/example_branch_operator.py for tasks to queue
[2023-10-10T09:14:53.994+0000] {logging_mixin.py:151} INFO - [2023-10-10T09:14:53.994+0000] {dagbag.py:539} INFO - Filling up the DagBag from /home/airflow/.local/lib/python3.8/site-packages/airflow/example_dags/example_branch_operator.py
[2023-10-10T09:14:53.999+0000] {processor.py:839} INFO - DAG(s) dict_keys(['example_branch_operator']) retrieved from /home/airflow/.local/lib/python3.8/site-packages/airflow/example_dags/example_branch_operator.py
[2023-10-10T09:14:54.015+0000] {logging_mixin.py:151} INFO - [2023-10-10T09:14:54.015+0000] {dag.py:2915} INFO - Sync 1 DAGs
[2023-10-10T09:14:54.028+0000] {logging_mixin.py:151} INFO - [2023-10-10T09:14:54.028+0000] {dag.py:3696} INFO - Setting next_dagrun for example_branch_operator to 2023-10-09T00:00:00+00:00, run_after=2023-10-10T00:00:00+00:00
[2023-10-10T09:14:54.038+0000] {processor.py:179} INFO - Processing /home/airflow/.local/lib/python3.8/site-packages/airflow/example_dags/example_branch_operator.py took 0.048 seconds
[2023-10-10T09:15:24.339+0000] {processor.py:157} INFO - Started process (PID=3098) to work on /home/airflow/.local/lib/python3.8/site-packages/airflow/example_dags/example_branch_operator.py
[2023-10-10T09:15:24.340+0000] {processor.py:829} INFO - Processing file /home/airflow/.local/lib/python3.8/site-packages/airflow/example_dags/example_branch_operator.py for tasks to queue
[2023-10-10T09:15:24.341+0000] {logging_mixin.py:151} INFO - [2023-10-10T09:15:24.341+0000] {dagbag.py:539} INFO - Filling up the DagBag from /home/airflow/.local/lib/python3.8/site-packages/airflow/example_dags/example_branch_operator.py
[2023-10-10T09:15:24.347+0000] {processor.py:839} INFO - DAG(s) dict_keys(['example_branch_operator']) retrieved from /home/airflow/.local/lib/python3.8/site-packages/airflow/example_dags/example_branch_operator.py
[2023-10-10T09:15:24.364+0000] {logging_mixin.py:151} INFO - [2023-10-10T09:15:24.364+0000] {dag.py:2915} INFO - Sync 1 DAGs
[2023-10-10T09:15:24.378+0000] {logging_mixin.py:151} INFO - [2023-10-10T09:15:24.378+0000] {dag.py:3696} INFO - Setting next_dagrun for example_branch_operator to 2023-10-09T00:00:00+00:00, run_after=2023-10-10T00:00:00+00:00
[2023-10-10T09:15:24.388+0000] {processor.py:179} INFO - Processing /home/airflow/.local/lib/python3.8/site-packages/airflow/example_dags/example_branch_operator.py took 0.052 seconds
[2023-10-10T09:15:54.699+0000] {processor.py:157} INFO - Started process (PID=3159) to work on /home/airflow/.local/lib/python3.8/site-packages/airflow/example_dags/example_branch_operator.py
[2023-10-10T09:15:54.700+0000] {processor.py:829} INFO - Processing file /home/airflow/.local/lib/python3.8/site-packages/airflow/example_dags/example_branch_operator.py for tasks to queue
[2023-10-10T09:15:54.702+0000] {logging_mixin.py:151} INFO - [2023-10-10T09:15:54.702+0000] {dagbag.py:539} INFO - Filling up the DagBag from /home/airflow/.local/lib/python3.8/site-packages/airflow/example_dags/example_branch_operator.py
[2023-10-10T09:15:54.708+0000] {processor.py:839} INFO - DAG(s) dict_keys(['example_branch_operator']) retrieved from /home/airflow/.local/lib/python3.8/site-packages/airflow/example_dags/example_branch_operator.py
[2023-10-10T09:15:54.729+0000] {logging_mixin.py:151} INFO - [2023-10-10T09:15:54.729+0000] {dag.py:2915} INFO - Sync 1 DAGs
[2023-10-10T09:15:54.745+0000] {logging_mixin.py:151} INFO - [2023-10-10T09:15:54.745+0000] {dag.py:3696} INFO - Setting next_dagrun for example_branch_operator to 2023-10-09T00:00:00+00:00, run_after=2023-10-10T00:00:00+00:00
[2023-10-10T09:15:54.755+0000] {processor.py:179} INFO - Processing /home/airflow/.local/lib/python3.8/site-packages/airflow/example_dags/example_branch_operator.py took 0.058 seconds
[2023-10-10T09:16:25.576+0000] {processor.py:157} INFO - Started process (PID=3220) to work on /home/airflow/.local/lib/python3.8/site-packages/airflow/example_dags/example_branch_operator.py
[2023-10-10T09:16:25.577+0000] {processor.py:829} INFO - Processing file /home/airflow/.local/lib/python3.8/site-packages/airflow/example_dags/example_branch_operator.py for tasks to queue
[2023-10-10T09:16:25.579+0000] {logging_mixin.py:151} INFO - [2023-10-10T09:16:25.579+0000] {dagbag.py:539} INFO - Filling up the DagBag from /home/airflow/.local/lib/python3.8/site-packages/airflow/example_dags/example_branch_operator.py
[2023-10-10T09:16:25.585+0000] {processor.py:839} INFO - DAG(s) dict_keys(['example_branch_operator']) retrieved from /home/airflow/.local/lib/python3.8/site-packages/airflow/example_dags/example_branch_operator.py
[2023-10-10T09:16:25.601+0000] {logging_mixin.py:151} INFO - [2023-10-10T09:16:25.601+0000] {dag.py:2915} INFO - Sync 1 DAGs
[2023-10-10T09:16:25.614+0000] {logging_mixin.py:151} INFO - [2023-10-10T09:16:25.614+0000] {dag.py:3696} INFO - Setting next_dagrun for example_branch_operator to 2023-10-09T00:00:00+00:00, run_after=2023-10-10T00:00:00+00:00
[2023-10-10T09:16:25.623+0000] {processor.py:179} INFO - Processing /home/airflow/.local/lib/python3.8/site-packages/airflow/example_dags/example_branch_operator.py took 0.049 seconds
[2023-10-10T09:16:56.135+0000] {processor.py:157} INFO - Started process (PID=3281) to work on /home/airflow/.local/lib/python3.8/site-packages/airflow/example_dags/example_branch_operator.py
[2023-10-10T09:16:56.137+0000] {processor.py:829} INFO - Processing file /home/airflow/.local/lib/python3.8/site-packages/airflow/example_dags/example_branch_operator.py for tasks to queue
[2023-10-10T09:16:56.139+0000] {logging_mixin.py:151} INFO - [2023-10-10T09:16:56.139+0000] {dagbag.py:539} INFO - Filling up the DagBag from /home/airflow/.local/lib/python3.8/site-packages/airflow/example_dags/example_branch_operator.py
[2023-10-10T09:16:56.147+0000] {processor.py:839} INFO - DAG(s) dict_keys(['example_branch_operator']) retrieved from /home/airflow/.local/lib/python3.8/site-packages/airflow/example_dags/example_branch_operator.py
[2023-10-10T09:16:56.167+0000] {logging_mixin.py:151} INFO - [2023-10-10T09:16:56.167+0000] {dag.py:2915} INFO - Sync 1 DAGs
[2023-10-10T09:16:56.181+0000] {logging_mixin.py:151} INFO - [2023-10-10T09:16:56.181+0000] {dag.py:3696} INFO - Setting next_dagrun for example_branch_operator to 2023-10-09T00:00:00+00:00, run_after=2023-10-10T00:00:00+00:00
[2023-10-10T09:16:56.191+0000] {processor.py:179} INFO - Processing /home/airflow/.local/lib/python3.8/site-packages/airflow/example_dags/example_branch_operator.py took 0.059 seconds
[2023-10-10T09:17:27.062+0000] {processor.py:157} INFO - Started process (PID=3341) to work on /home/airflow/.local/lib/python3.8/site-packages/airflow/example_dags/example_branch_operator.py
[2023-10-10T09:17:27.063+0000] {processor.py:829} INFO - Processing file /home/airflow/.local/lib/python3.8/site-packages/airflow/example_dags/example_branch_operator.py for tasks to queue
[2023-10-10T09:17:27.064+0000] {logging_mixin.py:151} INFO - [2023-10-10T09:17:27.064+0000] {dagbag.py:539} INFO - Filling up the DagBag from /home/airflow/.local/lib/python3.8/site-packages/airflow/example_dags/example_branch_operator.py
[2023-10-10T09:17:27.069+0000] {processor.py:839} INFO - DAG(s) dict_keys(['example_branch_operator']) retrieved from /home/airflow/.local/lib/python3.8/site-packages/airflow/example_dags/example_branch_operator.py
[2023-10-10T09:17:27.086+0000] {logging_mixin.py:151} INFO - [2023-10-10T09:17:27.086+0000] {dag.py:2915} INFO - Sync 1 DAGs
[2023-10-10T09:17:27.099+0000] {logging_mixin.py:151} INFO - [2023-10-10T09:17:27.099+0000] {dag.py:3696} INFO - Setting next_dagrun for example_branch_operator to 2023-10-09T00:00:00+00:00, run_after=2023-10-10T00:00:00+00:00
[2023-10-10T09:17:27.108+0000] {processor.py:179} INFO - Processing /home/airflow/.local/lib/python3.8/site-packages/airflow/example_dags/example_branch_operator.py took 0.048 seconds
[2023-10-10T09:17:57.522+0000] {processor.py:157} INFO - Started process (PID=3402) to work on /home/airflow/.local/lib/python3.8/site-packages/airflow/example_dags/example_branch_operator.py
[2023-10-10T09:17:57.522+0000] {processor.py:829} INFO - Processing file /home/airflow/.local/lib/python3.8/site-packages/airflow/example_dags/example_branch_operator.py for tasks to queue
[2023-10-10T09:17:57.524+0000] {logging_mixin.py:151} INFO - [2023-10-10T09:17:57.524+0000] {dagbag.py:539} INFO - Filling up the DagBag from /home/airflow/.local/lib/python3.8/site-packages/airflow/example_dags/example_branch_operator.py
[2023-10-10T09:17:57.530+0000] {processor.py:839} INFO - DAG(s) dict_keys(['example_branch_operator']) retrieved from /home/airflow/.local/lib/python3.8/site-packages/airflow/example_dags/example_branch_operator.py
[2023-10-10T09:17:57.546+0000] {logging_mixin.py:151} INFO - [2023-10-10T09:17:57.546+0000] {dag.py:2915} INFO - Sync 1 DAGs
[2023-10-10T09:17:57.559+0000] {logging_mixin.py:151} INFO - [2023-10-10T09:17:57.559+0000] {dag.py:3696} INFO - Setting next_dagrun for example_branch_operator to 2023-10-09T00:00:00+00:00, run_after=2023-10-10T00:00:00+00:00
[2023-10-10T09:17:57.572+0000] {processor.py:179} INFO - Processing /home/airflow/.local/lib/python3.8/site-packages/airflow/example_dags/example_branch_operator.py took 0.053 seconds
[2023-10-10T09:18:27.659+0000] {processor.py:157} INFO - Started process (PID=3463) to work on /home/airflow/.local/lib/python3.8/site-packages/airflow/example_dags/example_branch_operator.py
[2023-10-10T09:18:27.660+0000] {processor.py:829} INFO - Processing file /home/airflow/.local/lib/python3.8/site-packages/airflow/example_dags/example_branch_operator.py for tasks to queue
[2023-10-10T09:18:27.662+0000] {logging_mixin.py:151} INFO - [2023-10-10T09:18:27.662+0000] {dagbag.py:539} INFO - Filling up the DagBag from /home/airflow/.local/lib/python3.8/site-packages/airflow/example_dags/example_branch_operator.py
[2023-10-10T09:18:27.669+0000] {processor.py:839} INFO - DAG(s) dict_keys(['example_branch_operator']) retrieved from /home/airflow/.local/lib/python3.8/site-packages/airflow/example_dags/example_branch_operator.py
[2023-10-10T09:18:27.685+0000] {logging_mixin.py:151} INFO - [2023-10-10T09:18:27.685+0000] {dag.py:2915} INFO - Sync 1 DAGs
[2023-10-10T09:18:27.699+0000] {logging_mixin.py:151} INFO - [2023-10-10T09:18:27.699+0000] {dag.py:3696} INFO - Setting next_dagrun for example_branch_operator to 2023-10-09T00:00:00+00:00, run_after=2023-10-10T00:00:00+00:00
[2023-10-10T09:18:27.711+0000] {processor.py:179} INFO - Processing /home/airflow/.local/lib/python3.8/site-packages/airflow/example_dags/example_branch_operator.py took 0.054 seconds
[2023-10-10T09:18:57.831+0000] {processor.py:157} INFO - Started process (PID=3524) to work on /home/airflow/.local/lib/python3.8/site-packages/airflow/example_dags/example_branch_operator.py
[2023-10-10T09:18:57.832+0000] {processor.py:829} INFO - Processing file /home/airflow/.local/lib/python3.8/site-packages/airflow/example_dags/example_branch_operator.py for tasks to queue
[2023-10-10T09:18:57.834+0000] {logging_mixin.py:151} INFO - [2023-10-10T09:18:57.834+0000] {dagbag.py:539} INFO - Filling up the DagBag from /home/airflow/.local/lib/python3.8/site-packages/airflow/example_dags/example_branch_operator.py
[2023-10-10T09:18:57.843+0000] {processor.py:839} INFO - DAG(s) dict_keys(['example_branch_operator']) retrieved from /home/airflow/.local/lib/python3.8/site-packages/airflow/example_dags/example_branch_operator.py
[2023-10-10T09:18:57.863+0000] {logging_mixin.py:151} INFO - [2023-10-10T09:18:57.863+0000] {dag.py:2915} INFO - Sync 1 DAGs
[2023-10-10T09:18:57.878+0000] {logging_mixin.py:151} INFO - [2023-10-10T09:18:57.878+0000] {dag.py:3696} INFO - Setting next_dagrun for example_branch_operator to 2023-10-09T00:00:00+00:00, run_after=2023-10-10T00:00:00+00:00
[2023-10-10T09:18:57.888+0000] {processor.py:179} INFO - Processing /home/airflow/.local/lib/python3.8/site-packages/airflow/example_dags/example_branch_operator.py took 0.059 seconds
[2023-10-10T09:19:28.160+0000] {processor.py:157} INFO - Started process (PID=3585) to work on /home/airflow/.local/lib/python3.8/site-packages/airflow/example_dags/example_branch_operator.py
[2023-10-10T09:19:28.161+0000] {processor.py:829} INFO - Processing file /home/airflow/.local/lib/python3.8/site-packages/airflow/example_dags/example_branch_operator.py for tasks to queue
[2023-10-10T09:19:28.163+0000] {logging_mixin.py:151} INFO - [2023-10-10T09:19:28.163+0000] {dagbag.py:539} INFO - Filling up the DagBag from /home/airflow/.local/lib/python3.8/site-packages/airflow/example_dags/example_branch_operator.py
[2023-10-10T09:19:28.169+0000] {processor.py:839} INFO - DAG(s) dict_keys(['example_branch_operator']) retrieved from /home/airflow/.local/lib/python3.8/site-packages/airflow/example_dags/example_branch_operator.py
[2023-10-10T09:19:28.190+0000] {logging_mixin.py:151} INFO - [2023-10-10T09:19:28.190+0000] {dag.py:2915} INFO - Sync 1 DAGs
[2023-10-10T09:19:28.209+0000] {logging_mixin.py:151} INFO - [2023-10-10T09:19:28.209+0000] {dag.py:3696} INFO - Setting next_dagrun for example_branch_operator to 2023-10-09T00:00:00+00:00, run_after=2023-10-10T00:00:00+00:00
[2023-10-10T09:19:28.221+0000] {processor.py:179} INFO - Processing /home/airflow/.local/lib/python3.8/site-packages/airflow/example_dags/example_branch_operator.py took 0.063 seconds
[2023-10-10T09:19:58.576+0000] {processor.py:157} INFO - Started process (PID=3646) to work on /home/airflow/.local/lib/python3.8/site-packages/airflow/example_dags/example_branch_operator.py
[2023-10-10T09:19:58.577+0000] {processor.py:829} INFO - Processing file /home/airflow/.local/lib/python3.8/site-packages/airflow/example_dags/example_branch_operator.py for tasks to queue
[2023-10-10T09:19:58.578+0000] {logging_mixin.py:151} INFO - [2023-10-10T09:19:58.578+0000] {dagbag.py:539} INFO - Filling up the DagBag from /home/airflow/.local/lib/python3.8/site-packages/airflow/example_dags/example_branch_operator.py
[2023-10-10T09:19:58.585+0000] {processor.py:839} INFO - DAG(s) dict_keys(['example_branch_operator']) retrieved from /home/airflow/.local/lib/python3.8/site-packages/airflow/example_dags/example_branch_operator.py
[2023-10-10T09:19:58.603+0000] {logging_mixin.py:151} INFO - [2023-10-10T09:19:58.603+0000] {dag.py:2915} INFO - Sync 1 DAGs
[2023-10-10T09:19:58.618+0000] {logging_mixin.py:151} INFO - [2023-10-10T09:19:58.617+0000] {dag.py:3696} INFO - Setting next_dagrun for example_branch_operator to 2023-10-09T00:00:00+00:00, run_after=2023-10-10T00:00:00+00:00
[2023-10-10T09:19:58.630+0000] {processor.py:179} INFO - Processing /home/airflow/.local/lib/python3.8/site-packages/airflow/example_dags/example_branch_operator.py took 0.056 seconds
