[2023-10-10T08:49:47.345+0000] {processor.py:157} INFO - Started process (PID=43) to work on /home/airflow/.local/lib/python3.8/site-packages/airflow/example_dags/example_sla_dag.py
[2023-10-10T08:49:47.348+0000] {processor.py:829} INFO - Processing file /home/airflow/.local/lib/python3.8/site-packages/airflow/example_dags/example_sla_dag.py for tasks to queue
[2023-10-10T08:49:47.354+0000] {logging_mixin.py:151} INFO - [2023-10-10T08:49:47.353+0000] {dagbag.py:539} INFO - Filling up the DagBag from /home/airflow/.local/lib/python3.8/site-packages/airflow/example_dags/example_sla_dag.py
[2023-10-10T08:49:47.401+0000] {processor.py:839} INFO - DAG(s) dict_keys(['example_sla_dag']) retrieved from /home/airflow/.local/lib/python3.8/site-packages/airflow/example_dags/example_sla_dag.py
[2023-10-10T08:49:47.558+0000] {logging_mixin.py:151} INFO - [2023-10-10T08:49:47.558+0000] {dag.py:2915} INFO - Sync 1 DAGs
[2023-10-10T08:49:47.638+0000] {logging_mixin.py:151} INFO - [2023-10-10T08:49:47.637+0000] {dag.py:3696} INFO - Setting next_dagrun for example_sla_dag to 2023-10-10T08:46:00+00:00, run_after=2023-10-10T08:48:00+00:00
[2023-10-10T08:49:47.704+0000] {processor.py:179} INFO - Processing /home/airflow/.local/lib/python3.8/site-packages/airflow/example_dags/example_sla_dag.py took 0.366 seconds
[2023-10-10T08:50:23.150+0000] {processor.py:157} INFO - Started process (PID=98) to work on /home/airflow/.local/lib/python3.8/site-packages/airflow/example_dags/example_sla_dag.py
[2023-10-10T08:50:23.152+0000] {processor.py:829} INFO - Processing file /home/airflow/.local/lib/python3.8/site-packages/airflow/example_dags/example_sla_dag.py for tasks to queue
[2023-10-10T08:50:23.157+0000] {logging_mixin.py:151} INFO - [2023-10-10T08:50:23.156+0000] {dagbag.py:539} INFO - Filling up the DagBag from /home/airflow/.local/lib/python3.8/site-packages/airflow/example_dags/example_sla_dag.py
[2023-10-10T08:50:23.174+0000] {processor.py:839} INFO - DAG(s) dict_keys(['example_sla_dag']) retrieved from /home/airflow/.local/lib/python3.8/site-packages/airflow/example_dags/example_sla_dag.py
[2023-10-10T08:50:23.217+0000] {logging_mixin.py:151} INFO - [2023-10-10T08:50:23.217+0000] {dag.py:2915} INFO - Sync 1 DAGs
[2023-10-10T08:50:23.239+0000] {logging_mixin.py:151} INFO - [2023-10-10T08:50:23.239+0000] {dag.py:3696} INFO - Setting next_dagrun for example_sla_dag to 2023-10-10T08:48:00+00:00, run_after=2023-10-10T08:50:00+00:00
[2023-10-10T08:50:23.253+0000] {processor.py:179} INFO - Processing /home/airflow/.local/lib/python3.8/site-packages/airflow/example_dags/example_sla_dag.py took 0.112 seconds
[2023-10-10T08:50:53.519+0000] {processor.py:157} INFO - Started process (PID=159) to work on /home/airflow/.local/lib/python3.8/site-packages/airflow/example_dags/example_sla_dag.py
[2023-10-10T08:50:53.520+0000] {processor.py:829} INFO - Processing file /home/airflow/.local/lib/python3.8/site-packages/airflow/example_dags/example_sla_dag.py for tasks to queue
[2023-10-10T08:50:53.522+0000] {logging_mixin.py:151} INFO - [2023-10-10T08:50:53.522+0000] {dagbag.py:539} INFO - Filling up the DagBag from /home/airflow/.local/lib/python3.8/site-packages/airflow/example_dags/example_sla_dag.py
[2023-10-10T08:50:53.529+0000] {processor.py:839} INFO - DAG(s) dict_keys(['example_sla_dag']) retrieved from /home/airflow/.local/lib/python3.8/site-packages/airflow/example_dags/example_sla_dag.py
[2023-10-10T08:50:53.558+0000] {logging_mixin.py:151} INFO - [2023-10-10T08:50:53.558+0000] {dag.py:2915} INFO - Sync 1 DAGs
[2023-10-10T08:50:53.584+0000] {logging_mixin.py:151} INFO - [2023-10-10T08:50:53.584+0000] {dag.py:3696} INFO - Setting next_dagrun for example_sla_dag to 2023-10-10T08:48:00+00:00, run_after=2023-10-10T08:50:00+00:00
[2023-10-10T08:50:53.596+0000] {processor.py:179} INFO - Processing /home/airflow/.local/lib/python3.8/site-packages/airflow/example_dags/example_sla_dag.py took 0.082 seconds
[2023-10-10T08:51:23.987+0000] {processor.py:157} INFO - Started process (PID=220) to work on /home/airflow/.local/lib/python3.8/site-packages/airflow/example_dags/example_sla_dag.py
[2023-10-10T08:51:23.989+0000] {processor.py:829} INFO - Processing file /home/airflow/.local/lib/python3.8/site-packages/airflow/example_dags/example_sla_dag.py for tasks to queue
[2023-10-10T08:51:23.991+0000] {logging_mixin.py:151} INFO - [2023-10-10T08:51:23.991+0000] {dagbag.py:539} INFO - Filling up the DagBag from /home/airflow/.local/lib/python3.8/site-packages/airflow/example_dags/example_sla_dag.py
[2023-10-10T08:51:23.997+0000] {processor.py:839} INFO - DAG(s) dict_keys(['example_sla_dag']) retrieved from /home/airflow/.local/lib/python3.8/site-packages/airflow/example_dags/example_sla_dag.py
[2023-10-10T08:51:24.019+0000] {logging_mixin.py:151} INFO - [2023-10-10T08:51:24.018+0000] {dag.py:2915} INFO - Sync 1 DAGs
[2023-10-10T08:51:24.036+0000] {logging_mixin.py:151} INFO - [2023-10-10T08:51:24.036+0000] {dag.py:3696} INFO - Setting next_dagrun for example_sla_dag to 2023-10-10T08:48:00+00:00, run_after=2023-10-10T08:50:00+00:00
[2023-10-10T08:51:24.046+0000] {processor.py:179} INFO - Processing /home/airflow/.local/lib/python3.8/site-packages/airflow/example_dags/example_sla_dag.py took 0.062 seconds
[2023-10-10T08:51:54.659+0000] {processor.py:157} INFO - Started process (PID=281) to work on /home/airflow/.local/lib/python3.8/site-packages/airflow/example_dags/example_sla_dag.py
[2023-10-10T08:51:54.662+0000] {processor.py:829} INFO - Processing file /home/airflow/.local/lib/python3.8/site-packages/airflow/example_dags/example_sla_dag.py for tasks to queue
[2023-10-10T08:51:54.665+0000] {logging_mixin.py:151} INFO - [2023-10-10T08:51:54.664+0000] {dagbag.py:539} INFO - Filling up the DagBag from /home/airflow/.local/lib/python3.8/site-packages/airflow/example_dags/example_sla_dag.py
[2023-10-10T08:51:54.674+0000] {processor.py:839} INFO - DAG(s) dict_keys(['example_sla_dag']) retrieved from /home/airflow/.local/lib/python3.8/site-packages/airflow/example_dags/example_sla_dag.py
[2023-10-10T08:51:54.789+0000] {logging_mixin.py:151} INFO - [2023-10-10T08:51:54.788+0000] {dag.py:2915} INFO - Sync 1 DAGs
[2023-10-10T08:51:54.828+0000] {logging_mixin.py:151} INFO - [2023-10-10T08:51:54.828+0000] {dag.py:3696} INFO - Setting next_dagrun for example_sla_dag to 2023-10-10T08:48:00+00:00, run_after=2023-10-10T08:50:00+00:00
[2023-10-10T08:51:54.858+0000] {processor.py:179} INFO - Processing /home/airflow/.local/lib/python3.8/site-packages/airflow/example_dags/example_sla_dag.py took 0.208 seconds
[2023-10-10T08:52:25.239+0000] {processor.py:157} INFO - Started process (PID=342) to work on /home/airflow/.local/lib/python3.8/site-packages/airflow/example_dags/example_sla_dag.py
[2023-10-10T08:52:25.240+0000] {processor.py:829} INFO - Processing file /home/airflow/.local/lib/python3.8/site-packages/airflow/example_dags/example_sla_dag.py for tasks to queue
[2023-10-10T08:52:25.242+0000] {logging_mixin.py:151} INFO - [2023-10-10T08:52:25.242+0000] {dagbag.py:539} INFO - Filling up the DagBag from /home/airflow/.local/lib/python3.8/site-packages/airflow/example_dags/example_sla_dag.py
[2023-10-10T08:52:25.249+0000] {processor.py:839} INFO - DAG(s) dict_keys(['example_sla_dag']) retrieved from /home/airflow/.local/lib/python3.8/site-packages/airflow/example_dags/example_sla_dag.py
[2023-10-10T08:52:25.278+0000] {logging_mixin.py:151} INFO - [2023-10-10T08:52:25.277+0000] {dag.py:2915} INFO - Sync 1 DAGs
[2023-10-10T08:52:25.297+0000] {logging_mixin.py:151} INFO - [2023-10-10T08:52:25.297+0000] {dag.py:3696} INFO - Setting next_dagrun for example_sla_dag to 2023-10-10T08:50:00+00:00, run_after=2023-10-10T08:52:00+00:00
[2023-10-10T08:52:25.308+0000] {processor.py:179} INFO - Processing /home/airflow/.local/lib/python3.8/site-packages/airflow/example_dags/example_sla_dag.py took 0.071 seconds
[2023-10-10T08:52:56.106+0000] {processor.py:157} INFO - Started process (PID=401) to work on /home/airflow/.local/lib/python3.8/site-packages/airflow/example_dags/example_sla_dag.py
[2023-10-10T08:52:56.107+0000] {processor.py:829} INFO - Processing file /home/airflow/.local/lib/python3.8/site-packages/airflow/example_dags/example_sla_dag.py for tasks to queue
[2023-10-10T08:52:56.110+0000] {logging_mixin.py:151} INFO - [2023-10-10T08:52:56.109+0000] {dagbag.py:539} INFO - Filling up the DagBag from /home/airflow/.local/lib/python3.8/site-packages/airflow/example_dags/example_sla_dag.py
[2023-10-10T08:52:56.121+0000] {processor.py:839} INFO - DAG(s) dict_keys(['example_sla_dag']) retrieved from /home/airflow/.local/lib/python3.8/site-packages/airflow/example_dags/example_sla_dag.py
[2023-10-10T08:52:56.139+0000] {logging_mixin.py:151} INFO - [2023-10-10T08:52:56.138+0000] {dag.py:2915} INFO - Sync 1 DAGs
[2023-10-10T08:52:56.160+0000] {logging_mixin.py:151} INFO - [2023-10-10T08:52:56.160+0000] {dag.py:3696} INFO - Setting next_dagrun for example_sla_dag to 2023-10-10T08:50:00+00:00, run_after=2023-10-10T08:52:00+00:00
[2023-10-10T08:52:56.170+0000] {processor.py:179} INFO - Processing /home/airflow/.local/lib/python3.8/site-packages/airflow/example_dags/example_sla_dag.py took 0.066 seconds
[2023-10-10T08:53:26.501+0000] {processor.py:157} INFO - Started process (PID=462) to work on /home/airflow/.local/lib/python3.8/site-packages/airflow/example_dags/example_sla_dag.py
[2023-10-10T08:53:26.519+0000] {processor.py:829} INFO - Processing file /home/airflow/.local/lib/python3.8/site-packages/airflow/example_dags/example_sla_dag.py for tasks to queue
[2023-10-10T08:53:26.540+0000] {logging_mixin.py:151} INFO - [2023-10-10T08:53:26.539+0000] {dagbag.py:539} INFO - Filling up the DagBag from /home/airflow/.local/lib/python3.8/site-packages/airflow/example_dags/example_sla_dag.py
[2023-10-10T08:53:26.562+0000] {processor.py:839} INFO - DAG(s) dict_keys(['example_sla_dag']) retrieved from /home/airflow/.local/lib/python3.8/site-packages/airflow/example_dags/example_sla_dag.py
[2023-10-10T08:53:26.595+0000] {logging_mixin.py:151} INFO - [2023-10-10T08:53:26.595+0000] {dag.py:2915} INFO - Sync 1 DAGs
[2023-10-10T08:53:26.613+0000] {logging_mixin.py:151} INFO - [2023-10-10T08:53:26.613+0000] {dag.py:3696} INFO - Setting next_dagrun for example_sla_dag to 2023-10-10T08:50:00+00:00, run_after=2023-10-10T08:52:00+00:00
[2023-10-10T08:53:26.627+0000] {processor.py:179} INFO - Processing /home/airflow/.local/lib/python3.8/site-packages/airflow/example_dags/example_sla_dag.py took 0.128 seconds
[2023-10-10T08:53:57.292+0000] {processor.py:157} INFO - Started process (PID=523) to work on /home/airflow/.local/lib/python3.8/site-packages/airflow/example_dags/example_sla_dag.py
[2023-10-10T08:53:57.293+0000] {processor.py:829} INFO - Processing file /home/airflow/.local/lib/python3.8/site-packages/airflow/example_dags/example_sla_dag.py for tasks to queue
[2023-10-10T08:53:57.297+0000] {logging_mixin.py:151} INFO - [2023-10-10T08:53:57.296+0000] {dagbag.py:539} INFO - Filling up the DagBag from /home/airflow/.local/lib/python3.8/site-packages/airflow/example_dags/example_sla_dag.py
[2023-10-10T08:53:57.303+0000] {processor.py:839} INFO - DAG(s) dict_keys(['example_sla_dag']) retrieved from /home/airflow/.local/lib/python3.8/site-packages/airflow/example_dags/example_sla_dag.py
[2023-10-10T08:53:57.320+0000] {logging_mixin.py:151} INFO - [2023-10-10T08:53:57.320+0000] {dag.py:2915} INFO - Sync 1 DAGs
[2023-10-10T08:53:57.344+0000] {logging_mixin.py:151} INFO - [2023-10-10T08:53:57.344+0000] {dag.py:3696} INFO - Setting next_dagrun for example_sla_dag to 2023-10-10T08:50:00+00:00, run_after=2023-10-10T08:52:00+00:00
[2023-10-10T08:53:57.355+0000] {processor.py:179} INFO - Processing /home/airflow/.local/lib/python3.8/site-packages/airflow/example_dags/example_sla_dag.py took 0.065 seconds
[2023-10-10T08:54:27.802+0000] {processor.py:157} INFO - Started process (PID=584) to work on /home/airflow/.local/lib/python3.8/site-packages/airflow/example_dags/example_sla_dag.py
[2023-10-10T08:54:27.805+0000] {processor.py:829} INFO - Processing file /home/airflow/.local/lib/python3.8/site-packages/airflow/example_dags/example_sla_dag.py for tasks to queue
[2023-10-10T08:54:27.814+0000] {logging_mixin.py:151} INFO - [2023-10-10T08:54:27.813+0000] {dagbag.py:539} INFO - Filling up the DagBag from /home/airflow/.local/lib/python3.8/site-packages/airflow/example_dags/example_sla_dag.py
[2023-10-10T08:54:27.838+0000] {processor.py:839} INFO - DAG(s) dict_keys(['example_sla_dag']) retrieved from /home/airflow/.local/lib/python3.8/site-packages/airflow/example_dags/example_sla_dag.py
[2023-10-10T08:54:27.880+0000] {logging_mixin.py:151} INFO - [2023-10-10T08:54:27.880+0000] {dag.py:2915} INFO - Sync 1 DAGs
[2023-10-10T08:54:27.927+0000] {logging_mixin.py:151} INFO - [2023-10-10T08:54:27.927+0000] {dag.py:3696} INFO - Setting next_dagrun for example_sla_dag to 2023-10-10T08:52:00+00:00, run_after=2023-10-10T08:54:00+00:00
[2023-10-10T08:54:27.944+0000] {processor.py:179} INFO - Processing /home/airflow/.local/lib/python3.8/site-packages/airflow/example_dags/example_sla_dag.py took 0.150 seconds
[2023-10-10T08:54:59.424+0000] {processor.py:157} INFO - Started process (PID=645) to work on /home/airflow/.local/lib/python3.8/site-packages/airflow/example_dags/example_sla_dag.py
[2023-10-10T08:54:59.426+0000] {processor.py:829} INFO - Processing file /home/airflow/.local/lib/python3.8/site-packages/airflow/example_dags/example_sla_dag.py for tasks to queue
[2023-10-10T08:54:59.436+0000] {logging_mixin.py:151} INFO - [2023-10-10T08:54:59.432+0000] {dagbag.py:539} INFO - Filling up the DagBag from /home/airflow/.local/lib/python3.8/site-packages/airflow/example_dags/example_sla_dag.py
[2023-10-10T08:54:59.458+0000] {processor.py:839} INFO - DAG(s) dict_keys(['example_sla_dag']) retrieved from /home/airflow/.local/lib/python3.8/site-packages/airflow/example_dags/example_sla_dag.py
[2023-10-10T08:54:59.515+0000] {logging_mixin.py:151} INFO - [2023-10-10T08:54:59.515+0000] {dag.py:2915} INFO - Sync 1 DAGs
[2023-10-10T08:54:59.549+0000] {logging_mixin.py:151} INFO - [2023-10-10T08:54:59.549+0000] {dag.py:3696} INFO - Setting next_dagrun for example_sla_dag to 2023-10-10T08:52:00+00:00, run_after=2023-10-10T08:54:00+00:00
[2023-10-10T08:54:59.574+0000] {processor.py:179} INFO - Processing /home/airflow/.local/lib/python3.8/site-packages/airflow/example_dags/example_sla_dag.py took 0.170 seconds
[2023-10-10T08:55:29.922+0000] {processor.py:157} INFO - Started process (PID=706) to work on /home/airflow/.local/lib/python3.8/site-packages/airflow/example_dags/example_sla_dag.py
[2023-10-10T08:55:29.923+0000] {processor.py:829} INFO - Processing file /home/airflow/.local/lib/python3.8/site-packages/airflow/example_dags/example_sla_dag.py for tasks to queue
[2023-10-10T08:55:29.927+0000] {logging_mixin.py:151} INFO - [2023-10-10T08:55:29.926+0000] {dagbag.py:539} INFO - Filling up the DagBag from /home/airflow/.local/lib/python3.8/site-packages/airflow/example_dags/example_sla_dag.py
[2023-10-10T08:55:29.939+0000] {processor.py:839} INFO - DAG(s) dict_keys(['example_sla_dag']) retrieved from /home/airflow/.local/lib/python3.8/site-packages/airflow/example_dags/example_sla_dag.py
[2023-10-10T08:55:29.958+0000] {logging_mixin.py:151} INFO - [2023-10-10T08:55:29.958+0000] {dag.py:2915} INFO - Sync 1 DAGs
[2023-10-10T08:55:29.975+0000] {logging_mixin.py:151} INFO - [2023-10-10T08:55:29.975+0000] {dag.py:3696} INFO - Setting next_dagrun for example_sla_dag to 2023-10-10T08:52:00+00:00, run_after=2023-10-10T08:54:00+00:00
[2023-10-10T08:55:29.984+0000] {processor.py:179} INFO - Processing /home/airflow/.local/lib/python3.8/site-packages/airflow/example_dags/example_sla_dag.py took 0.064 seconds
[2023-10-10T08:56:00.558+0000] {processor.py:157} INFO - Started process (PID=766) to work on /home/airflow/.local/lib/python3.8/site-packages/airflow/example_dags/example_sla_dag.py
[2023-10-10T08:56:00.559+0000] {processor.py:829} INFO - Processing file /home/airflow/.local/lib/python3.8/site-packages/airflow/example_dags/example_sla_dag.py for tasks to queue
[2023-10-10T08:56:00.561+0000] {logging_mixin.py:151} INFO - [2023-10-10T08:56:00.561+0000] {dagbag.py:539} INFO - Filling up the DagBag from /home/airflow/.local/lib/python3.8/site-packages/airflow/example_dags/example_sla_dag.py
[2023-10-10T08:56:00.567+0000] {processor.py:839} INFO - DAG(s) dict_keys(['example_sla_dag']) retrieved from /home/airflow/.local/lib/python3.8/site-packages/airflow/example_dags/example_sla_dag.py
[2023-10-10T08:56:00.582+0000] {logging_mixin.py:151} INFO - [2023-10-10T08:56:00.582+0000] {dag.py:2915} INFO - Sync 1 DAGs
[2023-10-10T08:56:00.596+0000] {logging_mixin.py:151} INFO - [2023-10-10T08:56:00.596+0000] {dag.py:3696} INFO - Setting next_dagrun for example_sla_dag to 2023-10-10T08:54:00+00:00, run_after=2023-10-10T08:56:00+00:00
[2023-10-10T08:56:00.605+0000] {processor.py:179} INFO - Processing /home/airflow/.local/lib/python3.8/site-packages/airflow/example_dags/example_sla_dag.py took 0.049 seconds
[2023-10-10T08:56:30.764+0000] {processor.py:157} INFO - Started process (PID=827) to work on /home/airflow/.local/lib/python3.8/site-packages/airflow/example_dags/example_sla_dag.py
[2023-10-10T08:56:30.765+0000] {processor.py:829} INFO - Processing file /home/airflow/.local/lib/python3.8/site-packages/airflow/example_dags/example_sla_dag.py for tasks to queue
[2023-10-10T08:56:30.766+0000] {logging_mixin.py:151} INFO - [2023-10-10T08:56:30.766+0000] {dagbag.py:539} INFO - Filling up the DagBag from /home/airflow/.local/lib/python3.8/site-packages/airflow/example_dags/example_sla_dag.py
[2023-10-10T08:56:30.772+0000] {processor.py:839} INFO - DAG(s) dict_keys(['example_sla_dag']) retrieved from /home/airflow/.local/lib/python3.8/site-packages/airflow/example_dags/example_sla_dag.py
[2023-10-10T08:56:30.787+0000] {logging_mixin.py:151} INFO - [2023-10-10T08:56:30.787+0000] {dag.py:2915} INFO - Sync 1 DAGs
[2023-10-10T08:56:30.802+0000] {logging_mixin.py:151} INFO - [2023-10-10T08:56:30.802+0000] {dag.py:3696} INFO - Setting next_dagrun for example_sla_dag to 2023-10-10T08:54:00+00:00, run_after=2023-10-10T08:56:00+00:00
[2023-10-10T08:56:30.811+0000] {processor.py:179} INFO - Processing /home/airflow/.local/lib/python3.8/site-packages/airflow/example_dags/example_sla_dag.py took 0.050 seconds
[2023-10-10T08:57:01.639+0000] {processor.py:157} INFO - Started process (PID=888) to work on /home/airflow/.local/lib/python3.8/site-packages/airflow/example_dags/example_sla_dag.py
[2023-10-10T08:57:01.640+0000] {processor.py:829} INFO - Processing file /home/airflow/.local/lib/python3.8/site-packages/airflow/example_dags/example_sla_dag.py for tasks to queue
[2023-10-10T08:57:01.659+0000] {logging_mixin.py:151} INFO - [2023-10-10T08:57:01.659+0000] {dagbag.py:539} INFO - Filling up the DagBag from /home/airflow/.local/lib/python3.8/site-packages/airflow/example_dags/example_sla_dag.py
[2023-10-10T08:57:01.665+0000] {processor.py:839} INFO - DAG(s) dict_keys(['example_sla_dag']) retrieved from /home/airflow/.local/lib/python3.8/site-packages/airflow/example_dags/example_sla_dag.py
[2023-10-10T08:57:01.693+0000] {logging_mixin.py:151} INFO - [2023-10-10T08:57:01.693+0000] {dag.py:2915} INFO - Sync 1 DAGs
[2023-10-10T08:57:01.729+0000] {logging_mixin.py:151} INFO - [2023-10-10T08:57:01.728+0000] {dag.py:3696} INFO - Setting next_dagrun for example_sla_dag to 2023-10-10T08:54:00+00:00, run_after=2023-10-10T08:56:00+00:00
[2023-10-10T08:57:01.741+0000] {processor.py:179} INFO - Processing /home/airflow/.local/lib/python3.8/site-packages/airflow/example_dags/example_sla_dag.py took 0.104 seconds
[2023-10-10T08:57:32.634+0000] {processor.py:157} INFO - Started process (PID=949) to work on /home/airflow/.local/lib/python3.8/site-packages/airflow/example_dags/example_sla_dag.py
[2023-10-10T08:57:32.634+0000] {processor.py:829} INFO - Processing file /home/airflow/.local/lib/python3.8/site-packages/airflow/example_dags/example_sla_dag.py for tasks to queue
[2023-10-10T08:57:32.636+0000] {logging_mixin.py:151} INFO - [2023-10-10T08:57:32.636+0000] {dagbag.py:539} INFO - Filling up the DagBag from /home/airflow/.local/lib/python3.8/site-packages/airflow/example_dags/example_sla_dag.py
[2023-10-10T08:57:32.642+0000] {processor.py:839} INFO - DAG(s) dict_keys(['example_sla_dag']) retrieved from /home/airflow/.local/lib/python3.8/site-packages/airflow/example_dags/example_sla_dag.py
[2023-10-10T08:57:32.656+0000] {logging_mixin.py:151} INFO - [2023-10-10T08:57:32.656+0000] {dag.py:2915} INFO - Sync 1 DAGs
[2023-10-10T08:57:32.670+0000] {logging_mixin.py:151} INFO - [2023-10-10T08:57:32.670+0000] {dag.py:3696} INFO - Setting next_dagrun for example_sla_dag to 2023-10-10T08:54:00+00:00, run_after=2023-10-10T08:56:00+00:00
[2023-10-10T08:57:32.679+0000] {processor.py:179} INFO - Processing /home/airflow/.local/lib/python3.8/site-packages/airflow/example_dags/example_sla_dag.py took 0.047 seconds
[2023-10-10T08:58:02.793+0000] {processor.py:157} INFO - Started process (PID=1010) to work on /home/airflow/.local/lib/python3.8/site-packages/airflow/example_dags/example_sla_dag.py
[2023-10-10T08:58:02.794+0000] {processor.py:829} INFO - Processing file /home/airflow/.local/lib/python3.8/site-packages/airflow/example_dags/example_sla_dag.py for tasks to queue
[2023-10-10T08:58:02.795+0000] {logging_mixin.py:151} INFO - [2023-10-10T08:58:02.795+0000] {dagbag.py:539} INFO - Filling up the DagBag from /home/airflow/.local/lib/python3.8/site-packages/airflow/example_dags/example_sla_dag.py
[2023-10-10T08:58:02.801+0000] {processor.py:839} INFO - DAG(s) dict_keys(['example_sla_dag']) retrieved from /home/airflow/.local/lib/python3.8/site-packages/airflow/example_dags/example_sla_dag.py
[2023-10-10T08:58:02.815+0000] {logging_mixin.py:151} INFO - [2023-10-10T08:58:02.815+0000] {dag.py:2915} INFO - Sync 1 DAGs
[2023-10-10T08:58:02.829+0000] {logging_mixin.py:151} INFO - [2023-10-10T08:58:02.829+0000] {dag.py:3696} INFO - Setting next_dagrun for example_sla_dag to 2023-10-10T08:56:00+00:00, run_after=2023-10-10T08:58:00+00:00
[2023-10-10T08:58:02.840+0000] {processor.py:179} INFO - Processing /home/airflow/.local/lib/python3.8/site-packages/airflow/example_dags/example_sla_dag.py took 0.049 seconds
[2023-10-10T08:58:33.526+0000] {processor.py:157} INFO - Started process (PID=1071) to work on /home/airflow/.local/lib/python3.8/site-packages/airflow/example_dags/example_sla_dag.py
[2023-10-10T08:58:33.529+0000] {processor.py:829} INFO - Processing file /home/airflow/.local/lib/python3.8/site-packages/airflow/example_dags/example_sla_dag.py for tasks to queue
[2023-10-10T08:58:33.533+0000] {logging_mixin.py:151} INFO - [2023-10-10T08:58:33.533+0000] {dagbag.py:539} INFO - Filling up the DagBag from /home/airflow/.local/lib/python3.8/site-packages/airflow/example_dags/example_sla_dag.py
[2023-10-10T08:58:33.542+0000] {processor.py:839} INFO - DAG(s) dict_keys(['example_sla_dag']) retrieved from /home/airflow/.local/lib/python3.8/site-packages/airflow/example_dags/example_sla_dag.py
[2023-10-10T08:58:33.567+0000] {logging_mixin.py:151} INFO - [2023-10-10T08:58:33.567+0000] {dag.py:2915} INFO - Sync 1 DAGs
[2023-10-10T08:58:33.586+0000] {logging_mixin.py:151} INFO - [2023-10-10T08:58:33.586+0000] {dag.py:3696} INFO - Setting next_dagrun for example_sla_dag to 2023-10-10T08:56:00+00:00, run_after=2023-10-10T08:58:00+00:00
[2023-10-10T08:58:33.599+0000] {processor.py:179} INFO - Processing /home/airflow/.local/lib/python3.8/site-packages/airflow/example_dags/example_sla_dag.py took 0.079 seconds
[2023-10-10T08:59:04.214+0000] {processor.py:157} INFO - Started process (PID=1132) to work on /home/airflow/.local/lib/python3.8/site-packages/airflow/example_dags/example_sla_dag.py
[2023-10-10T08:59:04.215+0000] {processor.py:829} INFO - Processing file /home/airflow/.local/lib/python3.8/site-packages/airflow/example_dags/example_sla_dag.py for tasks to queue
[2023-10-10T08:59:04.218+0000] {logging_mixin.py:151} INFO - [2023-10-10T08:59:04.218+0000] {dagbag.py:539} INFO - Filling up the DagBag from /home/airflow/.local/lib/python3.8/site-packages/airflow/example_dags/example_sla_dag.py
[2023-10-10T08:59:04.228+0000] {processor.py:839} INFO - DAG(s) dict_keys(['example_sla_dag']) retrieved from /home/airflow/.local/lib/python3.8/site-packages/airflow/example_dags/example_sla_dag.py
[2023-10-10T08:59:04.245+0000] {logging_mixin.py:151} INFO - [2023-10-10T08:59:04.245+0000] {dag.py:2915} INFO - Sync 1 DAGs
[2023-10-10T08:59:04.260+0000] {logging_mixin.py:151} INFO - [2023-10-10T08:59:04.260+0000] {dag.py:3696} INFO - Setting next_dagrun for example_sla_dag to 2023-10-10T08:56:00+00:00, run_after=2023-10-10T08:58:00+00:00
[2023-10-10T08:59:04.270+0000] {processor.py:179} INFO - Processing /home/airflow/.local/lib/python3.8/site-packages/airflow/example_dags/example_sla_dag.py took 0.059 seconds
[2023-10-10T08:59:34.727+0000] {processor.py:157} INFO - Started process (PID=1193) to work on /home/airflow/.local/lib/python3.8/site-packages/airflow/example_dags/example_sla_dag.py
[2023-10-10T08:59:34.727+0000] {processor.py:829} INFO - Processing file /home/airflow/.local/lib/python3.8/site-packages/airflow/example_dags/example_sla_dag.py for tasks to queue
[2023-10-10T08:59:34.730+0000] {logging_mixin.py:151} INFO - [2023-10-10T08:59:34.730+0000] {dagbag.py:539} INFO - Filling up the DagBag from /home/airflow/.local/lib/python3.8/site-packages/airflow/example_dags/example_sla_dag.py
[2023-10-10T08:59:34.736+0000] {processor.py:839} INFO - DAG(s) dict_keys(['example_sla_dag']) retrieved from /home/airflow/.local/lib/python3.8/site-packages/airflow/example_dags/example_sla_dag.py
[2023-10-10T08:59:34.757+0000] {logging_mixin.py:151} INFO - [2023-10-10T08:59:34.757+0000] {dag.py:2915} INFO - Sync 1 DAGs
[2023-10-10T08:59:34.775+0000] {logging_mixin.py:151} INFO - [2023-10-10T08:59:34.775+0000] {dag.py:3696} INFO - Setting next_dagrun for example_sla_dag to 2023-10-10T08:56:00+00:00, run_after=2023-10-10T08:58:00+00:00
[2023-10-10T08:59:34.785+0000] {processor.py:179} INFO - Processing /home/airflow/.local/lib/python3.8/site-packages/airflow/example_dags/example_sla_dag.py took 0.061 seconds
[2023-10-10T09:00:05.199+0000] {processor.py:157} INFO - Started process (PID=1254) to work on /home/airflow/.local/lib/python3.8/site-packages/airflow/example_dags/example_sla_dag.py
[2023-10-10T09:00:05.201+0000] {processor.py:829} INFO - Processing file /home/airflow/.local/lib/python3.8/site-packages/airflow/example_dags/example_sla_dag.py for tasks to queue
[2023-10-10T09:00:05.203+0000] {logging_mixin.py:151} INFO - [2023-10-10T09:00:05.203+0000] {dagbag.py:539} INFO - Filling up the DagBag from /home/airflow/.local/lib/python3.8/site-packages/airflow/example_dags/example_sla_dag.py
[2023-10-10T09:00:05.209+0000] {processor.py:839} INFO - DAG(s) dict_keys(['example_sla_dag']) retrieved from /home/airflow/.local/lib/python3.8/site-packages/airflow/example_dags/example_sla_dag.py
[2023-10-10T09:00:05.224+0000] {logging_mixin.py:151} INFO - [2023-10-10T09:00:05.224+0000] {dag.py:2915} INFO - Sync 1 DAGs
[2023-10-10T09:00:05.239+0000] {logging_mixin.py:151} INFO - [2023-10-10T09:00:05.239+0000] {dag.py:3696} INFO - Setting next_dagrun for example_sla_dag to 2023-10-10T08:58:00+00:00, run_after=2023-10-10T09:00:00+00:00
[2023-10-10T09:00:05.249+0000] {processor.py:179} INFO - Processing /home/airflow/.local/lib/python3.8/site-packages/airflow/example_dags/example_sla_dag.py took 0.052 seconds
[2023-10-10T09:00:35.410+0000] {processor.py:157} INFO - Started process (PID=1315) to work on /home/airflow/.local/lib/python3.8/site-packages/airflow/example_dags/example_sla_dag.py
[2023-10-10T09:00:35.411+0000] {processor.py:829} INFO - Processing file /home/airflow/.local/lib/python3.8/site-packages/airflow/example_dags/example_sla_dag.py for tasks to queue
[2023-10-10T09:00:35.413+0000] {logging_mixin.py:151} INFO - [2023-10-10T09:00:35.413+0000] {dagbag.py:539} INFO - Filling up the DagBag from /home/airflow/.local/lib/python3.8/site-packages/airflow/example_dags/example_sla_dag.py
[2023-10-10T09:00:35.420+0000] {processor.py:839} INFO - DAG(s) dict_keys(['example_sla_dag']) retrieved from /home/airflow/.local/lib/python3.8/site-packages/airflow/example_dags/example_sla_dag.py
[2023-10-10T09:00:35.448+0000] {logging_mixin.py:151} INFO - [2023-10-10T09:00:35.448+0000] {dag.py:2915} INFO - Sync 1 DAGs
[2023-10-10T09:00:35.474+0000] {logging_mixin.py:151} INFO - [2023-10-10T09:00:35.474+0000] {dag.py:3696} INFO - Setting next_dagrun for example_sla_dag to 2023-10-10T08:58:00+00:00, run_after=2023-10-10T09:00:00+00:00
[2023-10-10T09:00:35.485+0000] {processor.py:179} INFO - Processing /home/airflow/.local/lib/python3.8/site-packages/airflow/example_dags/example_sla_dag.py took 0.078 seconds
[2023-10-10T09:01:05.783+0000] {processor.py:157} INFO - Started process (PID=1376) to work on /home/airflow/.local/lib/python3.8/site-packages/airflow/example_dags/example_sla_dag.py
[2023-10-10T09:01:05.785+0000] {processor.py:829} INFO - Processing file /home/airflow/.local/lib/python3.8/site-packages/airflow/example_dags/example_sla_dag.py for tasks to queue
[2023-10-10T09:01:05.787+0000] {logging_mixin.py:151} INFO - [2023-10-10T09:01:05.787+0000] {dagbag.py:539} INFO - Filling up the DagBag from /home/airflow/.local/lib/python3.8/site-packages/airflow/example_dags/example_sla_dag.py
[2023-10-10T09:01:05.797+0000] {processor.py:839} INFO - DAG(s) dict_keys(['example_sla_dag']) retrieved from /home/airflow/.local/lib/python3.8/site-packages/airflow/example_dags/example_sla_dag.py
[2023-10-10T09:01:05.816+0000] {logging_mixin.py:151} INFO - [2023-10-10T09:01:05.816+0000] {dag.py:2915} INFO - Sync 1 DAGs
[2023-10-10T09:01:05.837+0000] {logging_mixin.py:151} INFO - [2023-10-10T09:01:05.837+0000] {dag.py:3696} INFO - Setting next_dagrun for example_sla_dag to 2023-10-10T08:58:00+00:00, run_after=2023-10-10T09:00:00+00:00
[2023-10-10T09:01:05.848+0000] {processor.py:179} INFO - Processing /home/airflow/.local/lib/python3.8/site-packages/airflow/example_dags/example_sla_dag.py took 0.068 seconds
[2023-10-10T09:01:35.974+0000] {processor.py:157} INFO - Started process (PID=1437) to work on /home/airflow/.local/lib/python3.8/site-packages/airflow/example_dags/example_sla_dag.py
[2023-10-10T09:01:35.975+0000] {processor.py:829} INFO - Processing file /home/airflow/.local/lib/python3.8/site-packages/airflow/example_dags/example_sla_dag.py for tasks to queue
[2023-10-10T09:01:35.976+0000] {logging_mixin.py:151} INFO - [2023-10-10T09:01:35.976+0000] {dagbag.py:539} INFO - Filling up the DagBag from /home/airflow/.local/lib/python3.8/site-packages/airflow/example_dags/example_sla_dag.py
[2023-10-10T09:01:35.987+0000] {processor.py:839} INFO - DAG(s) dict_keys(['example_sla_dag']) retrieved from /home/airflow/.local/lib/python3.8/site-packages/airflow/example_dags/example_sla_dag.py
[2023-10-10T09:01:36.005+0000] {logging_mixin.py:151} INFO - [2023-10-10T09:01:36.005+0000] {dag.py:2915} INFO - Sync 1 DAGs
[2023-10-10T09:01:36.025+0000] {logging_mixin.py:151} INFO - [2023-10-10T09:01:36.025+0000] {dag.py:3696} INFO - Setting next_dagrun for example_sla_dag to 2023-10-10T08:58:00+00:00, run_after=2023-10-10T09:00:00+00:00
[2023-10-10T09:01:36.035+0000] {processor.py:179} INFO - Processing /home/airflow/.local/lib/python3.8/site-packages/airflow/example_dags/example_sla_dag.py took 0.063 seconds
[2023-10-10T09:02:06.222+0000] {processor.py:157} INFO - Started process (PID=1498) to work on /home/airflow/.local/lib/python3.8/site-packages/airflow/example_dags/example_sla_dag.py
[2023-10-10T09:02:06.223+0000] {processor.py:829} INFO - Processing file /home/airflow/.local/lib/python3.8/site-packages/airflow/example_dags/example_sla_dag.py for tasks to queue
[2023-10-10T09:02:06.226+0000] {logging_mixin.py:151} INFO - [2023-10-10T09:02:06.225+0000] {dagbag.py:539} INFO - Filling up the DagBag from /home/airflow/.local/lib/python3.8/site-packages/airflow/example_dags/example_sla_dag.py
[2023-10-10T09:02:06.233+0000] {processor.py:839} INFO - DAG(s) dict_keys(['example_sla_dag']) retrieved from /home/airflow/.local/lib/python3.8/site-packages/airflow/example_dags/example_sla_dag.py
[2023-10-10T09:02:06.249+0000] {logging_mixin.py:151} INFO - [2023-10-10T09:02:06.249+0000] {dag.py:2915} INFO - Sync 1 DAGs
[2023-10-10T09:02:06.264+0000] {logging_mixin.py:151} INFO - [2023-10-10T09:02:06.264+0000] {dag.py:3696} INFO - Setting next_dagrun for example_sla_dag to 2023-10-10T09:00:00+00:00, run_after=2023-10-10T09:02:00+00:00
[2023-10-10T09:02:06.273+0000] {processor.py:179} INFO - Processing /home/airflow/.local/lib/python3.8/site-packages/airflow/example_dags/example_sla_dag.py took 0.056 seconds
[2023-10-10T09:02:36.871+0000] {processor.py:157} INFO - Started process (PID=1559) to work on /home/airflow/.local/lib/python3.8/site-packages/airflow/example_dags/example_sla_dag.py
[2023-10-10T09:02:36.872+0000] {processor.py:829} INFO - Processing file /home/airflow/.local/lib/python3.8/site-packages/airflow/example_dags/example_sla_dag.py for tasks to queue
[2023-10-10T09:02:36.873+0000] {logging_mixin.py:151} INFO - [2023-10-10T09:02:36.873+0000] {dagbag.py:539} INFO - Filling up the DagBag from /home/airflow/.local/lib/python3.8/site-packages/airflow/example_dags/example_sla_dag.py
[2023-10-10T09:02:36.879+0000] {processor.py:839} INFO - DAG(s) dict_keys(['example_sla_dag']) retrieved from /home/airflow/.local/lib/python3.8/site-packages/airflow/example_dags/example_sla_dag.py
[2023-10-10T09:02:36.895+0000] {logging_mixin.py:151} INFO - [2023-10-10T09:02:36.895+0000] {dag.py:2915} INFO - Sync 1 DAGs
[2023-10-10T09:02:36.909+0000] {logging_mixin.py:151} INFO - [2023-10-10T09:02:36.909+0000] {dag.py:3696} INFO - Setting next_dagrun for example_sla_dag to 2023-10-10T09:00:00+00:00, run_after=2023-10-10T09:02:00+00:00
[2023-10-10T09:02:36.918+0000] {processor.py:179} INFO - Processing /home/airflow/.local/lib/python3.8/site-packages/airflow/example_dags/example_sla_dag.py took 0.050 seconds
[2023-10-10T09:03:07.736+0000] {processor.py:157} INFO - Started process (PID=1620) to work on /home/airflow/.local/lib/python3.8/site-packages/airflow/example_dags/example_sla_dag.py
[2023-10-10T09:03:07.737+0000] {processor.py:829} INFO - Processing file /home/airflow/.local/lib/python3.8/site-packages/airflow/example_dags/example_sla_dag.py for tasks to queue
[2023-10-10T09:03:07.739+0000] {logging_mixin.py:151} INFO - [2023-10-10T09:03:07.738+0000] {dagbag.py:539} INFO - Filling up the DagBag from /home/airflow/.local/lib/python3.8/site-packages/airflow/example_dags/example_sla_dag.py
[2023-10-10T09:03:07.744+0000] {processor.py:839} INFO - DAG(s) dict_keys(['example_sla_dag']) retrieved from /home/airflow/.local/lib/python3.8/site-packages/airflow/example_dags/example_sla_dag.py
[2023-10-10T09:03:07.760+0000] {logging_mixin.py:151} INFO - [2023-10-10T09:03:07.760+0000] {dag.py:2915} INFO - Sync 1 DAGs
[2023-10-10T09:03:07.776+0000] {logging_mixin.py:151} INFO - [2023-10-10T09:03:07.776+0000] {dag.py:3696} INFO - Setting next_dagrun for example_sla_dag to 2023-10-10T09:00:00+00:00, run_after=2023-10-10T09:02:00+00:00
[2023-10-10T09:03:07.790+0000] {processor.py:179} INFO - Processing /home/airflow/.local/lib/python3.8/site-packages/airflow/example_dags/example_sla_dag.py took 0.057 seconds
[2023-10-10T09:03:37.981+0000] {processor.py:157} INFO - Started process (PID=1681) to work on /home/airflow/.local/lib/python3.8/site-packages/airflow/example_dags/example_sla_dag.py
[2023-10-10T09:03:37.982+0000] {processor.py:829} INFO - Processing file /home/airflow/.local/lib/python3.8/site-packages/airflow/example_dags/example_sla_dag.py for tasks to queue
[2023-10-10T09:03:37.983+0000] {logging_mixin.py:151} INFO - [2023-10-10T09:03:37.983+0000] {dagbag.py:539} INFO - Filling up the DagBag from /home/airflow/.local/lib/python3.8/site-packages/airflow/example_dags/example_sla_dag.py
[2023-10-10T09:03:37.989+0000] {processor.py:839} INFO - DAG(s) dict_keys(['example_sla_dag']) retrieved from /home/airflow/.local/lib/python3.8/site-packages/airflow/example_dags/example_sla_dag.py
[2023-10-10T09:03:38.012+0000] {logging_mixin.py:151} INFO - [2023-10-10T09:03:38.012+0000] {dag.py:2915} INFO - Sync 1 DAGs
[2023-10-10T09:03:38.027+0000] {logging_mixin.py:151} INFO - [2023-10-10T09:03:38.027+0000] {dag.py:3696} INFO - Setting next_dagrun for example_sla_dag to 2023-10-10T09:00:00+00:00, run_after=2023-10-10T09:02:00+00:00
[2023-10-10T09:03:38.038+0000] {processor.py:179} INFO - Processing /home/airflow/.local/lib/python3.8/site-packages/airflow/example_dags/example_sla_dag.py took 0.059 seconds
[2023-10-10T09:04:08.596+0000] {processor.py:157} INFO - Started process (PID=1741) to work on /home/airflow/.local/lib/python3.8/site-packages/airflow/example_dags/example_sla_dag.py
[2023-10-10T09:04:08.597+0000] {processor.py:829} INFO - Processing file /home/airflow/.local/lib/python3.8/site-packages/airflow/example_dags/example_sla_dag.py for tasks to queue
[2023-10-10T09:04:08.599+0000] {logging_mixin.py:151} INFO - [2023-10-10T09:04:08.599+0000] {dagbag.py:539} INFO - Filling up the DagBag from /home/airflow/.local/lib/python3.8/site-packages/airflow/example_dags/example_sla_dag.py
[2023-10-10T09:04:08.608+0000] {processor.py:839} INFO - DAG(s) dict_keys(['example_sla_dag']) retrieved from /home/airflow/.local/lib/python3.8/site-packages/airflow/example_dags/example_sla_dag.py
[2023-10-10T09:04:08.632+0000] {logging_mixin.py:151} INFO - [2023-10-10T09:04:08.632+0000] {dag.py:2915} INFO - Sync 1 DAGs
[2023-10-10T09:04:08.663+0000] {logging_mixin.py:151} INFO - [2023-10-10T09:04:08.662+0000] {dag.py:3696} INFO - Setting next_dagrun for example_sla_dag to 2023-10-10T09:02:00+00:00, run_after=2023-10-10T09:04:00+00:00
[2023-10-10T09:04:08.677+0000] {processor.py:179} INFO - Processing /home/airflow/.local/lib/python3.8/site-packages/airflow/example_dags/example_sla_dag.py took 0.084 seconds
[2023-10-10T09:04:39.418+0000] {processor.py:157} INFO - Started process (PID=1802) to work on /home/airflow/.local/lib/python3.8/site-packages/airflow/example_dags/example_sla_dag.py
[2023-10-10T09:04:39.423+0000] {processor.py:829} INFO - Processing file /home/airflow/.local/lib/python3.8/site-packages/airflow/example_dags/example_sla_dag.py for tasks to queue
[2023-10-10T09:04:39.430+0000] {logging_mixin.py:151} INFO - [2023-10-10T09:04:39.429+0000] {dagbag.py:539} INFO - Filling up the DagBag from /home/airflow/.local/lib/python3.8/site-packages/airflow/example_dags/example_sla_dag.py
[2023-10-10T09:04:39.480+0000] {processor.py:839} INFO - DAG(s) dict_keys(['example_sla_dag']) retrieved from /home/airflow/.local/lib/python3.8/site-packages/airflow/example_dags/example_sla_dag.py
[2023-10-10T09:04:39.543+0000] {logging_mixin.py:151} INFO - [2023-10-10T09:04:39.543+0000] {dag.py:2915} INFO - Sync 1 DAGs
[2023-10-10T09:04:39.568+0000] {logging_mixin.py:151} INFO - [2023-10-10T09:04:39.568+0000] {dag.py:3696} INFO - Setting next_dagrun for example_sla_dag to 2023-10-10T09:02:00+00:00, run_after=2023-10-10T09:04:00+00:00
[2023-10-10T09:04:39.587+0000] {processor.py:179} INFO - Processing /home/airflow/.local/lib/python3.8/site-packages/airflow/example_dags/example_sla_dag.py took 0.175 seconds
[2023-10-10T09:05:10.073+0000] {processor.py:157} INFO - Started process (PID=1862) to work on /home/airflow/.local/lib/python3.8/site-packages/airflow/example_dags/example_sla_dag.py
[2023-10-10T09:05:10.074+0000] {processor.py:829} INFO - Processing file /home/airflow/.local/lib/python3.8/site-packages/airflow/example_dags/example_sla_dag.py for tasks to queue
[2023-10-10T09:05:10.075+0000] {logging_mixin.py:151} INFO - [2023-10-10T09:05:10.075+0000] {dagbag.py:539} INFO - Filling up the DagBag from /home/airflow/.local/lib/python3.8/site-packages/airflow/example_dags/example_sla_dag.py
[2023-10-10T09:05:10.083+0000] {processor.py:839} INFO - DAG(s) dict_keys(['example_sla_dag']) retrieved from /home/airflow/.local/lib/python3.8/site-packages/airflow/example_dags/example_sla_dag.py
[2023-10-10T09:05:10.102+0000] {logging_mixin.py:151} INFO - [2023-10-10T09:05:10.102+0000] {dag.py:2915} INFO - Sync 1 DAGs
[2023-10-10T09:05:10.124+0000] {logging_mixin.py:151} INFO - [2023-10-10T09:05:10.124+0000] {dag.py:3696} INFO - Setting next_dagrun for example_sla_dag to 2023-10-10T09:02:00+00:00, run_after=2023-10-10T09:04:00+00:00
[2023-10-10T09:05:10.139+0000] {processor.py:179} INFO - Processing /home/airflow/.local/lib/python3.8/site-packages/airflow/example_dags/example_sla_dag.py took 0.069 seconds
[2023-10-10T09:05:40.618+0000] {processor.py:157} INFO - Started process (PID=1916) to work on /home/airflow/.local/lib/python3.8/site-packages/airflow/example_dags/example_sla_dag.py
[2023-10-10T09:05:40.619+0000] {processor.py:829} INFO - Processing file /home/airflow/.local/lib/python3.8/site-packages/airflow/example_dags/example_sla_dag.py for tasks to queue
[2023-10-10T09:05:40.621+0000] {logging_mixin.py:151} INFO - [2023-10-10T09:05:40.621+0000] {dagbag.py:539} INFO - Filling up the DagBag from /home/airflow/.local/lib/python3.8/site-packages/airflow/example_dags/example_sla_dag.py
[2023-10-10T09:05:40.628+0000] {processor.py:839} INFO - DAG(s) dict_keys(['example_sla_dag']) retrieved from /home/airflow/.local/lib/python3.8/site-packages/airflow/example_dags/example_sla_dag.py
[2023-10-10T09:05:40.644+0000] {logging_mixin.py:151} INFO - [2023-10-10T09:05:40.644+0000] {dag.py:2915} INFO - Sync 1 DAGs
[2023-10-10T09:05:40.658+0000] {logging_mixin.py:151} INFO - [2023-10-10T09:05:40.658+0000] {dag.py:3696} INFO - Setting next_dagrun for example_sla_dag to 2023-10-10T09:02:00+00:00, run_after=2023-10-10T09:04:00+00:00
[2023-10-10T09:05:40.667+0000] {processor.py:179} INFO - Processing /home/airflow/.local/lib/python3.8/site-packages/airflow/example_dags/example_sla_dag.py took 0.051 seconds
[2023-10-10T09:06:11.249+0000] {processor.py:157} INFO - Started process (PID=1977) to work on /home/airflow/.local/lib/python3.8/site-packages/airflow/example_dags/example_sla_dag.py
[2023-10-10T09:06:11.250+0000] {processor.py:829} INFO - Processing file /home/airflow/.local/lib/python3.8/site-packages/airflow/example_dags/example_sla_dag.py for tasks to queue
[2023-10-10T09:06:11.252+0000] {logging_mixin.py:151} INFO - [2023-10-10T09:06:11.252+0000] {dagbag.py:539} INFO - Filling up the DagBag from /home/airflow/.local/lib/python3.8/site-packages/airflow/example_dags/example_sla_dag.py
[2023-10-10T09:06:11.258+0000] {processor.py:839} INFO - DAG(s) dict_keys(['example_sla_dag']) retrieved from /home/airflow/.local/lib/python3.8/site-packages/airflow/example_dags/example_sla_dag.py
[2023-10-10T09:06:11.280+0000] {logging_mixin.py:151} INFO - [2023-10-10T09:06:11.279+0000] {dag.py:2915} INFO - Sync 1 DAGs
[2023-10-10T09:06:11.296+0000] {logging_mixin.py:151} INFO - [2023-10-10T09:06:11.296+0000] {dag.py:3696} INFO - Setting next_dagrun for example_sla_dag to 2023-10-10T09:04:00+00:00, run_after=2023-10-10T09:06:00+00:00
[2023-10-10T09:06:11.313+0000] {processor.py:179} INFO - Processing /home/airflow/.local/lib/python3.8/site-packages/airflow/example_dags/example_sla_dag.py took 0.067 seconds
[2023-10-10T09:06:41.700+0000] {processor.py:157} INFO - Started process (PID=2038) to work on /home/airflow/.local/lib/python3.8/site-packages/airflow/example_dags/example_sla_dag.py
[2023-10-10T09:06:41.702+0000] {processor.py:829} INFO - Processing file /home/airflow/.local/lib/python3.8/site-packages/airflow/example_dags/example_sla_dag.py for tasks to queue
[2023-10-10T09:06:41.704+0000] {logging_mixin.py:151} INFO - [2023-10-10T09:06:41.703+0000] {dagbag.py:539} INFO - Filling up the DagBag from /home/airflow/.local/lib/python3.8/site-packages/airflow/example_dags/example_sla_dag.py
[2023-10-10T09:06:41.710+0000] {processor.py:839} INFO - DAG(s) dict_keys(['example_sla_dag']) retrieved from /home/airflow/.local/lib/python3.8/site-packages/airflow/example_dags/example_sla_dag.py
[2023-10-10T09:06:41.726+0000] {logging_mixin.py:151} INFO - [2023-10-10T09:06:41.726+0000] {dag.py:2915} INFO - Sync 1 DAGs
[2023-10-10T09:06:41.741+0000] {logging_mixin.py:151} INFO - [2023-10-10T09:06:41.741+0000] {dag.py:3696} INFO - Setting next_dagrun for example_sla_dag to 2023-10-10T09:04:00+00:00, run_after=2023-10-10T09:06:00+00:00
[2023-10-10T09:06:41.754+0000] {processor.py:179} INFO - Processing /home/airflow/.local/lib/python3.8/site-packages/airflow/example_dags/example_sla_dag.py took 0.057 seconds
[2023-10-10T09:07:12.186+0000] {processor.py:157} INFO - Started process (PID=2099) to work on /home/airflow/.local/lib/python3.8/site-packages/airflow/example_dags/example_sla_dag.py
[2023-10-10T09:07:12.187+0000] {processor.py:829} INFO - Processing file /home/airflow/.local/lib/python3.8/site-packages/airflow/example_dags/example_sla_dag.py for tasks to queue
[2023-10-10T09:07:12.188+0000] {logging_mixin.py:151} INFO - [2023-10-10T09:07:12.188+0000] {dagbag.py:539} INFO - Filling up the DagBag from /home/airflow/.local/lib/python3.8/site-packages/airflow/example_dags/example_sla_dag.py
[2023-10-10T09:07:12.197+0000] {processor.py:839} INFO - DAG(s) dict_keys(['example_sla_dag']) retrieved from /home/airflow/.local/lib/python3.8/site-packages/airflow/example_dags/example_sla_dag.py
[2023-10-10T09:07:12.223+0000] {logging_mixin.py:151} INFO - [2023-10-10T09:07:12.222+0000] {dag.py:2915} INFO - Sync 1 DAGs
[2023-10-10T09:07:12.239+0000] {logging_mixin.py:151} INFO - [2023-10-10T09:07:12.239+0000] {dag.py:3696} INFO - Setting next_dagrun for example_sla_dag to 2023-10-10T09:04:00+00:00, run_after=2023-10-10T09:06:00+00:00
[2023-10-10T09:07:12.248+0000] {processor.py:179} INFO - Processing /home/airflow/.local/lib/python3.8/site-packages/airflow/example_dags/example_sla_dag.py took 0.064 seconds
[2023-10-10T09:07:43.012+0000] {processor.py:157} INFO - Started process (PID=2167) to work on /home/airflow/.local/lib/python3.8/site-packages/airflow/example_dags/example_sla_dag.py
[2023-10-10T09:07:43.016+0000] {processor.py:829} INFO - Processing file /home/airflow/.local/lib/python3.8/site-packages/airflow/example_dags/example_sla_dag.py for tasks to queue
[2023-10-10T09:07:43.020+0000] {logging_mixin.py:151} INFO - [2023-10-10T09:07:43.020+0000] {dagbag.py:539} INFO - Filling up the DagBag from /home/airflow/.local/lib/python3.8/site-packages/airflow/example_dags/example_sla_dag.py
[2023-10-10T09:07:43.030+0000] {processor.py:839} INFO - DAG(s) dict_keys(['example_sla_dag']) retrieved from /home/airflow/.local/lib/python3.8/site-packages/airflow/example_dags/example_sla_dag.py
[2023-10-10T09:07:43.050+0000] {logging_mixin.py:151} INFO - [2023-10-10T09:07:43.050+0000] {dag.py:2915} INFO - Sync 1 DAGs
[2023-10-10T09:07:43.071+0000] {logging_mixin.py:151} INFO - [2023-10-10T09:07:43.070+0000] {dag.py:3696} INFO - Setting next_dagrun for example_sla_dag to 2023-10-10T09:04:00+00:00, run_after=2023-10-10T09:06:00+00:00
[2023-10-10T09:07:43.081+0000] {processor.py:179} INFO - Processing /home/airflow/.local/lib/python3.8/site-packages/airflow/example_dags/example_sla_dag.py took 0.073 seconds
[2023-10-10T09:08:14.027+0000] {processor.py:157} INFO - Started process (PID=2228) to work on /home/airflow/.local/lib/python3.8/site-packages/airflow/example_dags/example_sla_dag.py
[2023-10-10T09:08:14.028+0000] {processor.py:829} INFO - Processing file /home/airflow/.local/lib/python3.8/site-packages/airflow/example_dags/example_sla_dag.py for tasks to queue
[2023-10-10T09:08:14.032+0000] {logging_mixin.py:151} INFO - [2023-10-10T09:08:14.031+0000] {dagbag.py:539} INFO - Filling up the DagBag from /home/airflow/.local/lib/python3.8/site-packages/airflow/example_dags/example_sla_dag.py
[2023-10-10T09:08:14.041+0000] {processor.py:839} INFO - DAG(s) dict_keys(['example_sla_dag']) retrieved from /home/airflow/.local/lib/python3.8/site-packages/airflow/example_dags/example_sla_dag.py
[2023-10-10T09:08:14.057+0000] {logging_mixin.py:151} INFO - [2023-10-10T09:08:14.057+0000] {dag.py:2915} INFO - Sync 1 DAGs
[2023-10-10T09:08:14.073+0000] {logging_mixin.py:151} INFO - [2023-10-10T09:08:14.073+0000] {dag.py:3696} INFO - Setting next_dagrun for example_sla_dag to 2023-10-10T09:06:00+00:00, run_after=2023-10-10T09:08:00+00:00
[2023-10-10T09:08:14.082+0000] {processor.py:179} INFO - Processing /home/airflow/.local/lib/python3.8/site-packages/airflow/example_dags/example_sla_dag.py took 0.057 seconds
[2023-10-10T09:08:44.565+0000] {processor.py:157} INFO - Started process (PID=2289) to work on /home/airflow/.local/lib/python3.8/site-packages/airflow/example_dags/example_sla_dag.py
[2023-10-10T09:08:44.566+0000] {processor.py:829} INFO - Processing file /home/airflow/.local/lib/python3.8/site-packages/airflow/example_dags/example_sla_dag.py for tasks to queue
[2023-10-10T09:08:44.570+0000] {logging_mixin.py:151} INFO - [2023-10-10T09:08:44.569+0000] {dagbag.py:539} INFO - Filling up the DagBag from /home/airflow/.local/lib/python3.8/site-packages/airflow/example_dags/example_sla_dag.py
[2023-10-10T09:08:44.582+0000] {processor.py:839} INFO - DAG(s) dict_keys(['example_sla_dag']) retrieved from /home/airflow/.local/lib/python3.8/site-packages/airflow/example_dags/example_sla_dag.py
[2023-10-10T09:08:44.600+0000] {logging_mixin.py:151} INFO - [2023-10-10T09:08:44.600+0000] {dag.py:2915} INFO - Sync 1 DAGs
[2023-10-10T09:08:44.621+0000] {logging_mixin.py:151} INFO - [2023-10-10T09:08:44.620+0000] {dag.py:3696} INFO - Setting next_dagrun for example_sla_dag to 2023-10-10T09:06:00+00:00, run_after=2023-10-10T09:08:00+00:00
[2023-10-10T09:08:44.639+0000] {processor.py:179} INFO - Processing /home/airflow/.local/lib/python3.8/site-packages/airflow/example_dags/example_sla_dag.py took 0.077 seconds
[2023-10-10T09:09:15.142+0000] {processor.py:157} INFO - Started process (PID=2350) to work on /home/airflow/.local/lib/python3.8/site-packages/airflow/example_dags/example_sla_dag.py
[2023-10-10T09:09:15.143+0000] {processor.py:829} INFO - Processing file /home/airflow/.local/lib/python3.8/site-packages/airflow/example_dags/example_sla_dag.py for tasks to queue
[2023-10-10T09:09:15.144+0000] {logging_mixin.py:151} INFO - [2023-10-10T09:09:15.144+0000] {dagbag.py:539} INFO - Filling up the DagBag from /home/airflow/.local/lib/python3.8/site-packages/airflow/example_dags/example_sla_dag.py
[2023-10-10T09:09:15.150+0000] {processor.py:839} INFO - DAG(s) dict_keys(['example_sla_dag']) retrieved from /home/airflow/.local/lib/python3.8/site-packages/airflow/example_dags/example_sla_dag.py
[2023-10-10T09:09:15.165+0000] {logging_mixin.py:151} INFO - [2023-10-10T09:09:15.165+0000] {dag.py:2915} INFO - Sync 1 DAGs
[2023-10-10T09:09:15.181+0000] {logging_mixin.py:151} INFO - [2023-10-10T09:09:15.180+0000] {dag.py:3696} INFO - Setting next_dagrun for example_sla_dag to 2023-10-10T09:06:00+00:00, run_after=2023-10-10T09:08:00+00:00
[2023-10-10T09:09:15.190+0000] {processor.py:179} INFO - Processing /home/airflow/.local/lib/python3.8/site-packages/airflow/example_dags/example_sla_dag.py took 0.051 seconds
[2023-10-10T09:09:45.796+0000] {processor.py:157} INFO - Started process (PID=2411) to work on /home/airflow/.local/lib/python3.8/site-packages/airflow/example_dags/example_sla_dag.py
[2023-10-10T09:09:45.797+0000] {processor.py:829} INFO - Processing file /home/airflow/.local/lib/python3.8/site-packages/airflow/example_dags/example_sla_dag.py for tasks to queue
[2023-10-10T09:09:45.800+0000] {logging_mixin.py:151} INFO - [2023-10-10T09:09:45.799+0000] {dagbag.py:539} INFO - Filling up the DagBag from /home/airflow/.local/lib/python3.8/site-packages/airflow/example_dags/example_sla_dag.py
[2023-10-10T09:09:45.806+0000] {processor.py:839} INFO - DAG(s) dict_keys(['example_sla_dag']) retrieved from /home/airflow/.local/lib/python3.8/site-packages/airflow/example_dags/example_sla_dag.py
[2023-10-10T09:09:45.821+0000] {logging_mixin.py:151} INFO - [2023-10-10T09:09:45.821+0000] {dag.py:2915} INFO - Sync 1 DAGs
[2023-10-10T09:09:45.836+0000] {logging_mixin.py:151} INFO - [2023-10-10T09:09:45.836+0000] {dag.py:3696} INFO - Setting next_dagrun for example_sla_dag to 2023-10-10T09:06:00+00:00, run_after=2023-10-10T09:08:00+00:00
[2023-10-10T09:09:45.848+0000] {processor.py:179} INFO - Processing /home/airflow/.local/lib/python3.8/site-packages/airflow/example_dags/example_sla_dag.py took 0.055 seconds
[2023-10-10T09:10:16.123+0000] {processor.py:157} INFO - Started process (PID=2472) to work on /home/airflow/.local/lib/python3.8/site-packages/airflow/example_dags/example_sla_dag.py
[2023-10-10T09:10:16.124+0000] {processor.py:829} INFO - Processing file /home/airflow/.local/lib/python3.8/site-packages/airflow/example_dags/example_sla_dag.py for tasks to queue
[2023-10-10T09:10:16.128+0000] {logging_mixin.py:151} INFO - [2023-10-10T09:10:16.127+0000] {dagbag.py:539} INFO - Filling up the DagBag from /home/airflow/.local/lib/python3.8/site-packages/airflow/example_dags/example_sla_dag.py
[2023-10-10T09:10:16.136+0000] {processor.py:839} INFO - DAG(s) dict_keys(['example_sla_dag']) retrieved from /home/airflow/.local/lib/python3.8/site-packages/airflow/example_dags/example_sla_dag.py
[2023-10-10T09:10:16.171+0000] {logging_mixin.py:151} INFO - [2023-10-10T09:10:16.171+0000] {dag.py:2915} INFO - Sync 1 DAGs
[2023-10-10T09:10:16.194+0000] {logging_mixin.py:151} INFO - [2023-10-10T09:10:16.194+0000] {dag.py:3696} INFO - Setting next_dagrun for example_sla_dag to 2023-10-10T09:08:00+00:00, run_after=2023-10-10T09:10:00+00:00
[2023-10-10T09:10:16.208+0000] {processor.py:179} INFO - Processing /home/airflow/.local/lib/python3.8/site-packages/airflow/example_dags/example_sla_dag.py took 0.088 seconds
[2023-10-10T09:10:46.451+0000] {processor.py:157} INFO - Started process (PID=2532) to work on /home/airflow/.local/lib/python3.8/site-packages/airflow/example_dags/example_sla_dag.py
[2023-10-10T09:10:46.451+0000] {processor.py:829} INFO - Processing file /home/airflow/.local/lib/python3.8/site-packages/airflow/example_dags/example_sla_dag.py for tasks to queue
[2023-10-10T09:10:46.454+0000] {logging_mixin.py:151} INFO - [2023-10-10T09:10:46.454+0000] {dagbag.py:539} INFO - Filling up the DagBag from /home/airflow/.local/lib/python3.8/site-packages/airflow/example_dags/example_sla_dag.py
[2023-10-10T09:10:46.460+0000] {processor.py:839} INFO - DAG(s) dict_keys(['example_sla_dag']) retrieved from /home/airflow/.local/lib/python3.8/site-packages/airflow/example_dags/example_sla_dag.py
[2023-10-10T09:10:46.476+0000] {logging_mixin.py:151} INFO - [2023-10-10T09:10:46.476+0000] {dag.py:2915} INFO - Sync 1 DAGs
[2023-10-10T09:10:46.499+0000] {logging_mixin.py:151} INFO - [2023-10-10T09:10:46.499+0000] {dag.py:3696} INFO - Setting next_dagrun for example_sla_dag to 2023-10-10T09:08:00+00:00, run_after=2023-10-10T09:10:00+00:00
[2023-10-10T09:10:46.512+0000] {processor.py:179} INFO - Processing /home/airflow/.local/lib/python3.8/site-packages/airflow/example_dags/example_sla_dag.py took 0.063 seconds
[2023-10-10T09:11:16.731+0000] {processor.py:157} INFO - Started process (PID=2593) to work on /home/airflow/.local/lib/python3.8/site-packages/airflow/example_dags/example_sla_dag.py
[2023-10-10T09:11:16.732+0000] {processor.py:829} INFO - Processing file /home/airflow/.local/lib/python3.8/site-packages/airflow/example_dags/example_sla_dag.py for tasks to queue
[2023-10-10T09:11:16.735+0000] {logging_mixin.py:151} INFO - [2023-10-10T09:11:16.734+0000] {dagbag.py:539} INFO - Filling up the DagBag from /home/airflow/.local/lib/python3.8/site-packages/airflow/example_dags/example_sla_dag.py
[2023-10-10T09:11:16.741+0000] {processor.py:839} INFO - DAG(s) dict_keys(['example_sla_dag']) retrieved from /home/airflow/.local/lib/python3.8/site-packages/airflow/example_dags/example_sla_dag.py
[2023-10-10T09:11:16.756+0000] {logging_mixin.py:151} INFO - [2023-10-10T09:11:16.756+0000] {dag.py:2915} INFO - Sync 1 DAGs
[2023-10-10T09:11:16.772+0000] {logging_mixin.py:151} INFO - [2023-10-10T09:11:16.772+0000] {dag.py:3696} INFO - Setting next_dagrun for example_sla_dag to 2023-10-10T09:08:00+00:00, run_after=2023-10-10T09:10:00+00:00
[2023-10-10T09:11:16.784+0000] {processor.py:179} INFO - Processing /home/airflow/.local/lib/python3.8/site-packages/airflow/example_dags/example_sla_dag.py took 0.056 seconds
[2023-10-10T09:11:47.148+0000] {processor.py:157} INFO - Started process (PID=2654) to work on /home/airflow/.local/lib/python3.8/site-packages/airflow/example_dags/example_sla_dag.py
[2023-10-10T09:11:47.150+0000] {processor.py:829} INFO - Processing file /home/airflow/.local/lib/python3.8/site-packages/airflow/example_dags/example_sla_dag.py for tasks to queue
[2023-10-10T09:11:47.155+0000] {logging_mixin.py:151} INFO - [2023-10-10T09:11:47.155+0000] {dagbag.py:539} INFO - Filling up the DagBag from /home/airflow/.local/lib/python3.8/site-packages/airflow/example_dags/example_sla_dag.py
[2023-10-10T09:11:47.162+0000] {processor.py:839} INFO - DAG(s) dict_keys(['example_sla_dag']) retrieved from /home/airflow/.local/lib/python3.8/site-packages/airflow/example_dags/example_sla_dag.py
[2023-10-10T09:11:47.179+0000] {logging_mixin.py:151} INFO - [2023-10-10T09:11:47.179+0000] {dag.py:2915} INFO - Sync 1 DAGs
[2023-10-10T09:11:47.197+0000] {logging_mixin.py:151} INFO - [2023-10-10T09:11:47.196+0000] {dag.py:3696} INFO - Setting next_dagrun for example_sla_dag to 2023-10-10T09:08:00+00:00, run_after=2023-10-10T09:10:00+00:00
[2023-10-10T09:11:47.206+0000] {processor.py:179} INFO - Processing /home/airflow/.local/lib/python3.8/site-packages/airflow/example_dags/example_sla_dag.py took 0.061 seconds
[2023-10-10T09:12:17.948+0000] {processor.py:157} INFO - Started process (PID=2715) to work on /home/airflow/.local/lib/python3.8/site-packages/airflow/example_dags/example_sla_dag.py
[2023-10-10T09:12:17.949+0000] {processor.py:829} INFO - Processing file /home/airflow/.local/lib/python3.8/site-packages/airflow/example_dags/example_sla_dag.py for tasks to queue
[2023-10-10T09:12:17.951+0000] {logging_mixin.py:151} INFO - [2023-10-10T09:12:17.951+0000] {dagbag.py:539} INFO - Filling up the DagBag from /home/airflow/.local/lib/python3.8/site-packages/airflow/example_dags/example_sla_dag.py
[2023-10-10T09:12:17.958+0000] {processor.py:839} INFO - DAG(s) dict_keys(['example_sla_dag']) retrieved from /home/airflow/.local/lib/python3.8/site-packages/airflow/example_dags/example_sla_dag.py
[2023-10-10T09:12:17.977+0000] {logging_mixin.py:151} INFO - [2023-10-10T09:12:17.977+0000] {dag.py:2915} INFO - Sync 1 DAGs
[2023-10-10T09:12:17.992+0000] {logging_mixin.py:151} INFO - [2023-10-10T09:12:17.992+0000] {dag.py:3696} INFO - Setting next_dagrun for example_sla_dag to 2023-10-10T09:10:00+00:00, run_after=2023-10-10T09:12:00+00:00
[2023-10-10T09:12:18.009+0000] {processor.py:179} INFO - Processing /home/airflow/.local/lib/python3.8/site-packages/airflow/example_dags/example_sla_dag.py took 0.064 seconds
[2023-10-10T09:12:48.484+0000] {processor.py:157} INFO - Started process (PID=2776) to work on /home/airflow/.local/lib/python3.8/site-packages/airflow/example_dags/example_sla_dag.py
[2023-10-10T09:12:48.485+0000] {processor.py:829} INFO - Processing file /home/airflow/.local/lib/python3.8/site-packages/airflow/example_dags/example_sla_dag.py for tasks to queue
[2023-10-10T09:12:48.486+0000] {logging_mixin.py:151} INFO - [2023-10-10T09:12:48.486+0000] {dagbag.py:539} INFO - Filling up the DagBag from /home/airflow/.local/lib/python3.8/site-packages/airflow/example_dags/example_sla_dag.py
[2023-10-10T09:12:48.492+0000] {processor.py:839} INFO - DAG(s) dict_keys(['example_sla_dag']) retrieved from /home/airflow/.local/lib/python3.8/site-packages/airflow/example_dags/example_sla_dag.py
[2023-10-10T09:12:48.507+0000] {logging_mixin.py:151} INFO - [2023-10-10T09:12:48.506+0000] {dag.py:2915} INFO - Sync 1 DAGs
[2023-10-10T09:12:48.521+0000] {logging_mixin.py:151} INFO - [2023-10-10T09:12:48.521+0000] {dag.py:3696} INFO - Setting next_dagrun for example_sla_dag to 2023-10-10T09:10:00+00:00, run_after=2023-10-10T09:12:00+00:00
[2023-10-10T09:12:48.530+0000] {processor.py:179} INFO - Processing /home/airflow/.local/lib/python3.8/site-packages/airflow/example_dags/example_sla_dag.py took 0.048 seconds
[2023-10-10T09:13:19.425+0000] {processor.py:157} INFO - Started process (PID=2837) to work on /home/airflow/.local/lib/python3.8/site-packages/airflow/example_dags/example_sla_dag.py
[2023-10-10T09:13:19.427+0000] {processor.py:829} INFO - Processing file /home/airflow/.local/lib/python3.8/site-packages/airflow/example_dags/example_sla_dag.py for tasks to queue
[2023-10-10T09:13:19.428+0000] {logging_mixin.py:151} INFO - [2023-10-10T09:13:19.428+0000] {dagbag.py:539} INFO - Filling up the DagBag from /home/airflow/.local/lib/python3.8/site-packages/airflow/example_dags/example_sla_dag.py
[2023-10-10T09:13:19.434+0000] {processor.py:839} INFO - DAG(s) dict_keys(['example_sla_dag']) retrieved from /home/airflow/.local/lib/python3.8/site-packages/airflow/example_dags/example_sla_dag.py
[2023-10-10T09:13:19.452+0000] {logging_mixin.py:151} INFO - [2023-10-10T09:13:19.452+0000] {dag.py:2915} INFO - Sync 1 DAGs
[2023-10-10T09:13:19.471+0000] {logging_mixin.py:151} INFO - [2023-10-10T09:13:19.471+0000] {dag.py:3696} INFO - Setting next_dagrun for example_sla_dag to 2023-10-10T09:10:00+00:00, run_after=2023-10-10T09:12:00+00:00
[2023-10-10T09:13:19.481+0000] {processor.py:179} INFO - Processing /home/airflow/.local/lib/python3.8/site-packages/airflow/example_dags/example_sla_dag.py took 0.059 seconds
[2023-10-10T09:13:49.947+0000] {processor.py:157} INFO - Started process (PID=2898) to work on /home/airflow/.local/lib/python3.8/site-packages/airflow/example_dags/example_sla_dag.py
[2023-10-10T09:13:49.948+0000] {processor.py:829} INFO - Processing file /home/airflow/.local/lib/python3.8/site-packages/airflow/example_dags/example_sla_dag.py for tasks to queue
[2023-10-10T09:13:49.950+0000] {logging_mixin.py:151} INFO - [2023-10-10T09:13:49.950+0000] {dagbag.py:539} INFO - Filling up the DagBag from /home/airflow/.local/lib/python3.8/site-packages/airflow/example_dags/example_sla_dag.py
[2023-10-10T09:13:49.956+0000] {processor.py:839} INFO - DAG(s) dict_keys(['example_sla_dag']) retrieved from /home/airflow/.local/lib/python3.8/site-packages/airflow/example_dags/example_sla_dag.py
[2023-10-10T09:13:49.971+0000] {logging_mixin.py:151} INFO - [2023-10-10T09:13:49.971+0000] {dag.py:2915} INFO - Sync 1 DAGs
[2023-10-10T09:13:49.988+0000] {logging_mixin.py:151} INFO - [2023-10-10T09:13:49.988+0000] {dag.py:3696} INFO - Setting next_dagrun for example_sla_dag to 2023-10-10T09:10:00+00:00, run_after=2023-10-10T09:12:00+00:00
[2023-10-10T09:13:49.998+0000] {processor.py:179} INFO - Processing /home/airflow/.local/lib/python3.8/site-packages/airflow/example_dags/example_sla_dag.py took 0.054 seconds
[2023-10-10T09:14:20.549+0000] {processor.py:157} INFO - Started process (PID=2959) to work on /home/airflow/.local/lib/python3.8/site-packages/airflow/example_dags/example_sla_dag.py
[2023-10-10T09:14:20.550+0000] {processor.py:829} INFO - Processing file /home/airflow/.local/lib/python3.8/site-packages/airflow/example_dags/example_sla_dag.py for tasks to queue
[2023-10-10T09:14:20.558+0000] {logging_mixin.py:151} INFO - [2023-10-10T09:14:20.557+0000] {dagbag.py:539} INFO - Filling up the DagBag from /home/airflow/.local/lib/python3.8/site-packages/airflow/example_dags/example_sla_dag.py
[2023-10-10T09:14:20.571+0000] {processor.py:839} INFO - DAG(s) dict_keys(['example_sla_dag']) retrieved from /home/airflow/.local/lib/python3.8/site-packages/airflow/example_dags/example_sla_dag.py
[2023-10-10T09:14:20.606+0000] {logging_mixin.py:151} INFO - [2023-10-10T09:14:20.606+0000] {dag.py:2915} INFO - Sync 1 DAGs
[2023-10-10T09:14:20.640+0000] {logging_mixin.py:151} INFO - [2023-10-10T09:14:20.640+0000] {dag.py:3696} INFO - Setting next_dagrun for example_sla_dag to 2023-10-10T09:12:00+00:00, run_after=2023-10-10T09:14:00+00:00
[2023-10-10T09:14:20.659+0000] {processor.py:179} INFO - Processing /home/airflow/.local/lib/python3.8/site-packages/airflow/example_dags/example_sla_dag.py took 0.112 seconds
[2023-10-10T09:14:51.223+0000] {processor.py:157} INFO - Started process (PID=3020) to work on /home/airflow/.local/lib/python3.8/site-packages/airflow/example_dags/example_sla_dag.py
[2023-10-10T09:14:51.225+0000] {processor.py:829} INFO - Processing file /home/airflow/.local/lib/python3.8/site-packages/airflow/example_dags/example_sla_dag.py for tasks to queue
[2023-10-10T09:14:51.227+0000] {logging_mixin.py:151} INFO - [2023-10-10T09:14:51.227+0000] {dagbag.py:539} INFO - Filling up the DagBag from /home/airflow/.local/lib/python3.8/site-packages/airflow/example_dags/example_sla_dag.py
[2023-10-10T09:14:51.235+0000] {processor.py:839} INFO - DAG(s) dict_keys(['example_sla_dag']) retrieved from /home/airflow/.local/lib/python3.8/site-packages/airflow/example_dags/example_sla_dag.py
[2023-10-10T09:14:51.254+0000] {logging_mixin.py:151} INFO - [2023-10-10T09:14:51.253+0000] {dag.py:2915} INFO - Sync 1 DAGs
[2023-10-10T09:14:51.271+0000] {logging_mixin.py:151} INFO - [2023-10-10T09:14:51.271+0000] {dag.py:3696} INFO - Setting next_dagrun for example_sla_dag to 2023-10-10T09:12:00+00:00, run_after=2023-10-10T09:14:00+00:00
[2023-10-10T09:14:51.293+0000] {processor.py:179} INFO - Processing /home/airflow/.local/lib/python3.8/site-packages/airflow/example_dags/example_sla_dag.py took 0.074 seconds
[2023-10-10T09:15:21.535+0000] {processor.py:157} INFO - Started process (PID=3081) to work on /home/airflow/.local/lib/python3.8/site-packages/airflow/example_dags/example_sla_dag.py
[2023-10-10T09:15:21.536+0000] {processor.py:829} INFO - Processing file /home/airflow/.local/lib/python3.8/site-packages/airflow/example_dags/example_sla_dag.py for tasks to queue
[2023-10-10T09:15:21.538+0000] {logging_mixin.py:151} INFO - [2023-10-10T09:15:21.538+0000] {dagbag.py:539} INFO - Filling up the DagBag from /home/airflow/.local/lib/python3.8/site-packages/airflow/example_dags/example_sla_dag.py
[2023-10-10T09:15:21.546+0000] {processor.py:839} INFO - DAG(s) dict_keys(['example_sla_dag']) retrieved from /home/airflow/.local/lib/python3.8/site-packages/airflow/example_dags/example_sla_dag.py
[2023-10-10T09:15:21.567+0000] {logging_mixin.py:151} INFO - [2023-10-10T09:15:21.567+0000] {dag.py:2915} INFO - Sync 1 DAGs
[2023-10-10T09:15:21.582+0000] {logging_mixin.py:151} INFO - [2023-10-10T09:15:21.582+0000] {dag.py:3696} INFO - Setting next_dagrun for example_sla_dag to 2023-10-10T09:12:00+00:00, run_after=2023-10-10T09:14:00+00:00
[2023-10-10T09:15:21.591+0000] {processor.py:179} INFO - Processing /home/airflow/.local/lib/python3.8/site-packages/airflow/example_dags/example_sla_dag.py took 0.059 seconds
[2023-10-10T09:15:51.927+0000] {processor.py:157} INFO - Started process (PID=3142) to work on /home/airflow/.local/lib/python3.8/site-packages/airflow/example_dags/example_sla_dag.py
[2023-10-10T09:15:51.928+0000] {processor.py:829} INFO - Processing file /home/airflow/.local/lib/python3.8/site-packages/airflow/example_dags/example_sla_dag.py for tasks to queue
[2023-10-10T09:15:51.931+0000] {logging_mixin.py:151} INFO - [2023-10-10T09:15:51.931+0000] {dagbag.py:539} INFO - Filling up the DagBag from /home/airflow/.local/lib/python3.8/site-packages/airflow/example_dags/example_sla_dag.py
[2023-10-10T09:15:51.937+0000] {processor.py:839} INFO - DAG(s) dict_keys(['example_sla_dag']) retrieved from /home/airflow/.local/lib/python3.8/site-packages/airflow/example_dags/example_sla_dag.py
[2023-10-10T09:15:51.953+0000] {logging_mixin.py:151} INFO - [2023-10-10T09:15:51.952+0000] {dag.py:2915} INFO - Sync 1 DAGs
[2023-10-10T09:15:51.968+0000] {logging_mixin.py:151} INFO - [2023-10-10T09:15:51.968+0000] {dag.py:3696} INFO - Setting next_dagrun for example_sla_dag to 2023-10-10T09:12:00+00:00, run_after=2023-10-10T09:14:00+00:00
[2023-10-10T09:15:51.978+0000] {processor.py:179} INFO - Processing /home/airflow/.local/lib/python3.8/site-packages/airflow/example_dags/example_sla_dag.py took 0.054 seconds
[2023-10-10T09:16:22.654+0000] {processor.py:157} INFO - Started process (PID=3203) to work on /home/airflow/.local/lib/python3.8/site-packages/airflow/example_dags/example_sla_dag.py
[2023-10-10T09:16:22.656+0000] {processor.py:829} INFO - Processing file /home/airflow/.local/lib/python3.8/site-packages/airflow/example_dags/example_sla_dag.py for tasks to queue
[2023-10-10T09:16:22.658+0000] {logging_mixin.py:151} INFO - [2023-10-10T09:16:22.658+0000] {dagbag.py:539} INFO - Filling up the DagBag from /home/airflow/.local/lib/python3.8/site-packages/airflow/example_dags/example_sla_dag.py
[2023-10-10T09:16:22.668+0000] {processor.py:839} INFO - DAG(s) dict_keys(['example_sla_dag']) retrieved from /home/airflow/.local/lib/python3.8/site-packages/airflow/example_dags/example_sla_dag.py
[2023-10-10T09:16:22.684+0000] {logging_mixin.py:151} INFO - [2023-10-10T09:16:22.684+0000] {dag.py:2915} INFO - Sync 1 DAGs
[2023-10-10T09:16:22.710+0000] {logging_mixin.py:151} INFO - [2023-10-10T09:16:22.710+0000] {dag.py:3696} INFO - Setting next_dagrun for example_sla_dag to 2023-10-10T09:14:00+00:00, run_after=2023-10-10T09:16:00+00:00
[2023-10-10T09:16:22.735+0000] {processor.py:179} INFO - Processing /home/airflow/.local/lib/python3.8/site-packages/airflow/example_dags/example_sla_dag.py took 0.083 seconds
[2023-10-10T09:16:53.157+0000] {processor.py:157} INFO - Started process (PID=3264) to work on /home/airflow/.local/lib/python3.8/site-packages/airflow/example_dags/example_sla_dag.py
[2023-10-10T09:16:53.157+0000] {processor.py:829} INFO - Processing file /home/airflow/.local/lib/python3.8/site-packages/airflow/example_dags/example_sla_dag.py for tasks to queue
[2023-10-10T09:16:53.159+0000] {logging_mixin.py:151} INFO - [2023-10-10T09:16:53.159+0000] {dagbag.py:539} INFO - Filling up the DagBag from /home/airflow/.local/lib/python3.8/site-packages/airflow/example_dags/example_sla_dag.py
[2023-10-10T09:16:53.171+0000] {processor.py:839} INFO - DAG(s) dict_keys(['example_sla_dag']) retrieved from /home/airflow/.local/lib/python3.8/site-packages/airflow/example_dags/example_sla_dag.py
[2023-10-10T09:16:53.188+0000] {logging_mixin.py:151} INFO - [2023-10-10T09:16:53.188+0000] {dag.py:2915} INFO - Sync 1 DAGs
[2023-10-10T09:16:53.203+0000] {logging_mixin.py:151} INFO - [2023-10-10T09:16:53.203+0000] {dag.py:3696} INFO - Setting next_dagrun for example_sla_dag to 2023-10-10T09:14:00+00:00, run_after=2023-10-10T09:16:00+00:00
[2023-10-10T09:16:53.212+0000] {processor.py:179} INFO - Processing /home/airflow/.local/lib/python3.8/site-packages/airflow/example_dags/example_sla_dag.py took 0.057 seconds
[2023-10-10T09:17:23.337+0000] {processor.py:157} INFO - Started process (PID=3324) to work on /home/airflow/.local/lib/python3.8/site-packages/airflow/example_dags/example_sla_dag.py
[2023-10-10T09:17:23.338+0000] {processor.py:829} INFO - Processing file /home/airflow/.local/lib/python3.8/site-packages/airflow/example_dags/example_sla_dag.py for tasks to queue
[2023-10-10T09:17:23.343+0000] {logging_mixin.py:151} INFO - [2023-10-10T09:17:23.342+0000] {dagbag.py:539} INFO - Filling up the DagBag from /home/airflow/.local/lib/python3.8/site-packages/airflow/example_dags/example_sla_dag.py
[2023-10-10T09:17:23.356+0000] {processor.py:839} INFO - DAG(s) dict_keys(['example_sla_dag']) retrieved from /home/airflow/.local/lib/python3.8/site-packages/airflow/example_dags/example_sla_dag.py
[2023-10-10T09:17:23.374+0000] {logging_mixin.py:151} INFO - [2023-10-10T09:17:23.374+0000] {dag.py:2915} INFO - Sync 1 DAGs
[2023-10-10T09:17:23.390+0000] {logging_mixin.py:151} INFO - [2023-10-10T09:17:23.390+0000] {dag.py:3696} INFO - Setting next_dagrun for example_sla_dag to 2023-10-10T09:14:00+00:00, run_after=2023-10-10T09:16:00+00:00
[2023-10-10T09:17:23.400+0000] {processor.py:179} INFO - Processing /home/airflow/.local/lib/python3.8/site-packages/airflow/example_dags/example_sla_dag.py took 0.065 seconds
[2023-10-10T09:17:53.546+0000] {processor.py:157} INFO - Started process (PID=3385) to work on /home/airflow/.local/lib/python3.8/site-packages/airflow/example_dags/example_sla_dag.py
[2023-10-10T09:17:53.548+0000] {processor.py:829} INFO - Processing file /home/airflow/.local/lib/python3.8/site-packages/airflow/example_dags/example_sla_dag.py for tasks to queue
[2023-10-10T09:17:53.552+0000] {logging_mixin.py:151} INFO - [2023-10-10T09:17:53.551+0000] {dagbag.py:539} INFO - Filling up the DagBag from /home/airflow/.local/lib/python3.8/site-packages/airflow/example_dags/example_sla_dag.py
[2023-10-10T09:17:53.558+0000] {processor.py:839} INFO - DAG(s) dict_keys(['example_sla_dag']) retrieved from /home/airflow/.local/lib/python3.8/site-packages/airflow/example_dags/example_sla_dag.py
[2023-10-10T09:17:53.573+0000] {logging_mixin.py:151} INFO - [2023-10-10T09:17:53.573+0000] {dag.py:2915} INFO - Sync 1 DAGs
[2023-10-10T09:17:53.589+0000] {logging_mixin.py:151} INFO - [2023-10-10T09:17:53.589+0000] {dag.py:3696} INFO - Setting next_dagrun for example_sla_dag to 2023-10-10T09:14:00+00:00, run_after=2023-10-10T09:16:00+00:00
[2023-10-10T09:17:53.606+0000] {processor.py:179} INFO - Processing /home/airflow/.local/lib/python3.8/site-packages/airflow/example_dags/example_sla_dag.py took 0.062 seconds
[2023-10-10T09:18:23.812+0000] {processor.py:157} INFO - Started process (PID=3446) to work on /home/airflow/.local/lib/python3.8/site-packages/airflow/example_dags/example_sla_dag.py
[2023-10-10T09:18:23.813+0000] {processor.py:829} INFO - Processing file /home/airflow/.local/lib/python3.8/site-packages/airflow/example_dags/example_sla_dag.py for tasks to queue
[2023-10-10T09:18:23.815+0000] {logging_mixin.py:151} INFO - [2023-10-10T09:18:23.815+0000] {dagbag.py:539} INFO - Filling up the DagBag from /home/airflow/.local/lib/python3.8/site-packages/airflow/example_dags/example_sla_dag.py
[2023-10-10T09:18:23.823+0000] {processor.py:839} INFO - DAG(s) dict_keys(['example_sla_dag']) retrieved from /home/airflow/.local/lib/python3.8/site-packages/airflow/example_dags/example_sla_dag.py
[2023-10-10T09:18:23.838+0000] {logging_mixin.py:151} INFO - [2023-10-10T09:18:23.838+0000] {dag.py:2915} INFO - Sync 1 DAGs
[2023-10-10T09:18:23.854+0000] {logging_mixin.py:151} INFO - [2023-10-10T09:18:23.853+0000] {dag.py:3696} INFO - Setting next_dagrun for example_sla_dag to 2023-10-10T09:16:00+00:00, run_after=2023-10-10T09:18:00+00:00
[2023-10-10T09:18:23.863+0000] {processor.py:179} INFO - Processing /home/airflow/.local/lib/python3.8/site-packages/airflow/example_dags/example_sla_dag.py took 0.054 seconds
[2023-10-10T09:18:53.991+0000] {processor.py:157} INFO - Started process (PID=3507) to work on /home/airflow/.local/lib/python3.8/site-packages/airflow/example_dags/example_sla_dag.py
[2023-10-10T09:18:53.992+0000] {processor.py:829} INFO - Processing file /home/airflow/.local/lib/python3.8/site-packages/airflow/example_dags/example_sla_dag.py for tasks to queue
[2023-10-10T09:18:53.994+0000] {logging_mixin.py:151} INFO - [2023-10-10T09:18:53.994+0000] {dagbag.py:539} INFO - Filling up the DagBag from /home/airflow/.local/lib/python3.8/site-packages/airflow/example_dags/example_sla_dag.py
[2023-10-10T09:18:54.000+0000] {processor.py:839} INFO - DAG(s) dict_keys(['example_sla_dag']) retrieved from /home/airflow/.local/lib/python3.8/site-packages/airflow/example_dags/example_sla_dag.py
[2023-10-10T09:18:54.018+0000] {logging_mixin.py:151} INFO - [2023-10-10T09:18:54.018+0000] {dag.py:2915} INFO - Sync 1 DAGs
[2023-10-10T09:18:54.035+0000] {logging_mixin.py:151} INFO - [2023-10-10T09:18:54.034+0000] {dag.py:3696} INFO - Setting next_dagrun for example_sla_dag to 2023-10-10T09:16:00+00:00, run_after=2023-10-10T09:18:00+00:00
[2023-10-10T09:18:54.044+0000] {processor.py:179} INFO - Processing /home/airflow/.local/lib/python3.8/site-packages/airflow/example_dags/example_sla_dag.py took 0.056 seconds
[2023-10-10T09:19:24.273+0000] {processor.py:157} INFO - Started process (PID=3568) to work on /home/airflow/.local/lib/python3.8/site-packages/airflow/example_dags/example_sla_dag.py
[2023-10-10T09:19:24.274+0000] {processor.py:829} INFO - Processing file /home/airflow/.local/lib/python3.8/site-packages/airflow/example_dags/example_sla_dag.py for tasks to queue
[2023-10-10T09:19:24.275+0000] {logging_mixin.py:151} INFO - [2023-10-10T09:19:24.275+0000] {dagbag.py:539} INFO - Filling up the DagBag from /home/airflow/.local/lib/python3.8/site-packages/airflow/example_dags/example_sla_dag.py
[2023-10-10T09:19:24.281+0000] {processor.py:839} INFO - DAG(s) dict_keys(['example_sla_dag']) retrieved from /home/airflow/.local/lib/python3.8/site-packages/airflow/example_dags/example_sla_dag.py
[2023-10-10T09:19:24.302+0000] {logging_mixin.py:151} INFO - [2023-10-10T09:19:24.302+0000] {dag.py:2915} INFO - Sync 1 DAGs
[2023-10-10T09:19:24.318+0000] {logging_mixin.py:151} INFO - [2023-10-10T09:19:24.318+0000] {dag.py:3696} INFO - Setting next_dagrun for example_sla_dag to 2023-10-10T09:16:00+00:00, run_after=2023-10-10T09:18:00+00:00
[2023-10-10T09:19:24.328+0000] {processor.py:179} INFO - Processing /home/airflow/.local/lib/python3.8/site-packages/airflow/example_dags/example_sla_dag.py took 0.058 seconds
[2023-10-10T09:19:54.649+0000] {processor.py:157} INFO - Started process (PID=3629) to work on /home/airflow/.local/lib/python3.8/site-packages/airflow/example_dags/example_sla_dag.py
[2023-10-10T09:19:54.650+0000] {processor.py:829} INFO - Processing file /home/airflow/.local/lib/python3.8/site-packages/airflow/example_dags/example_sla_dag.py for tasks to queue
[2023-10-10T09:19:54.651+0000] {logging_mixin.py:151} INFO - [2023-10-10T09:19:54.651+0000] {dagbag.py:539} INFO - Filling up the DagBag from /home/airflow/.local/lib/python3.8/site-packages/airflow/example_dags/example_sla_dag.py
[2023-10-10T09:19:54.657+0000] {processor.py:839} INFO - DAG(s) dict_keys(['example_sla_dag']) retrieved from /home/airflow/.local/lib/python3.8/site-packages/airflow/example_dags/example_sla_dag.py
[2023-10-10T09:19:54.677+0000] {logging_mixin.py:151} INFO - [2023-10-10T09:19:54.676+0000] {dag.py:2915} INFO - Sync 1 DAGs
[2023-10-10T09:19:54.702+0000] {logging_mixin.py:151} INFO - [2023-10-10T09:19:54.702+0000] {dag.py:3696} INFO - Setting next_dagrun for example_sla_dag to 2023-10-10T09:16:00+00:00, run_after=2023-10-10T09:18:00+00:00
[2023-10-10T09:19:54.715+0000] {processor.py:179} INFO - Processing /home/airflow/.local/lib/python3.8/site-packages/airflow/example_dags/example_sla_dag.py took 0.069 seconds
