[2023-10-10T08:50:17.122+0000] {processor.py:157} INFO - Started process (PID=84) to work on /home/airflow/.local/lib/python3.8/site-packages/airflow/example_dags/example_bash_operator.py
[2023-10-10T08:50:17.130+0000] {processor.py:829} INFO - Processing file /home/airflow/.local/lib/python3.8/site-packages/airflow/example_dags/example_bash_operator.py for tasks to queue
[2023-10-10T08:50:17.150+0000] {logging_mixin.py:151} INFO - [2023-10-10T08:50:17.148+0000] {dagbag.py:539} INFO - Filling up the DagBag from /home/airflow/.local/lib/python3.8/site-packages/airflow/example_dags/example_bash_operator.py
[2023-10-10T08:50:17.230+0000] {processor.py:839} INFO - DAG(s) dict_keys(['example_bash_operator']) retrieved from /home/airflow/.local/lib/python3.8/site-packages/airflow/example_dags/example_bash_operator.py
[2023-10-10T08:50:17.431+0000] {logging_mixin.py:151} INFO - [2023-10-10T08:50:17.428+0000] {dag.py:2915} INFO - Sync 1 DAGs
[2023-10-10T08:50:17.987+0000] {logging_mixin.py:151} INFO - [2023-10-10T08:50:17.976+0000] {dag.py:3696} INFO - Setting next_dagrun for example_bash_operator to 2023-10-09T00:00:00+00:00, run_after=2023-10-10T00:00:00+00:00
[2023-10-10T08:50:18.160+0000] {processor.py:179} INFO - Processing /home/airflow/.local/lib/python3.8/site-packages/airflow/example_dags/example_bash_operator.py took 1.054 seconds
[2023-10-10T08:50:48.337+0000] {processor.py:157} INFO - Started process (PID=145) to work on /home/airflow/.local/lib/python3.8/site-packages/airflow/example_dags/example_bash_operator.py
[2023-10-10T08:50:48.338+0000] {processor.py:829} INFO - Processing file /home/airflow/.local/lib/python3.8/site-packages/airflow/example_dags/example_bash_operator.py for tasks to queue
[2023-10-10T08:50:48.341+0000] {logging_mixin.py:151} INFO - [2023-10-10T08:50:48.340+0000] {dagbag.py:539} INFO - Filling up the DagBag from /home/airflow/.local/lib/python3.8/site-packages/airflow/example_dags/example_bash_operator.py
[2023-10-10T08:50:48.361+0000] {processor.py:839} INFO - DAG(s) dict_keys(['example_bash_operator']) retrieved from /home/airflow/.local/lib/python3.8/site-packages/airflow/example_dags/example_bash_operator.py
[2023-10-10T08:50:48.404+0000] {logging_mixin.py:151} INFO - [2023-10-10T08:50:48.404+0000] {dag.py:2915} INFO - Sync 1 DAGs
[2023-10-10T08:50:48.430+0000] {logging_mixin.py:151} INFO - [2023-10-10T08:50:48.430+0000] {dag.py:3696} INFO - Setting next_dagrun for example_bash_operator to 2023-10-09T00:00:00+00:00, run_after=2023-10-10T00:00:00+00:00
[2023-10-10T08:50:48.450+0000] {processor.py:179} INFO - Processing /home/airflow/.local/lib/python3.8/site-packages/airflow/example_dags/example_bash_operator.py took 0.117 seconds
[2023-10-10T08:51:19.066+0000] {processor.py:157} INFO - Started process (PID=206) to work on /home/airflow/.local/lib/python3.8/site-packages/airflow/example_dags/example_bash_operator.py
[2023-10-10T08:51:19.067+0000] {processor.py:829} INFO - Processing file /home/airflow/.local/lib/python3.8/site-packages/airflow/example_dags/example_bash_operator.py for tasks to queue
[2023-10-10T08:51:19.070+0000] {logging_mixin.py:151} INFO - [2023-10-10T08:51:19.069+0000] {dagbag.py:539} INFO - Filling up the DagBag from /home/airflow/.local/lib/python3.8/site-packages/airflow/example_dags/example_bash_operator.py
[2023-10-10T08:51:19.089+0000] {processor.py:839} INFO - DAG(s) dict_keys(['example_bash_operator']) retrieved from /home/airflow/.local/lib/python3.8/site-packages/airflow/example_dags/example_bash_operator.py
[2023-10-10T08:51:19.128+0000] {logging_mixin.py:151} INFO - [2023-10-10T08:51:19.128+0000] {dag.py:2915} INFO - Sync 1 DAGs
[2023-10-10T08:51:19.156+0000] {logging_mixin.py:151} INFO - [2023-10-10T08:51:19.155+0000] {dag.py:3696} INFO - Setting next_dagrun for example_bash_operator to 2023-10-09T00:00:00+00:00, run_after=2023-10-10T00:00:00+00:00
[2023-10-10T08:51:19.171+0000] {processor.py:179} INFO - Processing /home/airflow/.local/lib/python3.8/site-packages/airflow/example_dags/example_bash_operator.py took 0.108 seconds
[2023-10-10T08:51:49.464+0000] {processor.py:157} INFO - Started process (PID=267) to work on /home/airflow/.local/lib/python3.8/site-packages/airflow/example_dags/example_bash_operator.py
[2023-10-10T08:51:49.465+0000] {processor.py:829} INFO - Processing file /home/airflow/.local/lib/python3.8/site-packages/airflow/example_dags/example_bash_operator.py for tasks to queue
[2023-10-10T08:51:49.468+0000] {logging_mixin.py:151} INFO - [2023-10-10T08:51:49.468+0000] {dagbag.py:539} INFO - Filling up the DagBag from /home/airflow/.local/lib/python3.8/site-packages/airflow/example_dags/example_bash_operator.py
[2023-10-10T08:51:49.482+0000] {processor.py:839} INFO - DAG(s) dict_keys(['example_bash_operator']) retrieved from /home/airflow/.local/lib/python3.8/site-packages/airflow/example_dags/example_bash_operator.py
[2023-10-10T08:51:49.522+0000] {logging_mixin.py:151} INFO - [2023-10-10T08:51:49.522+0000] {dag.py:2915} INFO - Sync 1 DAGs
[2023-10-10T08:51:49.554+0000] {logging_mixin.py:151} INFO - [2023-10-10T08:51:49.553+0000] {dag.py:3696} INFO - Setting next_dagrun for example_bash_operator to 2023-10-09T00:00:00+00:00, run_after=2023-10-10T00:00:00+00:00
[2023-10-10T08:51:49.591+0000] {processor.py:179} INFO - Processing /home/airflow/.local/lib/python3.8/site-packages/airflow/example_dags/example_bash_operator.py took 0.131 seconds
[2023-10-10T08:52:19.824+0000] {processor.py:157} INFO - Started process (PID=328) to work on /home/airflow/.local/lib/python3.8/site-packages/airflow/example_dags/example_bash_operator.py
[2023-10-10T08:52:19.827+0000] {processor.py:829} INFO - Processing file /home/airflow/.local/lib/python3.8/site-packages/airflow/example_dags/example_bash_operator.py for tasks to queue
[2023-10-10T08:52:19.830+0000] {logging_mixin.py:151} INFO - [2023-10-10T08:52:19.830+0000] {dagbag.py:539} INFO - Filling up the DagBag from /home/airflow/.local/lib/python3.8/site-packages/airflow/example_dags/example_bash_operator.py
[2023-10-10T08:52:19.855+0000] {processor.py:839} INFO - DAG(s) dict_keys(['example_bash_operator']) retrieved from /home/airflow/.local/lib/python3.8/site-packages/airflow/example_dags/example_bash_operator.py
[2023-10-10T08:52:19.912+0000] {logging_mixin.py:151} INFO - [2023-10-10T08:52:19.911+0000] {dag.py:2915} INFO - Sync 1 DAGs
[2023-10-10T08:52:19.965+0000] {logging_mixin.py:151} INFO - [2023-10-10T08:52:19.965+0000] {dag.py:3696} INFO - Setting next_dagrun for example_bash_operator to 2023-10-09T00:00:00+00:00, run_after=2023-10-10T00:00:00+00:00
[2023-10-10T08:52:20.065+0000] {processor.py:179} INFO - Processing /home/airflow/.local/lib/python3.8/site-packages/airflow/example_dags/example_bash_operator.py took 0.246 seconds
[2023-10-10T08:52:50.406+0000] {processor.py:157} INFO - Started process (PID=388) to work on /home/airflow/.local/lib/python3.8/site-packages/airflow/example_dags/example_bash_operator.py
[2023-10-10T08:52:50.409+0000] {processor.py:829} INFO - Processing file /home/airflow/.local/lib/python3.8/site-packages/airflow/example_dags/example_bash_operator.py for tasks to queue
[2023-10-10T08:52:50.414+0000] {logging_mixin.py:151} INFO - [2023-10-10T08:52:50.413+0000] {dagbag.py:539} INFO - Filling up the DagBag from /home/airflow/.local/lib/python3.8/site-packages/airflow/example_dags/example_bash_operator.py
[2023-10-10T08:52:50.433+0000] {processor.py:839} INFO - DAG(s) dict_keys(['example_bash_operator']) retrieved from /home/airflow/.local/lib/python3.8/site-packages/airflow/example_dags/example_bash_operator.py
[2023-10-10T08:52:50.463+0000] {logging_mixin.py:151} INFO - [2023-10-10T08:52:50.463+0000] {dag.py:2915} INFO - Sync 1 DAGs
[2023-10-10T08:52:50.482+0000] {logging_mixin.py:151} INFO - [2023-10-10T08:52:50.481+0000] {dag.py:3696} INFO - Setting next_dagrun for example_bash_operator to 2023-10-09T00:00:00+00:00, run_after=2023-10-10T00:00:00+00:00
[2023-10-10T08:52:50.493+0000] {processor.py:179} INFO - Processing /home/airflow/.local/lib/python3.8/site-packages/airflow/example_dags/example_bash_operator.py took 0.094 seconds
[2023-10-10T08:53:20.797+0000] {processor.py:157} INFO - Started process (PID=449) to work on /home/airflow/.local/lib/python3.8/site-packages/airflow/example_dags/example_bash_operator.py
[2023-10-10T08:53:20.800+0000] {processor.py:829} INFO - Processing file /home/airflow/.local/lib/python3.8/site-packages/airflow/example_dags/example_bash_operator.py for tasks to queue
[2023-10-10T08:53:20.805+0000] {logging_mixin.py:151} INFO - [2023-10-10T08:53:20.804+0000] {dagbag.py:539} INFO - Filling up the DagBag from /home/airflow/.local/lib/python3.8/site-packages/airflow/example_dags/example_bash_operator.py
[2023-10-10T08:53:20.826+0000] {processor.py:839} INFO - DAG(s) dict_keys(['example_bash_operator']) retrieved from /home/airflow/.local/lib/python3.8/site-packages/airflow/example_dags/example_bash_operator.py
[2023-10-10T08:53:20.860+0000] {logging_mixin.py:151} INFO - [2023-10-10T08:53:20.860+0000] {dag.py:2915} INFO - Sync 1 DAGs
[2023-10-10T08:53:20.881+0000] {logging_mixin.py:151} INFO - [2023-10-10T08:53:20.881+0000] {dag.py:3696} INFO - Setting next_dagrun for example_bash_operator to 2023-10-09T00:00:00+00:00, run_after=2023-10-10T00:00:00+00:00
[2023-10-10T08:53:20.896+0000] {processor.py:179} INFO - Processing /home/airflow/.local/lib/python3.8/site-packages/airflow/example_dags/example_bash_operator.py took 0.109 seconds
[2023-10-10T08:53:51.533+0000] {processor.py:157} INFO - Started process (PID=510) to work on /home/airflow/.local/lib/python3.8/site-packages/airflow/example_dags/example_bash_operator.py
[2023-10-10T08:53:51.535+0000] {processor.py:829} INFO - Processing file /home/airflow/.local/lib/python3.8/site-packages/airflow/example_dags/example_bash_operator.py for tasks to queue
[2023-10-10T08:53:51.538+0000] {logging_mixin.py:151} INFO - [2023-10-10T08:53:51.538+0000] {dagbag.py:539} INFO - Filling up the DagBag from /home/airflow/.local/lib/python3.8/site-packages/airflow/example_dags/example_bash_operator.py
[2023-10-10T08:53:51.554+0000] {processor.py:839} INFO - DAG(s) dict_keys(['example_bash_operator']) retrieved from /home/airflow/.local/lib/python3.8/site-packages/airflow/example_dags/example_bash_operator.py
[2023-10-10T08:53:51.589+0000] {logging_mixin.py:151} INFO - [2023-10-10T08:53:51.589+0000] {dag.py:2915} INFO - Sync 1 DAGs
[2023-10-10T08:53:51.608+0000] {logging_mixin.py:151} INFO - [2023-10-10T08:53:51.607+0000] {dag.py:3696} INFO - Setting next_dagrun for example_bash_operator to 2023-10-09T00:00:00+00:00, run_after=2023-10-10T00:00:00+00:00
[2023-10-10T08:53:51.619+0000] {processor.py:179} INFO - Processing /home/airflow/.local/lib/python3.8/site-packages/airflow/example_dags/example_bash_operator.py took 0.093 seconds
[2023-10-10T08:54:21.746+0000] {processor.py:157} INFO - Started process (PID=571) to work on /home/airflow/.local/lib/python3.8/site-packages/airflow/example_dags/example_bash_operator.py
[2023-10-10T08:54:21.747+0000] {processor.py:829} INFO - Processing file /home/airflow/.local/lib/python3.8/site-packages/airflow/example_dags/example_bash_operator.py for tasks to queue
[2023-10-10T08:54:21.751+0000] {logging_mixin.py:151} INFO - [2023-10-10T08:54:21.750+0000] {dagbag.py:539} INFO - Filling up the DagBag from /home/airflow/.local/lib/python3.8/site-packages/airflow/example_dags/example_bash_operator.py
[2023-10-10T08:54:21.765+0000] {processor.py:839} INFO - DAG(s) dict_keys(['example_bash_operator']) retrieved from /home/airflow/.local/lib/python3.8/site-packages/airflow/example_dags/example_bash_operator.py
[2023-10-10T08:54:21.810+0000] {logging_mixin.py:151} INFO - [2023-10-10T08:54:21.810+0000] {dag.py:2915} INFO - Sync 1 DAGs
[2023-10-10T08:54:21.837+0000] {logging_mixin.py:151} INFO - [2023-10-10T08:54:21.837+0000] {dag.py:3696} INFO - Setting next_dagrun for example_bash_operator to 2023-10-09T00:00:00+00:00, run_after=2023-10-10T00:00:00+00:00
[2023-10-10T08:54:21.852+0000] {processor.py:179} INFO - Processing /home/airflow/.local/lib/python3.8/site-packages/airflow/example_dags/example_bash_operator.py took 0.112 seconds
[2023-10-10T08:54:52.609+0000] {processor.py:157} INFO - Started process (PID=632) to work on /home/airflow/.local/lib/python3.8/site-packages/airflow/example_dags/example_bash_operator.py
[2023-10-10T08:54:52.611+0000] {processor.py:829} INFO - Processing file /home/airflow/.local/lib/python3.8/site-packages/airflow/example_dags/example_bash_operator.py for tasks to queue
[2023-10-10T08:54:52.617+0000] {logging_mixin.py:151} INFO - [2023-10-10T08:54:52.615+0000] {dagbag.py:539} INFO - Filling up the DagBag from /home/airflow/.local/lib/python3.8/site-packages/airflow/example_dags/example_bash_operator.py
[2023-10-10T08:54:52.632+0000] {processor.py:839} INFO - DAG(s) dict_keys(['example_bash_operator']) retrieved from /home/airflow/.local/lib/python3.8/site-packages/airflow/example_dags/example_bash_operator.py
[2023-10-10T08:54:52.664+0000] {logging_mixin.py:151} INFO - [2023-10-10T08:54:52.664+0000] {dag.py:2915} INFO - Sync 1 DAGs
[2023-10-10T08:54:52.684+0000] {logging_mixin.py:151} INFO - [2023-10-10T08:54:52.684+0000] {dag.py:3696} INFO - Setting next_dagrun for example_bash_operator to 2023-10-09T00:00:00+00:00, run_after=2023-10-10T00:00:00+00:00
[2023-10-10T08:54:52.696+0000] {processor.py:179} INFO - Processing /home/airflow/.local/lib/python3.8/site-packages/airflow/example_dags/example_bash_operator.py took 0.096 seconds
[2023-10-10T08:55:22.967+0000] {processor.py:157} INFO - Started process (PID=693) to work on /home/airflow/.local/lib/python3.8/site-packages/airflow/example_dags/example_bash_operator.py
[2023-10-10T08:55:22.969+0000] {processor.py:829} INFO - Processing file /home/airflow/.local/lib/python3.8/site-packages/airflow/example_dags/example_bash_operator.py for tasks to queue
[2023-10-10T08:55:22.971+0000] {logging_mixin.py:151} INFO - [2023-10-10T08:55:22.971+0000] {dagbag.py:539} INFO - Filling up the DagBag from /home/airflow/.local/lib/python3.8/site-packages/airflow/example_dags/example_bash_operator.py
[2023-10-10T08:55:22.984+0000] {processor.py:839} INFO - DAG(s) dict_keys(['example_bash_operator']) retrieved from /home/airflow/.local/lib/python3.8/site-packages/airflow/example_dags/example_bash_operator.py
[2023-10-10T08:55:23.010+0000] {logging_mixin.py:151} INFO - [2023-10-10T08:55:23.010+0000] {dag.py:2915} INFO - Sync 1 DAGs
[2023-10-10T08:55:23.024+0000] {logging_mixin.py:151} INFO - [2023-10-10T08:55:23.024+0000] {dag.py:3696} INFO - Setting next_dagrun for example_bash_operator to 2023-10-09T00:00:00+00:00, run_after=2023-10-10T00:00:00+00:00
[2023-10-10T08:55:23.041+0000] {processor.py:179} INFO - Processing /home/airflow/.local/lib/python3.8/site-packages/airflow/example_dags/example_bash_operator.py took 0.079 seconds
[2023-10-10T08:55:53.716+0000] {processor.py:157} INFO - Started process (PID=753) to work on /home/airflow/.local/lib/python3.8/site-packages/airflow/example_dags/example_bash_operator.py
[2023-10-10T08:55:53.719+0000] {processor.py:829} INFO - Processing file /home/airflow/.local/lib/python3.8/site-packages/airflow/example_dags/example_bash_operator.py for tasks to queue
[2023-10-10T08:55:53.723+0000] {logging_mixin.py:151} INFO - [2023-10-10T08:55:53.722+0000] {dagbag.py:539} INFO - Filling up the DagBag from /home/airflow/.local/lib/python3.8/site-packages/airflow/example_dags/example_bash_operator.py
[2023-10-10T08:55:53.738+0000] {processor.py:839} INFO - DAG(s) dict_keys(['example_bash_operator']) retrieved from /home/airflow/.local/lib/python3.8/site-packages/airflow/example_dags/example_bash_operator.py
[2023-10-10T08:55:53.776+0000] {logging_mixin.py:151} INFO - [2023-10-10T08:55:53.776+0000] {dag.py:2915} INFO - Sync 1 DAGs
[2023-10-10T08:55:53.791+0000] {logging_mixin.py:151} INFO - [2023-10-10T08:55:53.791+0000] {dag.py:3696} INFO - Setting next_dagrun for example_bash_operator to 2023-10-09T00:00:00+00:00, run_after=2023-10-10T00:00:00+00:00
[2023-10-10T08:55:53.801+0000] {processor.py:179} INFO - Processing /home/airflow/.local/lib/python3.8/site-packages/airflow/example_dags/example_bash_operator.py took 0.091 seconds
[2023-10-10T08:56:23.880+0000] {processor.py:157} INFO - Started process (PID=814) to work on /home/airflow/.local/lib/python3.8/site-packages/airflow/example_dags/example_bash_operator.py
[2023-10-10T08:56:23.883+0000] {processor.py:829} INFO - Processing file /home/airflow/.local/lib/python3.8/site-packages/airflow/example_dags/example_bash_operator.py for tasks to queue
[2023-10-10T08:56:23.886+0000] {logging_mixin.py:151} INFO - [2023-10-10T08:56:23.885+0000] {dagbag.py:539} INFO - Filling up the DagBag from /home/airflow/.local/lib/python3.8/site-packages/airflow/example_dags/example_bash_operator.py
[2023-10-10T08:56:23.900+0000] {processor.py:839} INFO - DAG(s) dict_keys(['example_bash_operator']) retrieved from /home/airflow/.local/lib/python3.8/site-packages/airflow/example_dags/example_bash_operator.py
[2023-10-10T08:56:23.928+0000] {logging_mixin.py:151} INFO - [2023-10-10T08:56:23.928+0000] {dag.py:2915} INFO - Sync 1 DAGs
[2023-10-10T08:56:23.944+0000] {logging_mixin.py:151} INFO - [2023-10-10T08:56:23.944+0000] {dag.py:3696} INFO - Setting next_dagrun for example_bash_operator to 2023-10-09T00:00:00+00:00, run_after=2023-10-10T00:00:00+00:00
[2023-10-10T08:56:23.954+0000] {processor.py:179} INFO - Processing /home/airflow/.local/lib/python3.8/site-packages/airflow/example_dags/example_bash_operator.py took 0.080 seconds
[2023-10-10T08:56:54.878+0000] {processor.py:157} INFO - Started process (PID=875) to work on /home/airflow/.local/lib/python3.8/site-packages/airflow/example_dags/example_bash_operator.py
[2023-10-10T08:56:54.880+0000] {processor.py:829} INFO - Processing file /home/airflow/.local/lib/python3.8/site-packages/airflow/example_dags/example_bash_operator.py for tasks to queue
[2023-10-10T08:56:54.883+0000] {logging_mixin.py:151} INFO - [2023-10-10T08:56:54.883+0000] {dagbag.py:539} INFO - Filling up the DagBag from /home/airflow/.local/lib/python3.8/site-packages/airflow/example_dags/example_bash_operator.py
[2023-10-10T08:56:54.895+0000] {processor.py:839} INFO - DAG(s) dict_keys(['example_bash_operator']) retrieved from /home/airflow/.local/lib/python3.8/site-packages/airflow/example_dags/example_bash_operator.py
[2023-10-10T08:56:54.921+0000] {logging_mixin.py:151} INFO - [2023-10-10T08:56:54.920+0000] {dag.py:2915} INFO - Sync 1 DAGs
[2023-10-10T08:56:54.935+0000] {logging_mixin.py:151} INFO - [2023-10-10T08:56:54.935+0000] {dag.py:3696} INFO - Setting next_dagrun for example_bash_operator to 2023-10-09T00:00:00+00:00, run_after=2023-10-10T00:00:00+00:00
[2023-10-10T08:56:54.944+0000] {processor.py:179} INFO - Processing /home/airflow/.local/lib/python3.8/site-packages/airflow/example_dags/example_bash_operator.py took 0.071 seconds
[2023-10-10T08:57:25.819+0000] {processor.py:157} INFO - Started process (PID=936) to work on /home/airflow/.local/lib/python3.8/site-packages/airflow/example_dags/example_bash_operator.py
[2023-10-10T08:57:25.821+0000] {processor.py:829} INFO - Processing file /home/airflow/.local/lib/python3.8/site-packages/airflow/example_dags/example_bash_operator.py for tasks to queue
[2023-10-10T08:57:25.823+0000] {logging_mixin.py:151} INFO - [2023-10-10T08:57:25.823+0000] {dagbag.py:539} INFO - Filling up the DagBag from /home/airflow/.local/lib/python3.8/site-packages/airflow/example_dags/example_bash_operator.py
[2023-10-10T08:57:25.835+0000] {processor.py:839} INFO - DAG(s) dict_keys(['example_bash_operator']) retrieved from /home/airflow/.local/lib/python3.8/site-packages/airflow/example_dags/example_bash_operator.py
[2023-10-10T08:57:25.856+0000] {logging_mixin.py:151} INFO - [2023-10-10T08:57:25.855+0000] {dag.py:2915} INFO - Sync 1 DAGs
[2023-10-10T08:57:25.870+0000] {logging_mixin.py:151} INFO - [2023-10-10T08:57:25.870+0000] {dag.py:3696} INFO - Setting next_dagrun for example_bash_operator to 2023-10-09T00:00:00+00:00, run_after=2023-10-10T00:00:00+00:00
[2023-10-10T08:57:25.879+0000] {processor.py:179} INFO - Processing /home/airflow/.local/lib/python3.8/site-packages/airflow/example_dags/example_bash_operator.py took 0.064 seconds
[2023-10-10T08:57:56.104+0000] {processor.py:157} INFO - Started process (PID=997) to work on /home/airflow/.local/lib/python3.8/site-packages/airflow/example_dags/example_bash_operator.py
[2023-10-10T08:57:56.107+0000] {processor.py:829} INFO - Processing file /home/airflow/.local/lib/python3.8/site-packages/airflow/example_dags/example_bash_operator.py for tasks to queue
[2023-10-10T08:57:56.112+0000] {logging_mixin.py:151} INFO - [2023-10-10T08:57:56.112+0000] {dagbag.py:539} INFO - Filling up the DagBag from /home/airflow/.local/lib/python3.8/site-packages/airflow/example_dags/example_bash_operator.py
[2023-10-10T08:57:56.129+0000] {processor.py:839} INFO - DAG(s) dict_keys(['example_bash_operator']) retrieved from /home/airflow/.local/lib/python3.8/site-packages/airflow/example_dags/example_bash_operator.py
[2023-10-10T08:57:56.157+0000] {logging_mixin.py:151} INFO - [2023-10-10T08:57:56.157+0000] {dag.py:2915} INFO - Sync 1 DAGs
[2023-10-10T08:57:56.172+0000] {logging_mixin.py:151} INFO - [2023-10-10T08:57:56.172+0000] {dag.py:3696} INFO - Setting next_dagrun for example_bash_operator to 2023-10-09T00:00:00+00:00, run_after=2023-10-10T00:00:00+00:00
[2023-10-10T08:57:56.182+0000] {processor.py:179} INFO - Processing /home/airflow/.local/lib/python3.8/site-packages/airflow/example_dags/example_bash_operator.py took 0.086 seconds
[2023-10-10T08:58:26.712+0000] {processor.py:157} INFO - Started process (PID=1058) to work on /home/airflow/.local/lib/python3.8/site-packages/airflow/example_dags/example_bash_operator.py
[2023-10-10T08:58:26.715+0000] {processor.py:829} INFO - Processing file /home/airflow/.local/lib/python3.8/site-packages/airflow/example_dags/example_bash_operator.py for tasks to queue
[2023-10-10T08:58:26.719+0000] {logging_mixin.py:151} INFO - [2023-10-10T08:58:26.719+0000] {dagbag.py:539} INFO - Filling up the DagBag from /home/airflow/.local/lib/python3.8/site-packages/airflow/example_dags/example_bash_operator.py
[2023-10-10T08:58:26.736+0000] {processor.py:839} INFO - DAG(s) dict_keys(['example_bash_operator']) retrieved from /home/airflow/.local/lib/python3.8/site-packages/airflow/example_dags/example_bash_operator.py
[2023-10-10T08:58:26.773+0000] {logging_mixin.py:151} INFO - [2023-10-10T08:58:26.773+0000] {dag.py:2915} INFO - Sync 1 DAGs
[2023-10-10T08:58:26.789+0000] {logging_mixin.py:151} INFO - [2023-10-10T08:58:26.789+0000] {dag.py:3696} INFO - Setting next_dagrun for example_bash_operator to 2023-10-09T00:00:00+00:00, run_after=2023-10-10T00:00:00+00:00
[2023-10-10T08:58:26.802+0000] {processor.py:179} INFO - Processing /home/airflow/.local/lib/python3.8/site-packages/airflow/example_dags/example_bash_operator.py took 0.096 seconds
[2023-10-10T08:58:57.271+0000] {processor.py:157} INFO - Started process (PID=1119) to work on /home/airflow/.local/lib/python3.8/site-packages/airflow/example_dags/example_bash_operator.py
[2023-10-10T08:58:57.274+0000] {processor.py:829} INFO - Processing file /home/airflow/.local/lib/python3.8/site-packages/airflow/example_dags/example_bash_operator.py for tasks to queue
[2023-10-10T08:58:57.280+0000] {logging_mixin.py:151} INFO - [2023-10-10T08:58:57.279+0000] {dagbag.py:539} INFO - Filling up the DagBag from /home/airflow/.local/lib/python3.8/site-packages/airflow/example_dags/example_bash_operator.py
[2023-10-10T08:58:57.306+0000] {processor.py:839} INFO - DAG(s) dict_keys(['example_bash_operator']) retrieved from /home/airflow/.local/lib/python3.8/site-packages/airflow/example_dags/example_bash_operator.py
[2023-10-10T08:58:57.352+0000] {logging_mixin.py:151} INFO - [2023-10-10T08:58:57.352+0000] {dag.py:2915} INFO - Sync 1 DAGs
[2023-10-10T08:58:57.374+0000] {logging_mixin.py:151} INFO - [2023-10-10T08:58:57.374+0000] {dag.py:3696} INFO - Setting next_dagrun for example_bash_operator to 2023-10-09T00:00:00+00:00, run_after=2023-10-10T00:00:00+00:00
[2023-10-10T08:58:57.391+0000] {processor.py:179} INFO - Processing /home/airflow/.local/lib/python3.8/site-packages/airflow/example_dags/example_bash_operator.py took 0.136 seconds
[2023-10-10T08:59:27.894+0000] {processor.py:157} INFO - Started process (PID=1180) to work on /home/airflow/.local/lib/python3.8/site-packages/airflow/example_dags/example_bash_operator.py
[2023-10-10T08:59:27.896+0000] {processor.py:829} INFO - Processing file /home/airflow/.local/lib/python3.8/site-packages/airflow/example_dags/example_bash_operator.py for tasks to queue
[2023-10-10T08:59:27.900+0000] {logging_mixin.py:151} INFO - [2023-10-10T08:59:27.899+0000] {dagbag.py:539} INFO - Filling up the DagBag from /home/airflow/.local/lib/python3.8/site-packages/airflow/example_dags/example_bash_operator.py
[2023-10-10T08:59:27.913+0000] {processor.py:839} INFO - DAG(s) dict_keys(['example_bash_operator']) retrieved from /home/airflow/.local/lib/python3.8/site-packages/airflow/example_dags/example_bash_operator.py
[2023-10-10T08:59:27.937+0000] {logging_mixin.py:151} INFO - [2023-10-10T08:59:27.937+0000] {dag.py:2915} INFO - Sync 1 DAGs
[2023-10-10T08:59:27.957+0000] {logging_mixin.py:151} INFO - [2023-10-10T08:59:27.957+0000] {dag.py:3696} INFO - Setting next_dagrun for example_bash_operator to 2023-10-09T00:00:00+00:00, run_after=2023-10-10T00:00:00+00:00
[2023-10-10T08:59:27.972+0000] {processor.py:179} INFO - Processing /home/airflow/.local/lib/python3.8/site-packages/airflow/example_dags/example_bash_operator.py took 0.085 seconds
[2023-10-10T08:59:58.176+0000] {processor.py:157} INFO - Started process (PID=1241) to work on /home/airflow/.local/lib/python3.8/site-packages/airflow/example_dags/example_bash_operator.py
[2023-10-10T08:59:58.179+0000] {processor.py:829} INFO - Processing file /home/airflow/.local/lib/python3.8/site-packages/airflow/example_dags/example_bash_operator.py for tasks to queue
[2023-10-10T08:59:58.189+0000] {logging_mixin.py:151} INFO - [2023-10-10T08:59:58.188+0000] {dagbag.py:539} INFO - Filling up the DagBag from /home/airflow/.local/lib/python3.8/site-packages/airflow/example_dags/example_bash_operator.py
[2023-10-10T08:59:58.219+0000] {processor.py:839} INFO - DAG(s) dict_keys(['example_bash_operator']) retrieved from /home/airflow/.local/lib/python3.8/site-packages/airflow/example_dags/example_bash_operator.py
[2023-10-10T08:59:58.310+0000] {logging_mixin.py:151} INFO - [2023-10-10T08:59:58.310+0000] {dag.py:2915} INFO - Sync 1 DAGs
[2023-10-10T08:59:58.354+0000] {logging_mixin.py:151} INFO - [2023-10-10T08:59:58.353+0000] {dag.py:3696} INFO - Setting next_dagrun for example_bash_operator to 2023-10-09T00:00:00+00:00, run_after=2023-10-10T00:00:00+00:00
[2023-10-10T08:59:58.384+0000] {processor.py:179} INFO - Processing /home/airflow/.local/lib/python3.8/site-packages/airflow/example_dags/example_bash_operator.py took 0.215 seconds
[2023-10-10T09:00:28.524+0000] {processor.py:157} INFO - Started process (PID=1302) to work on /home/airflow/.local/lib/python3.8/site-packages/airflow/example_dags/example_bash_operator.py
[2023-10-10T09:00:28.525+0000] {processor.py:829} INFO - Processing file /home/airflow/.local/lib/python3.8/site-packages/airflow/example_dags/example_bash_operator.py for tasks to queue
[2023-10-10T09:00:28.533+0000] {logging_mixin.py:151} INFO - [2023-10-10T09:00:28.532+0000] {dagbag.py:539} INFO - Filling up the DagBag from /home/airflow/.local/lib/python3.8/site-packages/airflow/example_dags/example_bash_operator.py
[2023-10-10T09:00:28.545+0000] {processor.py:839} INFO - DAG(s) dict_keys(['example_bash_operator']) retrieved from /home/airflow/.local/lib/python3.8/site-packages/airflow/example_dags/example_bash_operator.py
[2023-10-10T09:00:28.576+0000] {logging_mixin.py:151} INFO - [2023-10-10T09:00:28.575+0000] {dag.py:2915} INFO - Sync 1 DAGs
[2023-10-10T09:00:28.593+0000] {logging_mixin.py:151} INFO - [2023-10-10T09:00:28.593+0000] {dag.py:3696} INFO - Setting next_dagrun for example_bash_operator to 2023-10-09T00:00:00+00:00, run_after=2023-10-10T00:00:00+00:00
[2023-10-10T09:00:28.603+0000] {processor.py:179} INFO - Processing /home/airflow/.local/lib/python3.8/site-packages/airflow/example_dags/example_bash_operator.py took 0.085 seconds
[2023-10-10T09:00:58.781+0000] {processor.py:157} INFO - Started process (PID=1357) to work on /home/airflow/.local/lib/python3.8/site-packages/airflow/example_dags/example_bash_operator.py
[2023-10-10T09:00:58.782+0000] {processor.py:829} INFO - Processing file /home/airflow/.local/lib/python3.8/site-packages/airflow/example_dags/example_bash_operator.py for tasks to queue
[2023-10-10T09:00:58.785+0000] {logging_mixin.py:151} INFO - [2023-10-10T09:00:58.785+0000] {dagbag.py:539} INFO - Filling up the DagBag from /home/airflow/.local/lib/python3.8/site-packages/airflow/example_dags/example_bash_operator.py
[2023-10-10T09:00:58.799+0000] {processor.py:839} INFO - DAG(s) dict_keys(['example_bash_operator']) retrieved from /home/airflow/.local/lib/python3.8/site-packages/airflow/example_dags/example_bash_operator.py
[2023-10-10T09:00:58.835+0000] {logging_mixin.py:151} INFO - [2023-10-10T09:00:58.835+0000] {dag.py:2915} INFO - Sync 1 DAGs
[2023-10-10T09:00:58.855+0000] {logging_mixin.py:151} INFO - [2023-10-10T09:00:58.854+0000] {dag.py:3696} INFO - Setting next_dagrun for example_bash_operator to 2023-10-09T00:00:00+00:00, run_after=2023-10-10T00:00:00+00:00
[2023-10-10T09:00:58.871+0000] {processor.py:179} INFO - Processing /home/airflow/.local/lib/python3.8/site-packages/airflow/example_dags/example_bash_operator.py took 0.097 seconds
[2023-10-10T09:01:28.968+0000] {processor.py:157} INFO - Started process (PID=1417) to work on /home/airflow/.local/lib/python3.8/site-packages/airflow/example_dags/example_bash_operator.py
[2023-10-10T09:01:28.971+0000] {processor.py:829} INFO - Processing file /home/airflow/.local/lib/python3.8/site-packages/airflow/example_dags/example_bash_operator.py for tasks to queue
[2023-10-10T09:01:28.974+0000] {logging_mixin.py:151} INFO - [2023-10-10T09:01:28.974+0000] {dagbag.py:539} INFO - Filling up the DagBag from /home/airflow/.local/lib/python3.8/site-packages/airflow/example_dags/example_bash_operator.py
[2023-10-10T09:01:28.989+0000] {processor.py:839} INFO - DAG(s) dict_keys(['example_bash_operator']) retrieved from /home/airflow/.local/lib/python3.8/site-packages/airflow/example_dags/example_bash_operator.py
[2023-10-10T09:01:29.016+0000] {logging_mixin.py:151} INFO - [2023-10-10T09:01:29.016+0000] {dag.py:2915} INFO - Sync 1 DAGs
[2023-10-10T09:01:29.034+0000] {logging_mixin.py:151} INFO - [2023-10-10T09:01:29.034+0000] {dag.py:3696} INFO - Setting next_dagrun for example_bash_operator to 2023-10-09T00:00:00+00:00, run_after=2023-10-10T00:00:00+00:00
[2023-10-10T09:01:29.044+0000] {processor.py:179} INFO - Processing /home/airflow/.local/lib/python3.8/site-packages/airflow/example_dags/example_bash_operator.py took 0.082 seconds
[2023-10-10T09:01:59.314+0000] {processor.py:157} INFO - Started process (PID=1478) to work on /home/airflow/.local/lib/python3.8/site-packages/airflow/example_dags/example_bash_operator.py
[2023-10-10T09:01:59.320+0000] {processor.py:829} INFO - Processing file /home/airflow/.local/lib/python3.8/site-packages/airflow/example_dags/example_bash_operator.py for tasks to queue
[2023-10-10T09:01:59.325+0000] {logging_mixin.py:151} INFO - [2023-10-10T09:01:59.325+0000] {dagbag.py:539} INFO - Filling up the DagBag from /home/airflow/.local/lib/python3.8/site-packages/airflow/example_dags/example_bash_operator.py
[2023-10-10T09:01:59.350+0000] {processor.py:839} INFO - DAG(s) dict_keys(['example_bash_operator']) retrieved from /home/airflow/.local/lib/python3.8/site-packages/airflow/example_dags/example_bash_operator.py
[2023-10-10T09:01:59.404+0000] {logging_mixin.py:151} INFO - [2023-10-10T09:01:59.404+0000] {dag.py:2915} INFO - Sync 1 DAGs
[2023-10-10T09:01:59.446+0000] {logging_mixin.py:151} INFO - [2023-10-10T09:01:59.445+0000] {dag.py:3696} INFO - Setting next_dagrun for example_bash_operator to 2023-10-09T00:00:00+00:00, run_after=2023-10-10T00:00:00+00:00
[2023-10-10T09:01:59.472+0000] {processor.py:179} INFO - Processing /home/airflow/.local/lib/python3.8/site-packages/airflow/example_dags/example_bash_operator.py took 0.170 seconds
[2023-10-10T09:02:29.620+0000] {processor.py:157} INFO - Started process (PID=1539) to work on /home/airflow/.local/lib/python3.8/site-packages/airflow/example_dags/example_bash_operator.py
[2023-10-10T09:02:29.623+0000] {processor.py:829} INFO - Processing file /home/airflow/.local/lib/python3.8/site-packages/airflow/example_dags/example_bash_operator.py for tasks to queue
[2023-10-10T09:02:29.628+0000] {logging_mixin.py:151} INFO - [2023-10-10T09:02:29.628+0000] {dagbag.py:539} INFO - Filling up the DagBag from /home/airflow/.local/lib/python3.8/site-packages/airflow/example_dags/example_bash_operator.py
[2023-10-10T09:02:29.653+0000] {processor.py:839} INFO - DAG(s) dict_keys(['example_bash_operator']) retrieved from /home/airflow/.local/lib/python3.8/site-packages/airflow/example_dags/example_bash_operator.py
[2023-10-10T09:02:29.685+0000] {logging_mixin.py:151} INFO - [2023-10-10T09:02:29.685+0000] {dag.py:2915} INFO - Sync 1 DAGs
[2023-10-10T09:02:29.704+0000] {logging_mixin.py:151} INFO - [2023-10-10T09:02:29.703+0000] {dag.py:3696} INFO - Setting next_dagrun for example_bash_operator to 2023-10-09T00:00:00+00:00, run_after=2023-10-10T00:00:00+00:00
[2023-10-10T09:02:29.717+0000] {processor.py:179} INFO - Processing /home/airflow/.local/lib/python3.8/site-packages/airflow/example_dags/example_bash_operator.py took 0.106 seconds
[2023-10-10T09:02:59.855+0000] {processor.py:157} INFO - Started process (PID=1600) to work on /home/airflow/.local/lib/python3.8/site-packages/airflow/example_dags/example_bash_operator.py
[2023-10-10T09:02:59.857+0000] {processor.py:829} INFO - Processing file /home/airflow/.local/lib/python3.8/site-packages/airflow/example_dags/example_bash_operator.py for tasks to queue
[2023-10-10T09:02:59.861+0000] {logging_mixin.py:151} INFO - [2023-10-10T09:02:59.860+0000] {dagbag.py:539} INFO - Filling up the DagBag from /home/airflow/.local/lib/python3.8/site-packages/airflow/example_dags/example_bash_operator.py
[2023-10-10T09:02:59.876+0000] {processor.py:839} INFO - DAG(s) dict_keys(['example_bash_operator']) retrieved from /home/airflow/.local/lib/python3.8/site-packages/airflow/example_dags/example_bash_operator.py
[2023-10-10T09:02:59.914+0000] {logging_mixin.py:151} INFO - [2023-10-10T09:02:59.914+0000] {dag.py:2915} INFO - Sync 1 DAGs
[2023-10-10T09:02:59.930+0000] {logging_mixin.py:151} INFO - [2023-10-10T09:02:59.930+0000] {dag.py:3696} INFO - Setting next_dagrun for example_bash_operator to 2023-10-09T00:00:00+00:00, run_after=2023-10-10T00:00:00+00:00
[2023-10-10T09:02:59.941+0000] {processor.py:179} INFO - Processing /home/airflow/.local/lib/python3.8/site-packages/airflow/example_dags/example_bash_operator.py took 0.092 seconds
[2023-10-10T09:03:29.994+0000] {processor.py:157} INFO - Started process (PID=1661) to work on /home/airflow/.local/lib/python3.8/site-packages/airflow/example_dags/example_bash_operator.py
[2023-10-10T09:03:29.997+0000] {processor.py:829} INFO - Processing file /home/airflow/.local/lib/python3.8/site-packages/airflow/example_dags/example_bash_operator.py for tasks to queue
[2023-10-10T09:03:30.001+0000] {logging_mixin.py:151} INFO - [2023-10-10T09:03:30.001+0000] {dagbag.py:539} INFO - Filling up the DagBag from /home/airflow/.local/lib/python3.8/site-packages/airflow/example_dags/example_bash_operator.py
[2023-10-10T09:03:30.018+0000] {processor.py:839} INFO - DAG(s) dict_keys(['example_bash_operator']) retrieved from /home/airflow/.local/lib/python3.8/site-packages/airflow/example_dags/example_bash_operator.py
[2023-10-10T09:03:30.050+0000] {logging_mixin.py:151} INFO - [2023-10-10T09:03:30.049+0000] {dag.py:2915} INFO - Sync 1 DAGs
[2023-10-10T09:03:30.068+0000] {logging_mixin.py:151} INFO - [2023-10-10T09:03:30.067+0000] {dag.py:3696} INFO - Setting next_dagrun for example_bash_operator to 2023-10-09T00:00:00+00:00, run_after=2023-10-10T00:00:00+00:00
[2023-10-10T09:03:30.079+0000] {processor.py:179} INFO - Processing /home/airflow/.local/lib/python3.8/site-packages/airflow/example_dags/example_bash_operator.py took 0.093 seconds
[2023-10-10T09:04:01.013+0000] {processor.py:157} INFO - Started process (PID=1722) to work on /home/airflow/.local/lib/python3.8/site-packages/airflow/example_dags/example_bash_operator.py
[2023-10-10T09:04:01.015+0000] {processor.py:829} INFO - Processing file /home/airflow/.local/lib/python3.8/site-packages/airflow/example_dags/example_bash_operator.py for tasks to queue
[2023-10-10T09:04:01.018+0000] {logging_mixin.py:151} INFO - [2023-10-10T09:04:01.017+0000] {dagbag.py:539} INFO - Filling up the DagBag from /home/airflow/.local/lib/python3.8/site-packages/airflow/example_dags/example_bash_operator.py
[2023-10-10T09:04:01.030+0000] {processor.py:839} INFO - DAG(s) dict_keys(['example_bash_operator']) retrieved from /home/airflow/.local/lib/python3.8/site-packages/airflow/example_dags/example_bash_operator.py
[2023-10-10T09:04:01.066+0000] {logging_mixin.py:151} INFO - [2023-10-10T09:04:01.066+0000] {dag.py:2915} INFO - Sync 1 DAGs
[2023-10-10T09:04:01.084+0000] {logging_mixin.py:151} INFO - [2023-10-10T09:04:01.084+0000] {dag.py:3696} INFO - Setting next_dagrun for example_bash_operator to 2023-10-09T00:00:00+00:00, run_after=2023-10-10T00:00:00+00:00
[2023-10-10T09:04:01.096+0000] {processor.py:179} INFO - Processing /home/airflow/.local/lib/python3.8/site-packages/airflow/example_dags/example_bash_operator.py took 0.088 seconds
[2023-10-10T09:04:31.657+0000] {processor.py:157} INFO - Started process (PID=1783) to work on /home/airflow/.local/lib/python3.8/site-packages/airflow/example_dags/example_bash_operator.py
[2023-10-10T09:04:31.660+0000] {processor.py:829} INFO - Processing file /home/airflow/.local/lib/python3.8/site-packages/airflow/example_dags/example_bash_operator.py for tasks to queue
[2023-10-10T09:04:31.664+0000] {logging_mixin.py:151} INFO - [2023-10-10T09:04:31.664+0000] {dagbag.py:539} INFO - Filling up the DagBag from /home/airflow/.local/lib/python3.8/site-packages/airflow/example_dags/example_bash_operator.py
[2023-10-10T09:04:31.681+0000] {processor.py:839} INFO - DAG(s) dict_keys(['example_bash_operator']) retrieved from /home/airflow/.local/lib/python3.8/site-packages/airflow/example_dags/example_bash_operator.py
[2023-10-10T09:04:31.729+0000] {logging_mixin.py:151} INFO - [2023-10-10T09:04:31.729+0000] {dag.py:2915} INFO - Sync 1 DAGs
[2023-10-10T09:04:31.756+0000] {logging_mixin.py:151} INFO - [2023-10-10T09:04:31.756+0000] {dag.py:3696} INFO - Setting next_dagrun for example_bash_operator to 2023-10-09T00:00:00+00:00, run_after=2023-10-10T00:00:00+00:00
[2023-10-10T09:04:31.775+0000] {processor.py:179} INFO - Processing /home/airflow/.local/lib/python3.8/site-packages/airflow/example_dags/example_bash_operator.py took 0.125 seconds
[2023-10-10T09:05:02.138+0000] {processor.py:157} INFO - Started process (PID=1844) to work on /home/airflow/.local/lib/python3.8/site-packages/airflow/example_dags/example_bash_operator.py
[2023-10-10T09:05:02.140+0000] {processor.py:829} INFO - Processing file /home/airflow/.local/lib/python3.8/site-packages/airflow/example_dags/example_bash_operator.py for tasks to queue
[2023-10-10T09:05:02.143+0000] {logging_mixin.py:151} INFO - [2023-10-10T09:05:02.143+0000] {dagbag.py:539} INFO - Filling up the DagBag from /home/airflow/.local/lib/python3.8/site-packages/airflow/example_dags/example_bash_operator.py
[2023-10-10T09:05:02.166+0000] {processor.py:839} INFO - DAG(s) dict_keys(['example_bash_operator']) retrieved from /home/airflow/.local/lib/python3.8/site-packages/airflow/example_dags/example_bash_operator.py
[2023-10-10T09:05:02.200+0000] {logging_mixin.py:151} INFO - [2023-10-10T09:05:02.200+0000] {dag.py:2915} INFO - Sync 1 DAGs
[2023-10-10T09:05:02.220+0000] {logging_mixin.py:151} INFO - [2023-10-10T09:05:02.220+0000] {dag.py:3696} INFO - Setting next_dagrun for example_bash_operator to 2023-10-09T00:00:00+00:00, run_after=2023-10-10T00:00:00+00:00
[2023-10-10T09:05:02.231+0000] {processor.py:179} INFO - Processing /home/airflow/.local/lib/python3.8/site-packages/airflow/example_dags/example_bash_operator.py took 0.098 seconds
[2023-10-10T09:05:32.915+0000] {processor.py:157} INFO - Started process (PID=1904) to work on /home/airflow/.local/lib/python3.8/site-packages/airflow/example_dags/example_bash_operator.py
[2023-10-10T09:05:32.918+0000] {processor.py:829} INFO - Processing file /home/airflow/.local/lib/python3.8/site-packages/airflow/example_dags/example_bash_operator.py for tasks to queue
[2023-10-10T09:05:32.926+0000] {logging_mixin.py:151} INFO - [2023-10-10T09:05:32.925+0000] {dagbag.py:539} INFO - Filling up the DagBag from /home/airflow/.local/lib/python3.8/site-packages/airflow/example_dags/example_bash_operator.py
[2023-10-10T09:05:32.943+0000] {processor.py:839} INFO - DAG(s) dict_keys(['example_bash_operator']) retrieved from /home/airflow/.local/lib/python3.8/site-packages/airflow/example_dags/example_bash_operator.py
[2023-10-10T09:05:33.029+0000] {logging_mixin.py:151} INFO - [2023-10-10T09:05:33.021+0000] {dag.py:2915} INFO - Sync 1 DAGs
[2023-10-10T09:05:33.079+0000] {logging_mixin.py:151} INFO - [2023-10-10T09:05:33.079+0000] {dag.py:3696} INFO - Setting next_dagrun for example_bash_operator to 2023-10-09T00:00:00+00:00, run_after=2023-10-10T00:00:00+00:00
[2023-10-10T09:05:33.090+0000] {processor.py:179} INFO - Processing /home/airflow/.local/lib/python3.8/site-packages/airflow/example_dags/example_bash_operator.py took 0.184 seconds
[2023-10-10T09:06:03.595+0000] {processor.py:157} INFO - Started process (PID=1965) to work on /home/airflow/.local/lib/python3.8/site-packages/airflow/example_dags/example_bash_operator.py
[2023-10-10T09:06:03.597+0000] {processor.py:829} INFO - Processing file /home/airflow/.local/lib/python3.8/site-packages/airflow/example_dags/example_bash_operator.py for tasks to queue
[2023-10-10T09:06:03.601+0000] {logging_mixin.py:151} INFO - [2023-10-10T09:06:03.600+0000] {dagbag.py:539} INFO - Filling up the DagBag from /home/airflow/.local/lib/python3.8/site-packages/airflow/example_dags/example_bash_operator.py
[2023-10-10T09:06:03.613+0000] {processor.py:839} INFO - DAG(s) dict_keys(['example_bash_operator']) retrieved from /home/airflow/.local/lib/python3.8/site-packages/airflow/example_dags/example_bash_operator.py
[2023-10-10T09:06:03.636+0000] {logging_mixin.py:151} INFO - [2023-10-10T09:06:03.636+0000] {dag.py:2915} INFO - Sync 1 DAGs
[2023-10-10T09:06:03.653+0000] {logging_mixin.py:151} INFO - [2023-10-10T09:06:03.653+0000] {dag.py:3696} INFO - Setting next_dagrun for example_bash_operator to 2023-10-09T00:00:00+00:00, run_after=2023-10-10T00:00:00+00:00
[2023-10-10T09:06:03.662+0000] {processor.py:179} INFO - Processing /home/airflow/.local/lib/python3.8/site-packages/airflow/example_dags/example_bash_operator.py took 0.071 seconds
[2023-10-10T09:06:33.808+0000] {processor.py:157} INFO - Started process (PID=2026) to work on /home/airflow/.local/lib/python3.8/site-packages/airflow/example_dags/example_bash_operator.py
[2023-10-10T09:06:33.809+0000] {processor.py:829} INFO - Processing file /home/airflow/.local/lib/python3.8/site-packages/airflow/example_dags/example_bash_operator.py for tasks to queue
[2023-10-10T09:06:33.812+0000] {logging_mixin.py:151} INFO - [2023-10-10T09:06:33.811+0000] {dagbag.py:539} INFO - Filling up the DagBag from /home/airflow/.local/lib/python3.8/site-packages/airflow/example_dags/example_bash_operator.py
[2023-10-10T09:06:33.836+0000] {processor.py:839} INFO - DAG(s) dict_keys(['example_bash_operator']) retrieved from /home/airflow/.local/lib/python3.8/site-packages/airflow/example_dags/example_bash_operator.py
[2023-10-10T09:06:33.910+0000] {logging_mixin.py:151} INFO - [2023-10-10T09:06:33.909+0000] {dag.py:2915} INFO - Sync 1 DAGs
[2023-10-10T09:06:34.014+0000] {logging_mixin.py:151} INFO - [2023-10-10T09:06:34.014+0000] {dag.py:3696} INFO - Setting next_dagrun for example_bash_operator to 2023-10-09T00:00:00+00:00, run_after=2023-10-10T00:00:00+00:00
[2023-10-10T09:06:34.048+0000] {processor.py:179} INFO - Processing /home/airflow/.local/lib/python3.8/site-packages/airflow/example_dags/example_bash_operator.py took 0.244 seconds
[2023-10-10T09:07:05.052+0000] {processor.py:157} INFO - Started process (PID=2087) to work on /home/airflow/.local/lib/python3.8/site-packages/airflow/example_dags/example_bash_operator.py
[2023-10-10T09:07:05.056+0000] {processor.py:829} INFO - Processing file /home/airflow/.local/lib/python3.8/site-packages/airflow/example_dags/example_bash_operator.py for tasks to queue
[2023-10-10T09:07:05.061+0000] {logging_mixin.py:151} INFO - [2023-10-10T09:07:05.061+0000] {dagbag.py:539} INFO - Filling up the DagBag from /home/airflow/.local/lib/python3.8/site-packages/airflow/example_dags/example_bash_operator.py
[2023-10-10T09:07:05.086+0000] {processor.py:839} INFO - DAG(s) dict_keys(['example_bash_operator']) retrieved from /home/airflow/.local/lib/python3.8/site-packages/airflow/example_dags/example_bash_operator.py
[2023-10-10T09:07:05.143+0000] {logging_mixin.py:151} INFO - [2023-10-10T09:07:05.143+0000] {dag.py:2915} INFO - Sync 1 DAGs
[2023-10-10T09:07:05.171+0000] {logging_mixin.py:151} INFO - [2023-10-10T09:07:05.171+0000] {dag.py:3696} INFO - Setting next_dagrun for example_bash_operator to 2023-10-09T00:00:00+00:00, run_after=2023-10-10T00:00:00+00:00
[2023-10-10T09:07:05.189+0000] {processor.py:179} INFO - Processing /home/airflow/.local/lib/python3.8/site-packages/airflow/example_dags/example_bash_operator.py took 0.149 seconds
[2023-10-10T09:07:35.850+0000] {processor.py:157} INFO - Started process (PID=2148) to work on /home/airflow/.local/lib/python3.8/site-packages/airflow/example_dags/example_bash_operator.py
[2023-10-10T09:07:35.851+0000] {processor.py:829} INFO - Processing file /home/airflow/.local/lib/python3.8/site-packages/airflow/example_dags/example_bash_operator.py for tasks to queue
[2023-10-10T09:07:35.854+0000] {logging_mixin.py:151} INFO - [2023-10-10T09:07:35.854+0000] {dagbag.py:539} INFO - Filling up the DagBag from /home/airflow/.local/lib/python3.8/site-packages/airflow/example_dags/example_bash_operator.py
[2023-10-10T09:07:35.871+0000] {processor.py:839} INFO - DAG(s) dict_keys(['example_bash_operator']) retrieved from /home/airflow/.local/lib/python3.8/site-packages/airflow/example_dags/example_bash_operator.py
[2023-10-10T09:07:35.902+0000] {logging_mixin.py:151} INFO - [2023-10-10T09:07:35.902+0000] {dag.py:2915} INFO - Sync 1 DAGs
[2023-10-10T09:07:35.925+0000] {logging_mixin.py:151} INFO - [2023-10-10T09:07:35.925+0000] {dag.py:3696} INFO - Setting next_dagrun for example_bash_operator to 2023-10-09T00:00:00+00:00, run_after=2023-10-10T00:00:00+00:00
[2023-10-10T09:07:35.938+0000] {processor.py:179} INFO - Processing /home/airflow/.local/lib/python3.8/site-packages/airflow/example_dags/example_bash_operator.py took 0.094 seconds
[2023-10-10T09:08:06.248+0000] {processor.py:157} INFO - Started process (PID=2208) to work on /home/airflow/.local/lib/python3.8/site-packages/airflow/example_dags/example_bash_operator.py
[2023-10-10T09:08:06.250+0000] {processor.py:829} INFO - Processing file /home/airflow/.local/lib/python3.8/site-packages/airflow/example_dags/example_bash_operator.py for tasks to queue
[2023-10-10T09:08:06.254+0000] {logging_mixin.py:151} INFO - [2023-10-10T09:08:06.253+0000] {dagbag.py:539} INFO - Filling up the DagBag from /home/airflow/.local/lib/python3.8/site-packages/airflow/example_dags/example_bash_operator.py
[2023-10-10T09:08:06.269+0000] {processor.py:839} INFO - DAG(s) dict_keys(['example_bash_operator']) retrieved from /home/airflow/.local/lib/python3.8/site-packages/airflow/example_dags/example_bash_operator.py
[2023-10-10T09:08:06.305+0000] {logging_mixin.py:151} INFO - [2023-10-10T09:08:06.305+0000] {dag.py:2915} INFO - Sync 1 DAGs
[2023-10-10T09:08:06.324+0000] {logging_mixin.py:151} INFO - [2023-10-10T09:08:06.324+0000] {dag.py:3696} INFO - Setting next_dagrun for example_bash_operator to 2023-10-09T00:00:00+00:00, run_after=2023-10-10T00:00:00+00:00
[2023-10-10T09:08:06.334+0000] {processor.py:179} INFO - Processing /home/airflow/.local/lib/python3.8/site-packages/airflow/example_dags/example_bash_operator.py took 0.094 seconds
[2023-10-10T09:08:36.666+0000] {processor.py:157} INFO - Started process (PID=2269) to work on /home/airflow/.local/lib/python3.8/site-packages/airflow/example_dags/example_bash_operator.py
[2023-10-10T09:08:36.668+0000] {processor.py:829} INFO - Processing file /home/airflow/.local/lib/python3.8/site-packages/airflow/example_dags/example_bash_operator.py for tasks to queue
[2023-10-10T09:08:36.672+0000] {logging_mixin.py:151} INFO - [2023-10-10T09:08:36.671+0000] {dagbag.py:539} INFO - Filling up the DagBag from /home/airflow/.local/lib/python3.8/site-packages/airflow/example_dags/example_bash_operator.py
[2023-10-10T09:08:36.695+0000] {processor.py:839} INFO - DAG(s) dict_keys(['example_bash_operator']) retrieved from /home/airflow/.local/lib/python3.8/site-packages/airflow/example_dags/example_bash_operator.py
[2023-10-10T09:08:36.722+0000] {logging_mixin.py:151} INFO - [2023-10-10T09:08:36.722+0000] {dag.py:2915} INFO - Sync 1 DAGs
[2023-10-10T09:08:36.748+0000] {logging_mixin.py:151} INFO - [2023-10-10T09:08:36.748+0000] {dag.py:3696} INFO - Setting next_dagrun for example_bash_operator to 2023-10-09T00:00:00+00:00, run_after=2023-10-10T00:00:00+00:00
[2023-10-10T09:08:36.760+0000] {processor.py:179} INFO - Processing /home/airflow/.local/lib/python3.8/site-packages/airflow/example_dags/example_bash_operator.py took 0.100 seconds
[2023-10-10T09:09:06.976+0000] {processor.py:157} INFO - Started process (PID=2330) to work on /home/airflow/.local/lib/python3.8/site-packages/airflow/example_dags/example_bash_operator.py
[2023-10-10T09:09:06.979+0000] {processor.py:829} INFO - Processing file /home/airflow/.local/lib/python3.8/site-packages/airflow/example_dags/example_bash_operator.py for tasks to queue
[2023-10-10T09:09:06.982+0000] {logging_mixin.py:151} INFO - [2023-10-10T09:09:06.982+0000] {dagbag.py:539} INFO - Filling up the DagBag from /home/airflow/.local/lib/python3.8/site-packages/airflow/example_dags/example_bash_operator.py
[2023-10-10T09:09:06.997+0000] {processor.py:839} INFO - DAG(s) dict_keys(['example_bash_operator']) retrieved from /home/airflow/.local/lib/python3.8/site-packages/airflow/example_dags/example_bash_operator.py
[2023-10-10T09:09:07.029+0000] {logging_mixin.py:151} INFO - [2023-10-10T09:09:07.029+0000] {dag.py:2915} INFO - Sync 1 DAGs
[2023-10-10T09:09:07.048+0000] {logging_mixin.py:151} INFO - [2023-10-10T09:09:07.048+0000] {dag.py:3696} INFO - Setting next_dagrun for example_bash_operator to 2023-10-09T00:00:00+00:00, run_after=2023-10-10T00:00:00+00:00
[2023-10-10T09:09:07.060+0000] {processor.py:179} INFO - Processing /home/airflow/.local/lib/python3.8/site-packages/airflow/example_dags/example_bash_operator.py took 0.091 seconds
[2023-10-10T09:09:37.434+0000] {processor.py:157} INFO - Started process (PID=2391) to work on /home/airflow/.local/lib/python3.8/site-packages/airflow/example_dags/example_bash_operator.py
[2023-10-10T09:09:37.436+0000] {processor.py:829} INFO - Processing file /home/airflow/.local/lib/python3.8/site-packages/airflow/example_dags/example_bash_operator.py for tasks to queue
[2023-10-10T09:09:37.439+0000] {logging_mixin.py:151} INFO - [2023-10-10T09:09:37.438+0000] {dagbag.py:539} INFO - Filling up the DagBag from /home/airflow/.local/lib/python3.8/site-packages/airflow/example_dags/example_bash_operator.py
[2023-10-10T09:09:37.457+0000] {processor.py:839} INFO - DAG(s) dict_keys(['example_bash_operator']) retrieved from /home/airflow/.local/lib/python3.8/site-packages/airflow/example_dags/example_bash_operator.py
[2023-10-10T09:09:37.504+0000] {logging_mixin.py:151} INFO - [2023-10-10T09:09:37.504+0000] {dag.py:2915} INFO - Sync 1 DAGs
[2023-10-10T09:09:37.526+0000] {logging_mixin.py:151} INFO - [2023-10-10T09:09:37.526+0000] {dag.py:3696} INFO - Setting next_dagrun for example_bash_operator to 2023-10-09T00:00:00+00:00, run_after=2023-10-10T00:00:00+00:00
[2023-10-10T09:09:37.540+0000] {processor.py:179} INFO - Processing /home/airflow/.local/lib/python3.8/site-packages/airflow/example_dags/example_bash_operator.py took 0.110 seconds
[2023-10-10T09:10:07.931+0000] {processor.py:157} INFO - Started process (PID=2452) to work on /home/airflow/.local/lib/python3.8/site-packages/airflow/example_dags/example_bash_operator.py
[2023-10-10T09:10:07.933+0000] {processor.py:829} INFO - Processing file /home/airflow/.local/lib/python3.8/site-packages/airflow/example_dags/example_bash_operator.py for tasks to queue
[2023-10-10T09:10:07.939+0000] {logging_mixin.py:151} INFO - [2023-10-10T09:10:07.939+0000] {dagbag.py:539} INFO - Filling up the DagBag from /home/airflow/.local/lib/python3.8/site-packages/airflow/example_dags/example_bash_operator.py
[2023-10-10T09:10:07.949+0000] {processor.py:839} INFO - DAG(s) dict_keys(['example_bash_operator']) retrieved from /home/airflow/.local/lib/python3.8/site-packages/airflow/example_dags/example_bash_operator.py
[2023-10-10T09:10:07.970+0000] {logging_mixin.py:151} INFO - [2023-10-10T09:10:07.970+0000] {dag.py:2915} INFO - Sync 1 DAGs
[2023-10-10T09:10:07.995+0000] {logging_mixin.py:151} INFO - [2023-10-10T09:10:07.995+0000] {dag.py:3696} INFO - Setting next_dagrun for example_bash_operator to 2023-10-09T00:00:00+00:00, run_after=2023-10-10T00:00:00+00:00
[2023-10-10T09:10:08.009+0000] {processor.py:179} INFO - Processing /home/airflow/.local/lib/python3.8/site-packages/airflow/example_dags/example_bash_operator.py took 0.082 seconds
[2023-10-10T09:10:38.800+0000] {processor.py:157} INFO - Started process (PID=2513) to work on /home/airflow/.local/lib/python3.8/site-packages/airflow/example_dags/example_bash_operator.py
[2023-10-10T09:10:38.802+0000] {processor.py:829} INFO - Processing file /home/airflow/.local/lib/python3.8/site-packages/airflow/example_dags/example_bash_operator.py for tasks to queue
[2023-10-10T09:10:38.805+0000] {logging_mixin.py:151} INFO - [2023-10-10T09:10:38.805+0000] {dagbag.py:539} INFO - Filling up the DagBag from /home/airflow/.local/lib/python3.8/site-packages/airflow/example_dags/example_bash_operator.py
[2023-10-10T09:10:38.815+0000] {processor.py:839} INFO - DAG(s) dict_keys(['example_bash_operator']) retrieved from /home/airflow/.local/lib/python3.8/site-packages/airflow/example_dags/example_bash_operator.py
[2023-10-10T09:10:38.842+0000] {logging_mixin.py:151} INFO - [2023-10-10T09:10:38.841+0000] {dag.py:2915} INFO - Sync 1 DAGs
[2023-10-10T09:10:38.866+0000] {logging_mixin.py:151} INFO - [2023-10-10T09:10:38.865+0000] {dag.py:3696} INFO - Setting next_dagrun for example_bash_operator to 2023-10-09T00:00:00+00:00, run_after=2023-10-10T00:00:00+00:00
[2023-10-10T09:10:38.877+0000] {processor.py:179} INFO - Processing /home/airflow/.local/lib/python3.8/site-packages/airflow/example_dags/example_bash_operator.py took 0.083 seconds
[2023-10-10T09:11:09.138+0000] {processor.py:157} INFO - Started process (PID=2574) to work on /home/airflow/.local/lib/python3.8/site-packages/airflow/example_dags/example_bash_operator.py
[2023-10-10T09:11:09.141+0000] {processor.py:829} INFO - Processing file /home/airflow/.local/lib/python3.8/site-packages/airflow/example_dags/example_bash_operator.py for tasks to queue
[2023-10-10T09:11:09.144+0000] {logging_mixin.py:151} INFO - [2023-10-10T09:11:09.144+0000] {dagbag.py:539} INFO - Filling up the DagBag from /home/airflow/.local/lib/python3.8/site-packages/airflow/example_dags/example_bash_operator.py
[2023-10-10T09:11:09.167+0000] {processor.py:839} INFO - DAG(s) dict_keys(['example_bash_operator']) retrieved from /home/airflow/.local/lib/python3.8/site-packages/airflow/example_dags/example_bash_operator.py
[2023-10-10T09:11:09.207+0000] {logging_mixin.py:151} INFO - [2023-10-10T09:11:09.207+0000] {dag.py:2915} INFO - Sync 1 DAGs
[2023-10-10T09:11:09.232+0000] {logging_mixin.py:151} INFO - [2023-10-10T09:11:09.232+0000] {dag.py:3696} INFO - Setting next_dagrun for example_bash_operator to 2023-10-09T00:00:00+00:00, run_after=2023-10-10T00:00:00+00:00
[2023-10-10T09:11:09.251+0000] {processor.py:179} INFO - Processing /home/airflow/.local/lib/python3.8/site-packages/airflow/example_dags/example_bash_operator.py took 0.119 seconds
[2023-10-10T09:11:39.497+0000] {processor.py:157} INFO - Started process (PID=2635) to work on /home/airflow/.local/lib/python3.8/site-packages/airflow/example_dags/example_bash_operator.py
[2023-10-10T09:11:39.499+0000] {processor.py:829} INFO - Processing file /home/airflow/.local/lib/python3.8/site-packages/airflow/example_dags/example_bash_operator.py for tasks to queue
[2023-10-10T09:11:39.504+0000] {logging_mixin.py:151} INFO - [2023-10-10T09:11:39.504+0000] {dagbag.py:539} INFO - Filling up the DagBag from /home/airflow/.local/lib/python3.8/site-packages/airflow/example_dags/example_bash_operator.py
[2023-10-10T09:11:39.517+0000] {processor.py:839} INFO - DAG(s) dict_keys(['example_bash_operator']) retrieved from /home/airflow/.local/lib/python3.8/site-packages/airflow/example_dags/example_bash_operator.py
[2023-10-10T09:11:39.542+0000] {logging_mixin.py:151} INFO - [2023-10-10T09:11:39.542+0000] {dag.py:2915} INFO - Sync 1 DAGs
[2023-10-10T09:11:39.566+0000] {logging_mixin.py:151} INFO - [2023-10-10T09:11:39.566+0000] {dag.py:3696} INFO - Setting next_dagrun for example_bash_operator to 2023-10-09T00:00:00+00:00, run_after=2023-10-10T00:00:00+00:00
[2023-10-10T09:11:39.577+0000] {processor.py:179} INFO - Processing /home/airflow/.local/lib/python3.8/site-packages/airflow/example_dags/example_bash_operator.py took 0.085 seconds
[2023-10-10T09:12:10.231+0000] {processor.py:157} INFO - Started process (PID=2696) to work on /home/airflow/.local/lib/python3.8/site-packages/airflow/example_dags/example_bash_operator.py
[2023-10-10T09:12:10.233+0000] {processor.py:829} INFO - Processing file /home/airflow/.local/lib/python3.8/site-packages/airflow/example_dags/example_bash_operator.py for tasks to queue
[2023-10-10T09:12:10.237+0000] {logging_mixin.py:151} INFO - [2023-10-10T09:12:10.236+0000] {dagbag.py:539} INFO - Filling up the DagBag from /home/airflow/.local/lib/python3.8/site-packages/airflow/example_dags/example_bash_operator.py
[2023-10-10T09:12:10.250+0000] {processor.py:839} INFO - DAG(s) dict_keys(['example_bash_operator']) retrieved from /home/airflow/.local/lib/python3.8/site-packages/airflow/example_dags/example_bash_operator.py
[2023-10-10T09:12:10.281+0000] {logging_mixin.py:151} INFO - [2023-10-10T09:12:10.281+0000] {dag.py:2915} INFO - Sync 1 DAGs
[2023-10-10T09:12:10.304+0000] {logging_mixin.py:151} INFO - [2023-10-10T09:12:10.304+0000] {dag.py:3696} INFO - Setting next_dagrun for example_bash_operator to 2023-10-09T00:00:00+00:00, run_after=2023-10-10T00:00:00+00:00
[2023-10-10T09:12:10.315+0000] {processor.py:179} INFO - Processing /home/airflow/.local/lib/python3.8/site-packages/airflow/example_dags/example_bash_operator.py took 0.099 seconds
[2023-10-10T09:12:40.885+0000] {processor.py:157} INFO - Started process (PID=2757) to work on /home/airflow/.local/lib/python3.8/site-packages/airflow/example_dags/example_bash_operator.py
[2023-10-10T09:12:40.888+0000] {processor.py:829} INFO - Processing file /home/airflow/.local/lib/python3.8/site-packages/airflow/example_dags/example_bash_operator.py for tasks to queue
[2023-10-10T09:12:40.892+0000] {logging_mixin.py:151} INFO - [2023-10-10T09:12:40.892+0000] {dagbag.py:539} INFO - Filling up the DagBag from /home/airflow/.local/lib/python3.8/site-packages/airflow/example_dags/example_bash_operator.py
[2023-10-10T09:12:40.909+0000] {processor.py:839} INFO - DAG(s) dict_keys(['example_bash_operator']) retrieved from /home/airflow/.local/lib/python3.8/site-packages/airflow/example_dags/example_bash_operator.py
[2023-10-10T09:12:40.938+0000] {logging_mixin.py:151} INFO - [2023-10-10T09:12:40.938+0000] {dag.py:2915} INFO - Sync 1 DAGs
[2023-10-10T09:12:40.956+0000] {logging_mixin.py:151} INFO - [2023-10-10T09:12:40.956+0000] {dag.py:3696} INFO - Setting next_dagrun for example_bash_operator to 2023-10-09T00:00:00+00:00, run_after=2023-10-10T00:00:00+00:00
[2023-10-10T09:12:40.969+0000] {processor.py:179} INFO - Processing /home/airflow/.local/lib/python3.8/site-packages/airflow/example_dags/example_bash_operator.py took 0.091 seconds
[2023-10-10T09:13:11.824+0000] {processor.py:157} INFO - Started process (PID=2818) to work on /home/airflow/.local/lib/python3.8/site-packages/airflow/example_dags/example_bash_operator.py
[2023-10-10T09:13:11.826+0000] {processor.py:829} INFO - Processing file /home/airflow/.local/lib/python3.8/site-packages/airflow/example_dags/example_bash_operator.py for tasks to queue
[2023-10-10T09:13:11.829+0000] {logging_mixin.py:151} INFO - [2023-10-10T09:13:11.829+0000] {dagbag.py:539} INFO - Filling up the DagBag from /home/airflow/.local/lib/python3.8/site-packages/airflow/example_dags/example_bash_operator.py
[2023-10-10T09:13:11.850+0000] {processor.py:839} INFO - DAG(s) dict_keys(['example_bash_operator']) retrieved from /home/airflow/.local/lib/python3.8/site-packages/airflow/example_dags/example_bash_operator.py
[2023-10-10T09:13:11.949+0000] {logging_mixin.py:151} INFO - [2023-10-10T09:13:11.949+0000] {dag.py:2915} INFO - Sync 1 DAGs
[2023-10-10T09:13:11.985+0000] {logging_mixin.py:151} INFO - [2023-10-10T09:13:11.985+0000] {dag.py:3696} INFO - Setting next_dagrun for example_bash_operator to 2023-10-09T00:00:00+00:00, run_after=2023-10-10T00:00:00+00:00
[2023-10-10T09:13:12.009+0000] {processor.py:179} INFO - Processing /home/airflow/.local/lib/python3.8/site-packages/airflow/example_dags/example_bash_operator.py took 0.189 seconds
[2023-10-10T09:13:42.373+0000] {processor.py:157} INFO - Started process (PID=2879) to work on /home/airflow/.local/lib/python3.8/site-packages/airflow/example_dags/example_bash_operator.py
[2023-10-10T09:13:42.376+0000] {processor.py:829} INFO - Processing file /home/airflow/.local/lib/python3.8/site-packages/airflow/example_dags/example_bash_operator.py for tasks to queue
[2023-10-10T09:13:42.378+0000] {logging_mixin.py:151} INFO - [2023-10-10T09:13:42.378+0000] {dagbag.py:539} INFO - Filling up the DagBag from /home/airflow/.local/lib/python3.8/site-packages/airflow/example_dags/example_bash_operator.py
[2023-10-10T09:13:42.388+0000] {processor.py:839} INFO - DAG(s) dict_keys(['example_bash_operator']) retrieved from /home/airflow/.local/lib/python3.8/site-packages/airflow/example_dags/example_bash_operator.py
[2023-10-10T09:13:42.418+0000] {logging_mixin.py:151} INFO - [2023-10-10T09:13:42.418+0000] {dag.py:2915} INFO - Sync 1 DAGs
[2023-10-10T09:13:42.435+0000] {logging_mixin.py:151} INFO - [2023-10-10T09:13:42.435+0000] {dag.py:3696} INFO - Setting next_dagrun for example_bash_operator to 2023-10-09T00:00:00+00:00, run_after=2023-10-10T00:00:00+00:00
[2023-10-10T09:13:42.446+0000] {processor.py:179} INFO - Processing /home/airflow/.local/lib/python3.8/site-packages/airflow/example_dags/example_bash_operator.py took 0.077 seconds
[2023-10-10T09:14:12.880+0000] {processor.py:157} INFO - Started process (PID=2940) to work on /home/airflow/.local/lib/python3.8/site-packages/airflow/example_dags/example_bash_operator.py
[2023-10-10T09:14:12.882+0000] {processor.py:829} INFO - Processing file /home/airflow/.local/lib/python3.8/site-packages/airflow/example_dags/example_bash_operator.py for tasks to queue
[2023-10-10T09:14:12.886+0000] {logging_mixin.py:151} INFO - [2023-10-10T09:14:12.885+0000] {dagbag.py:539} INFO - Filling up the DagBag from /home/airflow/.local/lib/python3.8/site-packages/airflow/example_dags/example_bash_operator.py
[2023-10-10T09:14:12.908+0000] {processor.py:839} INFO - DAG(s) dict_keys(['example_bash_operator']) retrieved from /home/airflow/.local/lib/python3.8/site-packages/airflow/example_dags/example_bash_operator.py
[2023-10-10T09:14:12.941+0000] {logging_mixin.py:151} INFO - [2023-10-10T09:14:12.940+0000] {dag.py:2915} INFO - Sync 1 DAGs
[2023-10-10T09:14:12.963+0000] {logging_mixin.py:151} INFO - [2023-10-10T09:14:12.963+0000] {dag.py:3696} INFO - Setting next_dagrun for example_bash_operator to 2023-10-09T00:00:00+00:00, run_after=2023-10-10T00:00:00+00:00
[2023-10-10T09:14:12.980+0000] {processor.py:179} INFO - Processing /home/airflow/.local/lib/python3.8/site-packages/airflow/example_dags/example_bash_operator.py took 0.107 seconds
[2023-10-10T09:14:43.633+0000] {processor.py:157} INFO - Started process (PID=3001) to work on /home/airflow/.local/lib/python3.8/site-packages/airflow/example_dags/example_bash_operator.py
[2023-10-10T09:14:43.634+0000] {processor.py:829} INFO - Processing file /home/airflow/.local/lib/python3.8/site-packages/airflow/example_dags/example_bash_operator.py for tasks to queue
[2023-10-10T09:14:43.636+0000] {logging_mixin.py:151} INFO - [2023-10-10T09:14:43.636+0000] {dagbag.py:539} INFO - Filling up the DagBag from /home/airflow/.local/lib/python3.8/site-packages/airflow/example_dags/example_bash_operator.py
[2023-10-10T09:14:43.646+0000] {processor.py:839} INFO - DAG(s) dict_keys(['example_bash_operator']) retrieved from /home/airflow/.local/lib/python3.8/site-packages/airflow/example_dags/example_bash_operator.py
[2023-10-10T09:14:43.678+0000] {logging_mixin.py:151} INFO - [2023-10-10T09:14:43.678+0000] {dag.py:2915} INFO - Sync 1 DAGs
[2023-10-10T09:14:43.694+0000] {logging_mixin.py:151} INFO - [2023-10-10T09:14:43.693+0000] {dag.py:3696} INFO - Setting next_dagrun for example_bash_operator to 2023-10-09T00:00:00+00:00, run_after=2023-10-10T00:00:00+00:00
[2023-10-10T09:14:43.704+0000] {processor.py:179} INFO - Processing /home/airflow/.local/lib/python3.8/site-packages/airflow/example_dags/example_bash_operator.py took 0.076 seconds
[2023-10-10T09:15:13.948+0000] {processor.py:157} INFO - Started process (PID=3062) to work on /home/airflow/.local/lib/python3.8/site-packages/airflow/example_dags/example_bash_operator.py
[2023-10-10T09:15:13.952+0000] {processor.py:829} INFO - Processing file /home/airflow/.local/lib/python3.8/site-packages/airflow/example_dags/example_bash_operator.py for tasks to queue
[2023-10-10T09:15:13.958+0000] {logging_mixin.py:151} INFO - [2023-10-10T09:15:13.957+0000] {dagbag.py:539} INFO - Filling up the DagBag from /home/airflow/.local/lib/python3.8/site-packages/airflow/example_dags/example_bash_operator.py
[2023-10-10T09:15:13.979+0000] {processor.py:839} INFO - DAG(s) dict_keys(['example_bash_operator']) retrieved from /home/airflow/.local/lib/python3.8/site-packages/airflow/example_dags/example_bash_operator.py
[2023-10-10T09:15:14.010+0000] {logging_mixin.py:151} INFO - [2023-10-10T09:15:14.010+0000] {dag.py:2915} INFO - Sync 1 DAGs
[2023-10-10T09:15:14.028+0000] {logging_mixin.py:151} INFO - [2023-10-10T09:15:14.028+0000] {dag.py:3696} INFO - Setting next_dagrun for example_bash_operator to 2023-10-09T00:00:00+00:00, run_after=2023-10-10T00:00:00+00:00
[2023-10-10T09:15:14.039+0000] {processor.py:179} INFO - Processing /home/airflow/.local/lib/python3.8/site-packages/airflow/example_dags/example_bash_operator.py took 0.105 seconds
[2023-10-10T09:15:44.248+0000] {processor.py:157} INFO - Started process (PID=3123) to work on /home/airflow/.local/lib/python3.8/site-packages/airflow/example_dags/example_bash_operator.py
[2023-10-10T09:15:44.249+0000] {processor.py:829} INFO - Processing file /home/airflow/.local/lib/python3.8/site-packages/airflow/example_dags/example_bash_operator.py for tasks to queue
[2023-10-10T09:15:44.252+0000] {logging_mixin.py:151} INFO - [2023-10-10T09:15:44.252+0000] {dagbag.py:539} INFO - Filling up the DagBag from /home/airflow/.local/lib/python3.8/site-packages/airflow/example_dags/example_bash_operator.py
[2023-10-10T09:15:44.269+0000] {processor.py:839} INFO - DAG(s) dict_keys(['example_bash_operator']) retrieved from /home/airflow/.local/lib/python3.8/site-packages/airflow/example_dags/example_bash_operator.py
[2023-10-10T09:15:44.294+0000] {logging_mixin.py:151} INFO - [2023-10-10T09:15:44.294+0000] {dag.py:2915} INFO - Sync 1 DAGs
[2023-10-10T09:15:44.321+0000] {logging_mixin.py:151} INFO - [2023-10-10T09:15:44.320+0000] {dag.py:3696} INFO - Setting next_dagrun for example_bash_operator to 2023-10-09T00:00:00+00:00, run_after=2023-10-10T00:00:00+00:00
[2023-10-10T09:15:44.332+0000] {processor.py:179} INFO - Processing /home/airflow/.local/lib/python3.8/site-packages/airflow/example_dags/example_bash_operator.py took 0.090 seconds
[2023-10-10T09:16:14.911+0000] {processor.py:157} INFO - Started process (PID=3184) to work on /home/airflow/.local/lib/python3.8/site-packages/airflow/example_dags/example_bash_operator.py
[2023-10-10T09:16:14.914+0000] {processor.py:829} INFO - Processing file /home/airflow/.local/lib/python3.8/site-packages/airflow/example_dags/example_bash_operator.py for tasks to queue
[2023-10-10T09:16:14.921+0000] {logging_mixin.py:151} INFO - [2023-10-10T09:16:14.920+0000] {dagbag.py:539} INFO - Filling up the DagBag from /home/airflow/.local/lib/python3.8/site-packages/airflow/example_dags/example_bash_operator.py
[2023-10-10T09:16:14.934+0000] {processor.py:839} INFO - DAG(s) dict_keys(['example_bash_operator']) retrieved from /home/airflow/.local/lib/python3.8/site-packages/airflow/example_dags/example_bash_operator.py
[2023-10-10T09:16:14.969+0000] {logging_mixin.py:151} INFO - [2023-10-10T09:16:14.969+0000] {dag.py:2915} INFO - Sync 1 DAGs
[2023-10-10T09:16:14.990+0000] {logging_mixin.py:151} INFO - [2023-10-10T09:16:14.990+0000] {dag.py:3696} INFO - Setting next_dagrun for example_bash_operator to 2023-10-09T00:00:00+00:00, run_after=2023-10-10T00:00:00+00:00
[2023-10-10T09:16:15.007+0000] {processor.py:179} INFO - Processing /home/airflow/.local/lib/python3.8/site-packages/airflow/example_dags/example_bash_operator.py took 0.105 seconds
[2023-10-10T09:16:45.398+0000] {processor.py:157} INFO - Started process (PID=3245) to work on /home/airflow/.local/lib/python3.8/site-packages/airflow/example_dags/example_bash_operator.py
[2023-10-10T09:16:45.402+0000] {processor.py:829} INFO - Processing file /home/airflow/.local/lib/python3.8/site-packages/airflow/example_dags/example_bash_operator.py for tasks to queue
[2023-10-10T09:16:45.407+0000] {logging_mixin.py:151} INFO - [2023-10-10T09:16:45.407+0000] {dagbag.py:539} INFO - Filling up the DagBag from /home/airflow/.local/lib/python3.8/site-packages/airflow/example_dags/example_bash_operator.py
[2023-10-10T09:16:45.423+0000] {processor.py:839} INFO - DAG(s) dict_keys(['example_bash_operator']) retrieved from /home/airflow/.local/lib/python3.8/site-packages/airflow/example_dags/example_bash_operator.py
[2023-10-10T09:16:45.454+0000] {logging_mixin.py:151} INFO - [2023-10-10T09:16:45.454+0000] {dag.py:2915} INFO - Sync 1 DAGs
[2023-10-10T09:16:45.479+0000] {logging_mixin.py:151} INFO - [2023-10-10T09:16:45.479+0000] {dag.py:3696} INFO - Setting next_dagrun for example_bash_operator to 2023-10-09T00:00:00+00:00, run_after=2023-10-10T00:00:00+00:00
[2023-10-10T09:16:45.498+0000] {processor.py:179} INFO - Processing /home/airflow/.local/lib/python3.8/site-packages/airflow/example_dags/example_bash_operator.py took 0.110 seconds
[2023-10-10T09:17:16.060+0000] {processor.py:157} INFO - Started process (PID=3311) to work on /home/airflow/.local/lib/python3.8/site-packages/airflow/example_dags/example_bash_operator.py
[2023-10-10T09:17:16.062+0000] {processor.py:829} INFO - Processing file /home/airflow/.local/lib/python3.8/site-packages/airflow/example_dags/example_bash_operator.py for tasks to queue
[2023-10-10T09:17:16.066+0000] {logging_mixin.py:151} INFO - [2023-10-10T09:17:16.066+0000] {dagbag.py:539} INFO - Filling up the DagBag from /home/airflow/.local/lib/python3.8/site-packages/airflow/example_dags/example_bash_operator.py
[2023-10-10T09:17:16.081+0000] {processor.py:839} INFO - DAG(s) dict_keys(['example_bash_operator']) retrieved from /home/airflow/.local/lib/python3.8/site-packages/airflow/example_dags/example_bash_operator.py
[2023-10-10T09:17:16.135+0000] {logging_mixin.py:151} INFO - [2023-10-10T09:17:16.135+0000] {dag.py:2915} INFO - Sync 1 DAGs
[2023-10-10T09:17:16.164+0000] {logging_mixin.py:151} INFO - [2023-10-10T09:17:16.163+0000] {dag.py:3696} INFO - Setting next_dagrun for example_bash_operator to 2023-10-09T00:00:00+00:00, run_after=2023-10-10T00:00:00+00:00
[2023-10-10T09:17:16.185+0000] {processor.py:179} INFO - Processing /home/airflow/.local/lib/python3.8/site-packages/airflow/example_dags/example_bash_operator.py took 0.133 seconds
[2023-10-10T09:17:46.353+0000] {processor.py:157} INFO - Started process (PID=3364) to work on /home/airflow/.local/lib/python3.8/site-packages/airflow/example_dags/example_bash_operator.py
[2023-10-10T09:17:46.355+0000] {processor.py:829} INFO - Processing file /home/airflow/.local/lib/python3.8/site-packages/airflow/example_dags/example_bash_operator.py for tasks to queue
[2023-10-10T09:17:46.358+0000] {logging_mixin.py:151} INFO - [2023-10-10T09:17:46.358+0000] {dagbag.py:539} INFO - Filling up the DagBag from /home/airflow/.local/lib/python3.8/site-packages/airflow/example_dags/example_bash_operator.py
[2023-10-10T09:17:46.371+0000] {processor.py:839} INFO - DAG(s) dict_keys(['example_bash_operator']) retrieved from /home/airflow/.local/lib/python3.8/site-packages/airflow/example_dags/example_bash_operator.py
[2023-10-10T09:17:46.401+0000] {logging_mixin.py:151} INFO - [2023-10-10T09:17:46.401+0000] {dag.py:2915} INFO - Sync 1 DAGs
[2023-10-10T09:17:46.417+0000] {logging_mixin.py:151} INFO - [2023-10-10T09:17:46.417+0000] {dag.py:3696} INFO - Setting next_dagrun for example_bash_operator to 2023-10-09T00:00:00+00:00, run_after=2023-10-10T00:00:00+00:00
[2023-10-10T09:17:46.427+0000] {processor.py:179} INFO - Processing /home/airflow/.local/lib/python3.8/site-packages/airflow/example_dags/example_bash_operator.py took 0.078 seconds
[2023-10-10T09:18:17.021+0000] {processor.py:157} INFO - Started process (PID=3425) to work on /home/airflow/.local/lib/python3.8/site-packages/airflow/example_dags/example_bash_operator.py
[2023-10-10T09:18:17.024+0000] {processor.py:829} INFO - Processing file /home/airflow/.local/lib/python3.8/site-packages/airflow/example_dags/example_bash_operator.py for tasks to queue
[2023-10-10T09:18:17.032+0000] {logging_mixin.py:151} INFO - [2023-10-10T09:18:17.032+0000] {dagbag.py:539} INFO - Filling up the DagBag from /home/airflow/.local/lib/python3.8/site-packages/airflow/example_dags/example_bash_operator.py
[2023-10-10T09:18:17.051+0000] {processor.py:839} INFO - DAG(s) dict_keys(['example_bash_operator']) retrieved from /home/airflow/.local/lib/python3.8/site-packages/airflow/example_dags/example_bash_operator.py
[2023-10-10T09:18:17.079+0000] {logging_mixin.py:151} INFO - [2023-10-10T09:18:17.079+0000] {dag.py:2915} INFO - Sync 1 DAGs
[2023-10-10T09:18:17.097+0000] {logging_mixin.py:151} INFO - [2023-10-10T09:18:17.097+0000] {dag.py:3696} INFO - Setting next_dagrun for example_bash_operator to 2023-10-09T00:00:00+00:00, run_after=2023-10-10T00:00:00+00:00
[2023-10-10T09:18:17.108+0000] {processor.py:179} INFO - Processing /home/airflow/.local/lib/python3.8/site-packages/airflow/example_dags/example_bash_operator.py took 0.101 seconds
[2023-10-10T09:18:47.391+0000] {processor.py:157} INFO - Started process (PID=3486) to work on /home/airflow/.local/lib/python3.8/site-packages/airflow/example_dags/example_bash_operator.py
[2023-10-10T09:18:47.394+0000] {processor.py:829} INFO - Processing file /home/airflow/.local/lib/python3.8/site-packages/airflow/example_dags/example_bash_operator.py for tasks to queue
[2023-10-10T09:18:47.398+0000] {logging_mixin.py:151} INFO - [2023-10-10T09:18:47.398+0000] {dagbag.py:539} INFO - Filling up the DagBag from /home/airflow/.local/lib/python3.8/site-packages/airflow/example_dags/example_bash_operator.py
[2023-10-10T09:18:47.415+0000] {processor.py:839} INFO - DAG(s) dict_keys(['example_bash_operator']) retrieved from /home/airflow/.local/lib/python3.8/site-packages/airflow/example_dags/example_bash_operator.py
[2023-10-10T09:18:47.446+0000] {logging_mixin.py:151} INFO - [2023-10-10T09:18:47.446+0000] {dag.py:2915} INFO - Sync 1 DAGs
[2023-10-10T09:18:47.464+0000] {logging_mixin.py:151} INFO - [2023-10-10T09:18:47.464+0000] {dag.py:3696} INFO - Setting next_dagrun for example_bash_operator to 2023-10-09T00:00:00+00:00, run_after=2023-10-10T00:00:00+00:00
[2023-10-10T09:18:47.474+0000] {processor.py:179} INFO - Processing /home/airflow/.local/lib/python3.8/site-packages/airflow/example_dags/example_bash_operator.py took 0.093 seconds
[2023-10-10T09:19:17.596+0000] {processor.py:157} INFO - Started process (PID=3548) to work on /home/airflow/.local/lib/python3.8/site-packages/airflow/example_dags/example_bash_operator.py
[2023-10-10T09:19:17.597+0000] {processor.py:829} INFO - Processing file /home/airflow/.local/lib/python3.8/site-packages/airflow/example_dags/example_bash_operator.py for tasks to queue
[2023-10-10T09:19:17.599+0000] {logging_mixin.py:151} INFO - [2023-10-10T09:19:17.598+0000] {dagbag.py:539} INFO - Filling up the DagBag from /home/airflow/.local/lib/python3.8/site-packages/airflow/example_dags/example_bash_operator.py
[2023-10-10T09:19:17.609+0000] {processor.py:839} INFO - DAG(s) dict_keys(['example_bash_operator']) retrieved from /home/airflow/.local/lib/python3.8/site-packages/airflow/example_dags/example_bash_operator.py
[2023-10-10T09:19:17.636+0000] {logging_mixin.py:151} INFO - [2023-10-10T09:19:17.636+0000] {dag.py:2915} INFO - Sync 1 DAGs
[2023-10-10T09:19:17.662+0000] {logging_mixin.py:151} INFO - [2023-10-10T09:19:17.662+0000] {dag.py:3696} INFO - Setting next_dagrun for example_bash_operator to 2023-10-09T00:00:00+00:00, run_after=2023-10-10T00:00:00+00:00
[2023-10-10T09:19:17.678+0000] {processor.py:179} INFO - Processing /home/airflow/.local/lib/python3.8/site-packages/airflow/example_dags/example_bash_operator.py took 0.084 seconds
[2023-10-10T09:19:47.847+0000] {processor.py:157} INFO - Started process (PID=3607) to work on /home/airflow/.local/lib/python3.8/site-packages/airflow/example_dags/example_bash_operator.py
[2023-10-10T09:19:47.850+0000] {processor.py:829} INFO - Processing file /home/airflow/.local/lib/python3.8/site-packages/airflow/example_dags/example_bash_operator.py for tasks to queue
[2023-10-10T09:19:47.854+0000] {logging_mixin.py:151} INFO - [2023-10-10T09:19:47.853+0000] {dagbag.py:539} INFO - Filling up the DagBag from /home/airflow/.local/lib/python3.8/site-packages/airflow/example_dags/example_bash_operator.py
[2023-10-10T09:19:47.866+0000] {processor.py:839} INFO - DAG(s) dict_keys(['example_bash_operator']) retrieved from /home/airflow/.local/lib/python3.8/site-packages/airflow/example_dags/example_bash_operator.py
[2023-10-10T09:19:47.903+0000] {logging_mixin.py:151} INFO - [2023-10-10T09:19:47.903+0000] {dag.py:2915} INFO - Sync 1 DAGs
[2023-10-10T09:19:47.921+0000] {logging_mixin.py:151} INFO - [2023-10-10T09:19:47.920+0000] {dag.py:3696} INFO - Setting next_dagrun for example_bash_operator to 2023-10-09T00:00:00+00:00, run_after=2023-10-10T00:00:00+00:00
[2023-10-10T09:19:47.932+0000] {processor.py:179} INFO - Processing /home/airflow/.local/lib/python3.8/site-packages/airflow/example_dags/example_bash_operator.py took 0.095 seconds
