[2023-10-10T08:49:52.311+0000] {processor.py:157} INFO - Started process (PID=61) to work on /home/airflow/.local/lib/python3.8/site-packages/airflow/example_dags/example_dynamic_task_mapping_with_no_taskflow_operators.py
[2023-10-10T08:49:52.319+0000] {processor.py:829} INFO - Processing file /home/airflow/.local/lib/python3.8/site-packages/airflow/example_dags/example_dynamic_task_mapping_with_no_taskflow_operators.py for tasks to queue
[2023-10-10T08:49:52.329+0000] {logging_mixin.py:151} INFO - [2023-10-10T08:49:52.328+0000] {dagbag.py:539} INFO - Filling up the DagBag from /home/airflow/.local/lib/python3.8/site-packages/airflow/example_dags/example_dynamic_task_mapping_with_no_taskflow_operators.py
[2023-10-10T08:49:52.364+0000] {processor.py:839} INFO - DAG(s) dict_keys(['example_dynamic_task_mapping_with_no_taskflow_operators']) retrieved from /home/airflow/.local/lib/python3.8/site-packages/airflow/example_dags/example_dynamic_task_mapping_with_no_taskflow_operators.py
[2023-10-10T08:49:52.484+0000] {logging_mixin.py:151} INFO - [2023-10-10T08:49:52.484+0000] {dag.py:2915} INFO - Sync 1 DAGs
[2023-10-10T08:49:52.566+0000] {logging_mixin.py:151} INFO - [2023-10-10T08:49:52.566+0000] {dag.py:3696} INFO - Setting next_dagrun for example_dynamic_task_mapping_with_no_taskflow_operators to 2023-10-09T08:49:52.565862+00:00, run_after=2023-10-10T08:49:52.565862+00:00
[2023-10-10T08:49:52.658+0000] {processor.py:179} INFO - Processing /home/airflow/.local/lib/python3.8/site-packages/airflow/example_dags/example_dynamic_task_mapping_with_no_taskflow_operators.py took 0.381 seconds
[2023-10-10T08:50:25.563+0000] {processor.py:157} INFO - Started process (PID=120) to work on /home/airflow/.local/lib/python3.8/site-packages/airflow/example_dags/example_dynamic_task_mapping_with_no_taskflow_operators.py
[2023-10-10T08:50:25.565+0000] {processor.py:829} INFO - Processing file /home/airflow/.local/lib/python3.8/site-packages/airflow/example_dags/example_dynamic_task_mapping_with_no_taskflow_operators.py for tasks to queue
[2023-10-10T08:50:25.569+0000] {logging_mixin.py:151} INFO - [2023-10-10T08:50:25.569+0000] {dagbag.py:539} INFO - Filling up the DagBag from /home/airflow/.local/lib/python3.8/site-packages/airflow/example_dags/example_dynamic_task_mapping_with_no_taskflow_operators.py
[2023-10-10T08:50:25.576+0000] {processor.py:839} INFO - DAG(s) dict_keys(['example_dynamic_task_mapping_with_no_taskflow_operators']) retrieved from /home/airflow/.local/lib/python3.8/site-packages/airflow/example_dags/example_dynamic_task_mapping_with_no_taskflow_operators.py
[2023-10-10T08:50:25.615+0000] {logging_mixin.py:151} INFO - [2023-10-10T08:50:25.615+0000] {dag.py:2915} INFO - Sync 1 DAGs
[2023-10-10T08:50:25.679+0000] {logging_mixin.py:151} INFO - [2023-10-10T08:50:25.678+0000] {dag.py:3696} INFO - Setting next_dagrun for example_dynamic_task_mapping_with_no_taskflow_operators to 2023-10-09T08:50:25.677523+00:00, run_after=2023-10-10T08:50:25.677523+00:00
[2023-10-10T08:50:25.708+0000] {processor.py:179} INFO - Processing /home/airflow/.local/lib/python3.8/site-packages/airflow/example_dags/example_dynamic_task_mapping_with_no_taskflow_operators.py took 0.154 seconds
[2023-10-10T08:50:56.489+0000] {processor.py:157} INFO - Started process (PID=175) to work on /home/airflow/.local/lib/python3.8/site-packages/airflow/example_dags/example_dynamic_task_mapping_with_no_taskflow_operators.py
[2023-10-10T08:50:56.496+0000] {processor.py:829} INFO - Processing file /home/airflow/.local/lib/python3.8/site-packages/airflow/example_dags/example_dynamic_task_mapping_with_no_taskflow_operators.py for tasks to queue
[2023-10-10T08:50:56.506+0000] {logging_mixin.py:151} INFO - [2023-10-10T08:50:56.504+0000] {dagbag.py:539} INFO - Filling up the DagBag from /home/airflow/.local/lib/python3.8/site-packages/airflow/example_dags/example_dynamic_task_mapping_with_no_taskflow_operators.py
[2023-10-10T08:50:56.529+0000] {processor.py:839} INFO - DAG(s) dict_keys(['example_dynamic_task_mapping_with_no_taskflow_operators']) retrieved from /home/airflow/.local/lib/python3.8/site-packages/airflow/example_dags/example_dynamic_task_mapping_with_no_taskflow_operators.py
[2023-10-10T08:50:56.577+0000] {logging_mixin.py:151} INFO - [2023-10-10T08:50:56.577+0000] {dag.py:2915} INFO - Sync 1 DAGs
[2023-10-10T08:50:56.601+0000] {logging_mixin.py:151} INFO - [2023-10-10T08:50:56.601+0000] {dag.py:3696} INFO - Setting next_dagrun for example_dynamic_task_mapping_with_no_taskflow_operators to 2023-10-09T08:50:56.600817+00:00, run_after=2023-10-10T08:50:56.600817+00:00
[2023-10-10T08:50:56.616+0000] {processor.py:179} INFO - Processing /home/airflow/.local/lib/python3.8/site-packages/airflow/example_dags/example_dynamic_task_mapping_with_no_taskflow_operators.py took 0.154 seconds
[2023-10-10T08:51:26.673+0000] {processor.py:157} INFO - Started process (PID=236) to work on /home/airflow/.local/lib/python3.8/site-packages/airflow/example_dags/example_dynamic_task_mapping_with_no_taskflow_operators.py
[2023-10-10T08:51:26.674+0000] {processor.py:829} INFO - Processing file /home/airflow/.local/lib/python3.8/site-packages/airflow/example_dags/example_dynamic_task_mapping_with_no_taskflow_operators.py for tasks to queue
[2023-10-10T08:51:26.677+0000] {logging_mixin.py:151} INFO - [2023-10-10T08:51:26.676+0000] {dagbag.py:539} INFO - Filling up the DagBag from /home/airflow/.local/lib/python3.8/site-packages/airflow/example_dags/example_dynamic_task_mapping_with_no_taskflow_operators.py
[2023-10-10T08:51:26.684+0000] {processor.py:839} INFO - DAG(s) dict_keys(['example_dynamic_task_mapping_with_no_taskflow_operators']) retrieved from /home/airflow/.local/lib/python3.8/site-packages/airflow/example_dags/example_dynamic_task_mapping_with_no_taskflow_operators.py
[2023-10-10T08:51:26.710+0000] {logging_mixin.py:151} INFO - [2023-10-10T08:51:26.709+0000] {dag.py:2915} INFO - Sync 1 DAGs
[2023-10-10T08:51:26.726+0000] {logging_mixin.py:151} INFO - [2023-10-10T08:51:26.726+0000] {dag.py:3696} INFO - Setting next_dagrun for example_dynamic_task_mapping_with_no_taskflow_operators to 2023-10-09T08:51:26.726601+00:00, run_after=2023-10-10T08:51:26.726601+00:00
[2023-10-10T08:51:26.740+0000] {processor.py:179} INFO - Processing /home/airflow/.local/lib/python3.8/site-packages/airflow/example_dags/example_dynamic_task_mapping_with_no_taskflow_operators.py took 0.072 seconds
[2023-10-10T08:51:56.847+0000] {processor.py:157} INFO - Started process (PID=297) to work on /home/airflow/.local/lib/python3.8/site-packages/airflow/example_dags/example_dynamic_task_mapping_with_no_taskflow_operators.py
[2023-10-10T08:51:56.848+0000] {processor.py:829} INFO - Processing file /home/airflow/.local/lib/python3.8/site-packages/airflow/example_dags/example_dynamic_task_mapping_with_no_taskflow_operators.py for tasks to queue
[2023-10-10T08:51:56.849+0000] {logging_mixin.py:151} INFO - [2023-10-10T08:51:56.849+0000] {dagbag.py:539} INFO - Filling up the DagBag from /home/airflow/.local/lib/python3.8/site-packages/airflow/example_dags/example_dynamic_task_mapping_with_no_taskflow_operators.py
[2023-10-10T08:51:56.853+0000] {processor.py:839} INFO - DAG(s) dict_keys(['example_dynamic_task_mapping_with_no_taskflow_operators']) retrieved from /home/airflow/.local/lib/python3.8/site-packages/airflow/example_dags/example_dynamic_task_mapping_with_no_taskflow_operators.py
[2023-10-10T08:51:56.868+0000] {logging_mixin.py:151} INFO - [2023-10-10T08:51:56.868+0000] {dag.py:2915} INFO - Sync 1 DAGs
[2023-10-10T08:51:56.886+0000] {logging_mixin.py:151} INFO - [2023-10-10T08:51:56.886+0000] {dag.py:3696} INFO - Setting next_dagrun for example_dynamic_task_mapping_with_no_taskflow_operators to 2023-10-09T08:51:56.886213+00:00, run_after=2023-10-10T08:51:56.886213+00:00
[2023-10-10T08:51:56.898+0000] {processor.py:179} INFO - Processing /home/airflow/.local/lib/python3.8/site-packages/airflow/example_dags/example_dynamic_task_mapping_with_no_taskflow_operators.py took 0.053 seconds
[2023-10-10T08:52:27.113+0000] {processor.py:157} INFO - Started process (PID=358) to work on /home/airflow/.local/lib/python3.8/site-packages/airflow/example_dags/example_dynamic_task_mapping_with_no_taskflow_operators.py
[2023-10-10T08:52:27.114+0000] {processor.py:829} INFO - Processing file /home/airflow/.local/lib/python3.8/site-packages/airflow/example_dags/example_dynamic_task_mapping_with_no_taskflow_operators.py for tasks to queue
[2023-10-10T08:52:27.116+0000] {logging_mixin.py:151} INFO - [2023-10-10T08:52:27.116+0000] {dagbag.py:539} INFO - Filling up the DagBag from /home/airflow/.local/lib/python3.8/site-packages/airflow/example_dags/example_dynamic_task_mapping_with_no_taskflow_operators.py
[2023-10-10T08:52:27.121+0000] {processor.py:839} INFO - DAG(s) dict_keys(['example_dynamic_task_mapping_with_no_taskflow_operators']) retrieved from /home/airflow/.local/lib/python3.8/site-packages/airflow/example_dags/example_dynamic_task_mapping_with_no_taskflow_operators.py
[2023-10-10T08:52:27.142+0000] {logging_mixin.py:151} INFO - [2023-10-10T08:52:27.141+0000] {dag.py:2915} INFO - Sync 1 DAGs
[2023-10-10T08:52:27.161+0000] {logging_mixin.py:151} INFO - [2023-10-10T08:52:27.160+0000] {dag.py:3696} INFO - Setting next_dagrun for example_dynamic_task_mapping_with_no_taskflow_operators to 2023-10-09T08:52:27.160825+00:00, run_after=2023-10-10T08:52:27.160825+00:00
[2023-10-10T08:52:27.171+0000] {processor.py:179} INFO - Processing /home/airflow/.local/lib/python3.8/site-packages/airflow/example_dags/example_dynamic_task_mapping_with_no_taskflow_operators.py took 0.061 seconds
[2023-10-10T08:52:57.434+0000] {processor.py:157} INFO - Started process (PID=419) to work on /home/airflow/.local/lib/python3.8/site-packages/airflow/example_dags/example_dynamic_task_mapping_with_no_taskflow_operators.py
[2023-10-10T08:52:57.435+0000] {processor.py:829} INFO - Processing file /home/airflow/.local/lib/python3.8/site-packages/airflow/example_dags/example_dynamic_task_mapping_with_no_taskflow_operators.py for tasks to queue
[2023-10-10T08:52:57.437+0000] {logging_mixin.py:151} INFO - [2023-10-10T08:52:57.437+0000] {dagbag.py:539} INFO - Filling up the DagBag from /home/airflow/.local/lib/python3.8/site-packages/airflow/example_dags/example_dynamic_task_mapping_with_no_taskflow_operators.py
[2023-10-10T08:52:57.441+0000] {processor.py:839} INFO - DAG(s) dict_keys(['example_dynamic_task_mapping_with_no_taskflow_operators']) retrieved from /home/airflow/.local/lib/python3.8/site-packages/airflow/example_dags/example_dynamic_task_mapping_with_no_taskflow_operators.py
[2023-10-10T08:52:57.457+0000] {logging_mixin.py:151} INFO - [2023-10-10T08:52:57.456+0000] {dag.py:2915} INFO - Sync 1 DAGs
[2023-10-10T08:52:57.473+0000] {logging_mixin.py:151} INFO - [2023-10-10T08:52:57.473+0000] {dag.py:3696} INFO - Setting next_dagrun for example_dynamic_task_mapping_with_no_taskflow_operators to 2023-10-09T08:52:57.472937+00:00, run_after=2023-10-10T08:52:57.472937+00:00
[2023-10-10T08:52:57.484+0000] {processor.py:179} INFO - Processing /home/airflow/.local/lib/python3.8/site-packages/airflow/example_dags/example_dynamic_task_mapping_with_no_taskflow_operators.py took 0.053 seconds
[2023-10-10T08:53:28.504+0000] {processor.py:157} INFO - Started process (PID=478) to work on /home/airflow/.local/lib/python3.8/site-packages/airflow/example_dags/example_dynamic_task_mapping_with_no_taskflow_operators.py
[2023-10-10T08:53:28.505+0000] {processor.py:829} INFO - Processing file /home/airflow/.local/lib/python3.8/site-packages/airflow/example_dags/example_dynamic_task_mapping_with_no_taskflow_operators.py for tasks to queue
[2023-10-10T08:53:28.506+0000] {logging_mixin.py:151} INFO - [2023-10-10T08:53:28.506+0000] {dagbag.py:539} INFO - Filling up the DagBag from /home/airflow/.local/lib/python3.8/site-packages/airflow/example_dags/example_dynamic_task_mapping_with_no_taskflow_operators.py
[2023-10-10T08:53:28.510+0000] {processor.py:839} INFO - DAG(s) dict_keys(['example_dynamic_task_mapping_with_no_taskflow_operators']) retrieved from /home/airflow/.local/lib/python3.8/site-packages/airflow/example_dags/example_dynamic_task_mapping_with_no_taskflow_operators.py
[2023-10-10T08:53:28.528+0000] {logging_mixin.py:151} INFO - [2023-10-10T08:53:28.528+0000] {dag.py:2915} INFO - Sync 1 DAGs
[2023-10-10T08:53:28.556+0000] {logging_mixin.py:151} INFO - [2023-10-10T08:53:28.556+0000] {dag.py:3696} INFO - Setting next_dagrun for example_dynamic_task_mapping_with_no_taskflow_operators to 2023-10-09T08:53:28.555831+00:00, run_after=2023-10-10T08:53:28.555831+00:00
[2023-10-10T08:53:28.568+0000] {processor.py:179} INFO - Processing /home/airflow/.local/lib/python3.8/site-packages/airflow/example_dags/example_dynamic_task_mapping_with_no_taskflow_operators.py took 0.066 seconds
[2023-10-10T08:53:58.973+0000] {processor.py:157} INFO - Started process (PID=539) to work on /home/airflow/.local/lib/python3.8/site-packages/airflow/example_dags/example_dynamic_task_mapping_with_no_taskflow_operators.py
[2023-10-10T08:53:58.974+0000] {processor.py:829} INFO - Processing file /home/airflow/.local/lib/python3.8/site-packages/airflow/example_dags/example_dynamic_task_mapping_with_no_taskflow_operators.py for tasks to queue
[2023-10-10T08:53:58.975+0000] {logging_mixin.py:151} INFO - [2023-10-10T08:53:58.975+0000] {dagbag.py:539} INFO - Filling up the DagBag from /home/airflow/.local/lib/python3.8/site-packages/airflow/example_dags/example_dynamic_task_mapping_with_no_taskflow_operators.py
[2023-10-10T08:53:58.980+0000] {processor.py:839} INFO - DAG(s) dict_keys(['example_dynamic_task_mapping_with_no_taskflow_operators']) retrieved from /home/airflow/.local/lib/python3.8/site-packages/airflow/example_dags/example_dynamic_task_mapping_with_no_taskflow_operators.py
[2023-10-10T08:53:58.994+0000] {logging_mixin.py:151} INFO - [2023-10-10T08:53:58.994+0000] {dag.py:2915} INFO - Sync 1 DAGs
[2023-10-10T08:53:59.008+0000] {logging_mixin.py:151} INFO - [2023-10-10T08:53:59.008+0000] {dag.py:3696} INFO - Setting next_dagrun for example_dynamic_task_mapping_with_no_taskflow_operators to 2023-10-09T08:53:59.008121+00:00, run_after=2023-10-10T08:53:59.008121+00:00
[2023-10-10T08:53:59.024+0000] {processor.py:179} INFO - Processing /home/airflow/.local/lib/python3.8/site-packages/airflow/example_dags/example_dynamic_task_mapping_with_no_taskflow_operators.py took 0.052 seconds
[2023-10-10T08:54:29.857+0000] {processor.py:157} INFO - Started process (PID=600) to work on /home/airflow/.local/lib/python3.8/site-packages/airflow/example_dags/example_dynamic_task_mapping_with_no_taskflow_operators.py
[2023-10-10T08:54:29.858+0000] {processor.py:829} INFO - Processing file /home/airflow/.local/lib/python3.8/site-packages/airflow/example_dags/example_dynamic_task_mapping_with_no_taskflow_operators.py for tasks to queue
[2023-10-10T08:54:29.859+0000] {logging_mixin.py:151} INFO - [2023-10-10T08:54:29.859+0000] {dagbag.py:539} INFO - Filling up the DagBag from /home/airflow/.local/lib/python3.8/site-packages/airflow/example_dags/example_dynamic_task_mapping_with_no_taskflow_operators.py
[2023-10-10T08:54:29.864+0000] {processor.py:839} INFO - DAG(s) dict_keys(['example_dynamic_task_mapping_with_no_taskflow_operators']) retrieved from /home/airflow/.local/lib/python3.8/site-packages/airflow/example_dags/example_dynamic_task_mapping_with_no_taskflow_operators.py
[2023-10-10T08:54:29.878+0000] {logging_mixin.py:151} INFO - [2023-10-10T08:54:29.878+0000] {dag.py:2915} INFO - Sync 1 DAGs
[2023-10-10T08:54:29.896+0000] {logging_mixin.py:151} INFO - [2023-10-10T08:54:29.896+0000] {dag.py:3696} INFO - Setting next_dagrun for example_dynamic_task_mapping_with_no_taskflow_operators to 2023-10-09T08:54:29.896441+00:00, run_after=2023-10-10T08:54:29.896441+00:00
[2023-10-10T08:54:29.907+0000] {processor.py:179} INFO - Processing /home/airflow/.local/lib/python3.8/site-packages/airflow/example_dags/example_dynamic_task_mapping_with_no_taskflow_operators.py took 0.053 seconds
[2023-10-10T08:55:00.647+0000] {processor.py:157} INFO - Started process (PID=661) to work on /home/airflow/.local/lib/python3.8/site-packages/airflow/example_dags/example_dynamic_task_mapping_with_no_taskflow_operators.py
[2023-10-10T08:55:00.648+0000] {processor.py:829} INFO - Processing file /home/airflow/.local/lib/python3.8/site-packages/airflow/example_dags/example_dynamic_task_mapping_with_no_taskflow_operators.py for tasks to queue
[2023-10-10T08:55:00.649+0000] {logging_mixin.py:151} INFO - [2023-10-10T08:55:00.649+0000] {dagbag.py:539} INFO - Filling up the DagBag from /home/airflow/.local/lib/python3.8/site-packages/airflow/example_dags/example_dynamic_task_mapping_with_no_taskflow_operators.py
[2023-10-10T08:55:00.656+0000] {processor.py:839} INFO - DAG(s) dict_keys(['example_dynamic_task_mapping_with_no_taskflow_operators']) retrieved from /home/airflow/.local/lib/python3.8/site-packages/airflow/example_dags/example_dynamic_task_mapping_with_no_taskflow_operators.py
[2023-10-10T08:55:00.683+0000] {logging_mixin.py:151} INFO - [2023-10-10T08:55:00.683+0000] {dag.py:2915} INFO - Sync 1 DAGs
[2023-10-10T08:55:00.718+0000] {logging_mixin.py:151} INFO - [2023-10-10T08:55:00.718+0000] {dag.py:3696} INFO - Setting next_dagrun for example_dynamic_task_mapping_with_no_taskflow_operators to 2023-10-09T08:55:00.718392+00:00, run_after=2023-10-10T08:55:00.718392+00:00
[2023-10-10T08:55:00.738+0000] {processor.py:179} INFO - Processing /home/airflow/.local/lib/python3.8/site-packages/airflow/example_dags/example_dynamic_task_mapping_with_no_taskflow_operators.py took 0.094 seconds
[2023-10-10T08:55:30.834+0000] {processor.py:157} INFO - Started process (PID=722) to work on /home/airflow/.local/lib/python3.8/site-packages/airflow/example_dags/example_dynamic_task_mapping_with_no_taskflow_operators.py
[2023-10-10T08:55:30.836+0000] {processor.py:829} INFO - Processing file /home/airflow/.local/lib/python3.8/site-packages/airflow/example_dags/example_dynamic_task_mapping_with_no_taskflow_operators.py for tasks to queue
[2023-10-10T08:55:30.839+0000] {logging_mixin.py:151} INFO - [2023-10-10T08:55:30.839+0000] {dagbag.py:539} INFO - Filling up the DagBag from /home/airflow/.local/lib/python3.8/site-packages/airflow/example_dags/example_dynamic_task_mapping_with_no_taskflow_operators.py
[2023-10-10T08:55:30.852+0000] {processor.py:839} INFO - DAG(s) dict_keys(['example_dynamic_task_mapping_with_no_taskflow_operators']) retrieved from /home/airflow/.local/lib/python3.8/site-packages/airflow/example_dags/example_dynamic_task_mapping_with_no_taskflow_operators.py
[2023-10-10T08:55:30.887+0000] {logging_mixin.py:151} INFO - [2023-10-10T08:55:30.887+0000] {dag.py:2915} INFO - Sync 1 DAGs
[2023-10-10T08:55:30.920+0000] {logging_mixin.py:151} INFO - [2023-10-10T08:55:30.920+0000] {dag.py:3696} INFO - Setting next_dagrun for example_dynamic_task_mapping_with_no_taskflow_operators to 2023-10-09T08:55:30.920035+00:00, run_after=2023-10-10T08:55:30.920035+00:00
[2023-10-10T08:55:30.954+0000] {processor.py:179} INFO - Processing /home/airflow/.local/lib/python3.8/site-packages/airflow/example_dags/example_dynamic_task_mapping_with_no_taskflow_operators.py took 0.125 seconds
[2023-10-10T08:56:01.233+0000] {processor.py:157} INFO - Started process (PID=782) to work on /home/airflow/.local/lib/python3.8/site-packages/airflow/example_dags/example_dynamic_task_mapping_with_no_taskflow_operators.py
[2023-10-10T08:56:01.234+0000] {processor.py:829} INFO - Processing file /home/airflow/.local/lib/python3.8/site-packages/airflow/example_dags/example_dynamic_task_mapping_with_no_taskflow_operators.py for tasks to queue
[2023-10-10T08:56:01.236+0000] {logging_mixin.py:151} INFO - [2023-10-10T08:56:01.236+0000] {dagbag.py:539} INFO - Filling up the DagBag from /home/airflow/.local/lib/python3.8/site-packages/airflow/example_dags/example_dynamic_task_mapping_with_no_taskflow_operators.py
[2023-10-10T08:56:01.240+0000] {processor.py:839} INFO - DAG(s) dict_keys(['example_dynamic_task_mapping_with_no_taskflow_operators']) retrieved from /home/airflow/.local/lib/python3.8/site-packages/airflow/example_dags/example_dynamic_task_mapping_with_no_taskflow_operators.py
[2023-10-10T08:56:01.256+0000] {logging_mixin.py:151} INFO - [2023-10-10T08:56:01.256+0000] {dag.py:2915} INFO - Sync 1 DAGs
[2023-10-10T08:56:01.271+0000] {logging_mixin.py:151} INFO - [2023-10-10T08:56:01.271+0000] {dag.py:3696} INFO - Setting next_dagrun for example_dynamic_task_mapping_with_no_taskflow_operators to 2023-10-09T08:56:01.270866+00:00, run_after=2023-10-10T08:56:01.270866+00:00
[2023-10-10T08:56:01.281+0000] {processor.py:179} INFO - Processing /home/airflow/.local/lib/python3.8/site-packages/airflow/example_dags/example_dynamic_task_mapping_with_no_taskflow_operators.py took 0.050 seconds
[2023-10-10T08:56:31.426+0000] {processor.py:157} INFO - Started process (PID=843) to work on /home/airflow/.local/lib/python3.8/site-packages/airflow/example_dags/example_dynamic_task_mapping_with_no_taskflow_operators.py
[2023-10-10T08:56:31.427+0000] {processor.py:829} INFO - Processing file /home/airflow/.local/lib/python3.8/site-packages/airflow/example_dags/example_dynamic_task_mapping_with_no_taskflow_operators.py for tasks to queue
[2023-10-10T08:56:31.428+0000] {logging_mixin.py:151} INFO - [2023-10-10T08:56:31.428+0000] {dagbag.py:539} INFO - Filling up the DagBag from /home/airflow/.local/lib/python3.8/site-packages/airflow/example_dags/example_dynamic_task_mapping_with_no_taskflow_operators.py
[2023-10-10T08:56:31.432+0000] {processor.py:839} INFO - DAG(s) dict_keys(['example_dynamic_task_mapping_with_no_taskflow_operators']) retrieved from /home/airflow/.local/lib/python3.8/site-packages/airflow/example_dags/example_dynamic_task_mapping_with_no_taskflow_operators.py
[2023-10-10T08:56:31.447+0000] {logging_mixin.py:151} INFO - [2023-10-10T08:56:31.447+0000] {dag.py:2915} INFO - Sync 1 DAGs
[2023-10-10T08:56:31.460+0000] {logging_mixin.py:151} INFO - [2023-10-10T08:56:31.460+0000] {dag.py:3696} INFO - Setting next_dagrun for example_dynamic_task_mapping_with_no_taskflow_operators to 2023-10-09T08:56:31.460727+00:00, run_after=2023-10-10T08:56:31.460727+00:00
[2023-10-10T08:56:31.470+0000] {processor.py:179} INFO - Processing /home/airflow/.local/lib/python3.8/site-packages/airflow/example_dags/example_dynamic_task_mapping_with_no_taskflow_operators.py took 0.046 seconds
[2023-10-10T08:57:02.340+0000] {processor.py:157} INFO - Started process (PID=904) to work on /home/airflow/.local/lib/python3.8/site-packages/airflow/example_dags/example_dynamic_task_mapping_with_no_taskflow_operators.py
[2023-10-10T08:57:02.342+0000] {processor.py:829} INFO - Processing file /home/airflow/.local/lib/python3.8/site-packages/airflow/example_dags/example_dynamic_task_mapping_with_no_taskflow_operators.py for tasks to queue
[2023-10-10T08:57:02.345+0000] {logging_mixin.py:151} INFO - [2023-10-10T08:57:02.344+0000] {dagbag.py:539} INFO - Filling up the DagBag from /home/airflow/.local/lib/python3.8/site-packages/airflow/example_dags/example_dynamic_task_mapping_with_no_taskflow_operators.py
[2023-10-10T08:57:02.350+0000] {processor.py:839} INFO - DAG(s) dict_keys(['example_dynamic_task_mapping_with_no_taskflow_operators']) retrieved from /home/airflow/.local/lib/python3.8/site-packages/airflow/example_dags/example_dynamic_task_mapping_with_no_taskflow_operators.py
[2023-10-10T08:57:02.368+0000] {logging_mixin.py:151} INFO - [2023-10-10T08:57:02.368+0000] {dag.py:2915} INFO - Sync 1 DAGs
[2023-10-10T08:57:02.385+0000] {logging_mixin.py:151} INFO - [2023-10-10T08:57:02.385+0000] {dag.py:3696} INFO - Setting next_dagrun for example_dynamic_task_mapping_with_no_taskflow_operators to 2023-10-09T08:57:02.385079+00:00, run_after=2023-10-10T08:57:02.385079+00:00
[2023-10-10T08:57:02.395+0000] {processor.py:179} INFO - Processing /home/airflow/.local/lib/python3.8/site-packages/airflow/example_dags/example_dynamic_task_mapping_with_no_taskflow_operators.py took 0.057 seconds
[2023-10-10T08:57:33.210+0000] {processor.py:157} INFO - Started process (PID=965) to work on /home/airflow/.local/lib/python3.8/site-packages/airflow/example_dags/example_dynamic_task_mapping_with_no_taskflow_operators.py
[2023-10-10T08:57:33.211+0000] {processor.py:829} INFO - Processing file /home/airflow/.local/lib/python3.8/site-packages/airflow/example_dags/example_dynamic_task_mapping_with_no_taskflow_operators.py for tasks to queue
[2023-10-10T08:57:33.212+0000] {logging_mixin.py:151} INFO - [2023-10-10T08:57:33.212+0000] {dagbag.py:539} INFO - Filling up the DagBag from /home/airflow/.local/lib/python3.8/site-packages/airflow/example_dags/example_dynamic_task_mapping_with_no_taskflow_operators.py
[2023-10-10T08:57:33.216+0000] {processor.py:839} INFO - DAG(s) dict_keys(['example_dynamic_task_mapping_with_no_taskflow_operators']) retrieved from /home/airflow/.local/lib/python3.8/site-packages/airflow/example_dags/example_dynamic_task_mapping_with_no_taskflow_operators.py
[2023-10-10T08:57:33.234+0000] {logging_mixin.py:151} INFO - [2023-10-10T08:57:33.234+0000] {dag.py:2915} INFO - Sync 1 DAGs
[2023-10-10T08:57:33.248+0000] {logging_mixin.py:151} INFO - [2023-10-10T08:57:33.247+0000] {dag.py:3696} INFO - Setting next_dagrun for example_dynamic_task_mapping_with_no_taskflow_operators to 2023-10-09T08:57:33.247710+00:00, run_after=2023-10-10T08:57:33.247710+00:00
[2023-10-10T08:57:33.257+0000] {processor.py:179} INFO - Processing /home/airflow/.local/lib/python3.8/site-packages/airflow/example_dags/example_dynamic_task_mapping_with_no_taskflow_operators.py took 0.050 seconds
[2023-10-10T08:58:03.369+0000] {processor.py:157} INFO - Started process (PID=1026) to work on /home/airflow/.local/lib/python3.8/site-packages/airflow/example_dags/example_dynamic_task_mapping_with_no_taskflow_operators.py
[2023-10-10T08:58:03.370+0000] {processor.py:829} INFO - Processing file /home/airflow/.local/lib/python3.8/site-packages/airflow/example_dags/example_dynamic_task_mapping_with_no_taskflow_operators.py for tasks to queue
[2023-10-10T08:58:03.372+0000] {logging_mixin.py:151} INFO - [2023-10-10T08:58:03.372+0000] {dagbag.py:539} INFO - Filling up the DagBag from /home/airflow/.local/lib/python3.8/site-packages/airflow/example_dags/example_dynamic_task_mapping_with_no_taskflow_operators.py
[2023-10-10T08:58:03.376+0000] {processor.py:839} INFO - DAG(s) dict_keys(['example_dynamic_task_mapping_with_no_taskflow_operators']) retrieved from /home/airflow/.local/lib/python3.8/site-packages/airflow/example_dags/example_dynamic_task_mapping_with_no_taskflow_operators.py
[2023-10-10T08:58:03.390+0000] {logging_mixin.py:151} INFO - [2023-10-10T08:58:03.390+0000] {dag.py:2915} INFO - Sync 1 DAGs
[2023-10-10T08:58:03.404+0000] {logging_mixin.py:151} INFO - [2023-10-10T08:58:03.404+0000] {dag.py:3696} INFO - Setting next_dagrun for example_dynamic_task_mapping_with_no_taskflow_operators to 2023-10-09T08:58:03.404583+00:00, run_after=2023-10-10T08:58:03.404583+00:00
[2023-10-10T08:58:03.414+0000] {processor.py:179} INFO - Processing /home/airflow/.local/lib/python3.8/site-packages/airflow/example_dags/example_dynamic_task_mapping_with_no_taskflow_operators.py took 0.047 seconds
[2023-10-10T08:58:34.492+0000] {processor.py:157} INFO - Started process (PID=1087) to work on /home/airflow/.local/lib/python3.8/site-packages/airflow/example_dags/example_dynamic_task_mapping_with_no_taskflow_operators.py
[2023-10-10T08:58:34.493+0000] {processor.py:829} INFO - Processing file /home/airflow/.local/lib/python3.8/site-packages/airflow/example_dags/example_dynamic_task_mapping_with_no_taskflow_operators.py for tasks to queue
[2023-10-10T08:58:34.494+0000] {logging_mixin.py:151} INFO - [2023-10-10T08:58:34.494+0000] {dagbag.py:539} INFO - Filling up the DagBag from /home/airflow/.local/lib/python3.8/site-packages/airflow/example_dags/example_dynamic_task_mapping_with_no_taskflow_operators.py
[2023-10-10T08:58:34.498+0000] {processor.py:839} INFO - DAG(s) dict_keys(['example_dynamic_task_mapping_with_no_taskflow_operators']) retrieved from /home/airflow/.local/lib/python3.8/site-packages/airflow/example_dags/example_dynamic_task_mapping_with_no_taskflow_operators.py
[2023-10-10T08:58:34.519+0000] {logging_mixin.py:151} INFO - [2023-10-10T08:58:34.519+0000] {dag.py:2915} INFO - Sync 1 DAGs
[2023-10-10T08:58:34.538+0000] {logging_mixin.py:151} INFO - [2023-10-10T08:58:34.537+0000] {dag.py:3696} INFO - Setting next_dagrun for example_dynamic_task_mapping_with_no_taskflow_operators to 2023-10-09T08:58:34.537752+00:00, run_after=2023-10-10T08:58:34.537752+00:00
[2023-10-10T08:58:34.551+0000] {processor.py:179} INFO - Processing /home/airflow/.local/lib/python3.8/site-packages/airflow/example_dags/example_dynamic_task_mapping_with_no_taskflow_operators.py took 0.062 seconds
[2023-10-10T08:59:04.873+0000] {processor.py:157} INFO - Started process (PID=1148) to work on /home/airflow/.local/lib/python3.8/site-packages/airflow/example_dags/example_dynamic_task_mapping_with_no_taskflow_operators.py
[2023-10-10T08:59:04.875+0000] {processor.py:829} INFO - Processing file /home/airflow/.local/lib/python3.8/site-packages/airflow/example_dags/example_dynamic_task_mapping_with_no_taskflow_operators.py for tasks to queue
[2023-10-10T08:59:04.876+0000] {logging_mixin.py:151} INFO - [2023-10-10T08:59:04.876+0000] {dagbag.py:539} INFO - Filling up the DagBag from /home/airflow/.local/lib/python3.8/site-packages/airflow/example_dags/example_dynamic_task_mapping_with_no_taskflow_operators.py
[2023-10-10T08:59:04.881+0000] {processor.py:839} INFO - DAG(s) dict_keys(['example_dynamic_task_mapping_with_no_taskflow_operators']) retrieved from /home/airflow/.local/lib/python3.8/site-packages/airflow/example_dags/example_dynamic_task_mapping_with_no_taskflow_operators.py
[2023-10-10T08:59:04.904+0000] {logging_mixin.py:151} INFO - [2023-10-10T08:59:04.904+0000] {dag.py:2915} INFO - Sync 1 DAGs
[2023-10-10T08:59:04.938+0000] {logging_mixin.py:151} INFO - [2023-10-10T08:59:04.938+0000] {dag.py:3696} INFO - Setting next_dagrun for example_dynamic_task_mapping_with_no_taskflow_operators to 2023-10-09T08:59:04.938004+00:00, run_after=2023-10-10T08:59:04.938004+00:00
[2023-10-10T08:59:04.989+0000] {processor.py:179} INFO - Processing /home/airflow/.local/lib/python3.8/site-packages/airflow/example_dags/example_dynamic_task_mapping_with_no_taskflow_operators.py took 0.118 seconds
[2023-10-10T08:59:35.259+0000] {processor.py:157} INFO - Started process (PID=1209) to work on /home/airflow/.local/lib/python3.8/site-packages/airflow/example_dags/example_dynamic_task_mapping_with_no_taskflow_operators.py
[2023-10-10T08:59:35.261+0000] {processor.py:829} INFO - Processing file /home/airflow/.local/lib/python3.8/site-packages/airflow/example_dags/example_dynamic_task_mapping_with_no_taskflow_operators.py for tasks to queue
[2023-10-10T08:59:35.264+0000] {logging_mixin.py:151} INFO - [2023-10-10T08:59:35.264+0000] {dagbag.py:539} INFO - Filling up the DagBag from /home/airflow/.local/lib/python3.8/site-packages/airflow/example_dags/example_dynamic_task_mapping_with_no_taskflow_operators.py
[2023-10-10T08:59:35.273+0000] {processor.py:839} INFO - DAG(s) dict_keys(['example_dynamic_task_mapping_with_no_taskflow_operators']) retrieved from /home/airflow/.local/lib/python3.8/site-packages/airflow/example_dags/example_dynamic_task_mapping_with_no_taskflow_operators.py
[2023-10-10T08:59:35.290+0000] {logging_mixin.py:151} INFO - [2023-10-10T08:59:35.289+0000] {dag.py:2915} INFO - Sync 1 DAGs
[2023-10-10T08:59:35.312+0000] {logging_mixin.py:151} INFO - [2023-10-10T08:59:35.311+0000] {dag.py:3696} INFO - Setting next_dagrun for example_dynamic_task_mapping_with_no_taskflow_operators to 2023-10-09T08:59:35.311769+00:00, run_after=2023-10-10T08:59:35.311769+00:00
[2023-10-10T08:59:35.323+0000] {processor.py:179} INFO - Processing /home/airflow/.local/lib/python3.8/site-packages/airflow/example_dags/example_dynamic_task_mapping_with_no_taskflow_operators.py took 0.068 seconds
[2023-10-10T09:00:05.746+0000] {processor.py:157} INFO - Started process (PID=1270) to work on /home/airflow/.local/lib/python3.8/site-packages/airflow/example_dags/example_dynamic_task_mapping_with_no_taskflow_operators.py
[2023-10-10T09:00:05.746+0000] {processor.py:829} INFO - Processing file /home/airflow/.local/lib/python3.8/site-packages/airflow/example_dags/example_dynamic_task_mapping_with_no_taskflow_operators.py for tasks to queue
[2023-10-10T09:00:05.748+0000] {logging_mixin.py:151} INFO - [2023-10-10T09:00:05.748+0000] {dagbag.py:539} INFO - Filling up the DagBag from /home/airflow/.local/lib/python3.8/site-packages/airflow/example_dags/example_dynamic_task_mapping_with_no_taskflow_operators.py
[2023-10-10T09:00:05.752+0000] {processor.py:839} INFO - DAG(s) dict_keys(['example_dynamic_task_mapping_with_no_taskflow_operators']) retrieved from /home/airflow/.local/lib/python3.8/site-packages/airflow/example_dags/example_dynamic_task_mapping_with_no_taskflow_operators.py
[2023-10-10T09:00:05.768+0000] {logging_mixin.py:151} INFO - [2023-10-10T09:00:05.768+0000] {dag.py:2915} INFO - Sync 1 DAGs
[2023-10-10T09:00:05.785+0000] {logging_mixin.py:151} INFO - [2023-10-10T09:00:05.785+0000] {dag.py:3696} INFO - Setting next_dagrun for example_dynamic_task_mapping_with_no_taskflow_operators to 2023-10-09T09:00:05.785057+00:00, run_after=2023-10-10T09:00:05.785057+00:00
[2023-10-10T09:00:05.797+0000] {processor.py:179} INFO - Processing /home/airflow/.local/lib/python3.8/site-packages/airflow/example_dags/example_dynamic_task_mapping_with_no_taskflow_operators.py took 0.054 seconds
[2023-10-10T09:00:36.181+0000] {processor.py:157} INFO - Started process (PID=1331) to work on /home/airflow/.local/lib/python3.8/site-packages/airflow/example_dags/example_dynamic_task_mapping_with_no_taskflow_operators.py
[2023-10-10T09:00:36.182+0000] {processor.py:829} INFO - Processing file /home/airflow/.local/lib/python3.8/site-packages/airflow/example_dags/example_dynamic_task_mapping_with_no_taskflow_operators.py for tasks to queue
[2023-10-10T09:00:36.183+0000] {logging_mixin.py:151} INFO - [2023-10-10T09:00:36.183+0000] {dagbag.py:539} INFO - Filling up the DagBag from /home/airflow/.local/lib/python3.8/site-packages/airflow/example_dags/example_dynamic_task_mapping_with_no_taskflow_operators.py
[2023-10-10T09:00:36.187+0000] {processor.py:839} INFO - DAG(s) dict_keys(['example_dynamic_task_mapping_with_no_taskflow_operators']) retrieved from /home/airflow/.local/lib/python3.8/site-packages/airflow/example_dags/example_dynamic_task_mapping_with_no_taskflow_operators.py
[2023-10-10T09:00:36.201+0000] {logging_mixin.py:151} INFO - [2023-10-10T09:00:36.201+0000] {dag.py:2915} INFO - Sync 1 DAGs
[2023-10-10T09:00:36.214+0000] {logging_mixin.py:151} INFO - [2023-10-10T09:00:36.213+0000] {dag.py:3696} INFO - Setting next_dagrun for example_dynamic_task_mapping_with_no_taskflow_operators to 2023-10-09T09:00:36.213830+00:00, run_after=2023-10-10T09:00:36.213830+00:00
[2023-10-10T09:00:36.222+0000] {processor.py:179} INFO - Processing /home/airflow/.local/lib/python3.8/site-packages/airflow/example_dags/example_dynamic_task_mapping_with_no_taskflow_operators.py took 0.043 seconds
[2023-10-10T09:01:06.374+0000] {processor.py:157} INFO - Started process (PID=1392) to work on /home/airflow/.local/lib/python3.8/site-packages/airflow/example_dags/example_dynamic_task_mapping_with_no_taskflow_operators.py
[2023-10-10T09:01:06.374+0000] {processor.py:829} INFO - Processing file /home/airflow/.local/lib/python3.8/site-packages/airflow/example_dags/example_dynamic_task_mapping_with_no_taskflow_operators.py for tasks to queue
[2023-10-10T09:01:06.376+0000] {logging_mixin.py:151} INFO - [2023-10-10T09:01:06.376+0000] {dagbag.py:539} INFO - Filling up the DagBag from /home/airflow/.local/lib/python3.8/site-packages/airflow/example_dags/example_dynamic_task_mapping_with_no_taskflow_operators.py
[2023-10-10T09:01:06.381+0000] {processor.py:839} INFO - DAG(s) dict_keys(['example_dynamic_task_mapping_with_no_taskflow_operators']) retrieved from /home/airflow/.local/lib/python3.8/site-packages/airflow/example_dags/example_dynamic_task_mapping_with_no_taskflow_operators.py
[2023-10-10T09:01:06.397+0000] {logging_mixin.py:151} INFO - [2023-10-10T09:01:06.397+0000] {dag.py:2915} INFO - Sync 1 DAGs
[2023-10-10T09:01:06.415+0000] {logging_mixin.py:151} INFO - [2023-10-10T09:01:06.414+0000] {dag.py:3696} INFO - Setting next_dagrun for example_dynamic_task_mapping_with_no_taskflow_operators to 2023-10-09T09:01:06.414805+00:00, run_after=2023-10-10T09:01:06.414805+00:00
[2023-10-10T09:01:06.425+0000] {processor.py:179} INFO - Processing /home/airflow/.local/lib/python3.8/site-packages/airflow/example_dags/example_dynamic_task_mapping_with_no_taskflow_operators.py took 0.053 seconds
[2023-10-10T09:01:36.585+0000] {processor.py:157} INFO - Started process (PID=1453) to work on /home/airflow/.local/lib/python3.8/site-packages/airflow/example_dags/example_dynamic_task_mapping_with_no_taskflow_operators.py
[2023-10-10T09:01:36.585+0000] {processor.py:829} INFO - Processing file /home/airflow/.local/lib/python3.8/site-packages/airflow/example_dags/example_dynamic_task_mapping_with_no_taskflow_operators.py for tasks to queue
[2023-10-10T09:01:36.587+0000] {logging_mixin.py:151} INFO - [2023-10-10T09:01:36.587+0000] {dagbag.py:539} INFO - Filling up the DagBag from /home/airflow/.local/lib/python3.8/site-packages/airflow/example_dags/example_dynamic_task_mapping_with_no_taskflow_operators.py
[2023-10-10T09:01:36.591+0000] {processor.py:839} INFO - DAG(s) dict_keys(['example_dynamic_task_mapping_with_no_taskflow_operators']) retrieved from /home/airflow/.local/lib/python3.8/site-packages/airflow/example_dags/example_dynamic_task_mapping_with_no_taskflow_operators.py
[2023-10-10T09:01:36.606+0000] {logging_mixin.py:151} INFO - [2023-10-10T09:01:36.606+0000] {dag.py:2915} INFO - Sync 1 DAGs
[2023-10-10T09:01:36.622+0000] {logging_mixin.py:151} INFO - [2023-10-10T09:01:36.622+0000] {dag.py:3696} INFO - Setting next_dagrun for example_dynamic_task_mapping_with_no_taskflow_operators to 2023-10-09T09:01:36.621894+00:00, run_after=2023-10-10T09:01:36.621894+00:00
[2023-10-10T09:01:36.632+0000] {processor.py:179} INFO - Processing /home/airflow/.local/lib/python3.8/site-packages/airflow/example_dags/example_dynamic_task_mapping_with_no_taskflow_operators.py took 0.049 seconds
[2023-10-10T09:02:06.858+0000] {processor.py:157} INFO - Started process (PID=1514) to work on /home/airflow/.local/lib/python3.8/site-packages/airflow/example_dags/example_dynamic_task_mapping_with_no_taskflow_operators.py
[2023-10-10T09:02:06.859+0000] {processor.py:829} INFO - Processing file /home/airflow/.local/lib/python3.8/site-packages/airflow/example_dags/example_dynamic_task_mapping_with_no_taskflow_operators.py for tasks to queue
[2023-10-10T09:02:06.860+0000] {logging_mixin.py:151} INFO - [2023-10-10T09:02:06.860+0000] {dagbag.py:539} INFO - Filling up the DagBag from /home/airflow/.local/lib/python3.8/site-packages/airflow/example_dags/example_dynamic_task_mapping_with_no_taskflow_operators.py
[2023-10-10T09:02:06.866+0000] {processor.py:839} INFO - DAG(s) dict_keys(['example_dynamic_task_mapping_with_no_taskflow_operators']) retrieved from /home/airflow/.local/lib/python3.8/site-packages/airflow/example_dags/example_dynamic_task_mapping_with_no_taskflow_operators.py
[2023-10-10T09:02:06.884+0000] {logging_mixin.py:151} INFO - [2023-10-10T09:02:06.884+0000] {dag.py:2915} INFO - Sync 1 DAGs
[2023-10-10T09:02:06.901+0000] {logging_mixin.py:151} INFO - [2023-10-10T09:02:06.901+0000] {dag.py:3696} INFO - Setting next_dagrun for example_dynamic_task_mapping_with_no_taskflow_operators to 2023-10-09T09:02:06.901332+00:00, run_after=2023-10-10T09:02:06.901332+00:00
[2023-10-10T09:02:06.912+0000] {processor.py:179} INFO - Processing /home/airflow/.local/lib/python3.8/site-packages/airflow/example_dags/example_dynamic_task_mapping_with_no_taskflow_operators.py took 0.057 seconds
[2023-10-10T09:02:37.463+0000] {processor.py:157} INFO - Started process (PID=1575) to work on /home/airflow/.local/lib/python3.8/site-packages/airflow/example_dags/example_dynamic_task_mapping_with_no_taskflow_operators.py
[2023-10-10T09:02:37.463+0000] {processor.py:829} INFO - Processing file /home/airflow/.local/lib/python3.8/site-packages/airflow/example_dags/example_dynamic_task_mapping_with_no_taskflow_operators.py for tasks to queue
[2023-10-10T09:02:37.465+0000] {logging_mixin.py:151} INFO - [2023-10-10T09:02:37.465+0000] {dagbag.py:539} INFO - Filling up the DagBag from /home/airflow/.local/lib/python3.8/site-packages/airflow/example_dags/example_dynamic_task_mapping_with_no_taskflow_operators.py
[2023-10-10T09:02:37.469+0000] {processor.py:839} INFO - DAG(s) dict_keys(['example_dynamic_task_mapping_with_no_taskflow_operators']) retrieved from /home/airflow/.local/lib/python3.8/site-packages/airflow/example_dags/example_dynamic_task_mapping_with_no_taskflow_operators.py
[2023-10-10T09:02:37.487+0000] {logging_mixin.py:151} INFO - [2023-10-10T09:02:37.487+0000] {dag.py:2915} INFO - Sync 1 DAGs
[2023-10-10T09:02:37.501+0000] {logging_mixin.py:151} INFO - [2023-10-10T09:02:37.501+0000] {dag.py:3696} INFO - Setting next_dagrun for example_dynamic_task_mapping_with_no_taskflow_operators to 2023-10-09T09:02:37.500966+00:00, run_after=2023-10-10T09:02:37.500966+00:00
[2023-10-10T09:02:37.509+0000] {processor.py:179} INFO - Processing /home/airflow/.local/lib/python3.8/site-packages/airflow/example_dags/example_dynamic_task_mapping_with_no_taskflow_operators.py took 0.049 seconds
[2023-10-10T09:03:08.361+0000] {processor.py:157} INFO - Started process (PID=1636) to work on /home/airflow/.local/lib/python3.8/site-packages/airflow/example_dags/example_dynamic_task_mapping_with_no_taskflow_operators.py
[2023-10-10T09:03:08.362+0000] {processor.py:829} INFO - Processing file /home/airflow/.local/lib/python3.8/site-packages/airflow/example_dags/example_dynamic_task_mapping_with_no_taskflow_operators.py for tasks to queue
[2023-10-10T09:03:08.364+0000] {logging_mixin.py:151} INFO - [2023-10-10T09:03:08.363+0000] {dagbag.py:539} INFO - Filling up the DagBag from /home/airflow/.local/lib/python3.8/site-packages/airflow/example_dags/example_dynamic_task_mapping_with_no_taskflow_operators.py
[2023-10-10T09:03:08.370+0000] {processor.py:839} INFO - DAG(s) dict_keys(['example_dynamic_task_mapping_with_no_taskflow_operators']) retrieved from /home/airflow/.local/lib/python3.8/site-packages/airflow/example_dags/example_dynamic_task_mapping_with_no_taskflow_operators.py
[2023-10-10T09:03:08.391+0000] {logging_mixin.py:151} INFO - [2023-10-10T09:03:08.391+0000] {dag.py:2915} INFO - Sync 1 DAGs
[2023-10-10T09:03:08.417+0000] {logging_mixin.py:151} INFO - [2023-10-10T09:03:08.416+0000] {dag.py:3696} INFO - Setting next_dagrun for example_dynamic_task_mapping_with_no_taskflow_operators to 2023-10-09T09:03:08.416612+00:00, run_after=2023-10-10T09:03:08.416612+00:00
[2023-10-10T09:03:08.433+0000] {processor.py:179} INFO - Processing /home/airflow/.local/lib/python3.8/site-packages/airflow/example_dags/example_dynamic_task_mapping_with_no_taskflow_operators.py took 0.075 seconds
[2023-10-10T09:03:38.779+0000] {processor.py:157} INFO - Started process (PID=1697) to work on /home/airflow/.local/lib/python3.8/site-packages/airflow/example_dags/example_dynamic_task_mapping_with_no_taskflow_operators.py
[2023-10-10T09:03:38.780+0000] {processor.py:829} INFO - Processing file /home/airflow/.local/lib/python3.8/site-packages/airflow/example_dags/example_dynamic_task_mapping_with_no_taskflow_operators.py for tasks to queue
[2023-10-10T09:03:38.781+0000] {logging_mixin.py:151} INFO - [2023-10-10T09:03:38.781+0000] {dagbag.py:539} INFO - Filling up the DagBag from /home/airflow/.local/lib/python3.8/site-packages/airflow/example_dags/example_dynamic_task_mapping_with_no_taskflow_operators.py
[2023-10-10T09:03:38.786+0000] {processor.py:839} INFO - DAG(s) dict_keys(['example_dynamic_task_mapping_with_no_taskflow_operators']) retrieved from /home/airflow/.local/lib/python3.8/site-packages/airflow/example_dags/example_dynamic_task_mapping_with_no_taskflow_operators.py
[2023-10-10T09:03:38.805+0000] {logging_mixin.py:151} INFO - [2023-10-10T09:03:38.805+0000] {dag.py:2915} INFO - Sync 1 DAGs
[2023-10-10T09:03:38.825+0000] {logging_mixin.py:151} INFO - [2023-10-10T09:03:38.825+0000] {dag.py:3696} INFO - Setting next_dagrun for example_dynamic_task_mapping_with_no_taskflow_operators to 2023-10-09T09:03:38.825340+00:00, run_after=2023-10-10T09:03:38.825340+00:00
[2023-10-10T09:03:38.836+0000] {processor.py:179} INFO - Processing /home/airflow/.local/lib/python3.8/site-packages/airflow/example_dags/example_dynamic_task_mapping_with_no_taskflow_operators.py took 0.061 seconds
[2023-10-10T09:04:09.643+0000] {processor.py:157} INFO - Started process (PID=1758) to work on /home/airflow/.local/lib/python3.8/site-packages/airflow/example_dags/example_dynamic_task_mapping_with_no_taskflow_operators.py
[2023-10-10T09:04:09.645+0000] {processor.py:829} INFO - Processing file /home/airflow/.local/lib/python3.8/site-packages/airflow/example_dags/example_dynamic_task_mapping_with_no_taskflow_operators.py for tasks to queue
[2023-10-10T09:04:09.646+0000] {logging_mixin.py:151} INFO - [2023-10-10T09:04:09.646+0000] {dagbag.py:539} INFO - Filling up the DagBag from /home/airflow/.local/lib/python3.8/site-packages/airflow/example_dags/example_dynamic_task_mapping_with_no_taskflow_operators.py
[2023-10-10T09:04:09.650+0000] {processor.py:839} INFO - DAG(s) dict_keys(['example_dynamic_task_mapping_with_no_taskflow_operators']) retrieved from /home/airflow/.local/lib/python3.8/site-packages/airflow/example_dags/example_dynamic_task_mapping_with_no_taskflow_operators.py
[2023-10-10T09:04:09.669+0000] {logging_mixin.py:151} INFO - [2023-10-10T09:04:09.669+0000] {dag.py:2915} INFO - Sync 1 DAGs
[2023-10-10T09:04:09.690+0000] {logging_mixin.py:151} INFO - [2023-10-10T09:04:09.690+0000] {dag.py:3696} INFO - Setting next_dagrun for example_dynamic_task_mapping_with_no_taskflow_operators to 2023-10-09T09:04:09.689806+00:00, run_after=2023-10-10T09:04:09.689806+00:00
[2023-10-10T09:04:09.702+0000] {processor.py:179} INFO - Processing /home/airflow/.local/lib/python3.8/site-packages/airflow/example_dags/example_dynamic_task_mapping_with_no_taskflow_operators.py took 0.061 seconds
[2023-10-10T09:04:40.146+0000] {processor.py:157} INFO - Started process (PID=1818) to work on /home/airflow/.local/lib/python3.8/site-packages/airflow/example_dags/example_dynamic_task_mapping_with_no_taskflow_operators.py
[2023-10-10T09:04:40.147+0000] {processor.py:829} INFO - Processing file /home/airflow/.local/lib/python3.8/site-packages/airflow/example_dags/example_dynamic_task_mapping_with_no_taskflow_operators.py for tasks to queue
[2023-10-10T09:04:40.148+0000] {logging_mixin.py:151} INFO - [2023-10-10T09:04:40.148+0000] {dagbag.py:539} INFO - Filling up the DagBag from /home/airflow/.local/lib/python3.8/site-packages/airflow/example_dags/example_dynamic_task_mapping_with_no_taskflow_operators.py
[2023-10-10T09:04:40.153+0000] {processor.py:839} INFO - DAG(s) dict_keys(['example_dynamic_task_mapping_with_no_taskflow_operators']) retrieved from /home/airflow/.local/lib/python3.8/site-packages/airflow/example_dags/example_dynamic_task_mapping_with_no_taskflow_operators.py
[2023-10-10T09:04:40.169+0000] {logging_mixin.py:151} INFO - [2023-10-10T09:04:40.169+0000] {dag.py:2915} INFO - Sync 1 DAGs
[2023-10-10T09:04:40.185+0000] {logging_mixin.py:151} INFO - [2023-10-10T09:04:40.185+0000] {dag.py:3696} INFO - Setting next_dagrun for example_dynamic_task_mapping_with_no_taskflow_operators to 2023-10-09T09:04:40.185165+00:00, run_after=2023-10-10T09:04:40.185165+00:00
[2023-10-10T09:04:40.202+0000] {processor.py:179} INFO - Processing /home/airflow/.local/lib/python3.8/site-packages/airflow/example_dags/example_dynamic_task_mapping_with_no_taskflow_operators.py took 0.059 seconds
[2023-10-10T09:05:11.074+0000] {processor.py:157} INFO - Started process (PID=1879) to work on /home/airflow/.local/lib/python3.8/site-packages/airflow/example_dags/example_dynamic_task_mapping_with_no_taskflow_operators.py
[2023-10-10T09:05:11.075+0000] {processor.py:829} INFO - Processing file /home/airflow/.local/lib/python3.8/site-packages/airflow/example_dags/example_dynamic_task_mapping_with_no_taskflow_operators.py for tasks to queue
[2023-10-10T09:05:11.076+0000] {logging_mixin.py:151} INFO - [2023-10-10T09:05:11.076+0000] {dagbag.py:539} INFO - Filling up the DagBag from /home/airflow/.local/lib/python3.8/site-packages/airflow/example_dags/example_dynamic_task_mapping_with_no_taskflow_operators.py
[2023-10-10T09:05:11.082+0000] {processor.py:839} INFO - DAG(s) dict_keys(['example_dynamic_task_mapping_with_no_taskflow_operators']) retrieved from /home/airflow/.local/lib/python3.8/site-packages/airflow/example_dags/example_dynamic_task_mapping_with_no_taskflow_operators.py
[2023-10-10T09:05:11.099+0000] {logging_mixin.py:151} INFO - [2023-10-10T09:05:11.099+0000] {dag.py:2915} INFO - Sync 1 DAGs
[2023-10-10T09:05:11.117+0000] {logging_mixin.py:151} INFO - [2023-10-10T09:05:11.116+0000] {dag.py:3696} INFO - Setting next_dagrun for example_dynamic_task_mapping_with_no_taskflow_operators to 2023-10-09T09:05:11.116786+00:00, run_after=2023-10-10T09:05:11.116786+00:00
[2023-10-10T09:05:11.127+0000] {processor.py:179} INFO - Processing /home/airflow/.local/lib/python3.8/site-packages/airflow/example_dags/example_dynamic_task_mapping_with_no_taskflow_operators.py took 0.055 seconds
[2023-10-10T09:05:42.376+0000] {processor.py:157} INFO - Started process (PID=1946) to work on /home/airflow/.local/lib/python3.8/site-packages/airflow/example_dags/example_dynamic_task_mapping_with_no_taskflow_operators.py
[2023-10-10T09:05:42.377+0000] {processor.py:829} INFO - Processing file /home/airflow/.local/lib/python3.8/site-packages/airflow/example_dags/example_dynamic_task_mapping_with_no_taskflow_operators.py for tasks to queue
[2023-10-10T09:05:42.378+0000] {logging_mixin.py:151} INFO - [2023-10-10T09:05:42.378+0000] {dagbag.py:539} INFO - Filling up the DagBag from /home/airflow/.local/lib/python3.8/site-packages/airflow/example_dags/example_dynamic_task_mapping_with_no_taskflow_operators.py
[2023-10-10T09:05:42.382+0000] {processor.py:839} INFO - DAG(s) dict_keys(['example_dynamic_task_mapping_with_no_taskflow_operators']) retrieved from /home/airflow/.local/lib/python3.8/site-packages/airflow/example_dags/example_dynamic_task_mapping_with_no_taskflow_operators.py
[2023-10-10T09:05:42.401+0000] {logging_mixin.py:151} INFO - [2023-10-10T09:05:42.401+0000] {dag.py:2915} INFO - Sync 1 DAGs
[2023-10-10T09:05:42.415+0000] {logging_mixin.py:151} INFO - [2023-10-10T09:05:42.415+0000] {dag.py:3696} INFO - Setting next_dagrun for example_dynamic_task_mapping_with_no_taskflow_operators to 2023-10-09T09:05:42.414963+00:00, run_after=2023-10-10T09:05:42.414963+00:00
[2023-10-10T09:05:42.425+0000] {processor.py:179} INFO - Processing /home/airflow/.local/lib/python3.8/site-packages/airflow/example_dags/example_dynamic_task_mapping_with_no_taskflow_operators.py took 0.051 seconds
[2023-10-10T09:06:13.418+0000] {processor.py:157} INFO - Started process (PID=2007) to work on /home/airflow/.local/lib/python3.8/site-packages/airflow/example_dags/example_dynamic_task_mapping_with_no_taskflow_operators.py
[2023-10-10T09:06:13.420+0000] {processor.py:829} INFO - Processing file /home/airflow/.local/lib/python3.8/site-packages/airflow/example_dags/example_dynamic_task_mapping_with_no_taskflow_operators.py for tasks to queue
[2023-10-10T09:06:13.422+0000] {logging_mixin.py:151} INFO - [2023-10-10T09:06:13.422+0000] {dagbag.py:539} INFO - Filling up the DagBag from /home/airflow/.local/lib/python3.8/site-packages/airflow/example_dags/example_dynamic_task_mapping_with_no_taskflow_operators.py
[2023-10-10T09:06:13.429+0000] {processor.py:839} INFO - DAG(s) dict_keys(['example_dynamic_task_mapping_with_no_taskflow_operators']) retrieved from /home/airflow/.local/lib/python3.8/site-packages/airflow/example_dags/example_dynamic_task_mapping_with_no_taskflow_operators.py
[2023-10-10T09:06:13.453+0000] {logging_mixin.py:151} INFO - [2023-10-10T09:06:13.452+0000] {dag.py:2915} INFO - Sync 1 DAGs
[2023-10-10T09:06:13.511+0000] {logging_mixin.py:151} INFO - [2023-10-10T09:06:13.509+0000] {dag.py:3696} INFO - Setting next_dagrun for example_dynamic_task_mapping_with_no_taskflow_operators to 2023-10-09T09:06:13.506807+00:00, run_after=2023-10-10T09:06:13.506807+00:00
[2023-10-10T09:06:13.558+0000] {processor.py:179} INFO - Processing /home/airflow/.local/lib/python3.8/site-packages/airflow/example_dags/example_dynamic_task_mapping_with_no_taskflow_operators.py took 0.145 seconds
[2023-10-10T09:06:44.517+0000] {processor.py:157} INFO - Started process (PID=2062) to work on /home/airflow/.local/lib/python3.8/site-packages/airflow/example_dags/example_dynamic_task_mapping_with_no_taskflow_operators.py
[2023-10-10T09:06:44.518+0000] {processor.py:829} INFO - Processing file /home/airflow/.local/lib/python3.8/site-packages/airflow/example_dags/example_dynamic_task_mapping_with_no_taskflow_operators.py for tasks to queue
[2023-10-10T09:06:44.522+0000] {logging_mixin.py:151} INFO - [2023-10-10T09:06:44.521+0000] {dagbag.py:539} INFO - Filling up the DagBag from /home/airflow/.local/lib/python3.8/site-packages/airflow/example_dags/example_dynamic_task_mapping_with_no_taskflow_operators.py
[2023-10-10T09:06:44.530+0000] {processor.py:839} INFO - DAG(s) dict_keys(['example_dynamic_task_mapping_with_no_taskflow_operators']) retrieved from /home/airflow/.local/lib/python3.8/site-packages/airflow/example_dags/example_dynamic_task_mapping_with_no_taskflow_operators.py
[2023-10-10T09:06:44.557+0000] {logging_mixin.py:151} INFO - [2023-10-10T09:06:44.556+0000] {dag.py:2915} INFO - Sync 1 DAGs
[2023-10-10T09:06:44.581+0000] {logging_mixin.py:151} INFO - [2023-10-10T09:06:44.581+0000] {dag.py:3696} INFO - Setting next_dagrun for example_dynamic_task_mapping_with_no_taskflow_operators to 2023-10-09T09:06:44.581113+00:00, run_after=2023-10-10T09:06:44.581113+00:00
[2023-10-10T09:06:44.594+0000] {processor.py:179} INFO - Processing /home/airflow/.local/lib/python3.8/site-packages/airflow/example_dags/example_dynamic_task_mapping_with_no_taskflow_operators.py took 0.082 seconds
[2023-10-10T09:07:14.843+0000] {processor.py:157} INFO - Started process (PID=2122) to work on /home/airflow/.local/lib/python3.8/site-packages/airflow/example_dags/example_dynamic_task_mapping_with_no_taskflow_operators.py
[2023-10-10T09:07:14.845+0000] {processor.py:829} INFO - Processing file /home/airflow/.local/lib/python3.8/site-packages/airflow/example_dags/example_dynamic_task_mapping_with_no_taskflow_operators.py for tasks to queue
[2023-10-10T09:07:14.848+0000] {logging_mixin.py:151} INFO - [2023-10-10T09:07:14.847+0000] {dagbag.py:539} INFO - Filling up the DagBag from /home/airflow/.local/lib/python3.8/site-packages/airflow/example_dags/example_dynamic_task_mapping_with_no_taskflow_operators.py
[2023-10-10T09:07:14.854+0000] {processor.py:839} INFO - DAG(s) dict_keys(['example_dynamic_task_mapping_with_no_taskflow_operators']) retrieved from /home/airflow/.local/lib/python3.8/site-packages/airflow/example_dags/example_dynamic_task_mapping_with_no_taskflow_operators.py
[2023-10-10T09:07:14.878+0000] {logging_mixin.py:151} INFO - [2023-10-10T09:07:14.878+0000] {dag.py:2915} INFO - Sync 1 DAGs
[2023-10-10T09:07:14.900+0000] {logging_mixin.py:151} INFO - [2023-10-10T09:07:14.899+0000] {dag.py:3696} INFO - Setting next_dagrun for example_dynamic_task_mapping_with_no_taskflow_operators to 2023-10-09T09:07:14.899556+00:00, run_after=2023-10-10T09:07:14.899556+00:00
[2023-10-10T09:07:14.920+0000] {processor.py:179} INFO - Processing /home/airflow/.local/lib/python3.8/site-packages/airflow/example_dags/example_dynamic_task_mapping_with_no_taskflow_operators.py took 0.083 seconds
[2023-10-10T09:07:45.096+0000] {processor.py:157} INFO - Started process (PID=2183) to work on /home/airflow/.local/lib/python3.8/site-packages/airflow/example_dags/example_dynamic_task_mapping_with_no_taskflow_operators.py
[2023-10-10T09:07:45.097+0000] {processor.py:829} INFO - Processing file /home/airflow/.local/lib/python3.8/site-packages/airflow/example_dags/example_dynamic_task_mapping_with_no_taskflow_operators.py for tasks to queue
[2023-10-10T09:07:45.100+0000] {logging_mixin.py:151} INFO - [2023-10-10T09:07:45.100+0000] {dagbag.py:539} INFO - Filling up the DagBag from /home/airflow/.local/lib/python3.8/site-packages/airflow/example_dags/example_dynamic_task_mapping_with_no_taskflow_operators.py
[2023-10-10T09:07:45.106+0000] {processor.py:839} INFO - DAG(s) dict_keys(['example_dynamic_task_mapping_with_no_taskflow_operators']) retrieved from /home/airflow/.local/lib/python3.8/site-packages/airflow/example_dags/example_dynamic_task_mapping_with_no_taskflow_operators.py
[2023-10-10T09:07:45.123+0000] {logging_mixin.py:151} INFO - [2023-10-10T09:07:45.123+0000] {dag.py:2915} INFO - Sync 1 DAGs
[2023-10-10T09:07:45.139+0000] {logging_mixin.py:151} INFO - [2023-10-10T09:07:45.139+0000] {dag.py:3696} INFO - Setting next_dagrun for example_dynamic_task_mapping_with_no_taskflow_operators to 2023-10-09T09:07:45.139539+00:00, run_after=2023-10-10T09:07:45.139539+00:00
[2023-10-10T09:07:45.151+0000] {processor.py:179} INFO - Processing /home/airflow/.local/lib/python3.8/site-packages/airflow/example_dags/example_dynamic_task_mapping_with_no_taskflow_operators.py took 0.061 seconds
[2023-10-10T09:08:15.822+0000] {processor.py:157} INFO - Started process (PID=2244) to work on /home/airflow/.local/lib/python3.8/site-packages/airflow/example_dags/example_dynamic_task_mapping_with_no_taskflow_operators.py
[2023-10-10T09:08:15.825+0000] {processor.py:829} INFO - Processing file /home/airflow/.local/lib/python3.8/site-packages/airflow/example_dags/example_dynamic_task_mapping_with_no_taskflow_operators.py for tasks to queue
[2023-10-10T09:08:15.838+0000] {logging_mixin.py:151} INFO - [2023-10-10T09:08:15.831+0000] {dagbag.py:539} INFO - Filling up the DagBag from /home/airflow/.local/lib/python3.8/site-packages/airflow/example_dags/example_dynamic_task_mapping_with_no_taskflow_operators.py
[2023-10-10T09:08:15.852+0000] {processor.py:839} INFO - DAG(s) dict_keys(['example_dynamic_task_mapping_with_no_taskflow_operators']) retrieved from /home/airflow/.local/lib/python3.8/site-packages/airflow/example_dags/example_dynamic_task_mapping_with_no_taskflow_operators.py
[2023-10-10T09:08:15.887+0000] {logging_mixin.py:151} INFO - [2023-10-10T09:08:15.887+0000] {dag.py:2915} INFO - Sync 1 DAGs
[2023-10-10T09:08:15.912+0000] {logging_mixin.py:151} INFO - [2023-10-10T09:08:15.912+0000] {dag.py:3696} INFO - Setting next_dagrun for example_dynamic_task_mapping_with_no_taskflow_operators to 2023-10-09T09:08:15.912170+00:00, run_after=2023-10-10T09:08:15.912170+00:00
[2023-10-10T09:08:15.925+0000] {processor.py:179} INFO - Processing /home/airflow/.local/lib/python3.8/site-packages/airflow/example_dags/example_dynamic_task_mapping_with_no_taskflow_operators.py took 0.112 seconds
[2023-10-10T09:08:46.253+0000] {processor.py:157} INFO - Started process (PID=2305) to work on /home/airflow/.local/lib/python3.8/site-packages/airflow/example_dags/example_dynamic_task_mapping_with_no_taskflow_operators.py
[2023-10-10T09:08:46.256+0000] {processor.py:829} INFO - Processing file /home/airflow/.local/lib/python3.8/site-packages/airflow/example_dags/example_dynamic_task_mapping_with_no_taskflow_operators.py for tasks to queue
[2023-10-10T09:08:46.261+0000] {logging_mixin.py:151} INFO - [2023-10-10T09:08:46.260+0000] {dagbag.py:539} INFO - Filling up the DagBag from /home/airflow/.local/lib/python3.8/site-packages/airflow/example_dags/example_dynamic_task_mapping_with_no_taskflow_operators.py
[2023-10-10T09:08:46.270+0000] {processor.py:839} INFO - DAG(s) dict_keys(['example_dynamic_task_mapping_with_no_taskflow_operators']) retrieved from /home/airflow/.local/lib/python3.8/site-packages/airflow/example_dags/example_dynamic_task_mapping_with_no_taskflow_operators.py
[2023-10-10T09:08:46.291+0000] {logging_mixin.py:151} INFO - [2023-10-10T09:08:46.291+0000] {dag.py:2915} INFO - Sync 1 DAGs
[2023-10-10T09:08:46.308+0000] {logging_mixin.py:151} INFO - [2023-10-10T09:08:46.308+0000] {dag.py:3696} INFO - Setting next_dagrun for example_dynamic_task_mapping_with_no_taskflow_operators to 2023-10-09T09:08:46.307865+00:00, run_after=2023-10-10T09:08:46.307865+00:00
[2023-10-10T09:08:46.318+0000] {processor.py:179} INFO - Processing /home/airflow/.local/lib/python3.8/site-packages/airflow/example_dags/example_dynamic_task_mapping_with_no_taskflow_operators.py took 0.073 seconds
[2023-10-10T09:09:16.723+0000] {processor.py:157} INFO - Started process (PID=2366) to work on /home/airflow/.local/lib/python3.8/site-packages/airflow/example_dags/example_dynamic_task_mapping_with_no_taskflow_operators.py
[2023-10-10T09:09:16.725+0000] {processor.py:829} INFO - Processing file /home/airflow/.local/lib/python3.8/site-packages/airflow/example_dags/example_dynamic_task_mapping_with_no_taskflow_operators.py for tasks to queue
[2023-10-10T09:09:16.727+0000] {logging_mixin.py:151} INFO - [2023-10-10T09:09:16.727+0000] {dagbag.py:539} INFO - Filling up the DagBag from /home/airflow/.local/lib/python3.8/site-packages/airflow/example_dags/example_dynamic_task_mapping_with_no_taskflow_operators.py
[2023-10-10T09:09:16.736+0000] {processor.py:839} INFO - DAG(s) dict_keys(['example_dynamic_task_mapping_with_no_taskflow_operators']) retrieved from /home/airflow/.local/lib/python3.8/site-packages/airflow/example_dags/example_dynamic_task_mapping_with_no_taskflow_operators.py
[2023-10-10T09:09:16.759+0000] {logging_mixin.py:151} INFO - [2023-10-10T09:09:16.759+0000] {dag.py:2915} INFO - Sync 1 DAGs
[2023-10-10T09:09:16.774+0000] {logging_mixin.py:151} INFO - [2023-10-10T09:09:16.774+0000] {dag.py:3696} INFO - Setting next_dagrun for example_dynamic_task_mapping_with_no_taskflow_operators to 2023-10-09T09:09:16.774393+00:00, run_after=2023-10-10T09:09:16.774393+00:00
[2023-10-10T09:09:16.785+0000] {processor.py:179} INFO - Processing /home/airflow/.local/lib/python3.8/site-packages/airflow/example_dags/example_dynamic_task_mapping_with_no_taskflow_operators.py took 0.067 seconds
[2023-10-10T09:09:47.559+0000] {processor.py:157} INFO - Started process (PID=2427) to work on /home/airflow/.local/lib/python3.8/site-packages/airflow/example_dags/example_dynamic_task_mapping_with_no_taskflow_operators.py
[2023-10-10T09:09:47.561+0000] {processor.py:829} INFO - Processing file /home/airflow/.local/lib/python3.8/site-packages/airflow/example_dags/example_dynamic_task_mapping_with_no_taskflow_operators.py for tasks to queue
[2023-10-10T09:09:47.565+0000] {logging_mixin.py:151} INFO - [2023-10-10T09:09:47.565+0000] {dagbag.py:539} INFO - Filling up the DagBag from /home/airflow/.local/lib/python3.8/site-packages/airflow/example_dags/example_dynamic_task_mapping_with_no_taskflow_operators.py
[2023-10-10T09:09:47.573+0000] {processor.py:839} INFO - DAG(s) dict_keys(['example_dynamic_task_mapping_with_no_taskflow_operators']) retrieved from /home/airflow/.local/lib/python3.8/site-packages/airflow/example_dags/example_dynamic_task_mapping_with_no_taskflow_operators.py
[2023-10-10T09:09:47.599+0000] {logging_mixin.py:151} INFO - [2023-10-10T09:09:47.599+0000] {dag.py:2915} INFO - Sync 1 DAGs
[2023-10-10T09:09:47.624+0000] {logging_mixin.py:151} INFO - [2023-10-10T09:09:47.624+0000] {dag.py:3696} INFO - Setting next_dagrun for example_dynamic_task_mapping_with_no_taskflow_operators to 2023-10-09T09:09:47.623458+00:00, run_after=2023-10-10T09:09:47.623458+00:00
[2023-10-10T09:09:47.643+0000] {processor.py:179} INFO - Processing /home/airflow/.local/lib/python3.8/site-packages/airflow/example_dags/example_dynamic_task_mapping_with_no_taskflow_operators.py took 0.093 seconds
[2023-10-10T09:10:18.304+0000] {processor.py:157} INFO - Started process (PID=2488) to work on /home/airflow/.local/lib/python3.8/site-packages/airflow/example_dags/example_dynamic_task_mapping_with_no_taskflow_operators.py
[2023-10-10T09:10:18.306+0000] {processor.py:829} INFO - Processing file /home/airflow/.local/lib/python3.8/site-packages/airflow/example_dags/example_dynamic_task_mapping_with_no_taskflow_operators.py for tasks to queue
[2023-10-10T09:10:18.310+0000] {logging_mixin.py:151} INFO - [2023-10-10T09:10:18.309+0000] {dagbag.py:539} INFO - Filling up the DagBag from /home/airflow/.local/lib/python3.8/site-packages/airflow/example_dags/example_dynamic_task_mapping_with_no_taskflow_operators.py
[2023-10-10T09:10:18.320+0000] {processor.py:839} INFO - DAG(s) dict_keys(['example_dynamic_task_mapping_with_no_taskflow_operators']) retrieved from /home/airflow/.local/lib/python3.8/site-packages/airflow/example_dags/example_dynamic_task_mapping_with_no_taskflow_operators.py
[2023-10-10T09:10:18.348+0000] {logging_mixin.py:151} INFO - [2023-10-10T09:10:18.348+0000] {dag.py:2915} INFO - Sync 1 DAGs
[2023-10-10T09:10:18.367+0000] {logging_mixin.py:151} INFO - [2023-10-10T09:10:18.367+0000] {dag.py:3696} INFO - Setting next_dagrun for example_dynamic_task_mapping_with_no_taskflow_operators to 2023-10-09T09:10:18.366887+00:00, run_after=2023-10-10T09:10:18.366887+00:00
[2023-10-10T09:10:18.378+0000] {processor.py:179} INFO - Processing /home/airflow/.local/lib/python3.8/site-packages/airflow/example_dags/example_dynamic_task_mapping_with_no_taskflow_operators.py took 0.080 seconds
[2023-10-10T09:10:48.945+0000] {processor.py:157} INFO - Started process (PID=2549) to work on /home/airflow/.local/lib/python3.8/site-packages/airflow/example_dags/example_dynamic_task_mapping_with_no_taskflow_operators.py
[2023-10-10T09:10:48.946+0000] {processor.py:829} INFO - Processing file /home/airflow/.local/lib/python3.8/site-packages/airflow/example_dags/example_dynamic_task_mapping_with_no_taskflow_operators.py for tasks to queue
[2023-10-10T09:10:48.950+0000] {logging_mixin.py:151} INFO - [2023-10-10T09:10:48.949+0000] {dagbag.py:539} INFO - Filling up the DagBag from /home/airflow/.local/lib/python3.8/site-packages/airflow/example_dags/example_dynamic_task_mapping_with_no_taskflow_operators.py
[2023-10-10T09:10:48.959+0000] {processor.py:839} INFO - DAG(s) dict_keys(['example_dynamic_task_mapping_with_no_taskflow_operators']) retrieved from /home/airflow/.local/lib/python3.8/site-packages/airflow/example_dags/example_dynamic_task_mapping_with_no_taskflow_operators.py
[2023-10-10T09:10:48.990+0000] {logging_mixin.py:151} INFO - [2023-10-10T09:10:48.990+0000] {dag.py:2915} INFO - Sync 1 DAGs
[2023-10-10T09:10:49.014+0000] {logging_mixin.py:151} INFO - [2023-10-10T09:10:49.014+0000] {dag.py:3696} INFO - Setting next_dagrun for example_dynamic_task_mapping_with_no_taskflow_operators to 2023-10-09T09:10:49.013749+00:00, run_after=2023-10-10T09:10:49.013749+00:00
[2023-10-10T09:10:49.026+0000] {processor.py:179} INFO - Processing /home/airflow/.local/lib/python3.8/site-packages/airflow/example_dags/example_dynamic_task_mapping_with_no_taskflow_operators.py took 0.087 seconds
[2023-10-10T09:11:19.093+0000] {processor.py:157} INFO - Started process (PID=2610) to work on /home/airflow/.local/lib/python3.8/site-packages/airflow/example_dags/example_dynamic_task_mapping_with_no_taskflow_operators.py
[2023-10-10T09:11:19.095+0000] {processor.py:829} INFO - Processing file /home/airflow/.local/lib/python3.8/site-packages/airflow/example_dags/example_dynamic_task_mapping_with_no_taskflow_operators.py for tasks to queue
[2023-10-10T09:11:19.097+0000] {logging_mixin.py:151} INFO - [2023-10-10T09:11:19.096+0000] {dagbag.py:539} INFO - Filling up the DagBag from /home/airflow/.local/lib/python3.8/site-packages/airflow/example_dags/example_dynamic_task_mapping_with_no_taskflow_operators.py
[2023-10-10T09:11:19.102+0000] {processor.py:839} INFO - DAG(s) dict_keys(['example_dynamic_task_mapping_with_no_taskflow_operators']) retrieved from /home/airflow/.local/lib/python3.8/site-packages/airflow/example_dags/example_dynamic_task_mapping_with_no_taskflow_operators.py
[2023-10-10T09:11:19.126+0000] {logging_mixin.py:151} INFO - [2023-10-10T09:11:19.126+0000] {dag.py:2915} INFO - Sync 1 DAGs
[2023-10-10T09:11:19.156+0000] {logging_mixin.py:151} INFO - [2023-10-10T09:11:19.156+0000] {dag.py:3696} INFO - Setting next_dagrun for example_dynamic_task_mapping_with_no_taskflow_operators to 2023-10-09T09:11:19.156218+00:00, run_after=2023-10-10T09:11:19.156218+00:00
[2023-10-10T09:11:19.188+0000] {processor.py:179} INFO - Processing /home/airflow/.local/lib/python3.8/site-packages/airflow/example_dags/example_dynamic_task_mapping_with_no_taskflow_operators.py took 0.097 seconds
[2023-10-10T09:11:50.009+0000] {processor.py:157} INFO - Started process (PID=2671) to work on /home/airflow/.local/lib/python3.8/site-packages/airflow/example_dags/example_dynamic_task_mapping_with_no_taskflow_operators.py
[2023-10-10T09:11:50.010+0000] {processor.py:829} INFO - Processing file /home/airflow/.local/lib/python3.8/site-packages/airflow/example_dags/example_dynamic_task_mapping_with_no_taskflow_operators.py for tasks to queue
[2023-10-10T09:11:50.012+0000] {logging_mixin.py:151} INFO - [2023-10-10T09:11:50.012+0000] {dagbag.py:539} INFO - Filling up the DagBag from /home/airflow/.local/lib/python3.8/site-packages/airflow/example_dags/example_dynamic_task_mapping_with_no_taskflow_operators.py
[2023-10-10T09:11:50.018+0000] {processor.py:839} INFO - DAG(s) dict_keys(['example_dynamic_task_mapping_with_no_taskflow_operators']) retrieved from /home/airflow/.local/lib/python3.8/site-packages/airflow/example_dags/example_dynamic_task_mapping_with_no_taskflow_operators.py
[2023-10-10T09:11:50.037+0000] {logging_mixin.py:151} INFO - [2023-10-10T09:11:50.037+0000] {dag.py:2915} INFO - Sync 1 DAGs
[2023-10-10T09:11:50.069+0000] {logging_mixin.py:151} INFO - [2023-10-10T09:11:50.069+0000] {dag.py:3696} INFO - Setting next_dagrun for example_dynamic_task_mapping_with_no_taskflow_operators to 2023-10-09T09:11:50.068775+00:00, run_after=2023-10-10T09:11:50.068775+00:00
[2023-10-10T09:11:50.088+0000] {processor.py:179} INFO - Processing /home/airflow/.local/lib/python3.8/site-packages/airflow/example_dags/example_dynamic_task_mapping_with_no_taskflow_operators.py took 0.082 seconds
[2023-10-10T09:12:20.246+0000] {processor.py:157} INFO - Started process (PID=2731) to work on /home/airflow/.local/lib/python3.8/site-packages/airflow/example_dags/example_dynamic_task_mapping_with_no_taskflow_operators.py
[2023-10-10T09:12:20.247+0000] {processor.py:829} INFO - Processing file /home/airflow/.local/lib/python3.8/site-packages/airflow/example_dags/example_dynamic_task_mapping_with_no_taskflow_operators.py for tasks to queue
[2023-10-10T09:12:20.249+0000] {logging_mixin.py:151} INFO - [2023-10-10T09:12:20.248+0000] {dagbag.py:539} INFO - Filling up the DagBag from /home/airflow/.local/lib/python3.8/site-packages/airflow/example_dags/example_dynamic_task_mapping_with_no_taskflow_operators.py
[2023-10-10T09:12:20.254+0000] {processor.py:839} INFO - DAG(s) dict_keys(['example_dynamic_task_mapping_with_no_taskflow_operators']) retrieved from /home/airflow/.local/lib/python3.8/site-packages/airflow/example_dags/example_dynamic_task_mapping_with_no_taskflow_operators.py
[2023-10-10T09:12:20.287+0000] {logging_mixin.py:151} INFO - [2023-10-10T09:12:20.287+0000] {dag.py:2915} INFO - Sync 1 DAGs
[2023-10-10T09:12:20.315+0000] {logging_mixin.py:151} INFO - [2023-10-10T09:12:20.315+0000] {dag.py:3696} INFO - Setting next_dagrun for example_dynamic_task_mapping_with_no_taskflow_operators to 2023-10-09T09:12:20.314934+00:00, run_after=2023-10-10T09:12:20.314934+00:00
[2023-10-10T09:12:20.330+0000] {processor.py:179} INFO - Processing /home/airflow/.local/lib/python3.8/site-packages/airflow/example_dags/example_dynamic_task_mapping_with_no_taskflow_operators.py took 0.087 seconds
[2023-10-10T09:12:51.261+0000] {processor.py:157} INFO - Started process (PID=2792) to work on /home/airflow/.local/lib/python3.8/site-packages/airflow/example_dags/example_dynamic_task_mapping_with_no_taskflow_operators.py
[2023-10-10T09:12:51.261+0000] {processor.py:829} INFO - Processing file /home/airflow/.local/lib/python3.8/site-packages/airflow/example_dags/example_dynamic_task_mapping_with_no_taskflow_operators.py for tasks to queue
[2023-10-10T09:12:51.263+0000] {logging_mixin.py:151} INFO - [2023-10-10T09:12:51.263+0000] {dagbag.py:539} INFO - Filling up the DagBag from /home/airflow/.local/lib/python3.8/site-packages/airflow/example_dags/example_dynamic_task_mapping_with_no_taskflow_operators.py
[2023-10-10T09:12:51.267+0000] {processor.py:839} INFO - DAG(s) dict_keys(['example_dynamic_task_mapping_with_no_taskflow_operators']) retrieved from /home/airflow/.local/lib/python3.8/site-packages/airflow/example_dags/example_dynamic_task_mapping_with_no_taskflow_operators.py
[2023-10-10T09:12:51.283+0000] {logging_mixin.py:151} INFO - [2023-10-10T09:12:51.283+0000] {dag.py:2915} INFO - Sync 1 DAGs
[2023-10-10T09:12:51.299+0000] {logging_mixin.py:151} INFO - [2023-10-10T09:12:51.299+0000] {dag.py:3696} INFO - Setting next_dagrun for example_dynamic_task_mapping_with_no_taskflow_operators to 2023-10-09T09:12:51.298878+00:00, run_after=2023-10-10T09:12:51.298878+00:00
[2023-10-10T09:12:51.311+0000] {processor.py:179} INFO - Processing /home/airflow/.local/lib/python3.8/site-packages/airflow/example_dags/example_dynamic_task_mapping_with_no_taskflow_operators.py took 0.053 seconds
[2023-10-10T09:13:22.242+0000] {processor.py:157} INFO - Started process (PID=2853) to work on /home/airflow/.local/lib/python3.8/site-packages/airflow/example_dags/example_dynamic_task_mapping_with_no_taskflow_operators.py
[2023-10-10T09:13:22.242+0000] {processor.py:829} INFO - Processing file /home/airflow/.local/lib/python3.8/site-packages/airflow/example_dags/example_dynamic_task_mapping_with_no_taskflow_operators.py for tasks to queue
[2023-10-10T09:13:22.244+0000] {logging_mixin.py:151} INFO - [2023-10-10T09:13:22.244+0000] {dagbag.py:539} INFO - Filling up the DagBag from /home/airflow/.local/lib/python3.8/site-packages/airflow/example_dags/example_dynamic_task_mapping_with_no_taskflow_operators.py
[2023-10-10T09:13:22.248+0000] {processor.py:839} INFO - DAG(s) dict_keys(['example_dynamic_task_mapping_with_no_taskflow_operators']) retrieved from /home/airflow/.local/lib/python3.8/site-packages/airflow/example_dags/example_dynamic_task_mapping_with_no_taskflow_operators.py
[2023-10-10T09:13:22.261+0000] {logging_mixin.py:151} INFO - [2023-10-10T09:13:22.261+0000] {dag.py:2915} INFO - Sync 1 DAGs
[2023-10-10T09:13:22.279+0000] {logging_mixin.py:151} INFO - [2023-10-10T09:13:22.279+0000] {dag.py:3696} INFO - Setting next_dagrun for example_dynamic_task_mapping_with_no_taskflow_operators to 2023-10-09T09:13:22.278830+00:00, run_after=2023-10-10T09:13:22.278830+00:00
[2023-10-10T09:13:22.293+0000] {processor.py:179} INFO - Processing /home/airflow/.local/lib/python3.8/site-packages/airflow/example_dags/example_dynamic_task_mapping_with_no_taskflow_operators.py took 0.053 seconds
[2023-10-10T09:13:52.689+0000] {processor.py:157} INFO - Started process (PID=2914) to work on /home/airflow/.local/lib/python3.8/site-packages/airflow/example_dags/example_dynamic_task_mapping_with_no_taskflow_operators.py
[2023-10-10T09:13:52.690+0000] {processor.py:829} INFO - Processing file /home/airflow/.local/lib/python3.8/site-packages/airflow/example_dags/example_dynamic_task_mapping_with_no_taskflow_operators.py for tasks to queue
[2023-10-10T09:13:52.691+0000] {logging_mixin.py:151} INFO - [2023-10-10T09:13:52.691+0000] {dagbag.py:539} INFO - Filling up the DagBag from /home/airflow/.local/lib/python3.8/site-packages/airflow/example_dags/example_dynamic_task_mapping_with_no_taskflow_operators.py
[2023-10-10T09:13:52.695+0000] {processor.py:839} INFO - DAG(s) dict_keys(['example_dynamic_task_mapping_with_no_taskflow_operators']) retrieved from /home/airflow/.local/lib/python3.8/site-packages/airflow/example_dags/example_dynamic_task_mapping_with_no_taskflow_operators.py
[2023-10-10T09:13:52.710+0000] {logging_mixin.py:151} INFO - [2023-10-10T09:13:52.710+0000] {dag.py:2915} INFO - Sync 1 DAGs
[2023-10-10T09:13:52.723+0000] {logging_mixin.py:151} INFO - [2023-10-10T09:13:52.723+0000] {dag.py:3696} INFO - Setting next_dagrun for example_dynamic_task_mapping_with_no_taskflow_operators to 2023-10-09T09:13:52.723590+00:00, run_after=2023-10-10T09:13:52.723590+00:00
[2023-10-10T09:13:52.734+0000] {processor.py:179} INFO - Processing /home/airflow/.local/lib/python3.8/site-packages/airflow/example_dags/example_dynamic_task_mapping_with_no_taskflow_operators.py took 0.047 seconds
[2023-10-10T09:14:23.517+0000] {processor.py:157} INFO - Started process (PID=2975) to work on /home/airflow/.local/lib/python3.8/site-packages/airflow/example_dags/example_dynamic_task_mapping_with_no_taskflow_operators.py
[2023-10-10T09:14:23.519+0000] {processor.py:829} INFO - Processing file /home/airflow/.local/lib/python3.8/site-packages/airflow/example_dags/example_dynamic_task_mapping_with_no_taskflow_operators.py for tasks to queue
[2023-10-10T09:14:23.521+0000] {logging_mixin.py:151} INFO - [2023-10-10T09:14:23.521+0000] {dagbag.py:539} INFO - Filling up the DagBag from /home/airflow/.local/lib/python3.8/site-packages/airflow/example_dags/example_dynamic_task_mapping_with_no_taskflow_operators.py
[2023-10-10T09:14:23.528+0000] {processor.py:839} INFO - DAG(s) dict_keys(['example_dynamic_task_mapping_with_no_taskflow_operators']) retrieved from /home/airflow/.local/lib/python3.8/site-packages/airflow/example_dags/example_dynamic_task_mapping_with_no_taskflow_operators.py
[2023-10-10T09:14:23.545+0000] {logging_mixin.py:151} INFO - [2023-10-10T09:14:23.545+0000] {dag.py:2915} INFO - Sync 1 DAGs
[2023-10-10T09:14:23.560+0000] {logging_mixin.py:151} INFO - [2023-10-10T09:14:23.560+0000] {dag.py:3696} INFO - Setting next_dagrun for example_dynamic_task_mapping_with_no_taskflow_operators to 2023-10-09T09:14:23.560429+00:00, run_after=2023-10-10T09:14:23.560429+00:00
[2023-10-10T09:14:23.570+0000] {processor.py:179} INFO - Processing /home/airflow/.local/lib/python3.8/site-packages/airflow/example_dags/example_dynamic_task_mapping_with_no_taskflow_operators.py took 0.055 seconds
[2023-10-10T09:14:53.923+0000] {processor.py:157} INFO - Started process (PID=3036) to work on /home/airflow/.local/lib/python3.8/site-packages/airflow/example_dags/example_dynamic_task_mapping_with_no_taskflow_operators.py
[2023-10-10T09:14:53.924+0000] {processor.py:829} INFO - Processing file /home/airflow/.local/lib/python3.8/site-packages/airflow/example_dags/example_dynamic_task_mapping_with_no_taskflow_operators.py for tasks to queue
[2023-10-10T09:14:53.926+0000] {logging_mixin.py:151} INFO - [2023-10-10T09:14:53.926+0000] {dagbag.py:539} INFO - Filling up the DagBag from /home/airflow/.local/lib/python3.8/site-packages/airflow/example_dags/example_dynamic_task_mapping_with_no_taskflow_operators.py
[2023-10-10T09:14:53.934+0000] {processor.py:839} INFO - DAG(s) dict_keys(['example_dynamic_task_mapping_with_no_taskflow_operators']) retrieved from /home/airflow/.local/lib/python3.8/site-packages/airflow/example_dags/example_dynamic_task_mapping_with_no_taskflow_operators.py
[2023-10-10T09:14:53.950+0000] {logging_mixin.py:151} INFO - [2023-10-10T09:14:53.949+0000] {dag.py:2915} INFO - Sync 1 DAGs
[2023-10-10T09:14:53.965+0000] {logging_mixin.py:151} INFO - [2023-10-10T09:14:53.965+0000] {dag.py:3696} INFO - Setting next_dagrun for example_dynamic_task_mapping_with_no_taskflow_operators to 2023-10-09T09:14:53.965100+00:00, run_after=2023-10-10T09:14:53.965100+00:00
[2023-10-10T09:14:53.976+0000] {processor.py:179} INFO - Processing /home/airflow/.local/lib/python3.8/site-packages/airflow/example_dags/example_dynamic_task_mapping_with_no_taskflow_operators.py took 0.056 seconds
[2023-10-10T09:15:24.281+0000] {processor.py:157} INFO - Started process (PID=3097) to work on /home/airflow/.local/lib/python3.8/site-packages/airflow/example_dags/example_dynamic_task_mapping_with_no_taskflow_operators.py
[2023-10-10T09:15:24.282+0000] {processor.py:829} INFO - Processing file /home/airflow/.local/lib/python3.8/site-packages/airflow/example_dags/example_dynamic_task_mapping_with_no_taskflow_operators.py for tasks to queue
[2023-10-10T09:15:24.283+0000] {logging_mixin.py:151} INFO - [2023-10-10T09:15:24.283+0000] {dagbag.py:539} INFO - Filling up the DagBag from /home/airflow/.local/lib/python3.8/site-packages/airflow/example_dags/example_dynamic_task_mapping_with_no_taskflow_operators.py
[2023-10-10T09:15:24.288+0000] {processor.py:839} INFO - DAG(s) dict_keys(['example_dynamic_task_mapping_with_no_taskflow_operators']) retrieved from /home/airflow/.local/lib/python3.8/site-packages/airflow/example_dags/example_dynamic_task_mapping_with_no_taskflow_operators.py
[2023-10-10T09:15:24.303+0000] {logging_mixin.py:151} INFO - [2023-10-10T09:15:24.303+0000] {dag.py:2915} INFO - Sync 1 DAGs
[2023-10-10T09:15:24.316+0000] {logging_mixin.py:151} INFO - [2023-10-10T09:15:24.316+0000] {dag.py:3696} INFO - Setting next_dagrun for example_dynamic_task_mapping_with_no_taskflow_operators to 2023-10-09T09:15:24.316408+00:00, run_after=2023-10-10T09:15:24.316408+00:00
[2023-10-10T09:15:24.325+0000] {processor.py:179} INFO - Processing /home/airflow/.local/lib/python3.8/site-packages/airflow/example_dags/example_dynamic_task_mapping_with_no_taskflow_operators.py took 0.047 seconds
[2023-10-10T09:15:54.634+0000] {processor.py:157} INFO - Started process (PID=3158) to work on /home/airflow/.local/lib/python3.8/site-packages/airflow/example_dags/example_dynamic_task_mapping_with_no_taskflow_operators.py
[2023-10-10T09:15:54.635+0000] {processor.py:829} INFO - Processing file /home/airflow/.local/lib/python3.8/site-packages/airflow/example_dags/example_dynamic_task_mapping_with_no_taskflow_operators.py for tasks to queue
[2023-10-10T09:15:54.636+0000] {logging_mixin.py:151} INFO - [2023-10-10T09:15:54.636+0000] {dagbag.py:539} INFO - Filling up the DagBag from /home/airflow/.local/lib/python3.8/site-packages/airflow/example_dags/example_dynamic_task_mapping_with_no_taskflow_operators.py
[2023-10-10T09:15:54.642+0000] {processor.py:839} INFO - DAG(s) dict_keys(['example_dynamic_task_mapping_with_no_taskflow_operators']) retrieved from /home/airflow/.local/lib/python3.8/site-packages/airflow/example_dags/example_dynamic_task_mapping_with_no_taskflow_operators.py
[2023-10-10T09:15:54.672+0000] {logging_mixin.py:151} INFO - [2023-10-10T09:15:54.672+0000] {dag.py:2915} INFO - Sync 1 DAGs
[2023-10-10T09:15:54.689+0000] {logging_mixin.py:151} INFO - [2023-10-10T09:15:54.689+0000] {dag.py:3696} INFO - Setting next_dagrun for example_dynamic_task_mapping_with_no_taskflow_operators to 2023-10-09T09:15:54.689686+00:00, run_after=2023-10-10T09:15:54.689686+00:00
[2023-10-10T09:15:54.702+0000] {processor.py:179} INFO - Processing /home/airflow/.local/lib/python3.8/site-packages/airflow/example_dags/example_dynamic_task_mapping_with_no_taskflow_operators.py took 0.070 seconds
[2023-10-10T09:16:25.510+0000] {processor.py:157} INFO - Started process (PID=3219) to work on /home/airflow/.local/lib/python3.8/site-packages/airflow/example_dags/example_dynamic_task_mapping_with_no_taskflow_operators.py
[2023-10-10T09:16:25.511+0000] {processor.py:829} INFO - Processing file /home/airflow/.local/lib/python3.8/site-packages/airflow/example_dags/example_dynamic_task_mapping_with_no_taskflow_operators.py for tasks to queue
[2023-10-10T09:16:25.513+0000] {logging_mixin.py:151} INFO - [2023-10-10T09:16:25.512+0000] {dagbag.py:539} INFO - Filling up the DagBag from /home/airflow/.local/lib/python3.8/site-packages/airflow/example_dags/example_dynamic_task_mapping_with_no_taskflow_operators.py
[2023-10-10T09:16:25.516+0000] {processor.py:839} INFO - DAG(s) dict_keys(['example_dynamic_task_mapping_with_no_taskflow_operators']) retrieved from /home/airflow/.local/lib/python3.8/site-packages/airflow/example_dags/example_dynamic_task_mapping_with_no_taskflow_operators.py
[2023-10-10T09:16:25.531+0000] {logging_mixin.py:151} INFO - [2023-10-10T09:16:25.531+0000] {dag.py:2915} INFO - Sync 1 DAGs
[2023-10-10T09:16:25.552+0000] {logging_mixin.py:151} INFO - [2023-10-10T09:16:25.552+0000] {dag.py:3696} INFO - Setting next_dagrun for example_dynamic_task_mapping_with_no_taskflow_operators to 2023-10-09T09:16:25.552078+00:00, run_after=2023-10-10T09:16:25.552078+00:00
[2023-10-10T09:16:25.562+0000] {processor.py:179} INFO - Processing /home/airflow/.local/lib/python3.8/site-packages/airflow/example_dags/example_dynamic_task_mapping_with_no_taskflow_operators.py took 0.054 seconds
[2023-10-10T09:16:56.074+0000] {processor.py:157} INFO - Started process (PID=3280) to work on /home/airflow/.local/lib/python3.8/site-packages/airflow/example_dags/example_dynamic_task_mapping_with_no_taskflow_operators.py
[2023-10-10T09:16:56.075+0000] {processor.py:829} INFO - Processing file /home/airflow/.local/lib/python3.8/site-packages/airflow/example_dags/example_dynamic_task_mapping_with_no_taskflow_operators.py for tasks to queue
[2023-10-10T09:16:56.077+0000] {logging_mixin.py:151} INFO - [2023-10-10T09:16:56.076+0000] {dagbag.py:539} INFO - Filling up the DagBag from /home/airflow/.local/lib/python3.8/site-packages/airflow/example_dags/example_dynamic_task_mapping_with_no_taskflow_operators.py
[2023-10-10T09:16:56.082+0000] {processor.py:839} INFO - DAG(s) dict_keys(['example_dynamic_task_mapping_with_no_taskflow_operators']) retrieved from /home/airflow/.local/lib/python3.8/site-packages/airflow/example_dags/example_dynamic_task_mapping_with_no_taskflow_operators.py
[2023-10-10T09:16:56.098+0000] {logging_mixin.py:151} INFO - [2023-10-10T09:16:56.097+0000] {dag.py:2915} INFO - Sync 1 DAGs
[2023-10-10T09:16:56.110+0000] {logging_mixin.py:151} INFO - [2023-10-10T09:16:56.110+0000] {dag.py:3696} INFO - Setting next_dagrun for example_dynamic_task_mapping_with_no_taskflow_operators to 2023-10-09T09:16:56.110624+00:00, run_after=2023-10-10T09:16:56.110624+00:00
[2023-10-10T09:16:56.120+0000] {processor.py:179} INFO - Processing /home/airflow/.local/lib/python3.8/site-packages/airflow/example_dags/example_dynamic_task_mapping_with_no_taskflow_operators.py took 0.050 seconds
[2023-10-10T09:17:26.986+0000] {processor.py:157} INFO - Started process (PID=3340) to work on /home/airflow/.local/lib/python3.8/site-packages/airflow/example_dags/example_dynamic_task_mapping_with_no_taskflow_operators.py
[2023-10-10T09:17:26.987+0000] {processor.py:829} INFO - Processing file /home/airflow/.local/lib/python3.8/site-packages/airflow/example_dags/example_dynamic_task_mapping_with_no_taskflow_operators.py for tasks to queue
[2023-10-10T09:17:26.988+0000] {logging_mixin.py:151} INFO - [2023-10-10T09:17:26.988+0000] {dagbag.py:539} INFO - Filling up the DagBag from /home/airflow/.local/lib/python3.8/site-packages/airflow/example_dags/example_dynamic_task_mapping_with_no_taskflow_operators.py
[2023-10-10T09:17:26.993+0000] {processor.py:839} INFO - DAG(s) dict_keys(['example_dynamic_task_mapping_with_no_taskflow_operators']) retrieved from /home/airflow/.local/lib/python3.8/site-packages/airflow/example_dags/example_dynamic_task_mapping_with_no_taskflow_operators.py
[2023-10-10T09:17:27.011+0000] {logging_mixin.py:151} INFO - [2023-10-10T09:17:27.011+0000] {dag.py:2915} INFO - Sync 1 DAGs
[2023-10-10T09:17:27.030+0000] {logging_mixin.py:151} INFO - [2023-10-10T09:17:27.030+0000] {dag.py:3696} INFO - Setting next_dagrun for example_dynamic_task_mapping_with_no_taskflow_operators to 2023-10-09T09:17:27.030161+00:00, run_after=2023-10-10T09:17:27.030161+00:00
[2023-10-10T09:17:27.045+0000] {processor.py:179} INFO - Processing /home/airflow/.local/lib/python3.8/site-packages/airflow/example_dags/example_dynamic_task_mapping_with_no_taskflow_operators.py took 0.063 seconds
[2023-10-10T09:17:57.452+0000] {processor.py:157} INFO - Started process (PID=3401) to work on /home/airflow/.local/lib/python3.8/site-packages/airflow/example_dags/example_dynamic_task_mapping_with_no_taskflow_operators.py
[2023-10-10T09:17:57.453+0000] {processor.py:829} INFO - Processing file /home/airflow/.local/lib/python3.8/site-packages/airflow/example_dags/example_dynamic_task_mapping_with_no_taskflow_operators.py for tasks to queue
[2023-10-10T09:17:57.455+0000] {logging_mixin.py:151} INFO - [2023-10-10T09:17:57.455+0000] {dagbag.py:539} INFO - Filling up the DagBag from /home/airflow/.local/lib/python3.8/site-packages/airflow/example_dags/example_dynamic_task_mapping_with_no_taskflow_operators.py
[2023-10-10T09:17:57.460+0000] {processor.py:839} INFO - DAG(s) dict_keys(['example_dynamic_task_mapping_with_no_taskflow_operators']) retrieved from /home/airflow/.local/lib/python3.8/site-packages/airflow/example_dags/example_dynamic_task_mapping_with_no_taskflow_operators.py
[2023-10-10T09:17:57.474+0000] {logging_mixin.py:151} INFO - [2023-10-10T09:17:57.474+0000] {dag.py:2915} INFO - Sync 1 DAGs
[2023-10-10T09:17:57.487+0000] {logging_mixin.py:151} INFO - [2023-10-10T09:17:57.487+0000] {dag.py:3696} INFO - Setting next_dagrun for example_dynamic_task_mapping_with_no_taskflow_operators to 2023-10-09T09:17:57.487266+00:00, run_after=2023-10-10T09:17:57.487266+00:00
[2023-10-10T09:17:57.501+0000] {processor.py:179} INFO - Processing /home/airflow/.local/lib/python3.8/site-packages/airflow/example_dags/example_dynamic_task_mapping_with_no_taskflow_operators.py took 0.052 seconds
[2023-10-10T09:18:27.600+0000] {processor.py:157} INFO - Started process (PID=3462) to work on /home/airflow/.local/lib/python3.8/site-packages/airflow/example_dags/example_dynamic_task_mapping_with_no_taskflow_operators.py
[2023-10-10T09:18:27.601+0000] {processor.py:829} INFO - Processing file /home/airflow/.local/lib/python3.8/site-packages/airflow/example_dags/example_dynamic_task_mapping_with_no_taskflow_operators.py for tasks to queue
[2023-10-10T09:18:27.602+0000] {logging_mixin.py:151} INFO - [2023-10-10T09:18:27.602+0000] {dagbag.py:539} INFO - Filling up the DagBag from /home/airflow/.local/lib/python3.8/site-packages/airflow/example_dags/example_dynamic_task_mapping_with_no_taskflow_operators.py
[2023-10-10T09:18:27.606+0000] {processor.py:839} INFO - DAG(s) dict_keys(['example_dynamic_task_mapping_with_no_taskflow_operators']) retrieved from /home/airflow/.local/lib/python3.8/site-packages/airflow/example_dags/example_dynamic_task_mapping_with_no_taskflow_operators.py
[2023-10-10T09:18:27.620+0000] {logging_mixin.py:151} INFO - [2023-10-10T09:18:27.620+0000] {dag.py:2915} INFO - Sync 1 DAGs
[2023-10-10T09:18:27.633+0000] {logging_mixin.py:151} INFO - [2023-10-10T09:18:27.633+0000] {dag.py:3696} INFO - Setting next_dagrun for example_dynamic_task_mapping_with_no_taskflow_operators to 2023-10-09T09:18:27.633669+00:00, run_after=2023-10-10T09:18:27.633669+00:00
[2023-10-10T09:18:27.643+0000] {processor.py:179} INFO - Processing /home/airflow/.local/lib/python3.8/site-packages/airflow/example_dags/example_dynamic_task_mapping_with_no_taskflow_operators.py took 0.046 seconds
[2023-10-10T09:18:57.773+0000] {processor.py:157} INFO - Started process (PID=3522) to work on /home/airflow/.local/lib/python3.8/site-packages/airflow/example_dags/example_dynamic_task_mapping_with_no_taskflow_operators.py
[2023-10-10T09:18:57.773+0000] {processor.py:829} INFO - Processing file /home/airflow/.local/lib/python3.8/site-packages/airflow/example_dags/example_dynamic_task_mapping_with_no_taskflow_operators.py for tasks to queue
[2023-10-10T09:18:57.775+0000] {logging_mixin.py:151} INFO - [2023-10-10T09:18:57.775+0000] {dagbag.py:539} INFO - Filling up the DagBag from /home/airflow/.local/lib/python3.8/site-packages/airflow/example_dags/example_dynamic_task_mapping_with_no_taskflow_operators.py
[2023-10-10T09:18:57.779+0000] {processor.py:839} INFO - DAG(s) dict_keys(['example_dynamic_task_mapping_with_no_taskflow_operators']) retrieved from /home/airflow/.local/lib/python3.8/site-packages/airflow/example_dags/example_dynamic_task_mapping_with_no_taskflow_operators.py
[2023-10-10T09:18:57.793+0000] {logging_mixin.py:151} INFO - [2023-10-10T09:18:57.793+0000] {dag.py:2915} INFO - Sync 1 DAGs
[2023-10-10T09:18:57.805+0000] {logging_mixin.py:151} INFO - [2023-10-10T09:18:57.805+0000] {dag.py:3696} INFO - Setting next_dagrun for example_dynamic_task_mapping_with_no_taskflow_operators to 2023-10-09T09:18:57.805537+00:00, run_after=2023-10-10T09:18:57.805537+00:00
[2023-10-10T09:18:57.814+0000] {processor.py:179} INFO - Processing /home/airflow/.local/lib/python3.8/site-packages/airflow/example_dags/example_dynamic_task_mapping_with_no_taskflow_operators.py took 0.043 seconds
[2023-10-10T09:19:28.105+0000] {processor.py:157} INFO - Started process (PID=3584) to work on /home/airflow/.local/lib/python3.8/site-packages/airflow/example_dags/example_dynamic_task_mapping_with_no_taskflow_operators.py
[2023-10-10T09:19:28.105+0000] {processor.py:829} INFO - Processing file /home/airflow/.local/lib/python3.8/site-packages/airflow/example_dags/example_dynamic_task_mapping_with_no_taskflow_operators.py for tasks to queue
[2023-10-10T09:19:28.107+0000] {logging_mixin.py:151} INFO - [2023-10-10T09:19:28.106+0000] {dagbag.py:539} INFO - Filling up the DagBag from /home/airflow/.local/lib/python3.8/site-packages/airflow/example_dags/example_dynamic_task_mapping_with_no_taskflow_operators.py
[2023-10-10T09:19:28.111+0000] {processor.py:839} INFO - DAG(s) dict_keys(['example_dynamic_task_mapping_with_no_taskflow_operators']) retrieved from /home/airflow/.local/lib/python3.8/site-packages/airflow/example_dags/example_dynamic_task_mapping_with_no_taskflow_operators.py
[2023-10-10T09:19:28.126+0000] {logging_mixin.py:151} INFO - [2023-10-10T09:19:28.126+0000] {dag.py:2915} INFO - Sync 1 DAGs
[2023-10-10T09:19:28.138+0000] {logging_mixin.py:151} INFO - [2023-10-10T09:19:28.138+0000] {dag.py:3696} INFO - Setting next_dagrun for example_dynamic_task_mapping_with_no_taskflow_operators to 2023-10-09T09:19:28.138695+00:00, run_after=2023-10-10T09:19:28.138695+00:00
[2023-10-10T09:19:28.147+0000] {processor.py:179} INFO - Processing /home/airflow/.local/lib/python3.8/site-packages/airflow/example_dags/example_dynamic_task_mapping_with_no_taskflow_operators.py took 0.045 seconds
[2023-10-10T09:19:58.567+0000] {processor.py:157} INFO - Started process (PID=3645) to work on /home/airflow/.local/lib/python3.8/site-packages/airflow/example_dags/example_dynamic_task_mapping_with_no_taskflow_operators.py
[2023-10-10T09:19:58.569+0000] {processor.py:829} INFO - Processing file /home/airflow/.local/lib/python3.8/site-packages/airflow/example_dags/example_dynamic_task_mapping_with_no_taskflow_operators.py for tasks to queue
[2023-10-10T09:19:58.570+0000] {logging_mixin.py:151} INFO - [2023-10-10T09:19:58.570+0000] {dagbag.py:539} INFO - Filling up the DagBag from /home/airflow/.local/lib/python3.8/site-packages/airflow/example_dags/example_dynamic_task_mapping_with_no_taskflow_operators.py
[2023-10-10T09:19:58.575+0000] {processor.py:839} INFO - DAG(s) dict_keys(['example_dynamic_task_mapping_with_no_taskflow_operators']) retrieved from /home/airflow/.local/lib/python3.8/site-packages/airflow/example_dags/example_dynamic_task_mapping_with_no_taskflow_operators.py
[2023-10-10T09:19:58.592+0000] {logging_mixin.py:151} INFO - [2023-10-10T09:19:58.592+0000] {dag.py:2915} INFO - Sync 1 DAGs
[2023-10-10T09:19:58.607+0000] {logging_mixin.py:151} INFO - [2023-10-10T09:19:58.607+0000] {dag.py:3696} INFO - Setting next_dagrun for example_dynamic_task_mapping_with_no_taskflow_operators to 2023-10-09T09:19:58.607069+00:00, run_after=2023-10-10T09:19:58.607069+00:00
[2023-10-10T09:19:58.617+0000] {processor.py:179} INFO - Processing /home/airflow/.local/lib/python3.8/site-packages/airflow/example_dags/example_dynamic_task_mapping_with_no_taskflow_operators.py took 0.052 seconds
