[2023-10-10T08:49:48.910+0000] {processor.py:157} INFO - Started process (PID=48) to work on /home/airflow/.local/lib/python3.8/site-packages/airflow/example_dags/example_short_circuit_operator.py
[2023-10-10T08:49:48.913+0000] {processor.py:829} INFO - Processing file /home/airflow/.local/lib/python3.8/site-packages/airflow/example_dags/example_short_circuit_operator.py for tasks to queue
[2023-10-10T08:49:48.918+0000] {logging_mixin.py:151} INFO - [2023-10-10T08:49:48.917+0000] {dagbag.py:539} INFO - Filling up the DagBag from /home/airflow/.local/lib/python3.8/site-packages/airflow/example_dags/example_short_circuit_operator.py
[2023-10-10T08:49:48.959+0000] {processor.py:839} INFO - DAG(s) dict_keys(['example_short_circuit_operator']) retrieved from /home/airflow/.local/lib/python3.8/site-packages/airflow/example_dags/example_short_circuit_operator.py
[2023-10-10T08:49:49.027+0000] {logging_mixin.py:151} INFO - [2023-10-10T08:49:49.026+0000] {dag.py:2915} INFO - Sync 1 DAGs
[2023-10-10T08:49:49.128+0000] {logging_mixin.py:151} INFO - [2023-10-10T08:49:49.127+0000] {dag.py:3696} INFO - Setting next_dagrun for example_short_circuit_operator to 2023-10-09T08:49:49.127076+00:00, run_after=2023-10-10T08:49:49.127076+00:00
[2023-10-10T08:49:49.265+0000] {processor.py:179} INFO - Processing /home/airflow/.local/lib/python3.8/site-packages/airflow/example_dags/example_short_circuit_operator.py took 0.364 seconds
[2023-10-10T08:50:23.386+0000] {processor.py:157} INFO - Started process (PID=102) to work on /home/airflow/.local/lib/python3.8/site-packages/airflow/example_dags/example_short_circuit_operator.py
[2023-10-10T08:50:23.388+0000] {processor.py:829} INFO - Processing file /home/airflow/.local/lib/python3.8/site-packages/airflow/example_dags/example_short_circuit_operator.py for tasks to queue
[2023-10-10T08:50:23.389+0000] {logging_mixin.py:151} INFO - [2023-10-10T08:50:23.389+0000] {dagbag.py:539} INFO - Filling up the DagBag from /home/airflow/.local/lib/python3.8/site-packages/airflow/example_dags/example_short_circuit_operator.py
[2023-10-10T08:50:23.395+0000] {processor.py:839} INFO - DAG(s) dict_keys(['example_short_circuit_operator']) retrieved from /home/airflow/.local/lib/python3.8/site-packages/airflow/example_dags/example_short_circuit_operator.py
[2023-10-10T08:50:23.424+0000] {logging_mixin.py:151} INFO - [2023-10-10T08:50:23.424+0000] {dag.py:2915} INFO - Sync 1 DAGs
[2023-10-10T08:50:23.443+0000] {logging_mixin.py:151} INFO - [2023-10-10T08:50:23.443+0000] {dag.py:3696} INFO - Setting next_dagrun for example_short_circuit_operator to 2023-10-09T08:50:23.442829+00:00, run_after=2023-10-10T08:50:23.442829+00:00
[2023-10-10T08:50:23.455+0000] {processor.py:179} INFO - Processing /home/airflow/.local/lib/python3.8/site-packages/airflow/example_dags/example_short_circuit_operator.py took 0.071 seconds
[2023-10-10T08:50:53.766+0000] {processor.py:157} INFO - Started process (PID=163) to work on /home/airflow/.local/lib/python3.8/site-packages/airflow/example_dags/example_short_circuit_operator.py
[2023-10-10T08:50:53.767+0000] {processor.py:829} INFO - Processing file /home/airflow/.local/lib/python3.8/site-packages/airflow/example_dags/example_short_circuit_operator.py for tasks to queue
[2023-10-10T08:50:53.768+0000] {logging_mixin.py:151} INFO - [2023-10-10T08:50:53.768+0000] {dagbag.py:539} INFO - Filling up the DagBag from /home/airflow/.local/lib/python3.8/site-packages/airflow/example_dags/example_short_circuit_operator.py
[2023-10-10T08:50:53.774+0000] {processor.py:839} INFO - DAG(s) dict_keys(['example_short_circuit_operator']) retrieved from /home/airflow/.local/lib/python3.8/site-packages/airflow/example_dags/example_short_circuit_operator.py
[2023-10-10T08:50:53.792+0000] {logging_mixin.py:151} INFO - [2023-10-10T08:50:53.791+0000] {dag.py:2915} INFO - Sync 1 DAGs
[2023-10-10T08:50:53.810+0000] {logging_mixin.py:151} INFO - [2023-10-10T08:50:53.809+0000] {dag.py:3696} INFO - Setting next_dagrun for example_short_circuit_operator to 2023-10-09T08:50:53.809807+00:00, run_after=2023-10-10T08:50:53.809807+00:00
[2023-10-10T08:50:53.822+0000] {processor.py:179} INFO - Processing /home/airflow/.local/lib/python3.8/site-packages/airflow/example_dags/example_short_circuit_operator.py took 0.058 seconds
[2023-10-10T08:51:24.144+0000] {processor.py:157} INFO - Started process (PID=224) to work on /home/airflow/.local/lib/python3.8/site-packages/airflow/example_dags/example_short_circuit_operator.py
[2023-10-10T08:51:24.145+0000] {processor.py:829} INFO - Processing file /home/airflow/.local/lib/python3.8/site-packages/airflow/example_dags/example_short_circuit_operator.py for tasks to queue
[2023-10-10T08:51:24.147+0000] {logging_mixin.py:151} INFO - [2023-10-10T08:51:24.147+0000] {dagbag.py:539} INFO - Filling up the DagBag from /home/airflow/.local/lib/python3.8/site-packages/airflow/example_dags/example_short_circuit_operator.py
[2023-10-10T08:51:24.152+0000] {processor.py:839} INFO - DAG(s) dict_keys(['example_short_circuit_operator']) retrieved from /home/airflow/.local/lib/python3.8/site-packages/airflow/example_dags/example_short_circuit_operator.py
[2023-10-10T08:51:24.168+0000] {logging_mixin.py:151} INFO - [2023-10-10T08:51:24.168+0000] {dag.py:2915} INFO - Sync 1 DAGs
[2023-10-10T08:51:24.181+0000] {logging_mixin.py:151} INFO - [2023-10-10T08:51:24.181+0000] {dag.py:3696} INFO - Setting next_dagrun for example_short_circuit_operator to 2023-10-09T08:51:24.181058+00:00, run_after=2023-10-10T08:51:24.181058+00:00
[2023-10-10T08:51:24.190+0000] {processor.py:179} INFO - Processing /home/airflow/.local/lib/python3.8/site-packages/airflow/example_dags/example_short_circuit_operator.py took 0.048 seconds
[2023-10-10T08:51:55.049+0000] {processor.py:157} INFO - Started process (PID=285) to work on /home/airflow/.local/lib/python3.8/site-packages/airflow/example_dags/example_short_circuit_operator.py
[2023-10-10T08:51:55.050+0000] {processor.py:829} INFO - Processing file /home/airflow/.local/lib/python3.8/site-packages/airflow/example_dags/example_short_circuit_operator.py for tasks to queue
[2023-10-10T08:51:55.052+0000] {logging_mixin.py:151} INFO - [2023-10-10T08:51:55.051+0000] {dagbag.py:539} INFO - Filling up the DagBag from /home/airflow/.local/lib/python3.8/site-packages/airflow/example_dags/example_short_circuit_operator.py
[2023-10-10T08:51:55.057+0000] {processor.py:839} INFO - DAG(s) dict_keys(['example_short_circuit_operator']) retrieved from /home/airflow/.local/lib/python3.8/site-packages/airflow/example_dags/example_short_circuit_operator.py
[2023-10-10T08:51:55.078+0000] {logging_mixin.py:151} INFO - [2023-10-10T08:51:55.078+0000] {dag.py:2915} INFO - Sync 1 DAGs
[2023-10-10T08:51:55.096+0000] {logging_mixin.py:151} INFO - [2023-10-10T08:51:55.096+0000] {dag.py:3696} INFO - Setting next_dagrun for example_short_circuit_operator to 2023-10-09T08:51:55.096265+00:00, run_after=2023-10-10T08:51:55.096265+00:00
[2023-10-10T08:51:55.111+0000] {processor.py:179} INFO - Processing /home/airflow/.local/lib/python3.8/site-packages/airflow/example_dags/example_short_circuit_operator.py took 0.066 seconds
[2023-10-10T08:52:25.410+0000] {processor.py:157} INFO - Started process (PID=346) to work on /home/airflow/.local/lib/python3.8/site-packages/airflow/example_dags/example_short_circuit_operator.py
[2023-10-10T08:52:25.411+0000] {processor.py:829} INFO - Processing file /home/airflow/.local/lib/python3.8/site-packages/airflow/example_dags/example_short_circuit_operator.py for tasks to queue
[2023-10-10T08:52:25.412+0000] {logging_mixin.py:151} INFO - [2023-10-10T08:52:25.412+0000] {dagbag.py:539} INFO - Filling up the DagBag from /home/airflow/.local/lib/python3.8/site-packages/airflow/example_dags/example_short_circuit_operator.py
[2023-10-10T08:52:25.418+0000] {processor.py:839} INFO - DAG(s) dict_keys(['example_short_circuit_operator']) retrieved from /home/airflow/.local/lib/python3.8/site-packages/airflow/example_dags/example_short_circuit_operator.py
[2023-10-10T08:52:25.439+0000] {logging_mixin.py:151} INFO - [2023-10-10T08:52:25.439+0000] {dag.py:2915} INFO - Sync 1 DAGs
[2023-10-10T08:52:25.458+0000] {logging_mixin.py:151} INFO - [2023-10-10T08:52:25.458+0000] {dag.py:3696} INFO - Setting next_dagrun for example_short_circuit_operator to 2023-10-09T08:52:25.458499+00:00, run_after=2023-10-10T08:52:25.458499+00:00
[2023-10-10T08:52:25.474+0000] {processor.py:179} INFO - Processing /home/airflow/.local/lib/python3.8/site-packages/airflow/example_dags/example_short_circuit_operator.py took 0.066 seconds
[2023-10-10T08:52:56.272+0000] {processor.py:157} INFO - Started process (PID=405) to work on /home/airflow/.local/lib/python3.8/site-packages/airflow/example_dags/example_short_circuit_operator.py
[2023-10-10T08:52:56.273+0000] {processor.py:829} INFO - Processing file /home/airflow/.local/lib/python3.8/site-packages/airflow/example_dags/example_short_circuit_operator.py for tasks to queue
[2023-10-10T08:52:56.275+0000] {logging_mixin.py:151} INFO - [2023-10-10T08:52:56.274+0000] {dagbag.py:539} INFO - Filling up the DagBag from /home/airflow/.local/lib/python3.8/site-packages/airflow/example_dags/example_short_circuit_operator.py
[2023-10-10T08:52:56.279+0000] {processor.py:839} INFO - DAG(s) dict_keys(['example_short_circuit_operator']) retrieved from /home/airflow/.local/lib/python3.8/site-packages/airflow/example_dags/example_short_circuit_operator.py
[2023-10-10T08:52:56.297+0000] {logging_mixin.py:151} INFO - [2023-10-10T08:52:56.296+0000] {dag.py:2915} INFO - Sync 1 DAGs
[2023-10-10T08:52:56.314+0000] {logging_mixin.py:151} INFO - [2023-10-10T08:52:56.314+0000] {dag.py:3696} INFO - Setting next_dagrun for example_short_circuit_operator to 2023-10-09T08:52:56.314151+00:00, run_after=2023-10-10T08:52:56.314151+00:00
[2023-10-10T08:52:56.324+0000] {processor.py:179} INFO - Processing /home/airflow/.local/lib/python3.8/site-packages/airflow/example_dags/example_short_circuit_operator.py took 0.054 seconds
[2023-10-10T08:53:26.708+0000] {processor.py:157} INFO - Started process (PID=466) to work on /home/airflow/.local/lib/python3.8/site-packages/airflow/example_dags/example_short_circuit_operator.py
[2023-10-10T08:53:26.709+0000] {processor.py:829} INFO - Processing file /home/airflow/.local/lib/python3.8/site-packages/airflow/example_dags/example_short_circuit_operator.py for tasks to queue
[2023-10-10T08:53:26.710+0000] {logging_mixin.py:151} INFO - [2023-10-10T08:53:26.710+0000] {dagbag.py:539} INFO - Filling up the DagBag from /home/airflow/.local/lib/python3.8/site-packages/airflow/example_dags/example_short_circuit_operator.py
[2023-10-10T08:53:26.714+0000] {processor.py:839} INFO - DAG(s) dict_keys(['example_short_circuit_operator']) retrieved from /home/airflow/.local/lib/python3.8/site-packages/airflow/example_dags/example_short_circuit_operator.py
[2023-10-10T08:53:26.730+0000] {logging_mixin.py:151} INFO - [2023-10-10T08:53:26.730+0000] {dag.py:2915} INFO - Sync 1 DAGs
[2023-10-10T08:53:26.743+0000] {logging_mixin.py:151} INFO - [2023-10-10T08:53:26.743+0000] {dag.py:3696} INFO - Setting next_dagrun for example_short_circuit_operator to 2023-10-09T08:53:26.743423+00:00, run_after=2023-10-10T08:53:26.743423+00:00
[2023-10-10T08:53:26.752+0000] {processor.py:179} INFO - Processing /home/airflow/.local/lib/python3.8/site-packages/airflow/example_dags/example_short_circuit_operator.py took 0.048 seconds
[2023-10-10T08:53:57.453+0000] {processor.py:157} INFO - Started process (PID=527) to work on /home/airflow/.local/lib/python3.8/site-packages/airflow/example_dags/example_short_circuit_operator.py
[2023-10-10T08:53:57.454+0000] {processor.py:829} INFO - Processing file /home/airflow/.local/lib/python3.8/site-packages/airflow/example_dags/example_short_circuit_operator.py for tasks to queue
[2023-10-10T08:53:57.456+0000] {logging_mixin.py:151} INFO - [2023-10-10T08:53:57.456+0000] {dagbag.py:539} INFO - Filling up the DagBag from /home/airflow/.local/lib/python3.8/site-packages/airflow/example_dags/example_short_circuit_operator.py
[2023-10-10T08:53:57.461+0000] {processor.py:839} INFO - DAG(s) dict_keys(['example_short_circuit_operator']) retrieved from /home/airflow/.local/lib/python3.8/site-packages/airflow/example_dags/example_short_circuit_operator.py
[2023-10-10T08:53:57.483+0000] {logging_mixin.py:151} INFO - [2023-10-10T08:53:57.482+0000] {dag.py:2915} INFO - Sync 1 DAGs
[2023-10-10T08:53:57.499+0000] {logging_mixin.py:151} INFO - [2023-10-10T08:53:57.499+0000] {dag.py:3696} INFO - Setting next_dagrun for example_short_circuit_operator to 2023-10-09T08:53:57.499096+00:00, run_after=2023-10-10T08:53:57.499096+00:00
[2023-10-10T08:53:57.510+0000] {processor.py:179} INFO - Processing /home/airflow/.local/lib/python3.8/site-packages/airflow/example_dags/example_short_circuit_operator.py took 0.059 seconds
[2023-10-10T08:54:28.136+0000] {processor.py:157} INFO - Started process (PID=588) to work on /home/airflow/.local/lib/python3.8/site-packages/airflow/example_dags/example_short_circuit_operator.py
[2023-10-10T08:54:28.138+0000] {processor.py:829} INFO - Processing file /home/airflow/.local/lib/python3.8/site-packages/airflow/example_dags/example_short_circuit_operator.py for tasks to queue
[2023-10-10T08:54:28.141+0000] {logging_mixin.py:151} INFO - [2023-10-10T08:54:28.141+0000] {dagbag.py:539} INFO - Filling up the DagBag from /home/airflow/.local/lib/python3.8/site-packages/airflow/example_dags/example_short_circuit_operator.py
[2023-10-10T08:54:28.155+0000] {processor.py:839} INFO - DAG(s) dict_keys(['example_short_circuit_operator']) retrieved from /home/airflow/.local/lib/python3.8/site-packages/airflow/example_dags/example_short_circuit_operator.py
[2023-10-10T08:54:28.187+0000] {logging_mixin.py:151} INFO - [2023-10-10T08:54:28.186+0000] {dag.py:2915} INFO - Sync 1 DAGs
[2023-10-10T08:54:28.230+0000] {logging_mixin.py:151} INFO - [2023-10-10T08:54:28.230+0000] {dag.py:3696} INFO - Setting next_dagrun for example_short_circuit_operator to 2023-10-09T08:54:28.229759+00:00, run_after=2023-10-10T08:54:28.229759+00:00
[2023-10-10T08:54:28.246+0000] {processor.py:179} INFO - Processing /home/airflow/.local/lib/python3.8/site-packages/airflow/example_dags/example_short_circuit_operator.py took 0.115 seconds
[2023-10-10T08:54:59.794+0000] {processor.py:157} INFO - Started process (PID=649) to work on /home/airflow/.local/lib/python3.8/site-packages/airflow/example_dags/example_short_circuit_operator.py
[2023-10-10T08:54:59.795+0000] {processor.py:829} INFO - Processing file /home/airflow/.local/lib/python3.8/site-packages/airflow/example_dags/example_short_circuit_operator.py for tasks to queue
[2023-10-10T08:54:59.797+0000] {logging_mixin.py:151} INFO - [2023-10-10T08:54:59.797+0000] {dagbag.py:539} INFO - Filling up the DagBag from /home/airflow/.local/lib/python3.8/site-packages/airflow/example_dags/example_short_circuit_operator.py
[2023-10-10T08:54:59.808+0000] {processor.py:839} INFO - DAG(s) dict_keys(['example_short_circuit_operator']) retrieved from /home/airflow/.local/lib/python3.8/site-packages/airflow/example_dags/example_short_circuit_operator.py
[2023-10-10T08:54:59.838+0000] {logging_mixin.py:151} INFO - [2023-10-10T08:54:59.838+0000] {dag.py:2915} INFO - Sync 1 DAGs
[2023-10-10T08:54:59.867+0000] {logging_mixin.py:151} INFO - [2023-10-10T08:54:59.867+0000] {dag.py:3696} INFO - Setting next_dagrun for example_short_circuit_operator to 2023-10-09T08:54:59.866869+00:00, run_after=2023-10-10T08:54:59.866869+00:00
[2023-10-10T08:54:59.890+0000] {processor.py:179} INFO - Processing /home/airflow/.local/lib/python3.8/site-packages/airflow/example_dags/example_short_circuit_operator.py took 0.100 seconds
[2023-10-10T08:55:30.121+0000] {processor.py:157} INFO - Started process (PID=710) to work on /home/airflow/.local/lib/python3.8/site-packages/airflow/example_dags/example_short_circuit_operator.py
[2023-10-10T08:55:30.122+0000] {processor.py:829} INFO - Processing file /home/airflow/.local/lib/python3.8/site-packages/airflow/example_dags/example_short_circuit_operator.py for tasks to queue
[2023-10-10T08:55:30.124+0000] {logging_mixin.py:151} INFO - [2023-10-10T08:55:30.124+0000] {dagbag.py:539} INFO - Filling up the DagBag from /home/airflow/.local/lib/python3.8/site-packages/airflow/example_dags/example_short_circuit_operator.py
[2023-10-10T08:55:30.130+0000] {processor.py:839} INFO - DAG(s) dict_keys(['example_short_circuit_operator']) retrieved from /home/airflow/.local/lib/python3.8/site-packages/airflow/example_dags/example_short_circuit_operator.py
[2023-10-10T08:55:30.159+0000] {logging_mixin.py:151} INFO - [2023-10-10T08:55:30.159+0000] {dag.py:2915} INFO - Sync 1 DAGs
[2023-10-10T08:55:30.195+0000] {logging_mixin.py:151} INFO - [2023-10-10T08:55:30.195+0000] {dag.py:3696} INFO - Setting next_dagrun for example_short_circuit_operator to 2023-10-09T08:55:30.195312+00:00, run_after=2023-10-10T08:55:30.195312+00:00
[2023-10-10T08:55:30.222+0000] {processor.py:179} INFO - Processing /home/airflow/.local/lib/python3.8/site-packages/airflow/example_dags/example_short_circuit_operator.py took 0.103 seconds
[2023-10-10T08:56:00.752+0000] {processor.py:157} INFO - Started process (PID=770) to work on /home/airflow/.local/lib/python3.8/site-packages/airflow/example_dags/example_short_circuit_operator.py
[2023-10-10T08:56:00.753+0000] {processor.py:829} INFO - Processing file /home/airflow/.local/lib/python3.8/site-packages/airflow/example_dags/example_short_circuit_operator.py for tasks to queue
[2023-10-10T08:56:00.754+0000] {logging_mixin.py:151} INFO - [2023-10-10T08:56:00.754+0000] {dagbag.py:539} INFO - Filling up the DagBag from /home/airflow/.local/lib/python3.8/site-packages/airflow/example_dags/example_short_circuit_operator.py
[2023-10-10T08:56:00.760+0000] {processor.py:839} INFO - DAG(s) dict_keys(['example_short_circuit_operator']) retrieved from /home/airflow/.local/lib/python3.8/site-packages/airflow/example_dags/example_short_circuit_operator.py
[2023-10-10T08:56:00.781+0000] {logging_mixin.py:151} INFO - [2023-10-10T08:56:00.781+0000] {dag.py:2915} INFO - Sync 1 DAGs
[2023-10-10T08:56:00.796+0000] {logging_mixin.py:151} INFO - [2023-10-10T08:56:00.796+0000] {dag.py:3696} INFO - Setting next_dagrun for example_short_circuit_operator to 2023-10-09T08:56:00.796390+00:00, run_after=2023-10-10T08:56:00.796390+00:00
[2023-10-10T08:56:00.809+0000] {processor.py:179} INFO - Processing /home/airflow/.local/lib/python3.8/site-packages/airflow/example_dags/example_short_circuit_operator.py took 0.060 seconds
[2023-10-10T08:56:30.900+0000] {processor.py:157} INFO - Started process (PID=831) to work on /home/airflow/.local/lib/python3.8/site-packages/airflow/example_dags/example_short_circuit_operator.py
[2023-10-10T08:56:30.901+0000] {processor.py:829} INFO - Processing file /home/airflow/.local/lib/python3.8/site-packages/airflow/example_dags/example_short_circuit_operator.py for tasks to queue
[2023-10-10T08:56:30.902+0000] {logging_mixin.py:151} INFO - [2023-10-10T08:56:30.902+0000] {dagbag.py:539} INFO - Filling up the DagBag from /home/airflow/.local/lib/python3.8/site-packages/airflow/example_dags/example_short_circuit_operator.py
[2023-10-10T08:56:30.906+0000] {processor.py:839} INFO - DAG(s) dict_keys(['example_short_circuit_operator']) retrieved from /home/airflow/.local/lib/python3.8/site-packages/airflow/example_dags/example_short_circuit_operator.py
[2023-10-10T08:56:30.922+0000] {logging_mixin.py:151} INFO - [2023-10-10T08:56:30.922+0000] {dag.py:2915} INFO - Sync 1 DAGs
[2023-10-10T08:56:30.935+0000] {logging_mixin.py:151} INFO - [2023-10-10T08:56:30.934+0000] {dag.py:3696} INFO - Setting next_dagrun for example_short_circuit_operator to 2023-10-09T08:56:30.934832+00:00, run_after=2023-10-10T08:56:30.934832+00:00
[2023-10-10T08:56:30.945+0000] {processor.py:179} INFO - Processing /home/airflow/.local/lib/python3.8/site-packages/airflow/example_dags/example_short_circuit_operator.py took 0.048 seconds
[2023-10-10T08:57:01.828+0000] {processor.py:157} INFO - Started process (PID=892) to work on /home/airflow/.local/lib/python3.8/site-packages/airflow/example_dags/example_short_circuit_operator.py
[2023-10-10T08:57:01.829+0000] {processor.py:829} INFO - Processing file /home/airflow/.local/lib/python3.8/site-packages/airflow/example_dags/example_short_circuit_operator.py for tasks to queue
[2023-10-10T08:57:01.831+0000] {logging_mixin.py:151} INFO - [2023-10-10T08:57:01.830+0000] {dagbag.py:539} INFO - Filling up the DagBag from /home/airflow/.local/lib/python3.8/site-packages/airflow/example_dags/example_short_circuit_operator.py
[2023-10-10T08:57:01.835+0000] {processor.py:839} INFO - DAG(s) dict_keys(['example_short_circuit_operator']) retrieved from /home/airflow/.local/lib/python3.8/site-packages/airflow/example_dags/example_short_circuit_operator.py
[2023-10-10T08:57:01.853+0000] {logging_mixin.py:151} INFO - [2023-10-10T08:57:01.853+0000] {dag.py:2915} INFO - Sync 1 DAGs
[2023-10-10T08:57:01.867+0000] {logging_mixin.py:151} INFO - [2023-10-10T08:57:01.867+0000] {dag.py:3696} INFO - Setting next_dagrun for example_short_circuit_operator to 2023-10-09T08:57:01.867068+00:00, run_after=2023-10-10T08:57:01.867068+00:00
[2023-10-10T08:57:01.878+0000] {processor.py:179} INFO - Processing /home/airflow/.local/lib/python3.8/site-packages/airflow/example_dags/example_short_circuit_operator.py took 0.052 seconds
[2023-10-10T08:57:32.772+0000] {processor.py:157} INFO - Started process (PID=953) to work on /home/airflow/.local/lib/python3.8/site-packages/airflow/example_dags/example_short_circuit_operator.py
[2023-10-10T08:57:32.773+0000] {processor.py:829} INFO - Processing file /home/airflow/.local/lib/python3.8/site-packages/airflow/example_dags/example_short_circuit_operator.py for tasks to queue
[2023-10-10T08:57:32.774+0000] {logging_mixin.py:151} INFO - [2023-10-10T08:57:32.774+0000] {dagbag.py:539} INFO - Filling up the DagBag from /home/airflow/.local/lib/python3.8/site-packages/airflow/example_dags/example_short_circuit_operator.py
[2023-10-10T08:57:32.779+0000] {processor.py:839} INFO - DAG(s) dict_keys(['example_short_circuit_operator']) retrieved from /home/airflow/.local/lib/python3.8/site-packages/airflow/example_dags/example_short_circuit_operator.py
[2023-10-10T08:57:32.795+0000] {logging_mixin.py:151} INFO - [2023-10-10T08:57:32.795+0000] {dag.py:2915} INFO - Sync 1 DAGs
[2023-10-10T08:57:32.810+0000] {logging_mixin.py:151} INFO - [2023-10-10T08:57:32.810+0000] {dag.py:3696} INFO - Setting next_dagrun for example_short_circuit_operator to 2023-10-09T08:57:32.809863+00:00, run_after=2023-10-10T08:57:32.809863+00:00
[2023-10-10T08:57:32.822+0000] {processor.py:179} INFO - Processing /home/airflow/.local/lib/python3.8/site-packages/airflow/example_dags/example_short_circuit_operator.py took 0.052 seconds
[2023-10-10T08:58:02.933+0000] {processor.py:157} INFO - Started process (PID=1014) to work on /home/airflow/.local/lib/python3.8/site-packages/airflow/example_dags/example_short_circuit_operator.py
[2023-10-10T08:58:02.934+0000] {processor.py:829} INFO - Processing file /home/airflow/.local/lib/python3.8/site-packages/airflow/example_dags/example_short_circuit_operator.py for tasks to queue
[2023-10-10T08:58:02.936+0000] {logging_mixin.py:151} INFO - [2023-10-10T08:58:02.936+0000] {dagbag.py:539} INFO - Filling up the DagBag from /home/airflow/.local/lib/python3.8/site-packages/airflow/example_dags/example_short_circuit_operator.py
[2023-10-10T08:58:02.946+0000] {processor.py:839} INFO - DAG(s) dict_keys(['example_short_circuit_operator']) retrieved from /home/airflow/.local/lib/python3.8/site-packages/airflow/example_dags/example_short_circuit_operator.py
[2023-10-10T08:58:02.968+0000] {logging_mixin.py:151} INFO - [2023-10-10T08:58:02.968+0000] {dag.py:2915} INFO - Sync 1 DAGs
[2023-10-10T08:58:02.983+0000] {logging_mixin.py:151} INFO - [2023-10-10T08:58:02.983+0000] {dag.py:3696} INFO - Setting next_dagrun for example_short_circuit_operator to 2023-10-09T08:58:02.983599+00:00, run_after=2023-10-10T08:58:02.983599+00:00
[2023-10-10T08:58:02.994+0000] {processor.py:179} INFO - Processing /home/airflow/.local/lib/python3.8/site-packages/airflow/example_dags/example_short_circuit_operator.py took 0.064 seconds
[2023-10-10T08:58:33.736+0000] {processor.py:157} INFO - Started process (PID=1075) to work on /home/airflow/.local/lib/python3.8/site-packages/airflow/example_dags/example_short_circuit_operator.py
[2023-10-10T08:58:33.738+0000] {processor.py:829} INFO - Processing file /home/airflow/.local/lib/python3.8/site-packages/airflow/example_dags/example_short_circuit_operator.py for tasks to queue
[2023-10-10T08:58:33.740+0000] {logging_mixin.py:151} INFO - [2023-10-10T08:58:33.740+0000] {dagbag.py:539} INFO - Filling up the DagBag from /home/airflow/.local/lib/python3.8/site-packages/airflow/example_dags/example_short_circuit_operator.py
[2023-10-10T08:58:33.748+0000] {processor.py:839} INFO - DAG(s) dict_keys(['example_short_circuit_operator']) retrieved from /home/airflow/.local/lib/python3.8/site-packages/airflow/example_dags/example_short_circuit_operator.py
[2023-10-10T08:58:33.777+0000] {logging_mixin.py:151} INFO - [2023-10-10T08:58:33.777+0000] {dag.py:2915} INFO - Sync 1 DAGs
[2023-10-10T08:58:33.799+0000] {logging_mixin.py:151} INFO - [2023-10-10T08:58:33.799+0000] {dag.py:3696} INFO - Setting next_dagrun for example_short_circuit_operator to 2023-10-09T08:58:33.799409+00:00, run_after=2023-10-10T08:58:33.799409+00:00
[2023-10-10T08:58:33.813+0000] {processor.py:179} INFO - Processing /home/airflow/.local/lib/python3.8/site-packages/airflow/example_dags/example_short_circuit_operator.py took 0.081 seconds
[2023-10-10T08:59:04.371+0000] {processor.py:157} INFO - Started process (PID=1136) to work on /home/airflow/.local/lib/python3.8/site-packages/airflow/example_dags/example_short_circuit_operator.py
[2023-10-10T08:59:04.372+0000] {processor.py:829} INFO - Processing file /home/airflow/.local/lib/python3.8/site-packages/airflow/example_dags/example_short_circuit_operator.py for tasks to queue
[2023-10-10T08:59:04.374+0000] {logging_mixin.py:151} INFO - [2023-10-10T08:59:04.373+0000] {dagbag.py:539} INFO - Filling up the DagBag from /home/airflow/.local/lib/python3.8/site-packages/airflow/example_dags/example_short_circuit_operator.py
[2023-10-10T08:59:04.378+0000] {processor.py:839} INFO - DAG(s) dict_keys(['example_short_circuit_operator']) retrieved from /home/airflow/.local/lib/python3.8/site-packages/airflow/example_dags/example_short_circuit_operator.py
[2023-10-10T08:59:04.400+0000] {logging_mixin.py:151} INFO - [2023-10-10T08:59:04.400+0000] {dag.py:2915} INFO - Sync 1 DAGs
[2023-10-10T08:59:04.442+0000] {logging_mixin.py:151} INFO - [2023-10-10T08:59:04.442+0000] {dag.py:3696} INFO - Setting next_dagrun for example_short_circuit_operator to 2023-10-09T08:59:04.441695+00:00, run_after=2023-10-10T08:59:04.441695+00:00
[2023-10-10T08:59:04.493+0000] {processor.py:179} INFO - Processing /home/airflow/.local/lib/python3.8/site-packages/airflow/example_dags/example_short_circuit_operator.py took 0.124 seconds
[2023-10-10T08:59:34.864+0000] {processor.py:157} INFO - Started process (PID=1197) to work on /home/airflow/.local/lib/python3.8/site-packages/airflow/example_dags/example_short_circuit_operator.py
[2023-10-10T08:59:34.865+0000] {processor.py:829} INFO - Processing file /home/airflow/.local/lib/python3.8/site-packages/airflow/example_dags/example_short_circuit_operator.py for tasks to queue
[2023-10-10T08:59:34.867+0000] {logging_mixin.py:151} INFO - [2023-10-10T08:59:34.866+0000] {dagbag.py:539} INFO - Filling up the DagBag from /home/airflow/.local/lib/python3.8/site-packages/airflow/example_dags/example_short_circuit_operator.py
[2023-10-10T08:59:34.871+0000] {processor.py:839} INFO - DAG(s) dict_keys(['example_short_circuit_operator']) retrieved from /home/airflow/.local/lib/python3.8/site-packages/airflow/example_dags/example_short_circuit_operator.py
[2023-10-10T08:59:34.891+0000] {logging_mixin.py:151} INFO - [2023-10-10T08:59:34.891+0000] {dag.py:2915} INFO - Sync 1 DAGs
[2023-10-10T08:59:34.906+0000] {logging_mixin.py:151} INFO - [2023-10-10T08:59:34.906+0000] {dag.py:3696} INFO - Setting next_dagrun for example_short_circuit_operator to 2023-10-09T08:59:34.906571+00:00, run_after=2023-10-10T08:59:34.906571+00:00
[2023-10-10T08:59:34.917+0000] {processor.py:179} INFO - Processing /home/airflow/.local/lib/python3.8/site-packages/airflow/example_dags/example_short_circuit_operator.py took 0.055 seconds
[2023-10-10T09:00:05.324+0000] {processor.py:157} INFO - Started process (PID=1258) to work on /home/airflow/.local/lib/python3.8/site-packages/airflow/example_dags/example_short_circuit_operator.py
[2023-10-10T09:00:05.325+0000] {processor.py:829} INFO - Processing file /home/airflow/.local/lib/python3.8/site-packages/airflow/example_dags/example_short_circuit_operator.py for tasks to queue
[2023-10-10T09:00:05.327+0000] {logging_mixin.py:151} INFO - [2023-10-10T09:00:05.327+0000] {dagbag.py:539} INFO - Filling up the DagBag from /home/airflow/.local/lib/python3.8/site-packages/airflow/example_dags/example_short_circuit_operator.py
[2023-10-10T09:00:05.332+0000] {processor.py:839} INFO - DAG(s) dict_keys(['example_short_circuit_operator']) retrieved from /home/airflow/.local/lib/python3.8/site-packages/airflow/example_dags/example_short_circuit_operator.py
[2023-10-10T09:00:05.350+0000] {logging_mixin.py:151} INFO - [2023-10-10T09:00:05.350+0000] {dag.py:2915} INFO - Sync 1 DAGs
[2023-10-10T09:00:05.363+0000] {logging_mixin.py:151} INFO - [2023-10-10T09:00:05.362+0000] {dag.py:3696} INFO - Setting next_dagrun for example_short_circuit_operator to 2023-10-09T09:00:05.362776+00:00, run_after=2023-10-10T09:00:05.362776+00:00
[2023-10-10T09:00:05.376+0000] {processor.py:179} INFO - Processing /home/airflow/.local/lib/python3.8/site-packages/airflow/example_dags/example_short_circuit_operator.py took 0.054 seconds
[2023-10-10T09:00:35.581+0000] {processor.py:157} INFO - Started process (PID=1319) to work on /home/airflow/.local/lib/python3.8/site-packages/airflow/example_dags/example_short_circuit_operator.py
[2023-10-10T09:00:35.582+0000] {processor.py:829} INFO - Processing file /home/airflow/.local/lib/python3.8/site-packages/airflow/example_dags/example_short_circuit_operator.py for tasks to queue
[2023-10-10T09:00:35.583+0000] {logging_mixin.py:151} INFO - [2023-10-10T09:00:35.583+0000] {dagbag.py:539} INFO - Filling up the DagBag from /home/airflow/.local/lib/python3.8/site-packages/airflow/example_dags/example_short_circuit_operator.py
[2023-10-10T09:00:35.588+0000] {processor.py:839} INFO - DAG(s) dict_keys(['example_short_circuit_operator']) retrieved from /home/airflow/.local/lib/python3.8/site-packages/airflow/example_dags/example_short_circuit_operator.py
[2023-10-10T09:00:35.604+0000] {logging_mixin.py:151} INFO - [2023-10-10T09:00:35.604+0000] {dag.py:2915} INFO - Sync 1 DAGs
[2023-10-10T09:00:35.617+0000] {logging_mixin.py:151} INFO - [2023-10-10T09:00:35.617+0000] {dag.py:3696} INFO - Setting next_dagrun for example_short_circuit_operator to 2023-10-09T09:00:35.617214+00:00, run_after=2023-10-10T09:00:35.617214+00:00
[2023-10-10T09:00:35.629+0000] {processor.py:179} INFO - Processing /home/airflow/.local/lib/python3.8/site-packages/airflow/example_dags/example_short_circuit_operator.py took 0.050 seconds
[2023-10-10T09:01:05.942+0000] {processor.py:157} INFO - Started process (PID=1380) to work on /home/airflow/.local/lib/python3.8/site-packages/airflow/example_dags/example_short_circuit_operator.py
[2023-10-10T09:01:05.943+0000] {processor.py:829} INFO - Processing file /home/airflow/.local/lib/python3.8/site-packages/airflow/example_dags/example_short_circuit_operator.py for tasks to queue
[2023-10-10T09:01:05.944+0000] {logging_mixin.py:151} INFO - [2023-10-10T09:01:05.944+0000] {dagbag.py:539} INFO - Filling up the DagBag from /home/airflow/.local/lib/python3.8/site-packages/airflow/example_dags/example_short_circuit_operator.py
[2023-10-10T09:01:05.948+0000] {processor.py:839} INFO - DAG(s) dict_keys(['example_short_circuit_operator']) retrieved from /home/airflow/.local/lib/python3.8/site-packages/airflow/example_dags/example_short_circuit_operator.py
[2023-10-10T09:01:05.965+0000] {logging_mixin.py:151} INFO - [2023-10-10T09:01:05.965+0000] {dag.py:2915} INFO - Sync 1 DAGs
[2023-10-10T09:01:05.978+0000] {logging_mixin.py:151} INFO - [2023-10-10T09:01:05.978+0000] {dag.py:3696} INFO - Setting next_dagrun for example_short_circuit_operator to 2023-10-09T09:01:05.978598+00:00, run_after=2023-10-10T09:01:05.978598+00:00
[2023-10-10T09:01:05.988+0000] {processor.py:179} INFO - Processing /home/airflow/.local/lib/python3.8/site-packages/airflow/example_dags/example_short_circuit_operator.py took 0.049 seconds
[2023-10-10T09:01:36.164+0000] {processor.py:157} INFO - Started process (PID=1441) to work on /home/airflow/.local/lib/python3.8/site-packages/airflow/example_dags/example_short_circuit_operator.py
[2023-10-10T09:01:36.166+0000] {processor.py:829} INFO - Processing file /home/airflow/.local/lib/python3.8/site-packages/airflow/example_dags/example_short_circuit_operator.py for tasks to queue
[2023-10-10T09:01:36.168+0000] {logging_mixin.py:151} INFO - [2023-10-10T09:01:36.167+0000] {dagbag.py:539} INFO - Filling up the DagBag from /home/airflow/.local/lib/python3.8/site-packages/airflow/example_dags/example_short_circuit_operator.py
[2023-10-10T09:01:36.174+0000] {processor.py:839} INFO - DAG(s) dict_keys(['example_short_circuit_operator']) retrieved from /home/airflow/.local/lib/python3.8/site-packages/airflow/example_dags/example_short_circuit_operator.py
[2023-10-10T09:01:36.192+0000] {logging_mixin.py:151} INFO - [2023-10-10T09:01:36.192+0000] {dag.py:2915} INFO - Sync 1 DAGs
[2023-10-10T09:01:36.208+0000] {logging_mixin.py:151} INFO - [2023-10-10T09:01:36.208+0000] {dag.py:3696} INFO - Setting next_dagrun for example_short_circuit_operator to 2023-10-09T09:01:36.208036+00:00, run_after=2023-10-10T09:01:36.208036+00:00
[2023-10-10T09:01:36.219+0000] {processor.py:179} INFO - Processing /home/airflow/.local/lib/python3.8/site-packages/airflow/example_dags/example_short_circuit_operator.py took 0.058 seconds
[2023-10-10T09:02:06.378+0000] {processor.py:157} INFO - Started process (PID=1502) to work on /home/airflow/.local/lib/python3.8/site-packages/airflow/example_dags/example_short_circuit_operator.py
[2023-10-10T09:02:06.379+0000] {processor.py:829} INFO - Processing file /home/airflow/.local/lib/python3.8/site-packages/airflow/example_dags/example_short_circuit_operator.py for tasks to queue
[2023-10-10T09:02:06.381+0000] {logging_mixin.py:151} INFO - [2023-10-10T09:02:06.380+0000] {dagbag.py:539} INFO - Filling up the DagBag from /home/airflow/.local/lib/python3.8/site-packages/airflow/example_dags/example_short_circuit_operator.py
[2023-10-10T09:02:06.386+0000] {processor.py:839} INFO - DAG(s) dict_keys(['example_short_circuit_operator']) retrieved from /home/airflow/.local/lib/python3.8/site-packages/airflow/example_dags/example_short_circuit_operator.py
[2023-10-10T09:02:06.403+0000] {logging_mixin.py:151} INFO - [2023-10-10T09:02:06.403+0000] {dag.py:2915} INFO - Sync 1 DAGs
[2023-10-10T09:02:06.426+0000] {logging_mixin.py:151} INFO - [2023-10-10T09:02:06.425+0000] {dag.py:3696} INFO - Setting next_dagrun for example_short_circuit_operator to 2023-10-09T09:02:06.425604+00:00, run_after=2023-10-10T09:02:06.425604+00:00
[2023-10-10T09:02:06.437+0000] {processor.py:179} INFO - Processing /home/airflow/.local/lib/python3.8/site-packages/airflow/example_dags/example_short_circuit_operator.py took 0.062 seconds
[2023-10-10T09:02:37.020+0000] {processor.py:157} INFO - Started process (PID=1563) to work on /home/airflow/.local/lib/python3.8/site-packages/airflow/example_dags/example_short_circuit_operator.py
[2023-10-10T09:02:37.021+0000] {processor.py:829} INFO - Processing file /home/airflow/.local/lib/python3.8/site-packages/airflow/example_dags/example_short_circuit_operator.py for tasks to queue
[2023-10-10T09:02:37.022+0000] {logging_mixin.py:151} INFO - [2023-10-10T09:02:37.022+0000] {dagbag.py:539} INFO - Filling up the DagBag from /home/airflow/.local/lib/python3.8/site-packages/airflow/example_dags/example_short_circuit_operator.py
[2023-10-10T09:02:37.027+0000] {processor.py:839} INFO - DAG(s) dict_keys(['example_short_circuit_operator']) retrieved from /home/airflow/.local/lib/python3.8/site-packages/airflow/example_dags/example_short_circuit_operator.py
[2023-10-10T09:02:37.043+0000] {logging_mixin.py:151} INFO - [2023-10-10T09:02:37.043+0000] {dag.py:2915} INFO - Sync 1 DAGs
[2023-10-10T09:02:37.058+0000] {logging_mixin.py:151} INFO - [2023-10-10T09:02:37.058+0000] {dag.py:3696} INFO - Setting next_dagrun for example_short_circuit_operator to 2023-10-09T09:02:37.057832+00:00, run_after=2023-10-10T09:02:37.057832+00:00
[2023-10-10T09:02:37.069+0000] {processor.py:179} INFO - Processing /home/airflow/.local/lib/python3.8/site-packages/airflow/example_dags/example_short_circuit_operator.py took 0.051 seconds
[2023-10-10T09:03:07.901+0000] {processor.py:157} INFO - Started process (PID=1624) to work on /home/airflow/.local/lib/python3.8/site-packages/airflow/example_dags/example_short_circuit_operator.py
[2023-10-10T09:03:07.902+0000] {processor.py:829} INFO - Processing file /home/airflow/.local/lib/python3.8/site-packages/airflow/example_dags/example_short_circuit_operator.py for tasks to queue
[2023-10-10T09:03:07.903+0000] {logging_mixin.py:151} INFO - [2023-10-10T09:03:07.903+0000] {dagbag.py:539} INFO - Filling up the DagBag from /home/airflow/.local/lib/python3.8/site-packages/airflow/example_dags/example_short_circuit_operator.py
[2023-10-10T09:03:07.908+0000] {processor.py:839} INFO - DAG(s) dict_keys(['example_short_circuit_operator']) retrieved from /home/airflow/.local/lib/python3.8/site-packages/airflow/example_dags/example_short_circuit_operator.py
[2023-10-10T09:03:07.925+0000] {logging_mixin.py:151} INFO - [2023-10-10T09:03:07.925+0000] {dag.py:2915} INFO - Sync 1 DAGs
[2023-10-10T09:03:07.940+0000] {logging_mixin.py:151} INFO - [2023-10-10T09:03:07.940+0000] {dag.py:3696} INFO - Setting next_dagrun for example_short_circuit_operator to 2023-10-09T09:03:07.940287+00:00, run_after=2023-10-10T09:03:07.940287+00:00
[2023-10-10T09:03:07.951+0000] {processor.py:179} INFO - Processing /home/airflow/.local/lib/python3.8/site-packages/airflow/example_dags/example_short_circuit_operator.py took 0.052 seconds
[2023-10-10T09:03:38.139+0000] {processor.py:157} INFO - Started process (PID=1685) to work on /home/airflow/.local/lib/python3.8/site-packages/airflow/example_dags/example_short_circuit_operator.py
[2023-10-10T09:03:38.140+0000] {processor.py:829} INFO - Processing file /home/airflow/.local/lib/python3.8/site-packages/airflow/example_dags/example_short_circuit_operator.py for tasks to queue
[2023-10-10T09:03:38.142+0000] {logging_mixin.py:151} INFO - [2023-10-10T09:03:38.142+0000] {dagbag.py:539} INFO - Filling up the DagBag from /home/airflow/.local/lib/python3.8/site-packages/airflow/example_dags/example_short_circuit_operator.py
[2023-10-10T09:03:38.146+0000] {processor.py:839} INFO - DAG(s) dict_keys(['example_short_circuit_operator']) retrieved from /home/airflow/.local/lib/python3.8/site-packages/airflow/example_dags/example_short_circuit_operator.py
[2023-10-10T09:03:38.167+0000] {logging_mixin.py:151} INFO - [2023-10-10T09:03:38.167+0000] {dag.py:2915} INFO - Sync 1 DAGs
[2023-10-10T09:03:38.185+0000] {logging_mixin.py:151} INFO - [2023-10-10T09:03:38.185+0000] {dag.py:3696} INFO - Setting next_dagrun for example_short_circuit_operator to 2023-10-09T09:03:38.184974+00:00, run_after=2023-10-10T09:03:38.184974+00:00
[2023-10-10T09:03:38.197+0000] {processor.py:179} INFO - Processing /home/airflow/.local/lib/python3.8/site-packages/airflow/example_dags/example_short_circuit_operator.py took 0.060 seconds
[2023-10-10T09:04:08.811+0000] {processor.py:157} INFO - Started process (PID=1745) to work on /home/airflow/.local/lib/python3.8/site-packages/airflow/example_dags/example_short_circuit_operator.py
[2023-10-10T09:04:08.811+0000] {processor.py:829} INFO - Processing file /home/airflow/.local/lib/python3.8/site-packages/airflow/example_dags/example_short_circuit_operator.py for tasks to queue
[2023-10-10T09:04:08.813+0000] {logging_mixin.py:151} INFO - [2023-10-10T09:04:08.813+0000] {dagbag.py:539} INFO - Filling up the DagBag from /home/airflow/.local/lib/python3.8/site-packages/airflow/example_dags/example_short_circuit_operator.py
[2023-10-10T09:04:08.818+0000] {processor.py:839} INFO - DAG(s) dict_keys(['example_short_circuit_operator']) retrieved from /home/airflow/.local/lib/python3.8/site-packages/airflow/example_dags/example_short_circuit_operator.py
[2023-10-10T09:04:08.843+0000] {logging_mixin.py:151} INFO - [2023-10-10T09:04:08.843+0000] {dag.py:2915} INFO - Sync 1 DAGs
[2023-10-10T09:04:08.858+0000] {logging_mixin.py:151} INFO - [2023-10-10T09:04:08.858+0000] {dag.py:3696} INFO - Setting next_dagrun for example_short_circuit_operator to 2023-10-09T09:04:08.858547+00:00, run_after=2023-10-10T09:04:08.858547+00:00
[2023-10-10T09:04:08.868+0000] {processor.py:179} INFO - Processing /home/airflow/.local/lib/python3.8/site-packages/airflow/example_dags/example_short_circuit_operator.py took 0.060 seconds
[2023-10-10T09:04:39.707+0000] {processor.py:157} INFO - Started process (PID=1806) to work on /home/airflow/.local/lib/python3.8/site-packages/airflow/example_dags/example_short_circuit_operator.py
[2023-10-10T09:04:39.708+0000] {processor.py:829} INFO - Processing file /home/airflow/.local/lib/python3.8/site-packages/airflow/example_dags/example_short_circuit_operator.py for tasks to queue
[2023-10-10T09:04:39.710+0000] {logging_mixin.py:151} INFO - [2023-10-10T09:04:39.709+0000] {dagbag.py:539} INFO - Filling up the DagBag from /home/airflow/.local/lib/python3.8/site-packages/airflow/example_dags/example_short_circuit_operator.py
[2023-10-10T09:04:39.714+0000] {processor.py:839} INFO - DAG(s) dict_keys(['example_short_circuit_operator']) retrieved from /home/airflow/.local/lib/python3.8/site-packages/airflow/example_dags/example_short_circuit_operator.py
[2023-10-10T09:04:39.732+0000] {logging_mixin.py:151} INFO - [2023-10-10T09:04:39.732+0000] {dag.py:2915} INFO - Sync 1 DAGs
[2023-10-10T09:04:39.748+0000] {logging_mixin.py:151} INFO - [2023-10-10T09:04:39.748+0000] {dag.py:3696} INFO - Setting next_dagrun for example_short_circuit_operator to 2023-10-09T09:04:39.747918+00:00, run_after=2023-10-10T09:04:39.747918+00:00
[2023-10-10T09:04:39.760+0000] {processor.py:179} INFO - Processing /home/airflow/.local/lib/python3.8/site-packages/airflow/example_dags/example_short_circuit_operator.py took 0.058 seconds
[2023-10-10T09:05:10.457+0000] {processor.py:157} INFO - Started process (PID=1866) to work on /home/airflow/.local/lib/python3.8/site-packages/airflow/example_dags/example_short_circuit_operator.py
[2023-10-10T09:05:10.459+0000] {processor.py:829} INFO - Processing file /home/airflow/.local/lib/python3.8/site-packages/airflow/example_dags/example_short_circuit_operator.py for tasks to queue
[2023-10-10T09:05:10.461+0000] {logging_mixin.py:151} INFO - [2023-10-10T09:05:10.461+0000] {dagbag.py:539} INFO - Filling up the DagBag from /home/airflow/.local/lib/python3.8/site-packages/airflow/example_dags/example_short_circuit_operator.py
[2023-10-10T09:05:10.467+0000] {processor.py:839} INFO - DAG(s) dict_keys(['example_short_circuit_operator']) retrieved from /home/airflow/.local/lib/python3.8/site-packages/airflow/example_dags/example_short_circuit_operator.py
[2023-10-10T09:05:10.488+0000] {logging_mixin.py:151} INFO - [2023-10-10T09:05:10.487+0000] {dag.py:2915} INFO - Sync 1 DAGs
[2023-10-10T09:05:10.510+0000] {logging_mixin.py:151} INFO - [2023-10-10T09:05:10.510+0000] {dag.py:3696} INFO - Setting next_dagrun for example_short_circuit_operator to 2023-10-09T09:05:10.510006+00:00, run_after=2023-10-10T09:05:10.510006+00:00
[2023-10-10T09:05:10.524+0000] {processor.py:179} INFO - Processing /home/airflow/.local/lib/python3.8/site-packages/airflow/example_dags/example_short_circuit_operator.py took 0.070 seconds
[2023-10-10T09:05:40.771+0000] {processor.py:157} INFO - Started process (PID=1920) to work on /home/airflow/.local/lib/python3.8/site-packages/airflow/example_dags/example_short_circuit_operator.py
[2023-10-10T09:05:40.772+0000] {processor.py:829} INFO - Processing file /home/airflow/.local/lib/python3.8/site-packages/airflow/example_dags/example_short_circuit_operator.py for tasks to queue
[2023-10-10T09:05:40.773+0000] {logging_mixin.py:151} INFO - [2023-10-10T09:05:40.773+0000] {dagbag.py:539} INFO - Filling up the DagBag from /home/airflow/.local/lib/python3.8/site-packages/airflow/example_dags/example_short_circuit_operator.py
[2023-10-10T09:05:40.777+0000] {processor.py:839} INFO - DAG(s) dict_keys(['example_short_circuit_operator']) retrieved from /home/airflow/.local/lib/python3.8/site-packages/airflow/example_dags/example_short_circuit_operator.py
[2023-10-10T09:05:40.793+0000] {logging_mixin.py:151} INFO - [2023-10-10T09:05:40.793+0000] {dag.py:2915} INFO - Sync 1 DAGs
[2023-10-10T09:05:40.808+0000] {logging_mixin.py:151} INFO - [2023-10-10T09:05:40.808+0000] {dag.py:3696} INFO - Setting next_dagrun for example_short_circuit_operator to 2023-10-09T09:05:40.808512+00:00, run_after=2023-10-10T09:05:40.808512+00:00
[2023-10-10T09:05:40.820+0000] {processor.py:179} INFO - Processing /home/airflow/.local/lib/python3.8/site-packages/airflow/example_dags/example_short_circuit_operator.py took 0.052 seconds
[2023-10-10T09:06:11.421+0000] {processor.py:157} INFO - Started process (PID=1981) to work on /home/airflow/.local/lib/python3.8/site-packages/airflow/example_dags/example_short_circuit_operator.py
[2023-10-10T09:06:11.423+0000] {processor.py:829} INFO - Processing file /home/airflow/.local/lib/python3.8/site-packages/airflow/example_dags/example_short_circuit_operator.py for tasks to queue
[2023-10-10T09:06:11.425+0000] {logging_mixin.py:151} INFO - [2023-10-10T09:06:11.424+0000] {dagbag.py:539} INFO - Filling up the DagBag from /home/airflow/.local/lib/python3.8/site-packages/airflow/example_dags/example_short_circuit_operator.py
[2023-10-10T09:06:11.429+0000] {processor.py:839} INFO - DAG(s) dict_keys(['example_short_circuit_operator']) retrieved from /home/airflow/.local/lib/python3.8/site-packages/airflow/example_dags/example_short_circuit_operator.py
[2023-10-10T09:06:11.446+0000] {logging_mixin.py:151} INFO - [2023-10-10T09:06:11.445+0000] {dag.py:2915} INFO - Sync 1 DAGs
[2023-10-10T09:06:11.462+0000] {logging_mixin.py:151} INFO - [2023-10-10T09:06:11.462+0000] {dag.py:3696} INFO - Setting next_dagrun for example_short_circuit_operator to 2023-10-09T09:06:11.462154+00:00, run_after=2023-10-10T09:06:11.462154+00:00
[2023-10-10T09:06:11.473+0000] {processor.py:179} INFO - Processing /home/airflow/.local/lib/python3.8/site-packages/airflow/example_dags/example_short_circuit_operator.py took 0.054 seconds
[2023-10-10T09:06:41.843+0000] {processor.py:157} INFO - Started process (PID=2042) to work on /home/airflow/.local/lib/python3.8/site-packages/airflow/example_dags/example_short_circuit_operator.py
[2023-10-10T09:06:41.844+0000] {processor.py:829} INFO - Processing file /home/airflow/.local/lib/python3.8/site-packages/airflow/example_dags/example_short_circuit_operator.py for tasks to queue
[2023-10-10T09:06:41.845+0000] {logging_mixin.py:151} INFO - [2023-10-10T09:06:41.845+0000] {dagbag.py:539} INFO - Filling up the DagBag from /home/airflow/.local/lib/python3.8/site-packages/airflow/example_dags/example_short_circuit_operator.py
[2023-10-10T09:06:41.850+0000] {processor.py:839} INFO - DAG(s) dict_keys(['example_short_circuit_operator']) retrieved from /home/airflow/.local/lib/python3.8/site-packages/airflow/example_dags/example_short_circuit_operator.py
[2023-10-10T09:06:41.866+0000] {logging_mixin.py:151} INFO - [2023-10-10T09:06:41.866+0000] {dag.py:2915} INFO - Sync 1 DAGs
[2023-10-10T09:06:41.879+0000] {logging_mixin.py:151} INFO - [2023-10-10T09:06:41.879+0000] {dag.py:3696} INFO - Setting next_dagrun for example_short_circuit_operator to 2023-10-09T09:06:41.879104+00:00, run_after=2023-10-10T09:06:41.879104+00:00
[2023-10-10T09:06:41.889+0000] {processor.py:179} INFO - Processing /home/airflow/.local/lib/python3.8/site-packages/airflow/example_dags/example_short_circuit_operator.py took 0.048 seconds
[2023-10-10T09:07:12.343+0000] {processor.py:157} INFO - Started process (PID=2103) to work on /home/airflow/.local/lib/python3.8/site-packages/airflow/example_dags/example_short_circuit_operator.py
[2023-10-10T09:07:12.344+0000] {processor.py:829} INFO - Processing file /home/airflow/.local/lib/python3.8/site-packages/airflow/example_dags/example_short_circuit_operator.py for tasks to queue
[2023-10-10T09:07:12.346+0000] {logging_mixin.py:151} INFO - [2023-10-10T09:07:12.346+0000] {dagbag.py:539} INFO - Filling up the DagBag from /home/airflow/.local/lib/python3.8/site-packages/airflow/example_dags/example_short_circuit_operator.py
[2023-10-10T09:07:12.353+0000] {processor.py:839} INFO - DAG(s) dict_keys(['example_short_circuit_operator']) retrieved from /home/airflow/.local/lib/python3.8/site-packages/airflow/example_dags/example_short_circuit_operator.py
[2023-10-10T09:07:12.370+0000] {logging_mixin.py:151} INFO - [2023-10-10T09:07:12.370+0000] {dag.py:2915} INFO - Sync 1 DAGs
[2023-10-10T09:07:12.385+0000] {logging_mixin.py:151} INFO - [2023-10-10T09:07:12.385+0000] {dag.py:3696} INFO - Setting next_dagrun for example_short_circuit_operator to 2023-10-09T09:07:12.385579+00:00, run_after=2023-10-10T09:07:12.385579+00:00
[2023-10-10T09:07:12.397+0000] {processor.py:179} INFO - Processing /home/airflow/.local/lib/python3.8/site-packages/airflow/example_dags/example_short_circuit_operator.py took 0.055 seconds
[2023-10-10T09:07:43.409+0000] {processor.py:157} INFO - Started process (PID=2171) to work on /home/airflow/.local/lib/python3.8/site-packages/airflow/example_dags/example_short_circuit_operator.py
[2023-10-10T09:07:43.414+0000] {processor.py:829} INFO - Processing file /home/airflow/.local/lib/python3.8/site-packages/airflow/example_dags/example_short_circuit_operator.py for tasks to queue
[2023-10-10T09:07:43.422+0000] {logging_mixin.py:151} INFO - [2023-10-10T09:07:43.421+0000] {dagbag.py:539} INFO - Filling up the DagBag from /home/airflow/.local/lib/python3.8/site-packages/airflow/example_dags/example_short_circuit_operator.py
[2023-10-10T09:07:43.429+0000] {processor.py:839} INFO - DAG(s) dict_keys(['example_short_circuit_operator']) retrieved from /home/airflow/.local/lib/python3.8/site-packages/airflow/example_dags/example_short_circuit_operator.py
[2023-10-10T09:07:43.456+0000] {logging_mixin.py:151} INFO - [2023-10-10T09:07:43.456+0000] {dag.py:2915} INFO - Sync 1 DAGs
[2023-10-10T09:07:43.483+0000] {logging_mixin.py:151} INFO - [2023-10-10T09:07:43.483+0000] {dag.py:3696} INFO - Setting next_dagrun for example_short_circuit_operator to 2023-10-09T09:07:43.482795+00:00, run_after=2023-10-10T09:07:43.482795+00:00
[2023-10-10T09:07:43.508+0000] {processor.py:179} INFO - Processing /home/airflow/.local/lib/python3.8/site-packages/airflow/example_dags/example_short_circuit_operator.py took 0.111 seconds
[2023-10-10T09:08:14.177+0000] {processor.py:157} INFO - Started process (PID=2232) to work on /home/airflow/.local/lib/python3.8/site-packages/airflow/example_dags/example_short_circuit_operator.py
[2023-10-10T09:08:14.178+0000] {processor.py:829} INFO - Processing file /home/airflow/.local/lib/python3.8/site-packages/airflow/example_dags/example_short_circuit_operator.py for tasks to queue
[2023-10-10T09:08:14.180+0000] {logging_mixin.py:151} INFO - [2023-10-10T09:08:14.179+0000] {dagbag.py:539} INFO - Filling up the DagBag from /home/airflow/.local/lib/python3.8/site-packages/airflow/example_dags/example_short_circuit_operator.py
[2023-10-10T09:08:14.184+0000] {processor.py:839} INFO - DAG(s) dict_keys(['example_short_circuit_operator']) retrieved from /home/airflow/.local/lib/python3.8/site-packages/airflow/example_dags/example_short_circuit_operator.py
[2023-10-10T09:08:14.201+0000] {logging_mixin.py:151} INFO - [2023-10-10T09:08:14.200+0000] {dag.py:2915} INFO - Sync 1 DAGs
[2023-10-10T09:08:14.216+0000] {logging_mixin.py:151} INFO - [2023-10-10T09:08:14.216+0000] {dag.py:3696} INFO - Setting next_dagrun for example_short_circuit_operator to 2023-10-09T09:08:14.216683+00:00, run_after=2023-10-10T09:08:14.216683+00:00
[2023-10-10T09:08:14.231+0000] {processor.py:179} INFO - Processing /home/airflow/.local/lib/python3.8/site-packages/airflow/example_dags/example_short_circuit_operator.py took 0.056 seconds
[2023-10-10T09:08:44.755+0000] {processor.py:157} INFO - Started process (PID=2293) to work on /home/airflow/.local/lib/python3.8/site-packages/airflow/example_dags/example_short_circuit_operator.py
[2023-10-10T09:08:44.756+0000] {processor.py:829} INFO - Processing file /home/airflow/.local/lib/python3.8/site-packages/airflow/example_dags/example_short_circuit_operator.py for tasks to queue
[2023-10-10T09:08:44.758+0000] {logging_mixin.py:151} INFO - [2023-10-10T09:08:44.758+0000] {dagbag.py:539} INFO - Filling up the DagBag from /home/airflow/.local/lib/python3.8/site-packages/airflow/example_dags/example_short_circuit_operator.py
[2023-10-10T09:08:44.764+0000] {processor.py:839} INFO - DAG(s) dict_keys(['example_short_circuit_operator']) retrieved from /home/airflow/.local/lib/python3.8/site-packages/airflow/example_dags/example_short_circuit_operator.py
[2023-10-10T09:08:44.785+0000] {logging_mixin.py:151} INFO - [2023-10-10T09:08:44.784+0000] {dag.py:2915} INFO - Sync 1 DAGs
[2023-10-10T09:08:44.800+0000] {logging_mixin.py:151} INFO - [2023-10-10T09:08:44.800+0000] {dag.py:3696} INFO - Setting next_dagrun for example_short_circuit_operator to 2023-10-09T09:08:44.799960+00:00, run_after=2023-10-10T09:08:44.799960+00:00
[2023-10-10T09:08:44.809+0000] {processor.py:179} INFO - Processing /home/airflow/.local/lib/python3.8/site-packages/airflow/example_dags/example_short_circuit_operator.py took 0.056 seconds
[2023-10-10T09:09:15.278+0000] {processor.py:157} INFO - Started process (PID=2354) to work on /home/airflow/.local/lib/python3.8/site-packages/airflow/example_dags/example_short_circuit_operator.py
[2023-10-10T09:09:15.279+0000] {processor.py:829} INFO - Processing file /home/airflow/.local/lib/python3.8/site-packages/airflow/example_dags/example_short_circuit_operator.py for tasks to queue
[2023-10-10T09:09:15.280+0000] {logging_mixin.py:151} INFO - [2023-10-10T09:09:15.280+0000] {dagbag.py:539} INFO - Filling up the DagBag from /home/airflow/.local/lib/python3.8/site-packages/airflow/example_dags/example_short_circuit_operator.py
[2023-10-10T09:09:15.285+0000] {processor.py:839} INFO - DAG(s) dict_keys(['example_short_circuit_operator']) retrieved from /home/airflow/.local/lib/python3.8/site-packages/airflow/example_dags/example_short_circuit_operator.py
[2023-10-10T09:09:15.301+0000] {logging_mixin.py:151} INFO - [2023-10-10T09:09:15.301+0000] {dag.py:2915} INFO - Sync 1 DAGs
[2023-10-10T09:09:15.314+0000] {logging_mixin.py:151} INFO - [2023-10-10T09:09:15.314+0000] {dag.py:3696} INFO - Setting next_dagrun for example_short_circuit_operator to 2023-10-09T09:09:15.314264+00:00, run_after=2023-10-10T09:09:15.314264+00:00
[2023-10-10T09:09:15.324+0000] {processor.py:179} INFO - Processing /home/airflow/.local/lib/python3.8/site-packages/airflow/example_dags/example_short_circuit_operator.py took 0.049 seconds
[2023-10-10T09:09:45.992+0000] {processor.py:157} INFO - Started process (PID=2415) to work on /home/airflow/.local/lib/python3.8/site-packages/airflow/example_dags/example_short_circuit_operator.py
[2023-10-10T09:09:45.993+0000] {processor.py:829} INFO - Processing file /home/airflow/.local/lib/python3.8/site-packages/airflow/example_dags/example_short_circuit_operator.py for tasks to queue
[2023-10-10T09:09:45.994+0000] {logging_mixin.py:151} INFO - [2023-10-10T09:09:45.994+0000] {dagbag.py:539} INFO - Filling up the DagBag from /home/airflow/.local/lib/python3.8/site-packages/airflow/example_dags/example_short_circuit_operator.py
[2023-10-10T09:09:45.999+0000] {processor.py:839} INFO - DAG(s) dict_keys(['example_short_circuit_operator']) retrieved from /home/airflow/.local/lib/python3.8/site-packages/airflow/example_dags/example_short_circuit_operator.py
[2023-10-10T09:09:46.019+0000] {logging_mixin.py:151} INFO - [2023-10-10T09:09:46.019+0000] {dag.py:2915} INFO - Sync 1 DAGs
[2023-10-10T09:09:46.034+0000] {logging_mixin.py:151} INFO - [2023-10-10T09:09:46.034+0000] {dag.py:3696} INFO - Setting next_dagrun for example_short_circuit_operator to 2023-10-09T09:09:46.034579+00:00, run_after=2023-10-10T09:09:46.034579+00:00
[2023-10-10T09:09:46.047+0000] {processor.py:179} INFO - Processing /home/airflow/.local/lib/python3.8/site-packages/airflow/example_dags/example_short_circuit_operator.py took 0.057 seconds
[2023-10-10T09:10:16.342+0000] {processor.py:157} INFO - Started process (PID=2476) to work on /home/airflow/.local/lib/python3.8/site-packages/airflow/example_dags/example_short_circuit_operator.py
[2023-10-10T09:10:16.343+0000] {processor.py:829} INFO - Processing file /home/airflow/.local/lib/python3.8/site-packages/airflow/example_dags/example_short_circuit_operator.py for tasks to queue
[2023-10-10T09:10:16.345+0000] {logging_mixin.py:151} INFO - [2023-10-10T09:10:16.345+0000] {dagbag.py:539} INFO - Filling up the DagBag from /home/airflow/.local/lib/python3.8/site-packages/airflow/example_dags/example_short_circuit_operator.py
[2023-10-10T09:10:16.352+0000] {processor.py:839} INFO - DAG(s) dict_keys(['example_short_circuit_operator']) retrieved from /home/airflow/.local/lib/python3.8/site-packages/airflow/example_dags/example_short_circuit_operator.py
[2023-10-10T09:10:16.383+0000] {logging_mixin.py:151} INFO - [2023-10-10T09:10:16.383+0000] {dag.py:2915} INFO - Sync 1 DAGs
[2023-10-10T09:10:16.402+0000] {logging_mixin.py:151} INFO - [2023-10-10T09:10:16.402+0000] {dag.py:3696} INFO - Setting next_dagrun for example_short_circuit_operator to 2023-10-09T09:10:16.402437+00:00, run_after=2023-10-10T09:10:16.402437+00:00
[2023-10-10T09:10:16.432+0000] {processor.py:179} INFO - Processing /home/airflow/.local/lib/python3.8/site-packages/airflow/example_dags/example_short_circuit_operator.py took 0.093 seconds
[2023-10-10T09:10:47.227+0000] {processor.py:157} INFO - Started process (PID=2537) to work on /home/airflow/.local/lib/python3.8/site-packages/airflow/example_dags/example_short_circuit_operator.py
[2023-10-10T09:10:47.228+0000] {processor.py:829} INFO - Processing file /home/airflow/.local/lib/python3.8/site-packages/airflow/example_dags/example_short_circuit_operator.py for tasks to queue
[2023-10-10T09:10:47.230+0000] {logging_mixin.py:151} INFO - [2023-10-10T09:10:47.230+0000] {dagbag.py:539} INFO - Filling up the DagBag from /home/airflow/.local/lib/python3.8/site-packages/airflow/example_dags/example_short_circuit_operator.py
[2023-10-10T09:10:47.236+0000] {processor.py:839} INFO - DAG(s) dict_keys(['example_short_circuit_operator']) retrieved from /home/airflow/.local/lib/python3.8/site-packages/airflow/example_dags/example_short_circuit_operator.py
[2023-10-10T09:10:47.261+0000] {logging_mixin.py:151} INFO - [2023-10-10T09:10:47.261+0000] {dag.py:2915} INFO - Sync 1 DAGs
[2023-10-10T09:10:47.280+0000] {logging_mixin.py:151} INFO - [2023-10-10T09:10:47.280+0000] {dag.py:3696} INFO - Setting next_dagrun for example_short_circuit_operator to 2023-10-09T09:10:47.280305+00:00, run_after=2023-10-10T09:10:47.280305+00:00
[2023-10-10T09:10:47.305+0000] {processor.py:179} INFO - Processing /home/airflow/.local/lib/python3.8/site-packages/airflow/example_dags/example_short_circuit_operator.py took 0.082 seconds
[2023-10-10T09:11:17.900+0000] {processor.py:157} INFO - Started process (PID=2597) to work on /home/airflow/.local/lib/python3.8/site-packages/airflow/example_dags/example_short_circuit_operator.py
[2023-10-10T09:11:17.901+0000] {processor.py:829} INFO - Processing file /home/airflow/.local/lib/python3.8/site-packages/airflow/example_dags/example_short_circuit_operator.py for tasks to queue
[2023-10-10T09:11:17.904+0000] {logging_mixin.py:151} INFO - [2023-10-10T09:11:17.904+0000] {dagbag.py:539} INFO - Filling up the DagBag from /home/airflow/.local/lib/python3.8/site-packages/airflow/example_dags/example_short_circuit_operator.py
[2023-10-10T09:11:17.914+0000] {processor.py:839} INFO - DAG(s) dict_keys(['example_short_circuit_operator']) retrieved from /home/airflow/.local/lib/python3.8/site-packages/airflow/example_dags/example_short_circuit_operator.py
[2023-10-10T09:11:17.939+0000] {logging_mixin.py:151} INFO - [2023-10-10T09:11:17.939+0000] {dag.py:2915} INFO - Sync 1 DAGs
[2023-10-10T09:11:17.957+0000] {logging_mixin.py:151} INFO - [2023-10-10T09:11:17.957+0000] {dag.py:3696} INFO - Setting next_dagrun for example_short_circuit_operator to 2023-10-09T09:11:17.957218+00:00, run_after=2023-10-10T09:11:17.957218+00:00
[2023-10-10T09:11:17.969+0000] {processor.py:179} INFO - Processing /home/airflow/.local/lib/python3.8/site-packages/airflow/example_dags/example_short_circuit_operator.py took 0.075 seconds
[2023-10-10T09:11:48.293+0000] {processor.py:157} INFO - Started process (PID=2658) to work on /home/airflow/.local/lib/python3.8/site-packages/airflow/example_dags/example_short_circuit_operator.py
[2023-10-10T09:11:48.295+0000] {processor.py:829} INFO - Processing file /home/airflow/.local/lib/python3.8/site-packages/airflow/example_dags/example_short_circuit_operator.py for tasks to queue
[2023-10-10T09:11:48.301+0000] {logging_mixin.py:151} INFO - [2023-10-10T09:11:48.301+0000] {dagbag.py:539} INFO - Filling up the DagBag from /home/airflow/.local/lib/python3.8/site-packages/airflow/example_dags/example_short_circuit_operator.py
[2023-10-10T09:11:48.309+0000] {processor.py:839} INFO - DAG(s) dict_keys(['example_short_circuit_operator']) retrieved from /home/airflow/.local/lib/python3.8/site-packages/airflow/example_dags/example_short_circuit_operator.py
[2023-10-10T09:11:48.349+0000] {logging_mixin.py:151} INFO - [2023-10-10T09:11:48.349+0000] {dag.py:2915} INFO - Sync 1 DAGs
[2023-10-10T09:11:48.382+0000] {logging_mixin.py:151} INFO - [2023-10-10T09:11:48.382+0000] {dag.py:3696} INFO - Setting next_dagrun for example_short_circuit_operator to 2023-10-09T09:11:48.382431+00:00, run_after=2023-10-10T09:11:48.382431+00:00
[2023-10-10T09:11:48.401+0000] {processor.py:179} INFO - Processing /home/airflow/.local/lib/python3.8/site-packages/airflow/example_dags/example_short_circuit_operator.py took 0.112 seconds
[2023-10-10T09:12:19.190+0000] {processor.py:157} INFO - Started process (PID=2719) to work on /home/airflow/.local/lib/python3.8/site-packages/airflow/example_dags/example_short_circuit_operator.py
[2023-10-10T09:12:19.193+0000] {processor.py:829} INFO - Processing file /home/airflow/.local/lib/python3.8/site-packages/airflow/example_dags/example_short_circuit_operator.py for tasks to queue
[2023-10-10T09:12:19.196+0000] {logging_mixin.py:151} INFO - [2023-10-10T09:12:19.196+0000] {dagbag.py:539} INFO - Filling up the DagBag from /home/airflow/.local/lib/python3.8/site-packages/airflow/example_dags/example_short_circuit_operator.py
[2023-10-10T09:12:19.203+0000] {processor.py:839} INFO - DAG(s) dict_keys(['example_short_circuit_operator']) retrieved from /home/airflow/.local/lib/python3.8/site-packages/airflow/example_dags/example_short_circuit_operator.py
[2023-10-10T09:12:19.228+0000] {logging_mixin.py:151} INFO - [2023-10-10T09:12:19.228+0000] {dag.py:2915} INFO - Sync 1 DAGs
[2023-10-10T09:12:19.248+0000] {logging_mixin.py:151} INFO - [2023-10-10T09:12:19.248+0000] {dag.py:3696} INFO - Setting next_dagrun for example_short_circuit_operator to 2023-10-09T09:12:19.248279+00:00, run_after=2023-10-10T09:12:19.248279+00:00
[2023-10-10T09:12:19.265+0000] {processor.py:179} INFO - Processing /home/airflow/.local/lib/python3.8/site-packages/airflow/example_dags/example_short_circuit_operator.py took 0.078 seconds
[2023-10-10T09:12:49.660+0000] {processor.py:157} INFO - Started process (PID=2780) to work on /home/airflow/.local/lib/python3.8/site-packages/airflow/example_dags/example_short_circuit_operator.py
[2023-10-10T09:12:49.662+0000] {processor.py:829} INFO - Processing file /home/airflow/.local/lib/python3.8/site-packages/airflow/example_dags/example_short_circuit_operator.py for tasks to queue
[2023-10-10T09:12:49.666+0000] {logging_mixin.py:151} INFO - [2023-10-10T09:12:49.665+0000] {dagbag.py:539} INFO - Filling up the DagBag from /home/airflow/.local/lib/python3.8/site-packages/airflow/example_dags/example_short_circuit_operator.py
[2023-10-10T09:12:49.675+0000] {processor.py:839} INFO - DAG(s) dict_keys(['example_short_circuit_operator']) retrieved from /home/airflow/.local/lib/python3.8/site-packages/airflow/example_dags/example_short_circuit_operator.py
[2023-10-10T09:12:49.703+0000] {logging_mixin.py:151} INFO - [2023-10-10T09:12:49.702+0000] {dag.py:2915} INFO - Sync 1 DAGs
[2023-10-10T09:12:49.719+0000] {logging_mixin.py:151} INFO - [2023-10-10T09:12:49.719+0000] {dag.py:3696} INFO - Setting next_dagrun for example_short_circuit_operator to 2023-10-09T09:12:49.719341+00:00, run_after=2023-10-10T09:12:49.719341+00:00
[2023-10-10T09:12:49.731+0000] {processor.py:179} INFO - Processing /home/airflow/.local/lib/python3.8/site-packages/airflow/example_dags/example_short_circuit_operator.py took 0.077 seconds
[2023-10-10T09:13:20.594+0000] {processor.py:157} INFO - Started process (PID=2841) to work on /home/airflow/.local/lib/python3.8/site-packages/airflow/example_dags/example_short_circuit_operator.py
[2023-10-10T09:13:20.596+0000] {processor.py:829} INFO - Processing file /home/airflow/.local/lib/python3.8/site-packages/airflow/example_dags/example_short_circuit_operator.py for tasks to queue
[2023-10-10T09:13:20.598+0000] {logging_mixin.py:151} INFO - [2023-10-10T09:13:20.597+0000] {dagbag.py:539} INFO - Filling up the DagBag from /home/airflow/.local/lib/python3.8/site-packages/airflow/example_dags/example_short_circuit_operator.py
[2023-10-10T09:13:20.605+0000] {processor.py:839} INFO - DAG(s) dict_keys(['example_short_circuit_operator']) retrieved from /home/airflow/.local/lib/python3.8/site-packages/airflow/example_dags/example_short_circuit_operator.py
[2023-10-10T09:13:20.628+0000] {logging_mixin.py:151} INFO - [2023-10-10T09:13:20.628+0000] {dag.py:2915} INFO - Sync 1 DAGs
[2023-10-10T09:13:20.644+0000] {logging_mixin.py:151} INFO - [2023-10-10T09:13:20.644+0000] {dag.py:3696} INFO - Setting next_dagrun for example_short_circuit_operator to 2023-10-09T09:13:20.644324+00:00, run_after=2023-10-10T09:13:20.644324+00:00
[2023-10-10T09:13:20.655+0000] {processor.py:179} INFO - Processing /home/airflow/.local/lib/python3.8/site-packages/airflow/example_dags/example_short_circuit_operator.py took 0.064 seconds
[2023-10-10T09:13:51.077+0000] {processor.py:157} INFO - Started process (PID=2902) to work on /home/airflow/.local/lib/python3.8/site-packages/airflow/example_dags/example_short_circuit_operator.py
[2023-10-10T09:13:51.079+0000] {processor.py:829} INFO - Processing file /home/airflow/.local/lib/python3.8/site-packages/airflow/example_dags/example_short_circuit_operator.py for tasks to queue
[2023-10-10T09:13:51.081+0000] {logging_mixin.py:151} INFO - [2023-10-10T09:13:51.081+0000] {dagbag.py:539} INFO - Filling up the DagBag from /home/airflow/.local/lib/python3.8/site-packages/airflow/example_dags/example_short_circuit_operator.py
[2023-10-10T09:13:51.090+0000] {processor.py:839} INFO - DAG(s) dict_keys(['example_short_circuit_operator']) retrieved from /home/airflow/.local/lib/python3.8/site-packages/airflow/example_dags/example_short_circuit_operator.py
[2023-10-10T09:13:51.117+0000] {logging_mixin.py:151} INFO - [2023-10-10T09:13:51.117+0000] {dag.py:2915} INFO - Sync 1 DAGs
[2023-10-10T09:13:51.132+0000] {logging_mixin.py:151} INFO - [2023-10-10T09:13:51.132+0000] {dag.py:3696} INFO - Setting next_dagrun for example_short_circuit_operator to 2023-10-09T09:13:51.132663+00:00, run_after=2023-10-10T09:13:51.132663+00:00
[2023-10-10T09:13:51.145+0000] {processor.py:179} INFO - Processing /home/airflow/.local/lib/python3.8/site-packages/airflow/example_dags/example_short_circuit_operator.py took 0.073 seconds
[2023-10-10T09:14:21.836+0000] {processor.py:157} INFO - Started process (PID=2963) to work on /home/airflow/.local/lib/python3.8/site-packages/airflow/example_dags/example_short_circuit_operator.py
[2023-10-10T09:14:21.837+0000] {processor.py:829} INFO - Processing file /home/airflow/.local/lib/python3.8/site-packages/airflow/example_dags/example_short_circuit_operator.py for tasks to queue
[2023-10-10T09:14:21.842+0000] {logging_mixin.py:151} INFO - [2023-10-10T09:14:21.841+0000] {dagbag.py:539} INFO - Filling up the DagBag from /home/airflow/.local/lib/python3.8/site-packages/airflow/example_dags/example_short_circuit_operator.py
[2023-10-10T09:14:21.853+0000] {processor.py:839} INFO - DAG(s) dict_keys(['example_short_circuit_operator']) retrieved from /home/airflow/.local/lib/python3.8/site-packages/airflow/example_dags/example_short_circuit_operator.py
[2023-10-10T09:14:21.898+0000] {logging_mixin.py:151} INFO - [2023-10-10T09:14:21.898+0000] {dag.py:2915} INFO - Sync 1 DAGs
[2023-10-10T09:14:21.924+0000] {logging_mixin.py:151} INFO - [2023-10-10T09:14:21.924+0000] {dag.py:3696} INFO - Setting next_dagrun for example_short_circuit_operator to 2023-10-09T09:14:21.924057+00:00, run_after=2023-10-10T09:14:21.924057+00:00
[2023-10-10T09:14:21.945+0000] {processor.py:179} INFO - Processing /home/airflow/.local/lib/python3.8/site-packages/airflow/example_dags/example_short_circuit_operator.py took 0.121 seconds
[2023-10-10T09:14:52.370+0000] {processor.py:157} INFO - Started process (PID=3024) to work on /home/airflow/.local/lib/python3.8/site-packages/airflow/example_dags/example_short_circuit_operator.py
[2023-10-10T09:14:52.371+0000] {processor.py:829} INFO - Processing file /home/airflow/.local/lib/python3.8/site-packages/airflow/example_dags/example_short_circuit_operator.py for tasks to queue
[2023-10-10T09:14:52.374+0000] {logging_mixin.py:151} INFO - [2023-10-10T09:14:52.374+0000] {dagbag.py:539} INFO - Filling up the DagBag from /home/airflow/.local/lib/python3.8/site-packages/airflow/example_dags/example_short_circuit_operator.py
[2023-10-10T09:14:52.381+0000] {processor.py:839} INFO - DAG(s) dict_keys(['example_short_circuit_operator']) retrieved from /home/airflow/.local/lib/python3.8/site-packages/airflow/example_dags/example_short_circuit_operator.py
[2023-10-10T09:14:52.412+0000] {logging_mixin.py:151} INFO - [2023-10-10T09:14:52.412+0000] {dag.py:2915} INFO - Sync 1 DAGs
[2023-10-10T09:14:52.433+0000] {logging_mixin.py:151} INFO - [2023-10-10T09:14:52.432+0000] {dag.py:3696} INFO - Setting next_dagrun for example_short_circuit_operator to 2023-10-09T09:14:52.432699+00:00, run_after=2023-10-10T09:14:52.432699+00:00
[2023-10-10T09:14:52.451+0000] {processor.py:179} INFO - Processing /home/airflow/.local/lib/python3.8/site-packages/airflow/example_dags/example_short_circuit_operator.py took 0.087 seconds
[2023-10-10T09:15:22.729+0000] {processor.py:157} INFO - Started process (PID=3085) to work on /home/airflow/.local/lib/python3.8/site-packages/airflow/example_dags/example_short_circuit_operator.py
[2023-10-10T09:15:22.731+0000] {processor.py:829} INFO - Processing file /home/airflow/.local/lib/python3.8/site-packages/airflow/example_dags/example_short_circuit_operator.py for tasks to queue
[2023-10-10T09:15:22.732+0000] {logging_mixin.py:151} INFO - [2023-10-10T09:15:22.732+0000] {dagbag.py:539} INFO - Filling up the DagBag from /home/airflow/.local/lib/python3.8/site-packages/airflow/example_dags/example_short_circuit_operator.py
[2023-10-10T09:15:22.743+0000] {processor.py:839} INFO - DAG(s) dict_keys(['example_short_circuit_operator']) retrieved from /home/airflow/.local/lib/python3.8/site-packages/airflow/example_dags/example_short_circuit_operator.py
[2023-10-10T09:15:22.765+0000] {logging_mixin.py:151} INFO - [2023-10-10T09:15:22.765+0000] {dag.py:2915} INFO - Sync 1 DAGs
[2023-10-10T09:15:22.780+0000] {logging_mixin.py:151} INFO - [2023-10-10T09:15:22.780+0000] {dag.py:3696} INFO - Setting next_dagrun for example_short_circuit_operator to 2023-10-09T09:15:22.780109+00:00, run_after=2023-10-10T09:15:22.780109+00:00
[2023-10-10T09:15:22.790+0000] {processor.py:179} INFO - Processing /home/airflow/.local/lib/python3.8/site-packages/airflow/example_dags/example_short_circuit_operator.py took 0.065 seconds
[2023-10-10T09:15:53.128+0000] {processor.py:157} INFO - Started process (PID=3146) to work on /home/airflow/.local/lib/python3.8/site-packages/airflow/example_dags/example_short_circuit_operator.py
[2023-10-10T09:15:53.130+0000] {processor.py:829} INFO - Processing file /home/airflow/.local/lib/python3.8/site-packages/airflow/example_dags/example_short_circuit_operator.py for tasks to queue
[2023-10-10T09:15:53.132+0000] {logging_mixin.py:151} INFO - [2023-10-10T09:15:53.132+0000] {dagbag.py:539} INFO - Filling up the DagBag from /home/airflow/.local/lib/python3.8/site-packages/airflow/example_dags/example_short_circuit_operator.py
[2023-10-10T09:15:53.140+0000] {processor.py:839} INFO - DAG(s) dict_keys(['example_short_circuit_operator']) retrieved from /home/airflow/.local/lib/python3.8/site-packages/airflow/example_dags/example_short_circuit_operator.py
[2023-10-10T09:15:53.172+0000] {logging_mixin.py:151} INFO - [2023-10-10T09:15:53.172+0000] {dag.py:2915} INFO - Sync 1 DAGs
[2023-10-10T09:15:53.191+0000] {logging_mixin.py:151} INFO - [2023-10-10T09:15:53.191+0000] {dag.py:3696} INFO - Setting next_dagrun for example_short_circuit_operator to 2023-10-09T09:15:53.190945+00:00, run_after=2023-10-10T09:15:53.190945+00:00
[2023-10-10T09:15:53.202+0000] {processor.py:179} INFO - Processing /home/airflow/.local/lib/python3.8/site-packages/airflow/example_dags/example_short_circuit_operator.py took 0.082 seconds
[2023-10-10T09:16:23.884+0000] {processor.py:157} INFO - Started process (PID=3207) to work on /home/airflow/.local/lib/python3.8/site-packages/airflow/example_dags/example_short_circuit_operator.py
[2023-10-10T09:16:23.885+0000] {processor.py:829} INFO - Processing file /home/airflow/.local/lib/python3.8/site-packages/airflow/example_dags/example_short_circuit_operator.py for tasks to queue
[2023-10-10T09:16:23.887+0000] {logging_mixin.py:151} INFO - [2023-10-10T09:16:23.887+0000] {dagbag.py:539} INFO - Filling up the DagBag from /home/airflow/.local/lib/python3.8/site-packages/airflow/example_dags/example_short_circuit_operator.py
[2023-10-10T09:16:23.894+0000] {processor.py:839} INFO - DAG(s) dict_keys(['example_short_circuit_operator']) retrieved from /home/airflow/.local/lib/python3.8/site-packages/airflow/example_dags/example_short_circuit_operator.py
[2023-10-10T09:16:23.917+0000] {logging_mixin.py:151} INFO - [2023-10-10T09:16:23.917+0000] {dag.py:2915} INFO - Sync 1 DAGs
[2023-10-10T09:16:23.932+0000] {logging_mixin.py:151} INFO - [2023-10-10T09:16:23.932+0000] {dag.py:3696} INFO - Setting next_dagrun for example_short_circuit_operator to 2023-10-09T09:16:23.932023+00:00, run_after=2023-10-10T09:16:23.932023+00:00
[2023-10-10T09:16:23.943+0000] {processor.py:179} INFO - Processing /home/airflow/.local/lib/python3.8/site-packages/airflow/example_dags/example_short_circuit_operator.py took 0.064 seconds
[2023-10-10T09:16:54.320+0000] {processor.py:157} INFO - Started process (PID=3268) to work on /home/airflow/.local/lib/python3.8/site-packages/airflow/example_dags/example_short_circuit_operator.py
[2023-10-10T09:16:54.322+0000] {processor.py:829} INFO - Processing file /home/airflow/.local/lib/python3.8/site-packages/airflow/example_dags/example_short_circuit_operator.py for tasks to queue
[2023-10-10T09:16:54.324+0000] {logging_mixin.py:151} INFO - [2023-10-10T09:16:54.324+0000] {dagbag.py:539} INFO - Filling up the DagBag from /home/airflow/.local/lib/python3.8/site-packages/airflow/example_dags/example_short_circuit_operator.py
[2023-10-10T09:16:54.332+0000] {processor.py:839} INFO - DAG(s) dict_keys(['example_short_circuit_operator']) retrieved from /home/airflow/.local/lib/python3.8/site-packages/airflow/example_dags/example_short_circuit_operator.py
[2023-10-10T09:16:54.359+0000] {logging_mixin.py:151} INFO - [2023-10-10T09:16:54.359+0000] {dag.py:2915} INFO - Sync 1 DAGs
[2023-10-10T09:16:54.381+0000] {logging_mixin.py:151} INFO - [2023-10-10T09:16:54.381+0000] {dag.py:3696} INFO - Setting next_dagrun for example_short_circuit_operator to 2023-10-09T09:16:54.381517+00:00, run_after=2023-10-10T09:16:54.381517+00:00
[2023-10-10T09:16:54.397+0000] {processor.py:179} INFO - Processing /home/airflow/.local/lib/python3.8/site-packages/airflow/example_dags/example_short_circuit_operator.py took 0.081 seconds
[2023-10-10T09:17:24.448+0000] {processor.py:157} INFO - Started process (PID=3328) to work on /home/airflow/.local/lib/python3.8/site-packages/airflow/example_dags/example_short_circuit_operator.py
[2023-10-10T09:17:24.449+0000] {processor.py:829} INFO - Processing file /home/airflow/.local/lib/python3.8/site-packages/airflow/example_dags/example_short_circuit_operator.py for tasks to queue
[2023-10-10T09:17:24.451+0000] {logging_mixin.py:151} INFO - [2023-10-10T09:17:24.451+0000] {dagbag.py:539} INFO - Filling up the DagBag from /home/airflow/.local/lib/python3.8/site-packages/airflow/example_dags/example_short_circuit_operator.py
[2023-10-10T09:17:24.458+0000] {processor.py:839} INFO - DAG(s) dict_keys(['example_short_circuit_operator']) retrieved from /home/airflow/.local/lib/python3.8/site-packages/airflow/example_dags/example_short_circuit_operator.py
[2023-10-10T09:17:24.480+0000] {logging_mixin.py:151} INFO - [2023-10-10T09:17:24.480+0000] {dag.py:2915} INFO - Sync 1 DAGs
[2023-10-10T09:17:24.493+0000] {logging_mixin.py:151} INFO - [2023-10-10T09:17:24.493+0000] {dag.py:3696} INFO - Setting next_dagrun for example_short_circuit_operator to 2023-10-09T09:17:24.493400+00:00, run_after=2023-10-10T09:17:24.493400+00:00
[2023-10-10T09:17:24.503+0000] {processor.py:179} INFO - Processing /home/airflow/.local/lib/python3.8/site-packages/airflow/example_dags/example_short_circuit_operator.py took 0.059 seconds
[2023-10-10T09:17:54.677+0000] {processor.py:157} INFO - Started process (PID=3389) to work on /home/airflow/.local/lib/python3.8/site-packages/airflow/example_dags/example_short_circuit_operator.py
[2023-10-10T09:17:54.679+0000] {processor.py:829} INFO - Processing file /home/airflow/.local/lib/python3.8/site-packages/airflow/example_dags/example_short_circuit_operator.py for tasks to queue
[2023-10-10T09:17:54.682+0000] {logging_mixin.py:151} INFO - [2023-10-10T09:17:54.682+0000] {dagbag.py:539} INFO - Filling up the DagBag from /home/airflow/.local/lib/python3.8/site-packages/airflow/example_dags/example_short_circuit_operator.py
[2023-10-10T09:17:54.693+0000] {processor.py:839} INFO - DAG(s) dict_keys(['example_short_circuit_operator']) retrieved from /home/airflow/.local/lib/python3.8/site-packages/airflow/example_dags/example_short_circuit_operator.py
[2023-10-10T09:17:54.713+0000] {logging_mixin.py:151} INFO - [2023-10-10T09:17:54.713+0000] {dag.py:2915} INFO - Sync 1 DAGs
[2023-10-10T09:17:54.726+0000] {logging_mixin.py:151} INFO - [2023-10-10T09:17:54.726+0000] {dag.py:3696} INFO - Setting next_dagrun for example_short_circuit_operator to 2023-10-09T09:17:54.726565+00:00, run_after=2023-10-10T09:17:54.726565+00:00
[2023-10-10T09:17:54.737+0000] {processor.py:179} INFO - Processing /home/airflow/.local/lib/python3.8/site-packages/airflow/example_dags/example_short_circuit_operator.py took 0.065 seconds
[2023-10-10T09:18:24.939+0000] {processor.py:157} INFO - Started process (PID=3450) to work on /home/airflow/.local/lib/python3.8/site-packages/airflow/example_dags/example_short_circuit_operator.py
[2023-10-10T09:18:24.942+0000] {processor.py:829} INFO - Processing file /home/airflow/.local/lib/python3.8/site-packages/airflow/example_dags/example_short_circuit_operator.py for tasks to queue
[2023-10-10T09:18:24.946+0000] {logging_mixin.py:151} INFO - [2023-10-10T09:18:24.945+0000] {dagbag.py:539} INFO - Filling up the DagBag from /home/airflow/.local/lib/python3.8/site-packages/airflow/example_dags/example_short_circuit_operator.py
[2023-10-10T09:18:24.956+0000] {processor.py:839} INFO - DAG(s) dict_keys(['example_short_circuit_operator']) retrieved from /home/airflow/.local/lib/python3.8/site-packages/airflow/example_dags/example_short_circuit_operator.py
[2023-10-10T09:18:24.978+0000] {logging_mixin.py:151} INFO - [2023-10-10T09:18:24.978+0000] {dag.py:2915} INFO - Sync 1 DAGs
[2023-10-10T09:18:24.998+0000] {logging_mixin.py:151} INFO - [2023-10-10T09:18:24.998+0000] {dag.py:3696} INFO - Setting next_dagrun for example_short_circuit_operator to 2023-10-09T09:18:24.998117+00:00, run_after=2023-10-10T09:18:24.998117+00:00
[2023-10-10T09:18:25.024+0000] {processor.py:179} INFO - Processing /home/airflow/.local/lib/python3.8/site-packages/airflow/example_dags/example_short_circuit_operator.py took 0.094 seconds
[2023-10-10T09:18:55.163+0000] {processor.py:157} INFO - Started process (PID=3511) to work on /home/airflow/.local/lib/python3.8/site-packages/airflow/example_dags/example_short_circuit_operator.py
[2023-10-10T09:18:55.164+0000] {processor.py:829} INFO - Processing file /home/airflow/.local/lib/python3.8/site-packages/airflow/example_dags/example_short_circuit_operator.py for tasks to queue
[2023-10-10T09:18:55.167+0000] {logging_mixin.py:151} INFO - [2023-10-10T09:18:55.167+0000] {dagbag.py:539} INFO - Filling up the DagBag from /home/airflow/.local/lib/python3.8/site-packages/airflow/example_dags/example_short_circuit_operator.py
[2023-10-10T09:18:55.175+0000] {processor.py:839} INFO - DAG(s) dict_keys(['example_short_circuit_operator']) retrieved from /home/airflow/.local/lib/python3.8/site-packages/airflow/example_dags/example_short_circuit_operator.py
[2023-10-10T09:18:55.196+0000] {logging_mixin.py:151} INFO - [2023-10-10T09:18:55.196+0000] {dag.py:2915} INFO - Sync 1 DAGs
[2023-10-10T09:18:55.210+0000] {logging_mixin.py:151} INFO - [2023-10-10T09:18:55.210+0000] {dag.py:3696} INFO - Setting next_dagrun for example_short_circuit_operator to 2023-10-09T09:18:55.210478+00:00, run_after=2023-10-10T09:18:55.210478+00:00
[2023-10-10T09:18:55.220+0000] {processor.py:179} INFO - Processing /home/airflow/.local/lib/python3.8/site-packages/airflow/example_dags/example_short_circuit_operator.py took 0.062 seconds
[2023-10-10T09:19:25.454+0000] {processor.py:157} INFO - Started process (PID=3572) to work on /home/airflow/.local/lib/python3.8/site-packages/airflow/example_dags/example_short_circuit_operator.py
[2023-10-10T09:19:25.455+0000] {processor.py:829} INFO - Processing file /home/airflow/.local/lib/python3.8/site-packages/airflow/example_dags/example_short_circuit_operator.py for tasks to queue
[2023-10-10T09:19:25.458+0000] {logging_mixin.py:151} INFO - [2023-10-10T09:19:25.458+0000] {dagbag.py:539} INFO - Filling up the DagBag from /home/airflow/.local/lib/python3.8/site-packages/airflow/example_dags/example_short_circuit_operator.py
[2023-10-10T09:19:25.464+0000] {processor.py:839} INFO - DAG(s) dict_keys(['example_short_circuit_operator']) retrieved from /home/airflow/.local/lib/python3.8/site-packages/airflow/example_dags/example_short_circuit_operator.py
[2023-10-10T09:19:25.485+0000] {logging_mixin.py:151} INFO - [2023-10-10T09:19:25.485+0000] {dag.py:2915} INFO - Sync 1 DAGs
[2023-10-10T09:19:25.501+0000] {logging_mixin.py:151} INFO - [2023-10-10T09:19:25.501+0000] {dag.py:3696} INFO - Setting next_dagrun for example_short_circuit_operator to 2023-10-09T09:19:25.501316+00:00, run_after=2023-10-10T09:19:25.501316+00:00
[2023-10-10T09:19:25.512+0000] {processor.py:179} INFO - Processing /home/airflow/.local/lib/python3.8/site-packages/airflow/example_dags/example_short_circuit_operator.py took 0.061 seconds
[2023-10-10T09:19:55.857+0000] {processor.py:157} INFO - Started process (PID=3633) to work on /home/airflow/.local/lib/python3.8/site-packages/airflow/example_dags/example_short_circuit_operator.py
[2023-10-10T09:19:55.858+0000] {processor.py:829} INFO - Processing file /home/airflow/.local/lib/python3.8/site-packages/airflow/example_dags/example_short_circuit_operator.py for tasks to queue
[2023-10-10T09:19:55.861+0000] {logging_mixin.py:151} INFO - [2023-10-10T09:19:55.860+0000] {dagbag.py:539} INFO - Filling up the DagBag from /home/airflow/.local/lib/python3.8/site-packages/airflow/example_dags/example_short_circuit_operator.py
[2023-10-10T09:19:55.868+0000] {processor.py:839} INFO - DAG(s) dict_keys(['example_short_circuit_operator']) retrieved from /home/airflow/.local/lib/python3.8/site-packages/airflow/example_dags/example_short_circuit_operator.py
[2023-10-10T09:19:55.889+0000] {logging_mixin.py:151} INFO - [2023-10-10T09:19:55.889+0000] {dag.py:2915} INFO - Sync 1 DAGs
[2023-10-10T09:19:55.903+0000] {logging_mixin.py:151} INFO - [2023-10-10T09:19:55.903+0000] {dag.py:3696} INFO - Setting next_dagrun for example_short_circuit_operator to 2023-10-09T09:19:55.903487+00:00, run_after=2023-10-10T09:19:55.903487+00:00
[2023-10-10T09:19:55.913+0000] {processor.py:179} INFO - Processing /home/airflow/.local/lib/python3.8/site-packages/airflow/example_dags/example_short_circuit_operator.py took 0.061 seconds
