[2023-10-10T08:49:45.926+0000] {processor.py:157} INFO - Started process (PID=40) to work on /home/airflow/.local/lib/python3.8/site-packages/airflow/example_dags/example_xcomargs.py
[2023-10-10T08:49:45.928+0000] {processor.py:829} INFO - Processing file /home/airflow/.local/lib/python3.8/site-packages/airflow/example_dags/example_xcomargs.py for tasks to queue
[2023-10-10T08:49:45.933+0000] {logging_mixin.py:151} INFO - [2023-10-10T08:49:45.933+0000] {dagbag.py:539} INFO - Filling up the DagBag from /home/airflow/.local/lib/python3.8/site-packages/airflow/example_dags/example_xcomargs.py
[2023-10-10T08:49:45.960+0000] {processor.py:839} INFO - DAG(s) dict_keys(['example_xcom_args_with_operators', 'example_xcom_args']) retrieved from /home/airflow/.local/lib/python3.8/site-packages/airflow/example_dags/example_xcomargs.py
[2023-10-10T08:49:46.045+0000] {logging_mixin.py:151} INFO - [2023-10-10T08:49:46.045+0000] {dag.py:2915} INFO - Sync 2 DAGs
[2023-10-10T08:49:46.091+0000] {logging_mixin.py:151} INFO - [2023-10-10T08:49:46.090+0000] {dag.py:3696} INFO - Setting next_dagrun for example_xcom_args to None, run_after=None
[2023-10-10T08:49:46.102+0000] {logging_mixin.py:151} INFO - [2023-10-10T08:49:46.102+0000] {dag.py:3696} INFO - Setting next_dagrun for example_xcom_args_with_operators to None, run_after=None
[2023-10-10T08:49:46.175+0000] {processor.py:179} INFO - Processing /home/airflow/.local/lib/python3.8/site-packages/airflow/example_dags/example_xcomargs.py took 0.259 seconds
[2023-10-10T08:50:22.361+0000] {processor.py:157} INFO - Started process (PID=95) to work on /home/airflow/.local/lib/python3.8/site-packages/airflow/example_dags/example_xcomargs.py
[2023-10-10T08:50:22.366+0000] {processor.py:829} INFO - Processing file /home/airflow/.local/lib/python3.8/site-packages/airflow/example_dags/example_xcomargs.py for tasks to queue
[2023-10-10T08:50:22.378+0000] {logging_mixin.py:151} INFO - [2023-10-10T08:50:22.377+0000] {dagbag.py:539} INFO - Filling up the DagBag from /home/airflow/.local/lib/python3.8/site-packages/airflow/example_dags/example_xcomargs.py
[2023-10-10T08:50:22.422+0000] {processor.py:839} INFO - DAG(s) dict_keys(['example_xcom_args', 'example_xcom_args_with_operators']) retrieved from /home/airflow/.local/lib/python3.8/site-packages/airflow/example_dags/example_xcomargs.py
[2023-10-10T08:50:22.605+0000] {logging_mixin.py:151} INFO - [2023-10-10T08:50:22.603+0000] {dag.py:2915} INFO - Sync 2 DAGs
[2023-10-10T08:50:22.659+0000] {logging_mixin.py:151} INFO - [2023-10-10T08:50:22.659+0000] {dag.py:3696} INFO - Setting next_dagrun for example_xcom_args to None, run_after=None
[2023-10-10T08:50:22.668+0000] {logging_mixin.py:151} INFO - [2023-10-10T08:50:22.668+0000] {dag.py:3696} INFO - Setting next_dagrun for example_xcom_args_with_operators to None, run_after=None
[2023-10-10T08:50:22.734+0000] {processor.py:179} INFO - Processing /home/airflow/.local/lib/python3.8/site-packages/airflow/example_dags/example_xcomargs.py took 0.401 seconds
[2023-10-10T08:50:52.949+0000] {processor.py:157} INFO - Started process (PID=154) to work on /home/airflow/.local/lib/python3.8/site-packages/airflow/example_dags/example_xcomargs.py
[2023-10-10T08:50:52.951+0000] {processor.py:829} INFO - Processing file /home/airflow/.local/lib/python3.8/site-packages/airflow/example_dags/example_xcomargs.py for tasks to queue
[2023-10-10T08:50:52.955+0000] {logging_mixin.py:151} INFO - [2023-10-10T08:50:52.955+0000] {dagbag.py:539} INFO - Filling up the DagBag from /home/airflow/.local/lib/python3.8/site-packages/airflow/example_dags/example_xcomargs.py
[2023-10-10T08:50:52.967+0000] {processor.py:839} INFO - DAG(s) dict_keys(['example_xcom_args', 'example_xcom_args_with_operators']) retrieved from /home/airflow/.local/lib/python3.8/site-packages/airflow/example_dags/example_xcomargs.py
[2023-10-10T08:50:52.990+0000] {logging_mixin.py:151} INFO - [2023-10-10T08:50:52.990+0000] {dag.py:2915} INFO - Sync 2 DAGs
[2023-10-10T08:50:53.000+0000] {logging_mixin.py:151} INFO - [2023-10-10T08:50:53.000+0000] {dag.py:3696} INFO - Setting next_dagrun for example_xcom_args to None, run_after=None
[2023-10-10T08:50:53.002+0000] {logging_mixin.py:151} INFO - [2023-10-10T08:50:53.002+0000] {dag.py:3696} INFO - Setting next_dagrun for example_xcom_args_with_operators to None, run_after=None
[2023-10-10T08:50:53.012+0000] {processor.py:179} INFO - Processing /home/airflow/.local/lib/python3.8/site-packages/airflow/example_dags/example_xcomargs.py took 0.067 seconds
[2023-10-10T08:51:23.470+0000] {processor.py:157} INFO - Started process (PID=215) to work on /home/airflow/.local/lib/python3.8/site-packages/airflow/example_dags/example_xcomargs.py
[2023-10-10T08:51:23.471+0000] {processor.py:829} INFO - Processing file /home/airflow/.local/lib/python3.8/site-packages/airflow/example_dags/example_xcomargs.py for tasks to queue
[2023-10-10T08:51:23.474+0000] {logging_mixin.py:151} INFO - [2023-10-10T08:51:23.474+0000] {dagbag.py:539} INFO - Filling up the DagBag from /home/airflow/.local/lib/python3.8/site-packages/airflow/example_dags/example_xcomargs.py
[2023-10-10T08:51:23.488+0000] {processor.py:839} INFO - DAG(s) dict_keys(['example_xcom_args_with_operators', 'example_xcom_args']) retrieved from /home/airflow/.local/lib/python3.8/site-packages/airflow/example_dags/example_xcomargs.py
[2023-10-10T08:51:23.522+0000] {logging_mixin.py:151} INFO - [2023-10-10T08:51:23.522+0000] {dag.py:2915} INFO - Sync 2 DAGs
[2023-10-10T08:51:23.533+0000] {logging_mixin.py:151} INFO - [2023-10-10T08:51:23.533+0000] {dag.py:3696} INFO - Setting next_dagrun for example_xcom_args to None, run_after=None
[2023-10-10T08:51:23.539+0000] {logging_mixin.py:151} INFO - [2023-10-10T08:51:23.539+0000] {dag.py:3696} INFO - Setting next_dagrun for example_xcom_args_with_operators to None, run_after=None
[2023-10-10T08:51:23.550+0000] {processor.py:179} INFO - Processing /home/airflow/.local/lib/python3.8/site-packages/airflow/example_dags/example_xcomargs.py took 0.085 seconds
[2023-10-10T08:51:53.981+0000] {processor.py:157} INFO - Started process (PID=276) to work on /home/airflow/.local/lib/python3.8/site-packages/airflow/example_dags/example_xcomargs.py
[2023-10-10T08:51:53.984+0000] {processor.py:829} INFO - Processing file /home/airflow/.local/lib/python3.8/site-packages/airflow/example_dags/example_xcomargs.py for tasks to queue
[2023-10-10T08:51:53.994+0000] {logging_mixin.py:151} INFO - [2023-10-10T08:51:53.992+0000] {dagbag.py:539} INFO - Filling up the DagBag from /home/airflow/.local/lib/python3.8/site-packages/airflow/example_dags/example_xcomargs.py
[2023-10-10T08:51:54.015+0000] {processor.py:839} INFO - DAG(s) dict_keys(['example_xcom_args_with_operators', 'example_xcom_args']) retrieved from /home/airflow/.local/lib/python3.8/site-packages/airflow/example_dags/example_xcomargs.py
[2023-10-10T08:51:54.065+0000] {logging_mixin.py:151} INFO - [2023-10-10T08:51:54.065+0000] {dag.py:2915} INFO - Sync 2 DAGs
[2023-10-10T08:51:54.077+0000] {logging_mixin.py:151} INFO - [2023-10-10T08:51:54.076+0000] {dag.py:3696} INFO - Setting next_dagrun for example_xcom_args to None, run_after=None
[2023-10-10T08:51:54.079+0000] {logging_mixin.py:151} INFO - [2023-10-10T08:51:54.079+0000] {dag.py:3696} INFO - Setting next_dagrun for example_xcom_args_with_operators to None, run_after=None
[2023-10-10T08:51:54.090+0000] {processor.py:179} INFO - Processing /home/airflow/.local/lib/python3.8/site-packages/airflow/example_dags/example_xcomargs.py took 0.116 seconds
[2023-10-10T08:52:24.482+0000] {processor.py:157} INFO - Started process (PID=337) to work on /home/airflow/.local/lib/python3.8/site-packages/airflow/example_dags/example_xcomargs.py
[2023-10-10T08:52:24.484+0000] {processor.py:829} INFO - Processing file /home/airflow/.local/lib/python3.8/site-packages/airflow/example_dags/example_xcomargs.py for tasks to queue
[2023-10-10T08:52:24.497+0000] {logging_mixin.py:151} INFO - [2023-10-10T08:52:24.496+0000] {dagbag.py:539} INFO - Filling up the DagBag from /home/airflow/.local/lib/python3.8/site-packages/airflow/example_dags/example_xcomargs.py
[2023-10-10T08:52:24.533+0000] {processor.py:839} INFO - DAG(s) dict_keys(['example_xcom_args', 'example_xcom_args_with_operators']) retrieved from /home/airflow/.local/lib/python3.8/site-packages/airflow/example_dags/example_xcomargs.py
[2023-10-10T08:52:24.600+0000] {logging_mixin.py:151} INFO - [2023-10-10T08:52:24.599+0000] {dag.py:2915} INFO - Sync 2 DAGs
[2023-10-10T08:52:24.618+0000] {logging_mixin.py:151} INFO - [2023-10-10T08:52:24.617+0000] {dag.py:3696} INFO - Setting next_dagrun for example_xcom_args to None, run_after=None
[2023-10-10T08:52:24.620+0000] {logging_mixin.py:151} INFO - [2023-10-10T08:52:24.620+0000] {dag.py:3696} INFO - Setting next_dagrun for example_xcom_args_with_operators to None, run_after=None
[2023-10-10T08:52:24.633+0000] {processor.py:179} INFO - Processing /home/airflow/.local/lib/python3.8/site-packages/airflow/example_dags/example_xcomargs.py took 0.161 seconds
[2023-10-10T08:52:54.933+0000] {processor.py:157} INFO - Started process (PID=398) to work on /home/airflow/.local/lib/python3.8/site-packages/airflow/example_dags/example_xcomargs.py
[2023-10-10T08:52:54.934+0000] {processor.py:829} INFO - Processing file /home/airflow/.local/lib/python3.8/site-packages/airflow/example_dags/example_xcomargs.py for tasks to queue
[2023-10-10T08:52:54.940+0000] {logging_mixin.py:151} INFO - [2023-10-10T08:52:54.940+0000] {dagbag.py:539} INFO - Filling up the DagBag from /home/airflow/.local/lib/python3.8/site-packages/airflow/example_dags/example_xcomargs.py
[2023-10-10T08:52:54.955+0000] {processor.py:839} INFO - DAG(s) dict_keys(['example_xcom_args_with_operators', 'example_xcom_args']) retrieved from /home/airflow/.local/lib/python3.8/site-packages/airflow/example_dags/example_xcomargs.py
[2023-10-10T08:52:54.988+0000] {logging_mixin.py:151} INFO - [2023-10-10T08:52:54.987+0000] {dag.py:2915} INFO - Sync 2 DAGs
[2023-10-10T08:52:54.998+0000] {logging_mixin.py:151} INFO - [2023-10-10T08:52:54.998+0000] {dag.py:3696} INFO - Setting next_dagrun for example_xcom_args to None, run_after=None
[2023-10-10T08:52:55.002+0000] {logging_mixin.py:151} INFO - [2023-10-10T08:52:55.002+0000] {dag.py:3696} INFO - Setting next_dagrun for example_xcom_args_with_operators to None, run_after=None
[2023-10-10T08:52:55.013+0000] {processor.py:179} INFO - Processing /home/airflow/.local/lib/python3.8/site-packages/airflow/example_dags/example_xcomargs.py took 0.083 seconds
[2023-10-10T08:53:25.400+0000] {processor.py:157} INFO - Started process (PID=459) to work on /home/airflow/.local/lib/python3.8/site-packages/airflow/example_dags/example_xcomargs.py
[2023-10-10T08:53:25.401+0000] {processor.py:829} INFO - Processing file /home/airflow/.local/lib/python3.8/site-packages/airflow/example_dags/example_xcomargs.py for tasks to queue
[2023-10-10T08:53:25.403+0000] {logging_mixin.py:151} INFO - [2023-10-10T08:53:25.402+0000] {dagbag.py:539} INFO - Filling up the DagBag from /home/airflow/.local/lib/python3.8/site-packages/airflow/example_dags/example_xcomargs.py
[2023-10-10T08:53:25.410+0000] {processor.py:839} INFO - DAG(s) dict_keys(['example_xcom_args', 'example_xcom_args_with_operators']) retrieved from /home/airflow/.local/lib/python3.8/site-packages/airflow/example_dags/example_xcomargs.py
[2023-10-10T08:53:25.433+0000] {logging_mixin.py:151} INFO - [2023-10-10T08:53:25.433+0000] {dag.py:2915} INFO - Sync 2 DAGs
[2023-10-10T08:53:25.442+0000] {logging_mixin.py:151} INFO - [2023-10-10T08:53:25.442+0000] {dag.py:3696} INFO - Setting next_dagrun for example_xcom_args to None, run_after=None
[2023-10-10T08:53:25.444+0000] {logging_mixin.py:151} INFO - [2023-10-10T08:53:25.444+0000] {dag.py:3696} INFO - Setting next_dagrun for example_xcom_args_with_operators to None, run_after=None
[2023-10-10T08:53:25.454+0000] {processor.py:179} INFO - Processing /home/airflow/.local/lib/python3.8/site-packages/airflow/example_dags/example_xcomargs.py took 0.062 seconds
[2023-10-10T08:53:55.898+0000] {processor.py:157} INFO - Started process (PID=520) to work on /home/airflow/.local/lib/python3.8/site-packages/airflow/example_dags/example_xcomargs.py
[2023-10-10T08:53:55.900+0000] {processor.py:829} INFO - Processing file /home/airflow/.local/lib/python3.8/site-packages/airflow/example_dags/example_xcomargs.py for tasks to queue
[2023-10-10T08:53:55.903+0000] {logging_mixin.py:151} INFO - [2023-10-10T08:53:55.903+0000] {dagbag.py:539} INFO - Filling up the DagBag from /home/airflow/.local/lib/python3.8/site-packages/airflow/example_dags/example_xcomargs.py
[2023-10-10T08:53:55.924+0000] {processor.py:839} INFO - DAG(s) dict_keys(['example_xcom_args', 'example_xcom_args_with_operators']) retrieved from /home/airflow/.local/lib/python3.8/site-packages/airflow/example_dags/example_xcomargs.py
[2023-10-10T08:53:55.976+0000] {logging_mixin.py:151} INFO - [2023-10-10T08:53:55.975+0000] {dag.py:2915} INFO - Sync 2 DAGs
[2023-10-10T08:53:55.999+0000] {logging_mixin.py:151} INFO - [2023-10-10T08:53:55.999+0000] {dag.py:3696} INFO - Setting next_dagrun for example_xcom_args to None, run_after=None
[2023-10-10T08:53:56.003+0000] {logging_mixin.py:151} INFO - [2023-10-10T08:53:56.003+0000] {dag.py:3696} INFO - Setting next_dagrun for example_xcom_args_with_operators to None, run_after=None
[2023-10-10T08:53:56.047+0000] {processor.py:179} INFO - Processing /home/airflow/.local/lib/python3.8/site-packages/airflow/example_dags/example_xcomargs.py took 0.157 seconds
[2023-10-10T08:54:26.309+0000] {processor.py:157} INFO - Started process (PID=581) to work on /home/airflow/.local/lib/python3.8/site-packages/airflow/example_dags/example_xcomargs.py
[2023-10-10T08:54:26.311+0000] {processor.py:829} INFO - Processing file /home/airflow/.local/lib/python3.8/site-packages/airflow/example_dags/example_xcomargs.py for tasks to queue
[2023-10-10T08:54:26.321+0000] {logging_mixin.py:151} INFO - [2023-10-10T08:54:26.320+0000] {dagbag.py:539} INFO - Filling up the DagBag from /home/airflow/.local/lib/python3.8/site-packages/airflow/example_dags/example_xcomargs.py
[2023-10-10T08:54:26.344+0000] {processor.py:839} INFO - DAG(s) dict_keys(['example_xcom_args_with_operators', 'example_xcom_args']) retrieved from /home/airflow/.local/lib/python3.8/site-packages/airflow/example_dags/example_xcomargs.py
[2023-10-10T08:54:26.404+0000] {logging_mixin.py:151} INFO - [2023-10-10T08:54:26.404+0000] {dag.py:2915} INFO - Sync 2 DAGs
[2023-10-10T08:54:26.424+0000] {logging_mixin.py:151} INFO - [2023-10-10T08:54:26.424+0000] {dag.py:3696} INFO - Setting next_dagrun for example_xcom_args to None, run_after=None
[2023-10-10T08:54:26.428+0000] {logging_mixin.py:151} INFO - [2023-10-10T08:54:26.428+0000] {dag.py:3696} INFO - Setting next_dagrun for example_xcom_args_with_operators to None, run_after=None
[2023-10-10T08:54:26.464+0000] {processor.py:179} INFO - Processing /home/airflow/.local/lib/python3.8/site-packages/airflow/example_dags/example_xcomargs.py took 0.170 seconds
[2023-10-10T08:54:56.586+0000] {processor.py:157} INFO - Started process (PID=642) to work on /home/airflow/.local/lib/python3.8/site-packages/airflow/example_dags/example_xcomargs.py
[2023-10-10T08:54:56.587+0000] {processor.py:829} INFO - Processing file /home/airflow/.local/lib/python3.8/site-packages/airflow/example_dags/example_xcomargs.py for tasks to queue
[2023-10-10T08:54:56.591+0000] {logging_mixin.py:151} INFO - [2023-10-10T08:54:56.591+0000] {dagbag.py:539} INFO - Filling up the DagBag from /home/airflow/.local/lib/python3.8/site-packages/airflow/example_dags/example_xcomargs.py
[2023-10-10T08:54:56.608+0000] {processor.py:839} INFO - DAG(s) dict_keys(['example_xcom_args', 'example_xcom_args_with_operators']) retrieved from /home/airflow/.local/lib/python3.8/site-packages/airflow/example_dags/example_xcomargs.py
[2023-10-10T08:54:56.629+0000] {logging_mixin.py:151} INFO - [2023-10-10T08:54:56.629+0000] {dag.py:2915} INFO - Sync 2 DAGs
[2023-10-10T08:54:56.639+0000] {logging_mixin.py:151} INFO - [2023-10-10T08:54:56.639+0000] {dag.py:3696} INFO - Setting next_dagrun for example_xcom_args to None, run_after=None
[2023-10-10T08:54:56.641+0000] {logging_mixin.py:151} INFO - [2023-10-10T08:54:56.641+0000] {dag.py:3696} INFO - Setting next_dagrun for example_xcom_args_with_operators to None, run_after=None
[2023-10-10T08:54:56.651+0000] {processor.py:179} INFO - Processing /home/airflow/.local/lib/python3.8/site-packages/airflow/example_dags/example_xcomargs.py took 0.070 seconds
[2023-10-10T08:55:27.715+0000] {processor.py:157} INFO - Started process (PID=703) to work on /home/airflow/.local/lib/python3.8/site-packages/airflow/example_dags/example_xcomargs.py
[2023-10-10T08:55:27.716+0000] {processor.py:829} INFO - Processing file /home/airflow/.local/lib/python3.8/site-packages/airflow/example_dags/example_xcomargs.py for tasks to queue
[2023-10-10T08:55:27.720+0000] {logging_mixin.py:151} INFO - [2023-10-10T08:55:27.719+0000] {dagbag.py:539} INFO - Filling up the DagBag from /home/airflow/.local/lib/python3.8/site-packages/airflow/example_dags/example_xcomargs.py
[2023-10-10T08:55:27.732+0000] {processor.py:839} INFO - DAG(s) dict_keys(['example_xcom_args', 'example_xcom_args_with_operators']) retrieved from /home/airflow/.local/lib/python3.8/site-packages/airflow/example_dags/example_xcomargs.py
[2023-10-10T08:55:27.772+0000] {logging_mixin.py:151} INFO - [2023-10-10T08:55:27.771+0000] {dag.py:2915} INFO - Sync 2 DAGs
[2023-10-10T08:55:27.789+0000] {logging_mixin.py:151} INFO - [2023-10-10T08:55:27.789+0000] {dag.py:3696} INFO - Setting next_dagrun for example_xcom_args to None, run_after=None
[2023-10-10T08:55:27.792+0000] {logging_mixin.py:151} INFO - [2023-10-10T08:55:27.792+0000] {dag.py:3696} INFO - Setting next_dagrun for example_xcom_args_with_operators to None, run_after=None
[2023-10-10T08:55:27.803+0000] {processor.py:179} INFO - Processing /home/airflow/.local/lib/python3.8/site-packages/airflow/example_dags/example_xcomargs.py took 0.098 seconds
[2023-10-10T08:55:58.365+0000] {processor.py:157} INFO - Started process (PID=763) to work on /home/airflow/.local/lib/python3.8/site-packages/airflow/example_dags/example_xcomargs.py
[2023-10-10T08:55:58.376+0000] {processor.py:829} INFO - Processing file /home/airflow/.local/lib/python3.8/site-packages/airflow/example_dags/example_xcomargs.py for tasks to queue
[2023-10-10T08:55:58.397+0000] {logging_mixin.py:151} INFO - [2023-10-10T08:55:58.397+0000] {dagbag.py:539} INFO - Filling up the DagBag from /home/airflow/.local/lib/python3.8/site-packages/airflow/example_dags/example_xcomargs.py
[2023-10-10T08:55:58.422+0000] {processor.py:839} INFO - DAG(s) dict_keys(['example_xcom_args_with_operators', 'example_xcom_args']) retrieved from /home/airflow/.local/lib/python3.8/site-packages/airflow/example_dags/example_xcomargs.py
[2023-10-10T08:55:58.467+0000] {logging_mixin.py:151} INFO - [2023-10-10T08:55:58.467+0000] {dag.py:2915} INFO - Sync 2 DAGs
[2023-10-10T08:55:58.480+0000] {logging_mixin.py:151} INFO - [2023-10-10T08:55:58.480+0000] {dag.py:3696} INFO - Setting next_dagrun for example_xcom_args to None, run_after=None
[2023-10-10T08:55:58.483+0000] {logging_mixin.py:151} INFO - [2023-10-10T08:55:58.483+0000] {dag.py:3696} INFO - Setting next_dagrun for example_xcom_args_with_operators to None, run_after=None
[2023-10-10T08:55:58.497+0000] {processor.py:179} INFO - Processing /home/airflow/.local/lib/python3.8/site-packages/airflow/example_dags/example_xcomargs.py took 0.139 seconds
[2023-10-10T08:56:28.626+0000] {processor.py:157} INFO - Started process (PID=824) to work on /home/airflow/.local/lib/python3.8/site-packages/airflow/example_dags/example_xcomargs.py
[2023-10-10T08:56:28.628+0000] {processor.py:829} INFO - Processing file /home/airflow/.local/lib/python3.8/site-packages/airflow/example_dags/example_xcomargs.py for tasks to queue
[2023-10-10T08:56:28.631+0000] {logging_mixin.py:151} INFO - [2023-10-10T08:56:28.631+0000] {dagbag.py:539} INFO - Filling up the DagBag from /home/airflow/.local/lib/python3.8/site-packages/airflow/example_dags/example_xcomargs.py
[2023-10-10T08:56:28.642+0000] {processor.py:839} INFO - DAG(s) dict_keys(['example_xcom_args_with_operators', 'example_xcom_args']) retrieved from /home/airflow/.local/lib/python3.8/site-packages/airflow/example_dags/example_xcomargs.py
[2023-10-10T08:56:28.665+0000] {logging_mixin.py:151} INFO - [2023-10-10T08:56:28.665+0000] {dag.py:2915} INFO - Sync 2 DAGs
[2023-10-10T08:56:28.674+0000] {logging_mixin.py:151} INFO - [2023-10-10T08:56:28.674+0000] {dag.py:3696} INFO - Setting next_dagrun for example_xcom_args to None, run_after=None
[2023-10-10T08:56:28.676+0000] {logging_mixin.py:151} INFO - [2023-10-10T08:56:28.675+0000] {dag.py:3696} INFO - Setting next_dagrun for example_xcom_args_with_operators to None, run_after=None
[2023-10-10T08:56:28.685+0000] {processor.py:179} INFO - Processing /home/airflow/.local/lib/python3.8/site-packages/airflow/example_dags/example_xcomargs.py took 0.064 seconds
[2023-10-10T08:56:59.516+0000] {processor.py:157} INFO - Started process (PID=885) to work on /home/airflow/.local/lib/python3.8/site-packages/airflow/example_dags/example_xcomargs.py
[2023-10-10T08:56:59.517+0000] {processor.py:829} INFO - Processing file /home/airflow/.local/lib/python3.8/site-packages/airflow/example_dags/example_xcomargs.py for tasks to queue
[2023-10-10T08:56:59.520+0000] {logging_mixin.py:151} INFO - [2023-10-10T08:56:59.519+0000] {dagbag.py:539} INFO - Filling up the DagBag from /home/airflow/.local/lib/python3.8/site-packages/airflow/example_dags/example_xcomargs.py
[2023-10-10T08:56:59.535+0000] {processor.py:839} INFO - DAG(s) dict_keys(['example_xcom_args', 'example_xcom_args_with_operators']) retrieved from /home/airflow/.local/lib/python3.8/site-packages/airflow/example_dags/example_xcomargs.py
[2023-10-10T08:56:59.567+0000] {logging_mixin.py:151} INFO - [2023-10-10T08:56:59.567+0000] {dag.py:2915} INFO - Sync 2 DAGs
[2023-10-10T08:56:59.578+0000] {logging_mixin.py:151} INFO - [2023-10-10T08:56:59.578+0000] {dag.py:3696} INFO - Setting next_dagrun for example_xcom_args to None, run_after=None
[2023-10-10T08:56:59.580+0000] {logging_mixin.py:151} INFO - [2023-10-10T08:56:59.580+0000] {dag.py:3696} INFO - Setting next_dagrun for example_xcom_args_with_operators to None, run_after=None
[2023-10-10T08:56:59.590+0000] {processor.py:179} INFO - Processing /home/airflow/.local/lib/python3.8/site-packages/airflow/example_dags/example_xcomargs.py took 0.078 seconds
[2023-10-10T08:57:30.385+0000] {processor.py:157} INFO - Started process (PID=946) to work on /home/airflow/.local/lib/python3.8/site-packages/airflow/example_dags/example_xcomargs.py
[2023-10-10T08:57:30.387+0000] {processor.py:829} INFO - Processing file /home/airflow/.local/lib/python3.8/site-packages/airflow/example_dags/example_xcomargs.py for tasks to queue
[2023-10-10T08:57:30.390+0000] {logging_mixin.py:151} INFO - [2023-10-10T08:57:30.390+0000] {dagbag.py:539} INFO - Filling up the DagBag from /home/airflow/.local/lib/python3.8/site-packages/airflow/example_dags/example_xcomargs.py
[2023-10-10T08:57:30.400+0000] {processor.py:839} INFO - DAG(s) dict_keys(['example_xcom_args', 'example_xcom_args_with_operators']) retrieved from /home/airflow/.local/lib/python3.8/site-packages/airflow/example_dags/example_xcomargs.py
[2023-10-10T08:57:30.420+0000] {logging_mixin.py:151} INFO - [2023-10-10T08:57:30.420+0000] {dag.py:2915} INFO - Sync 2 DAGs
[2023-10-10T08:57:30.428+0000] {logging_mixin.py:151} INFO - [2023-10-10T08:57:30.428+0000] {dag.py:3696} INFO - Setting next_dagrun for example_xcom_args to None, run_after=None
[2023-10-10T08:57:30.430+0000] {logging_mixin.py:151} INFO - [2023-10-10T08:57:30.430+0000] {dag.py:3696} INFO - Setting next_dagrun for example_xcom_args_with_operators to None, run_after=None
[2023-10-10T08:57:30.440+0000] {processor.py:179} INFO - Processing /home/airflow/.local/lib/python3.8/site-packages/airflow/example_dags/example_xcomargs.py took 0.065 seconds
[2023-10-10T08:58:00.609+0000] {processor.py:157} INFO - Started process (PID=1007) to work on /home/airflow/.local/lib/python3.8/site-packages/airflow/example_dags/example_xcomargs.py
[2023-10-10T08:58:00.611+0000] {processor.py:829} INFO - Processing file /home/airflow/.local/lib/python3.8/site-packages/airflow/example_dags/example_xcomargs.py for tasks to queue
[2023-10-10T08:58:00.614+0000] {logging_mixin.py:151} INFO - [2023-10-10T08:58:00.614+0000] {dagbag.py:539} INFO - Filling up the DagBag from /home/airflow/.local/lib/python3.8/site-packages/airflow/example_dags/example_xcomargs.py
[2023-10-10T08:58:00.626+0000] {processor.py:839} INFO - DAG(s) dict_keys(['example_xcom_args_with_operators', 'example_xcom_args']) retrieved from /home/airflow/.local/lib/python3.8/site-packages/airflow/example_dags/example_xcomargs.py
[2023-10-10T08:58:00.663+0000] {logging_mixin.py:151} INFO - [2023-10-10T08:58:00.663+0000] {dag.py:2915} INFO - Sync 2 DAGs
[2023-10-10T08:58:00.678+0000] {logging_mixin.py:151} INFO - [2023-10-10T08:58:00.678+0000] {dag.py:3696} INFO - Setting next_dagrun for example_xcom_args to None, run_after=None
[2023-10-10T08:58:00.682+0000] {logging_mixin.py:151} INFO - [2023-10-10T08:58:00.682+0000] {dag.py:3696} INFO - Setting next_dagrun for example_xcom_args_with_operators to None, run_after=None
[2023-10-10T08:58:00.698+0000] {processor.py:179} INFO - Processing /home/airflow/.local/lib/python3.8/site-packages/airflow/example_dags/example_xcomargs.py took 0.094 seconds
[2023-10-10T08:58:31.323+0000] {processor.py:157} INFO - Started process (PID=1068) to work on /home/airflow/.local/lib/python3.8/site-packages/airflow/example_dags/example_xcomargs.py
[2023-10-10T08:58:31.324+0000] {processor.py:829} INFO - Processing file /home/airflow/.local/lib/python3.8/site-packages/airflow/example_dags/example_xcomargs.py for tasks to queue
[2023-10-10T08:58:31.327+0000] {logging_mixin.py:151} INFO - [2023-10-10T08:58:31.327+0000] {dagbag.py:539} INFO - Filling up the DagBag from /home/airflow/.local/lib/python3.8/site-packages/airflow/example_dags/example_xcomargs.py
[2023-10-10T08:58:31.335+0000] {processor.py:839} INFO - DAG(s) dict_keys(['example_xcom_args_with_operators', 'example_xcom_args']) retrieved from /home/airflow/.local/lib/python3.8/site-packages/airflow/example_dags/example_xcomargs.py
[2023-10-10T08:58:31.355+0000] {logging_mixin.py:151} INFO - [2023-10-10T08:58:31.355+0000] {dag.py:2915} INFO - Sync 2 DAGs
[2023-10-10T08:58:31.366+0000] {logging_mixin.py:151} INFO - [2023-10-10T08:58:31.366+0000] {dag.py:3696} INFO - Setting next_dagrun for example_xcom_args to None, run_after=None
[2023-10-10T08:58:31.369+0000] {logging_mixin.py:151} INFO - [2023-10-10T08:58:31.368+0000] {dag.py:3696} INFO - Setting next_dagrun for example_xcom_args_with_operators to None, run_after=None
[2023-10-10T08:58:31.379+0000] {processor.py:179} INFO - Processing /home/airflow/.local/lib/python3.8/site-packages/airflow/example_dags/example_xcomargs.py took 0.062 seconds
[2023-10-10T08:59:01.941+0000] {processor.py:157} INFO - Started process (PID=1129) to work on /home/airflow/.local/lib/python3.8/site-packages/airflow/example_dags/example_xcomargs.py
[2023-10-10T08:59:01.942+0000] {processor.py:829} INFO - Processing file /home/airflow/.local/lib/python3.8/site-packages/airflow/example_dags/example_xcomargs.py for tasks to queue
[2023-10-10T08:59:01.946+0000] {logging_mixin.py:151} INFO - [2023-10-10T08:59:01.945+0000] {dagbag.py:539} INFO - Filling up the DagBag from /home/airflow/.local/lib/python3.8/site-packages/airflow/example_dags/example_xcomargs.py
[2023-10-10T08:59:01.964+0000] {processor.py:839} INFO - DAG(s) dict_keys(['example_xcom_args', 'example_xcom_args_with_operators']) retrieved from /home/airflow/.local/lib/python3.8/site-packages/airflow/example_dags/example_xcomargs.py
[2023-10-10T08:59:02.000+0000] {logging_mixin.py:151} INFO - [2023-10-10T08:59:02.000+0000] {dag.py:2915} INFO - Sync 2 DAGs
[2023-10-10T08:59:02.017+0000] {logging_mixin.py:151} INFO - [2023-10-10T08:59:02.017+0000] {dag.py:3696} INFO - Setting next_dagrun for example_xcom_args to None, run_after=None
[2023-10-10T08:59:02.019+0000] {logging_mixin.py:151} INFO - [2023-10-10T08:59:02.019+0000] {dag.py:3696} INFO - Setting next_dagrun for example_xcom_args_with_operators to None, run_after=None
[2023-10-10T08:59:02.031+0000] {processor.py:179} INFO - Processing /home/airflow/.local/lib/python3.8/site-packages/airflow/example_dags/example_xcomargs.py took 0.097 seconds
[2023-10-10T08:59:32.553+0000] {processor.py:157} INFO - Started process (PID=1190) to work on /home/airflow/.local/lib/python3.8/site-packages/airflow/example_dags/example_xcomargs.py
[2023-10-10T08:59:32.554+0000] {processor.py:829} INFO - Processing file /home/airflow/.local/lib/python3.8/site-packages/airflow/example_dags/example_xcomargs.py for tasks to queue
[2023-10-10T08:59:32.560+0000] {logging_mixin.py:151} INFO - [2023-10-10T08:59:32.558+0000] {dagbag.py:539} INFO - Filling up the DagBag from /home/airflow/.local/lib/python3.8/site-packages/airflow/example_dags/example_xcomargs.py
[2023-10-10T08:59:32.576+0000] {processor.py:839} INFO - DAG(s) dict_keys(['example_xcom_args', 'example_xcom_args_with_operators']) retrieved from /home/airflow/.local/lib/python3.8/site-packages/airflow/example_dags/example_xcomargs.py
[2023-10-10T08:59:32.611+0000] {logging_mixin.py:151} INFO - [2023-10-10T08:59:32.610+0000] {dag.py:2915} INFO - Sync 2 DAGs
[2023-10-10T08:59:32.634+0000] {logging_mixin.py:151} INFO - [2023-10-10T08:59:32.634+0000] {dag.py:3696} INFO - Setting next_dagrun for example_xcom_args to None, run_after=None
[2023-10-10T08:59:32.637+0000] {logging_mixin.py:151} INFO - [2023-10-10T08:59:32.637+0000] {dag.py:3696} INFO - Setting next_dagrun for example_xcom_args_with_operators to None, run_after=None
[2023-10-10T08:59:32.652+0000] {processor.py:179} INFO - Processing /home/airflow/.local/lib/python3.8/site-packages/airflow/example_dags/example_xcomargs.py took 0.103 seconds
[2023-10-10T09:00:02.976+0000] {processor.py:157} INFO - Started process (PID=1251) to work on /home/airflow/.local/lib/python3.8/site-packages/airflow/example_dags/example_xcomargs.py
[2023-10-10T09:00:02.977+0000] {processor.py:829} INFO - Processing file /home/airflow/.local/lib/python3.8/site-packages/airflow/example_dags/example_xcomargs.py for tasks to queue
[2023-10-10T09:00:02.980+0000] {logging_mixin.py:151} INFO - [2023-10-10T09:00:02.979+0000] {dagbag.py:539} INFO - Filling up the DagBag from /home/airflow/.local/lib/python3.8/site-packages/airflow/example_dags/example_xcomargs.py
[2023-10-10T09:00:02.994+0000] {processor.py:839} INFO - DAG(s) dict_keys(['example_xcom_args', 'example_xcom_args_with_operators']) retrieved from /home/airflow/.local/lib/python3.8/site-packages/airflow/example_dags/example_xcomargs.py
[2023-10-10T09:00:03.038+0000] {logging_mixin.py:151} INFO - [2023-10-10T09:00:03.038+0000] {dag.py:2915} INFO - Sync 2 DAGs
[2023-10-10T09:00:03.049+0000] {logging_mixin.py:151} INFO - [2023-10-10T09:00:03.049+0000] {dag.py:3696} INFO - Setting next_dagrun for example_xcom_args to None, run_after=None
[2023-10-10T09:00:03.052+0000] {logging_mixin.py:151} INFO - [2023-10-10T09:00:03.052+0000] {dag.py:3696} INFO - Setting next_dagrun for example_xcom_args_with_operators to None, run_after=None
[2023-10-10T09:00:03.064+0000] {processor.py:179} INFO - Processing /home/airflow/.local/lib/python3.8/site-packages/airflow/example_dags/example_xcomargs.py took 0.092 seconds
[2023-10-10T09:00:33.279+0000] {processor.py:157} INFO - Started process (PID=1312) to work on /home/airflow/.local/lib/python3.8/site-packages/airflow/example_dags/example_xcomargs.py
[2023-10-10T09:00:33.281+0000] {processor.py:829} INFO - Processing file /home/airflow/.local/lib/python3.8/site-packages/airflow/example_dags/example_xcomargs.py for tasks to queue
[2023-10-10T09:00:33.284+0000] {logging_mixin.py:151} INFO - [2023-10-10T09:00:33.283+0000] {dagbag.py:539} INFO - Filling up the DagBag from /home/airflow/.local/lib/python3.8/site-packages/airflow/example_dags/example_xcomargs.py
[2023-10-10T09:00:33.293+0000] {processor.py:839} INFO - DAG(s) dict_keys(['example_xcom_args_with_operators', 'example_xcom_args']) retrieved from /home/airflow/.local/lib/python3.8/site-packages/airflow/example_dags/example_xcomargs.py
[2023-10-10T09:00:33.318+0000] {logging_mixin.py:151} INFO - [2023-10-10T09:00:33.318+0000] {dag.py:2915} INFO - Sync 2 DAGs
[2023-10-10T09:00:33.330+0000] {logging_mixin.py:151} INFO - [2023-10-10T09:00:33.330+0000] {dag.py:3696} INFO - Setting next_dagrun for example_xcom_args to None, run_after=None
[2023-10-10T09:00:33.332+0000] {logging_mixin.py:151} INFO - [2023-10-10T09:00:33.332+0000] {dag.py:3696} INFO - Setting next_dagrun for example_xcom_args_with_operators to None, run_after=None
[2023-10-10T09:00:33.343+0000] {processor.py:179} INFO - Processing /home/airflow/.local/lib/python3.8/site-packages/airflow/example_dags/example_xcomargs.py took 0.070 seconds
[2023-10-10T09:01:03.617+0000] {processor.py:157} INFO - Started process (PID=1373) to work on /home/airflow/.local/lib/python3.8/site-packages/airflow/example_dags/example_xcomargs.py
[2023-10-10T09:01:03.618+0000] {processor.py:829} INFO - Processing file /home/airflow/.local/lib/python3.8/site-packages/airflow/example_dags/example_xcomargs.py for tasks to queue
[2023-10-10T09:01:03.619+0000] {logging_mixin.py:151} INFO - [2023-10-10T09:01:03.619+0000] {dagbag.py:539} INFO - Filling up the DagBag from /home/airflow/.local/lib/python3.8/site-packages/airflow/example_dags/example_xcomargs.py
[2023-10-10T09:01:03.627+0000] {processor.py:839} INFO - DAG(s) dict_keys(['example_xcom_args_with_operators', 'example_xcom_args']) retrieved from /home/airflow/.local/lib/python3.8/site-packages/airflow/example_dags/example_xcomargs.py
[2023-10-10T09:01:03.649+0000] {logging_mixin.py:151} INFO - [2023-10-10T09:01:03.649+0000] {dag.py:2915} INFO - Sync 2 DAGs
[2023-10-10T09:01:03.658+0000] {logging_mixin.py:151} INFO - [2023-10-10T09:01:03.658+0000] {dag.py:3696} INFO - Setting next_dagrun for example_xcom_args to None, run_after=None
[2023-10-10T09:01:03.660+0000] {logging_mixin.py:151} INFO - [2023-10-10T09:01:03.660+0000] {dag.py:3696} INFO - Setting next_dagrun for example_xcom_args_with_operators to None, run_after=None
[2023-10-10T09:01:03.670+0000] {processor.py:179} INFO - Processing /home/airflow/.local/lib/python3.8/site-packages/airflow/example_dags/example_xcomargs.py took 0.057 seconds
[2023-10-10T09:01:33.773+0000] {processor.py:157} INFO - Started process (PID=1434) to work on /home/airflow/.local/lib/python3.8/site-packages/airflow/example_dags/example_xcomargs.py
[2023-10-10T09:01:33.774+0000] {processor.py:829} INFO - Processing file /home/airflow/.local/lib/python3.8/site-packages/airflow/example_dags/example_xcomargs.py for tasks to queue
[2023-10-10T09:01:33.776+0000] {logging_mixin.py:151} INFO - [2023-10-10T09:01:33.776+0000] {dagbag.py:539} INFO - Filling up the DagBag from /home/airflow/.local/lib/python3.8/site-packages/airflow/example_dags/example_xcomargs.py
[2023-10-10T09:01:33.783+0000] {processor.py:839} INFO - DAG(s) dict_keys(['example_xcom_args', 'example_xcom_args_with_operators']) retrieved from /home/airflow/.local/lib/python3.8/site-packages/airflow/example_dags/example_xcomargs.py
[2023-10-10T09:01:33.807+0000] {logging_mixin.py:151} INFO - [2023-10-10T09:01:33.807+0000] {dag.py:2915} INFO - Sync 2 DAGs
[2023-10-10T09:01:33.816+0000] {logging_mixin.py:151} INFO - [2023-10-10T09:01:33.816+0000] {dag.py:3696} INFO - Setting next_dagrun for example_xcom_args to None, run_after=None
[2023-10-10T09:01:33.818+0000] {logging_mixin.py:151} INFO - [2023-10-10T09:01:33.818+0000] {dag.py:3696} INFO - Setting next_dagrun for example_xcom_args_with_operators to None, run_after=None
[2023-10-10T09:01:33.830+0000] {processor.py:179} INFO - Processing /home/airflow/.local/lib/python3.8/site-packages/airflow/example_dags/example_xcomargs.py took 0.062 seconds
[2023-10-10T09:02:03.925+0000] {processor.py:157} INFO - Started process (PID=1494) to work on /home/airflow/.local/lib/python3.8/site-packages/airflow/example_dags/example_xcomargs.py
[2023-10-10T09:02:03.926+0000] {processor.py:829} INFO - Processing file /home/airflow/.local/lib/python3.8/site-packages/airflow/example_dags/example_xcomargs.py for tasks to queue
[2023-10-10T09:02:03.934+0000] {logging_mixin.py:151} INFO - [2023-10-10T09:02:03.932+0000] {dagbag.py:539} INFO - Filling up the DagBag from /home/airflow/.local/lib/python3.8/site-packages/airflow/example_dags/example_xcomargs.py
[2023-10-10T09:02:03.949+0000] {processor.py:839} INFO - DAG(s) dict_keys(['example_xcom_args', 'example_xcom_args_with_operators']) retrieved from /home/airflow/.local/lib/python3.8/site-packages/airflow/example_dags/example_xcomargs.py
[2023-10-10T09:02:03.979+0000] {logging_mixin.py:151} INFO - [2023-10-10T09:02:03.979+0000] {dag.py:2915} INFO - Sync 2 DAGs
[2023-10-10T09:02:03.989+0000] {logging_mixin.py:151} INFO - [2023-10-10T09:02:03.988+0000] {dag.py:3696} INFO - Setting next_dagrun for example_xcom_args to None, run_after=None
[2023-10-10T09:02:03.991+0000] {logging_mixin.py:151} INFO - [2023-10-10T09:02:03.991+0000] {dag.py:3696} INFO - Setting next_dagrun for example_xcom_args_with_operators to None, run_after=None
[2023-10-10T09:02:04.001+0000] {processor.py:179} INFO - Processing /home/airflow/.local/lib/python3.8/site-packages/airflow/example_dags/example_xcomargs.py took 0.084 seconds
[2023-10-10T09:02:34.103+0000] {processor.py:157} INFO - Started process (PID=1555) to work on /home/airflow/.local/lib/python3.8/site-packages/airflow/example_dags/example_xcomargs.py
[2023-10-10T09:02:34.105+0000] {processor.py:829} INFO - Processing file /home/airflow/.local/lib/python3.8/site-packages/airflow/example_dags/example_xcomargs.py for tasks to queue
[2023-10-10T09:02:34.107+0000] {logging_mixin.py:151} INFO - [2023-10-10T09:02:34.106+0000] {dagbag.py:539} INFO - Filling up the DagBag from /home/airflow/.local/lib/python3.8/site-packages/airflow/example_dags/example_xcomargs.py
[2023-10-10T09:02:34.113+0000] {processor.py:839} INFO - DAG(s) dict_keys(['example_xcom_args', 'example_xcom_args_with_operators']) retrieved from /home/airflow/.local/lib/python3.8/site-packages/airflow/example_dags/example_xcomargs.py
[2023-10-10T09:02:34.135+0000] {logging_mixin.py:151} INFO - [2023-10-10T09:02:34.135+0000] {dag.py:2915} INFO - Sync 2 DAGs
[2023-10-10T09:02:34.145+0000] {logging_mixin.py:151} INFO - [2023-10-10T09:02:34.145+0000] {dag.py:3696} INFO - Setting next_dagrun for example_xcom_args to None, run_after=None
[2023-10-10T09:02:34.160+0000] {logging_mixin.py:151} INFO - [2023-10-10T09:02:34.160+0000] {dag.py:3696} INFO - Setting next_dagrun for example_xcom_args_with_operators to None, run_after=None
[2023-10-10T09:02:34.173+0000] {processor.py:179} INFO - Processing /home/airflow/.local/lib/python3.8/site-packages/airflow/example_dags/example_xcomargs.py took 0.074 seconds
[2023-10-10T09:03:04.391+0000] {processor.py:157} INFO - Started process (PID=1610) to work on /home/airflow/.local/lib/python3.8/site-packages/airflow/example_dags/example_xcomargs.py
[2023-10-10T09:03:04.393+0000] {processor.py:829} INFO - Processing file /home/airflow/.local/lib/python3.8/site-packages/airflow/example_dags/example_xcomargs.py for tasks to queue
[2023-10-10T09:03:04.396+0000] {logging_mixin.py:151} INFO - [2023-10-10T09:03:04.396+0000] {dagbag.py:539} INFO - Filling up the DagBag from /home/airflow/.local/lib/python3.8/site-packages/airflow/example_dags/example_xcomargs.py
[2023-10-10T09:03:04.411+0000] {processor.py:839} INFO - DAG(s) dict_keys(['example_xcom_args', 'example_xcom_args_with_operators']) retrieved from /home/airflow/.local/lib/python3.8/site-packages/airflow/example_dags/example_xcomargs.py
[2023-10-10T09:03:04.447+0000] {logging_mixin.py:151} INFO - [2023-10-10T09:03:04.447+0000] {dag.py:2915} INFO - Sync 2 DAGs
[2023-10-10T09:03:04.468+0000] {logging_mixin.py:151} INFO - [2023-10-10T09:03:04.468+0000] {dag.py:3696} INFO - Setting next_dagrun for example_xcom_args to None, run_after=None
[2023-10-10T09:03:04.474+0000] {logging_mixin.py:151} INFO - [2023-10-10T09:03:04.474+0000] {dag.py:3696} INFO - Setting next_dagrun for example_xcom_args_with_operators to None, run_after=None
[2023-10-10T09:03:04.531+0000] {processor.py:179} INFO - Processing /home/airflow/.local/lib/python3.8/site-packages/airflow/example_dags/example_xcomargs.py took 0.146 seconds
[2023-10-10T09:03:35.529+0000] {processor.py:157} INFO - Started process (PID=1671) to work on /home/airflow/.local/lib/python3.8/site-packages/airflow/example_dags/example_xcomargs.py
[2023-10-10T09:03:35.530+0000] {processor.py:829} INFO - Processing file /home/airflow/.local/lib/python3.8/site-packages/airflow/example_dags/example_xcomargs.py for tasks to queue
[2023-10-10T09:03:35.533+0000] {logging_mixin.py:151} INFO - [2023-10-10T09:03:35.532+0000] {dagbag.py:539} INFO - Filling up the DagBag from /home/airflow/.local/lib/python3.8/site-packages/airflow/example_dags/example_xcomargs.py
[2023-10-10T09:03:35.544+0000] {processor.py:839} INFO - DAG(s) dict_keys(['example_xcom_args', 'example_xcom_args_with_operators']) retrieved from /home/airflow/.local/lib/python3.8/site-packages/airflow/example_dags/example_xcomargs.py
[2023-10-10T09:03:35.569+0000] {logging_mixin.py:151} INFO - [2023-10-10T09:03:35.568+0000] {dag.py:2915} INFO - Sync 2 DAGs
[2023-10-10T09:03:35.584+0000] {logging_mixin.py:151} INFO - [2023-10-10T09:03:35.584+0000] {dag.py:3696} INFO - Setting next_dagrun for example_xcom_args to None, run_after=None
[2023-10-10T09:03:35.597+0000] {logging_mixin.py:151} INFO - [2023-10-10T09:03:35.597+0000] {dag.py:3696} INFO - Setting next_dagrun for example_xcom_args_with_operators to None, run_after=None
[2023-10-10T09:03:35.622+0000] {processor.py:179} INFO - Processing /home/airflow/.local/lib/python3.8/site-packages/airflow/example_dags/example_xcomargs.py took 0.098 seconds
[2023-10-10T09:04:06.572+0000] {processor.py:157} INFO - Started process (PID=1732) to work on /home/airflow/.local/lib/python3.8/site-packages/airflow/example_dags/example_xcomargs.py
[2023-10-10T09:04:06.573+0000] {processor.py:829} INFO - Processing file /home/airflow/.local/lib/python3.8/site-packages/airflow/example_dags/example_xcomargs.py for tasks to queue
[2023-10-10T09:04:06.575+0000] {logging_mixin.py:151} INFO - [2023-10-10T09:04:06.574+0000] {dagbag.py:539} INFO - Filling up the DagBag from /home/airflow/.local/lib/python3.8/site-packages/airflow/example_dags/example_xcomargs.py
[2023-10-10T09:04:06.581+0000] {processor.py:839} INFO - DAG(s) dict_keys(['example_xcom_args', 'example_xcom_args_with_operators']) retrieved from /home/airflow/.local/lib/python3.8/site-packages/airflow/example_dags/example_xcomargs.py
[2023-10-10T09:04:06.614+0000] {logging_mixin.py:151} INFO - [2023-10-10T09:04:06.614+0000] {dag.py:2915} INFO - Sync 2 DAGs
[2023-10-10T09:04:06.636+0000] {logging_mixin.py:151} INFO - [2023-10-10T09:04:06.636+0000] {dag.py:3696} INFO - Setting next_dagrun for example_xcom_args to None, run_after=None
[2023-10-10T09:04:06.642+0000] {logging_mixin.py:151} INFO - [2023-10-10T09:04:06.642+0000] {dag.py:3696} INFO - Setting next_dagrun for example_xcom_args_with_operators to None, run_after=None
[2023-10-10T09:04:06.681+0000] {processor.py:179} INFO - Processing /home/airflow/.local/lib/python3.8/site-packages/airflow/example_dags/example_xcomargs.py took 0.112 seconds
[2023-10-10T09:04:37.112+0000] {processor.py:157} INFO - Started process (PID=1792) to work on /home/airflow/.local/lib/python3.8/site-packages/airflow/example_dags/example_xcomargs.py
[2023-10-10T09:04:37.114+0000] {processor.py:829} INFO - Processing file /home/airflow/.local/lib/python3.8/site-packages/airflow/example_dags/example_xcomargs.py for tasks to queue
[2023-10-10T09:04:37.116+0000] {logging_mixin.py:151} INFO - [2023-10-10T09:04:37.116+0000] {dagbag.py:539} INFO - Filling up the DagBag from /home/airflow/.local/lib/python3.8/site-packages/airflow/example_dags/example_xcomargs.py
[2023-10-10T09:04:37.127+0000] {processor.py:839} INFO - DAG(s) dict_keys(['example_xcom_args_with_operators', 'example_xcom_args']) retrieved from /home/airflow/.local/lib/python3.8/site-packages/airflow/example_dags/example_xcomargs.py
[2023-10-10T09:04:37.165+0000] {logging_mixin.py:151} INFO - [2023-10-10T09:04:37.165+0000] {dag.py:2915} INFO - Sync 2 DAGs
[2023-10-10T09:04:37.182+0000] {logging_mixin.py:151} INFO - [2023-10-10T09:04:37.182+0000] {dag.py:3696} INFO - Setting next_dagrun for example_xcom_args to None, run_after=None
[2023-10-10T09:04:37.191+0000] {logging_mixin.py:151} INFO - [2023-10-10T09:04:37.191+0000] {dag.py:3696} INFO - Setting next_dagrun for example_xcom_args_with_operators to None, run_after=None
[2023-10-10T09:04:37.204+0000] {processor.py:179} INFO - Processing /home/airflow/.local/lib/python3.8/site-packages/airflow/example_dags/example_xcomargs.py took 0.097 seconds
[2023-10-10T09:05:07.669+0000] {processor.py:157} INFO - Started process (PID=1853) to work on /home/airflow/.local/lib/python3.8/site-packages/airflow/example_dags/example_xcomargs.py
[2023-10-10T09:05:07.670+0000] {processor.py:829} INFO - Processing file /home/airflow/.local/lib/python3.8/site-packages/airflow/example_dags/example_xcomargs.py for tasks to queue
[2023-10-10T09:05:07.672+0000] {logging_mixin.py:151} INFO - [2023-10-10T09:05:07.672+0000] {dagbag.py:539} INFO - Filling up the DagBag from /home/airflow/.local/lib/python3.8/site-packages/airflow/example_dags/example_xcomargs.py
[2023-10-10T09:05:07.680+0000] {processor.py:839} INFO - DAG(s) dict_keys(['example_xcom_args', 'example_xcom_args_with_operators']) retrieved from /home/airflow/.local/lib/python3.8/site-packages/airflow/example_dags/example_xcomargs.py
[2023-10-10T09:05:07.700+0000] {logging_mixin.py:151} INFO - [2023-10-10T09:05:07.700+0000] {dag.py:2915} INFO - Sync 2 DAGs
[2023-10-10T09:05:07.711+0000] {logging_mixin.py:151} INFO - [2023-10-10T09:05:07.711+0000] {dag.py:3696} INFO - Setting next_dagrun for example_xcom_args to None, run_after=None
[2023-10-10T09:05:07.715+0000] {logging_mixin.py:151} INFO - [2023-10-10T09:05:07.714+0000] {dag.py:3696} INFO - Setting next_dagrun for example_xcom_args_with_operators to None, run_after=None
[2023-10-10T09:05:07.731+0000] {processor.py:179} INFO - Processing /home/airflow/.local/lib/python3.8/site-packages/airflow/example_dags/example_xcomargs.py took 0.066 seconds
[2023-10-10T09:05:38.441+0000] {processor.py:157} INFO - Started process (PID=1913) to work on /home/airflow/.local/lib/python3.8/site-packages/airflow/example_dags/example_xcomargs.py
[2023-10-10T09:05:38.442+0000] {processor.py:829} INFO - Processing file /home/airflow/.local/lib/python3.8/site-packages/airflow/example_dags/example_xcomargs.py for tasks to queue
[2023-10-10T09:05:38.444+0000] {logging_mixin.py:151} INFO - [2023-10-10T09:05:38.443+0000] {dagbag.py:539} INFO - Filling up the DagBag from /home/airflow/.local/lib/python3.8/site-packages/airflow/example_dags/example_xcomargs.py
[2023-10-10T09:05:38.451+0000] {processor.py:839} INFO - DAG(s) dict_keys(['example_xcom_args_with_operators', 'example_xcom_args']) retrieved from /home/airflow/.local/lib/python3.8/site-packages/airflow/example_dags/example_xcomargs.py
[2023-10-10T09:05:38.469+0000] {logging_mixin.py:151} INFO - [2023-10-10T09:05:38.469+0000] {dag.py:2915} INFO - Sync 2 DAGs
[2023-10-10T09:05:38.479+0000] {logging_mixin.py:151} INFO - [2023-10-10T09:05:38.479+0000] {dag.py:3696} INFO - Setting next_dagrun for example_xcom_args to None, run_after=None
[2023-10-10T09:05:38.481+0000] {logging_mixin.py:151} INFO - [2023-10-10T09:05:38.481+0000] {dag.py:3696} INFO - Setting next_dagrun for example_xcom_args_with_operators to None, run_after=None
[2023-10-10T09:05:38.490+0000] {processor.py:179} INFO - Processing /home/airflow/.local/lib/python3.8/site-packages/airflow/example_dags/example_xcomargs.py took 0.055 seconds
[2023-10-10T09:06:08.982+0000] {processor.py:157} INFO - Started process (PID=1974) to work on /home/airflow/.local/lib/python3.8/site-packages/airflow/example_dags/example_xcomargs.py
[2023-10-10T09:06:08.984+0000] {processor.py:829} INFO - Processing file /home/airflow/.local/lib/python3.8/site-packages/airflow/example_dags/example_xcomargs.py for tasks to queue
[2023-10-10T09:06:08.986+0000] {logging_mixin.py:151} INFO - [2023-10-10T09:06:08.986+0000] {dagbag.py:539} INFO - Filling up the DagBag from /home/airflow/.local/lib/python3.8/site-packages/airflow/example_dags/example_xcomargs.py
[2023-10-10T09:06:08.995+0000] {processor.py:839} INFO - DAG(s) dict_keys(['example_xcom_args', 'example_xcom_args_with_operators']) retrieved from /home/airflow/.local/lib/python3.8/site-packages/airflow/example_dags/example_xcomargs.py
[2023-10-10T09:06:09.016+0000] {logging_mixin.py:151} INFO - [2023-10-10T09:06:09.016+0000] {dag.py:2915} INFO - Sync 2 DAGs
[2023-10-10T09:06:09.029+0000] {logging_mixin.py:151} INFO - [2023-10-10T09:06:09.029+0000] {dag.py:3696} INFO - Setting next_dagrun for example_xcom_args to None, run_after=None
[2023-10-10T09:06:09.031+0000] {logging_mixin.py:151} INFO - [2023-10-10T09:06:09.031+0000] {dag.py:3696} INFO - Setting next_dagrun for example_xcom_args_with_operators to None, run_after=None
[2023-10-10T09:06:09.044+0000] {processor.py:179} INFO - Processing /home/airflow/.local/lib/python3.8/site-packages/airflow/example_dags/example_xcomargs.py took 0.071 seconds
[2023-10-10T09:06:39.507+0000] {processor.py:157} INFO - Started process (PID=2035) to work on /home/airflow/.local/lib/python3.8/site-packages/airflow/example_dags/example_xcomargs.py
[2023-10-10T09:06:39.509+0000] {processor.py:829} INFO - Processing file /home/airflow/.local/lib/python3.8/site-packages/airflow/example_dags/example_xcomargs.py for tasks to queue
[2023-10-10T09:06:39.512+0000] {logging_mixin.py:151} INFO - [2023-10-10T09:06:39.512+0000] {dagbag.py:539} INFO - Filling up the DagBag from /home/airflow/.local/lib/python3.8/site-packages/airflow/example_dags/example_xcomargs.py
[2023-10-10T09:06:39.532+0000] {processor.py:839} INFO - DAG(s) dict_keys(['example_xcom_args_with_operators', 'example_xcom_args']) retrieved from /home/airflow/.local/lib/python3.8/site-packages/airflow/example_dags/example_xcomargs.py
[2023-10-10T09:06:39.579+0000] {logging_mixin.py:151} INFO - [2023-10-10T09:06:39.579+0000] {dag.py:2915} INFO - Sync 2 DAGs
[2023-10-10T09:06:39.604+0000] {logging_mixin.py:151} INFO - [2023-10-10T09:06:39.603+0000] {dag.py:3696} INFO - Setting next_dagrun for example_xcom_args to None, run_after=None
[2023-10-10T09:06:39.608+0000] {logging_mixin.py:151} INFO - [2023-10-10T09:06:39.608+0000] {dag.py:3696} INFO - Setting next_dagrun for example_xcom_args_with_operators to None, run_after=None
[2023-10-10T09:06:39.630+0000] {processor.py:179} INFO - Processing /home/airflow/.local/lib/python3.8/site-packages/airflow/example_dags/example_xcomargs.py took 0.131 seconds
[2023-10-10T09:07:10.041+0000] {processor.py:157} INFO - Started process (PID=2096) to work on /home/airflow/.local/lib/python3.8/site-packages/airflow/example_dags/example_xcomargs.py
[2023-10-10T09:07:10.043+0000] {processor.py:829} INFO - Processing file /home/airflow/.local/lib/python3.8/site-packages/airflow/example_dags/example_xcomargs.py for tasks to queue
[2023-10-10T09:07:10.045+0000] {logging_mixin.py:151} INFO - [2023-10-10T09:07:10.045+0000] {dagbag.py:539} INFO - Filling up the DagBag from /home/airflow/.local/lib/python3.8/site-packages/airflow/example_dags/example_xcomargs.py
[2023-10-10T09:07:10.061+0000] {processor.py:839} INFO - DAG(s) dict_keys(['example_xcom_args_with_operators', 'example_xcom_args']) retrieved from /home/airflow/.local/lib/python3.8/site-packages/airflow/example_dags/example_xcomargs.py
[2023-10-10T09:07:10.097+0000] {logging_mixin.py:151} INFO - [2023-10-10T09:07:10.097+0000] {dag.py:2915} INFO - Sync 2 DAGs
[2023-10-10T09:07:10.117+0000] {logging_mixin.py:151} INFO - [2023-10-10T09:07:10.117+0000] {dag.py:3696} INFO - Setting next_dagrun for example_xcom_args to None, run_after=None
[2023-10-10T09:07:10.120+0000] {logging_mixin.py:151} INFO - [2023-10-10T09:07:10.120+0000] {dag.py:3696} INFO - Setting next_dagrun for example_xcom_args_with_operators to None, run_after=None
[2023-10-10T09:07:10.138+0000] {processor.py:179} INFO - Processing /home/airflow/.local/lib/python3.8/site-packages/airflow/example_dags/example_xcomargs.py took 0.100 seconds
[2023-10-10T09:07:40.536+0000] {processor.py:157} INFO - Started process (PID=2157) to work on /home/airflow/.local/lib/python3.8/site-packages/airflow/example_dags/example_xcomargs.py
[2023-10-10T09:07:40.537+0000] {processor.py:829} INFO - Processing file /home/airflow/.local/lib/python3.8/site-packages/airflow/example_dags/example_xcomargs.py for tasks to queue
[2023-10-10T09:07:40.540+0000] {logging_mixin.py:151} INFO - [2023-10-10T09:07:40.539+0000] {dagbag.py:539} INFO - Filling up the DagBag from /home/airflow/.local/lib/python3.8/site-packages/airflow/example_dags/example_xcomargs.py
[2023-10-10T09:07:40.557+0000] {processor.py:839} INFO - DAG(s) dict_keys(['example_xcom_args', 'example_xcom_args_with_operators']) retrieved from /home/airflow/.local/lib/python3.8/site-packages/airflow/example_dags/example_xcomargs.py
[2023-10-10T09:07:40.612+0000] {logging_mixin.py:151} INFO - [2023-10-10T09:07:40.612+0000] {dag.py:2915} INFO - Sync 2 DAGs
[2023-10-10T09:07:40.625+0000] {logging_mixin.py:151} INFO - [2023-10-10T09:07:40.625+0000] {dag.py:3696} INFO - Setting next_dagrun for example_xcom_args to None, run_after=None
[2023-10-10T09:07:40.628+0000] {logging_mixin.py:151} INFO - [2023-10-10T09:07:40.627+0000] {dag.py:3696} INFO - Setting next_dagrun for example_xcom_args_with_operators to None, run_after=None
[2023-10-10T09:07:40.642+0000] {processor.py:179} INFO - Processing /home/airflow/.local/lib/python3.8/site-packages/airflow/example_dags/example_xcomargs.py took 0.116 seconds
[2023-10-10T09:08:10.778+0000] {processor.py:157} INFO - Started process (PID=2218) to work on /home/airflow/.local/lib/python3.8/site-packages/airflow/example_dags/example_xcomargs.py
[2023-10-10T09:08:10.780+0000] {processor.py:829} INFO - Processing file /home/airflow/.local/lib/python3.8/site-packages/airflow/example_dags/example_xcomargs.py for tasks to queue
[2023-10-10T09:08:10.790+0000] {logging_mixin.py:151} INFO - [2023-10-10T09:08:10.788+0000] {dagbag.py:539} INFO - Filling up the DagBag from /home/airflow/.local/lib/python3.8/site-packages/airflow/example_dags/example_xcomargs.py
[2023-10-10T09:08:10.812+0000] {processor.py:839} INFO - DAG(s) dict_keys(['example_xcom_args', 'example_xcom_args_with_operators']) retrieved from /home/airflow/.local/lib/python3.8/site-packages/airflow/example_dags/example_xcomargs.py
[2023-10-10T09:08:10.852+0000] {logging_mixin.py:151} INFO - [2023-10-10T09:08:10.851+0000] {dag.py:2915} INFO - Sync 2 DAGs
[2023-10-10T09:08:10.867+0000] {logging_mixin.py:151} INFO - [2023-10-10T09:08:10.867+0000] {dag.py:3696} INFO - Setting next_dagrun for example_xcom_args to None, run_after=None
[2023-10-10T09:08:10.872+0000] {logging_mixin.py:151} INFO - [2023-10-10T09:08:10.872+0000] {dag.py:3696} INFO - Setting next_dagrun for example_xcom_args_with_operators to None, run_after=None
[2023-10-10T09:08:10.894+0000] {processor.py:179} INFO - Processing /home/airflow/.local/lib/python3.8/site-packages/airflow/example_dags/example_xcomargs.py took 0.121 seconds
[2023-10-10T09:08:41.269+0000] {processor.py:157} INFO - Started process (PID=2279) to work on /home/airflow/.local/lib/python3.8/site-packages/airflow/example_dags/example_xcomargs.py
[2023-10-10T09:08:41.271+0000] {processor.py:829} INFO - Processing file /home/airflow/.local/lib/python3.8/site-packages/airflow/example_dags/example_xcomargs.py for tasks to queue
[2023-10-10T09:08:41.273+0000] {logging_mixin.py:151} INFO - [2023-10-10T09:08:41.273+0000] {dagbag.py:539} INFO - Filling up the DagBag from /home/airflow/.local/lib/python3.8/site-packages/airflow/example_dags/example_xcomargs.py
[2023-10-10T09:08:41.308+0000] {processor.py:839} INFO - DAG(s) dict_keys(['example_xcom_args_with_operators', 'example_xcom_args']) retrieved from /home/airflow/.local/lib/python3.8/site-packages/airflow/example_dags/example_xcomargs.py
[2023-10-10T09:08:41.367+0000] {logging_mixin.py:151} INFO - [2023-10-10T09:08:41.367+0000] {dag.py:2915} INFO - Sync 2 DAGs
[2023-10-10T09:08:41.378+0000] {logging_mixin.py:151} INFO - [2023-10-10T09:08:41.378+0000] {dag.py:3696} INFO - Setting next_dagrun for example_xcom_args to None, run_after=None
[2023-10-10T09:08:41.382+0000] {logging_mixin.py:151} INFO - [2023-10-10T09:08:41.382+0000] {dag.py:3696} INFO - Setting next_dagrun for example_xcom_args_with_operators to None, run_after=None
[2023-10-10T09:08:41.398+0000] {processor.py:179} INFO - Processing /home/airflow/.local/lib/python3.8/site-packages/airflow/example_dags/example_xcomargs.py took 0.134 seconds
[2023-10-10T09:09:11.879+0000] {processor.py:157} INFO - Started process (PID=2340) to work on /home/airflow/.local/lib/python3.8/site-packages/airflow/example_dags/example_xcomargs.py
[2023-10-10T09:09:11.881+0000] {processor.py:829} INFO - Processing file /home/airflow/.local/lib/python3.8/site-packages/airflow/example_dags/example_xcomargs.py for tasks to queue
[2023-10-10T09:09:11.884+0000] {logging_mixin.py:151} INFO - [2023-10-10T09:09:11.883+0000] {dagbag.py:539} INFO - Filling up the DagBag from /home/airflow/.local/lib/python3.8/site-packages/airflow/example_dags/example_xcomargs.py
[2023-10-10T09:09:11.894+0000] {processor.py:839} INFO - DAG(s) dict_keys(['example_xcom_args', 'example_xcom_args_with_operators']) retrieved from /home/airflow/.local/lib/python3.8/site-packages/airflow/example_dags/example_xcomargs.py
[2023-10-10T09:09:11.931+0000] {logging_mixin.py:151} INFO - [2023-10-10T09:09:11.930+0000] {dag.py:2915} INFO - Sync 2 DAGs
[2023-10-10T09:09:11.942+0000] {logging_mixin.py:151} INFO - [2023-10-10T09:09:11.942+0000] {dag.py:3696} INFO - Setting next_dagrun for example_xcom_args to None, run_after=None
[2023-10-10T09:09:11.944+0000] {logging_mixin.py:151} INFO - [2023-10-10T09:09:11.944+0000] {dag.py:3696} INFO - Setting next_dagrun for example_xcom_args_with_operators to None, run_after=None
[2023-10-10T09:09:11.958+0000] {processor.py:179} INFO - Processing /home/airflow/.local/lib/python3.8/site-packages/airflow/example_dags/example_xcomargs.py took 0.083 seconds
[2023-10-10T09:09:42.481+0000] {processor.py:157} INFO - Started process (PID=2401) to work on /home/airflow/.local/lib/python3.8/site-packages/airflow/example_dags/example_xcomargs.py
[2023-10-10T09:09:42.482+0000] {processor.py:829} INFO - Processing file /home/airflow/.local/lib/python3.8/site-packages/airflow/example_dags/example_xcomargs.py for tasks to queue
[2023-10-10T09:09:42.484+0000] {logging_mixin.py:151} INFO - [2023-10-10T09:09:42.484+0000] {dagbag.py:539} INFO - Filling up the DagBag from /home/airflow/.local/lib/python3.8/site-packages/airflow/example_dags/example_xcomargs.py
[2023-10-10T09:09:42.490+0000] {processor.py:839} INFO - DAG(s) dict_keys(['example_xcom_args_with_operators', 'example_xcom_args']) retrieved from /home/airflow/.local/lib/python3.8/site-packages/airflow/example_dags/example_xcomargs.py
[2023-10-10T09:09:42.509+0000] {logging_mixin.py:151} INFO - [2023-10-10T09:09:42.509+0000] {dag.py:2915} INFO - Sync 2 DAGs
[2023-10-10T09:09:42.518+0000] {logging_mixin.py:151} INFO - [2023-10-10T09:09:42.518+0000] {dag.py:3696} INFO - Setting next_dagrun for example_xcom_args to None, run_after=None
[2023-10-10T09:09:42.520+0000] {logging_mixin.py:151} INFO - [2023-10-10T09:09:42.520+0000] {dag.py:3696} INFO - Setting next_dagrun for example_xcom_args_with_operators to None, run_after=None
[2023-10-10T09:09:42.529+0000] {processor.py:179} INFO - Processing /home/airflow/.local/lib/python3.8/site-packages/airflow/example_dags/example_xcomargs.py took 0.051 seconds
[2023-10-10T09:10:13.550+0000] {processor.py:157} INFO - Started process (PID=2461) to work on /home/airflow/.local/lib/python3.8/site-packages/airflow/example_dags/example_xcomargs.py
[2023-10-10T09:10:13.560+0000] {processor.py:829} INFO - Processing file /home/airflow/.local/lib/python3.8/site-packages/airflow/example_dags/example_xcomargs.py for tasks to queue
[2023-10-10T09:10:13.587+0000] {logging_mixin.py:151} INFO - [2023-10-10T09:10:13.584+0000] {dagbag.py:539} INFO - Filling up the DagBag from /home/airflow/.local/lib/python3.8/site-packages/airflow/example_dags/example_xcomargs.py
[2023-10-10T09:10:13.617+0000] {processor.py:839} INFO - DAG(s) dict_keys(['example_xcom_args', 'example_xcom_args_with_operators']) retrieved from /home/airflow/.local/lib/python3.8/site-packages/airflow/example_dags/example_xcomargs.py
[2023-10-10T09:10:13.720+0000] {logging_mixin.py:151} INFO - [2023-10-10T09:10:13.720+0000] {dag.py:2915} INFO - Sync 2 DAGs
[2023-10-10T09:10:13.759+0000] {logging_mixin.py:151} INFO - [2023-10-10T09:10:13.758+0000] {dag.py:3696} INFO - Setting next_dagrun for example_xcom_args to None, run_after=None
[2023-10-10T09:10:13.776+0000] {logging_mixin.py:151} INFO - [2023-10-10T09:10:13.776+0000] {dag.py:3696} INFO - Setting next_dagrun for example_xcom_args_with_operators to None, run_after=None
[2023-10-10T09:10:13.807+0000] {processor.py:179} INFO - Processing /home/airflow/.local/lib/python3.8/site-packages/airflow/example_dags/example_xcomargs.py took 0.268 seconds
[2023-10-10T09:10:44.312+0000] {processor.py:157} INFO - Started process (PID=2529) to work on /home/airflow/.local/lib/python3.8/site-packages/airflow/example_dags/example_xcomargs.py
[2023-10-10T09:10:44.315+0000] {processor.py:829} INFO - Processing file /home/airflow/.local/lib/python3.8/site-packages/airflow/example_dags/example_xcomargs.py for tasks to queue
[2023-10-10T09:10:44.319+0000] {logging_mixin.py:151} INFO - [2023-10-10T09:10:44.318+0000] {dagbag.py:539} INFO - Filling up the DagBag from /home/airflow/.local/lib/python3.8/site-packages/airflow/example_dags/example_xcomargs.py
[2023-10-10T09:10:44.334+0000] {processor.py:839} INFO - DAG(s) dict_keys(['example_xcom_args_with_operators', 'example_xcom_args']) retrieved from /home/airflow/.local/lib/python3.8/site-packages/airflow/example_dags/example_xcomargs.py
[2023-10-10T09:10:44.374+0000] {logging_mixin.py:151} INFO - [2023-10-10T09:10:44.374+0000] {dag.py:2915} INFO - Sync 2 DAGs
[2023-10-10T09:10:44.386+0000] {logging_mixin.py:151} INFO - [2023-10-10T09:10:44.386+0000] {dag.py:3696} INFO - Setting next_dagrun for example_xcom_args to None, run_after=None
[2023-10-10T09:10:44.389+0000] {logging_mixin.py:151} INFO - [2023-10-10T09:10:44.389+0000] {dag.py:3696} INFO - Setting next_dagrun for example_xcom_args_with_operators to None, run_after=None
[2023-10-10T09:10:44.401+0000] {processor.py:179} INFO - Processing /home/airflow/.local/lib/python3.8/site-packages/airflow/example_dags/example_xcomargs.py took 0.099 seconds
[2023-10-10T09:11:14.604+0000] {processor.py:157} INFO - Started process (PID=2590) to work on /home/airflow/.local/lib/python3.8/site-packages/airflow/example_dags/example_xcomargs.py
[2023-10-10T09:11:14.608+0000] {processor.py:829} INFO - Processing file /home/airflow/.local/lib/python3.8/site-packages/airflow/example_dags/example_xcomargs.py for tasks to queue
[2023-10-10T09:11:14.619+0000] {logging_mixin.py:151} INFO - [2023-10-10T09:11:14.618+0000] {dagbag.py:539} INFO - Filling up the DagBag from /home/airflow/.local/lib/python3.8/site-packages/airflow/example_dags/example_xcomargs.py
[2023-10-10T09:11:14.628+0000] {processor.py:839} INFO - DAG(s) dict_keys(['example_xcom_args_with_operators', 'example_xcom_args']) retrieved from /home/airflow/.local/lib/python3.8/site-packages/airflow/example_dags/example_xcomargs.py
[2023-10-10T09:11:14.664+0000] {logging_mixin.py:151} INFO - [2023-10-10T09:11:14.664+0000] {dag.py:2915} INFO - Sync 2 DAGs
[2023-10-10T09:11:14.675+0000] {logging_mixin.py:151} INFO - [2023-10-10T09:11:14.675+0000] {dag.py:3696} INFO - Setting next_dagrun for example_xcom_args to None, run_after=None
[2023-10-10T09:11:14.678+0000] {logging_mixin.py:151} INFO - [2023-10-10T09:11:14.678+0000] {dag.py:3696} INFO - Setting next_dagrun for example_xcom_args_with_operators to None, run_after=None
[2023-10-10T09:11:14.698+0000] {processor.py:179} INFO - Processing /home/airflow/.local/lib/python3.8/site-packages/airflow/example_dags/example_xcomargs.py took 0.113 seconds
[2023-10-10T09:11:44.940+0000] {processor.py:157} INFO - Started process (PID=2651) to work on /home/airflow/.local/lib/python3.8/site-packages/airflow/example_dags/example_xcomargs.py
[2023-10-10T09:11:44.941+0000] {processor.py:829} INFO - Processing file /home/airflow/.local/lib/python3.8/site-packages/airflow/example_dags/example_xcomargs.py for tasks to queue
[2023-10-10T09:11:44.944+0000] {logging_mixin.py:151} INFO - [2023-10-10T09:11:44.944+0000] {dagbag.py:539} INFO - Filling up the DagBag from /home/airflow/.local/lib/python3.8/site-packages/airflow/example_dags/example_xcomargs.py
[2023-10-10T09:11:44.965+0000] {processor.py:839} INFO - DAG(s) dict_keys(['example_xcom_args', 'example_xcom_args_with_operators']) retrieved from /home/airflow/.local/lib/python3.8/site-packages/airflow/example_dags/example_xcomargs.py
[2023-10-10T09:11:45.003+0000] {logging_mixin.py:151} INFO - [2023-10-10T09:11:45.003+0000] {dag.py:2915} INFO - Sync 2 DAGs
[2023-10-10T09:11:45.014+0000] {logging_mixin.py:151} INFO - [2023-10-10T09:11:45.014+0000] {dag.py:3696} INFO - Setting next_dagrun for example_xcom_args to None, run_after=None
[2023-10-10T09:11:45.017+0000] {logging_mixin.py:151} INFO - [2023-10-10T09:11:45.016+0000] {dag.py:3696} INFO - Setting next_dagrun for example_xcom_args_with_operators to None, run_after=None
[2023-10-10T09:11:45.034+0000] {processor.py:179} INFO - Processing /home/airflow/.local/lib/python3.8/site-packages/airflow/example_dags/example_xcomargs.py took 0.100 seconds
[2023-10-10T09:12:15.752+0000] {processor.py:157} INFO - Started process (PID=2712) to work on /home/airflow/.local/lib/python3.8/site-packages/airflow/example_dags/example_xcomargs.py
[2023-10-10T09:12:15.755+0000] {processor.py:829} INFO - Processing file /home/airflow/.local/lib/python3.8/site-packages/airflow/example_dags/example_xcomargs.py for tasks to queue
[2023-10-10T09:12:15.758+0000] {logging_mixin.py:151} INFO - [2023-10-10T09:12:15.757+0000] {dagbag.py:539} INFO - Filling up the DagBag from /home/airflow/.local/lib/python3.8/site-packages/airflow/example_dags/example_xcomargs.py
[2023-10-10T09:12:15.771+0000] {processor.py:839} INFO - DAG(s) dict_keys(['example_xcom_args_with_operators', 'example_xcom_args']) retrieved from /home/airflow/.local/lib/python3.8/site-packages/airflow/example_dags/example_xcomargs.py
[2023-10-10T09:12:15.807+0000] {logging_mixin.py:151} INFO - [2023-10-10T09:12:15.807+0000] {dag.py:2915} INFO - Sync 2 DAGs
[2023-10-10T09:12:15.823+0000] {logging_mixin.py:151} INFO - [2023-10-10T09:12:15.823+0000] {dag.py:3696} INFO - Setting next_dagrun for example_xcom_args to None, run_after=None
[2023-10-10T09:12:15.826+0000] {logging_mixin.py:151} INFO - [2023-10-10T09:12:15.826+0000] {dag.py:3696} INFO - Setting next_dagrun for example_xcom_args_with_operators to None, run_after=None
[2023-10-10T09:12:15.840+0000] {processor.py:179} INFO - Processing /home/airflow/.local/lib/python3.8/site-packages/airflow/example_dags/example_xcomargs.py took 0.093 seconds
[2023-10-10T09:12:46.373+0000] {processor.py:157} INFO - Started process (PID=2773) to work on /home/airflow/.local/lib/python3.8/site-packages/airflow/example_dags/example_xcomargs.py
[2023-10-10T09:12:46.375+0000] {processor.py:829} INFO - Processing file /home/airflow/.local/lib/python3.8/site-packages/airflow/example_dags/example_xcomargs.py for tasks to queue
[2023-10-10T09:12:46.377+0000] {logging_mixin.py:151} INFO - [2023-10-10T09:12:46.377+0000] {dagbag.py:539} INFO - Filling up the DagBag from /home/airflow/.local/lib/python3.8/site-packages/airflow/example_dags/example_xcomargs.py
[2023-10-10T09:12:46.390+0000] {processor.py:839} INFO - DAG(s) dict_keys(['example_xcom_args_with_operators', 'example_xcom_args']) retrieved from /home/airflow/.local/lib/python3.8/site-packages/airflow/example_dags/example_xcomargs.py
[2023-10-10T09:12:46.418+0000] {logging_mixin.py:151} INFO - [2023-10-10T09:12:46.418+0000] {dag.py:2915} INFO - Sync 2 DAGs
[2023-10-10T09:12:46.429+0000] {logging_mixin.py:151} INFO - [2023-10-10T09:12:46.429+0000] {dag.py:3696} INFO - Setting next_dagrun for example_xcom_args to None, run_after=None
[2023-10-10T09:12:46.431+0000] {logging_mixin.py:151} INFO - [2023-10-10T09:12:46.431+0000] {dag.py:3696} INFO - Setting next_dagrun for example_xcom_args_with_operators to None, run_after=None
[2023-10-10T09:12:46.442+0000] {processor.py:179} INFO - Processing /home/airflow/.local/lib/python3.8/site-packages/airflow/example_dags/example_xcomargs.py took 0.074 seconds
[2023-10-10T09:13:17.258+0000] {processor.py:157} INFO - Started process (PID=2834) to work on /home/airflow/.local/lib/python3.8/site-packages/airflow/example_dags/example_xcomargs.py
[2023-10-10T09:13:17.259+0000] {processor.py:829} INFO - Processing file /home/airflow/.local/lib/python3.8/site-packages/airflow/example_dags/example_xcomargs.py for tasks to queue
[2023-10-10T09:13:17.262+0000] {logging_mixin.py:151} INFO - [2023-10-10T09:13:17.261+0000] {dagbag.py:539} INFO - Filling up the DagBag from /home/airflow/.local/lib/python3.8/site-packages/airflow/example_dags/example_xcomargs.py
[2023-10-10T09:13:17.273+0000] {processor.py:839} INFO - DAG(s) dict_keys(['example_xcom_args', 'example_xcom_args_with_operators']) retrieved from /home/airflow/.local/lib/python3.8/site-packages/airflow/example_dags/example_xcomargs.py
[2023-10-10T09:13:17.314+0000] {logging_mixin.py:151} INFO - [2023-10-10T09:13:17.314+0000] {dag.py:2915} INFO - Sync 2 DAGs
[2023-10-10T09:13:17.325+0000] {logging_mixin.py:151} INFO - [2023-10-10T09:13:17.324+0000] {dag.py:3696} INFO - Setting next_dagrun for example_xcom_args to None, run_after=None
[2023-10-10T09:13:17.327+0000] {logging_mixin.py:151} INFO - [2023-10-10T09:13:17.327+0000] {dag.py:3696} INFO - Setting next_dagrun for example_xcom_args_with_operators to None, run_after=None
[2023-10-10T09:13:17.342+0000] {processor.py:179} INFO - Processing /home/airflow/.local/lib/python3.8/site-packages/airflow/example_dags/example_xcomargs.py took 0.089 seconds
[2023-10-10T09:13:47.745+0000] {processor.py:157} INFO - Started process (PID=2895) to work on /home/airflow/.local/lib/python3.8/site-packages/airflow/example_dags/example_xcomargs.py
[2023-10-10T09:13:47.748+0000] {processor.py:829} INFO - Processing file /home/airflow/.local/lib/python3.8/site-packages/airflow/example_dags/example_xcomargs.py for tasks to queue
[2023-10-10T09:13:47.751+0000] {logging_mixin.py:151} INFO - [2023-10-10T09:13:47.750+0000] {dagbag.py:539} INFO - Filling up the DagBag from /home/airflow/.local/lib/python3.8/site-packages/airflow/example_dags/example_xcomargs.py
[2023-10-10T09:13:47.768+0000] {processor.py:839} INFO - DAG(s) dict_keys(['example_xcom_args_with_operators', 'example_xcom_args']) retrieved from /home/airflow/.local/lib/python3.8/site-packages/airflow/example_dags/example_xcomargs.py
[2023-10-10T09:13:47.804+0000] {logging_mixin.py:151} INFO - [2023-10-10T09:13:47.803+0000] {dag.py:2915} INFO - Sync 2 DAGs
[2023-10-10T09:13:47.814+0000] {logging_mixin.py:151} INFO - [2023-10-10T09:13:47.813+0000] {dag.py:3696} INFO - Setting next_dagrun for example_xcom_args to None, run_after=None
[2023-10-10T09:13:47.816+0000] {logging_mixin.py:151} INFO - [2023-10-10T09:13:47.816+0000] {dag.py:3696} INFO - Setting next_dagrun for example_xcom_args_with_operators to None, run_after=None
[2023-10-10T09:13:47.827+0000] {processor.py:179} INFO - Processing /home/airflow/.local/lib/python3.8/site-packages/airflow/example_dags/example_xcomargs.py took 0.085 seconds
[2023-10-10T09:14:18.297+0000] {processor.py:157} INFO - Started process (PID=2956) to work on /home/airflow/.local/lib/python3.8/site-packages/airflow/example_dags/example_xcomargs.py
[2023-10-10T09:14:18.298+0000] {processor.py:829} INFO - Processing file /home/airflow/.local/lib/python3.8/site-packages/airflow/example_dags/example_xcomargs.py for tasks to queue
[2023-10-10T09:14:18.301+0000] {logging_mixin.py:151} INFO - [2023-10-10T09:14:18.300+0000] {dagbag.py:539} INFO - Filling up the DagBag from /home/airflow/.local/lib/python3.8/site-packages/airflow/example_dags/example_xcomargs.py
[2023-10-10T09:14:18.313+0000] {processor.py:839} INFO - DAG(s) dict_keys(['example_xcom_args', 'example_xcom_args_with_operators']) retrieved from /home/airflow/.local/lib/python3.8/site-packages/airflow/example_dags/example_xcomargs.py
[2023-10-10T09:14:18.338+0000] {logging_mixin.py:151} INFO - [2023-10-10T09:14:18.338+0000] {dag.py:2915} INFO - Sync 2 DAGs
[2023-10-10T09:14:18.351+0000] {logging_mixin.py:151} INFO - [2023-10-10T09:14:18.351+0000] {dag.py:3696} INFO - Setting next_dagrun for example_xcom_args to None, run_after=None
[2023-10-10T09:14:18.354+0000] {logging_mixin.py:151} INFO - [2023-10-10T09:14:18.354+0000] {dag.py:3696} INFO - Setting next_dagrun for example_xcom_args_with_operators to None, run_after=None
[2023-10-10T09:14:18.366+0000] {processor.py:179} INFO - Processing /home/airflow/.local/lib/python3.8/site-packages/airflow/example_dags/example_xcomargs.py took 0.073 seconds
[2023-10-10T09:14:49.027+0000] {processor.py:157} INFO - Started process (PID=3017) to work on /home/airflow/.local/lib/python3.8/site-packages/airflow/example_dags/example_xcomargs.py
[2023-10-10T09:14:49.030+0000] {processor.py:829} INFO - Processing file /home/airflow/.local/lib/python3.8/site-packages/airflow/example_dags/example_xcomargs.py for tasks to queue
[2023-10-10T09:14:49.037+0000] {logging_mixin.py:151} INFO - [2023-10-10T09:14:49.037+0000] {dagbag.py:539} INFO - Filling up the DagBag from /home/airflow/.local/lib/python3.8/site-packages/airflow/example_dags/example_xcomargs.py
[2023-10-10T09:14:49.048+0000] {processor.py:839} INFO - DAG(s) dict_keys(['example_xcom_args', 'example_xcom_args_with_operators']) retrieved from /home/airflow/.local/lib/python3.8/site-packages/airflow/example_dags/example_xcomargs.py
[2023-10-10T09:14:49.084+0000] {logging_mixin.py:151} INFO - [2023-10-10T09:14:49.084+0000] {dag.py:2915} INFO - Sync 2 DAGs
[2023-10-10T09:14:49.096+0000] {logging_mixin.py:151} INFO - [2023-10-10T09:14:49.096+0000] {dag.py:3696} INFO - Setting next_dagrun for example_xcom_args to None, run_after=None
[2023-10-10T09:14:49.099+0000] {logging_mixin.py:151} INFO - [2023-10-10T09:14:49.098+0000] {dag.py:3696} INFO - Setting next_dagrun for example_xcom_args_with_operators to None, run_after=None
[2023-10-10T09:14:49.110+0000] {processor.py:179} INFO - Processing /home/airflow/.local/lib/python3.8/site-packages/airflow/example_dags/example_xcomargs.py took 0.089 seconds
[2023-10-10T09:15:19.332+0000] {processor.py:157} INFO - Started process (PID=3078) to work on /home/airflow/.local/lib/python3.8/site-packages/airflow/example_dags/example_xcomargs.py
[2023-10-10T09:15:19.334+0000] {processor.py:829} INFO - Processing file /home/airflow/.local/lib/python3.8/site-packages/airflow/example_dags/example_xcomargs.py for tasks to queue
[2023-10-10T09:15:19.339+0000] {logging_mixin.py:151} INFO - [2023-10-10T09:15:19.338+0000] {dagbag.py:539} INFO - Filling up the DagBag from /home/airflow/.local/lib/python3.8/site-packages/airflow/example_dags/example_xcomargs.py
[2023-10-10T09:15:19.353+0000] {processor.py:839} INFO - DAG(s) dict_keys(['example_xcom_args_with_operators', 'example_xcom_args']) retrieved from /home/airflow/.local/lib/python3.8/site-packages/airflow/example_dags/example_xcomargs.py
[2023-10-10T09:15:19.390+0000] {logging_mixin.py:151} INFO - [2023-10-10T09:15:19.390+0000] {dag.py:2915} INFO - Sync 2 DAGs
[2023-10-10T09:15:19.401+0000] {logging_mixin.py:151} INFO - [2023-10-10T09:15:19.400+0000] {dag.py:3696} INFO - Setting next_dagrun for example_xcom_args to None, run_after=None
[2023-10-10T09:15:19.405+0000] {logging_mixin.py:151} INFO - [2023-10-10T09:15:19.405+0000] {dag.py:3696} INFO - Setting next_dagrun for example_xcom_args_with_operators to None, run_after=None
[2023-10-10T09:15:19.417+0000] {processor.py:179} INFO - Processing /home/airflow/.local/lib/python3.8/site-packages/airflow/example_dags/example_xcomargs.py took 0.091 seconds
[2023-10-10T09:15:49.707+0000] {processor.py:157} INFO - Started process (PID=3139) to work on /home/airflow/.local/lib/python3.8/site-packages/airflow/example_dags/example_xcomargs.py
[2023-10-10T09:15:49.709+0000] {processor.py:829} INFO - Processing file /home/airflow/.local/lib/python3.8/site-packages/airflow/example_dags/example_xcomargs.py for tasks to queue
[2023-10-10T09:15:49.713+0000] {logging_mixin.py:151} INFO - [2023-10-10T09:15:49.712+0000] {dagbag.py:539} INFO - Filling up the DagBag from /home/airflow/.local/lib/python3.8/site-packages/airflow/example_dags/example_xcomargs.py
[2023-10-10T09:15:49.728+0000] {processor.py:839} INFO - DAG(s) dict_keys(['example_xcom_args_with_operators', 'example_xcom_args']) retrieved from /home/airflow/.local/lib/python3.8/site-packages/airflow/example_dags/example_xcomargs.py
[2023-10-10T09:15:49.762+0000] {logging_mixin.py:151} INFO - [2023-10-10T09:15:49.762+0000] {dag.py:2915} INFO - Sync 2 DAGs
[2023-10-10T09:15:49.778+0000] {logging_mixin.py:151} INFO - [2023-10-10T09:15:49.778+0000] {dag.py:3696} INFO - Setting next_dagrun for example_xcom_args to None, run_after=None
[2023-10-10T09:15:49.780+0000] {logging_mixin.py:151} INFO - [2023-10-10T09:15:49.780+0000] {dag.py:3696} INFO - Setting next_dagrun for example_xcom_args_with_operators to None, run_after=None
[2023-10-10T09:15:49.792+0000] {processor.py:179} INFO - Processing /home/airflow/.local/lib/python3.8/site-packages/airflow/example_dags/example_xcomargs.py took 0.091 seconds
[2023-10-10T09:16:20.305+0000] {processor.py:157} INFO - Started process (PID=3200) to work on /home/airflow/.local/lib/python3.8/site-packages/airflow/example_dags/example_xcomargs.py
[2023-10-10T09:16:20.307+0000] {processor.py:829} INFO - Processing file /home/airflow/.local/lib/python3.8/site-packages/airflow/example_dags/example_xcomargs.py for tasks to queue
[2023-10-10T09:16:20.311+0000] {logging_mixin.py:151} INFO - [2023-10-10T09:16:20.310+0000] {dagbag.py:539} INFO - Filling up the DagBag from /home/airflow/.local/lib/python3.8/site-packages/airflow/example_dags/example_xcomargs.py
[2023-10-10T09:16:20.329+0000] {processor.py:839} INFO - DAG(s) dict_keys(['example_xcom_args_with_operators', 'example_xcom_args']) retrieved from /home/airflow/.local/lib/python3.8/site-packages/airflow/example_dags/example_xcomargs.py
[2023-10-10T09:16:20.365+0000] {logging_mixin.py:151} INFO - [2023-10-10T09:16:20.364+0000] {dag.py:2915} INFO - Sync 2 DAGs
[2023-10-10T09:16:20.382+0000] {logging_mixin.py:151} INFO - [2023-10-10T09:16:20.381+0000] {dag.py:3696} INFO - Setting next_dagrun for example_xcom_args to None, run_after=None
[2023-10-10T09:16:20.385+0000] {logging_mixin.py:151} INFO - [2023-10-10T09:16:20.385+0000] {dag.py:3696} INFO - Setting next_dagrun for example_xcom_args_with_operators to None, run_after=None
[2023-10-10T09:16:20.396+0000] {processor.py:179} INFO - Processing /home/airflow/.local/lib/python3.8/site-packages/airflow/example_dags/example_xcomargs.py took 0.097 seconds
[2023-10-10T09:16:50.893+0000] {processor.py:157} INFO - Started process (PID=3261) to work on /home/airflow/.local/lib/python3.8/site-packages/airflow/example_dags/example_xcomargs.py
[2023-10-10T09:16:50.895+0000] {processor.py:829} INFO - Processing file /home/airflow/.local/lib/python3.8/site-packages/airflow/example_dags/example_xcomargs.py for tasks to queue
[2023-10-10T09:16:50.897+0000] {logging_mixin.py:151} INFO - [2023-10-10T09:16:50.896+0000] {dagbag.py:539} INFO - Filling up the DagBag from /home/airflow/.local/lib/python3.8/site-packages/airflow/example_dags/example_xcomargs.py
[2023-10-10T09:16:50.908+0000] {processor.py:839} INFO - DAG(s) dict_keys(['example_xcom_args', 'example_xcom_args_with_operators']) retrieved from /home/airflow/.local/lib/python3.8/site-packages/airflow/example_dags/example_xcomargs.py
[2023-10-10T09:16:50.955+0000] {logging_mixin.py:151} INFO - [2023-10-10T09:16:50.955+0000] {dag.py:2915} INFO - Sync 2 DAGs
[2023-10-10T09:16:50.967+0000] {logging_mixin.py:151} INFO - [2023-10-10T09:16:50.967+0000] {dag.py:3696} INFO - Setting next_dagrun for example_xcom_args to None, run_after=None
[2023-10-10T09:16:50.970+0000] {logging_mixin.py:151} INFO - [2023-10-10T09:16:50.970+0000] {dag.py:3696} INFO - Setting next_dagrun for example_xcom_args_with_operators to None, run_after=None
[2023-10-10T09:16:50.990+0000] {processor.py:179} INFO - Processing /home/airflow/.local/lib/python3.8/site-packages/airflow/example_dags/example_xcomargs.py took 0.109 seconds
[2023-10-10T09:17:22.087+0000] {processor.py:157} INFO - Started process (PID=3321) to work on /home/airflow/.local/lib/python3.8/site-packages/airflow/example_dags/example_xcomargs.py
[2023-10-10T09:17:22.089+0000] {processor.py:829} INFO - Processing file /home/airflow/.local/lib/python3.8/site-packages/airflow/example_dags/example_xcomargs.py for tasks to queue
[2023-10-10T09:17:22.095+0000] {logging_mixin.py:151} INFO - [2023-10-10T09:17:22.095+0000] {dagbag.py:539} INFO - Filling up the DagBag from /home/airflow/.local/lib/python3.8/site-packages/airflow/example_dags/example_xcomargs.py
[2023-10-10T09:17:22.111+0000] {processor.py:839} INFO - DAG(s) dict_keys(['example_xcom_args', 'example_xcom_args_with_operators']) retrieved from /home/airflow/.local/lib/python3.8/site-packages/airflow/example_dags/example_xcomargs.py
[2023-10-10T09:17:22.154+0000] {logging_mixin.py:151} INFO - [2023-10-10T09:17:22.154+0000] {dag.py:2915} INFO - Sync 2 DAGs
[2023-10-10T09:17:22.163+0000] {logging_mixin.py:151} INFO - [2023-10-10T09:17:22.163+0000] {dag.py:3696} INFO - Setting next_dagrun for example_xcom_args to None, run_after=None
[2023-10-10T09:17:22.166+0000] {logging_mixin.py:151} INFO - [2023-10-10T09:17:22.166+0000] {dag.py:3696} INFO - Setting next_dagrun for example_xcom_args_with_operators to None, run_after=None
[2023-10-10T09:17:22.177+0000] {processor.py:179} INFO - Processing /home/airflow/.local/lib/python3.8/site-packages/airflow/example_dags/example_xcomargs.py took 0.094 seconds
[2023-10-10T09:17:52.408+0000] {processor.py:157} INFO - Started process (PID=3382) to work on /home/airflow/.local/lib/python3.8/site-packages/airflow/example_dags/example_xcomargs.py
[2023-10-10T09:17:52.410+0000] {processor.py:829} INFO - Processing file /home/airflow/.local/lib/python3.8/site-packages/airflow/example_dags/example_xcomargs.py for tasks to queue
[2023-10-10T09:17:52.414+0000] {logging_mixin.py:151} INFO - [2023-10-10T09:17:52.413+0000] {dagbag.py:539} INFO - Filling up the DagBag from /home/airflow/.local/lib/python3.8/site-packages/airflow/example_dags/example_xcomargs.py
[2023-10-10T09:17:52.436+0000] {processor.py:839} INFO - DAG(s) dict_keys(['example_xcom_args', 'example_xcom_args_with_operators']) retrieved from /home/airflow/.local/lib/python3.8/site-packages/airflow/example_dags/example_xcomargs.py
[2023-10-10T09:17:52.475+0000] {logging_mixin.py:151} INFO - [2023-10-10T09:17:52.474+0000] {dag.py:2915} INFO - Sync 2 DAGs
[2023-10-10T09:17:52.485+0000] {logging_mixin.py:151} INFO - [2023-10-10T09:17:52.485+0000] {dag.py:3696} INFO - Setting next_dagrun for example_xcom_args to None, run_after=None
[2023-10-10T09:17:52.488+0000] {logging_mixin.py:151} INFO - [2023-10-10T09:17:52.488+0000] {dag.py:3696} INFO - Setting next_dagrun for example_xcom_args_with_operators to None, run_after=None
[2023-10-10T09:17:52.512+0000] {processor.py:179} INFO - Processing /home/airflow/.local/lib/python3.8/site-packages/airflow/example_dags/example_xcomargs.py took 0.114 seconds
[2023-10-10T09:18:23.545+0000] {processor.py:157} INFO - Started process (PID=3443) to work on /home/airflow/.local/lib/python3.8/site-packages/airflow/example_dags/example_xcomargs.py
[2023-10-10T09:18:23.546+0000] {processor.py:829} INFO - Processing file /home/airflow/.local/lib/python3.8/site-packages/airflow/example_dags/example_xcomargs.py for tasks to queue
[2023-10-10T09:18:23.548+0000] {logging_mixin.py:151} INFO - [2023-10-10T09:18:23.548+0000] {dagbag.py:539} INFO - Filling up the DagBag from /home/airflow/.local/lib/python3.8/site-packages/airflow/example_dags/example_xcomargs.py
[2023-10-10T09:18:23.563+0000] {processor.py:839} INFO - DAG(s) dict_keys(['example_xcom_args_with_operators', 'example_xcom_args']) retrieved from /home/airflow/.local/lib/python3.8/site-packages/airflow/example_dags/example_xcomargs.py
[2023-10-10T09:18:23.603+0000] {logging_mixin.py:151} INFO - [2023-10-10T09:18:23.603+0000] {dag.py:2915} INFO - Sync 2 DAGs
[2023-10-10T09:18:23.617+0000] {logging_mixin.py:151} INFO - [2023-10-10T09:18:23.617+0000] {dag.py:3696} INFO - Setting next_dagrun for example_xcom_args to None, run_after=None
[2023-10-10T09:18:23.621+0000] {logging_mixin.py:151} INFO - [2023-10-10T09:18:23.620+0000] {dag.py:3696} INFO - Setting next_dagrun for example_xcom_args_with_operators to None, run_after=None
[2023-10-10T09:18:23.643+0000] {processor.py:179} INFO - Processing /home/airflow/.local/lib/python3.8/site-packages/airflow/example_dags/example_xcomargs.py took 0.104 seconds
[2023-10-10T09:18:53.789+0000] {processor.py:157} INFO - Started process (PID=3504) to work on /home/airflow/.local/lib/python3.8/site-packages/airflow/example_dags/example_xcomargs.py
[2023-10-10T09:18:53.793+0000] {processor.py:829} INFO - Processing file /home/airflow/.local/lib/python3.8/site-packages/airflow/example_dags/example_xcomargs.py for tasks to queue
[2023-10-10T09:18:53.798+0000] {logging_mixin.py:151} INFO - [2023-10-10T09:18:53.797+0000] {dagbag.py:539} INFO - Filling up the DagBag from /home/airflow/.local/lib/python3.8/site-packages/airflow/example_dags/example_xcomargs.py
[2023-10-10T09:18:53.816+0000] {processor.py:839} INFO - DAG(s) dict_keys(['example_xcom_args_with_operators', 'example_xcom_args']) retrieved from /home/airflow/.local/lib/python3.8/site-packages/airflow/example_dags/example_xcomargs.py
[2023-10-10T09:18:53.860+0000] {logging_mixin.py:151} INFO - [2023-10-10T09:18:53.859+0000] {dag.py:2915} INFO - Sync 2 DAGs
[2023-10-10T09:18:53.877+0000] {logging_mixin.py:151} INFO - [2023-10-10T09:18:53.876+0000] {dag.py:3696} INFO - Setting next_dagrun for example_xcom_args to None, run_after=None
[2023-10-10T09:18:53.880+0000] {logging_mixin.py:151} INFO - [2023-10-10T09:18:53.879+0000] {dag.py:3696} INFO - Setting next_dagrun for example_xcom_args_with_operators to None, run_after=None
[2023-10-10T09:18:53.895+0000] {processor.py:179} INFO - Processing /home/airflow/.local/lib/python3.8/site-packages/airflow/example_dags/example_xcomargs.py took 0.113 seconds
[2023-10-10T09:19:24.078+0000] {processor.py:157} INFO - Started process (PID=3565) to work on /home/airflow/.local/lib/python3.8/site-packages/airflow/example_dags/example_xcomargs.py
[2023-10-10T09:19:24.081+0000] {processor.py:829} INFO - Processing file /home/airflow/.local/lib/python3.8/site-packages/airflow/example_dags/example_xcomargs.py for tasks to queue
[2023-10-10T09:19:24.098+0000] {logging_mixin.py:151} INFO - [2023-10-10T09:19:24.096+0000] {dagbag.py:539} INFO - Filling up the DagBag from /home/airflow/.local/lib/python3.8/site-packages/airflow/example_dags/example_xcomargs.py
[2023-10-10T09:19:24.117+0000] {processor.py:839} INFO - DAG(s) dict_keys(['example_xcom_args_with_operators', 'example_xcom_args']) retrieved from /home/airflow/.local/lib/python3.8/site-packages/airflow/example_dags/example_xcomargs.py
[2023-10-10T09:19:24.154+0000] {logging_mixin.py:151} INFO - [2023-10-10T09:19:24.153+0000] {dag.py:2915} INFO - Sync 2 DAGs
[2023-10-10T09:19:24.164+0000] {logging_mixin.py:151} INFO - [2023-10-10T09:19:24.164+0000] {dag.py:3696} INFO - Setting next_dagrun for example_xcom_args to None, run_after=None
[2023-10-10T09:19:24.167+0000] {logging_mixin.py:151} INFO - [2023-10-10T09:19:24.167+0000] {dag.py:3696} INFO - Setting next_dagrun for example_xcom_args_with_operators to None, run_after=None
[2023-10-10T09:19:24.182+0000] {processor.py:179} INFO - Processing /home/airflow/.local/lib/python3.8/site-packages/airflow/example_dags/example_xcomargs.py took 0.112 seconds
[2023-10-10T09:19:54.397+0000] {processor.py:157} INFO - Started process (PID=3626) to work on /home/airflow/.local/lib/python3.8/site-packages/airflow/example_dags/example_xcomargs.py
[2023-10-10T09:19:54.398+0000] {processor.py:829} INFO - Processing file /home/airflow/.local/lib/python3.8/site-packages/airflow/example_dags/example_xcomargs.py for tasks to queue
[2023-10-10T09:19:54.400+0000] {logging_mixin.py:151} INFO - [2023-10-10T09:19:54.400+0000] {dagbag.py:539} INFO - Filling up the DagBag from /home/airflow/.local/lib/python3.8/site-packages/airflow/example_dags/example_xcomargs.py
[2023-10-10T09:19:54.411+0000] {processor.py:839} INFO - DAG(s) dict_keys(['example_xcom_args_with_operators', 'example_xcom_args']) retrieved from /home/airflow/.local/lib/python3.8/site-packages/airflow/example_dags/example_xcomargs.py
[2023-10-10T09:19:54.440+0000] {logging_mixin.py:151} INFO - [2023-10-10T09:19:54.440+0000] {dag.py:2915} INFO - Sync 2 DAGs
[2023-10-10T09:19:54.450+0000] {logging_mixin.py:151} INFO - [2023-10-10T09:19:54.450+0000] {dag.py:3696} INFO - Setting next_dagrun for example_xcom_args to None, run_after=None
[2023-10-10T09:19:54.452+0000] {logging_mixin.py:151} INFO - [2023-10-10T09:19:54.452+0000] {dag.py:3696} INFO - Setting next_dagrun for example_xcom_args_with_operators to None, run_after=None
[2023-10-10T09:19:54.463+0000] {processor.py:179} INFO - Processing /home/airflow/.local/lib/python3.8/site-packages/airflow/example_dags/example_xcomargs.py took 0.072 seconds
