[2023-10-10T08:49:51.580+0000] {processor.py:157} INFO - Started process (PID=58) to work on /home/airflow/.local/lib/python3.8/site-packages/airflow/example_dags/example_short_circuit_decorator.py
[2023-10-10T08:49:51.583+0000] {processor.py:829} INFO - Processing file /home/airflow/.local/lib/python3.8/site-packages/airflow/example_dags/example_short_circuit_decorator.py for tasks to queue
[2023-10-10T08:49:51.588+0000] {logging_mixin.py:151} INFO - [2023-10-10T08:49:51.587+0000] {dagbag.py:539} INFO - Filling up the DagBag from /home/airflow/.local/lib/python3.8/site-packages/airflow/example_dags/example_short_circuit_decorator.py
[2023-10-10T08:49:51.639+0000] {processor.py:839} INFO - DAG(s) dict_keys(['example_short_circuit_decorator']) retrieved from /home/airflow/.local/lib/python3.8/site-packages/airflow/example_dags/example_short_circuit_decorator.py
[2023-10-10T08:49:51.715+0000] {logging_mixin.py:151} INFO - [2023-10-10T08:49:51.714+0000] {dag.py:2915} INFO - Sync 1 DAGs
[2023-10-10T08:49:51.782+0000] {logging_mixin.py:151} INFO - [2023-10-10T08:49:51.782+0000] {dag.py:3696} INFO - Setting next_dagrun for example_short_circuit_decorator to 2023-10-09T08:49:51.781682+00:00, run_after=2023-10-10T08:49:51.781682+00:00
[2023-10-10T08:49:51.821+0000] {processor.py:179} INFO - Processing /home/airflow/.local/lib/python3.8/site-packages/airflow/example_dags/example_short_circuit_decorator.py took 0.249 seconds
[2023-10-10T08:50:25.146+0000] {processor.py:157} INFO - Started process (PID=118) to work on /home/airflow/.local/lib/python3.8/site-packages/airflow/example_dags/example_short_circuit_decorator.py
[2023-10-10T08:50:25.151+0000] {processor.py:829} INFO - Processing file /home/airflow/.local/lib/python3.8/site-packages/airflow/example_dags/example_short_circuit_decorator.py for tasks to queue
[2023-10-10T08:50:25.153+0000] {logging_mixin.py:151} INFO - [2023-10-10T08:50:25.153+0000] {dagbag.py:539} INFO - Filling up the DagBag from /home/airflow/.local/lib/python3.8/site-packages/airflow/example_dags/example_short_circuit_decorator.py
[2023-10-10T08:50:25.166+0000] {processor.py:839} INFO - DAG(s) dict_keys(['example_short_circuit_decorator']) retrieved from /home/airflow/.local/lib/python3.8/site-packages/airflow/example_dags/example_short_circuit_decorator.py
[2023-10-10T08:50:25.198+0000] {logging_mixin.py:151} INFO - [2023-10-10T08:50:25.198+0000] {dag.py:2915} INFO - Sync 1 DAGs
[2023-10-10T08:50:25.223+0000] {logging_mixin.py:151} INFO - [2023-10-10T08:50:25.223+0000] {dag.py:3696} INFO - Setting next_dagrun for example_short_circuit_decorator to 2023-10-09T08:50:25.223221+00:00, run_after=2023-10-10T08:50:25.223221+00:00
[2023-10-10T08:50:25.240+0000] {processor.py:179} INFO - Processing /home/airflow/.local/lib/python3.8/site-packages/airflow/example_dags/example_short_circuit_decorator.py took 0.099 seconds
[2023-10-10T08:50:55.313+0000] {processor.py:157} INFO - Started process (PID=173) to work on /home/airflow/.local/lib/python3.8/site-packages/airflow/example_dags/example_short_circuit_decorator.py
[2023-10-10T08:50:55.314+0000] {processor.py:829} INFO - Processing file /home/airflow/.local/lib/python3.8/site-packages/airflow/example_dags/example_short_circuit_decorator.py for tasks to queue
[2023-10-10T08:50:55.315+0000] {logging_mixin.py:151} INFO - [2023-10-10T08:50:55.315+0000] {dagbag.py:539} INFO - Filling up the DagBag from /home/airflow/.local/lib/python3.8/site-packages/airflow/example_dags/example_short_circuit_decorator.py
[2023-10-10T08:50:55.321+0000] {processor.py:839} INFO - DAG(s) dict_keys(['example_short_circuit_decorator']) retrieved from /home/airflow/.local/lib/python3.8/site-packages/airflow/example_dags/example_short_circuit_decorator.py
[2023-10-10T08:50:55.349+0000] {logging_mixin.py:151} INFO - [2023-10-10T08:50:55.349+0000] {dag.py:2915} INFO - Sync 1 DAGs
[2023-10-10T08:50:55.373+0000] {logging_mixin.py:151} INFO - [2023-10-10T08:50:55.373+0000] {dag.py:3696} INFO - Setting next_dagrun for example_short_circuit_decorator to 2023-10-09T08:50:55.373006+00:00, run_after=2023-10-10T08:50:55.373006+00:00
[2023-10-10T08:50:55.383+0000] {processor.py:179} INFO - Processing /home/airflow/.local/lib/python3.8/site-packages/airflow/example_dags/example_short_circuit_decorator.py took 0.072 seconds
[2023-10-10T08:51:25.620+0000] {processor.py:157} INFO - Started process (PID=234) to work on /home/airflow/.local/lib/python3.8/site-packages/airflow/example_dags/example_short_circuit_decorator.py
[2023-10-10T08:51:25.620+0000] {processor.py:829} INFO - Processing file /home/airflow/.local/lib/python3.8/site-packages/airflow/example_dags/example_short_circuit_decorator.py for tasks to queue
[2023-10-10T08:51:25.622+0000] {logging_mixin.py:151} INFO - [2023-10-10T08:51:25.622+0000] {dagbag.py:539} INFO - Filling up the DagBag from /home/airflow/.local/lib/python3.8/site-packages/airflow/example_dags/example_short_circuit_decorator.py
[2023-10-10T08:51:25.630+0000] {processor.py:839} INFO - DAG(s) dict_keys(['example_short_circuit_decorator']) retrieved from /home/airflow/.local/lib/python3.8/site-packages/airflow/example_dags/example_short_circuit_decorator.py
[2023-10-10T08:51:25.648+0000] {logging_mixin.py:151} INFO - [2023-10-10T08:51:25.648+0000] {dag.py:2915} INFO - Sync 1 DAGs
[2023-10-10T08:51:25.666+0000] {logging_mixin.py:151} INFO - [2023-10-10T08:51:25.666+0000] {dag.py:3696} INFO - Setting next_dagrun for example_short_circuit_decorator to 2023-10-09T08:51:25.665822+00:00, run_after=2023-10-10T08:51:25.665822+00:00
[2023-10-10T08:51:25.677+0000] {processor.py:179} INFO - Processing /home/airflow/.local/lib/python3.8/site-packages/airflow/example_dags/example_short_circuit_decorator.py took 0.060 seconds
[2023-10-10T08:51:56.778+0000] {processor.py:157} INFO - Started process (PID=295) to work on /home/airflow/.local/lib/python3.8/site-packages/airflow/example_dags/example_short_circuit_decorator.py
[2023-10-10T08:51:56.779+0000] {processor.py:829} INFO - Processing file /home/airflow/.local/lib/python3.8/site-packages/airflow/example_dags/example_short_circuit_decorator.py for tasks to queue
[2023-10-10T08:51:56.780+0000] {logging_mixin.py:151} INFO - [2023-10-10T08:51:56.780+0000] {dagbag.py:539} INFO - Filling up the DagBag from /home/airflow/.local/lib/python3.8/site-packages/airflow/example_dags/example_short_circuit_decorator.py
[2023-10-10T08:51:56.787+0000] {processor.py:839} INFO - DAG(s) dict_keys(['example_short_circuit_decorator']) retrieved from /home/airflow/.local/lib/python3.8/site-packages/airflow/example_dags/example_short_circuit_decorator.py
[2023-10-10T08:51:56.806+0000] {logging_mixin.py:151} INFO - [2023-10-10T08:51:56.806+0000] {dag.py:2915} INFO - Sync 1 DAGs
[2023-10-10T08:51:56.819+0000] {logging_mixin.py:151} INFO - [2023-10-10T08:51:56.819+0000] {dag.py:3696} INFO - Setting next_dagrun for example_short_circuit_decorator to 2023-10-09T08:51:56.819331+00:00, run_after=2023-10-10T08:51:56.819331+00:00
[2023-10-10T08:51:56.828+0000] {processor.py:179} INFO - Processing /home/airflow/.local/lib/python3.8/site-packages/airflow/example_dags/example_short_circuit_decorator.py took 0.053 seconds
[2023-10-10T08:52:27.026+0000] {processor.py:157} INFO - Started process (PID=356) to work on /home/airflow/.local/lib/python3.8/site-packages/airflow/example_dags/example_short_circuit_decorator.py
[2023-10-10T08:52:27.027+0000] {processor.py:829} INFO - Processing file /home/airflow/.local/lib/python3.8/site-packages/airflow/example_dags/example_short_circuit_decorator.py for tasks to queue
[2023-10-10T08:52:27.028+0000] {logging_mixin.py:151} INFO - [2023-10-10T08:52:27.028+0000] {dagbag.py:539} INFO - Filling up the DagBag from /home/airflow/.local/lib/python3.8/site-packages/airflow/example_dags/example_short_circuit_decorator.py
[2023-10-10T08:52:27.034+0000] {processor.py:839} INFO - DAG(s) dict_keys(['example_short_circuit_decorator']) retrieved from /home/airflow/.local/lib/python3.8/site-packages/airflow/example_dags/example_short_circuit_decorator.py
[2023-10-10T08:52:27.056+0000] {logging_mixin.py:151} INFO - [2023-10-10T08:52:27.056+0000] {dag.py:2915} INFO - Sync 1 DAGs
[2023-10-10T08:52:27.077+0000] {logging_mixin.py:151} INFO - [2023-10-10T08:52:27.077+0000] {dag.py:3696} INFO - Setting next_dagrun for example_short_circuit_decorator to 2023-10-09T08:52:27.077124+00:00, run_after=2023-10-10T08:52:27.077124+00:00
[2023-10-10T08:52:27.092+0000] {processor.py:179} INFO - Processing /home/airflow/.local/lib/python3.8/site-packages/airflow/example_dags/example_short_circuit_decorator.py took 0.069 seconds
[2023-10-10T08:52:57.310+0000] {processor.py:157} INFO - Started process (PID=417) to work on /home/airflow/.local/lib/python3.8/site-packages/airflow/example_dags/example_short_circuit_decorator.py
[2023-10-10T08:52:57.311+0000] {processor.py:829} INFO - Processing file /home/airflow/.local/lib/python3.8/site-packages/airflow/example_dags/example_short_circuit_decorator.py for tasks to queue
[2023-10-10T08:52:57.314+0000] {logging_mixin.py:151} INFO - [2023-10-10T08:52:57.314+0000] {dagbag.py:539} INFO - Filling up the DagBag from /home/airflow/.local/lib/python3.8/site-packages/airflow/example_dags/example_short_circuit_decorator.py
[2023-10-10T08:52:57.329+0000] {processor.py:839} INFO - DAG(s) dict_keys(['example_short_circuit_decorator']) retrieved from /home/airflow/.local/lib/python3.8/site-packages/airflow/example_dags/example_short_circuit_decorator.py
[2023-10-10T08:52:57.368+0000] {logging_mixin.py:151} INFO - [2023-10-10T08:52:57.368+0000] {dag.py:2915} INFO - Sync 1 DAGs
[2023-10-10T08:52:57.393+0000] {logging_mixin.py:151} INFO - [2023-10-10T08:52:57.393+0000] {dag.py:3696} INFO - Setting next_dagrun for example_short_circuit_decorator to 2023-10-09T08:52:57.392769+00:00, run_after=2023-10-10T08:52:57.392769+00:00
[2023-10-10T08:52:57.412+0000] {processor.py:179} INFO - Processing /home/airflow/.local/lib/python3.8/site-packages/airflow/example_dags/example_short_circuit_decorator.py took 0.106 seconds
[2023-10-10T08:53:28.413+0000] {processor.py:157} INFO - Started process (PID=476) to work on /home/airflow/.local/lib/python3.8/site-packages/airflow/example_dags/example_short_circuit_decorator.py
[2023-10-10T08:53:28.415+0000] {processor.py:829} INFO - Processing file /home/airflow/.local/lib/python3.8/site-packages/airflow/example_dags/example_short_circuit_decorator.py for tasks to queue
[2023-10-10T08:53:28.416+0000] {logging_mixin.py:151} INFO - [2023-10-10T08:53:28.416+0000] {dagbag.py:539} INFO - Filling up the DagBag from /home/airflow/.local/lib/python3.8/site-packages/airflow/example_dags/example_short_circuit_decorator.py
[2023-10-10T08:53:28.422+0000] {processor.py:839} INFO - DAG(s) dict_keys(['example_short_circuit_decorator']) retrieved from /home/airflow/.local/lib/python3.8/site-packages/airflow/example_dags/example_short_circuit_decorator.py
[2023-10-10T08:53:28.453+0000] {logging_mixin.py:151} INFO - [2023-10-10T08:53:28.451+0000] {dag.py:2915} INFO - Sync 1 DAGs
[2023-10-10T08:53:28.472+0000] {logging_mixin.py:151} INFO - [2023-10-10T08:53:28.472+0000] {dag.py:3696} INFO - Setting next_dagrun for example_short_circuit_decorator to 2023-10-09T08:53:28.472281+00:00, run_after=2023-10-10T08:53:28.472281+00:00
[2023-10-10T08:53:28.483+0000] {processor.py:179} INFO - Processing /home/airflow/.local/lib/python3.8/site-packages/airflow/example_dags/example_short_circuit_decorator.py took 0.072 seconds
[2023-10-10T08:53:58.894+0000] {processor.py:157} INFO - Started process (PID=537) to work on /home/airflow/.local/lib/python3.8/site-packages/airflow/example_dags/example_short_circuit_decorator.py
[2023-10-10T08:53:58.894+0000] {processor.py:829} INFO - Processing file /home/airflow/.local/lib/python3.8/site-packages/airflow/example_dags/example_short_circuit_decorator.py for tasks to queue
[2023-10-10T08:53:58.896+0000] {logging_mixin.py:151} INFO - [2023-10-10T08:53:58.896+0000] {dagbag.py:539} INFO - Filling up the DagBag from /home/airflow/.local/lib/python3.8/site-packages/airflow/example_dags/example_short_circuit_decorator.py
[2023-10-10T08:53:58.903+0000] {processor.py:839} INFO - DAG(s) dict_keys(['example_short_circuit_decorator']) retrieved from /home/airflow/.local/lib/python3.8/site-packages/airflow/example_dags/example_short_circuit_decorator.py
[2023-10-10T08:53:58.922+0000] {logging_mixin.py:151} INFO - [2023-10-10T08:53:58.922+0000] {dag.py:2915} INFO - Sync 1 DAGs
[2023-10-10T08:53:58.939+0000] {logging_mixin.py:151} INFO - [2023-10-10T08:53:58.939+0000] {dag.py:3696} INFO - Setting next_dagrun for example_short_circuit_decorator to 2023-10-09T08:53:58.939118+00:00, run_after=2023-10-10T08:53:58.939118+00:00
[2023-10-10T08:53:58.950+0000] {processor.py:179} INFO - Processing /home/airflow/.local/lib/python3.8/site-packages/airflow/example_dags/example_short_circuit_decorator.py took 0.058 seconds
[2023-10-10T08:54:29.784+0000] {processor.py:157} INFO - Started process (PID=598) to work on /home/airflow/.local/lib/python3.8/site-packages/airflow/example_dags/example_short_circuit_decorator.py
[2023-10-10T08:54:29.785+0000] {processor.py:829} INFO - Processing file /home/airflow/.local/lib/python3.8/site-packages/airflow/example_dags/example_short_circuit_decorator.py for tasks to queue
[2023-10-10T08:54:29.787+0000] {logging_mixin.py:151} INFO - [2023-10-10T08:54:29.786+0000] {dagbag.py:539} INFO - Filling up the DagBag from /home/airflow/.local/lib/python3.8/site-packages/airflow/example_dags/example_short_circuit_decorator.py
[2023-10-10T08:54:29.796+0000] {processor.py:839} INFO - DAG(s) dict_keys(['example_short_circuit_decorator']) retrieved from /home/airflow/.local/lib/python3.8/site-packages/airflow/example_dags/example_short_circuit_decorator.py
[2023-10-10T08:54:29.812+0000] {logging_mixin.py:151} INFO - [2023-10-10T08:54:29.812+0000] {dag.py:2915} INFO - Sync 1 DAGs
[2023-10-10T08:54:29.825+0000] {logging_mixin.py:151} INFO - [2023-10-10T08:54:29.825+0000] {dag.py:3696} INFO - Setting next_dagrun for example_short_circuit_decorator to 2023-10-09T08:54:29.825535+00:00, run_after=2023-10-10T08:54:29.825535+00:00
[2023-10-10T08:54:29.834+0000] {processor.py:179} INFO - Processing /home/airflow/.local/lib/python3.8/site-packages/airflow/example_dags/example_short_circuit_decorator.py took 0.054 seconds
[2023-10-10T08:55:00.463+0000] {processor.py:157} INFO - Started process (PID=659) to work on /home/airflow/.local/lib/python3.8/site-packages/airflow/example_dags/example_short_circuit_decorator.py
[2023-10-10T08:55:00.466+0000] {processor.py:829} INFO - Processing file /home/airflow/.local/lib/python3.8/site-packages/airflow/example_dags/example_short_circuit_decorator.py for tasks to queue
[2023-10-10T08:55:00.472+0000] {logging_mixin.py:151} INFO - [2023-10-10T08:55:00.471+0000] {dagbag.py:539} INFO - Filling up the DagBag from /home/airflow/.local/lib/python3.8/site-packages/airflow/example_dags/example_short_circuit_decorator.py
[2023-10-10T08:55:00.486+0000] {processor.py:839} INFO - DAG(s) dict_keys(['example_short_circuit_decorator']) retrieved from /home/airflow/.local/lib/python3.8/site-packages/airflow/example_dags/example_short_circuit_decorator.py
[2023-10-10T08:55:00.558+0000] {logging_mixin.py:151} INFO - [2023-10-10T08:55:00.558+0000] {dag.py:2915} INFO - Sync 1 DAGs
[2023-10-10T08:55:00.590+0000] {logging_mixin.py:151} INFO - [2023-10-10T08:55:00.590+0000] {dag.py:3696} INFO - Setting next_dagrun for example_short_circuit_decorator to 2023-10-09T08:55:00.589943+00:00, run_after=2023-10-10T08:55:00.589943+00:00
[2023-10-10T08:55:00.622+0000] {processor.py:179} INFO - Processing /home/airflow/.local/lib/python3.8/site-packages/airflow/example_dags/example_short_circuit_decorator.py took 0.166 seconds
[2023-10-10T08:55:30.726+0000] {processor.py:157} INFO - Started process (PID=720) to work on /home/airflow/.local/lib/python3.8/site-packages/airflow/example_dags/example_short_circuit_decorator.py
[2023-10-10T08:55:30.727+0000] {processor.py:829} INFO - Processing file /home/airflow/.local/lib/python3.8/site-packages/airflow/example_dags/example_short_circuit_decorator.py for tasks to queue
[2023-10-10T08:55:30.728+0000] {logging_mixin.py:151} INFO - [2023-10-10T08:55:30.728+0000] {dagbag.py:539} INFO - Filling up the DagBag from /home/airflow/.local/lib/python3.8/site-packages/airflow/example_dags/example_short_circuit_decorator.py
[2023-10-10T08:55:30.734+0000] {processor.py:839} INFO - DAG(s) dict_keys(['example_short_circuit_decorator']) retrieved from /home/airflow/.local/lib/python3.8/site-packages/airflow/example_dags/example_short_circuit_decorator.py
[2023-10-10T08:55:30.753+0000] {logging_mixin.py:151} INFO - [2023-10-10T08:55:30.753+0000] {dag.py:2915} INFO - Sync 1 DAGs
[2023-10-10T08:55:30.783+0000] {logging_mixin.py:151} INFO - [2023-10-10T08:55:30.783+0000] {dag.py:3696} INFO - Setting next_dagrun for example_short_circuit_decorator to 2023-10-09T08:55:30.782640+00:00, run_after=2023-10-10T08:55:30.782640+00:00
[2023-10-10T08:55:30.808+0000] {processor.py:179} INFO - Processing /home/airflow/.local/lib/python3.8/site-packages/airflow/example_dags/example_short_circuit_decorator.py took 0.084 seconds
[2023-10-10T08:56:01.166+0000] {processor.py:157} INFO - Started process (PID=780) to work on /home/airflow/.local/lib/python3.8/site-packages/airflow/example_dags/example_short_circuit_decorator.py
[2023-10-10T08:56:01.167+0000] {processor.py:829} INFO - Processing file /home/airflow/.local/lib/python3.8/site-packages/airflow/example_dags/example_short_circuit_decorator.py for tasks to queue
[2023-10-10T08:56:01.168+0000] {logging_mixin.py:151} INFO - [2023-10-10T08:56:01.168+0000] {dagbag.py:539} INFO - Filling up the DagBag from /home/airflow/.local/lib/python3.8/site-packages/airflow/example_dags/example_short_circuit_decorator.py
[2023-10-10T08:56:01.173+0000] {processor.py:839} INFO - DAG(s) dict_keys(['example_short_circuit_decorator']) retrieved from /home/airflow/.local/lib/python3.8/site-packages/airflow/example_dags/example_short_circuit_decorator.py
[2023-10-10T08:56:01.190+0000] {logging_mixin.py:151} INFO - [2023-10-10T08:56:01.190+0000] {dag.py:2915} INFO - Sync 1 DAGs
[2023-10-10T08:56:01.204+0000] {logging_mixin.py:151} INFO - [2023-10-10T08:56:01.204+0000] {dag.py:3696} INFO - Setting next_dagrun for example_short_circuit_decorator to 2023-10-09T08:56:01.203889+00:00, run_after=2023-10-10T08:56:01.203889+00:00
[2023-10-10T08:56:01.214+0000] {processor.py:179} INFO - Processing /home/airflow/.local/lib/python3.8/site-packages/airflow/example_dags/example_short_circuit_decorator.py took 0.050 seconds
[2023-10-10T08:56:31.362+0000] {processor.py:157} INFO - Started process (PID=841) to work on /home/airflow/.local/lib/python3.8/site-packages/airflow/example_dags/example_short_circuit_decorator.py
[2023-10-10T08:56:31.363+0000] {processor.py:829} INFO - Processing file /home/airflow/.local/lib/python3.8/site-packages/airflow/example_dags/example_short_circuit_decorator.py for tasks to queue
[2023-10-10T08:56:31.365+0000] {logging_mixin.py:151} INFO - [2023-10-10T08:56:31.365+0000] {dagbag.py:539} INFO - Filling up the DagBag from /home/airflow/.local/lib/python3.8/site-packages/airflow/example_dags/example_short_circuit_decorator.py
[2023-10-10T08:56:31.370+0000] {processor.py:839} INFO - DAG(s) dict_keys(['example_short_circuit_decorator']) retrieved from /home/airflow/.local/lib/python3.8/site-packages/airflow/example_dags/example_short_circuit_decorator.py
[2023-10-10T08:56:31.387+0000] {logging_mixin.py:151} INFO - [2023-10-10T08:56:31.386+0000] {dag.py:2915} INFO - Sync 1 DAGs
[2023-10-10T08:56:31.400+0000] {logging_mixin.py:151} INFO - [2023-10-10T08:56:31.400+0000] {dag.py:3696} INFO - Setting next_dagrun for example_short_circuit_decorator to 2023-10-09T08:56:31.400631+00:00, run_after=2023-10-10T08:56:31.400631+00:00
[2023-10-10T08:56:31.411+0000] {processor.py:179} INFO - Processing /home/airflow/.local/lib/python3.8/site-packages/airflow/example_dags/example_short_circuit_decorator.py took 0.051 seconds
[2023-10-10T08:57:02.271+0000] {processor.py:157} INFO - Started process (PID=902) to work on /home/airflow/.local/lib/python3.8/site-packages/airflow/example_dags/example_short_circuit_decorator.py
[2023-10-10T08:57:02.272+0000] {processor.py:829} INFO - Processing file /home/airflow/.local/lib/python3.8/site-packages/airflow/example_dags/example_short_circuit_decorator.py for tasks to queue
[2023-10-10T08:57:02.274+0000] {logging_mixin.py:151} INFO - [2023-10-10T08:57:02.273+0000] {dagbag.py:539} INFO - Filling up the DagBag from /home/airflow/.local/lib/python3.8/site-packages/airflow/example_dags/example_short_circuit_decorator.py
[2023-10-10T08:57:02.279+0000] {processor.py:839} INFO - DAG(s) dict_keys(['example_short_circuit_decorator']) retrieved from /home/airflow/.local/lib/python3.8/site-packages/airflow/example_dags/example_short_circuit_decorator.py
[2023-10-10T08:57:02.300+0000] {logging_mixin.py:151} INFO - [2023-10-10T08:57:02.299+0000] {dag.py:2915} INFO - Sync 1 DAGs
[2023-10-10T08:57:02.315+0000] {logging_mixin.py:151} INFO - [2023-10-10T08:57:02.315+0000] {dag.py:3696} INFO - Setting next_dagrun for example_short_circuit_decorator to 2023-10-09T08:57:02.315449+00:00, run_after=2023-10-10T08:57:02.315449+00:00
[2023-10-10T08:57:02.326+0000] {processor.py:179} INFO - Processing /home/airflow/.local/lib/python3.8/site-packages/airflow/example_dags/example_short_circuit_decorator.py took 0.057 seconds
[2023-10-10T08:57:33.147+0000] {processor.py:157} INFO - Started process (PID=963) to work on /home/airflow/.local/lib/python3.8/site-packages/airflow/example_dags/example_short_circuit_decorator.py
[2023-10-10T08:57:33.148+0000] {processor.py:829} INFO - Processing file /home/airflow/.local/lib/python3.8/site-packages/airflow/example_dags/example_short_circuit_decorator.py for tasks to queue
[2023-10-10T08:57:33.149+0000] {logging_mixin.py:151} INFO - [2023-10-10T08:57:33.149+0000] {dagbag.py:539} INFO - Filling up the DagBag from /home/airflow/.local/lib/python3.8/site-packages/airflow/example_dags/example_short_circuit_decorator.py
[2023-10-10T08:57:33.155+0000] {processor.py:839} INFO - DAG(s) dict_keys(['example_short_circuit_decorator']) retrieved from /home/airflow/.local/lib/python3.8/site-packages/airflow/example_dags/example_short_circuit_decorator.py
[2023-10-10T08:57:33.171+0000] {logging_mixin.py:151} INFO - [2023-10-10T08:57:33.171+0000] {dag.py:2915} INFO - Sync 1 DAGs
[2023-10-10T08:57:33.184+0000] {logging_mixin.py:151} INFO - [2023-10-10T08:57:33.184+0000] {dag.py:3696} INFO - Setting next_dagrun for example_short_circuit_decorator to 2023-10-09T08:57:33.184490+00:00, run_after=2023-10-10T08:57:33.184490+00:00
[2023-10-10T08:57:33.194+0000] {processor.py:179} INFO - Processing /home/airflow/.local/lib/python3.8/site-packages/airflow/example_dags/example_short_circuit_decorator.py took 0.050 seconds
[2023-10-10T08:58:03.308+0000] {processor.py:157} INFO - Started process (PID=1024) to work on /home/airflow/.local/lib/python3.8/site-packages/airflow/example_dags/example_short_circuit_decorator.py
[2023-10-10T08:58:03.308+0000] {processor.py:829} INFO - Processing file /home/airflow/.local/lib/python3.8/site-packages/airflow/example_dags/example_short_circuit_decorator.py for tasks to queue
[2023-10-10T08:58:03.310+0000] {logging_mixin.py:151} INFO - [2023-10-10T08:58:03.310+0000] {dagbag.py:539} INFO - Filling up the DagBag from /home/airflow/.local/lib/python3.8/site-packages/airflow/example_dags/example_short_circuit_decorator.py
[2023-10-10T08:58:03.315+0000] {processor.py:839} INFO - DAG(s) dict_keys(['example_short_circuit_decorator']) retrieved from /home/airflow/.local/lib/python3.8/site-packages/airflow/example_dags/example_short_circuit_decorator.py
[2023-10-10T08:58:03.331+0000] {logging_mixin.py:151} INFO - [2023-10-10T08:58:03.331+0000] {dag.py:2915} INFO - Sync 1 DAGs
[2023-10-10T08:58:03.345+0000] {logging_mixin.py:151} INFO - [2023-10-10T08:58:03.345+0000] {dag.py:3696} INFO - Setting next_dagrun for example_short_circuit_decorator to 2023-10-09T08:58:03.344853+00:00, run_after=2023-10-10T08:58:03.344853+00:00
[2023-10-10T08:58:03.355+0000] {processor.py:179} INFO - Processing /home/airflow/.local/lib/python3.8/site-packages/airflow/example_dags/example_short_circuit_decorator.py took 0.049 seconds
[2023-10-10T08:58:34.414+0000] {processor.py:157} INFO - Started process (PID=1085) to work on /home/airflow/.local/lib/python3.8/site-packages/airflow/example_dags/example_short_circuit_decorator.py
[2023-10-10T08:58:34.415+0000] {processor.py:829} INFO - Processing file /home/airflow/.local/lib/python3.8/site-packages/airflow/example_dags/example_short_circuit_decorator.py for tasks to queue
[2023-10-10T08:58:34.417+0000] {logging_mixin.py:151} INFO - [2023-10-10T08:58:34.417+0000] {dagbag.py:539} INFO - Filling up the DagBag from /home/airflow/.local/lib/python3.8/site-packages/airflow/example_dags/example_short_circuit_decorator.py
[2023-10-10T08:58:34.424+0000] {processor.py:839} INFO - DAG(s) dict_keys(['example_short_circuit_decorator']) retrieved from /home/airflow/.local/lib/python3.8/site-packages/airflow/example_dags/example_short_circuit_decorator.py
[2023-10-10T08:58:34.444+0000] {logging_mixin.py:151} INFO - [2023-10-10T08:58:34.444+0000] {dag.py:2915} INFO - Sync 1 DAGs
[2023-10-10T08:58:34.460+0000] {logging_mixin.py:151} INFO - [2023-10-10T08:58:34.460+0000] {dag.py:3696} INFO - Setting next_dagrun for example_short_circuit_decorator to 2023-10-09T08:58:34.459831+00:00, run_after=2023-10-10T08:58:34.459831+00:00
[2023-10-10T08:58:34.471+0000] {processor.py:179} INFO - Processing /home/airflow/.local/lib/python3.8/site-packages/airflow/example_dags/example_short_circuit_decorator.py took 0.062 seconds
[2023-10-10T08:59:04.805+0000] {processor.py:157} INFO - Started process (PID=1146) to work on /home/airflow/.local/lib/python3.8/site-packages/airflow/example_dags/example_short_circuit_decorator.py
[2023-10-10T08:59:04.806+0000] {processor.py:829} INFO - Processing file /home/airflow/.local/lib/python3.8/site-packages/airflow/example_dags/example_short_circuit_decorator.py for tasks to queue
[2023-10-10T08:59:04.807+0000] {logging_mixin.py:151} INFO - [2023-10-10T08:59:04.807+0000] {dagbag.py:539} INFO - Filling up the DagBag from /home/airflow/.local/lib/python3.8/site-packages/airflow/example_dags/example_short_circuit_decorator.py
[2023-10-10T08:59:04.813+0000] {processor.py:839} INFO - DAG(s) dict_keys(['example_short_circuit_decorator']) retrieved from /home/airflow/.local/lib/python3.8/site-packages/airflow/example_dags/example_short_circuit_decorator.py
[2023-10-10T08:59:04.829+0000] {logging_mixin.py:151} INFO - [2023-10-10T08:59:04.829+0000] {dag.py:2915} INFO - Sync 1 DAGs
[2023-10-10T08:59:04.846+0000] {logging_mixin.py:151} INFO - [2023-10-10T08:59:04.846+0000] {dag.py:3696} INFO - Setting next_dagrun for example_short_circuit_decorator to 2023-10-09T08:59:04.846337+00:00, run_after=2023-10-10T08:59:04.846337+00:00
[2023-10-10T08:59:04.858+0000] {processor.py:179} INFO - Processing /home/airflow/.local/lib/python3.8/site-packages/airflow/example_dags/example_short_circuit_decorator.py took 0.056 seconds
[2023-10-10T08:59:35.193+0000] {processor.py:157} INFO - Started process (PID=1207) to work on /home/airflow/.local/lib/python3.8/site-packages/airflow/example_dags/example_short_circuit_decorator.py
[2023-10-10T08:59:35.194+0000] {processor.py:829} INFO - Processing file /home/airflow/.local/lib/python3.8/site-packages/airflow/example_dags/example_short_circuit_decorator.py for tasks to queue
[2023-10-10T08:59:35.196+0000] {logging_mixin.py:151} INFO - [2023-10-10T08:59:35.195+0000] {dagbag.py:539} INFO - Filling up the DagBag from /home/airflow/.local/lib/python3.8/site-packages/airflow/example_dags/example_short_circuit_decorator.py
[2023-10-10T08:59:35.201+0000] {processor.py:839} INFO - DAG(s) dict_keys(['example_short_circuit_decorator']) retrieved from /home/airflow/.local/lib/python3.8/site-packages/airflow/example_dags/example_short_circuit_decorator.py
[2023-10-10T08:59:35.217+0000] {logging_mixin.py:151} INFO - [2023-10-10T08:59:35.217+0000] {dag.py:2915} INFO - Sync 1 DAGs
[2023-10-10T08:59:35.232+0000] {logging_mixin.py:151} INFO - [2023-10-10T08:59:35.232+0000] {dag.py:3696} INFO - Setting next_dagrun for example_short_circuit_decorator to 2023-10-09T08:59:35.232382+00:00, run_after=2023-10-10T08:59:35.232382+00:00
[2023-10-10T08:59:35.242+0000] {processor.py:179} INFO - Processing /home/airflow/.local/lib/python3.8/site-packages/airflow/example_dags/example_short_circuit_decorator.py took 0.051 seconds
[2023-10-10T09:00:05.672+0000] {processor.py:157} INFO - Started process (PID=1268) to work on /home/airflow/.local/lib/python3.8/site-packages/airflow/example_dags/example_short_circuit_decorator.py
[2023-10-10T09:00:05.673+0000] {processor.py:829} INFO - Processing file /home/airflow/.local/lib/python3.8/site-packages/airflow/example_dags/example_short_circuit_decorator.py for tasks to queue
[2023-10-10T09:00:05.675+0000] {logging_mixin.py:151} INFO - [2023-10-10T09:00:05.675+0000] {dagbag.py:539} INFO - Filling up the DagBag from /home/airflow/.local/lib/python3.8/site-packages/airflow/example_dags/example_short_circuit_decorator.py
[2023-10-10T09:00:05.681+0000] {processor.py:839} INFO - DAG(s) dict_keys(['example_short_circuit_decorator']) retrieved from /home/airflow/.local/lib/python3.8/site-packages/airflow/example_dags/example_short_circuit_decorator.py
[2023-10-10T09:00:05.699+0000] {logging_mixin.py:151} INFO - [2023-10-10T09:00:05.698+0000] {dag.py:2915} INFO - Sync 1 DAGs
[2023-10-10T09:00:05.715+0000] {logging_mixin.py:151} INFO - [2023-10-10T09:00:05.715+0000] {dag.py:3696} INFO - Setting next_dagrun for example_short_circuit_decorator to 2023-10-09T09:00:05.715344+00:00, run_after=2023-10-10T09:00:05.715344+00:00
[2023-10-10T09:00:05.727+0000] {processor.py:179} INFO - Processing /home/airflow/.local/lib/python3.8/site-packages/airflow/example_dags/example_short_circuit_decorator.py took 0.058 seconds
[2023-10-10T09:00:36.065+0000] {processor.py:157} INFO - Started process (PID=1329) to work on /home/airflow/.local/lib/python3.8/site-packages/airflow/example_dags/example_short_circuit_decorator.py
[2023-10-10T09:00:36.066+0000] {processor.py:829} INFO - Processing file /home/airflow/.local/lib/python3.8/site-packages/airflow/example_dags/example_short_circuit_decorator.py for tasks to queue
[2023-10-10T09:00:36.067+0000] {logging_mixin.py:151} INFO - [2023-10-10T09:00:36.067+0000] {dagbag.py:539} INFO - Filling up the DagBag from /home/airflow/.local/lib/python3.8/site-packages/airflow/example_dags/example_short_circuit_decorator.py
[2023-10-10T09:00:36.074+0000] {processor.py:839} INFO - DAG(s) dict_keys(['example_short_circuit_decorator']) retrieved from /home/airflow/.local/lib/python3.8/site-packages/airflow/example_dags/example_short_circuit_decorator.py
[2023-10-10T09:00:36.090+0000] {logging_mixin.py:151} INFO - [2023-10-10T09:00:36.090+0000] {dag.py:2915} INFO - Sync 1 DAGs
[2023-10-10T09:00:36.103+0000] {logging_mixin.py:151} INFO - [2023-10-10T09:00:36.103+0000] {dag.py:3696} INFO - Setting next_dagrun for example_short_circuit_decorator to 2023-10-09T09:00:36.103327+00:00, run_after=2023-10-10T09:00:36.103327+00:00
[2023-10-10T09:00:36.113+0000] {processor.py:179} INFO - Processing /home/airflow/.local/lib/python3.8/site-packages/airflow/example_dags/example_short_circuit_decorator.py took 0.052 seconds
[2023-10-10T09:01:06.310+0000] {processor.py:157} INFO - Started process (PID=1390) to work on /home/airflow/.local/lib/python3.8/site-packages/airflow/example_dags/example_short_circuit_decorator.py
[2023-10-10T09:01:06.311+0000] {processor.py:829} INFO - Processing file /home/airflow/.local/lib/python3.8/site-packages/airflow/example_dags/example_short_circuit_decorator.py for tasks to queue
[2023-10-10T09:01:06.312+0000] {logging_mixin.py:151} INFO - [2023-10-10T09:01:06.312+0000] {dagbag.py:539} INFO - Filling up the DagBag from /home/airflow/.local/lib/python3.8/site-packages/airflow/example_dags/example_short_circuit_decorator.py
[2023-10-10T09:01:06.318+0000] {processor.py:839} INFO - DAG(s) dict_keys(['example_short_circuit_decorator']) retrieved from /home/airflow/.local/lib/python3.8/site-packages/airflow/example_dags/example_short_circuit_decorator.py
[2023-10-10T09:01:06.334+0000] {logging_mixin.py:151} INFO - [2023-10-10T09:01:06.334+0000] {dag.py:2915} INFO - Sync 1 DAGs
[2023-10-10T09:01:06.349+0000] {logging_mixin.py:151} INFO - [2023-10-10T09:01:06.349+0000] {dag.py:3696} INFO - Setting next_dagrun for example_short_circuit_decorator to 2023-10-09T09:01:06.348925+00:00, run_after=2023-10-10T09:01:06.348925+00:00
[2023-10-10T09:01:06.360+0000] {processor.py:179} INFO - Processing /home/airflow/.local/lib/python3.8/site-packages/airflow/example_dags/example_short_circuit_decorator.py took 0.052 seconds
[2023-10-10T09:01:36.503+0000] {processor.py:157} INFO - Started process (PID=1451) to work on /home/airflow/.local/lib/python3.8/site-packages/airflow/example_dags/example_short_circuit_decorator.py
[2023-10-10T09:01:36.504+0000] {processor.py:829} INFO - Processing file /home/airflow/.local/lib/python3.8/site-packages/airflow/example_dags/example_short_circuit_decorator.py for tasks to queue
[2023-10-10T09:01:36.507+0000] {logging_mixin.py:151} INFO - [2023-10-10T09:01:36.506+0000] {dagbag.py:539} INFO - Filling up the DagBag from /home/airflow/.local/lib/python3.8/site-packages/airflow/example_dags/example_short_circuit_decorator.py
[2023-10-10T09:01:36.513+0000] {processor.py:839} INFO - DAG(s) dict_keys(['example_short_circuit_decorator']) retrieved from /home/airflow/.local/lib/python3.8/site-packages/airflow/example_dags/example_short_circuit_decorator.py
[2023-10-10T09:01:36.538+0000] {logging_mixin.py:151} INFO - [2023-10-10T09:01:36.537+0000] {dag.py:2915} INFO - Sync 1 DAGs
[2023-10-10T09:01:36.557+0000] {logging_mixin.py:151} INFO - [2023-10-10T09:01:36.556+0000] {dag.py:3696} INFO - Setting next_dagrun for example_short_circuit_decorator to 2023-10-09T09:01:36.556782+00:00, run_after=2023-10-10T09:01:36.556782+00:00
[2023-10-10T09:01:36.570+0000] {processor.py:179} INFO - Processing /home/airflow/.local/lib/python3.8/site-packages/airflow/example_dags/example_short_circuit_decorator.py took 0.070 seconds
[2023-10-10T09:02:06.775+0000] {processor.py:157} INFO - Started process (PID=1512) to work on /home/airflow/.local/lib/python3.8/site-packages/airflow/example_dags/example_short_circuit_decorator.py
[2023-10-10T09:02:06.775+0000] {processor.py:829} INFO - Processing file /home/airflow/.local/lib/python3.8/site-packages/airflow/example_dags/example_short_circuit_decorator.py for tasks to queue
[2023-10-10T09:02:06.777+0000] {logging_mixin.py:151} INFO - [2023-10-10T09:02:06.777+0000] {dagbag.py:539} INFO - Filling up the DagBag from /home/airflow/.local/lib/python3.8/site-packages/airflow/example_dags/example_short_circuit_decorator.py
[2023-10-10T09:02:06.783+0000] {processor.py:839} INFO - DAG(s) dict_keys(['example_short_circuit_decorator']) retrieved from /home/airflow/.local/lib/python3.8/site-packages/airflow/example_dags/example_short_circuit_decorator.py
[2023-10-10T09:02:06.803+0000] {logging_mixin.py:151} INFO - [2023-10-10T09:02:06.803+0000] {dag.py:2915} INFO - Sync 1 DAGs
[2023-10-10T09:02:06.825+0000] {logging_mixin.py:151} INFO - [2023-10-10T09:02:06.824+0000] {dag.py:3696} INFO - Setting next_dagrun for example_short_circuit_decorator to 2023-10-09T09:02:06.824450+00:00, run_after=2023-10-10T09:02:06.824450+00:00
[2023-10-10T09:02:06.839+0000] {processor.py:179} INFO - Processing /home/airflow/.local/lib/python3.8/site-packages/airflow/example_dags/example_short_circuit_decorator.py took 0.066 seconds
[2023-10-10T09:02:37.399+0000] {processor.py:157} INFO - Started process (PID=1573) to work on /home/airflow/.local/lib/python3.8/site-packages/airflow/example_dags/example_short_circuit_decorator.py
[2023-10-10T09:02:37.400+0000] {processor.py:829} INFO - Processing file /home/airflow/.local/lib/python3.8/site-packages/airflow/example_dags/example_short_circuit_decorator.py for tasks to queue
[2023-10-10T09:02:37.401+0000] {logging_mixin.py:151} INFO - [2023-10-10T09:02:37.401+0000] {dagbag.py:539} INFO - Filling up the DagBag from /home/airflow/.local/lib/python3.8/site-packages/airflow/example_dags/example_short_circuit_decorator.py
[2023-10-10T09:02:37.407+0000] {processor.py:839} INFO - DAG(s) dict_keys(['example_short_circuit_decorator']) retrieved from /home/airflow/.local/lib/python3.8/site-packages/airflow/example_dags/example_short_circuit_decorator.py
[2023-10-10T09:02:37.423+0000] {logging_mixin.py:151} INFO - [2023-10-10T09:02:37.423+0000] {dag.py:2915} INFO - Sync 1 DAGs
[2023-10-10T09:02:37.437+0000] {logging_mixin.py:151} INFO - [2023-10-10T09:02:37.437+0000] {dag.py:3696} INFO - Setting next_dagrun for example_short_circuit_decorator to 2023-10-09T09:02:37.436935+00:00, run_after=2023-10-10T09:02:37.436935+00:00
[2023-10-10T09:02:37.449+0000] {processor.py:179} INFO - Processing /home/airflow/.local/lib/python3.8/site-packages/airflow/example_dags/example_short_circuit_decorator.py took 0.052 seconds
[2023-10-10T09:03:08.291+0000] {processor.py:157} INFO - Started process (PID=1634) to work on /home/airflow/.local/lib/python3.8/site-packages/airflow/example_dags/example_short_circuit_decorator.py
[2023-10-10T09:03:08.292+0000] {processor.py:829} INFO - Processing file /home/airflow/.local/lib/python3.8/site-packages/airflow/example_dags/example_short_circuit_decorator.py for tasks to queue
[2023-10-10T09:03:08.294+0000] {logging_mixin.py:151} INFO - [2023-10-10T09:03:08.294+0000] {dagbag.py:539} INFO - Filling up the DagBag from /home/airflow/.local/lib/python3.8/site-packages/airflow/example_dags/example_short_circuit_decorator.py
[2023-10-10T09:03:08.300+0000] {processor.py:839} INFO - DAG(s) dict_keys(['example_short_circuit_decorator']) retrieved from /home/airflow/.local/lib/python3.8/site-packages/airflow/example_dags/example_short_circuit_decorator.py
[2023-10-10T09:03:08.317+0000] {logging_mixin.py:151} INFO - [2023-10-10T09:03:08.317+0000] {dag.py:2915} INFO - Sync 1 DAGs
[2023-10-10T09:03:08.331+0000] {logging_mixin.py:151} INFO - [2023-10-10T09:03:08.331+0000] {dag.py:3696} INFO - Setting next_dagrun for example_short_circuit_decorator to 2023-10-09T09:03:08.331167+00:00, run_after=2023-10-10T09:03:08.331167+00:00
[2023-10-10T09:03:08.343+0000] {processor.py:179} INFO - Processing /home/airflow/.local/lib/python3.8/site-packages/airflow/example_dags/example_short_circuit_decorator.py took 0.054 seconds
[2023-10-10T09:03:38.676+0000] {processor.py:157} INFO - Started process (PID=1695) to work on /home/airflow/.local/lib/python3.8/site-packages/airflow/example_dags/example_short_circuit_decorator.py
[2023-10-10T09:03:38.677+0000] {processor.py:829} INFO - Processing file /home/airflow/.local/lib/python3.8/site-packages/airflow/example_dags/example_short_circuit_decorator.py for tasks to queue
[2023-10-10T09:03:38.679+0000] {logging_mixin.py:151} INFO - [2023-10-10T09:03:38.679+0000] {dagbag.py:539} INFO - Filling up the DagBag from /home/airflow/.local/lib/python3.8/site-packages/airflow/example_dags/example_short_circuit_decorator.py
[2023-10-10T09:03:38.685+0000] {processor.py:839} INFO - DAG(s) dict_keys(['example_short_circuit_decorator']) retrieved from /home/airflow/.local/lib/python3.8/site-packages/airflow/example_dags/example_short_circuit_decorator.py
[2023-10-10T09:03:38.706+0000] {logging_mixin.py:151} INFO - [2023-10-10T09:03:38.706+0000] {dag.py:2915} INFO - Sync 1 DAGs
[2023-10-10T09:03:38.728+0000] {logging_mixin.py:151} INFO - [2023-10-10T09:03:38.728+0000] {dag.py:3696} INFO - Setting next_dagrun for example_short_circuit_decorator to 2023-10-09T09:03:38.727740+00:00, run_after=2023-10-10T09:03:38.727740+00:00
[2023-10-10T09:03:38.757+0000] {processor.py:179} INFO - Processing /home/airflow/.local/lib/python3.8/site-packages/airflow/example_dags/example_short_circuit_decorator.py took 0.084 seconds
[2023-10-10T09:04:09.564+0000] {processor.py:157} INFO - Started process (PID=1756) to work on /home/airflow/.local/lib/python3.8/site-packages/airflow/example_dags/example_short_circuit_decorator.py
[2023-10-10T09:04:09.565+0000] {processor.py:829} INFO - Processing file /home/airflow/.local/lib/python3.8/site-packages/airflow/example_dags/example_short_circuit_decorator.py for tasks to queue
[2023-10-10T09:04:09.566+0000] {logging_mixin.py:151} INFO - [2023-10-10T09:04:09.566+0000] {dagbag.py:539} INFO - Filling up the DagBag from /home/airflow/.local/lib/python3.8/site-packages/airflow/example_dags/example_short_circuit_decorator.py
[2023-10-10T09:04:09.573+0000] {processor.py:839} INFO - DAG(s) dict_keys(['example_short_circuit_decorator']) retrieved from /home/airflow/.local/lib/python3.8/site-packages/airflow/example_dags/example_short_circuit_decorator.py
[2023-10-10T09:04:09.593+0000] {logging_mixin.py:151} INFO - [2023-10-10T09:04:09.593+0000] {dag.py:2915} INFO - Sync 1 DAGs
[2023-10-10T09:04:09.613+0000] {logging_mixin.py:151} INFO - [2023-10-10T09:04:09.613+0000] {dag.py:3696} INFO - Setting next_dagrun for example_short_circuit_decorator to 2023-10-09T09:04:09.612973+00:00, run_after=2023-10-10T09:04:09.612973+00:00
[2023-10-10T09:04:09.625+0000] {processor.py:179} INFO - Processing /home/airflow/.local/lib/python3.8/site-packages/airflow/example_dags/example_short_circuit_decorator.py took 0.065 seconds
[2023-10-10T09:04:40.073+0000] {processor.py:157} INFO - Started process (PID=1816) to work on /home/airflow/.local/lib/python3.8/site-packages/airflow/example_dags/example_short_circuit_decorator.py
[2023-10-10T09:04:40.074+0000] {processor.py:829} INFO - Processing file /home/airflow/.local/lib/python3.8/site-packages/airflow/example_dags/example_short_circuit_decorator.py for tasks to queue
[2023-10-10T09:04:40.075+0000] {logging_mixin.py:151} INFO - [2023-10-10T09:04:40.075+0000] {dagbag.py:539} INFO - Filling up the DagBag from /home/airflow/.local/lib/python3.8/site-packages/airflow/example_dags/example_short_circuit_decorator.py
[2023-10-10T09:04:40.081+0000] {processor.py:839} INFO - DAG(s) dict_keys(['example_short_circuit_decorator']) retrieved from /home/airflow/.local/lib/python3.8/site-packages/airflow/example_dags/example_short_circuit_decorator.py
[2023-10-10T09:04:40.098+0000] {logging_mixin.py:151} INFO - [2023-10-10T09:04:40.098+0000] {dag.py:2915} INFO - Sync 1 DAGs
[2023-10-10T09:04:40.114+0000] {logging_mixin.py:151} INFO - [2023-10-10T09:04:40.114+0000] {dag.py:3696} INFO - Setting next_dagrun for example_short_circuit_decorator to 2023-10-09T09:04:40.114229+00:00, run_after=2023-10-10T09:04:40.114229+00:00
[2023-10-10T09:04:40.127+0000] {processor.py:179} INFO - Processing /home/airflow/.local/lib/python3.8/site-packages/airflow/example_dags/example_short_circuit_decorator.py took 0.057 seconds
[2023-10-10T09:05:11.010+0000] {processor.py:157} INFO - Started process (PID=1877) to work on /home/airflow/.local/lib/python3.8/site-packages/airflow/example_dags/example_short_circuit_decorator.py
[2023-10-10T09:05:11.010+0000] {processor.py:829} INFO - Processing file /home/airflow/.local/lib/python3.8/site-packages/airflow/example_dags/example_short_circuit_decorator.py for tasks to queue
[2023-10-10T09:05:11.012+0000] {logging_mixin.py:151} INFO - [2023-10-10T09:05:11.012+0000] {dagbag.py:539} INFO - Filling up the DagBag from /home/airflow/.local/lib/python3.8/site-packages/airflow/example_dags/example_short_circuit_decorator.py
[2023-10-10T09:05:11.018+0000] {processor.py:839} INFO - DAG(s) dict_keys(['example_short_circuit_decorator']) retrieved from /home/airflow/.local/lib/python3.8/site-packages/airflow/example_dags/example_short_circuit_decorator.py
[2023-10-10T09:05:11.033+0000] {logging_mixin.py:151} INFO - [2023-10-10T09:05:11.033+0000] {dag.py:2915} INFO - Sync 1 DAGs
[2023-10-10T09:05:11.046+0000] {logging_mixin.py:151} INFO - [2023-10-10T09:05:11.046+0000] {dag.py:3696} INFO - Setting next_dagrun for example_short_circuit_decorator to 2023-10-09T09:05:11.046750+00:00, run_after=2023-10-10T09:05:11.046750+00:00
[2023-10-10T09:05:11.056+0000] {processor.py:179} INFO - Processing /home/airflow/.local/lib/python3.8/site-packages/airflow/example_dags/example_short_circuit_decorator.py took 0.049 seconds
[2023-10-10T09:05:42.312+0000] {processor.py:157} INFO - Started process (PID=1944) to work on /home/airflow/.local/lib/python3.8/site-packages/airflow/example_dags/example_short_circuit_decorator.py
[2023-10-10T09:05:42.313+0000] {processor.py:829} INFO - Processing file /home/airflow/.local/lib/python3.8/site-packages/airflow/example_dags/example_short_circuit_decorator.py for tasks to queue
[2023-10-10T09:05:42.314+0000] {logging_mixin.py:151} INFO - [2023-10-10T09:05:42.314+0000] {dagbag.py:539} INFO - Filling up the DagBag from /home/airflow/.local/lib/python3.8/site-packages/airflow/example_dags/example_short_circuit_decorator.py
[2023-10-10T09:05:42.320+0000] {processor.py:839} INFO - DAG(s) dict_keys(['example_short_circuit_decorator']) retrieved from /home/airflow/.local/lib/python3.8/site-packages/airflow/example_dags/example_short_circuit_decorator.py
[2023-10-10T09:05:42.336+0000] {logging_mixin.py:151} INFO - [2023-10-10T09:05:42.336+0000] {dag.py:2915} INFO - Sync 1 DAGs
[2023-10-10T09:05:42.350+0000] {logging_mixin.py:151} INFO - [2023-10-10T09:05:42.350+0000] {dag.py:3696} INFO - Setting next_dagrun for example_short_circuit_decorator to 2023-10-09T09:05:42.350161+00:00, run_after=2023-10-10T09:05:42.350161+00:00
[2023-10-10T09:05:42.360+0000] {processor.py:179} INFO - Processing /home/airflow/.local/lib/python3.8/site-packages/airflow/example_dags/example_short_circuit_decorator.py took 0.050 seconds
[2023-10-10T09:06:13.219+0000] {processor.py:157} INFO - Started process (PID=2004) to work on /home/airflow/.local/lib/python3.8/site-packages/airflow/example_dags/example_short_circuit_decorator.py
[2023-10-10T09:06:13.220+0000] {processor.py:829} INFO - Processing file /home/airflow/.local/lib/python3.8/site-packages/airflow/example_dags/example_short_circuit_decorator.py for tasks to queue
[2023-10-10T09:06:13.222+0000] {logging_mixin.py:151} INFO - [2023-10-10T09:06:13.222+0000] {dagbag.py:539} INFO - Filling up the DagBag from /home/airflow/.local/lib/python3.8/site-packages/airflow/example_dags/example_short_circuit_decorator.py
[2023-10-10T09:06:13.227+0000] {processor.py:839} INFO - DAG(s) dict_keys(['example_short_circuit_decorator']) retrieved from /home/airflow/.local/lib/python3.8/site-packages/airflow/example_dags/example_short_circuit_decorator.py
[2023-10-10T09:06:13.245+0000] {logging_mixin.py:151} INFO - [2023-10-10T09:06:13.245+0000] {dag.py:2915} INFO - Sync 1 DAGs
[2023-10-10T09:06:13.271+0000] {logging_mixin.py:151} INFO - [2023-10-10T09:06:13.271+0000] {dag.py:3696} INFO - Setting next_dagrun for example_short_circuit_decorator to 2023-10-09T09:06:13.271026+00:00, run_after=2023-10-10T09:06:13.271026+00:00
[2023-10-10T09:06:13.291+0000] {processor.py:179} INFO - Processing /home/airflow/.local/lib/python3.8/site-packages/airflow/example_dags/example_short_circuit_decorator.py took 0.074 seconds
[2023-10-10T09:06:43.340+0000] {processor.py:157} INFO - Started process (PID=2059) to work on /home/airflow/.local/lib/python3.8/site-packages/airflow/example_dags/example_short_circuit_decorator.py
[2023-10-10T09:06:43.341+0000] {processor.py:829} INFO - Processing file /home/airflow/.local/lib/python3.8/site-packages/airflow/example_dags/example_short_circuit_decorator.py for tasks to queue
[2023-10-10T09:06:43.343+0000] {logging_mixin.py:151} INFO - [2023-10-10T09:06:43.343+0000] {dagbag.py:539} INFO - Filling up the DagBag from /home/airflow/.local/lib/python3.8/site-packages/airflow/example_dags/example_short_circuit_decorator.py
[2023-10-10T09:06:43.350+0000] {processor.py:839} INFO - DAG(s) dict_keys(['example_short_circuit_decorator']) retrieved from /home/airflow/.local/lib/python3.8/site-packages/airflow/example_dags/example_short_circuit_decorator.py
[2023-10-10T09:06:43.371+0000] {logging_mixin.py:151} INFO - [2023-10-10T09:06:43.371+0000] {dag.py:2915} INFO - Sync 1 DAGs
[2023-10-10T09:06:43.397+0000] {logging_mixin.py:151} INFO - [2023-10-10T09:06:43.397+0000] {dag.py:3696} INFO - Setting next_dagrun for example_short_circuit_decorator to 2023-10-09T09:06:43.396942+00:00, run_after=2023-10-10T09:06:43.396942+00:00
[2023-10-10T09:06:43.408+0000] {processor.py:179} INFO - Processing /home/airflow/.local/lib/python3.8/site-packages/airflow/example_dags/example_short_circuit_decorator.py took 0.071 seconds
[2023-10-10T09:07:13.766+0000] {processor.py:157} INFO - Started process (PID=2120) to work on /home/airflow/.local/lib/python3.8/site-packages/airflow/example_dags/example_short_circuit_decorator.py
[2023-10-10T09:07:13.767+0000] {processor.py:829} INFO - Processing file /home/airflow/.local/lib/python3.8/site-packages/airflow/example_dags/example_short_circuit_decorator.py for tasks to queue
[2023-10-10T09:07:13.770+0000] {logging_mixin.py:151} INFO - [2023-10-10T09:07:13.769+0000] {dagbag.py:539} INFO - Filling up the DagBag from /home/airflow/.local/lib/python3.8/site-packages/airflow/example_dags/example_short_circuit_decorator.py
[2023-10-10T09:07:13.775+0000] {processor.py:839} INFO - DAG(s) dict_keys(['example_short_circuit_decorator']) retrieved from /home/airflow/.local/lib/python3.8/site-packages/airflow/example_dags/example_short_circuit_decorator.py
[2023-10-10T09:07:13.791+0000] {logging_mixin.py:151} INFO - [2023-10-10T09:07:13.791+0000] {dag.py:2915} INFO - Sync 1 DAGs
[2023-10-10T09:07:13.805+0000] {logging_mixin.py:151} INFO - [2023-10-10T09:07:13.805+0000] {dag.py:3696} INFO - Setting next_dagrun for example_short_circuit_decorator to 2023-10-09T09:07:13.805347+00:00, run_after=2023-10-10T09:07:13.805347+00:00
[2023-10-10T09:07:13.815+0000] {processor.py:179} INFO - Processing /home/airflow/.local/lib/python3.8/site-packages/airflow/example_dags/example_short_circuit_decorator.py took 0.050 seconds
[2023-10-10T09:07:43.938+0000] {processor.py:157} INFO - Started process (PID=2181) to work on /home/airflow/.local/lib/python3.8/site-packages/airflow/example_dags/example_short_circuit_decorator.py
[2023-10-10T09:07:43.940+0000] {processor.py:829} INFO - Processing file /home/airflow/.local/lib/python3.8/site-packages/airflow/example_dags/example_short_circuit_decorator.py for tasks to queue
[2023-10-10T09:07:43.942+0000] {logging_mixin.py:151} INFO - [2023-10-10T09:07:43.942+0000] {dagbag.py:539} INFO - Filling up the DagBag from /home/airflow/.local/lib/python3.8/site-packages/airflow/example_dags/example_short_circuit_decorator.py
[2023-10-10T09:07:43.947+0000] {processor.py:839} INFO - DAG(s) dict_keys(['example_short_circuit_decorator']) retrieved from /home/airflow/.local/lib/python3.8/site-packages/airflow/example_dags/example_short_circuit_decorator.py
[2023-10-10T09:07:43.984+0000] {logging_mixin.py:151} INFO - [2023-10-10T09:07:43.984+0000] {dag.py:2915} INFO - Sync 1 DAGs
[2023-10-10T09:07:44.002+0000] {logging_mixin.py:151} INFO - [2023-10-10T09:07:44.002+0000] {dag.py:3696} INFO - Setting next_dagrun for example_short_circuit_decorator to 2023-10-09T09:07:44.001934+00:00, run_after=2023-10-10T09:07:44.001934+00:00
[2023-10-10T09:07:44.017+0000] {processor.py:179} INFO - Processing /home/airflow/.local/lib/python3.8/site-packages/airflow/example_dags/example_short_circuit_decorator.py took 0.083 seconds
[2023-10-10T09:08:14.737+0000] {processor.py:157} INFO - Started process (PID=2242) to work on /home/airflow/.local/lib/python3.8/site-packages/airflow/example_dags/example_short_circuit_decorator.py
[2023-10-10T09:08:14.739+0000] {processor.py:829} INFO - Processing file /home/airflow/.local/lib/python3.8/site-packages/airflow/example_dags/example_short_circuit_decorator.py for tasks to queue
[2023-10-10T09:08:14.741+0000] {logging_mixin.py:151} INFO - [2023-10-10T09:08:14.741+0000] {dagbag.py:539} INFO - Filling up the DagBag from /home/airflow/.local/lib/python3.8/site-packages/airflow/example_dags/example_short_circuit_decorator.py
[2023-10-10T09:08:14.750+0000] {processor.py:839} INFO - DAG(s) dict_keys(['example_short_circuit_decorator']) retrieved from /home/airflow/.local/lib/python3.8/site-packages/airflow/example_dags/example_short_circuit_decorator.py
[2023-10-10T09:08:14.781+0000] {logging_mixin.py:151} INFO - [2023-10-10T09:08:14.781+0000] {dag.py:2915} INFO - Sync 1 DAGs
[2023-10-10T09:08:14.811+0000] {logging_mixin.py:151} INFO - [2023-10-10T09:08:14.811+0000] {dag.py:3696} INFO - Setting next_dagrun for example_short_circuit_decorator to 2023-10-09T09:08:14.811573+00:00, run_after=2023-10-10T09:08:14.811573+00:00
[2023-10-10T09:08:14.827+0000] {processor.py:179} INFO - Processing /home/airflow/.local/lib/python3.8/site-packages/airflow/example_dags/example_short_circuit_decorator.py took 0.096 seconds
[2023-10-10T09:08:45.140+0000] {processor.py:157} INFO - Started process (PID=2303) to work on /home/airflow/.local/lib/python3.8/site-packages/airflow/example_dags/example_short_circuit_decorator.py
[2023-10-10T09:08:45.142+0000] {processor.py:829} INFO - Processing file /home/airflow/.local/lib/python3.8/site-packages/airflow/example_dags/example_short_circuit_decorator.py for tasks to queue
[2023-10-10T09:08:45.144+0000] {logging_mixin.py:151} INFO - [2023-10-10T09:08:45.144+0000] {dagbag.py:539} INFO - Filling up the DagBag from /home/airflow/.local/lib/python3.8/site-packages/airflow/example_dags/example_short_circuit_decorator.py
[2023-10-10T09:08:45.150+0000] {processor.py:839} INFO - DAG(s) dict_keys(['example_short_circuit_decorator']) retrieved from /home/airflow/.local/lib/python3.8/site-packages/airflow/example_dags/example_short_circuit_decorator.py
[2023-10-10T09:08:45.173+0000] {logging_mixin.py:151} INFO - [2023-10-10T09:08:45.173+0000] {dag.py:2915} INFO - Sync 1 DAGs
[2023-10-10T09:08:45.190+0000] {logging_mixin.py:151} INFO - [2023-10-10T09:08:45.190+0000] {dag.py:3696} INFO - Setting next_dagrun for example_short_circuit_decorator to 2023-10-09T09:08:45.189964+00:00, run_after=2023-10-10T09:08:45.189964+00:00
[2023-10-10T09:08:45.200+0000] {processor.py:179} INFO - Processing /home/airflow/.local/lib/python3.8/site-packages/airflow/example_dags/example_short_circuit_decorator.py took 0.063 seconds
[2023-10-10T09:09:15.635+0000] {processor.py:157} INFO - Started process (PID=2364) to work on /home/airflow/.local/lib/python3.8/site-packages/airflow/example_dags/example_short_circuit_decorator.py
[2023-10-10T09:09:15.635+0000] {processor.py:829} INFO - Processing file /home/airflow/.local/lib/python3.8/site-packages/airflow/example_dags/example_short_circuit_decorator.py for tasks to queue
[2023-10-10T09:09:15.637+0000] {logging_mixin.py:151} INFO - [2023-10-10T09:09:15.637+0000] {dagbag.py:539} INFO - Filling up the DagBag from /home/airflow/.local/lib/python3.8/site-packages/airflow/example_dags/example_short_circuit_decorator.py
[2023-10-10T09:09:15.643+0000] {processor.py:839} INFO - DAG(s) dict_keys(['example_short_circuit_decorator']) retrieved from /home/airflow/.local/lib/python3.8/site-packages/airflow/example_dags/example_short_circuit_decorator.py
[2023-10-10T09:09:15.659+0000] {logging_mixin.py:151} INFO - [2023-10-10T09:09:15.659+0000] {dag.py:2915} INFO - Sync 1 DAGs
[2023-10-10T09:09:15.674+0000] {logging_mixin.py:151} INFO - [2023-10-10T09:09:15.674+0000] {dag.py:3696} INFO - Setting next_dagrun for example_short_circuit_decorator to 2023-10-09T09:09:15.674039+00:00, run_after=2023-10-10T09:09:15.674039+00:00
[2023-10-10T09:09:15.684+0000] {processor.py:179} INFO - Processing /home/airflow/.local/lib/python3.8/site-packages/airflow/example_dags/example_short_circuit_decorator.py took 0.051 seconds
[2023-10-10T09:09:46.461+0000] {processor.py:157} INFO - Started process (PID=2425) to work on /home/airflow/.local/lib/python3.8/site-packages/airflow/example_dags/example_short_circuit_decorator.py
[2023-10-10T09:09:46.462+0000] {processor.py:829} INFO - Processing file /home/airflow/.local/lib/python3.8/site-packages/airflow/example_dags/example_short_circuit_decorator.py for tasks to queue
[2023-10-10T09:09:46.464+0000] {logging_mixin.py:151} INFO - [2023-10-10T09:09:46.464+0000] {dagbag.py:539} INFO - Filling up the DagBag from /home/airflow/.local/lib/python3.8/site-packages/airflow/example_dags/example_short_circuit_decorator.py
[2023-10-10T09:09:46.469+0000] {processor.py:839} INFO - DAG(s) dict_keys(['example_short_circuit_decorator']) retrieved from /home/airflow/.local/lib/python3.8/site-packages/airflow/example_dags/example_short_circuit_decorator.py
[2023-10-10T09:09:46.486+0000] {logging_mixin.py:151} INFO - [2023-10-10T09:09:46.486+0000] {dag.py:2915} INFO - Sync 1 DAGs
[2023-10-10T09:09:46.501+0000] {logging_mixin.py:151} INFO - [2023-10-10T09:09:46.501+0000] {dag.py:3696} INFO - Setting next_dagrun for example_short_circuit_decorator to 2023-10-09T09:09:46.501502+00:00, run_after=2023-10-10T09:09:46.501502+00:00
[2023-10-10T09:09:46.512+0000] {processor.py:179} INFO - Processing /home/airflow/.local/lib/python3.8/site-packages/airflow/example_dags/example_short_circuit_decorator.py took 0.052 seconds
[2023-10-10T09:10:17.192+0000] {processor.py:157} INFO - Started process (PID=2486) to work on /home/airflow/.local/lib/python3.8/site-packages/airflow/example_dags/example_short_circuit_decorator.py
[2023-10-10T09:10:17.193+0000] {processor.py:829} INFO - Processing file /home/airflow/.local/lib/python3.8/site-packages/airflow/example_dags/example_short_circuit_decorator.py for tasks to queue
[2023-10-10T09:10:17.194+0000] {logging_mixin.py:151} INFO - [2023-10-10T09:10:17.194+0000] {dagbag.py:539} INFO - Filling up the DagBag from /home/airflow/.local/lib/python3.8/site-packages/airflow/example_dags/example_short_circuit_decorator.py
[2023-10-10T09:10:17.201+0000] {processor.py:839} INFO - DAG(s) dict_keys(['example_short_circuit_decorator']) retrieved from /home/airflow/.local/lib/python3.8/site-packages/airflow/example_dags/example_short_circuit_decorator.py
[2023-10-10T09:10:17.220+0000] {logging_mixin.py:151} INFO - [2023-10-10T09:10:17.219+0000] {dag.py:2915} INFO - Sync 1 DAGs
[2023-10-10T09:10:17.242+0000] {logging_mixin.py:151} INFO - [2023-10-10T09:10:17.242+0000] {dag.py:3696} INFO - Setting next_dagrun for example_short_circuit_decorator to 2023-10-09T09:10:17.242535+00:00, run_after=2023-10-10T09:10:17.242535+00:00
[2023-10-10T09:10:17.253+0000] {processor.py:179} INFO - Processing /home/airflow/.local/lib/python3.8/site-packages/airflow/example_dags/example_short_circuit_decorator.py took 0.063 seconds
[2023-10-10T09:10:47.820+0000] {processor.py:157} INFO - Started process (PID=2547) to work on /home/airflow/.local/lib/python3.8/site-packages/airflow/example_dags/example_short_circuit_decorator.py
[2023-10-10T09:10:47.821+0000] {processor.py:829} INFO - Processing file /home/airflow/.local/lib/python3.8/site-packages/airflow/example_dags/example_short_circuit_decorator.py for tasks to queue
[2023-10-10T09:10:47.822+0000] {logging_mixin.py:151} INFO - [2023-10-10T09:10:47.822+0000] {dagbag.py:539} INFO - Filling up the DagBag from /home/airflow/.local/lib/python3.8/site-packages/airflow/example_dags/example_short_circuit_decorator.py
[2023-10-10T09:10:47.833+0000] {processor.py:839} INFO - DAG(s) dict_keys(['example_short_circuit_decorator']) retrieved from /home/airflow/.local/lib/python3.8/site-packages/airflow/example_dags/example_short_circuit_decorator.py
[2023-10-10T09:10:47.858+0000] {logging_mixin.py:151} INFO - [2023-10-10T09:10:47.857+0000] {dag.py:2915} INFO - Sync 1 DAGs
[2023-10-10T09:10:47.875+0000] {logging_mixin.py:151} INFO - [2023-10-10T09:10:47.875+0000] {dag.py:3696} INFO - Setting next_dagrun for example_short_circuit_decorator to 2023-10-09T09:10:47.875531+00:00, run_after=2023-10-10T09:10:47.875531+00:00
[2023-10-10T09:10:47.897+0000] {processor.py:179} INFO - Processing /home/airflow/.local/lib/python3.8/site-packages/airflow/example_dags/example_short_circuit_decorator.py took 0.080 seconds
[2023-10-10T09:11:18.530+0000] {processor.py:157} INFO - Started process (PID=2608) to work on /home/airflow/.local/lib/python3.8/site-packages/airflow/example_dags/example_short_circuit_decorator.py
[2023-10-10T09:11:18.533+0000] {processor.py:829} INFO - Processing file /home/airflow/.local/lib/python3.8/site-packages/airflow/example_dags/example_short_circuit_decorator.py for tasks to queue
[2023-10-10T09:11:18.539+0000] {logging_mixin.py:151} INFO - [2023-10-10T09:11:18.538+0000] {dagbag.py:539} INFO - Filling up the DagBag from /home/airflow/.local/lib/python3.8/site-packages/airflow/example_dags/example_short_circuit_decorator.py
[2023-10-10T09:11:18.547+0000] {processor.py:839} INFO - DAG(s) dict_keys(['example_short_circuit_decorator']) retrieved from /home/airflow/.local/lib/python3.8/site-packages/airflow/example_dags/example_short_circuit_decorator.py
[2023-10-10T09:11:18.601+0000] {logging_mixin.py:151} INFO - [2023-10-10T09:11:18.601+0000] {dag.py:2915} INFO - Sync 1 DAGs
[2023-10-10T09:11:18.641+0000] {logging_mixin.py:151} INFO - [2023-10-10T09:11:18.640+0000] {dag.py:3696} INFO - Setting next_dagrun for example_short_circuit_decorator to 2023-10-09T09:11:18.639676+00:00, run_after=2023-10-10T09:11:18.639676+00:00
[2023-10-10T09:11:18.667+0000] {processor.py:179} INFO - Processing /home/airflow/.local/lib/python3.8/site-packages/airflow/example_dags/example_short_circuit_decorator.py took 0.141 seconds
[2023-10-10T09:11:48.780+0000] {processor.py:157} INFO - Started process (PID=2668) to work on /home/airflow/.local/lib/python3.8/site-packages/airflow/example_dags/example_short_circuit_decorator.py
[2023-10-10T09:11:48.781+0000] {processor.py:829} INFO - Processing file /home/airflow/.local/lib/python3.8/site-packages/airflow/example_dags/example_short_circuit_decorator.py for tasks to queue
[2023-10-10T09:11:48.782+0000] {logging_mixin.py:151} INFO - [2023-10-10T09:11:48.782+0000] {dagbag.py:539} INFO - Filling up the DagBag from /home/airflow/.local/lib/python3.8/site-packages/airflow/example_dags/example_short_circuit_decorator.py
[2023-10-10T09:11:48.788+0000] {processor.py:839} INFO - DAG(s) dict_keys(['example_short_circuit_decorator']) retrieved from /home/airflow/.local/lib/python3.8/site-packages/airflow/example_dags/example_short_circuit_decorator.py
[2023-10-10T09:11:48.805+0000] {logging_mixin.py:151} INFO - [2023-10-10T09:11:48.805+0000] {dag.py:2915} INFO - Sync 1 DAGs
[2023-10-10T09:11:48.823+0000] {logging_mixin.py:151} INFO - [2023-10-10T09:11:48.822+0000] {dag.py:3696} INFO - Setting next_dagrun for example_short_circuit_decorator to 2023-10-09T09:11:48.822628+00:00, run_after=2023-10-10T09:11:48.822628+00:00
[2023-10-10T09:11:48.832+0000] {processor.py:179} INFO - Processing /home/airflow/.local/lib/python3.8/site-packages/airflow/example_dags/example_short_circuit_decorator.py took 0.054 seconds
[2023-10-10T09:12:20.155+0000] {processor.py:157} INFO - Started process (PID=2729) to work on /home/airflow/.local/lib/python3.8/site-packages/airflow/example_dags/example_short_circuit_decorator.py
[2023-10-10T09:12:20.157+0000] {processor.py:829} INFO - Processing file /home/airflow/.local/lib/python3.8/site-packages/airflow/example_dags/example_short_circuit_decorator.py for tasks to queue
[2023-10-10T09:12:20.159+0000] {logging_mixin.py:151} INFO - [2023-10-10T09:12:20.159+0000] {dagbag.py:539} INFO - Filling up the DagBag from /home/airflow/.local/lib/python3.8/site-packages/airflow/example_dags/example_short_circuit_decorator.py
[2023-10-10T09:12:20.164+0000] {processor.py:839} INFO - DAG(s) dict_keys(['example_short_circuit_decorator']) retrieved from /home/airflow/.local/lib/python3.8/site-packages/airflow/example_dags/example_short_circuit_decorator.py
[2023-10-10T09:12:20.183+0000] {logging_mixin.py:151} INFO - [2023-10-10T09:12:20.183+0000] {dag.py:2915} INFO - Sync 1 DAGs
[2023-10-10T09:12:20.206+0000] {logging_mixin.py:151} INFO - [2023-10-10T09:12:20.205+0000] {dag.py:3696} INFO - Setting next_dagrun for example_short_circuit_decorator to 2023-10-09T09:12:20.205559+00:00, run_after=2023-10-10T09:12:20.205559+00:00
[2023-10-10T09:12:20.217+0000] {processor.py:179} INFO - Processing /home/airflow/.local/lib/python3.8/site-packages/airflow/example_dags/example_short_circuit_decorator.py took 0.064 seconds
[2023-10-10T09:12:51.181+0000] {processor.py:157} INFO - Started process (PID=2790) to work on /home/airflow/.local/lib/python3.8/site-packages/airflow/example_dags/example_short_circuit_decorator.py
[2023-10-10T09:12:51.182+0000] {processor.py:829} INFO - Processing file /home/airflow/.local/lib/python3.8/site-packages/airflow/example_dags/example_short_circuit_decorator.py for tasks to queue
[2023-10-10T09:12:51.184+0000] {logging_mixin.py:151} INFO - [2023-10-10T09:12:51.183+0000] {dagbag.py:539} INFO - Filling up the DagBag from /home/airflow/.local/lib/python3.8/site-packages/airflow/example_dags/example_short_circuit_decorator.py
[2023-10-10T09:12:51.189+0000] {processor.py:839} INFO - DAG(s) dict_keys(['example_short_circuit_decorator']) retrieved from /home/airflow/.local/lib/python3.8/site-packages/airflow/example_dags/example_short_circuit_decorator.py
[2023-10-10T09:12:51.208+0000] {logging_mixin.py:151} INFO - [2023-10-10T09:12:51.207+0000] {dag.py:2915} INFO - Sync 1 DAGs
[2023-10-10T09:12:51.225+0000] {logging_mixin.py:151} INFO - [2023-10-10T09:12:51.225+0000] {dag.py:3696} INFO - Setting next_dagrun for example_short_circuit_decorator to 2023-10-09T09:12:51.225058+00:00, run_after=2023-10-10T09:12:51.225058+00:00
[2023-10-10T09:12:51.235+0000] {processor.py:179} INFO - Processing /home/airflow/.local/lib/python3.8/site-packages/airflow/example_dags/example_short_circuit_decorator.py took 0.057 seconds
[2023-10-10T09:13:22.172+0000] {processor.py:157} INFO - Started process (PID=2851) to work on /home/airflow/.local/lib/python3.8/site-packages/airflow/example_dags/example_short_circuit_decorator.py
[2023-10-10T09:13:22.173+0000] {processor.py:829} INFO - Processing file /home/airflow/.local/lib/python3.8/site-packages/airflow/example_dags/example_short_circuit_decorator.py for tasks to queue
[2023-10-10T09:13:22.174+0000] {logging_mixin.py:151} INFO - [2023-10-10T09:13:22.174+0000] {dagbag.py:539} INFO - Filling up the DagBag from /home/airflow/.local/lib/python3.8/site-packages/airflow/example_dags/example_short_circuit_decorator.py
[2023-10-10T09:13:22.183+0000] {processor.py:839} INFO - DAG(s) dict_keys(['example_short_circuit_decorator']) retrieved from /home/airflow/.local/lib/python3.8/site-packages/airflow/example_dags/example_short_circuit_decorator.py
[2023-10-10T09:13:22.201+0000] {logging_mixin.py:151} INFO - [2023-10-10T09:13:22.201+0000] {dag.py:2915} INFO - Sync 1 DAGs
[2023-10-10T09:13:22.214+0000] {logging_mixin.py:151} INFO - [2023-10-10T09:13:22.214+0000] {dag.py:3696} INFO - Setting next_dagrun for example_short_circuit_decorator to 2023-10-09T09:13:22.214522+00:00, run_after=2023-10-10T09:13:22.214522+00:00
[2023-10-10T09:13:22.223+0000] {processor.py:179} INFO - Processing /home/airflow/.local/lib/python3.8/site-packages/airflow/example_dags/example_short_circuit_decorator.py took 0.053 seconds
[2023-10-10T09:13:52.622+0000] {processor.py:157} INFO - Started process (PID=2912) to work on /home/airflow/.local/lib/python3.8/site-packages/airflow/example_dags/example_short_circuit_decorator.py
[2023-10-10T09:13:52.622+0000] {processor.py:829} INFO - Processing file /home/airflow/.local/lib/python3.8/site-packages/airflow/example_dags/example_short_circuit_decorator.py for tasks to queue
[2023-10-10T09:13:52.624+0000] {logging_mixin.py:151} INFO - [2023-10-10T09:13:52.624+0000] {dagbag.py:539} INFO - Filling up the DagBag from /home/airflow/.local/lib/python3.8/site-packages/airflow/example_dags/example_short_circuit_decorator.py
[2023-10-10T09:13:52.630+0000] {processor.py:839} INFO - DAG(s) dict_keys(['example_short_circuit_decorator']) retrieved from /home/airflow/.local/lib/python3.8/site-packages/airflow/example_dags/example_short_circuit_decorator.py
[2023-10-10T09:13:52.645+0000] {logging_mixin.py:151} INFO - [2023-10-10T09:13:52.645+0000] {dag.py:2915} INFO - Sync 1 DAGs
[2023-10-10T09:13:52.661+0000] {logging_mixin.py:151} INFO - [2023-10-10T09:13:52.660+0000] {dag.py:3696} INFO - Setting next_dagrun for example_short_circuit_decorator to 2023-10-09T09:13:52.660722+00:00, run_after=2023-10-10T09:13:52.660722+00:00
[2023-10-10T09:13:52.672+0000] {processor.py:179} INFO - Processing /home/airflow/.local/lib/python3.8/site-packages/airflow/example_dags/example_short_circuit_decorator.py took 0.052 seconds
[2023-10-10T09:14:23.444+0000] {processor.py:157} INFO - Started process (PID=2973) to work on /home/airflow/.local/lib/python3.8/site-packages/airflow/example_dags/example_short_circuit_decorator.py
[2023-10-10T09:14:23.445+0000] {processor.py:829} INFO - Processing file /home/airflow/.local/lib/python3.8/site-packages/airflow/example_dags/example_short_circuit_decorator.py for tasks to queue
[2023-10-10T09:14:23.446+0000] {logging_mixin.py:151} INFO - [2023-10-10T09:14:23.446+0000] {dagbag.py:539} INFO - Filling up the DagBag from /home/airflow/.local/lib/python3.8/site-packages/airflow/example_dags/example_short_circuit_decorator.py
[2023-10-10T09:14:23.452+0000] {processor.py:839} INFO - DAG(s) dict_keys(['example_short_circuit_decorator']) retrieved from /home/airflow/.local/lib/python3.8/site-packages/airflow/example_dags/example_short_circuit_decorator.py
[2023-10-10T09:14:23.468+0000] {logging_mixin.py:151} INFO - [2023-10-10T09:14:23.468+0000] {dag.py:2915} INFO - Sync 1 DAGs
[2023-10-10T09:14:23.487+0000] {logging_mixin.py:151} INFO - [2023-10-10T09:14:23.487+0000] {dag.py:3696} INFO - Setting next_dagrun for example_short_circuit_decorator to 2023-10-09T09:14:23.486751+00:00, run_after=2023-10-10T09:14:23.486751+00:00
[2023-10-10T09:14:23.500+0000] {processor.py:179} INFO - Processing /home/airflow/.local/lib/python3.8/site-packages/airflow/example_dags/example_short_circuit_decorator.py took 0.058 seconds
[2023-10-10T09:14:53.845+0000] {processor.py:157} INFO - Started process (PID=3034) to work on /home/airflow/.local/lib/python3.8/site-packages/airflow/example_dags/example_short_circuit_decorator.py
[2023-10-10T09:14:53.846+0000] {processor.py:829} INFO - Processing file /home/airflow/.local/lib/python3.8/site-packages/airflow/example_dags/example_short_circuit_decorator.py for tasks to queue
[2023-10-10T09:14:53.848+0000] {logging_mixin.py:151} INFO - [2023-10-10T09:14:53.848+0000] {dagbag.py:539} INFO - Filling up the DagBag from /home/airflow/.local/lib/python3.8/site-packages/airflow/example_dags/example_short_circuit_decorator.py
[2023-10-10T09:14:53.853+0000] {processor.py:839} INFO - DAG(s) dict_keys(['example_short_circuit_decorator']) retrieved from /home/airflow/.local/lib/python3.8/site-packages/airflow/example_dags/example_short_circuit_decorator.py
[2023-10-10T09:14:53.873+0000] {logging_mixin.py:151} INFO - [2023-10-10T09:14:53.873+0000] {dag.py:2915} INFO - Sync 1 DAGs
[2023-10-10T09:14:53.889+0000] {logging_mixin.py:151} INFO - [2023-10-10T09:14:53.889+0000] {dag.py:3696} INFO - Setting next_dagrun for example_short_circuit_decorator to 2023-10-09T09:14:53.888871+00:00, run_after=2023-10-10T09:14:53.888871+00:00
[2023-10-10T09:14:53.899+0000] {processor.py:179} INFO - Processing /home/airflow/.local/lib/python3.8/site-packages/airflow/example_dags/example_short_circuit_decorator.py took 0.056 seconds
[2023-10-10T09:15:24.192+0000] {processor.py:157} INFO - Started process (PID=3095) to work on /home/airflow/.local/lib/python3.8/site-packages/airflow/example_dags/example_short_circuit_decorator.py
[2023-10-10T09:15:24.193+0000] {processor.py:829} INFO - Processing file /home/airflow/.local/lib/python3.8/site-packages/airflow/example_dags/example_short_circuit_decorator.py for tasks to queue
[2023-10-10T09:15:24.195+0000] {logging_mixin.py:151} INFO - [2023-10-10T09:15:24.195+0000] {dagbag.py:539} INFO - Filling up the DagBag from /home/airflow/.local/lib/python3.8/site-packages/airflow/example_dags/example_short_circuit_decorator.py
[2023-10-10T09:15:24.201+0000] {processor.py:839} INFO - DAG(s) dict_keys(['example_short_circuit_decorator']) retrieved from /home/airflow/.local/lib/python3.8/site-packages/airflow/example_dags/example_short_circuit_decorator.py
[2023-10-10T09:15:24.221+0000] {logging_mixin.py:151} INFO - [2023-10-10T09:15:24.221+0000] {dag.py:2915} INFO - Sync 1 DAGs
[2023-10-10T09:15:24.238+0000] {logging_mixin.py:151} INFO - [2023-10-10T09:15:24.237+0000] {dag.py:3696} INFO - Setting next_dagrun for example_short_circuit_decorator to 2023-10-09T09:15:24.237693+00:00, run_after=2023-10-10T09:15:24.237693+00:00
[2023-10-10T09:15:24.261+0000] {processor.py:179} INFO - Processing /home/airflow/.local/lib/python3.8/site-packages/airflow/example_dags/example_short_circuit_decorator.py took 0.071 seconds
[2023-10-10T09:15:54.569+0000] {processor.py:157} INFO - Started process (PID=3156) to work on /home/airflow/.local/lib/python3.8/site-packages/airflow/example_dags/example_short_circuit_decorator.py
[2023-10-10T09:15:54.570+0000] {processor.py:829} INFO - Processing file /home/airflow/.local/lib/python3.8/site-packages/airflow/example_dags/example_short_circuit_decorator.py for tasks to queue
[2023-10-10T09:15:54.572+0000] {logging_mixin.py:151} INFO - [2023-10-10T09:15:54.572+0000] {dagbag.py:539} INFO - Filling up the DagBag from /home/airflow/.local/lib/python3.8/site-packages/airflow/example_dags/example_short_circuit_decorator.py
[2023-10-10T09:15:54.577+0000] {processor.py:839} INFO - DAG(s) dict_keys(['example_short_circuit_decorator']) retrieved from /home/airflow/.local/lib/python3.8/site-packages/airflow/example_dags/example_short_circuit_decorator.py
[2023-10-10T09:15:54.594+0000] {logging_mixin.py:151} INFO - [2023-10-10T09:15:54.594+0000] {dag.py:2915} INFO - Sync 1 DAGs
[2023-10-10T09:15:54.608+0000] {logging_mixin.py:151} INFO - [2023-10-10T09:15:54.608+0000] {dag.py:3696} INFO - Setting next_dagrun for example_short_circuit_decorator to 2023-10-09T09:15:54.608038+00:00, run_after=2023-10-10T09:15:54.608038+00:00
[2023-10-10T09:15:54.618+0000] {processor.py:179} INFO - Processing /home/airflow/.local/lib/python3.8/site-packages/airflow/example_dags/example_short_circuit_decorator.py took 0.052 seconds
[2023-10-10T09:16:25.446+0000] {processor.py:157} INFO - Started process (PID=3217) to work on /home/airflow/.local/lib/python3.8/site-packages/airflow/example_dags/example_short_circuit_decorator.py
[2023-10-10T09:16:25.446+0000] {processor.py:829} INFO - Processing file /home/airflow/.local/lib/python3.8/site-packages/airflow/example_dags/example_short_circuit_decorator.py for tasks to queue
[2023-10-10T09:16:25.448+0000] {logging_mixin.py:151} INFO - [2023-10-10T09:16:25.448+0000] {dagbag.py:539} INFO - Filling up the DagBag from /home/airflow/.local/lib/python3.8/site-packages/airflow/example_dags/example_short_circuit_decorator.py
[2023-10-10T09:16:25.456+0000] {processor.py:839} INFO - DAG(s) dict_keys(['example_short_circuit_decorator']) retrieved from /home/airflow/.local/lib/python3.8/site-packages/airflow/example_dags/example_short_circuit_decorator.py
[2023-10-10T09:16:25.472+0000] {logging_mixin.py:151} INFO - [2023-10-10T09:16:25.472+0000] {dag.py:2915} INFO - Sync 1 DAGs
[2023-10-10T09:16:25.485+0000] {logging_mixin.py:151} INFO - [2023-10-10T09:16:25.485+0000] {dag.py:3696} INFO - Setting next_dagrun for example_short_circuit_decorator to 2023-10-09T09:16:25.484904+00:00, run_after=2023-10-10T09:16:25.484904+00:00
[2023-10-10T09:16:25.493+0000] {processor.py:179} INFO - Processing /home/airflow/.local/lib/python3.8/site-packages/airflow/example_dags/example_short_circuit_decorator.py took 0.050 seconds
[2023-10-10T09:16:55.989+0000] {processor.py:157} INFO - Started process (PID=3278) to work on /home/airflow/.local/lib/python3.8/site-packages/airflow/example_dags/example_short_circuit_decorator.py
[2023-10-10T09:16:55.991+0000] {processor.py:829} INFO - Processing file /home/airflow/.local/lib/python3.8/site-packages/airflow/example_dags/example_short_circuit_decorator.py for tasks to queue
[2023-10-10T09:16:55.992+0000] {logging_mixin.py:151} INFO - [2023-10-10T09:16:55.992+0000] {dagbag.py:539} INFO - Filling up the DagBag from /home/airflow/.local/lib/python3.8/site-packages/airflow/example_dags/example_short_circuit_decorator.py
[2023-10-10T09:16:55.998+0000] {processor.py:839} INFO - DAG(s) dict_keys(['example_short_circuit_decorator']) retrieved from /home/airflow/.local/lib/python3.8/site-packages/airflow/example_dags/example_short_circuit_decorator.py
[2023-10-10T09:16:56.020+0000] {logging_mixin.py:151} INFO - [2023-10-10T09:16:56.020+0000] {dag.py:2915} INFO - Sync 1 DAGs
[2023-10-10T09:16:56.035+0000] {logging_mixin.py:151} INFO - [2023-10-10T09:16:56.035+0000] {dag.py:3696} INFO - Setting next_dagrun for example_short_circuit_decorator to 2023-10-09T09:16:56.035683+00:00, run_after=2023-10-10T09:16:56.035683+00:00
[2023-10-10T09:16:56.046+0000] {processor.py:179} INFO - Processing /home/airflow/.local/lib/python3.8/site-packages/airflow/example_dags/example_short_circuit_decorator.py took 0.061 seconds
[2023-10-10T09:17:26.889+0000] {processor.py:157} INFO - Started process (PID=3338) to work on /home/airflow/.local/lib/python3.8/site-packages/airflow/example_dags/example_short_circuit_decorator.py
[2023-10-10T09:17:26.891+0000] {processor.py:829} INFO - Processing file /home/airflow/.local/lib/python3.8/site-packages/airflow/example_dags/example_short_circuit_decorator.py for tasks to queue
[2023-10-10T09:17:26.892+0000] {logging_mixin.py:151} INFO - [2023-10-10T09:17:26.892+0000] {dagbag.py:539} INFO - Filling up the DagBag from /home/airflow/.local/lib/python3.8/site-packages/airflow/example_dags/example_short_circuit_decorator.py
[2023-10-10T09:17:26.899+0000] {processor.py:839} INFO - DAG(s) dict_keys(['example_short_circuit_decorator']) retrieved from /home/airflow/.local/lib/python3.8/site-packages/airflow/example_dags/example_short_circuit_decorator.py
[2023-10-10T09:17:26.921+0000] {logging_mixin.py:151} INFO - [2023-10-10T09:17:26.921+0000] {dag.py:2915} INFO - Sync 1 DAGs
[2023-10-10T09:17:26.940+0000] {logging_mixin.py:151} INFO - [2023-10-10T09:17:26.940+0000] {dag.py:3696} INFO - Setting next_dagrun for example_short_circuit_decorator to 2023-10-09T09:17:26.940001+00:00, run_after=2023-10-10T09:17:26.940001+00:00
[2023-10-10T09:17:26.951+0000] {processor.py:179} INFO - Processing /home/airflow/.local/lib/python3.8/site-packages/airflow/example_dags/example_short_circuit_decorator.py took 0.066 seconds
[2023-10-10T09:17:57.381+0000] {processor.py:157} INFO - Started process (PID=3399) to work on /home/airflow/.local/lib/python3.8/site-packages/airflow/example_dags/example_short_circuit_decorator.py
[2023-10-10T09:17:57.382+0000] {processor.py:829} INFO - Processing file /home/airflow/.local/lib/python3.8/site-packages/airflow/example_dags/example_short_circuit_decorator.py for tasks to queue
[2023-10-10T09:17:57.383+0000] {logging_mixin.py:151} INFO - [2023-10-10T09:17:57.383+0000] {dagbag.py:539} INFO - Filling up the DagBag from /home/airflow/.local/lib/python3.8/site-packages/airflow/example_dags/example_short_circuit_decorator.py
[2023-10-10T09:17:57.389+0000] {processor.py:839} INFO - DAG(s) dict_keys(['example_short_circuit_decorator']) retrieved from /home/airflow/.local/lib/python3.8/site-packages/airflow/example_dags/example_short_circuit_decorator.py
[2023-10-10T09:17:57.408+0000] {logging_mixin.py:151} INFO - [2023-10-10T09:17:57.408+0000] {dag.py:2915} INFO - Sync 1 DAGs
[2023-10-10T09:17:57.422+0000] {logging_mixin.py:151} INFO - [2023-10-10T09:17:57.422+0000] {dag.py:3696} INFO - Setting next_dagrun for example_short_circuit_decorator to 2023-10-09T09:17:57.422303+00:00, run_after=2023-10-10T09:17:57.422303+00:00
[2023-10-10T09:17:57.431+0000] {processor.py:179} INFO - Processing /home/airflow/.local/lib/python3.8/site-packages/airflow/example_dags/example_short_circuit_decorator.py took 0.053 seconds
[2023-10-10T09:18:27.536+0000] {processor.py:157} INFO - Started process (PID=3460) to work on /home/airflow/.local/lib/python3.8/site-packages/airflow/example_dags/example_short_circuit_decorator.py
[2023-10-10T09:18:27.537+0000] {processor.py:829} INFO - Processing file /home/airflow/.local/lib/python3.8/site-packages/airflow/example_dags/example_short_circuit_decorator.py for tasks to queue
[2023-10-10T09:18:27.538+0000] {logging_mixin.py:151} INFO - [2023-10-10T09:18:27.538+0000] {dagbag.py:539} INFO - Filling up the DagBag from /home/airflow/.local/lib/python3.8/site-packages/airflow/example_dags/example_short_circuit_decorator.py
[2023-10-10T09:18:27.543+0000] {processor.py:839} INFO - DAG(s) dict_keys(['example_short_circuit_decorator']) retrieved from /home/airflow/.local/lib/python3.8/site-packages/airflow/example_dags/example_short_circuit_decorator.py
[2023-10-10T09:18:27.560+0000] {logging_mixin.py:151} INFO - [2023-10-10T09:18:27.560+0000] {dag.py:2915} INFO - Sync 1 DAGs
[2023-10-10T09:18:27.573+0000] {logging_mixin.py:151} INFO - [2023-10-10T09:18:27.573+0000] {dag.py:3696} INFO - Setting next_dagrun for example_short_circuit_decorator to 2023-10-09T09:18:27.573529+00:00, run_after=2023-10-10T09:18:27.573529+00:00
[2023-10-10T09:18:27.582+0000] {processor.py:179} INFO - Processing /home/airflow/.local/lib/python3.8/site-packages/airflow/example_dags/example_short_circuit_decorator.py took 0.049 seconds
[2023-10-10T09:18:57.715+0000] {processor.py:157} INFO - Started process (PID=3521) to work on /home/airflow/.local/lib/python3.8/site-packages/airflow/example_dags/example_short_circuit_decorator.py
[2023-10-10T09:18:57.716+0000] {processor.py:829} INFO - Processing file /home/airflow/.local/lib/python3.8/site-packages/airflow/example_dags/example_short_circuit_decorator.py for tasks to queue
[2023-10-10T09:18:57.717+0000] {logging_mixin.py:151} INFO - [2023-10-10T09:18:57.717+0000] {dagbag.py:539} INFO - Filling up the DagBag from /home/airflow/.local/lib/python3.8/site-packages/airflow/example_dags/example_short_circuit_decorator.py
[2023-10-10T09:18:57.722+0000] {processor.py:839} INFO - DAG(s) dict_keys(['example_short_circuit_decorator']) retrieved from /home/airflow/.local/lib/python3.8/site-packages/airflow/example_dags/example_short_circuit_decorator.py
[2023-10-10T09:18:57.738+0000] {logging_mixin.py:151} INFO - [2023-10-10T09:18:57.738+0000] {dag.py:2915} INFO - Sync 1 DAGs
[2023-10-10T09:18:57.751+0000] {logging_mixin.py:151} INFO - [2023-10-10T09:18:57.751+0000] {dag.py:3696} INFO - Setting next_dagrun for example_short_circuit_decorator to 2023-10-09T09:18:57.751013+00:00, run_after=2023-10-10T09:18:57.751013+00:00
[2023-10-10T09:18:57.760+0000] {processor.py:179} INFO - Processing /home/airflow/.local/lib/python3.8/site-packages/airflow/example_dags/example_short_circuit_decorator.py took 0.047 seconds
[2023-10-10T09:19:28.029+0000] {processor.py:157} INFO - Started process (PID=3582) to work on /home/airflow/.local/lib/python3.8/site-packages/airflow/example_dags/example_short_circuit_decorator.py
[2023-10-10T09:19:28.030+0000] {processor.py:829} INFO - Processing file /home/airflow/.local/lib/python3.8/site-packages/airflow/example_dags/example_short_circuit_decorator.py for tasks to queue
[2023-10-10T09:19:28.031+0000] {logging_mixin.py:151} INFO - [2023-10-10T09:19:28.031+0000] {dagbag.py:539} INFO - Filling up the DagBag from /home/airflow/.local/lib/python3.8/site-packages/airflow/example_dags/example_short_circuit_decorator.py
[2023-10-10T09:19:28.037+0000] {processor.py:839} INFO - DAG(s) dict_keys(['example_short_circuit_decorator']) retrieved from /home/airflow/.local/lib/python3.8/site-packages/airflow/example_dags/example_short_circuit_decorator.py
[2023-10-10T09:19:28.054+0000] {logging_mixin.py:151} INFO - [2023-10-10T09:19:28.054+0000] {dag.py:2915} INFO - Sync 1 DAGs
[2023-10-10T09:19:28.069+0000] {logging_mixin.py:151} INFO - [2023-10-10T09:19:28.068+0000] {dag.py:3696} INFO - Setting next_dagrun for example_short_circuit_decorator to 2023-10-09T09:19:28.068691+00:00, run_after=2023-10-10T09:19:28.068691+00:00
[2023-10-10T09:19:28.088+0000] {processor.py:179} INFO - Processing /home/airflow/.local/lib/python3.8/site-packages/airflow/example_dags/example_short_circuit_decorator.py took 0.061 seconds
[2023-10-10T09:19:58.476+0000] {processor.py:157} INFO - Started process (PID=3643) to work on /home/airflow/.local/lib/python3.8/site-packages/airflow/example_dags/example_short_circuit_decorator.py
[2023-10-10T09:19:58.477+0000] {processor.py:829} INFO - Processing file /home/airflow/.local/lib/python3.8/site-packages/airflow/example_dags/example_short_circuit_decorator.py for tasks to queue
[2023-10-10T09:19:58.479+0000] {logging_mixin.py:151} INFO - [2023-10-10T09:19:58.479+0000] {dagbag.py:539} INFO - Filling up the DagBag from /home/airflow/.local/lib/python3.8/site-packages/airflow/example_dags/example_short_circuit_decorator.py
[2023-10-10T09:19:58.485+0000] {processor.py:839} INFO - DAG(s) dict_keys(['example_short_circuit_decorator']) retrieved from /home/airflow/.local/lib/python3.8/site-packages/airflow/example_dags/example_short_circuit_decorator.py
[2023-10-10T09:19:58.503+0000] {logging_mixin.py:151} INFO - [2023-10-10T09:19:58.503+0000] {dag.py:2915} INFO - Sync 1 DAGs
[2023-10-10T09:19:58.520+0000] {logging_mixin.py:151} INFO - [2023-10-10T09:19:58.520+0000] {dag.py:3696} INFO - Setting next_dagrun for example_short_circuit_decorator to 2023-10-09T09:19:58.520392+00:00, run_after=2023-10-10T09:19:58.520392+00:00
[2023-10-10T09:19:58.548+0000] {processor.py:179} INFO - Processing /home/airflow/.local/lib/python3.8/site-packages/airflow/example_dags/example_short_circuit_decorator.py took 0.074 seconds
