[2023-10-10T08:49:50.973+0000] {processor.py:157} INFO - Started process (PID=53) to work on /home/airflow/.local/lib/python3.8/site-packages/airflow/example_dags/example_latest_only_with_trigger.py
[2023-10-10T08:49:50.976+0000] {processor.py:829} INFO - Processing file /home/airflow/.local/lib/python3.8/site-packages/airflow/example_dags/example_latest_only_with_trigger.py for tasks to queue
[2023-10-10T08:49:50.983+0000] {logging_mixin.py:151} INFO - [2023-10-10T08:49:50.982+0000] {dagbag.py:539} INFO - Filling up the DagBag from /home/airflow/.local/lib/python3.8/site-packages/airflow/example_dags/example_latest_only_with_trigger.py
[2023-10-10T08:49:51.003+0000] {processor.py:839} INFO - DAG(s) dict_keys(['latest_only_with_trigger']) retrieved from /home/airflow/.local/lib/python3.8/site-packages/airflow/example_dags/example_latest_only_with_trigger.py
[2023-10-10T08:49:51.049+0000] {logging_mixin.py:151} INFO - [2023-10-10T08:49:51.049+0000] {dag.py:2915} INFO - Sync 1 DAGs
[2023-10-10T08:49:51.105+0000] {logging_mixin.py:151} INFO - [2023-10-10T08:49:51.104+0000] {dag.py:3696} INFO - Setting next_dagrun for latest_only_with_trigger to 2023-10-10T04:49:51.103717+00:00, run_after=2023-10-10T08:49:51.103717+00:00
[2023-10-10T08:49:51.151+0000] {processor.py:179} INFO - Processing /home/airflow/.local/lib/python3.8/site-packages/airflow/example_dags/example_latest_only_with_trigger.py took 0.190 seconds
[2023-10-10T08:50:23.879+0000] {processor.py:157} INFO - Started process (PID=108) to work on /home/airflow/.local/lib/python3.8/site-packages/airflow/example_dags/example_latest_only_with_trigger.py
[2023-10-10T08:50:23.881+0000] {processor.py:829} INFO - Processing file /home/airflow/.local/lib/python3.8/site-packages/airflow/example_dags/example_latest_only_with_trigger.py for tasks to queue
[2023-10-10T08:50:23.885+0000] {logging_mixin.py:151} INFO - [2023-10-10T08:50:23.884+0000] {dagbag.py:539} INFO - Filling up the DagBag from /home/airflow/.local/lib/python3.8/site-packages/airflow/example_dags/example_latest_only_with_trigger.py
[2023-10-10T08:50:23.893+0000] {processor.py:839} INFO - DAG(s) dict_keys(['latest_only_with_trigger']) retrieved from /home/airflow/.local/lib/python3.8/site-packages/airflow/example_dags/example_latest_only_with_trigger.py
[2023-10-10T08:50:23.945+0000] {logging_mixin.py:151} INFO - [2023-10-10T08:50:23.945+0000] {dag.py:2915} INFO - Sync 1 DAGs
[2023-10-10T08:50:23.985+0000] {logging_mixin.py:151} INFO - [2023-10-10T08:50:23.984+0000] {dag.py:3696} INFO - Setting next_dagrun for latest_only_with_trigger to 2023-10-10T04:50:23.984444+00:00, run_after=2023-10-10T08:50:23.984444+00:00
[2023-10-10T08:50:24.028+0000] {processor.py:179} INFO - Processing /home/airflow/.local/lib/python3.8/site-packages/airflow/example_dags/example_latest_only_with_trigger.py took 0.155 seconds
[2023-10-10T08:50:55.021+0000] {processor.py:157} INFO - Started process (PID=168) to work on /home/airflow/.local/lib/python3.8/site-packages/airflow/example_dags/example_latest_only_with_trigger.py
[2023-10-10T08:50:55.023+0000] {processor.py:829} INFO - Processing file /home/airflow/.local/lib/python3.8/site-packages/airflow/example_dags/example_latest_only_with_trigger.py for tasks to queue
[2023-10-10T08:50:55.033+0000] {logging_mixin.py:151} INFO - [2023-10-10T08:50:55.032+0000] {dagbag.py:539} INFO - Filling up the DagBag from /home/airflow/.local/lib/python3.8/site-packages/airflow/example_dags/example_latest_only_with_trigger.py
[2023-10-10T08:50:55.051+0000] {processor.py:839} INFO - DAG(s) dict_keys(['latest_only_with_trigger']) retrieved from /home/airflow/.local/lib/python3.8/site-packages/airflow/example_dags/example_latest_only_with_trigger.py
[2023-10-10T08:50:55.083+0000] {logging_mixin.py:151} INFO - [2023-10-10T08:50:55.083+0000] {dag.py:2915} INFO - Sync 1 DAGs
[2023-10-10T08:50:55.106+0000] {logging_mixin.py:151} INFO - [2023-10-10T08:50:55.106+0000] {dag.py:3696} INFO - Setting next_dagrun for latest_only_with_trigger to 2023-10-10T04:50:55.106353+00:00, run_after=2023-10-10T08:50:55.106353+00:00
[2023-10-10T08:50:55.119+0000] {processor.py:179} INFO - Processing /home/airflow/.local/lib/python3.8/site-packages/airflow/example_dags/example_latest_only_with_trigger.py took 0.107 seconds
[2023-10-10T08:51:25.408+0000] {processor.py:157} INFO - Started process (PID=229) to work on /home/airflow/.local/lib/python3.8/site-packages/airflow/example_dags/example_latest_only_with_trigger.py
[2023-10-10T08:51:25.411+0000] {processor.py:829} INFO - Processing file /home/airflow/.local/lib/python3.8/site-packages/airflow/example_dags/example_latest_only_with_trigger.py for tasks to queue
[2023-10-10T08:51:25.416+0000] {logging_mixin.py:151} INFO - [2023-10-10T08:51:25.415+0000] {dagbag.py:539} INFO - Filling up the DagBag from /home/airflow/.local/lib/python3.8/site-packages/airflow/example_dags/example_latest_only_with_trigger.py
[2023-10-10T08:51:25.425+0000] {processor.py:839} INFO - DAG(s) dict_keys(['latest_only_with_trigger']) retrieved from /home/airflow/.local/lib/python3.8/site-packages/airflow/example_dags/example_latest_only_with_trigger.py
[2023-10-10T08:51:25.449+0000] {logging_mixin.py:151} INFO - [2023-10-10T08:51:25.449+0000] {dag.py:2915} INFO - Sync 1 DAGs
[2023-10-10T08:51:25.465+0000] {logging_mixin.py:151} INFO - [2023-10-10T08:51:25.465+0000] {dag.py:3696} INFO - Setting next_dagrun for latest_only_with_trigger to 2023-10-10T04:51:25.465240+00:00, run_after=2023-10-10T08:51:25.465240+00:00
[2023-10-10T08:51:25.476+0000] {processor.py:179} INFO - Processing /home/airflow/.local/lib/python3.8/site-packages/airflow/example_dags/example_latest_only_with_trigger.py took 0.078 seconds
[2023-10-10T08:51:56.382+0000] {processor.py:157} INFO - Started process (PID=290) to work on /home/airflow/.local/lib/python3.8/site-packages/airflow/example_dags/example_latest_only_with_trigger.py
[2023-10-10T08:51:56.384+0000] {processor.py:829} INFO - Processing file /home/airflow/.local/lib/python3.8/site-packages/airflow/example_dags/example_latest_only_with_trigger.py for tasks to queue
[2023-10-10T08:51:56.419+0000] {logging_mixin.py:151} INFO - [2023-10-10T08:51:56.404+0000] {dagbag.py:539} INFO - Filling up the DagBag from /home/airflow/.local/lib/python3.8/site-packages/airflow/example_dags/example_latest_only_with_trigger.py
[2023-10-10T08:51:56.449+0000] {processor.py:839} INFO - DAG(s) dict_keys(['latest_only_with_trigger']) retrieved from /home/airflow/.local/lib/python3.8/site-packages/airflow/example_dags/example_latest_only_with_trigger.py
[2023-10-10T08:51:56.566+0000] {logging_mixin.py:151} INFO - [2023-10-10T08:51:56.566+0000] {dag.py:2915} INFO - Sync 1 DAGs
[2023-10-10T08:51:56.589+0000] {logging_mixin.py:151} INFO - [2023-10-10T08:51:56.589+0000] {dag.py:3696} INFO - Setting next_dagrun for latest_only_with_trigger to 2023-10-10T04:51:56.588873+00:00, run_after=2023-10-10T08:51:56.588873+00:00
[2023-10-10T08:51:56.603+0000] {processor.py:179} INFO - Processing /home/airflow/.local/lib/python3.8/site-packages/airflow/example_dags/example_latest_only_with_trigger.py took 0.234 seconds
[2023-10-10T08:52:26.786+0000] {processor.py:157} INFO - Started process (PID=351) to work on /home/airflow/.local/lib/python3.8/site-packages/airflow/example_dags/example_latest_only_with_trigger.py
[2023-10-10T08:52:26.792+0000] {processor.py:829} INFO - Processing file /home/airflow/.local/lib/python3.8/site-packages/airflow/example_dags/example_latest_only_with_trigger.py for tasks to queue
[2023-10-10T08:52:26.797+0000] {logging_mixin.py:151} INFO - [2023-10-10T08:52:26.797+0000] {dagbag.py:539} INFO - Filling up the DagBag from /home/airflow/.local/lib/python3.8/site-packages/airflow/example_dags/example_latest_only_with_trigger.py
[2023-10-10T08:52:26.806+0000] {processor.py:839} INFO - DAG(s) dict_keys(['latest_only_with_trigger']) retrieved from /home/airflow/.local/lib/python3.8/site-packages/airflow/example_dags/example_latest_only_with_trigger.py
[2023-10-10T08:52:26.836+0000] {logging_mixin.py:151} INFO - [2023-10-10T08:52:26.836+0000] {dag.py:2915} INFO - Sync 1 DAGs
[2023-10-10T08:52:26.858+0000] {logging_mixin.py:151} INFO - [2023-10-10T08:52:26.858+0000] {dag.py:3696} INFO - Setting next_dagrun for latest_only_with_trigger to 2023-10-10T04:52:26.857664+00:00, run_after=2023-10-10T08:52:26.857664+00:00
[2023-10-10T08:52:26.870+0000] {processor.py:179} INFO - Processing /home/airflow/.local/lib/python3.8/site-packages/airflow/example_dags/example_latest_only_with_trigger.py took 0.099 seconds
[2023-10-10T08:52:57.098+0000] {processor.py:157} INFO - Started process (PID=412) to work on /home/airflow/.local/lib/python3.8/site-packages/airflow/example_dags/example_latest_only_with_trigger.py
[2023-10-10T08:52:57.099+0000] {processor.py:829} INFO - Processing file /home/airflow/.local/lib/python3.8/site-packages/airflow/example_dags/example_latest_only_with_trigger.py for tasks to queue
[2023-10-10T08:52:57.101+0000] {logging_mixin.py:151} INFO - [2023-10-10T08:52:57.100+0000] {dagbag.py:539} INFO - Filling up the DagBag from /home/airflow/.local/lib/python3.8/site-packages/airflow/example_dags/example_latest_only_with_trigger.py
[2023-10-10T08:52:57.105+0000] {processor.py:839} INFO - DAG(s) dict_keys(['latest_only_with_trigger']) retrieved from /home/airflow/.local/lib/python3.8/site-packages/airflow/example_dags/example_latest_only_with_trigger.py
[2023-10-10T08:52:57.123+0000] {logging_mixin.py:151} INFO - [2023-10-10T08:52:57.123+0000] {dag.py:2915} INFO - Sync 1 DAGs
[2023-10-10T08:52:57.137+0000] {logging_mixin.py:151} INFO - [2023-10-10T08:52:57.137+0000] {dag.py:3696} INFO - Setting next_dagrun for latest_only_with_trigger to 2023-10-10T04:52:57.137202+00:00, run_after=2023-10-10T08:52:57.137202+00:00
[2023-10-10T08:52:57.147+0000] {processor.py:179} INFO - Processing /home/airflow/.local/lib/python3.8/site-packages/airflow/example_dags/example_latest_only_with_trigger.py took 0.053 seconds
[2023-10-10T08:53:27.956+0000] {processor.py:157} INFO - Started process (PID=471) to work on /home/airflow/.local/lib/python3.8/site-packages/airflow/example_dags/example_latest_only_with_trigger.py
[2023-10-10T08:53:27.959+0000] {processor.py:829} INFO - Processing file /home/airflow/.local/lib/python3.8/site-packages/airflow/example_dags/example_latest_only_with_trigger.py for tasks to queue
[2023-10-10T08:53:27.964+0000] {logging_mixin.py:151} INFO - [2023-10-10T08:53:27.964+0000] {dagbag.py:539} INFO - Filling up the DagBag from /home/airflow/.local/lib/python3.8/site-packages/airflow/example_dags/example_latest_only_with_trigger.py
[2023-10-10T08:53:27.980+0000] {processor.py:839} INFO - DAG(s) dict_keys(['latest_only_with_trigger']) retrieved from /home/airflow/.local/lib/python3.8/site-packages/airflow/example_dags/example_latest_only_with_trigger.py
[2023-10-10T08:53:28.062+0000] {logging_mixin.py:151} INFO - [2023-10-10T08:53:28.061+0000] {dag.py:2915} INFO - Sync 1 DAGs
[2023-10-10T08:53:28.099+0000] {logging_mixin.py:151} INFO - [2023-10-10T08:53:28.098+0000] {dag.py:3696} INFO - Setting next_dagrun for latest_only_with_trigger to 2023-10-10T04:53:28.097812+00:00, run_after=2023-10-10T08:53:28.097812+00:00
[2023-10-10T08:53:28.118+0000] {processor.py:179} INFO - Processing /home/airflow/.local/lib/python3.8/site-packages/airflow/example_dags/example_latest_only_with_trigger.py took 0.171 seconds
[2023-10-10T08:53:58.684+0000] {processor.py:157} INFO - Started process (PID=532) to work on /home/airflow/.local/lib/python3.8/site-packages/airflow/example_dags/example_latest_only_with_trigger.py
[2023-10-10T08:53:58.686+0000] {processor.py:829} INFO - Processing file /home/airflow/.local/lib/python3.8/site-packages/airflow/example_dags/example_latest_only_with_trigger.py for tasks to queue
[2023-10-10T08:53:58.689+0000] {logging_mixin.py:151} INFO - [2023-10-10T08:53:58.689+0000] {dagbag.py:539} INFO - Filling up the DagBag from /home/airflow/.local/lib/python3.8/site-packages/airflow/example_dags/example_latest_only_with_trigger.py
[2023-10-10T08:53:58.698+0000] {processor.py:839} INFO - DAG(s) dict_keys(['latest_only_with_trigger']) retrieved from /home/airflow/.local/lib/python3.8/site-packages/airflow/example_dags/example_latest_only_with_trigger.py
[2023-10-10T08:53:58.728+0000] {logging_mixin.py:151} INFO - [2023-10-10T08:53:58.728+0000] {dag.py:2915} INFO - Sync 1 DAGs
[2023-10-10T08:53:58.745+0000] {logging_mixin.py:151} INFO - [2023-10-10T08:53:58.745+0000] {dag.py:3696} INFO - Setting next_dagrun for latest_only_with_trigger to 2023-10-10T04:53:58.745511+00:00, run_after=2023-10-10T08:53:58.745511+00:00
[2023-10-10T08:53:58.756+0000] {processor.py:179} INFO - Processing /home/airflow/.local/lib/python3.8/site-packages/airflow/example_dags/example_latest_only_with_trigger.py took 0.078 seconds
[2023-10-10T08:54:29.558+0000] {processor.py:157} INFO - Started process (PID=593) to work on /home/airflow/.local/lib/python3.8/site-packages/airflow/example_dags/example_latest_only_with_trigger.py
[2023-10-10T08:54:29.560+0000] {processor.py:829} INFO - Processing file /home/airflow/.local/lib/python3.8/site-packages/airflow/example_dags/example_latest_only_with_trigger.py for tasks to queue
[2023-10-10T08:54:29.565+0000] {logging_mixin.py:151} INFO - [2023-10-10T08:54:29.564+0000] {dagbag.py:539} INFO - Filling up the DagBag from /home/airflow/.local/lib/python3.8/site-packages/airflow/example_dags/example_latest_only_with_trigger.py
[2023-10-10T08:54:29.577+0000] {processor.py:839} INFO - DAG(s) dict_keys(['latest_only_with_trigger']) retrieved from /home/airflow/.local/lib/python3.8/site-packages/airflow/example_dags/example_latest_only_with_trigger.py
[2023-10-10T08:54:29.610+0000] {logging_mixin.py:151} INFO - [2023-10-10T08:54:29.610+0000] {dag.py:2915} INFO - Sync 1 DAGs
[2023-10-10T08:54:29.630+0000] {logging_mixin.py:151} INFO - [2023-10-10T08:54:29.630+0000] {dag.py:3696} INFO - Setting next_dagrun for latest_only_with_trigger to 2023-10-10T04:54:29.630115+00:00, run_after=2023-10-10T08:54:29.630115+00:00
[2023-10-10T08:54:29.646+0000] {processor.py:179} INFO - Processing /home/airflow/.local/lib/python3.8/site-packages/airflow/example_dags/example_latest_only_with_trigger.py took 0.100 seconds
[2023-10-10T08:55:00.202+0000] {processor.py:157} INFO - Started process (PID=654) to work on /home/airflow/.local/lib/python3.8/site-packages/airflow/example_dags/example_latest_only_with_trigger.py
[2023-10-10T08:55:00.203+0000] {processor.py:829} INFO - Processing file /home/airflow/.local/lib/python3.8/site-packages/airflow/example_dags/example_latest_only_with_trigger.py for tasks to queue
[2023-10-10T08:55:00.207+0000] {logging_mixin.py:151} INFO - [2023-10-10T08:55:00.207+0000] {dagbag.py:539} INFO - Filling up the DagBag from /home/airflow/.local/lib/python3.8/site-packages/airflow/example_dags/example_latest_only_with_trigger.py
[2023-10-10T08:55:00.211+0000] {processor.py:839} INFO - DAG(s) dict_keys(['latest_only_with_trigger']) retrieved from /home/airflow/.local/lib/python3.8/site-packages/airflow/example_dags/example_latest_only_with_trigger.py
[2023-10-10T08:55:00.239+0000] {logging_mixin.py:151} INFO - [2023-10-10T08:55:00.239+0000] {dag.py:2915} INFO - Sync 1 DAGs
[2023-10-10T08:55:00.262+0000] {logging_mixin.py:151} INFO - [2023-10-10T08:55:00.262+0000] {dag.py:3696} INFO - Setting next_dagrun for latest_only_with_trigger to 2023-10-10T04:55:00.262343+00:00, run_after=2023-10-10T08:55:00.262343+00:00
[2023-10-10T08:55:00.278+0000] {processor.py:179} INFO - Processing /home/airflow/.local/lib/python3.8/site-packages/airflow/example_dags/example_latest_only_with_trigger.py took 0.079 seconds
[2023-10-10T08:55:30.467+0000] {processor.py:157} INFO - Started process (PID=715) to work on /home/airflow/.local/lib/python3.8/site-packages/airflow/example_dags/example_latest_only_with_trigger.py
[2023-10-10T08:55:30.468+0000] {processor.py:829} INFO - Processing file /home/airflow/.local/lib/python3.8/site-packages/airflow/example_dags/example_latest_only_with_trigger.py for tasks to queue
[2023-10-10T08:55:30.471+0000] {logging_mixin.py:151} INFO - [2023-10-10T08:55:30.470+0000] {dagbag.py:539} INFO - Filling up the DagBag from /home/airflow/.local/lib/python3.8/site-packages/airflow/example_dags/example_latest_only_with_trigger.py
[2023-10-10T08:55:30.477+0000] {processor.py:839} INFO - DAG(s) dict_keys(['latest_only_with_trigger']) retrieved from /home/airflow/.local/lib/python3.8/site-packages/airflow/example_dags/example_latest_only_with_trigger.py
[2023-10-10T08:55:30.506+0000] {logging_mixin.py:151} INFO - [2023-10-10T08:55:30.506+0000] {dag.py:2915} INFO - Sync 1 DAGs
[2023-10-10T08:55:30.526+0000] {logging_mixin.py:151} INFO - [2023-10-10T08:55:30.525+0000] {dag.py:3696} INFO - Setting next_dagrun for latest_only_with_trigger to 2023-10-10T04:55:30.525681+00:00, run_after=2023-10-10T08:55:30.525681+00:00
[2023-10-10T08:55:30.540+0000] {processor.py:179} INFO - Processing /home/airflow/.local/lib/python3.8/site-packages/airflow/example_dags/example_latest_only_with_trigger.py took 0.076 seconds
[2023-10-10T08:56:00.954+0000] {processor.py:157} INFO - Started process (PID=775) to work on /home/airflow/.local/lib/python3.8/site-packages/airflow/example_dags/example_latest_only_with_trigger.py
[2023-10-10T08:56:00.956+0000] {processor.py:829} INFO - Processing file /home/airflow/.local/lib/python3.8/site-packages/airflow/example_dags/example_latest_only_with_trigger.py for tasks to queue
[2023-10-10T08:56:00.957+0000] {logging_mixin.py:151} INFO - [2023-10-10T08:56:00.957+0000] {dagbag.py:539} INFO - Filling up the DagBag from /home/airflow/.local/lib/python3.8/site-packages/airflow/example_dags/example_latest_only_with_trigger.py
[2023-10-10T08:56:00.962+0000] {processor.py:839} INFO - DAG(s) dict_keys(['latest_only_with_trigger']) retrieved from /home/airflow/.local/lib/python3.8/site-packages/airflow/example_dags/example_latest_only_with_trigger.py
[2023-10-10T08:56:00.981+0000] {logging_mixin.py:151} INFO - [2023-10-10T08:56:00.981+0000] {dag.py:2915} INFO - Sync 1 DAGs
[2023-10-10T08:56:00.996+0000] {logging_mixin.py:151} INFO - [2023-10-10T08:56:00.996+0000] {dag.py:3696} INFO - Setting next_dagrun for latest_only_with_trigger to 2023-10-10T04:56:00.995822+00:00, run_after=2023-10-10T08:56:00.995822+00:00
[2023-10-10T08:56:01.013+0000] {processor.py:179} INFO - Processing /home/airflow/.local/lib/python3.8/site-packages/airflow/example_dags/example_latest_only_with_trigger.py took 0.061 seconds
[2023-10-10T08:56:31.162+0000] {processor.py:157} INFO - Started process (PID=836) to work on /home/airflow/.local/lib/python3.8/site-packages/airflow/example_dags/example_latest_only_with_trigger.py
[2023-10-10T08:56:31.163+0000] {processor.py:829} INFO - Processing file /home/airflow/.local/lib/python3.8/site-packages/airflow/example_dags/example_latest_only_with_trigger.py for tasks to queue
[2023-10-10T08:56:31.164+0000] {logging_mixin.py:151} INFO - [2023-10-10T08:56:31.164+0000] {dagbag.py:539} INFO - Filling up the DagBag from /home/airflow/.local/lib/python3.8/site-packages/airflow/example_dags/example_latest_only_with_trigger.py
[2023-10-10T08:56:31.168+0000] {processor.py:839} INFO - DAG(s) dict_keys(['latest_only_with_trigger']) retrieved from /home/airflow/.local/lib/python3.8/site-packages/airflow/example_dags/example_latest_only_with_trigger.py
[2023-10-10T08:56:31.183+0000] {logging_mixin.py:151} INFO - [2023-10-10T08:56:31.183+0000] {dag.py:2915} INFO - Sync 1 DAGs
[2023-10-10T08:56:31.195+0000] {logging_mixin.py:151} INFO - [2023-10-10T08:56:31.195+0000] {dag.py:3696} INFO - Setting next_dagrun for latest_only_with_trigger to 2023-10-10T04:56:31.195732+00:00, run_after=2023-10-10T08:56:31.195732+00:00
[2023-10-10T08:56:31.204+0000] {processor.py:179} INFO - Processing /home/airflow/.local/lib/python3.8/site-packages/airflow/example_dags/example_latest_only_with_trigger.py took 0.044 seconds
[2023-10-10T08:57:02.019+0000] {processor.py:157} INFO - Started process (PID=897) to work on /home/airflow/.local/lib/python3.8/site-packages/airflow/example_dags/example_latest_only_with_trigger.py
[2023-10-10T08:57:02.021+0000] {processor.py:829} INFO - Processing file /home/airflow/.local/lib/python3.8/site-packages/airflow/example_dags/example_latest_only_with_trigger.py for tasks to queue
[2023-10-10T08:57:02.024+0000] {logging_mixin.py:151} INFO - [2023-10-10T08:57:02.023+0000] {dagbag.py:539} INFO - Filling up the DagBag from /home/airflow/.local/lib/python3.8/site-packages/airflow/example_dags/example_latest_only_with_trigger.py
[2023-10-10T08:57:02.045+0000] {processor.py:839} INFO - DAG(s) dict_keys(['latest_only_with_trigger']) retrieved from /home/airflow/.local/lib/python3.8/site-packages/airflow/example_dags/example_latest_only_with_trigger.py
[2023-10-10T08:57:02.101+0000] {logging_mixin.py:151} INFO - [2023-10-10T08:57:02.101+0000] {dag.py:2915} INFO - Sync 1 DAGs
[2023-10-10T08:57:02.143+0000] {logging_mixin.py:151} INFO - [2023-10-10T08:57:02.143+0000] {dag.py:3696} INFO - Setting next_dagrun for latest_only_with_trigger to 2023-10-10T04:57:02.143116+00:00, run_after=2023-10-10T08:57:02.143116+00:00
[2023-10-10T08:57:02.156+0000] {processor.py:179} INFO - Processing /home/airflow/.local/lib/python3.8/site-packages/airflow/example_dags/example_latest_only_with_trigger.py took 0.141 seconds
[2023-10-10T08:57:32.966+0000] {processor.py:157} INFO - Started process (PID=958) to work on /home/airflow/.local/lib/python3.8/site-packages/airflow/example_dags/example_latest_only_with_trigger.py
[2023-10-10T08:57:32.967+0000] {processor.py:829} INFO - Processing file /home/airflow/.local/lib/python3.8/site-packages/airflow/example_dags/example_latest_only_with_trigger.py for tasks to queue
[2023-10-10T08:57:32.968+0000] {logging_mixin.py:151} INFO - [2023-10-10T08:57:32.968+0000] {dagbag.py:539} INFO - Filling up the DagBag from /home/airflow/.local/lib/python3.8/site-packages/airflow/example_dags/example_latest_only_with_trigger.py
[2023-10-10T08:57:32.971+0000] {processor.py:839} INFO - DAG(s) dict_keys(['latest_only_with_trigger']) retrieved from /home/airflow/.local/lib/python3.8/site-packages/airflow/example_dags/example_latest_only_with_trigger.py
[2023-10-10T08:57:32.987+0000] {logging_mixin.py:151} INFO - [2023-10-10T08:57:32.987+0000] {dag.py:2915} INFO - Sync 1 DAGs
[2023-10-10T08:57:33.002+0000] {logging_mixin.py:151} INFO - [2023-10-10T08:57:33.002+0000] {dag.py:3696} INFO - Setting next_dagrun for latest_only_with_trigger to 2023-10-10T04:57:33.002126+00:00, run_after=2023-10-10T08:57:33.002126+00:00
[2023-10-10T08:57:33.011+0000] {processor.py:179} INFO - Processing /home/airflow/.local/lib/python3.8/site-packages/airflow/example_dags/example_latest_only_with_trigger.py took 0.048 seconds
[2023-10-10T08:58:03.125+0000] {processor.py:157} INFO - Started process (PID=1019) to work on /home/airflow/.local/lib/python3.8/site-packages/airflow/example_dags/example_latest_only_with_trigger.py
[2023-10-10T08:58:03.125+0000] {processor.py:829} INFO - Processing file /home/airflow/.local/lib/python3.8/site-packages/airflow/example_dags/example_latest_only_with_trigger.py for tasks to queue
[2023-10-10T08:58:03.127+0000] {logging_mixin.py:151} INFO - [2023-10-10T08:58:03.127+0000] {dagbag.py:539} INFO - Filling up the DagBag from /home/airflow/.local/lib/python3.8/site-packages/airflow/example_dags/example_latest_only_with_trigger.py
[2023-10-10T08:58:03.130+0000] {processor.py:839} INFO - DAG(s) dict_keys(['latest_only_with_trigger']) retrieved from /home/airflow/.local/lib/python3.8/site-packages/airflow/example_dags/example_latest_only_with_trigger.py
[2023-10-10T08:58:03.145+0000] {logging_mixin.py:151} INFO - [2023-10-10T08:58:03.145+0000] {dag.py:2915} INFO - Sync 1 DAGs
[2023-10-10T08:58:03.158+0000] {logging_mixin.py:151} INFO - [2023-10-10T08:58:03.158+0000] {dag.py:3696} INFO - Setting next_dagrun for latest_only_with_trigger to 2023-10-10T04:58:03.158509+00:00, run_after=2023-10-10T08:58:03.158509+00:00
[2023-10-10T08:58:03.168+0000] {processor.py:179} INFO - Processing /home/airflow/.local/lib/python3.8/site-packages/airflow/example_dags/example_latest_only_with_trigger.py took 0.046 seconds
[2023-10-10T08:58:34.104+0000] {processor.py:157} INFO - Started process (PID=1080) to work on /home/airflow/.local/lib/python3.8/site-packages/airflow/example_dags/example_latest_only_with_trigger.py
[2023-10-10T08:58:34.107+0000] {processor.py:829} INFO - Processing file /home/airflow/.local/lib/python3.8/site-packages/airflow/example_dags/example_latest_only_with_trigger.py for tasks to queue
[2023-10-10T08:58:34.110+0000] {logging_mixin.py:151} INFO - [2023-10-10T08:58:34.110+0000] {dagbag.py:539} INFO - Filling up the DagBag from /home/airflow/.local/lib/python3.8/site-packages/airflow/example_dags/example_latest_only_with_trigger.py
[2023-10-10T08:58:34.117+0000] {processor.py:839} INFO - DAG(s) dict_keys(['latest_only_with_trigger']) retrieved from /home/airflow/.local/lib/python3.8/site-packages/airflow/example_dags/example_latest_only_with_trigger.py
[2023-10-10T08:58:34.150+0000] {logging_mixin.py:151} INFO - [2023-10-10T08:58:34.150+0000] {dag.py:2915} INFO - Sync 1 DAGs
[2023-10-10T08:58:34.173+0000] {logging_mixin.py:151} INFO - [2023-10-10T08:58:34.173+0000] {dag.py:3696} INFO - Setting next_dagrun for latest_only_with_trigger to 2023-10-10T04:58:34.173292+00:00, run_after=2023-10-10T08:58:34.173292+00:00
[2023-10-10T08:58:34.205+0000] {processor.py:179} INFO - Processing /home/airflow/.local/lib/python3.8/site-packages/airflow/example_dags/example_latest_only_with_trigger.py took 0.111 seconds
[2023-10-10T08:59:04.622+0000] {processor.py:157} INFO - Started process (PID=1141) to work on /home/airflow/.local/lib/python3.8/site-packages/airflow/example_dags/example_latest_only_with_trigger.py
[2023-10-10T08:59:04.623+0000] {processor.py:829} INFO - Processing file /home/airflow/.local/lib/python3.8/site-packages/airflow/example_dags/example_latest_only_with_trigger.py for tasks to queue
[2023-10-10T08:59:04.625+0000] {logging_mixin.py:151} INFO - [2023-10-10T08:59:04.624+0000] {dagbag.py:539} INFO - Filling up the DagBag from /home/airflow/.local/lib/python3.8/site-packages/airflow/example_dags/example_latest_only_with_trigger.py
[2023-10-10T08:59:04.628+0000] {processor.py:839} INFO - DAG(s) dict_keys(['latest_only_with_trigger']) retrieved from /home/airflow/.local/lib/python3.8/site-packages/airflow/example_dags/example_latest_only_with_trigger.py
[2023-10-10T08:59:04.644+0000] {logging_mixin.py:151} INFO - [2023-10-10T08:59:04.644+0000] {dag.py:2915} INFO - Sync 1 DAGs
[2023-10-10T08:59:04.664+0000] {logging_mixin.py:151} INFO - [2023-10-10T08:59:04.663+0000] {dag.py:3696} INFO - Setting next_dagrun for latest_only_with_trigger to 2023-10-10T04:59:04.663714+00:00, run_after=2023-10-10T08:59:04.663714+00:00
[2023-10-10T08:59:04.675+0000] {processor.py:179} INFO - Processing /home/airflow/.local/lib/python3.8/site-packages/airflow/example_dags/example_latest_only_with_trigger.py took 0.055 seconds
[2023-10-10T08:59:35.038+0000] {processor.py:157} INFO - Started process (PID=1202) to work on /home/airflow/.local/lib/python3.8/site-packages/airflow/example_dags/example_latest_only_with_trigger.py
[2023-10-10T08:59:35.039+0000] {processor.py:829} INFO - Processing file /home/airflow/.local/lib/python3.8/site-packages/airflow/example_dags/example_latest_only_with_trigger.py for tasks to queue
[2023-10-10T08:59:35.041+0000] {logging_mixin.py:151} INFO - [2023-10-10T08:59:35.040+0000] {dagbag.py:539} INFO - Filling up the DagBag from /home/airflow/.local/lib/python3.8/site-packages/airflow/example_dags/example_latest_only_with_trigger.py
[2023-10-10T08:59:35.046+0000] {processor.py:839} INFO - DAG(s) dict_keys(['latest_only_with_trigger']) retrieved from /home/airflow/.local/lib/python3.8/site-packages/airflow/example_dags/example_latest_only_with_trigger.py
[2023-10-10T08:59:35.066+0000] {logging_mixin.py:151} INFO - [2023-10-10T08:59:35.066+0000] {dag.py:2915} INFO - Sync 1 DAGs
[2023-10-10T08:59:35.081+0000] {logging_mixin.py:151} INFO - [2023-10-10T08:59:35.081+0000] {dag.py:3696} INFO - Setting next_dagrun for latest_only_with_trigger to 2023-10-10T04:59:35.081098+00:00, run_after=2023-10-10T08:59:35.081098+00:00
[2023-10-10T08:59:35.091+0000] {processor.py:179} INFO - Processing /home/airflow/.local/lib/python3.8/site-packages/airflow/example_dags/example_latest_only_with_trigger.py took 0.055 seconds
[2023-10-10T09:00:05.521+0000] {processor.py:157} INFO - Started process (PID=1263) to work on /home/airflow/.local/lib/python3.8/site-packages/airflow/example_dags/example_latest_only_with_trigger.py
[2023-10-10T09:00:05.522+0000] {processor.py:829} INFO - Processing file /home/airflow/.local/lib/python3.8/site-packages/airflow/example_dags/example_latest_only_with_trigger.py for tasks to queue
[2023-10-10T09:00:05.524+0000] {logging_mixin.py:151} INFO - [2023-10-10T09:00:05.524+0000] {dagbag.py:539} INFO - Filling up the DagBag from /home/airflow/.local/lib/python3.8/site-packages/airflow/example_dags/example_latest_only_with_trigger.py
[2023-10-10T09:00:05.527+0000] {processor.py:839} INFO - DAG(s) dict_keys(['latest_only_with_trigger']) retrieved from /home/airflow/.local/lib/python3.8/site-packages/airflow/example_dags/example_latest_only_with_trigger.py
[2023-10-10T09:00:05.543+0000] {logging_mixin.py:151} INFO - [2023-10-10T09:00:05.543+0000] {dag.py:2915} INFO - Sync 1 DAGs
[2023-10-10T09:00:05.558+0000] {logging_mixin.py:151} INFO - [2023-10-10T09:00:05.558+0000] {dag.py:3696} INFO - Setting next_dagrun for latest_only_with_trigger to 2023-10-10T05:00:05.558237+00:00, run_after=2023-10-10T09:00:05.558237+00:00
[2023-10-10T09:00:05.568+0000] {processor.py:179} INFO - Processing /home/airflow/.local/lib/python3.8/site-packages/airflow/example_dags/example_latest_only_with_trigger.py took 0.049 seconds
[2023-10-10T09:00:35.879+0000] {processor.py:157} INFO - Started process (PID=1324) to work on /home/airflow/.local/lib/python3.8/site-packages/airflow/example_dags/example_latest_only_with_trigger.py
[2023-10-10T09:00:35.880+0000] {processor.py:829} INFO - Processing file /home/airflow/.local/lib/python3.8/site-packages/airflow/example_dags/example_latest_only_with_trigger.py for tasks to queue
[2023-10-10T09:00:35.881+0000] {logging_mixin.py:151} INFO - [2023-10-10T09:00:35.881+0000] {dagbag.py:539} INFO - Filling up the DagBag from /home/airflow/.local/lib/python3.8/site-packages/airflow/example_dags/example_latest_only_with_trigger.py
[2023-10-10T09:00:35.885+0000] {processor.py:839} INFO - DAG(s) dict_keys(['latest_only_with_trigger']) retrieved from /home/airflow/.local/lib/python3.8/site-packages/airflow/example_dags/example_latest_only_with_trigger.py
[2023-10-10T09:00:35.900+0000] {logging_mixin.py:151} INFO - [2023-10-10T09:00:35.899+0000] {dag.py:2915} INFO - Sync 1 DAGs
[2023-10-10T09:00:35.913+0000] {logging_mixin.py:151} INFO - [2023-10-10T09:00:35.912+0000] {dag.py:3696} INFO - Setting next_dagrun for latest_only_with_trigger to 2023-10-10T05:00:35.912788+00:00, run_after=2023-10-10T09:00:35.912788+00:00
[2023-10-10T09:00:35.922+0000] {processor.py:179} INFO - Processing /home/airflow/.local/lib/python3.8/site-packages/airflow/example_dags/example_latest_only_with_trigger.py took 0.045 seconds
[2023-10-10T09:01:06.151+0000] {processor.py:157} INFO - Started process (PID=1385) to work on /home/airflow/.local/lib/python3.8/site-packages/airflow/example_dags/example_latest_only_with_trigger.py
[2023-10-10T09:01:06.153+0000] {processor.py:829} INFO - Processing file /home/airflow/.local/lib/python3.8/site-packages/airflow/example_dags/example_latest_only_with_trigger.py for tasks to queue
[2023-10-10T09:01:06.155+0000] {logging_mixin.py:151} INFO - [2023-10-10T09:01:06.154+0000] {dagbag.py:539} INFO - Filling up the DagBag from /home/airflow/.local/lib/python3.8/site-packages/airflow/example_dags/example_latest_only_with_trigger.py
[2023-10-10T09:01:06.158+0000] {processor.py:839} INFO - DAG(s) dict_keys(['latest_only_with_trigger']) retrieved from /home/airflow/.local/lib/python3.8/site-packages/airflow/example_dags/example_latest_only_with_trigger.py
[2023-10-10T09:01:06.175+0000] {logging_mixin.py:151} INFO - [2023-10-10T09:01:06.174+0000] {dag.py:2915} INFO - Sync 1 DAGs
[2023-10-10T09:01:06.189+0000] {logging_mixin.py:151} INFO - [2023-10-10T09:01:06.189+0000] {dag.py:3696} INFO - Setting next_dagrun for latest_only_with_trigger to 2023-10-10T05:01:06.189355+00:00, run_after=2023-10-10T09:01:06.189355+00:00
[2023-10-10T09:01:06.199+0000] {processor.py:179} INFO - Processing /home/airflow/.local/lib/python3.8/site-packages/airflow/example_dags/example_latest_only_with_trigger.py took 0.051 seconds
[2023-10-10T09:01:36.332+0000] {processor.py:157} INFO - Started process (PID=1446) to work on /home/airflow/.local/lib/python3.8/site-packages/airflow/example_dags/example_latest_only_with_trigger.py
[2023-10-10T09:01:36.333+0000] {processor.py:829} INFO - Processing file /home/airflow/.local/lib/python3.8/site-packages/airflow/example_dags/example_latest_only_with_trigger.py for tasks to queue
[2023-10-10T09:01:36.334+0000] {logging_mixin.py:151} INFO - [2023-10-10T09:01:36.334+0000] {dagbag.py:539} INFO - Filling up the DagBag from /home/airflow/.local/lib/python3.8/site-packages/airflow/example_dags/example_latest_only_with_trigger.py
[2023-10-10T09:01:36.340+0000] {processor.py:839} INFO - DAG(s) dict_keys(['latest_only_with_trigger']) retrieved from /home/airflow/.local/lib/python3.8/site-packages/airflow/example_dags/example_latest_only_with_trigger.py
[2023-10-10T09:01:36.361+0000] {logging_mixin.py:151} INFO - [2023-10-10T09:01:36.361+0000] {dag.py:2915} INFO - Sync 1 DAGs
[2023-10-10T09:01:36.379+0000] {logging_mixin.py:151} INFO - [2023-10-10T09:01:36.379+0000] {dag.py:3696} INFO - Setting next_dagrun for latest_only_with_trigger to 2023-10-10T05:01:36.379054+00:00, run_after=2023-10-10T09:01:36.379054+00:00
[2023-10-10T09:01:36.390+0000] {processor.py:179} INFO - Processing /home/airflow/.local/lib/python3.8/site-packages/airflow/example_dags/example_latest_only_with_trigger.py took 0.060 seconds
[2023-10-10T09:02:06.584+0000] {processor.py:157} INFO - Started process (PID=1507) to work on /home/airflow/.local/lib/python3.8/site-packages/airflow/example_dags/example_latest_only_with_trigger.py
[2023-10-10T09:02:06.597+0000] {processor.py:829} INFO - Processing file /home/airflow/.local/lib/python3.8/site-packages/airflow/example_dags/example_latest_only_with_trigger.py for tasks to queue
[2023-10-10T09:02:06.599+0000] {logging_mixin.py:151} INFO - [2023-10-10T09:02:06.599+0000] {dagbag.py:539} INFO - Filling up the DagBag from /home/airflow/.local/lib/python3.8/site-packages/airflow/example_dags/example_latest_only_with_trigger.py
[2023-10-10T09:02:06.605+0000] {processor.py:839} INFO - DAG(s) dict_keys(['latest_only_with_trigger']) retrieved from /home/airflow/.local/lib/python3.8/site-packages/airflow/example_dags/example_latest_only_with_trigger.py
[2023-10-10T09:02:06.625+0000] {logging_mixin.py:151} INFO - [2023-10-10T09:02:06.625+0000] {dag.py:2915} INFO - Sync 1 DAGs
[2023-10-10T09:02:06.639+0000] {logging_mixin.py:151} INFO - [2023-10-10T09:02:06.639+0000] {dag.py:3696} INFO - Setting next_dagrun for latest_only_with_trigger to 2023-10-10T05:02:06.639220+00:00, run_after=2023-10-10T09:02:06.639220+00:00
[2023-10-10T09:02:06.649+0000] {processor.py:179} INFO - Processing /home/airflow/.local/lib/python3.8/site-packages/airflow/example_dags/example_latest_only_with_trigger.py took 0.067 seconds
[2023-10-10T09:02:37.212+0000] {processor.py:157} INFO - Started process (PID=1568) to work on /home/airflow/.local/lib/python3.8/site-packages/airflow/example_dags/example_latest_only_with_trigger.py
[2023-10-10T09:02:37.214+0000] {processor.py:829} INFO - Processing file /home/airflow/.local/lib/python3.8/site-packages/airflow/example_dags/example_latest_only_with_trigger.py for tasks to queue
[2023-10-10T09:02:37.216+0000] {logging_mixin.py:151} INFO - [2023-10-10T09:02:37.216+0000] {dagbag.py:539} INFO - Filling up the DagBag from /home/airflow/.local/lib/python3.8/site-packages/airflow/example_dags/example_latest_only_with_trigger.py
[2023-10-10T09:02:37.221+0000] {processor.py:839} INFO - DAG(s) dict_keys(['latest_only_with_trigger']) retrieved from /home/airflow/.local/lib/python3.8/site-packages/airflow/example_dags/example_latest_only_with_trigger.py
[2023-10-10T09:02:37.237+0000] {logging_mixin.py:151} INFO - [2023-10-10T09:02:37.237+0000] {dag.py:2915} INFO - Sync 1 DAGs
[2023-10-10T09:02:37.252+0000] {logging_mixin.py:151} INFO - [2023-10-10T09:02:37.252+0000] {dag.py:3696} INFO - Setting next_dagrun for latest_only_with_trigger to 2023-10-10T05:02:37.251946+00:00, run_after=2023-10-10T09:02:37.251946+00:00
[2023-10-10T09:02:37.262+0000] {processor.py:179} INFO - Processing /home/airflow/.local/lib/python3.8/site-packages/airflow/example_dags/example_latest_only_with_trigger.py took 0.053 seconds
[2023-10-10T09:03:08.088+0000] {processor.py:157} INFO - Started process (PID=1629) to work on /home/airflow/.local/lib/python3.8/site-packages/airflow/example_dags/example_latest_only_with_trigger.py
[2023-10-10T09:03:08.089+0000] {processor.py:829} INFO - Processing file /home/airflow/.local/lib/python3.8/site-packages/airflow/example_dags/example_latest_only_with_trigger.py for tasks to queue
[2023-10-10T09:03:08.091+0000] {logging_mixin.py:151} INFO - [2023-10-10T09:03:08.090+0000] {dagbag.py:539} INFO - Filling up the DagBag from /home/airflow/.local/lib/python3.8/site-packages/airflow/example_dags/example_latest_only_with_trigger.py
[2023-10-10T09:03:08.094+0000] {processor.py:839} INFO - DAG(s) dict_keys(['latest_only_with_trigger']) retrieved from /home/airflow/.local/lib/python3.8/site-packages/airflow/example_dags/example_latest_only_with_trigger.py
[2023-10-10T09:03:08.112+0000] {logging_mixin.py:151} INFO - [2023-10-10T09:03:08.112+0000] {dag.py:2915} INFO - Sync 1 DAGs
[2023-10-10T09:03:08.125+0000] {logging_mixin.py:151} INFO - [2023-10-10T09:03:08.125+0000] {dag.py:3696} INFO - Setting next_dagrun for latest_only_with_trigger to 2023-10-10T05:03:08.125376+00:00, run_after=2023-10-10T09:03:08.125376+00:00
[2023-10-10T09:03:08.136+0000] {processor.py:179} INFO - Processing /home/airflow/.local/lib/python3.8/site-packages/airflow/example_dags/example_latest_only_with_trigger.py took 0.050 seconds
[2023-10-10T09:03:38.393+0000] {processor.py:157} INFO - Started process (PID=1690) to work on /home/airflow/.local/lib/python3.8/site-packages/airflow/example_dags/example_latest_only_with_trigger.py
[2023-10-10T09:03:38.394+0000] {processor.py:829} INFO - Processing file /home/airflow/.local/lib/python3.8/site-packages/airflow/example_dags/example_latest_only_with_trigger.py for tasks to queue
[2023-10-10T09:03:38.395+0000] {logging_mixin.py:151} INFO - [2023-10-10T09:03:38.395+0000] {dagbag.py:539} INFO - Filling up the DagBag from /home/airflow/.local/lib/python3.8/site-packages/airflow/example_dags/example_latest_only_with_trigger.py
[2023-10-10T09:03:38.398+0000] {processor.py:839} INFO - DAG(s) dict_keys(['latest_only_with_trigger']) retrieved from /home/airflow/.local/lib/python3.8/site-packages/airflow/example_dags/example_latest_only_with_trigger.py
[2023-10-10T09:03:38.416+0000] {logging_mixin.py:151} INFO - [2023-10-10T09:03:38.416+0000] {dag.py:2915} INFO - Sync 1 DAGs
[2023-10-10T09:03:38.430+0000] {logging_mixin.py:151} INFO - [2023-10-10T09:03:38.430+0000] {dag.py:3696} INFO - Setting next_dagrun for latest_only_with_trigger to 2023-10-10T05:03:38.430297+00:00, run_after=2023-10-10T09:03:38.430297+00:00
[2023-10-10T09:03:38.441+0000] {processor.py:179} INFO - Processing /home/airflow/.local/lib/python3.8/site-packages/airflow/example_dags/example_latest_only_with_trigger.py took 0.051 seconds
[2023-10-10T09:04:09.104+0000] {processor.py:157} INFO - Started process (PID=1751) to work on /home/airflow/.local/lib/python3.8/site-packages/airflow/example_dags/example_latest_only_with_trigger.py
[2023-10-10T09:04:09.105+0000] {processor.py:829} INFO - Processing file /home/airflow/.local/lib/python3.8/site-packages/airflow/example_dags/example_latest_only_with_trigger.py for tasks to queue
[2023-10-10T09:04:09.107+0000] {logging_mixin.py:151} INFO - [2023-10-10T09:04:09.107+0000] {dagbag.py:539} INFO - Filling up the DagBag from /home/airflow/.local/lib/python3.8/site-packages/airflow/example_dags/example_latest_only_with_trigger.py
[2023-10-10T09:04:09.114+0000] {processor.py:839} INFO - DAG(s) dict_keys(['latest_only_with_trigger']) retrieved from /home/airflow/.local/lib/python3.8/site-packages/airflow/example_dags/example_latest_only_with_trigger.py
[2023-10-10T09:04:09.132+0000] {logging_mixin.py:151} INFO - [2023-10-10T09:04:09.132+0000] {dag.py:2915} INFO - Sync 1 DAGs
[2023-10-10T09:04:09.156+0000] {logging_mixin.py:151} INFO - [2023-10-10T09:04:09.156+0000] {dag.py:3696} INFO - Setting next_dagrun for latest_only_with_trigger to 2023-10-10T05:04:09.156075+00:00, run_after=2023-10-10T09:04:09.156075+00:00
[2023-10-10T09:04:09.172+0000] {processor.py:179} INFO - Processing /home/airflow/.local/lib/python3.8/site-packages/airflow/example_dags/example_latest_only_with_trigger.py took 0.070 seconds
[2023-10-10T09:04:39.902+0000] {processor.py:157} INFO - Started process (PID=1811) to work on /home/airflow/.local/lib/python3.8/site-packages/airflow/example_dags/example_latest_only_with_trigger.py
[2023-10-10T09:04:39.903+0000] {processor.py:829} INFO - Processing file /home/airflow/.local/lib/python3.8/site-packages/airflow/example_dags/example_latest_only_with_trigger.py for tasks to queue
[2023-10-10T09:04:39.905+0000] {logging_mixin.py:151} INFO - [2023-10-10T09:04:39.905+0000] {dagbag.py:539} INFO - Filling up the DagBag from /home/airflow/.local/lib/python3.8/site-packages/airflow/example_dags/example_latest_only_with_trigger.py
[2023-10-10T09:04:39.912+0000] {processor.py:839} INFO - DAG(s) dict_keys(['latest_only_with_trigger']) retrieved from /home/airflow/.local/lib/python3.8/site-packages/airflow/example_dags/example_latest_only_with_trigger.py
[2023-10-10T09:04:39.931+0000] {logging_mixin.py:151} INFO - [2023-10-10T09:04:39.931+0000] {dag.py:2915} INFO - Sync 1 DAGs
[2023-10-10T09:04:39.946+0000] {logging_mixin.py:151} INFO - [2023-10-10T09:04:39.946+0000] {dag.py:3696} INFO - Setting next_dagrun for latest_only_with_trigger to 2023-10-10T05:04:39.946461+00:00, run_after=2023-10-10T09:04:39.946461+00:00
[2023-10-10T09:04:39.964+0000] {processor.py:179} INFO - Processing /home/airflow/.local/lib/python3.8/site-packages/airflow/example_dags/example_latest_only_with_trigger.py took 0.065 seconds
[2023-10-10T09:05:10.816+0000] {processor.py:157} INFO - Started process (PID=1872) to work on /home/airflow/.local/lib/python3.8/site-packages/airflow/example_dags/example_latest_only_with_trigger.py
[2023-10-10T09:05:10.817+0000] {processor.py:829} INFO - Processing file /home/airflow/.local/lib/python3.8/site-packages/airflow/example_dags/example_latest_only_with_trigger.py for tasks to queue
[2023-10-10T09:05:10.820+0000] {logging_mixin.py:151} INFO - [2023-10-10T09:05:10.819+0000] {dagbag.py:539} INFO - Filling up the DagBag from /home/airflow/.local/lib/python3.8/site-packages/airflow/example_dags/example_latest_only_with_trigger.py
[2023-10-10T09:05:10.825+0000] {processor.py:839} INFO - DAG(s) dict_keys(['latest_only_with_trigger']) retrieved from /home/airflow/.local/lib/python3.8/site-packages/airflow/example_dags/example_latest_only_with_trigger.py
[2023-10-10T09:05:10.844+0000] {logging_mixin.py:151} INFO - [2023-10-10T09:05:10.843+0000] {dag.py:2915} INFO - Sync 1 DAGs
[2023-10-10T09:05:10.860+0000] {logging_mixin.py:151} INFO - [2023-10-10T09:05:10.860+0000] {dag.py:3696} INFO - Setting next_dagrun for latest_only_with_trigger to 2023-10-10T05:05:10.860506+00:00, run_after=2023-10-10T09:05:10.860506+00:00
[2023-10-10T09:05:10.871+0000] {processor.py:179} INFO - Processing /home/airflow/.local/lib/python3.8/site-packages/airflow/example_dags/example_latest_only_with_trigger.py took 0.058 seconds
[2023-10-10T09:05:42.039+0000] {processor.py:157} INFO - Started process (PID=1932) to work on /home/airflow/.local/lib/python3.8/site-packages/airflow/example_dags/example_latest_only_with_trigger.py
[2023-10-10T09:05:42.041+0000] {processor.py:829} INFO - Processing file /home/airflow/.local/lib/python3.8/site-packages/airflow/example_dags/example_latest_only_with_trigger.py for tasks to queue
[2023-10-10T09:05:42.043+0000] {logging_mixin.py:151} INFO - [2023-10-10T09:05:42.042+0000] {dagbag.py:539} INFO - Filling up the DagBag from /home/airflow/.local/lib/python3.8/site-packages/airflow/example_dags/example_latest_only_with_trigger.py
[2023-10-10T09:05:42.049+0000] {processor.py:839} INFO - DAG(s) dict_keys(['latest_only_with_trigger']) retrieved from /home/airflow/.local/lib/python3.8/site-packages/airflow/example_dags/example_latest_only_with_trigger.py
[2023-10-10T09:05:42.080+0000] {logging_mixin.py:151} INFO - [2023-10-10T09:05:42.080+0000] {dag.py:2915} INFO - Sync 1 DAGs
[2023-10-10T09:05:42.097+0000] {logging_mixin.py:151} INFO - [2023-10-10T09:05:42.096+0000] {dag.py:3696} INFO - Setting next_dagrun for latest_only_with_trigger to 2023-10-10T05:05:42.096143+00:00, run_after=2023-10-10T09:05:42.096143+00:00
[2023-10-10T09:05:42.108+0000] {processor.py:179} INFO - Processing /home/airflow/.local/lib/python3.8/site-packages/airflow/example_dags/example_latest_only_with_trigger.py took 0.073 seconds
[2023-10-10T09:06:12.778+0000] {processor.py:157} INFO - Started process (PID=1999) to work on /home/airflow/.local/lib/python3.8/site-packages/airflow/example_dags/example_latest_only_with_trigger.py
[2023-10-10T09:06:12.779+0000] {processor.py:829} INFO - Processing file /home/airflow/.local/lib/python3.8/site-packages/airflow/example_dags/example_latest_only_with_trigger.py for tasks to queue
[2023-10-10T09:06:12.780+0000] {logging_mixin.py:151} INFO - [2023-10-10T09:06:12.780+0000] {dagbag.py:539} INFO - Filling up the DagBag from /home/airflow/.local/lib/python3.8/site-packages/airflow/example_dags/example_latest_only_with_trigger.py
[2023-10-10T09:06:12.785+0000] {processor.py:839} INFO - DAG(s) dict_keys(['latest_only_with_trigger']) retrieved from /home/airflow/.local/lib/python3.8/site-packages/airflow/example_dags/example_latest_only_with_trigger.py
[2023-10-10T09:06:12.810+0000] {logging_mixin.py:151} INFO - [2023-10-10T09:06:12.810+0000] {dag.py:2915} INFO - Sync 1 DAGs
[2023-10-10T09:06:12.829+0000] {logging_mixin.py:151} INFO - [2023-10-10T09:06:12.829+0000] {dag.py:3696} INFO - Setting next_dagrun for latest_only_with_trigger to 2023-10-10T05:06:12.829268+00:00, run_after=2023-10-10T09:06:12.829268+00:00
[2023-10-10T09:06:12.853+0000] {processor.py:179} INFO - Processing /home/airflow/.local/lib/python3.8/site-packages/airflow/example_dags/example_latest_only_with_trigger.py took 0.078 seconds
[2023-10-10T09:06:43.101+0000] {processor.py:157} INFO - Started process (PID=2054) to work on /home/airflow/.local/lib/python3.8/site-packages/airflow/example_dags/example_latest_only_with_trigger.py
[2023-10-10T09:06:43.102+0000] {processor.py:829} INFO - Processing file /home/airflow/.local/lib/python3.8/site-packages/airflow/example_dags/example_latest_only_with_trigger.py for tasks to queue
[2023-10-10T09:06:43.103+0000] {logging_mixin.py:151} INFO - [2023-10-10T09:06:43.103+0000] {dagbag.py:539} INFO - Filling up the DagBag from /home/airflow/.local/lib/python3.8/site-packages/airflow/example_dags/example_latest_only_with_trigger.py
[2023-10-10T09:06:43.107+0000] {processor.py:839} INFO - DAG(s) dict_keys(['latest_only_with_trigger']) retrieved from /home/airflow/.local/lib/python3.8/site-packages/airflow/example_dags/example_latest_only_with_trigger.py
[2023-10-10T09:06:43.127+0000] {logging_mixin.py:151} INFO - [2023-10-10T09:06:43.127+0000] {dag.py:2915} INFO - Sync 1 DAGs
[2023-10-10T09:06:43.148+0000] {logging_mixin.py:151} INFO - [2023-10-10T09:06:43.148+0000] {dag.py:3696} INFO - Setting next_dagrun for latest_only_with_trigger to 2023-10-10T05:06:43.148449+00:00, run_after=2023-10-10T09:06:43.148449+00:00
[2023-10-10T09:06:43.159+0000] {processor.py:179} INFO - Processing /home/airflow/.local/lib/python3.8/site-packages/airflow/example_dags/example_latest_only_with_trigger.py took 0.061 seconds
[2023-10-10T09:07:13.566+0000] {processor.py:157} INFO - Started process (PID=2115) to work on /home/airflow/.local/lib/python3.8/site-packages/airflow/example_dags/example_latest_only_with_trigger.py
[2023-10-10T09:07:13.567+0000] {processor.py:829} INFO - Processing file /home/airflow/.local/lib/python3.8/site-packages/airflow/example_dags/example_latest_only_with_trigger.py for tasks to queue
[2023-10-10T09:07:13.569+0000] {logging_mixin.py:151} INFO - [2023-10-10T09:07:13.569+0000] {dagbag.py:539} INFO - Filling up the DagBag from /home/airflow/.local/lib/python3.8/site-packages/airflow/example_dags/example_latest_only_with_trigger.py
[2023-10-10T09:07:13.575+0000] {processor.py:839} INFO - DAG(s) dict_keys(['latest_only_with_trigger']) retrieved from /home/airflow/.local/lib/python3.8/site-packages/airflow/example_dags/example_latest_only_with_trigger.py
[2023-10-10T09:07:13.604+0000] {logging_mixin.py:151} INFO - [2023-10-10T09:07:13.604+0000] {dag.py:2915} INFO - Sync 1 DAGs
[2023-10-10T09:07:13.621+0000] {logging_mixin.py:151} INFO - [2023-10-10T09:07:13.621+0000] {dag.py:3696} INFO - Setting next_dagrun for latest_only_with_trigger to 2023-10-10T05:07:13.620984+00:00, run_after=2023-10-10T09:07:13.620984+00:00
[2023-10-10T09:07:13.631+0000] {processor.py:179} INFO - Processing /home/airflow/.local/lib/python3.8/site-packages/airflow/example_dags/example_latest_only_with_trigger.py took 0.068 seconds
[2023-10-10T09:07:43.766+0000] {processor.py:157} INFO - Started process (PID=2176) to work on /home/airflow/.local/lib/python3.8/site-packages/airflow/example_dags/example_latest_only_with_trigger.py
[2023-10-10T09:07:43.768+0000] {processor.py:829} INFO - Processing file /home/airflow/.local/lib/python3.8/site-packages/airflow/example_dags/example_latest_only_with_trigger.py for tasks to queue
[2023-10-10T09:07:43.769+0000] {logging_mixin.py:151} INFO - [2023-10-10T09:07:43.769+0000] {dagbag.py:539} INFO - Filling up the DagBag from /home/airflow/.local/lib/python3.8/site-packages/airflow/example_dags/example_latest_only_with_trigger.py
[2023-10-10T09:07:43.773+0000] {processor.py:839} INFO - DAG(s) dict_keys(['latest_only_with_trigger']) retrieved from /home/airflow/.local/lib/python3.8/site-packages/airflow/example_dags/example_latest_only_with_trigger.py
[2023-10-10T09:07:43.792+0000] {logging_mixin.py:151} INFO - [2023-10-10T09:07:43.791+0000] {dag.py:2915} INFO - Sync 1 DAGs
[2023-10-10T09:07:43.809+0000] {logging_mixin.py:151} INFO - [2023-10-10T09:07:43.809+0000] {dag.py:3696} INFO - Setting next_dagrun for latest_only_with_trigger to 2023-10-10T05:07:43.809019+00:00, run_after=2023-10-10T09:07:43.809019+00:00
[2023-10-10T09:07:43.822+0000] {processor.py:179} INFO - Processing /home/airflow/.local/lib/python3.8/site-packages/airflow/example_dags/example_latest_only_with_trigger.py took 0.058 seconds
[2023-10-10T09:08:14.388+0000] {processor.py:157} INFO - Started process (PID=2237) to work on /home/airflow/.local/lib/python3.8/site-packages/airflow/example_dags/example_latest_only_with_trigger.py
[2023-10-10T09:08:14.389+0000] {processor.py:829} INFO - Processing file /home/airflow/.local/lib/python3.8/site-packages/airflow/example_dags/example_latest_only_with_trigger.py for tasks to queue
[2023-10-10T09:08:14.390+0000] {logging_mixin.py:151} INFO - [2023-10-10T09:08:14.390+0000] {dagbag.py:539} INFO - Filling up the DagBag from /home/airflow/.local/lib/python3.8/site-packages/airflow/example_dags/example_latest_only_with_trigger.py
[2023-10-10T09:08:14.394+0000] {processor.py:839} INFO - DAG(s) dict_keys(['latest_only_with_trigger']) retrieved from /home/airflow/.local/lib/python3.8/site-packages/airflow/example_dags/example_latest_only_with_trigger.py
[2023-10-10T09:08:14.410+0000] {logging_mixin.py:151} INFO - [2023-10-10T09:08:14.410+0000] {dag.py:2915} INFO - Sync 1 DAGs
[2023-10-10T09:08:14.426+0000] {logging_mixin.py:151} INFO - [2023-10-10T09:08:14.426+0000] {dag.py:3696} INFO - Setting next_dagrun for latest_only_with_trigger to 2023-10-10T05:08:14.426119+00:00, run_after=2023-10-10T09:08:14.426119+00:00
[2023-10-10T09:08:14.438+0000] {processor.py:179} INFO - Processing /home/airflow/.local/lib/python3.8/site-packages/airflow/example_dags/example_latest_only_with_trigger.py took 0.053 seconds
[2023-10-10T09:08:44.991+0000] {processor.py:157} INFO - Started process (PID=2298) to work on /home/airflow/.local/lib/python3.8/site-packages/airflow/example_dags/example_latest_only_with_trigger.py
[2023-10-10T09:08:44.991+0000] {processor.py:829} INFO - Processing file /home/airflow/.local/lib/python3.8/site-packages/airflow/example_dags/example_latest_only_with_trigger.py for tasks to queue
[2023-10-10T09:08:44.993+0000] {logging_mixin.py:151} INFO - [2023-10-10T09:08:44.993+0000] {dagbag.py:539} INFO - Filling up the DagBag from /home/airflow/.local/lib/python3.8/site-packages/airflow/example_dags/example_latest_only_with_trigger.py
[2023-10-10T09:08:44.997+0000] {processor.py:839} INFO - DAG(s) dict_keys(['latest_only_with_trigger']) retrieved from /home/airflow/.local/lib/python3.8/site-packages/airflow/example_dags/example_latest_only_with_trigger.py
[2023-10-10T09:08:45.018+0000] {logging_mixin.py:151} INFO - [2023-10-10T09:08:45.018+0000] {dag.py:2915} INFO - Sync 1 DAGs
[2023-10-10T09:08:45.033+0000] {logging_mixin.py:151} INFO - [2023-10-10T09:08:45.033+0000] {dag.py:3696} INFO - Setting next_dagrun for latest_only_with_trigger to 2023-10-10T05:08:45.032939+00:00, run_after=2023-10-10T09:08:45.032939+00:00
[2023-10-10T09:08:45.043+0000] {processor.py:179} INFO - Processing /home/airflow/.local/lib/python3.8/site-packages/airflow/example_dags/example_latest_only_with_trigger.py took 0.055 seconds
[2023-10-10T09:09:15.482+0000] {processor.py:157} INFO - Started process (PID=2359) to work on /home/airflow/.local/lib/python3.8/site-packages/airflow/example_dags/example_latest_only_with_trigger.py
[2023-10-10T09:09:15.483+0000] {processor.py:829} INFO - Processing file /home/airflow/.local/lib/python3.8/site-packages/airflow/example_dags/example_latest_only_with_trigger.py for tasks to queue
[2023-10-10T09:09:15.484+0000] {logging_mixin.py:151} INFO - [2023-10-10T09:09:15.484+0000] {dagbag.py:539} INFO - Filling up the DagBag from /home/airflow/.local/lib/python3.8/site-packages/airflow/example_dags/example_latest_only_with_trigger.py
[2023-10-10T09:09:15.488+0000] {processor.py:839} INFO - DAG(s) dict_keys(['latest_only_with_trigger']) retrieved from /home/airflow/.local/lib/python3.8/site-packages/airflow/example_dags/example_latest_only_with_trigger.py
[2023-10-10T09:09:15.505+0000] {logging_mixin.py:151} INFO - [2023-10-10T09:09:15.505+0000] {dag.py:2915} INFO - Sync 1 DAGs
[2023-10-10T09:09:15.522+0000] {logging_mixin.py:151} INFO - [2023-10-10T09:09:15.522+0000] {dag.py:3696} INFO - Setting next_dagrun for latest_only_with_trigger to 2023-10-10T05:09:15.522365+00:00, run_after=2023-10-10T09:09:15.522365+00:00
[2023-10-10T09:09:15.532+0000] {processor.py:179} INFO - Processing /home/airflow/.local/lib/python3.8/site-packages/airflow/example_dags/example_latest_only_with_trigger.py took 0.054 seconds
[2023-10-10T09:09:46.303+0000] {processor.py:157} INFO - Started process (PID=2420) to work on /home/airflow/.local/lib/python3.8/site-packages/airflow/example_dags/example_latest_only_with_trigger.py
[2023-10-10T09:09:46.304+0000] {processor.py:829} INFO - Processing file /home/airflow/.local/lib/python3.8/site-packages/airflow/example_dags/example_latest_only_with_trigger.py for tasks to queue
[2023-10-10T09:09:46.307+0000] {logging_mixin.py:151} INFO - [2023-10-10T09:09:46.306+0000] {dagbag.py:539} INFO - Filling up the DagBag from /home/airflow/.local/lib/python3.8/site-packages/airflow/example_dags/example_latest_only_with_trigger.py
[2023-10-10T09:09:46.310+0000] {processor.py:839} INFO - DAG(s) dict_keys(['latest_only_with_trigger']) retrieved from /home/airflow/.local/lib/python3.8/site-packages/airflow/example_dags/example_latest_only_with_trigger.py
[2023-10-10T09:09:46.327+0000] {logging_mixin.py:151} INFO - [2023-10-10T09:09:46.327+0000] {dag.py:2915} INFO - Sync 1 DAGs
[2023-10-10T09:09:46.347+0000] {logging_mixin.py:151} INFO - [2023-10-10T09:09:46.347+0000] {dag.py:3696} INFO - Setting next_dagrun for latest_only_with_trigger to 2023-10-10T05:09:46.347033+00:00, run_after=2023-10-10T09:09:46.347033+00:00
[2023-10-10T09:09:46.358+0000] {processor.py:179} INFO - Processing /home/airflow/.local/lib/python3.8/site-packages/airflow/example_dags/example_latest_only_with_trigger.py took 0.057 seconds
[2023-10-10T09:10:16.915+0000] {processor.py:157} INFO - Started process (PID=2481) to work on /home/airflow/.local/lib/python3.8/site-packages/airflow/example_dags/example_latest_only_with_trigger.py
[2023-10-10T09:10:16.926+0000] {processor.py:829} INFO - Processing file /home/airflow/.local/lib/python3.8/site-packages/airflow/example_dags/example_latest_only_with_trigger.py for tasks to queue
[2023-10-10T09:10:16.961+0000] {logging_mixin.py:151} INFO - [2023-10-10T09:10:16.961+0000] {dagbag.py:539} INFO - Filling up the DagBag from /home/airflow/.local/lib/python3.8/site-packages/airflow/example_dags/example_latest_only_with_trigger.py
[2023-10-10T09:10:16.966+0000] {processor.py:839} INFO - DAG(s) dict_keys(['latest_only_with_trigger']) retrieved from /home/airflow/.local/lib/python3.8/site-packages/airflow/example_dags/example_latest_only_with_trigger.py
[2023-10-10T09:10:17.030+0000] {logging_mixin.py:151} INFO - [2023-10-10T09:10:17.030+0000] {dag.py:2915} INFO - Sync 1 DAGs
[2023-10-10T09:10:17.046+0000] {logging_mixin.py:151} INFO - [2023-10-10T09:10:17.046+0000] {dag.py:3696} INFO - Setting next_dagrun for latest_only_with_trigger to 2023-10-10T05:10:17.046602+00:00, run_after=2023-10-10T09:10:17.046602+00:00
[2023-10-10T09:10:17.057+0000] {processor.py:179} INFO - Processing /home/airflow/.local/lib/python3.8/site-packages/airflow/example_dags/example_latest_only_with_trigger.py took 0.145 seconds
[2023-10-10T09:10:47.527+0000] {processor.py:157} INFO - Started process (PID=2542) to work on /home/airflow/.local/lib/python3.8/site-packages/airflow/example_dags/example_latest_only_with_trigger.py
[2023-10-10T09:10:47.528+0000] {processor.py:829} INFO - Processing file /home/airflow/.local/lib/python3.8/site-packages/airflow/example_dags/example_latest_only_with_trigger.py for tasks to queue
[2023-10-10T09:10:47.530+0000] {logging_mixin.py:151} INFO - [2023-10-10T09:10:47.530+0000] {dagbag.py:539} INFO - Filling up the DagBag from /home/airflow/.local/lib/python3.8/site-packages/airflow/example_dags/example_latest_only_with_trigger.py
[2023-10-10T09:10:47.533+0000] {processor.py:839} INFO - DAG(s) dict_keys(['latest_only_with_trigger']) retrieved from /home/airflow/.local/lib/python3.8/site-packages/airflow/example_dags/example_latest_only_with_trigger.py
[2023-10-10T09:10:47.572+0000] {logging_mixin.py:151} INFO - [2023-10-10T09:10:47.572+0000] {dag.py:2915} INFO - Sync 1 DAGs
[2023-10-10T09:10:47.595+0000] {logging_mixin.py:151} INFO - [2023-10-10T09:10:47.595+0000] {dag.py:3696} INFO - Setting next_dagrun for latest_only_with_trigger to 2023-10-10T05:10:47.595478+00:00, run_after=2023-10-10T09:10:47.595478+00:00
[2023-10-10T09:10:47.610+0000] {processor.py:179} INFO - Processing /home/airflow/.local/lib/python3.8/site-packages/airflow/example_dags/example_latest_only_with_trigger.py took 0.086 seconds
[2023-10-10T09:11:18.296+0000] {processor.py:157} INFO - Started process (PID=2602) to work on /home/airflow/.local/lib/python3.8/site-packages/airflow/example_dags/example_latest_only_with_trigger.py
[2023-10-10T09:11:18.298+0000] {processor.py:829} INFO - Processing file /home/airflow/.local/lib/python3.8/site-packages/airflow/example_dags/example_latest_only_with_trigger.py for tasks to queue
[2023-10-10T09:11:18.299+0000] {logging_mixin.py:151} INFO - [2023-10-10T09:11:18.299+0000] {dagbag.py:539} INFO - Filling up the DagBag from /home/airflow/.local/lib/python3.8/site-packages/airflow/example_dags/example_latest_only_with_trigger.py
[2023-10-10T09:11:18.303+0000] {processor.py:839} INFO - DAG(s) dict_keys(['latest_only_with_trigger']) retrieved from /home/airflow/.local/lib/python3.8/site-packages/airflow/example_dags/example_latest_only_with_trigger.py
[2023-10-10T09:11:18.320+0000] {logging_mixin.py:151} INFO - [2023-10-10T09:11:18.320+0000] {dag.py:2915} INFO - Sync 1 DAGs
[2023-10-10T09:11:18.338+0000] {logging_mixin.py:151} INFO - [2023-10-10T09:11:18.337+0000] {dag.py:3696} INFO - Setting next_dagrun for latest_only_with_trigger to 2023-10-10T05:11:18.337764+00:00, run_after=2023-10-10T09:11:18.337764+00:00
[2023-10-10T09:11:18.350+0000] {processor.py:179} INFO - Processing /home/airflow/.local/lib/python3.8/site-packages/airflow/example_dags/example_latest_only_with_trigger.py took 0.056 seconds
[2023-10-10T09:11:48.639+0000] {processor.py:157} INFO - Started process (PID=2663) to work on /home/airflow/.local/lib/python3.8/site-packages/airflow/example_dags/example_latest_only_with_trigger.py
[2023-10-10T09:11:48.640+0000] {processor.py:829} INFO - Processing file /home/airflow/.local/lib/python3.8/site-packages/airflow/example_dags/example_latest_only_with_trigger.py for tasks to queue
[2023-10-10T09:11:48.641+0000] {logging_mixin.py:151} INFO - [2023-10-10T09:11:48.641+0000] {dagbag.py:539} INFO - Filling up the DagBag from /home/airflow/.local/lib/python3.8/site-packages/airflow/example_dags/example_latest_only_with_trigger.py
[2023-10-10T09:11:48.646+0000] {processor.py:839} INFO - DAG(s) dict_keys(['latest_only_with_trigger']) retrieved from /home/airflow/.local/lib/python3.8/site-packages/airflow/example_dags/example_latest_only_with_trigger.py
[2023-10-10T09:11:48.665+0000] {logging_mixin.py:151} INFO - [2023-10-10T09:11:48.665+0000] {dag.py:2915} INFO - Sync 1 DAGs
[2023-10-10T09:11:48.680+0000] {logging_mixin.py:151} INFO - [2023-10-10T09:11:48.680+0000] {dag.py:3696} INFO - Setting next_dagrun for latest_only_with_trigger to 2023-10-10T05:11:48.679873+00:00, run_after=2023-10-10T09:11:48.679873+00:00
[2023-10-10T09:11:48.690+0000] {processor.py:179} INFO - Processing /home/airflow/.local/lib/python3.8/site-packages/airflow/example_dags/example_latest_only_with_trigger.py took 0.054 seconds
[2023-10-10T09:12:19.872+0000] {processor.py:157} INFO - Started process (PID=2724) to work on /home/airflow/.local/lib/python3.8/site-packages/airflow/example_dags/example_latest_only_with_trigger.py
[2023-10-10T09:12:19.875+0000] {processor.py:829} INFO - Processing file /home/airflow/.local/lib/python3.8/site-packages/airflow/example_dags/example_latest_only_with_trigger.py for tasks to queue
[2023-10-10T09:12:19.879+0000] {logging_mixin.py:151} INFO - [2023-10-10T09:12:19.879+0000] {dagbag.py:539} INFO - Filling up the DagBag from /home/airflow/.local/lib/python3.8/site-packages/airflow/example_dags/example_latest_only_with_trigger.py
[2023-10-10T09:12:19.886+0000] {processor.py:839} INFO - DAG(s) dict_keys(['latest_only_with_trigger']) retrieved from /home/airflow/.local/lib/python3.8/site-packages/airflow/example_dags/example_latest_only_with_trigger.py
[2023-10-10T09:12:19.934+0000] {logging_mixin.py:151} INFO - [2023-10-10T09:12:19.934+0000] {dag.py:2915} INFO - Sync 1 DAGs
[2023-10-10T09:12:19.965+0000] {logging_mixin.py:151} INFO - [2023-10-10T09:12:19.965+0000] {dag.py:3696} INFO - Setting next_dagrun for latest_only_with_trigger to 2023-10-10T05:12:19.964976+00:00, run_after=2023-10-10T09:12:19.964976+00:00
[2023-10-10T09:12:19.980+0000] {processor.py:179} INFO - Processing /home/airflow/.local/lib/python3.8/site-packages/airflow/example_dags/example_latest_only_with_trigger.py took 0.116 seconds
[2023-10-10T09:12:50.957+0000] {processor.py:157} INFO - Started process (PID=2785) to work on /home/airflow/.local/lib/python3.8/site-packages/airflow/example_dags/example_latest_only_with_trigger.py
[2023-10-10T09:12:50.960+0000] {processor.py:829} INFO - Processing file /home/airflow/.local/lib/python3.8/site-packages/airflow/example_dags/example_latest_only_with_trigger.py for tasks to queue
[2023-10-10T09:12:50.963+0000] {logging_mixin.py:151} INFO - [2023-10-10T09:12:50.963+0000] {dagbag.py:539} INFO - Filling up the DagBag from /home/airflow/.local/lib/python3.8/site-packages/airflow/example_dags/example_latest_only_with_trigger.py
[2023-10-10T09:12:50.970+0000] {processor.py:839} INFO - DAG(s) dict_keys(['latest_only_with_trigger']) retrieved from /home/airflow/.local/lib/python3.8/site-packages/airflow/example_dags/example_latest_only_with_trigger.py
[2023-10-10T09:12:50.995+0000] {logging_mixin.py:151} INFO - [2023-10-10T09:12:50.995+0000] {dag.py:2915} INFO - Sync 1 DAGs
[2023-10-10T09:12:51.013+0000] {logging_mixin.py:151} INFO - [2023-10-10T09:12:51.012+0000] {dag.py:3696} INFO - Setting next_dagrun for latest_only_with_trigger to 2023-10-10T05:12:51.012241+00:00, run_after=2023-10-10T09:12:51.012241+00:00
[2023-10-10T09:12:51.027+0000] {processor.py:179} INFO - Processing /home/airflow/.local/lib/python3.8/site-packages/airflow/example_dags/example_latest_only_with_trigger.py took 0.078 seconds
[2023-10-10T09:13:21.909+0000] {processor.py:157} INFO - Started process (PID=2846) to work on /home/airflow/.local/lib/python3.8/site-packages/airflow/example_dags/example_latest_only_with_trigger.py
[2023-10-10T09:13:21.920+0000] {processor.py:829} INFO - Processing file /home/airflow/.local/lib/python3.8/site-packages/airflow/example_dags/example_latest_only_with_trigger.py for tasks to queue
[2023-10-10T09:13:21.926+0000] {logging_mixin.py:151} INFO - [2023-10-10T09:13:21.925+0000] {dagbag.py:539} INFO - Filling up the DagBag from /home/airflow/.local/lib/python3.8/site-packages/airflow/example_dags/example_latest_only_with_trigger.py
[2023-10-10T09:13:21.953+0000] {processor.py:839} INFO - DAG(s) dict_keys(['latest_only_with_trigger']) retrieved from /home/airflow/.local/lib/python3.8/site-packages/airflow/example_dags/example_latest_only_with_trigger.py
[2023-10-10T09:13:21.991+0000] {logging_mixin.py:151} INFO - [2023-10-10T09:13:21.991+0000] {dag.py:2915} INFO - Sync 1 DAGs
[2023-10-10T09:13:22.018+0000] {logging_mixin.py:151} INFO - [2023-10-10T09:13:22.018+0000] {dag.py:3696} INFO - Setting next_dagrun for latest_only_with_trigger to 2023-10-10T05:13:22.017683+00:00, run_after=2023-10-10T09:13:22.017683+00:00
[2023-10-10T09:13:22.032+0000] {processor.py:179} INFO - Processing /home/airflow/.local/lib/python3.8/site-packages/airflow/example_dags/example_latest_only_with_trigger.py took 0.146 seconds
[2023-10-10T09:13:52.412+0000] {processor.py:157} INFO - Started process (PID=2907) to work on /home/airflow/.local/lib/python3.8/site-packages/airflow/example_dags/example_latest_only_with_trigger.py
[2023-10-10T09:13:52.416+0000] {processor.py:829} INFO - Processing file /home/airflow/.local/lib/python3.8/site-packages/airflow/example_dags/example_latest_only_with_trigger.py for tasks to queue
[2023-10-10T09:13:52.421+0000] {logging_mixin.py:151} INFO - [2023-10-10T09:13:52.420+0000] {dagbag.py:539} INFO - Filling up the DagBag from /home/airflow/.local/lib/python3.8/site-packages/airflow/example_dags/example_latest_only_with_trigger.py
[2023-10-10T09:13:52.432+0000] {processor.py:839} INFO - DAG(s) dict_keys(['latest_only_with_trigger']) retrieved from /home/airflow/.local/lib/python3.8/site-packages/airflow/example_dags/example_latest_only_with_trigger.py
[2023-10-10T09:13:52.462+0000] {logging_mixin.py:151} INFO - [2023-10-10T09:13:52.461+0000] {dag.py:2915} INFO - Sync 1 DAGs
[2023-10-10T09:13:52.480+0000] {logging_mixin.py:151} INFO - [2023-10-10T09:13:52.480+0000] {dag.py:3696} INFO - Setting next_dagrun for latest_only_with_trigger to 2023-10-10T05:13:52.480293+00:00, run_after=2023-10-10T09:13:52.480293+00:00
[2023-10-10T09:13:52.491+0000] {processor.py:179} INFO - Processing /home/airflow/.local/lib/python3.8/site-packages/airflow/example_dags/example_latest_only_with_trigger.py took 0.089 seconds
[2023-10-10T09:14:23.222+0000] {processor.py:157} INFO - Started process (PID=2968) to work on /home/airflow/.local/lib/python3.8/site-packages/airflow/example_dags/example_latest_only_with_trigger.py
[2023-10-10T09:14:23.225+0000] {processor.py:829} INFO - Processing file /home/airflow/.local/lib/python3.8/site-packages/airflow/example_dags/example_latest_only_with_trigger.py for tasks to queue
[2023-10-10T09:14:23.228+0000] {logging_mixin.py:151} INFO - [2023-10-10T09:14:23.228+0000] {dagbag.py:539} INFO - Filling up the DagBag from /home/airflow/.local/lib/python3.8/site-packages/airflow/example_dags/example_latest_only_with_trigger.py
[2023-10-10T09:14:23.247+0000] {processor.py:839} INFO - DAG(s) dict_keys(['latest_only_with_trigger']) retrieved from /home/airflow/.local/lib/python3.8/site-packages/airflow/example_dags/example_latest_only_with_trigger.py
[2023-10-10T09:14:23.275+0000] {logging_mixin.py:151} INFO - [2023-10-10T09:14:23.275+0000] {dag.py:2915} INFO - Sync 1 DAGs
[2023-10-10T09:14:23.294+0000] {logging_mixin.py:151} INFO - [2023-10-10T09:14:23.294+0000] {dag.py:3696} INFO - Setting next_dagrun for latest_only_with_trigger to 2023-10-10T05:14:23.293891+00:00, run_after=2023-10-10T09:14:23.293891+00:00
[2023-10-10T09:14:23.307+0000] {processor.py:179} INFO - Processing /home/airflow/.local/lib/python3.8/site-packages/airflow/example_dags/example_latest_only_with_trigger.py took 0.091 seconds
[2023-10-10T09:14:53.662+0000] {processor.py:157} INFO - Started process (PID=3029) to work on /home/airflow/.local/lib/python3.8/site-packages/airflow/example_dags/example_latest_only_with_trigger.py
[2023-10-10T09:14:53.663+0000] {processor.py:829} INFO - Processing file /home/airflow/.local/lib/python3.8/site-packages/airflow/example_dags/example_latest_only_with_trigger.py for tasks to queue
[2023-10-10T09:14:53.666+0000] {logging_mixin.py:151} INFO - [2023-10-10T09:14:53.665+0000] {dagbag.py:539} INFO - Filling up the DagBag from /home/airflow/.local/lib/python3.8/site-packages/airflow/example_dags/example_latest_only_with_trigger.py
[2023-10-10T09:14:53.672+0000] {processor.py:839} INFO - DAG(s) dict_keys(['latest_only_with_trigger']) retrieved from /home/airflow/.local/lib/python3.8/site-packages/airflow/example_dags/example_latest_only_with_trigger.py
[2023-10-10T09:14:53.693+0000] {logging_mixin.py:151} INFO - [2023-10-10T09:14:53.693+0000] {dag.py:2915} INFO - Sync 1 DAGs
[2023-10-10T09:14:53.709+0000] {logging_mixin.py:151} INFO - [2023-10-10T09:14:53.709+0000] {dag.py:3696} INFO - Setting next_dagrun for latest_only_with_trigger to 2023-10-10T05:14:53.709095+00:00, run_after=2023-10-10T09:14:53.709095+00:00
[2023-10-10T09:14:53.719+0000] {processor.py:179} INFO - Processing /home/airflow/.local/lib/python3.8/site-packages/airflow/example_dags/example_latest_only_with_trigger.py took 0.062 seconds
[2023-10-10T09:15:23.985+0000] {processor.py:157} INFO - Started process (PID=3090) to work on /home/airflow/.local/lib/python3.8/site-packages/airflow/example_dags/example_latest_only_with_trigger.py
[2023-10-10T09:15:23.986+0000] {processor.py:829} INFO - Processing file /home/airflow/.local/lib/python3.8/site-packages/airflow/example_dags/example_latest_only_with_trigger.py for tasks to queue
[2023-10-10T09:15:23.989+0000] {logging_mixin.py:151} INFO - [2023-10-10T09:15:23.988+0000] {dagbag.py:539} INFO - Filling up the DagBag from /home/airflow/.local/lib/python3.8/site-packages/airflow/example_dags/example_latest_only_with_trigger.py
[2023-10-10T09:15:23.999+0000] {processor.py:839} INFO - DAG(s) dict_keys(['latest_only_with_trigger']) retrieved from /home/airflow/.local/lib/python3.8/site-packages/airflow/example_dags/example_latest_only_with_trigger.py
[2023-10-10T09:15:24.022+0000] {logging_mixin.py:151} INFO - [2023-10-10T09:15:24.022+0000] {dag.py:2915} INFO - Sync 1 DAGs
[2023-10-10T09:15:24.037+0000] {logging_mixin.py:151} INFO - [2023-10-10T09:15:24.037+0000] {dag.py:3696} INFO - Setting next_dagrun for latest_only_with_trigger to 2023-10-10T05:15:24.037314+00:00, run_after=2023-10-10T09:15:24.037314+00:00
[2023-10-10T09:15:24.049+0000] {processor.py:179} INFO - Processing /home/airflow/.local/lib/python3.8/site-packages/airflow/example_dags/example_latest_only_with_trigger.py took 0.069 seconds
[2023-10-10T09:15:54.425+0000] {processor.py:157} INFO - Started process (PID=3151) to work on /home/airflow/.local/lib/python3.8/site-packages/airflow/example_dags/example_latest_only_with_trigger.py
[2023-10-10T09:15:54.427+0000] {processor.py:829} INFO - Processing file /home/airflow/.local/lib/python3.8/site-packages/airflow/example_dags/example_latest_only_with_trigger.py for tasks to queue
[2023-10-10T09:15:54.430+0000] {logging_mixin.py:151} INFO - [2023-10-10T09:15:54.430+0000] {dagbag.py:539} INFO - Filling up the DagBag from /home/airflow/.local/lib/python3.8/site-packages/airflow/example_dags/example_latest_only_with_trigger.py
[2023-10-10T09:15:54.438+0000] {processor.py:839} INFO - DAG(s) dict_keys(['latest_only_with_trigger']) retrieved from /home/airflow/.local/lib/python3.8/site-packages/airflow/example_dags/example_latest_only_with_trigger.py
[2023-10-10T09:15:54.464+0000] {logging_mixin.py:151} INFO - [2023-10-10T09:15:54.464+0000] {dag.py:2915} INFO - Sync 1 DAGs
[2023-10-10T09:15:54.480+0000] {logging_mixin.py:151} INFO - [2023-10-10T09:15:54.480+0000] {dag.py:3696} INFO - Setting next_dagrun for latest_only_with_trigger to 2023-10-10T05:15:54.480207+00:00, run_after=2023-10-10T09:15:54.480207+00:00
[2023-10-10T09:15:54.490+0000] {processor.py:179} INFO - Processing /home/airflow/.local/lib/python3.8/site-packages/airflow/example_dags/example_latest_only_with_trigger.py took 0.071 seconds
[2023-10-10T09:16:25.225+0000] {processor.py:157} INFO - Started process (PID=3212) to work on /home/airflow/.local/lib/python3.8/site-packages/airflow/example_dags/example_latest_only_with_trigger.py
[2023-10-10T09:16:25.227+0000] {processor.py:829} INFO - Processing file /home/airflow/.local/lib/python3.8/site-packages/airflow/example_dags/example_latest_only_with_trigger.py for tasks to queue
[2023-10-10T09:16:25.232+0000] {logging_mixin.py:151} INFO - [2023-10-10T09:16:25.231+0000] {dagbag.py:539} INFO - Filling up the DagBag from /home/airflow/.local/lib/python3.8/site-packages/airflow/example_dags/example_latest_only_with_trigger.py
[2023-10-10T09:16:25.240+0000] {processor.py:839} INFO - DAG(s) dict_keys(['latest_only_with_trigger']) retrieved from /home/airflow/.local/lib/python3.8/site-packages/airflow/example_dags/example_latest_only_with_trigger.py
[2023-10-10T09:16:25.268+0000] {logging_mixin.py:151} INFO - [2023-10-10T09:16:25.268+0000] {dag.py:2915} INFO - Sync 1 DAGs
[2023-10-10T09:16:25.298+0000] {logging_mixin.py:151} INFO - [2023-10-10T09:16:25.298+0000] {dag.py:3696} INFO - Setting next_dagrun for latest_only_with_trigger to 2023-10-10T05:16:25.297741+00:00, run_after=2023-10-10T09:16:25.297741+00:00
[2023-10-10T09:16:25.311+0000] {processor.py:179} INFO - Processing /home/airflow/.local/lib/python3.8/site-packages/airflow/example_dags/example_latest_only_with_trigger.py took 0.094 seconds
[2023-10-10T09:16:55.716+0000] {processor.py:157} INFO - Started process (PID=3273) to work on /home/airflow/.local/lib/python3.8/site-packages/airflow/example_dags/example_latest_only_with_trigger.py
[2023-10-10T09:16:55.718+0000] {processor.py:829} INFO - Processing file /home/airflow/.local/lib/python3.8/site-packages/airflow/example_dags/example_latest_only_with_trigger.py for tasks to queue
[2023-10-10T09:16:55.720+0000] {logging_mixin.py:151} INFO - [2023-10-10T09:16:55.720+0000] {dagbag.py:539} INFO - Filling up the DagBag from /home/airflow/.local/lib/python3.8/site-packages/airflow/example_dags/example_latest_only_with_trigger.py
[2023-10-10T09:16:55.727+0000] {processor.py:839} INFO - DAG(s) dict_keys(['latest_only_with_trigger']) retrieved from /home/airflow/.local/lib/python3.8/site-packages/airflow/example_dags/example_latest_only_with_trigger.py
[2023-10-10T09:16:55.768+0000] {logging_mixin.py:151} INFO - [2023-10-10T09:16:55.768+0000] {dag.py:2915} INFO - Sync 1 DAGs
[2023-10-10T09:16:55.792+0000] {logging_mixin.py:151} INFO - [2023-10-10T09:16:55.792+0000] {dag.py:3696} INFO - Setting next_dagrun for latest_only_with_trigger to 2023-10-10T05:16:55.791774+00:00, run_after=2023-10-10T09:16:55.791774+00:00
[2023-10-10T09:16:55.805+0000] {processor.py:179} INFO - Processing /home/airflow/.local/lib/python3.8/site-packages/airflow/example_dags/example_latest_only_with_trigger.py took 0.094 seconds
[2023-10-10T09:17:26.668+0000] {processor.py:157} INFO - Started process (PID=3333) to work on /home/airflow/.local/lib/python3.8/site-packages/airflow/example_dags/example_latest_only_with_trigger.py
[2023-10-10T09:17:26.670+0000] {processor.py:829} INFO - Processing file /home/airflow/.local/lib/python3.8/site-packages/airflow/example_dags/example_latest_only_with_trigger.py for tasks to queue
[2023-10-10T09:17:26.673+0000] {logging_mixin.py:151} INFO - [2023-10-10T09:17:26.673+0000] {dagbag.py:539} INFO - Filling up the DagBag from /home/airflow/.local/lib/python3.8/site-packages/airflow/example_dags/example_latest_only_with_trigger.py
[2023-10-10T09:17:26.678+0000] {processor.py:839} INFO - DAG(s) dict_keys(['latest_only_with_trigger']) retrieved from /home/airflow/.local/lib/python3.8/site-packages/airflow/example_dags/example_latest_only_with_trigger.py
[2023-10-10T09:17:26.700+0000] {logging_mixin.py:151} INFO - [2023-10-10T09:17:26.700+0000] {dag.py:2915} INFO - Sync 1 DAGs
[2023-10-10T09:17:26.718+0000] {logging_mixin.py:151} INFO - [2023-10-10T09:17:26.718+0000] {dag.py:3696} INFO - Setting next_dagrun for latest_only_with_trigger to 2023-10-10T05:17:26.718340+00:00, run_after=2023-10-10T09:17:26.718340+00:00
[2023-10-10T09:17:26.730+0000] {processor.py:179} INFO - Processing /home/airflow/.local/lib/python3.8/site-packages/airflow/example_dags/example_latest_only_with_trigger.py took 0.066 seconds
[2023-10-10T09:17:57.053+0000] {processor.py:157} INFO - Started process (PID=3394) to work on /home/airflow/.local/lib/python3.8/site-packages/airflow/example_dags/example_latest_only_with_trigger.py
[2023-10-10T09:17:57.056+0000] {processor.py:829} INFO - Processing file /home/airflow/.local/lib/python3.8/site-packages/airflow/example_dags/example_latest_only_with_trigger.py for tasks to queue
[2023-10-10T09:17:57.062+0000] {logging_mixin.py:151} INFO - [2023-10-10T09:17:57.061+0000] {dagbag.py:539} INFO - Filling up the DagBag from /home/airflow/.local/lib/python3.8/site-packages/airflow/example_dags/example_latest_only_with_trigger.py
[2023-10-10T09:17:57.073+0000] {processor.py:839} INFO - DAG(s) dict_keys(['latest_only_with_trigger']) retrieved from /home/airflow/.local/lib/python3.8/site-packages/airflow/example_dags/example_latest_only_with_trigger.py
[2023-10-10T09:17:57.112+0000] {logging_mixin.py:151} INFO - [2023-10-10T09:17:57.112+0000] {dag.py:2915} INFO - Sync 1 DAGs
[2023-10-10T09:17:57.201+0000] {logging_mixin.py:151} INFO - [2023-10-10T09:17:57.201+0000] {dag.py:3696} INFO - Setting next_dagrun for latest_only_with_trigger to 2023-10-10T05:17:57.200435+00:00, run_after=2023-10-10T09:17:57.200435+00:00
[2023-10-10T09:17:57.216+0000] {processor.py:179} INFO - Processing /home/airflow/.local/lib/python3.8/site-packages/airflow/example_dags/example_latest_only_with_trigger.py took 0.182 seconds
[2023-10-10T09:18:27.330+0000] {processor.py:157} INFO - Started process (PID=3455) to work on /home/airflow/.local/lib/python3.8/site-packages/airflow/example_dags/example_latest_only_with_trigger.py
[2023-10-10T09:18:27.334+0000] {processor.py:829} INFO - Processing file /home/airflow/.local/lib/python3.8/site-packages/airflow/example_dags/example_latest_only_with_trigger.py for tasks to queue
[2023-10-10T09:18:27.339+0000] {logging_mixin.py:151} INFO - [2023-10-10T09:18:27.338+0000] {dagbag.py:539} INFO - Filling up the DagBag from /home/airflow/.local/lib/python3.8/site-packages/airflow/example_dags/example_latest_only_with_trigger.py
[2023-10-10T09:18:27.347+0000] {processor.py:839} INFO - DAG(s) dict_keys(['latest_only_with_trigger']) retrieved from /home/airflow/.local/lib/python3.8/site-packages/airflow/example_dags/example_latest_only_with_trigger.py
[2023-10-10T09:18:27.375+0000] {logging_mixin.py:151} INFO - [2023-10-10T09:18:27.374+0000] {dag.py:2915} INFO - Sync 1 DAGs
[2023-10-10T09:18:27.393+0000] {logging_mixin.py:151} INFO - [2023-10-10T09:18:27.393+0000] {dag.py:3696} INFO - Setting next_dagrun for latest_only_with_trigger to 2023-10-10T05:18:27.393364+00:00, run_after=2023-10-10T09:18:27.393364+00:00
[2023-10-10T09:18:27.405+0000] {processor.py:179} INFO - Processing /home/airflow/.local/lib/python3.8/site-packages/airflow/example_dags/example_latest_only_with_trigger.py took 0.083 seconds
[2023-10-10T09:18:57.512+0000] {processor.py:157} INFO - Started process (PID=3516) to work on /home/airflow/.local/lib/python3.8/site-packages/airflow/example_dags/example_latest_only_with_trigger.py
[2023-10-10T09:18:57.514+0000] {processor.py:829} INFO - Processing file /home/airflow/.local/lib/python3.8/site-packages/airflow/example_dags/example_latest_only_with_trigger.py for tasks to queue
[2023-10-10T09:18:57.518+0000] {logging_mixin.py:151} INFO - [2023-10-10T09:18:57.518+0000] {dagbag.py:539} INFO - Filling up the DagBag from /home/airflow/.local/lib/python3.8/site-packages/airflow/example_dags/example_latest_only_with_trigger.py
[2023-10-10T09:18:57.528+0000] {processor.py:839} INFO - DAG(s) dict_keys(['latest_only_with_trigger']) retrieved from /home/airflow/.local/lib/python3.8/site-packages/airflow/example_dags/example_latest_only_with_trigger.py
[2023-10-10T09:18:57.557+0000] {logging_mixin.py:151} INFO - [2023-10-10T09:18:57.557+0000] {dag.py:2915} INFO - Sync 1 DAGs
[2023-10-10T09:18:57.573+0000] {logging_mixin.py:151} INFO - [2023-10-10T09:18:57.573+0000] {dag.py:3696} INFO - Setting next_dagrun for latest_only_with_trigger to 2023-10-10T05:18:57.572970+00:00, run_after=2023-10-10T09:18:57.572970+00:00
[2023-10-10T09:18:57.588+0000] {processor.py:179} INFO - Processing /home/airflow/.local/lib/python3.8/site-packages/airflow/example_dags/example_latest_only_with_trigger.py took 0.089 seconds
[2023-10-10T09:19:27.815+0000] {processor.py:157} INFO - Started process (PID=3577) to work on /home/airflow/.local/lib/python3.8/site-packages/airflow/example_dags/example_latest_only_with_trigger.py
[2023-10-10T09:19:27.817+0000] {processor.py:829} INFO - Processing file /home/airflow/.local/lib/python3.8/site-packages/airflow/example_dags/example_latest_only_with_trigger.py for tasks to queue
[2023-10-10T09:19:27.819+0000] {logging_mixin.py:151} INFO - [2023-10-10T09:19:27.819+0000] {dagbag.py:539} INFO - Filling up the DagBag from /home/airflow/.local/lib/python3.8/site-packages/airflow/example_dags/example_latest_only_with_trigger.py
[2023-10-10T09:19:27.826+0000] {processor.py:839} INFO - DAG(s) dict_keys(['latest_only_with_trigger']) retrieved from /home/airflow/.local/lib/python3.8/site-packages/airflow/example_dags/example_latest_only_with_trigger.py
[2023-10-10T09:19:27.849+0000] {logging_mixin.py:151} INFO - [2023-10-10T09:19:27.849+0000] {dag.py:2915} INFO - Sync 1 DAGs
[2023-10-10T09:19:27.865+0000] {logging_mixin.py:151} INFO - [2023-10-10T09:19:27.865+0000] {dag.py:3696} INFO - Setting next_dagrun for latest_only_with_trigger to 2023-10-10T05:19:27.864865+00:00, run_after=2023-10-10T09:19:27.864865+00:00
[2023-10-10T09:19:27.876+0000] {processor.py:179} INFO - Processing /home/airflow/.local/lib/python3.8/site-packages/airflow/example_dags/example_latest_only_with_trigger.py took 0.064 seconds
[2023-10-10T09:19:58.250+0000] {processor.py:157} INFO - Started process (PID=3638) to work on /home/airflow/.local/lib/python3.8/site-packages/airflow/example_dags/example_latest_only_with_trigger.py
[2023-10-10T09:19:58.252+0000] {processor.py:829} INFO - Processing file /home/airflow/.local/lib/python3.8/site-packages/airflow/example_dags/example_latest_only_with_trigger.py for tasks to queue
[2023-10-10T09:19:58.256+0000] {logging_mixin.py:151} INFO - [2023-10-10T09:19:58.256+0000] {dagbag.py:539} INFO - Filling up the DagBag from /home/airflow/.local/lib/python3.8/site-packages/airflow/example_dags/example_latest_only_with_trigger.py
[2023-10-10T09:19:58.264+0000] {processor.py:839} INFO - DAG(s) dict_keys(['latest_only_with_trigger']) retrieved from /home/airflow/.local/lib/python3.8/site-packages/airflow/example_dags/example_latest_only_with_trigger.py
[2023-10-10T09:19:58.304+0000] {logging_mixin.py:151} INFO - [2023-10-10T09:19:58.304+0000] {dag.py:2915} INFO - Sync 1 DAGs
[2023-10-10T09:19:58.324+0000] {logging_mixin.py:151} INFO - [2023-10-10T09:19:58.324+0000] {dag.py:3696} INFO - Setting next_dagrun for latest_only_with_trigger to 2023-10-10T05:19:58.324020+00:00, run_after=2023-10-10T09:19:58.324020+00:00
[2023-10-10T09:19:58.336+0000] {processor.py:179} INFO - Processing /home/airflow/.local/lib/python3.8/site-packages/airflow/example_dags/example_latest_only_with_trigger.py took 0.095 seconds
