[2023-10-10T08:49:56.075+0000] {processor.py:157} INFO - Started process (PID=65) to work on /home/airflow/.local/lib/python3.8/site-packages/airflow/example_dags/example_external_task_marker_dag.py
[2023-10-10T08:49:56.080+0000] {processor.py:829} INFO - Processing file /home/airflow/.local/lib/python3.8/site-packages/airflow/example_dags/example_external_task_marker_dag.py for tasks to queue
[2023-10-10T08:49:56.089+0000] {logging_mixin.py:151} INFO - [2023-10-10T08:49:56.088+0000] {dagbag.py:539} INFO - Filling up the DagBag from /home/airflow/.local/lib/python3.8/site-packages/airflow/example_dags/example_external_task_marker_dag.py
[2023-10-10T08:49:56.115+0000] {processor.py:839} INFO - DAG(s) dict_keys(['example_external_task_marker_child', 'example_external_task_marker_parent']) retrieved from /home/airflow/.local/lib/python3.8/site-packages/airflow/example_dags/example_external_task_marker_dag.py
[2023-10-10T08:49:56.247+0000] {logging_mixin.py:151} INFO - [2023-10-10T08:49:56.246+0000] {dag.py:2915} INFO - Sync 2 DAGs
[2023-10-10T08:49:56.756+0000] {logging_mixin.py:151} INFO - [2023-10-10T08:49:56.752+0000] {dag.py:3696} INFO - Setting next_dagrun for example_external_task_marker_child to None, run_after=None
[2023-10-10T08:49:56.867+0000] {logging_mixin.py:151} INFO - [2023-10-10T08:49:56.866+0000] {dag.py:3696} INFO - Setting next_dagrun for example_external_task_marker_parent to None, run_after=None
[2023-10-10T08:49:57.074+0000] {processor.py:179} INFO - Processing /home/airflow/.local/lib/python3.8/site-packages/airflow/example_dags/example_external_task_marker_dag.py took 1.019 seconds
[2023-10-10T08:50:27.391+0000] {processor.py:157} INFO - Started process (PID=125) to work on /home/airflow/.local/lib/python3.8/site-packages/airflow/example_dags/example_external_task_marker_dag.py
[2023-10-10T08:50:27.392+0000] {processor.py:829} INFO - Processing file /home/airflow/.local/lib/python3.8/site-packages/airflow/example_dags/example_external_task_marker_dag.py for tasks to queue
[2023-10-10T08:50:27.395+0000] {logging_mixin.py:151} INFO - [2023-10-10T08:50:27.395+0000] {dagbag.py:539} INFO - Filling up the DagBag from /home/airflow/.local/lib/python3.8/site-packages/airflow/example_dags/example_external_task_marker_dag.py
[2023-10-10T08:50:27.408+0000] {processor.py:839} INFO - DAG(s) dict_keys(['example_external_task_marker_child', 'example_external_task_marker_parent']) retrieved from /home/airflow/.local/lib/python3.8/site-packages/airflow/example_dags/example_external_task_marker_dag.py
[2023-10-10T08:50:27.452+0000] {logging_mixin.py:151} INFO - [2023-10-10T08:50:27.452+0000] {dag.py:2915} INFO - Sync 2 DAGs
[2023-10-10T08:50:27.474+0000] {logging_mixin.py:151} INFO - [2023-10-10T08:50:27.473+0000] {dag.py:3696} INFO - Setting next_dagrun for example_external_task_marker_child to None, run_after=None
[2023-10-10T08:50:27.478+0000] {logging_mixin.py:151} INFO - [2023-10-10T08:50:27.478+0000] {dag.py:3696} INFO - Setting next_dagrun for example_external_task_marker_parent to None, run_after=None
[2023-10-10T08:50:27.494+0000] {processor.py:179} INFO - Processing /home/airflow/.local/lib/python3.8/site-packages/airflow/example_dags/example_external_task_marker_dag.py took 0.108 seconds
[2023-10-10T08:50:57.839+0000] {processor.py:157} INFO - Started process (PID=180) to work on /home/airflow/.local/lib/python3.8/site-packages/airflow/example_dags/example_external_task_marker_dag.py
[2023-10-10T08:50:57.840+0000] {processor.py:829} INFO - Processing file /home/airflow/.local/lib/python3.8/site-packages/airflow/example_dags/example_external_task_marker_dag.py for tasks to queue
[2023-10-10T08:50:57.843+0000] {logging_mixin.py:151} INFO - [2023-10-10T08:50:57.843+0000] {dagbag.py:539} INFO - Filling up the DagBag from /home/airflow/.local/lib/python3.8/site-packages/airflow/example_dags/example_external_task_marker_dag.py
[2023-10-10T08:50:57.854+0000] {processor.py:839} INFO - DAG(s) dict_keys(['example_external_task_marker_child', 'example_external_task_marker_parent']) retrieved from /home/airflow/.local/lib/python3.8/site-packages/airflow/example_dags/example_external_task_marker_dag.py
[2023-10-10T08:50:57.884+0000] {logging_mixin.py:151} INFO - [2023-10-10T08:50:57.883+0000] {dag.py:2915} INFO - Sync 2 DAGs
[2023-10-10T08:50:57.893+0000] {logging_mixin.py:151} INFO - [2023-10-10T08:50:57.893+0000] {dag.py:3696} INFO - Setting next_dagrun for example_external_task_marker_child to None, run_after=None
[2023-10-10T08:50:57.895+0000] {logging_mixin.py:151} INFO - [2023-10-10T08:50:57.895+0000] {dag.py:3696} INFO - Setting next_dagrun for example_external_task_marker_parent to None, run_after=None
[2023-10-10T08:50:57.905+0000] {processor.py:179} INFO - Processing /home/airflow/.local/lib/python3.8/site-packages/airflow/example_dags/example_external_task_marker_dag.py took 0.070 seconds
[2023-10-10T08:51:28.017+0000] {processor.py:157} INFO - Started process (PID=240) to work on /home/airflow/.local/lib/python3.8/site-packages/airflow/example_dags/example_external_task_marker_dag.py
[2023-10-10T08:51:28.022+0000] {processor.py:829} INFO - Processing file /home/airflow/.local/lib/python3.8/site-packages/airflow/example_dags/example_external_task_marker_dag.py for tasks to queue
[2023-10-10T08:51:28.026+0000] {logging_mixin.py:151} INFO - [2023-10-10T08:51:28.025+0000] {dagbag.py:539} INFO - Filling up the DagBag from /home/airflow/.local/lib/python3.8/site-packages/airflow/example_dags/example_external_task_marker_dag.py
[2023-10-10T08:51:28.036+0000] {processor.py:839} INFO - DAG(s) dict_keys(['example_external_task_marker_parent', 'example_external_task_marker_child']) retrieved from /home/airflow/.local/lib/python3.8/site-packages/airflow/example_dags/example_external_task_marker_dag.py
[2023-10-10T08:51:28.079+0000] {logging_mixin.py:151} INFO - [2023-10-10T08:51:28.079+0000] {dag.py:2915} INFO - Sync 2 DAGs
[2023-10-10T08:51:28.094+0000] {logging_mixin.py:151} INFO - [2023-10-10T08:51:28.094+0000] {dag.py:3696} INFO - Setting next_dagrun for example_external_task_marker_child to None, run_after=None
[2023-10-10T08:51:28.098+0000] {logging_mixin.py:151} INFO - [2023-10-10T08:51:28.098+0000] {dag.py:3696} INFO - Setting next_dagrun for example_external_task_marker_parent to None, run_after=None
[2023-10-10T08:51:28.112+0000] {processor.py:179} INFO - Processing /home/airflow/.local/lib/python3.8/site-packages/airflow/example_dags/example_external_task_marker_dag.py took 0.111 seconds
[2023-10-10T08:51:59.152+0000] {processor.py:157} INFO - Started process (PID=301) to work on /home/airflow/.local/lib/python3.8/site-packages/airflow/example_dags/example_external_task_marker_dag.py
[2023-10-10T08:51:59.153+0000] {processor.py:829} INFO - Processing file /home/airflow/.local/lib/python3.8/site-packages/airflow/example_dags/example_external_task_marker_dag.py for tasks to queue
[2023-10-10T08:51:59.157+0000] {logging_mixin.py:151} INFO - [2023-10-10T08:51:59.157+0000] {dagbag.py:539} INFO - Filling up the DagBag from /home/airflow/.local/lib/python3.8/site-packages/airflow/example_dags/example_external_task_marker_dag.py
[2023-10-10T08:51:59.167+0000] {processor.py:839} INFO - DAG(s) dict_keys(['example_external_task_marker_parent', 'example_external_task_marker_child']) retrieved from /home/airflow/.local/lib/python3.8/site-packages/airflow/example_dags/example_external_task_marker_dag.py
[2023-10-10T08:51:59.223+0000] {logging_mixin.py:151} INFO - [2023-10-10T08:51:59.222+0000] {dag.py:2915} INFO - Sync 2 DAGs
[2023-10-10T08:51:59.243+0000] {logging_mixin.py:151} INFO - [2023-10-10T08:51:59.242+0000] {dag.py:3696} INFO - Setting next_dagrun for example_external_task_marker_child to None, run_after=None
[2023-10-10T08:51:59.246+0000] {logging_mixin.py:151} INFO - [2023-10-10T08:51:59.245+0000] {dag.py:3696} INFO - Setting next_dagrun for example_external_task_marker_parent to None, run_after=None
[2023-10-10T08:51:59.257+0000] {processor.py:179} INFO - Processing /home/airflow/.local/lib/python3.8/site-packages/airflow/example_dags/example_external_task_marker_dag.py took 0.112 seconds
[2023-10-10T08:52:29.362+0000] {processor.py:157} INFO - Started process (PID=362) to work on /home/airflow/.local/lib/python3.8/site-packages/airflow/example_dags/example_external_task_marker_dag.py
[2023-10-10T08:52:29.364+0000] {processor.py:829} INFO - Processing file /home/airflow/.local/lib/python3.8/site-packages/airflow/example_dags/example_external_task_marker_dag.py for tasks to queue
[2023-10-10T08:52:29.367+0000] {logging_mixin.py:151} INFO - [2023-10-10T08:52:29.367+0000] {dagbag.py:539} INFO - Filling up the DagBag from /home/airflow/.local/lib/python3.8/site-packages/airflow/example_dags/example_external_task_marker_dag.py
[2023-10-10T08:52:29.375+0000] {processor.py:839} INFO - DAG(s) dict_keys(['example_external_task_marker_parent', 'example_external_task_marker_child']) retrieved from /home/airflow/.local/lib/python3.8/site-packages/airflow/example_dags/example_external_task_marker_dag.py
[2023-10-10T08:52:29.398+0000] {logging_mixin.py:151} INFO - [2023-10-10T08:52:29.398+0000] {dag.py:2915} INFO - Sync 2 DAGs
[2023-10-10T08:52:29.408+0000] {logging_mixin.py:151} INFO - [2023-10-10T08:52:29.408+0000] {dag.py:3696} INFO - Setting next_dagrun for example_external_task_marker_child to None, run_after=None
[2023-10-10T08:52:29.410+0000] {logging_mixin.py:151} INFO - [2023-10-10T08:52:29.410+0000] {dag.py:3696} INFO - Setting next_dagrun for example_external_task_marker_parent to None, run_after=None
[2023-10-10T08:52:29.424+0000] {processor.py:179} INFO - Processing /home/airflow/.local/lib/python3.8/site-packages/airflow/example_dags/example_external_task_marker_dag.py took 0.066 seconds
[2023-10-10T08:52:59.764+0000] {processor.py:157} INFO - Started process (PID=423) to work on /home/airflow/.local/lib/python3.8/site-packages/airflow/example_dags/example_external_task_marker_dag.py
[2023-10-10T08:52:59.765+0000] {processor.py:829} INFO - Processing file /home/airflow/.local/lib/python3.8/site-packages/airflow/example_dags/example_external_task_marker_dag.py for tasks to queue
[2023-10-10T08:52:59.769+0000] {logging_mixin.py:151} INFO - [2023-10-10T08:52:59.767+0000] {dagbag.py:539} INFO - Filling up the DagBag from /home/airflow/.local/lib/python3.8/site-packages/airflow/example_dags/example_external_task_marker_dag.py
[2023-10-10T08:52:59.780+0000] {processor.py:839} INFO - DAG(s) dict_keys(['example_external_task_marker_child', 'example_external_task_marker_parent']) retrieved from /home/airflow/.local/lib/python3.8/site-packages/airflow/example_dags/example_external_task_marker_dag.py
[2023-10-10T08:52:59.802+0000] {logging_mixin.py:151} INFO - [2023-10-10T08:52:59.802+0000] {dag.py:2915} INFO - Sync 2 DAGs
[2023-10-10T08:52:59.811+0000] {logging_mixin.py:151} INFO - [2023-10-10T08:52:59.811+0000] {dag.py:3696} INFO - Setting next_dagrun for example_external_task_marker_child to None, run_after=None
[2023-10-10T08:52:59.813+0000] {logging_mixin.py:151} INFO - [2023-10-10T08:52:59.813+0000] {dag.py:3696} INFO - Setting next_dagrun for example_external_task_marker_parent to None, run_after=None
[2023-10-10T08:52:59.821+0000] {processor.py:179} INFO - Processing /home/airflow/.local/lib/python3.8/site-packages/airflow/example_dags/example_external_task_marker_dag.py took 0.063 seconds
[2023-10-10T08:53:30.222+0000] {processor.py:157} INFO - Started process (PID=484) to work on /home/airflow/.local/lib/python3.8/site-packages/airflow/example_dags/example_external_task_marker_dag.py
[2023-10-10T08:53:30.225+0000] {processor.py:829} INFO - Processing file /home/airflow/.local/lib/python3.8/site-packages/airflow/example_dags/example_external_task_marker_dag.py for tasks to queue
[2023-10-10T08:53:30.231+0000] {logging_mixin.py:151} INFO - [2023-10-10T08:53:30.230+0000] {dagbag.py:539} INFO - Filling up the DagBag from /home/airflow/.local/lib/python3.8/site-packages/airflow/example_dags/example_external_task_marker_dag.py
[2023-10-10T08:53:30.242+0000] {processor.py:839} INFO - DAG(s) dict_keys(['example_external_task_marker_parent', 'example_external_task_marker_child']) retrieved from /home/airflow/.local/lib/python3.8/site-packages/airflow/example_dags/example_external_task_marker_dag.py
[2023-10-10T08:53:30.280+0000] {logging_mixin.py:151} INFO - [2023-10-10T08:53:30.280+0000] {dag.py:2915} INFO - Sync 2 DAGs
[2023-10-10T08:53:30.292+0000] {logging_mixin.py:151} INFO - [2023-10-10T08:53:30.292+0000] {dag.py:3696} INFO - Setting next_dagrun for example_external_task_marker_child to None, run_after=None
[2023-10-10T08:53:30.295+0000] {logging_mixin.py:151} INFO - [2023-10-10T08:53:30.295+0000] {dag.py:3696} INFO - Setting next_dagrun for example_external_task_marker_parent to None, run_after=None
[2023-10-10T08:53:30.306+0000] {processor.py:179} INFO - Processing /home/airflow/.local/lib/python3.8/site-packages/airflow/example_dags/example_external_task_marker_dag.py took 0.101 seconds
[2023-10-10T08:54:00.529+0000] {processor.py:157} INFO - Started process (PID=545) to work on /home/airflow/.local/lib/python3.8/site-packages/airflow/example_dags/example_external_task_marker_dag.py
[2023-10-10T08:54:00.532+0000] {processor.py:829} INFO - Processing file /home/airflow/.local/lib/python3.8/site-packages/airflow/example_dags/example_external_task_marker_dag.py for tasks to queue
[2023-10-10T08:54:00.548+0000] {logging_mixin.py:151} INFO - [2023-10-10T08:54:00.543+0000] {dagbag.py:539} INFO - Filling up the DagBag from /home/airflow/.local/lib/python3.8/site-packages/airflow/example_dags/example_external_task_marker_dag.py
[2023-10-10T08:54:00.573+0000] {processor.py:839} INFO - DAG(s) dict_keys(['example_external_task_marker_child', 'example_external_task_marker_parent']) retrieved from /home/airflow/.local/lib/python3.8/site-packages/airflow/example_dags/example_external_task_marker_dag.py
[2023-10-10T08:54:00.622+0000] {logging_mixin.py:151} INFO - [2023-10-10T08:54:00.622+0000] {dag.py:2915} INFO - Sync 2 DAGs
[2023-10-10T08:54:00.641+0000] {logging_mixin.py:151} INFO - [2023-10-10T08:54:00.641+0000] {dag.py:3696} INFO - Setting next_dagrun for example_external_task_marker_child to None, run_after=None
[2023-10-10T08:54:00.643+0000] {logging_mixin.py:151} INFO - [2023-10-10T08:54:00.643+0000] {dag.py:3696} INFO - Setting next_dagrun for example_external_task_marker_parent to None, run_after=None
[2023-10-10T08:54:00.654+0000] {processor.py:179} INFO - Processing /home/airflow/.local/lib/python3.8/site-packages/airflow/example_dags/example_external_task_marker_dag.py took 0.135 seconds
[2023-10-10T08:54:31.110+0000] {processor.py:157} INFO - Started process (PID=606) to work on /home/airflow/.local/lib/python3.8/site-packages/airflow/example_dags/example_external_task_marker_dag.py
[2023-10-10T08:54:31.112+0000] {processor.py:829} INFO - Processing file /home/airflow/.local/lib/python3.8/site-packages/airflow/example_dags/example_external_task_marker_dag.py for tasks to queue
[2023-10-10T08:54:31.115+0000] {logging_mixin.py:151} INFO - [2023-10-10T08:54:31.115+0000] {dagbag.py:539} INFO - Filling up the DagBag from /home/airflow/.local/lib/python3.8/site-packages/airflow/example_dags/example_external_task_marker_dag.py
[2023-10-10T08:54:31.123+0000] {processor.py:839} INFO - DAG(s) dict_keys(['example_external_task_marker_child', 'example_external_task_marker_parent']) retrieved from /home/airflow/.local/lib/python3.8/site-packages/airflow/example_dags/example_external_task_marker_dag.py
[2023-10-10T08:54:31.160+0000] {logging_mixin.py:151} INFO - [2023-10-10T08:54:31.159+0000] {dag.py:2915} INFO - Sync 2 DAGs
[2023-10-10T08:54:31.184+0000] {logging_mixin.py:151} INFO - [2023-10-10T08:54:31.183+0000] {dag.py:3696} INFO - Setting next_dagrun for example_external_task_marker_child to None, run_after=None
[2023-10-10T08:54:31.187+0000] {logging_mixin.py:151} INFO - [2023-10-10T08:54:31.186+0000] {dag.py:3696} INFO - Setting next_dagrun for example_external_task_marker_parent to None, run_after=None
[2023-10-10T08:54:31.202+0000] {processor.py:179} INFO - Processing /home/airflow/.local/lib/python3.8/site-packages/airflow/example_dags/example_external_task_marker_dag.py took 0.098 seconds
[2023-10-10T08:55:01.363+0000] {processor.py:157} INFO - Started process (PID=667) to work on /home/airflow/.local/lib/python3.8/site-packages/airflow/example_dags/example_external_task_marker_dag.py
[2023-10-10T08:55:01.364+0000] {processor.py:829} INFO - Processing file /home/airflow/.local/lib/python3.8/site-packages/airflow/example_dags/example_external_task_marker_dag.py for tasks to queue
[2023-10-10T08:55:01.372+0000] {logging_mixin.py:151} INFO - [2023-10-10T08:55:01.371+0000] {dagbag.py:539} INFO - Filling up the DagBag from /home/airflow/.local/lib/python3.8/site-packages/airflow/example_dags/example_external_task_marker_dag.py
[2023-10-10T08:55:01.385+0000] {processor.py:839} INFO - DAG(s) dict_keys(['example_external_task_marker_parent', 'example_external_task_marker_child']) retrieved from /home/airflow/.local/lib/python3.8/site-packages/airflow/example_dags/example_external_task_marker_dag.py
[2023-10-10T08:55:01.436+0000] {logging_mixin.py:151} INFO - [2023-10-10T08:55:01.435+0000] {dag.py:2915} INFO - Sync 2 DAGs
[2023-10-10T08:55:01.462+0000] {logging_mixin.py:151} INFO - [2023-10-10T08:55:01.462+0000] {dag.py:3696} INFO - Setting next_dagrun for example_external_task_marker_child to None, run_after=None
[2023-10-10T08:55:01.465+0000] {logging_mixin.py:151} INFO - [2023-10-10T08:55:01.465+0000] {dag.py:3696} INFO - Setting next_dagrun for example_external_task_marker_parent to None, run_after=None
[2023-10-10T08:55:01.493+0000] {processor.py:179} INFO - Processing /home/airflow/.local/lib/python3.8/site-packages/airflow/example_dags/example_external_task_marker_dag.py took 0.135 seconds
[2023-10-10T08:55:32.201+0000] {processor.py:157} INFO - Started process (PID=726) to work on /home/airflow/.local/lib/python3.8/site-packages/airflow/example_dags/example_external_task_marker_dag.py
[2023-10-10T08:55:32.205+0000] {processor.py:829} INFO - Processing file /home/airflow/.local/lib/python3.8/site-packages/airflow/example_dags/example_external_task_marker_dag.py for tasks to queue
[2023-10-10T08:55:32.214+0000] {logging_mixin.py:151} INFO - [2023-10-10T08:55:32.214+0000] {dagbag.py:539} INFO - Filling up the DagBag from /home/airflow/.local/lib/python3.8/site-packages/airflow/example_dags/example_external_task_marker_dag.py
[2023-10-10T08:55:32.228+0000] {processor.py:839} INFO - DAG(s) dict_keys(['example_external_task_marker_parent', 'example_external_task_marker_child']) retrieved from /home/airflow/.local/lib/python3.8/site-packages/airflow/example_dags/example_external_task_marker_dag.py
[2023-10-10T08:55:32.287+0000] {logging_mixin.py:151} INFO - [2023-10-10T08:55:32.287+0000] {dag.py:2915} INFO - Sync 2 DAGs
[2023-10-10T08:55:32.311+0000] {logging_mixin.py:151} INFO - [2023-10-10T08:55:32.310+0000] {dag.py:3696} INFO - Setting next_dagrun for example_external_task_marker_child to None, run_after=None
[2023-10-10T08:55:32.314+0000] {logging_mixin.py:151} INFO - [2023-10-10T08:55:32.313+0000] {dag.py:3696} INFO - Setting next_dagrun for example_external_task_marker_parent to None, run_after=None
[2023-10-10T08:55:32.341+0000] {processor.py:179} INFO - Processing /home/airflow/.local/lib/python3.8/site-packages/airflow/example_dags/example_external_task_marker_dag.py took 0.153 seconds
[2023-10-10T08:56:02.510+0000] {processor.py:157} INFO - Started process (PID=786) to work on /home/airflow/.local/lib/python3.8/site-packages/airflow/example_dags/example_external_task_marker_dag.py
[2023-10-10T08:56:02.519+0000] {processor.py:829} INFO - Processing file /home/airflow/.local/lib/python3.8/site-packages/airflow/example_dags/example_external_task_marker_dag.py for tasks to queue
[2023-10-10T08:56:02.524+0000] {logging_mixin.py:151} INFO - [2023-10-10T08:56:02.523+0000] {dagbag.py:539} INFO - Filling up the DagBag from /home/airflow/.local/lib/python3.8/site-packages/airflow/example_dags/example_external_task_marker_dag.py
[2023-10-10T08:56:02.536+0000] {processor.py:839} INFO - DAG(s) dict_keys(['example_external_task_marker_parent', 'example_external_task_marker_child']) retrieved from /home/airflow/.local/lib/python3.8/site-packages/airflow/example_dags/example_external_task_marker_dag.py
[2023-10-10T08:56:02.580+0000] {logging_mixin.py:151} INFO - [2023-10-10T08:56:02.580+0000] {dag.py:2915} INFO - Sync 2 DAGs
[2023-10-10T08:56:02.592+0000] {logging_mixin.py:151} INFO - [2023-10-10T08:56:02.592+0000] {dag.py:3696} INFO - Setting next_dagrun for example_external_task_marker_child to None, run_after=None
[2023-10-10T08:56:02.594+0000] {logging_mixin.py:151} INFO - [2023-10-10T08:56:02.594+0000] {dag.py:3696} INFO - Setting next_dagrun for example_external_task_marker_parent to None, run_after=None
[2023-10-10T08:56:02.605+0000] {processor.py:179} INFO - Processing /home/airflow/.local/lib/python3.8/site-packages/airflow/example_dags/example_external_task_marker_dag.py took 0.105 seconds
[2023-10-10T08:56:32.668+0000] {processor.py:157} INFO - Started process (PID=847) to work on /home/airflow/.local/lib/python3.8/site-packages/airflow/example_dags/example_external_task_marker_dag.py
[2023-10-10T08:56:32.670+0000] {processor.py:829} INFO - Processing file /home/airflow/.local/lib/python3.8/site-packages/airflow/example_dags/example_external_task_marker_dag.py for tasks to queue
[2023-10-10T08:56:32.672+0000] {logging_mixin.py:151} INFO - [2023-10-10T08:56:32.672+0000] {dagbag.py:539} INFO - Filling up the DagBag from /home/airflow/.local/lib/python3.8/site-packages/airflow/example_dags/example_external_task_marker_dag.py
[2023-10-10T08:56:32.679+0000] {processor.py:839} INFO - DAG(s) dict_keys(['example_external_task_marker_parent', 'example_external_task_marker_child']) retrieved from /home/airflow/.local/lib/python3.8/site-packages/airflow/example_dags/example_external_task_marker_dag.py
[2023-10-10T08:56:32.705+0000] {logging_mixin.py:151} INFO - [2023-10-10T08:56:32.705+0000] {dag.py:2915} INFO - Sync 2 DAGs
[2023-10-10T08:56:32.715+0000] {logging_mixin.py:151} INFO - [2023-10-10T08:56:32.714+0000] {dag.py:3696} INFO - Setting next_dagrun for example_external_task_marker_child to None, run_after=None
[2023-10-10T08:56:32.718+0000] {logging_mixin.py:151} INFO - [2023-10-10T08:56:32.718+0000] {dag.py:3696} INFO - Setting next_dagrun for example_external_task_marker_parent to None, run_after=None
[2023-10-10T08:56:32.727+0000] {processor.py:179} INFO - Processing /home/airflow/.local/lib/python3.8/site-packages/airflow/example_dags/example_external_task_marker_dag.py took 0.063 seconds
[2023-10-10T08:57:03.517+0000] {processor.py:157} INFO - Started process (PID=908) to work on /home/airflow/.local/lib/python3.8/site-packages/airflow/example_dags/example_external_task_marker_dag.py
[2023-10-10T08:57:03.518+0000] {processor.py:829} INFO - Processing file /home/airflow/.local/lib/python3.8/site-packages/airflow/example_dags/example_external_task_marker_dag.py for tasks to queue
[2023-10-10T08:57:03.522+0000] {logging_mixin.py:151} INFO - [2023-10-10T08:57:03.521+0000] {dagbag.py:539} INFO - Filling up the DagBag from /home/airflow/.local/lib/python3.8/site-packages/airflow/example_dags/example_external_task_marker_dag.py
[2023-10-10T08:57:03.527+0000] {processor.py:839} INFO - DAG(s) dict_keys(['example_external_task_marker_child', 'example_external_task_marker_parent']) retrieved from /home/airflow/.local/lib/python3.8/site-packages/airflow/example_dags/example_external_task_marker_dag.py
[2023-10-10T08:57:03.549+0000] {logging_mixin.py:151} INFO - [2023-10-10T08:57:03.549+0000] {dag.py:2915} INFO - Sync 2 DAGs
[2023-10-10T08:57:03.562+0000] {logging_mixin.py:151} INFO - [2023-10-10T08:57:03.562+0000] {dag.py:3696} INFO - Setting next_dagrun for example_external_task_marker_child to None, run_after=None
[2023-10-10T08:57:03.564+0000] {logging_mixin.py:151} INFO - [2023-10-10T08:57:03.564+0000] {dag.py:3696} INFO - Setting next_dagrun for example_external_task_marker_parent to None, run_after=None
[2023-10-10T08:57:03.581+0000] {processor.py:179} INFO - Processing /home/airflow/.local/lib/python3.8/site-packages/airflow/example_dags/example_external_task_marker_dag.py took 0.068 seconds
[2023-10-10T08:57:34.419+0000] {processor.py:157} INFO - Started process (PID=969) to work on /home/airflow/.local/lib/python3.8/site-packages/airflow/example_dags/example_external_task_marker_dag.py
[2023-10-10T08:57:34.421+0000] {processor.py:829} INFO - Processing file /home/airflow/.local/lib/python3.8/site-packages/airflow/example_dags/example_external_task_marker_dag.py for tasks to queue
[2023-10-10T08:57:34.423+0000] {logging_mixin.py:151} INFO - [2023-10-10T08:57:34.423+0000] {dagbag.py:539} INFO - Filling up the DagBag from /home/airflow/.local/lib/python3.8/site-packages/airflow/example_dags/example_external_task_marker_dag.py
[2023-10-10T08:57:34.431+0000] {processor.py:839} INFO - DAG(s) dict_keys(['example_external_task_marker_child', 'example_external_task_marker_parent']) retrieved from /home/airflow/.local/lib/python3.8/site-packages/airflow/example_dags/example_external_task_marker_dag.py
[2023-10-10T08:57:34.456+0000] {logging_mixin.py:151} INFO - [2023-10-10T08:57:34.456+0000] {dag.py:2915} INFO - Sync 2 DAGs
[2023-10-10T08:57:34.466+0000] {logging_mixin.py:151} INFO - [2023-10-10T08:57:34.466+0000] {dag.py:3696} INFO - Setting next_dagrun for example_external_task_marker_child to None, run_after=None
[2023-10-10T08:57:34.468+0000] {logging_mixin.py:151} INFO - [2023-10-10T08:57:34.468+0000] {dag.py:3696} INFO - Setting next_dagrun for example_external_task_marker_parent to None, run_after=None
[2023-10-10T08:57:34.477+0000] {processor.py:179} INFO - Processing /home/airflow/.local/lib/python3.8/site-packages/airflow/example_dags/example_external_task_marker_dag.py took 0.062 seconds
[2023-10-10T08:58:04.571+0000] {processor.py:157} INFO - Started process (PID=1030) to work on /home/airflow/.local/lib/python3.8/site-packages/airflow/example_dags/example_external_task_marker_dag.py
[2023-10-10T08:58:04.572+0000] {processor.py:829} INFO - Processing file /home/airflow/.local/lib/python3.8/site-packages/airflow/example_dags/example_external_task_marker_dag.py for tasks to queue
[2023-10-10T08:58:04.576+0000] {logging_mixin.py:151} INFO - [2023-10-10T08:58:04.575+0000] {dagbag.py:539} INFO - Filling up the DagBag from /home/airflow/.local/lib/python3.8/site-packages/airflow/example_dags/example_external_task_marker_dag.py
[2023-10-10T08:58:04.584+0000] {processor.py:839} INFO - DAG(s) dict_keys(['example_external_task_marker_parent', 'example_external_task_marker_child']) retrieved from /home/airflow/.local/lib/python3.8/site-packages/airflow/example_dags/example_external_task_marker_dag.py
[2023-10-10T08:58:04.612+0000] {logging_mixin.py:151} INFO - [2023-10-10T08:58:04.611+0000] {dag.py:2915} INFO - Sync 2 DAGs
[2023-10-10T08:58:04.620+0000] {logging_mixin.py:151} INFO - [2023-10-10T08:58:04.620+0000] {dag.py:3696} INFO - Setting next_dagrun for example_external_task_marker_child to None, run_after=None
[2023-10-10T08:58:04.622+0000] {logging_mixin.py:151} INFO - [2023-10-10T08:58:04.622+0000] {dag.py:3696} INFO - Setting next_dagrun for example_external_task_marker_parent to None, run_after=None
[2023-10-10T08:58:04.631+0000] {processor.py:179} INFO - Processing /home/airflow/.local/lib/python3.8/site-packages/airflow/example_dags/example_external_task_marker_dag.py took 0.067 seconds
[2023-10-10T08:58:34.733+0000] {processor.py:157} INFO - Started process (PID=1091) to work on /home/airflow/.local/lib/python3.8/site-packages/airflow/example_dags/example_external_task_marker_dag.py
[2023-10-10T08:58:34.734+0000] {processor.py:829} INFO - Processing file /home/airflow/.local/lib/python3.8/site-packages/airflow/example_dags/example_external_task_marker_dag.py for tasks to queue
[2023-10-10T08:58:34.736+0000] {logging_mixin.py:151} INFO - [2023-10-10T08:58:34.736+0000] {dagbag.py:539} INFO - Filling up the DagBag from /home/airflow/.local/lib/python3.8/site-packages/airflow/example_dags/example_external_task_marker_dag.py
[2023-10-10T08:58:34.742+0000] {processor.py:839} INFO - DAG(s) dict_keys(['example_external_task_marker_child', 'example_external_task_marker_parent']) retrieved from /home/airflow/.local/lib/python3.8/site-packages/airflow/example_dags/example_external_task_marker_dag.py
[2023-10-10T08:58:34.761+0000] {logging_mixin.py:151} INFO - [2023-10-10T08:58:34.760+0000] {dag.py:2915} INFO - Sync 2 DAGs
[2023-10-10T08:58:34.768+0000] {logging_mixin.py:151} INFO - [2023-10-10T08:58:34.768+0000] {dag.py:3696} INFO - Setting next_dagrun for example_external_task_marker_child to None, run_after=None
[2023-10-10T08:58:34.770+0000] {logging_mixin.py:151} INFO - [2023-10-10T08:58:34.770+0000] {dag.py:3696} INFO - Setting next_dagrun for example_external_task_marker_parent to None, run_after=None
[2023-10-10T08:58:34.779+0000] {processor.py:179} INFO - Processing /home/airflow/.local/lib/python3.8/site-packages/airflow/example_dags/example_external_task_marker_dag.py took 0.050 seconds
[2023-10-10T08:59:05.150+0000] {processor.py:157} INFO - Started process (PID=1152) to work on /home/airflow/.local/lib/python3.8/site-packages/airflow/example_dags/example_external_task_marker_dag.py
[2023-10-10T08:59:05.151+0000] {processor.py:829} INFO - Processing file /home/airflow/.local/lib/python3.8/site-packages/airflow/example_dags/example_external_task_marker_dag.py for tasks to queue
[2023-10-10T08:59:05.153+0000] {logging_mixin.py:151} INFO - [2023-10-10T08:59:05.153+0000] {dagbag.py:539} INFO - Filling up the DagBag from /home/airflow/.local/lib/python3.8/site-packages/airflow/example_dags/example_external_task_marker_dag.py
[2023-10-10T08:59:05.158+0000] {processor.py:839} INFO - DAG(s) dict_keys(['example_external_task_marker_parent', 'example_external_task_marker_child']) retrieved from /home/airflow/.local/lib/python3.8/site-packages/airflow/example_dags/example_external_task_marker_dag.py
[2023-10-10T08:59:05.177+0000] {logging_mixin.py:151} INFO - [2023-10-10T08:59:05.177+0000] {dag.py:2915} INFO - Sync 2 DAGs
[2023-10-10T08:59:05.188+0000] {logging_mixin.py:151} INFO - [2023-10-10T08:59:05.188+0000] {dag.py:3696} INFO - Setting next_dagrun for example_external_task_marker_child to None, run_after=None
[2023-10-10T08:59:05.190+0000] {logging_mixin.py:151} INFO - [2023-10-10T08:59:05.190+0000] {dag.py:3696} INFO - Setting next_dagrun for example_external_task_marker_parent to None, run_after=None
[2023-10-10T08:59:05.201+0000] {processor.py:179} INFO - Processing /home/airflow/.local/lib/python3.8/site-packages/airflow/example_dags/example_external_task_marker_dag.py took 0.055 seconds
[2023-10-10T08:59:35.426+0000] {processor.py:157} INFO - Started process (PID=1213) to work on /home/airflow/.local/lib/python3.8/site-packages/airflow/example_dags/example_external_task_marker_dag.py
[2023-10-10T08:59:35.427+0000] {processor.py:829} INFO - Processing file /home/airflow/.local/lib/python3.8/site-packages/airflow/example_dags/example_external_task_marker_dag.py for tasks to queue
[2023-10-10T08:59:35.428+0000] {logging_mixin.py:151} INFO - [2023-10-10T08:59:35.428+0000] {dagbag.py:539} INFO - Filling up the DagBag from /home/airflow/.local/lib/python3.8/site-packages/airflow/example_dags/example_external_task_marker_dag.py
[2023-10-10T08:59:35.432+0000] {processor.py:839} INFO - DAG(s) dict_keys(['example_external_task_marker_child', 'example_external_task_marker_parent']) retrieved from /home/airflow/.local/lib/python3.8/site-packages/airflow/example_dags/example_external_task_marker_dag.py
[2023-10-10T08:59:35.450+0000] {logging_mixin.py:151} INFO - [2023-10-10T08:59:35.450+0000] {dag.py:2915} INFO - Sync 2 DAGs
[2023-10-10T08:59:35.458+0000] {logging_mixin.py:151} INFO - [2023-10-10T08:59:35.458+0000] {dag.py:3696} INFO - Setting next_dagrun for example_external_task_marker_child to None, run_after=None
[2023-10-10T08:59:35.459+0000] {logging_mixin.py:151} INFO - [2023-10-10T08:59:35.459+0000] {dag.py:3696} INFO - Setting next_dagrun for example_external_task_marker_parent to None, run_after=None
[2023-10-10T08:59:35.468+0000] {processor.py:179} INFO - Processing /home/airflow/.local/lib/python3.8/site-packages/airflow/example_dags/example_external_task_marker_dag.py took 0.044 seconds
[2023-10-10T09:00:05.914+0000] {processor.py:157} INFO - Started process (PID=1274) to work on /home/airflow/.local/lib/python3.8/site-packages/airflow/example_dags/example_external_task_marker_dag.py
[2023-10-10T09:00:05.917+0000] {processor.py:829} INFO - Processing file /home/airflow/.local/lib/python3.8/site-packages/airflow/example_dags/example_external_task_marker_dag.py for tasks to queue
[2023-10-10T09:00:05.920+0000] {logging_mixin.py:151} INFO - [2023-10-10T09:00:05.920+0000] {dagbag.py:539} INFO - Filling up the DagBag from /home/airflow/.local/lib/python3.8/site-packages/airflow/example_dags/example_external_task_marker_dag.py
[2023-10-10T09:00:05.925+0000] {processor.py:839} INFO - DAG(s) dict_keys(['example_external_task_marker_parent', 'example_external_task_marker_child']) retrieved from /home/airflow/.local/lib/python3.8/site-packages/airflow/example_dags/example_external_task_marker_dag.py
[2023-10-10T09:00:05.943+0000] {logging_mixin.py:151} INFO - [2023-10-10T09:00:05.943+0000] {dag.py:2915} INFO - Sync 2 DAGs
[2023-10-10T09:00:05.951+0000] {logging_mixin.py:151} INFO - [2023-10-10T09:00:05.951+0000] {dag.py:3696} INFO - Setting next_dagrun for example_external_task_marker_child to None, run_after=None
[2023-10-10T09:00:05.954+0000] {logging_mixin.py:151} INFO - [2023-10-10T09:00:05.954+0000] {dag.py:3696} INFO - Setting next_dagrun for example_external_task_marker_parent to None, run_after=None
[2023-10-10T09:00:05.967+0000] {processor.py:179} INFO - Processing /home/airflow/.local/lib/python3.8/site-packages/airflow/example_dags/example_external_task_marker_dag.py took 0.055 seconds
[2023-10-10T09:00:36.326+0000] {processor.py:157} INFO - Started process (PID=1335) to work on /home/airflow/.local/lib/python3.8/site-packages/airflow/example_dags/example_external_task_marker_dag.py
[2023-10-10T09:00:36.327+0000] {processor.py:829} INFO - Processing file /home/airflow/.local/lib/python3.8/site-packages/airflow/example_dags/example_external_task_marker_dag.py for tasks to queue
[2023-10-10T09:00:36.328+0000] {logging_mixin.py:151} INFO - [2023-10-10T09:00:36.328+0000] {dagbag.py:539} INFO - Filling up the DagBag from /home/airflow/.local/lib/python3.8/site-packages/airflow/example_dags/example_external_task_marker_dag.py
[2023-10-10T09:00:36.332+0000] {processor.py:839} INFO - DAG(s) dict_keys(['example_external_task_marker_parent', 'example_external_task_marker_child']) retrieved from /home/airflow/.local/lib/python3.8/site-packages/airflow/example_dags/example_external_task_marker_dag.py
[2023-10-10T09:00:36.349+0000] {logging_mixin.py:151} INFO - [2023-10-10T09:00:36.349+0000] {dag.py:2915} INFO - Sync 2 DAGs
[2023-10-10T09:00:36.357+0000] {logging_mixin.py:151} INFO - [2023-10-10T09:00:36.357+0000] {dag.py:3696} INFO - Setting next_dagrun for example_external_task_marker_child to None, run_after=None
[2023-10-10T09:00:36.359+0000] {logging_mixin.py:151} INFO - [2023-10-10T09:00:36.359+0000] {dag.py:3696} INFO - Setting next_dagrun for example_external_task_marker_parent to None, run_after=None
[2023-10-10T09:00:36.368+0000] {processor.py:179} INFO - Processing /home/airflow/.local/lib/python3.8/site-packages/airflow/example_dags/example_external_task_marker_dag.py took 0.044 seconds
[2023-10-10T09:01:06.529+0000] {processor.py:157} INFO - Started process (PID=1396) to work on /home/airflow/.local/lib/python3.8/site-packages/airflow/example_dags/example_external_task_marker_dag.py
[2023-10-10T09:01:06.530+0000] {processor.py:829} INFO - Processing file /home/airflow/.local/lib/python3.8/site-packages/airflow/example_dags/example_external_task_marker_dag.py for tasks to queue
[2023-10-10T09:01:06.532+0000] {logging_mixin.py:151} INFO - [2023-10-10T09:01:06.531+0000] {dagbag.py:539} INFO - Filling up the DagBag from /home/airflow/.local/lib/python3.8/site-packages/airflow/example_dags/example_external_task_marker_dag.py
[2023-10-10T09:01:06.536+0000] {processor.py:839} INFO - DAG(s) dict_keys(['example_external_task_marker_child', 'example_external_task_marker_parent']) retrieved from /home/airflow/.local/lib/python3.8/site-packages/airflow/example_dags/example_external_task_marker_dag.py
[2023-10-10T09:01:06.556+0000] {logging_mixin.py:151} INFO - [2023-10-10T09:01:06.556+0000] {dag.py:2915} INFO - Sync 2 DAGs
[2023-10-10T09:01:06.564+0000] {logging_mixin.py:151} INFO - [2023-10-10T09:01:06.564+0000] {dag.py:3696} INFO - Setting next_dagrun for example_external_task_marker_child to None, run_after=None
[2023-10-10T09:01:06.566+0000] {logging_mixin.py:151} INFO - [2023-10-10T09:01:06.565+0000] {dag.py:3696} INFO - Setting next_dagrun for example_external_task_marker_parent to None, run_after=None
[2023-10-10T09:01:06.574+0000] {processor.py:179} INFO - Processing /home/airflow/.local/lib/python3.8/site-packages/airflow/example_dags/example_external_task_marker_dag.py took 0.048 seconds
[2023-10-10T09:01:36.739+0000] {processor.py:157} INFO - Started process (PID=1457) to work on /home/airflow/.local/lib/python3.8/site-packages/airflow/example_dags/example_external_task_marker_dag.py
[2023-10-10T09:01:36.740+0000] {processor.py:829} INFO - Processing file /home/airflow/.local/lib/python3.8/site-packages/airflow/example_dags/example_external_task_marker_dag.py for tasks to queue
[2023-10-10T09:01:36.742+0000] {logging_mixin.py:151} INFO - [2023-10-10T09:01:36.742+0000] {dagbag.py:539} INFO - Filling up the DagBag from /home/airflow/.local/lib/python3.8/site-packages/airflow/example_dags/example_external_task_marker_dag.py
[2023-10-10T09:01:36.746+0000] {processor.py:839} INFO - DAG(s) dict_keys(['example_external_task_marker_parent', 'example_external_task_marker_child']) retrieved from /home/airflow/.local/lib/python3.8/site-packages/airflow/example_dags/example_external_task_marker_dag.py
[2023-10-10T09:01:36.767+0000] {logging_mixin.py:151} INFO - [2023-10-10T09:01:36.767+0000] {dag.py:2915} INFO - Sync 2 DAGs
[2023-10-10T09:01:36.775+0000] {logging_mixin.py:151} INFO - [2023-10-10T09:01:36.775+0000] {dag.py:3696} INFO - Setting next_dagrun for example_external_task_marker_child to None, run_after=None
[2023-10-10T09:01:36.777+0000] {logging_mixin.py:151} INFO - [2023-10-10T09:01:36.777+0000] {dag.py:3696} INFO - Setting next_dagrun for example_external_task_marker_parent to None, run_after=None
[2023-10-10T09:01:36.786+0000] {processor.py:179} INFO - Processing /home/airflow/.local/lib/python3.8/site-packages/airflow/example_dags/example_external_task_marker_dag.py took 0.049 seconds
[2023-10-10T09:02:07.008+0000] {processor.py:157} INFO - Started process (PID=1518) to work on /home/airflow/.local/lib/python3.8/site-packages/airflow/example_dags/example_external_task_marker_dag.py
[2023-10-10T09:02:07.009+0000] {processor.py:829} INFO - Processing file /home/airflow/.local/lib/python3.8/site-packages/airflow/example_dags/example_external_task_marker_dag.py for tasks to queue
[2023-10-10T09:02:07.011+0000] {logging_mixin.py:151} INFO - [2023-10-10T09:02:07.011+0000] {dagbag.py:539} INFO - Filling up the DagBag from /home/airflow/.local/lib/python3.8/site-packages/airflow/example_dags/example_external_task_marker_dag.py
[2023-10-10T09:02:07.015+0000] {processor.py:839} INFO - DAG(s) dict_keys(['example_external_task_marker_child', 'example_external_task_marker_parent']) retrieved from /home/airflow/.local/lib/python3.8/site-packages/airflow/example_dags/example_external_task_marker_dag.py
[2023-10-10T09:02:07.034+0000] {logging_mixin.py:151} INFO - [2023-10-10T09:02:07.034+0000] {dag.py:2915} INFO - Sync 2 DAGs
[2023-10-10T09:02:07.042+0000] {logging_mixin.py:151} INFO - [2023-10-10T09:02:07.042+0000] {dag.py:3696} INFO - Setting next_dagrun for example_external_task_marker_child to None, run_after=None
[2023-10-10T09:02:07.044+0000] {logging_mixin.py:151} INFO - [2023-10-10T09:02:07.044+0000] {dag.py:3696} INFO - Setting next_dagrun for example_external_task_marker_parent to None, run_after=None
[2023-10-10T09:02:07.054+0000] {processor.py:179} INFO - Processing /home/airflow/.local/lib/python3.8/site-packages/airflow/example_dags/example_external_task_marker_dag.py took 0.047 seconds
[2023-10-10T09:02:37.614+0000] {processor.py:157} INFO - Started process (PID=1579) to work on /home/airflow/.local/lib/python3.8/site-packages/airflow/example_dags/example_external_task_marker_dag.py
[2023-10-10T09:02:37.615+0000] {processor.py:829} INFO - Processing file /home/airflow/.local/lib/python3.8/site-packages/airflow/example_dags/example_external_task_marker_dag.py for tasks to queue
[2023-10-10T09:02:37.617+0000] {logging_mixin.py:151} INFO - [2023-10-10T09:02:37.616+0000] {dagbag.py:539} INFO - Filling up the DagBag from /home/airflow/.local/lib/python3.8/site-packages/airflow/example_dags/example_external_task_marker_dag.py
[2023-10-10T09:02:37.621+0000] {processor.py:839} INFO - DAG(s) dict_keys(['example_external_task_marker_parent', 'example_external_task_marker_child']) retrieved from /home/airflow/.local/lib/python3.8/site-packages/airflow/example_dags/example_external_task_marker_dag.py
[2023-10-10T09:02:37.641+0000] {logging_mixin.py:151} INFO - [2023-10-10T09:02:37.641+0000] {dag.py:2915} INFO - Sync 2 DAGs
[2023-10-10T09:02:37.650+0000] {logging_mixin.py:151} INFO - [2023-10-10T09:02:37.650+0000] {dag.py:3696} INFO - Setting next_dagrun for example_external_task_marker_child to None, run_after=None
[2023-10-10T09:02:37.652+0000] {logging_mixin.py:151} INFO - [2023-10-10T09:02:37.652+0000] {dag.py:3696} INFO - Setting next_dagrun for example_external_task_marker_parent to None, run_after=None
[2023-10-10T09:02:37.660+0000] {processor.py:179} INFO - Processing /home/airflow/.local/lib/python3.8/site-packages/airflow/example_dags/example_external_task_marker_dag.py took 0.049 seconds
[2023-10-10T09:03:08.645+0000] {processor.py:157} INFO - Started process (PID=1640) to work on /home/airflow/.local/lib/python3.8/site-packages/airflow/example_dags/example_external_task_marker_dag.py
[2023-10-10T09:03:08.645+0000] {processor.py:829} INFO - Processing file /home/airflow/.local/lib/python3.8/site-packages/airflow/example_dags/example_external_task_marker_dag.py for tasks to queue
[2023-10-10T09:03:08.647+0000] {logging_mixin.py:151} INFO - [2023-10-10T09:03:08.647+0000] {dagbag.py:539} INFO - Filling up the DagBag from /home/airflow/.local/lib/python3.8/site-packages/airflow/example_dags/example_external_task_marker_dag.py
[2023-10-10T09:03:08.651+0000] {processor.py:839} INFO - DAG(s) dict_keys(['example_external_task_marker_parent', 'example_external_task_marker_child']) retrieved from /home/airflow/.local/lib/python3.8/site-packages/airflow/example_dags/example_external_task_marker_dag.py
[2023-10-10T09:03:08.673+0000] {logging_mixin.py:151} INFO - [2023-10-10T09:03:08.673+0000] {dag.py:2915} INFO - Sync 2 DAGs
[2023-10-10T09:03:08.681+0000] {logging_mixin.py:151} INFO - [2023-10-10T09:03:08.681+0000] {dag.py:3696} INFO - Setting next_dagrun for example_external_task_marker_child to None, run_after=None
[2023-10-10T09:03:08.683+0000] {logging_mixin.py:151} INFO - [2023-10-10T09:03:08.683+0000] {dag.py:3696} INFO - Setting next_dagrun for example_external_task_marker_parent to None, run_after=None
[2023-10-10T09:03:08.691+0000] {processor.py:179} INFO - Processing /home/airflow/.local/lib/python3.8/site-packages/airflow/example_dags/example_external_task_marker_dag.py took 0.049 seconds
[2023-10-10T09:03:38.957+0000] {processor.py:157} INFO - Started process (PID=1701) to work on /home/airflow/.local/lib/python3.8/site-packages/airflow/example_dags/example_external_task_marker_dag.py
[2023-10-10T09:03:38.958+0000] {processor.py:829} INFO - Processing file /home/airflow/.local/lib/python3.8/site-packages/airflow/example_dags/example_external_task_marker_dag.py for tasks to queue
[2023-10-10T09:03:38.959+0000] {logging_mixin.py:151} INFO - [2023-10-10T09:03:38.959+0000] {dagbag.py:539} INFO - Filling up the DagBag from /home/airflow/.local/lib/python3.8/site-packages/airflow/example_dags/example_external_task_marker_dag.py
[2023-10-10T09:03:38.963+0000] {processor.py:839} INFO - DAG(s) dict_keys(['example_external_task_marker_parent', 'example_external_task_marker_child']) retrieved from /home/airflow/.local/lib/python3.8/site-packages/airflow/example_dags/example_external_task_marker_dag.py
[2023-10-10T09:03:38.985+0000] {logging_mixin.py:151} INFO - [2023-10-10T09:03:38.985+0000] {dag.py:2915} INFO - Sync 2 DAGs
[2023-10-10T09:03:38.994+0000] {logging_mixin.py:151} INFO - [2023-10-10T09:03:38.994+0000] {dag.py:3696} INFO - Setting next_dagrun for example_external_task_marker_child to None, run_after=None
[2023-10-10T09:03:38.996+0000] {logging_mixin.py:151} INFO - [2023-10-10T09:03:38.996+0000] {dag.py:3696} INFO - Setting next_dagrun for example_external_task_marker_parent to None, run_after=None
[2023-10-10T09:03:39.010+0000] {processor.py:179} INFO - Processing /home/airflow/.local/lib/python3.8/site-packages/airflow/example_dags/example_external_task_marker_dag.py took 0.056 seconds
[2023-10-10T09:04:09.807+0000] {processor.py:157} INFO - Started process (PID=1762) to work on /home/airflow/.local/lib/python3.8/site-packages/airflow/example_dags/example_external_task_marker_dag.py
[2023-10-10T09:04:09.807+0000] {processor.py:829} INFO - Processing file /home/airflow/.local/lib/python3.8/site-packages/airflow/example_dags/example_external_task_marker_dag.py for tasks to queue
[2023-10-10T09:04:09.809+0000] {logging_mixin.py:151} INFO - [2023-10-10T09:04:09.809+0000] {dagbag.py:539} INFO - Filling up the DagBag from /home/airflow/.local/lib/python3.8/site-packages/airflow/example_dags/example_external_task_marker_dag.py
[2023-10-10T09:04:09.813+0000] {processor.py:839} INFO - DAG(s) dict_keys(['example_external_task_marker_child', 'example_external_task_marker_parent']) retrieved from /home/airflow/.local/lib/python3.8/site-packages/airflow/example_dags/example_external_task_marker_dag.py
[2023-10-10T09:04:09.831+0000] {logging_mixin.py:151} INFO - [2023-10-10T09:04:09.830+0000] {dag.py:2915} INFO - Sync 2 DAGs
[2023-10-10T09:04:09.838+0000] {logging_mixin.py:151} INFO - [2023-10-10T09:04:09.838+0000] {dag.py:3696} INFO - Setting next_dagrun for example_external_task_marker_child to None, run_after=None
[2023-10-10T09:04:09.841+0000] {logging_mixin.py:151} INFO - [2023-10-10T09:04:09.840+0000] {dag.py:3696} INFO - Setting next_dagrun for example_external_task_marker_parent to None, run_after=None
[2023-10-10T09:04:09.849+0000] {processor.py:179} INFO - Processing /home/airflow/.local/lib/python3.8/site-packages/airflow/example_dags/example_external_task_marker_dag.py took 0.045 seconds
[2023-10-10T09:04:40.320+0000] {processor.py:157} INFO - Started process (PID=1822) to work on /home/airflow/.local/lib/python3.8/site-packages/airflow/example_dags/example_external_task_marker_dag.py
[2023-10-10T09:04:40.322+0000] {processor.py:829} INFO - Processing file /home/airflow/.local/lib/python3.8/site-packages/airflow/example_dags/example_external_task_marker_dag.py for tasks to queue
[2023-10-10T09:04:40.323+0000] {logging_mixin.py:151} INFO - [2023-10-10T09:04:40.323+0000] {dagbag.py:539} INFO - Filling up the DagBag from /home/airflow/.local/lib/python3.8/site-packages/airflow/example_dags/example_external_task_marker_dag.py
[2023-10-10T09:04:40.328+0000] {processor.py:839} INFO - DAG(s) dict_keys(['example_external_task_marker_parent', 'example_external_task_marker_child']) retrieved from /home/airflow/.local/lib/python3.8/site-packages/airflow/example_dags/example_external_task_marker_dag.py
[2023-10-10T09:04:40.348+0000] {logging_mixin.py:151} INFO - [2023-10-10T09:04:40.348+0000] {dag.py:2915} INFO - Sync 2 DAGs
[2023-10-10T09:04:40.360+0000] {logging_mixin.py:151} INFO - [2023-10-10T09:04:40.360+0000] {dag.py:3696} INFO - Setting next_dagrun for example_external_task_marker_child to None, run_after=None
[2023-10-10T09:04:40.362+0000] {logging_mixin.py:151} INFO - [2023-10-10T09:04:40.362+0000] {dag.py:3696} INFO - Setting next_dagrun for example_external_task_marker_parent to None, run_after=None
[2023-10-10T09:04:40.374+0000] {processor.py:179} INFO - Processing /home/airflow/.local/lib/python3.8/site-packages/airflow/example_dags/example_external_task_marker_dag.py took 0.057 seconds
[2023-10-10T09:05:11.280+0000] {processor.py:157} INFO - Started process (PID=1883) to work on /home/airflow/.local/lib/python3.8/site-packages/airflow/example_dags/example_external_task_marker_dag.py
[2023-10-10T09:05:11.281+0000] {processor.py:829} INFO - Processing file /home/airflow/.local/lib/python3.8/site-packages/airflow/example_dags/example_external_task_marker_dag.py for tasks to queue
[2023-10-10T09:05:11.282+0000] {logging_mixin.py:151} INFO - [2023-10-10T09:05:11.282+0000] {dagbag.py:539} INFO - Filling up the DagBag from /home/airflow/.local/lib/python3.8/site-packages/airflow/example_dags/example_external_task_marker_dag.py
[2023-10-10T09:05:11.286+0000] {processor.py:839} INFO - DAG(s) dict_keys(['example_external_task_marker_child', 'example_external_task_marker_parent']) retrieved from /home/airflow/.local/lib/python3.8/site-packages/airflow/example_dags/example_external_task_marker_dag.py
[2023-10-10T09:05:11.305+0000] {logging_mixin.py:151} INFO - [2023-10-10T09:05:11.305+0000] {dag.py:2915} INFO - Sync 2 DAGs
[2023-10-10T09:05:11.314+0000] {logging_mixin.py:151} INFO - [2023-10-10T09:05:11.314+0000] {dag.py:3696} INFO - Setting next_dagrun for example_external_task_marker_child to None, run_after=None
[2023-10-10T09:05:11.316+0000] {logging_mixin.py:151} INFO - [2023-10-10T09:05:11.316+0000] {dag.py:3696} INFO - Setting next_dagrun for example_external_task_marker_parent to None, run_after=None
[2023-10-10T09:05:11.326+0000] {processor.py:179} INFO - Processing /home/airflow/.local/lib/python3.8/site-packages/airflow/example_dags/example_external_task_marker_dag.py took 0.049 seconds
[2023-10-10T09:05:42.531+0000] {processor.py:157} INFO - Started process (PID=1950) to work on /home/airflow/.local/lib/python3.8/site-packages/airflow/example_dags/example_external_task_marker_dag.py
[2023-10-10T09:05:42.532+0000] {processor.py:829} INFO - Processing file /home/airflow/.local/lib/python3.8/site-packages/airflow/example_dags/example_external_task_marker_dag.py for tasks to queue
[2023-10-10T09:05:42.534+0000] {logging_mixin.py:151} INFO - [2023-10-10T09:05:42.533+0000] {dagbag.py:539} INFO - Filling up the DagBag from /home/airflow/.local/lib/python3.8/site-packages/airflow/example_dags/example_external_task_marker_dag.py
[2023-10-10T09:05:42.538+0000] {processor.py:839} INFO - DAG(s) dict_keys(['example_external_task_marker_child', 'example_external_task_marker_parent']) retrieved from /home/airflow/.local/lib/python3.8/site-packages/airflow/example_dags/example_external_task_marker_dag.py
[2023-10-10T09:05:42.555+0000] {logging_mixin.py:151} INFO - [2023-10-10T09:05:42.555+0000] {dag.py:2915} INFO - Sync 2 DAGs
[2023-10-10T09:05:42.563+0000] {logging_mixin.py:151} INFO - [2023-10-10T09:05:42.563+0000] {dag.py:3696} INFO - Setting next_dagrun for example_external_task_marker_child to None, run_after=None
[2023-10-10T09:05:42.565+0000] {logging_mixin.py:151} INFO - [2023-10-10T09:05:42.565+0000] {dag.py:3696} INFO - Setting next_dagrun for example_external_task_marker_parent to None, run_after=None
[2023-10-10T09:05:42.575+0000] {processor.py:179} INFO - Processing /home/airflow/.local/lib/python3.8/site-packages/airflow/example_dags/example_external_task_marker_dag.py took 0.046 seconds
[2023-10-10T09:06:13.893+0000] {processor.py:157} INFO - Started process (PID=2011) to work on /home/airflow/.local/lib/python3.8/site-packages/airflow/example_dags/example_external_task_marker_dag.py
[2023-10-10T09:06:13.894+0000] {processor.py:829} INFO - Processing file /home/airflow/.local/lib/python3.8/site-packages/airflow/example_dags/example_external_task_marker_dag.py for tasks to queue
[2023-10-10T09:06:13.896+0000] {logging_mixin.py:151} INFO - [2023-10-10T09:06:13.896+0000] {dagbag.py:539} INFO - Filling up the DagBag from /home/airflow/.local/lib/python3.8/site-packages/airflow/example_dags/example_external_task_marker_dag.py
[2023-10-10T09:06:13.900+0000] {processor.py:839} INFO - DAG(s) dict_keys(['example_external_task_marker_parent', 'example_external_task_marker_child']) retrieved from /home/airflow/.local/lib/python3.8/site-packages/airflow/example_dags/example_external_task_marker_dag.py
[2023-10-10T09:06:13.925+0000] {logging_mixin.py:151} INFO - [2023-10-10T09:06:13.925+0000] {dag.py:2915} INFO - Sync 2 DAGs
[2023-10-10T09:06:13.933+0000] {logging_mixin.py:151} INFO - [2023-10-10T09:06:13.933+0000] {dag.py:3696} INFO - Setting next_dagrun for example_external_task_marker_child to None, run_after=None
[2023-10-10T09:06:13.935+0000] {logging_mixin.py:151} INFO - [2023-10-10T09:06:13.935+0000] {dag.py:3696} INFO - Setting next_dagrun for example_external_task_marker_parent to None, run_after=None
[2023-10-10T09:06:13.944+0000] {processor.py:179} INFO - Processing /home/airflow/.local/lib/python3.8/site-packages/airflow/example_dags/example_external_task_marker_dag.py took 0.053 seconds
[2023-10-10T09:06:44.994+0000] {processor.py:157} INFO - Started process (PID=2071) to work on /home/airflow/.local/lib/python3.8/site-packages/airflow/example_dags/example_external_task_marker_dag.py
[2023-10-10T09:06:44.995+0000] {processor.py:829} INFO - Processing file /home/airflow/.local/lib/python3.8/site-packages/airflow/example_dags/example_external_task_marker_dag.py for tasks to queue
[2023-10-10T09:06:44.997+0000] {logging_mixin.py:151} INFO - [2023-10-10T09:06:44.997+0000] {dagbag.py:539} INFO - Filling up the DagBag from /home/airflow/.local/lib/python3.8/site-packages/airflow/example_dags/example_external_task_marker_dag.py
[2023-10-10T09:06:45.006+0000] {processor.py:839} INFO - DAG(s) dict_keys(['example_external_task_marker_child', 'example_external_task_marker_parent']) retrieved from /home/airflow/.local/lib/python3.8/site-packages/airflow/example_dags/example_external_task_marker_dag.py
[2023-10-10T09:06:45.033+0000] {logging_mixin.py:151} INFO - [2023-10-10T09:06:45.033+0000] {dag.py:2915} INFO - Sync 2 DAGs
[2023-10-10T09:06:45.043+0000] {logging_mixin.py:151} INFO - [2023-10-10T09:06:45.043+0000] {dag.py:3696} INFO - Setting next_dagrun for example_external_task_marker_child to None, run_after=None
[2023-10-10T09:06:45.045+0000] {logging_mixin.py:151} INFO - [2023-10-10T09:06:45.045+0000] {dag.py:3696} INFO - Setting next_dagrun for example_external_task_marker_parent to None, run_after=None
[2023-10-10T09:06:45.055+0000] {processor.py:179} INFO - Processing /home/airflow/.local/lib/python3.8/site-packages/airflow/example_dags/example_external_task_marker_dag.py took 0.065 seconds
[2023-10-10T09:07:15.099+0000] {processor.py:157} INFO - Started process (PID=2126) to work on /home/airflow/.local/lib/python3.8/site-packages/airflow/example_dags/example_external_task_marker_dag.py
[2023-10-10T09:07:15.099+0000] {processor.py:829} INFO - Processing file /home/airflow/.local/lib/python3.8/site-packages/airflow/example_dags/example_external_task_marker_dag.py for tasks to queue
[2023-10-10T09:07:15.101+0000] {logging_mixin.py:151} INFO - [2023-10-10T09:07:15.101+0000] {dagbag.py:539} INFO - Filling up the DagBag from /home/airflow/.local/lib/python3.8/site-packages/airflow/example_dags/example_external_task_marker_dag.py
[2023-10-10T09:07:15.105+0000] {processor.py:839} INFO - DAG(s) dict_keys(['example_external_task_marker_parent', 'example_external_task_marker_child']) retrieved from /home/airflow/.local/lib/python3.8/site-packages/airflow/example_dags/example_external_task_marker_dag.py
[2023-10-10T09:07:15.130+0000] {logging_mixin.py:151} INFO - [2023-10-10T09:07:15.130+0000] {dag.py:2915} INFO - Sync 2 DAGs
[2023-10-10T09:07:15.140+0000] {logging_mixin.py:151} INFO - [2023-10-10T09:07:15.140+0000] {dag.py:3696} INFO - Setting next_dagrun for example_external_task_marker_child to None, run_after=None
[2023-10-10T09:07:15.143+0000] {logging_mixin.py:151} INFO - [2023-10-10T09:07:15.143+0000] {dag.py:3696} INFO - Setting next_dagrun for example_external_task_marker_parent to None, run_after=None
[2023-10-10T09:07:15.152+0000] {processor.py:179} INFO - Processing /home/airflow/.local/lib/python3.8/site-packages/airflow/example_dags/example_external_task_marker_dag.py took 0.056 seconds
[2023-10-10T09:07:45.274+0000] {processor.py:157} INFO - Started process (PID=2187) to work on /home/airflow/.local/lib/python3.8/site-packages/airflow/example_dags/example_external_task_marker_dag.py
[2023-10-10T09:07:45.275+0000] {processor.py:829} INFO - Processing file /home/airflow/.local/lib/python3.8/site-packages/airflow/example_dags/example_external_task_marker_dag.py for tasks to queue
[2023-10-10T09:07:45.276+0000] {logging_mixin.py:151} INFO - [2023-10-10T09:07:45.276+0000] {dagbag.py:539} INFO - Filling up the DagBag from /home/airflow/.local/lib/python3.8/site-packages/airflow/example_dags/example_external_task_marker_dag.py
[2023-10-10T09:07:45.280+0000] {processor.py:839} INFO - DAG(s) dict_keys(['example_external_task_marker_child', 'example_external_task_marker_parent']) retrieved from /home/airflow/.local/lib/python3.8/site-packages/airflow/example_dags/example_external_task_marker_dag.py
[2023-10-10T09:07:45.298+0000] {logging_mixin.py:151} INFO - [2023-10-10T09:07:45.298+0000] {dag.py:2915} INFO - Sync 2 DAGs
[2023-10-10T09:07:45.306+0000] {logging_mixin.py:151} INFO - [2023-10-10T09:07:45.306+0000] {dag.py:3696} INFO - Setting next_dagrun for example_external_task_marker_child to None, run_after=None
[2023-10-10T09:07:45.308+0000] {logging_mixin.py:151} INFO - [2023-10-10T09:07:45.308+0000] {dag.py:3696} INFO - Setting next_dagrun for example_external_task_marker_parent to None, run_after=None
[2023-10-10T09:07:45.319+0000] {processor.py:179} INFO - Processing /home/airflow/.local/lib/python3.8/site-packages/airflow/example_dags/example_external_task_marker_dag.py took 0.047 seconds
[2023-10-10T09:08:16.027+0000] {processor.py:157} INFO - Started process (PID=2248) to work on /home/airflow/.local/lib/python3.8/site-packages/airflow/example_dags/example_external_task_marker_dag.py
[2023-10-10T09:08:16.028+0000] {processor.py:829} INFO - Processing file /home/airflow/.local/lib/python3.8/site-packages/airflow/example_dags/example_external_task_marker_dag.py for tasks to queue
[2023-10-10T09:08:16.029+0000] {logging_mixin.py:151} INFO - [2023-10-10T09:08:16.029+0000] {dagbag.py:539} INFO - Filling up the DagBag from /home/airflow/.local/lib/python3.8/site-packages/airflow/example_dags/example_external_task_marker_dag.py
[2023-10-10T09:08:16.033+0000] {processor.py:839} INFO - DAG(s) dict_keys(['example_external_task_marker_parent', 'example_external_task_marker_child']) retrieved from /home/airflow/.local/lib/python3.8/site-packages/airflow/example_dags/example_external_task_marker_dag.py
[2023-10-10T09:08:16.050+0000] {logging_mixin.py:151} INFO - [2023-10-10T09:08:16.050+0000] {dag.py:2915} INFO - Sync 2 DAGs
[2023-10-10T09:08:16.058+0000] {logging_mixin.py:151} INFO - [2023-10-10T09:08:16.058+0000] {dag.py:3696} INFO - Setting next_dagrun for example_external_task_marker_child to None, run_after=None
[2023-10-10T09:08:16.060+0000] {logging_mixin.py:151} INFO - [2023-10-10T09:08:16.060+0000] {dag.py:3696} INFO - Setting next_dagrun for example_external_task_marker_parent to None, run_after=None
[2023-10-10T09:08:16.069+0000] {processor.py:179} INFO - Processing /home/airflow/.local/lib/python3.8/site-packages/airflow/example_dags/example_external_task_marker_dag.py took 0.045 seconds
[2023-10-10T09:08:46.438+0000] {processor.py:157} INFO - Started process (PID=2309) to work on /home/airflow/.local/lib/python3.8/site-packages/airflow/example_dags/example_external_task_marker_dag.py
[2023-10-10T09:08:46.440+0000] {processor.py:829} INFO - Processing file /home/airflow/.local/lib/python3.8/site-packages/airflow/example_dags/example_external_task_marker_dag.py for tasks to queue
[2023-10-10T09:08:46.443+0000] {logging_mixin.py:151} INFO - [2023-10-10T09:08:46.443+0000] {dagbag.py:539} INFO - Filling up the DagBag from /home/airflow/.local/lib/python3.8/site-packages/airflow/example_dags/example_external_task_marker_dag.py
[2023-10-10T09:08:46.450+0000] {processor.py:839} INFO - DAG(s) dict_keys(['example_external_task_marker_child', 'example_external_task_marker_parent']) retrieved from /home/airflow/.local/lib/python3.8/site-packages/airflow/example_dags/example_external_task_marker_dag.py
[2023-10-10T09:08:46.472+0000] {logging_mixin.py:151} INFO - [2023-10-10T09:08:46.472+0000] {dag.py:2915} INFO - Sync 2 DAGs
[2023-10-10T09:08:46.480+0000] {logging_mixin.py:151} INFO - [2023-10-10T09:08:46.480+0000] {dag.py:3696} INFO - Setting next_dagrun for example_external_task_marker_child to None, run_after=None
[2023-10-10T09:08:46.483+0000] {logging_mixin.py:151} INFO - [2023-10-10T09:08:46.483+0000] {dag.py:3696} INFO - Setting next_dagrun for example_external_task_marker_parent to None, run_after=None
[2023-10-10T09:08:46.496+0000] {processor.py:179} INFO - Processing /home/airflow/.local/lib/python3.8/site-packages/airflow/example_dags/example_external_task_marker_dag.py took 0.063 seconds
[2023-10-10T09:09:16.879+0000] {processor.py:157} INFO - Started process (PID=2370) to work on /home/airflow/.local/lib/python3.8/site-packages/airflow/example_dags/example_external_task_marker_dag.py
[2023-10-10T09:09:16.880+0000] {processor.py:829} INFO - Processing file /home/airflow/.local/lib/python3.8/site-packages/airflow/example_dags/example_external_task_marker_dag.py for tasks to queue
[2023-10-10T09:09:16.882+0000] {logging_mixin.py:151} INFO - [2023-10-10T09:09:16.882+0000] {dagbag.py:539} INFO - Filling up the DagBag from /home/airflow/.local/lib/python3.8/site-packages/airflow/example_dags/example_external_task_marker_dag.py
[2023-10-10T09:09:16.886+0000] {processor.py:839} INFO - DAG(s) dict_keys(['example_external_task_marker_parent', 'example_external_task_marker_child']) retrieved from /home/airflow/.local/lib/python3.8/site-packages/airflow/example_dags/example_external_task_marker_dag.py
[2023-10-10T09:09:16.902+0000] {logging_mixin.py:151} INFO - [2023-10-10T09:09:16.902+0000] {dag.py:2915} INFO - Sync 2 DAGs
[2023-10-10T09:09:16.910+0000] {logging_mixin.py:151} INFO - [2023-10-10T09:09:16.910+0000] {dag.py:3696} INFO - Setting next_dagrun for example_external_task_marker_child to None, run_after=None
[2023-10-10T09:09:16.912+0000] {logging_mixin.py:151} INFO - [2023-10-10T09:09:16.912+0000] {dag.py:3696} INFO - Setting next_dagrun for example_external_task_marker_parent to None, run_after=None
[2023-10-10T09:09:16.920+0000] {processor.py:179} INFO - Processing /home/airflow/.local/lib/python3.8/site-packages/airflow/example_dags/example_external_task_marker_dag.py took 0.043 seconds
[2023-10-10T09:09:47.798+0000] {processor.py:157} INFO - Started process (PID=2431) to work on /home/airflow/.local/lib/python3.8/site-packages/airflow/example_dags/example_external_task_marker_dag.py
[2023-10-10T09:09:47.799+0000] {processor.py:829} INFO - Processing file /home/airflow/.local/lib/python3.8/site-packages/airflow/example_dags/example_external_task_marker_dag.py for tasks to queue
[2023-10-10T09:09:47.805+0000] {logging_mixin.py:151} INFO - [2023-10-10T09:09:47.804+0000] {dagbag.py:539} INFO - Filling up the DagBag from /home/airflow/.local/lib/python3.8/site-packages/airflow/example_dags/example_external_task_marker_dag.py
[2023-10-10T09:09:47.811+0000] {processor.py:839} INFO - DAG(s) dict_keys(['example_external_task_marker_parent', 'example_external_task_marker_child']) retrieved from /home/airflow/.local/lib/python3.8/site-packages/airflow/example_dags/example_external_task_marker_dag.py
[2023-10-10T09:09:47.854+0000] {logging_mixin.py:151} INFO - [2023-10-10T09:09:47.854+0000] {dag.py:2915} INFO - Sync 2 DAGs
[2023-10-10T09:09:47.864+0000] {logging_mixin.py:151} INFO - [2023-10-10T09:09:47.864+0000] {dag.py:3696} INFO - Setting next_dagrun for example_external_task_marker_child to None, run_after=None
[2023-10-10T09:09:47.866+0000] {logging_mixin.py:151} INFO - [2023-10-10T09:09:47.866+0000] {dag.py:3696} INFO - Setting next_dagrun for example_external_task_marker_parent to None, run_after=None
[2023-10-10T09:09:47.878+0000] {processor.py:179} INFO - Processing /home/airflow/.local/lib/python3.8/site-packages/airflow/example_dags/example_external_task_marker_dag.py took 0.084 seconds
[2023-10-10T09:10:18.522+0000] {processor.py:157} INFO - Started process (PID=2492) to work on /home/airflow/.local/lib/python3.8/site-packages/airflow/example_dags/example_external_task_marker_dag.py
[2023-10-10T09:10:18.524+0000] {processor.py:829} INFO - Processing file /home/airflow/.local/lib/python3.8/site-packages/airflow/example_dags/example_external_task_marker_dag.py for tasks to queue
[2023-10-10T09:10:18.527+0000] {logging_mixin.py:151} INFO - [2023-10-10T09:10:18.527+0000] {dagbag.py:539} INFO - Filling up the DagBag from /home/airflow/.local/lib/python3.8/site-packages/airflow/example_dags/example_external_task_marker_dag.py
[2023-10-10T09:10:18.540+0000] {processor.py:839} INFO - DAG(s) dict_keys(['example_external_task_marker_parent', 'example_external_task_marker_child']) retrieved from /home/airflow/.local/lib/python3.8/site-packages/airflow/example_dags/example_external_task_marker_dag.py
[2023-10-10T09:10:18.575+0000] {logging_mixin.py:151} INFO - [2023-10-10T09:10:18.575+0000] {dag.py:2915} INFO - Sync 2 DAGs
[2023-10-10T09:10:18.591+0000] {logging_mixin.py:151} INFO - [2023-10-10T09:10:18.590+0000] {dag.py:3696} INFO - Setting next_dagrun for example_external_task_marker_child to None, run_after=None
[2023-10-10T09:10:18.594+0000] {logging_mixin.py:151} INFO - [2023-10-10T09:10:18.594+0000] {dag.py:3696} INFO - Setting next_dagrun for example_external_task_marker_parent to None, run_after=None
[2023-10-10T09:10:18.608+0000] {processor.py:179} INFO - Processing /home/airflow/.local/lib/python3.8/site-packages/airflow/example_dags/example_external_task_marker_dag.py took 0.092 seconds
[2023-10-10T09:10:49.142+0000] {processor.py:157} INFO - Started process (PID=2553) to work on /home/airflow/.local/lib/python3.8/site-packages/airflow/example_dags/example_external_task_marker_dag.py
[2023-10-10T09:10:49.142+0000] {processor.py:829} INFO - Processing file /home/airflow/.local/lib/python3.8/site-packages/airflow/example_dags/example_external_task_marker_dag.py for tasks to queue
[2023-10-10T09:10:49.144+0000] {logging_mixin.py:151} INFO - [2023-10-10T09:10:49.144+0000] {dagbag.py:539} INFO - Filling up the DagBag from /home/airflow/.local/lib/python3.8/site-packages/airflow/example_dags/example_external_task_marker_dag.py
[2023-10-10T09:10:49.148+0000] {processor.py:839} INFO - DAG(s) dict_keys(['example_external_task_marker_child', 'example_external_task_marker_parent']) retrieved from /home/airflow/.local/lib/python3.8/site-packages/airflow/example_dags/example_external_task_marker_dag.py
[2023-10-10T09:10:49.176+0000] {logging_mixin.py:151} INFO - [2023-10-10T09:10:49.175+0000] {dag.py:2915} INFO - Sync 2 DAGs
[2023-10-10T09:10:49.195+0000] {logging_mixin.py:151} INFO - [2023-10-10T09:10:49.195+0000] {dag.py:3696} INFO - Setting next_dagrun for example_external_task_marker_child to None, run_after=None
[2023-10-10T09:10:49.199+0000] {logging_mixin.py:151} INFO - [2023-10-10T09:10:49.199+0000] {dag.py:3696} INFO - Setting next_dagrun for example_external_task_marker_parent to None, run_after=None
[2023-10-10T09:10:49.222+0000] {processor.py:179} INFO - Processing /home/airflow/.local/lib/python3.8/site-packages/airflow/example_dags/example_external_task_marker_dag.py took 0.083 seconds
[2023-10-10T09:11:19.372+0000] {processor.py:157} INFO - Started process (PID=2614) to work on /home/airflow/.local/lib/python3.8/site-packages/airflow/example_dags/example_external_task_marker_dag.py
[2023-10-10T09:11:19.373+0000] {processor.py:829} INFO - Processing file /home/airflow/.local/lib/python3.8/site-packages/airflow/example_dags/example_external_task_marker_dag.py for tasks to queue
[2023-10-10T09:11:19.375+0000] {logging_mixin.py:151} INFO - [2023-10-10T09:11:19.374+0000] {dagbag.py:539} INFO - Filling up the DagBag from /home/airflow/.local/lib/python3.8/site-packages/airflow/example_dags/example_external_task_marker_dag.py
[2023-10-10T09:11:19.380+0000] {processor.py:839} INFO - DAG(s) dict_keys(['example_external_task_marker_parent', 'example_external_task_marker_child']) retrieved from /home/airflow/.local/lib/python3.8/site-packages/airflow/example_dags/example_external_task_marker_dag.py
[2023-10-10T09:11:19.405+0000] {logging_mixin.py:151} INFO - [2023-10-10T09:11:19.405+0000] {dag.py:2915} INFO - Sync 2 DAGs
[2023-10-10T09:11:19.423+0000] {logging_mixin.py:151} INFO - [2023-10-10T09:11:19.423+0000] {dag.py:3696} INFO - Setting next_dagrun for example_external_task_marker_child to None, run_after=None
[2023-10-10T09:11:19.428+0000] {logging_mixin.py:151} INFO - [2023-10-10T09:11:19.428+0000] {dag.py:3696} INFO - Setting next_dagrun for example_external_task_marker_parent to None, run_after=None
[2023-10-10T09:11:19.454+0000] {processor.py:179} INFO - Processing /home/airflow/.local/lib/python3.8/site-packages/airflow/example_dags/example_external_task_marker_dag.py took 0.086 seconds
[2023-10-10T09:11:50.430+0000] {processor.py:157} INFO - Started process (PID=2675) to work on /home/airflow/.local/lib/python3.8/site-packages/airflow/example_dags/example_external_task_marker_dag.py
[2023-10-10T09:11:50.432+0000] {processor.py:829} INFO - Processing file /home/airflow/.local/lib/python3.8/site-packages/airflow/example_dags/example_external_task_marker_dag.py for tasks to queue
[2023-10-10T09:11:50.436+0000] {logging_mixin.py:151} INFO - [2023-10-10T09:11:50.435+0000] {dagbag.py:539} INFO - Filling up the DagBag from /home/airflow/.local/lib/python3.8/site-packages/airflow/example_dags/example_external_task_marker_dag.py
[2023-10-10T09:11:50.444+0000] {processor.py:839} INFO - DAG(s) dict_keys(['example_external_task_marker_child', 'example_external_task_marker_parent']) retrieved from /home/airflow/.local/lib/python3.8/site-packages/airflow/example_dags/example_external_task_marker_dag.py
[2023-10-10T09:11:50.478+0000] {logging_mixin.py:151} INFO - [2023-10-10T09:11:50.478+0000] {dag.py:2915} INFO - Sync 2 DAGs
[2023-10-10T09:11:50.491+0000] {logging_mixin.py:151} INFO - [2023-10-10T09:11:50.490+0000] {dag.py:3696} INFO - Setting next_dagrun for example_external_task_marker_child to None, run_after=None
[2023-10-10T09:11:50.495+0000] {logging_mixin.py:151} INFO - [2023-10-10T09:11:50.494+0000] {dag.py:3696} INFO - Setting next_dagrun for example_external_task_marker_parent to None, run_after=None
[2023-10-10T09:11:50.510+0000] {processor.py:179} INFO - Processing /home/airflow/.local/lib/python3.8/site-packages/airflow/example_dags/example_external_task_marker_dag.py took 0.083 seconds
[2023-10-10T09:12:20.629+0000] {processor.py:157} INFO - Started process (PID=2736) to work on /home/airflow/.local/lib/python3.8/site-packages/airflow/example_dags/example_external_task_marker_dag.py
[2023-10-10T09:12:20.631+0000] {processor.py:829} INFO - Processing file /home/airflow/.local/lib/python3.8/site-packages/airflow/example_dags/example_external_task_marker_dag.py for tasks to queue
[2023-10-10T09:12:20.632+0000] {logging_mixin.py:151} INFO - [2023-10-10T09:12:20.632+0000] {dagbag.py:539} INFO - Filling up the DagBag from /home/airflow/.local/lib/python3.8/site-packages/airflow/example_dags/example_external_task_marker_dag.py
[2023-10-10T09:12:20.636+0000] {processor.py:839} INFO - DAG(s) dict_keys(['example_external_task_marker_parent', 'example_external_task_marker_child']) retrieved from /home/airflow/.local/lib/python3.8/site-packages/airflow/example_dags/example_external_task_marker_dag.py
[2023-10-10T09:12:20.667+0000] {logging_mixin.py:151} INFO - [2023-10-10T09:12:20.666+0000] {dag.py:2915} INFO - Sync 2 DAGs
[2023-10-10T09:12:20.684+0000] {logging_mixin.py:151} INFO - [2023-10-10T09:12:20.684+0000] {dag.py:3696} INFO - Setting next_dagrun for example_external_task_marker_child to None, run_after=None
[2023-10-10T09:12:20.687+0000] {logging_mixin.py:151} INFO - [2023-10-10T09:12:20.687+0000] {dag.py:3696} INFO - Setting next_dagrun for example_external_task_marker_parent to None, run_after=None
[2023-10-10T09:12:20.704+0000] {processor.py:179} INFO - Processing /home/airflow/.local/lib/python3.8/site-packages/airflow/example_dags/example_external_task_marker_dag.py took 0.078 seconds
[2023-10-10T09:12:51.476+0000] {processor.py:157} INFO - Started process (PID=2796) to work on /home/airflow/.local/lib/python3.8/site-packages/airflow/example_dags/example_external_task_marker_dag.py
[2023-10-10T09:12:51.477+0000] {processor.py:829} INFO - Processing file /home/airflow/.local/lib/python3.8/site-packages/airflow/example_dags/example_external_task_marker_dag.py for tasks to queue
[2023-10-10T09:12:51.479+0000] {logging_mixin.py:151} INFO - [2023-10-10T09:12:51.478+0000] {dagbag.py:539} INFO - Filling up the DagBag from /home/airflow/.local/lib/python3.8/site-packages/airflow/example_dags/example_external_task_marker_dag.py
[2023-10-10T09:12:51.483+0000] {processor.py:839} INFO - DAG(s) dict_keys(['example_external_task_marker_child', 'example_external_task_marker_parent']) retrieved from /home/airflow/.local/lib/python3.8/site-packages/airflow/example_dags/example_external_task_marker_dag.py
[2023-10-10T09:12:51.507+0000] {logging_mixin.py:151} INFO - [2023-10-10T09:12:51.507+0000] {dag.py:2915} INFO - Sync 2 DAGs
[2023-10-10T09:12:51.517+0000] {logging_mixin.py:151} INFO - [2023-10-10T09:12:51.517+0000] {dag.py:3696} INFO - Setting next_dagrun for example_external_task_marker_child to None, run_after=None
[2023-10-10T09:12:51.520+0000] {logging_mixin.py:151} INFO - [2023-10-10T09:12:51.519+0000] {dag.py:3696} INFO - Setting next_dagrun for example_external_task_marker_parent to None, run_after=None
[2023-10-10T09:12:51.533+0000] {processor.py:179} INFO - Processing /home/airflow/.local/lib/python3.8/site-packages/airflow/example_dags/example_external_task_marker_dag.py took 0.059 seconds
[2023-10-10T09:13:22.443+0000] {processor.py:157} INFO - Started process (PID=2857) to work on /home/airflow/.local/lib/python3.8/site-packages/airflow/example_dags/example_external_task_marker_dag.py
[2023-10-10T09:13:22.444+0000] {processor.py:829} INFO - Processing file /home/airflow/.local/lib/python3.8/site-packages/airflow/example_dags/example_external_task_marker_dag.py for tasks to queue
[2023-10-10T09:13:22.445+0000] {logging_mixin.py:151} INFO - [2023-10-10T09:13:22.445+0000] {dagbag.py:539} INFO - Filling up the DagBag from /home/airflow/.local/lib/python3.8/site-packages/airflow/example_dags/example_external_task_marker_dag.py
[2023-10-10T09:13:22.449+0000] {processor.py:839} INFO - DAG(s) dict_keys(['example_external_task_marker_parent', 'example_external_task_marker_child']) retrieved from /home/airflow/.local/lib/python3.8/site-packages/airflow/example_dags/example_external_task_marker_dag.py
[2023-10-10T09:13:22.468+0000] {logging_mixin.py:151} INFO - [2023-10-10T09:13:22.467+0000] {dag.py:2915} INFO - Sync 2 DAGs
[2023-10-10T09:13:22.476+0000] {logging_mixin.py:151} INFO - [2023-10-10T09:13:22.476+0000] {dag.py:3696} INFO - Setting next_dagrun for example_external_task_marker_child to None, run_after=None
[2023-10-10T09:13:22.478+0000] {logging_mixin.py:151} INFO - [2023-10-10T09:13:22.478+0000] {dag.py:3696} INFO - Setting next_dagrun for example_external_task_marker_parent to None, run_after=None
[2023-10-10T09:13:22.488+0000] {processor.py:179} INFO - Processing /home/airflow/.local/lib/python3.8/site-packages/airflow/example_dags/example_external_task_marker_dag.py took 0.048 seconds
[2023-10-10T09:13:52.886+0000] {processor.py:157} INFO - Started process (PID=2918) to work on /home/airflow/.local/lib/python3.8/site-packages/airflow/example_dags/example_external_task_marker_dag.py
[2023-10-10T09:13:52.888+0000] {processor.py:829} INFO - Processing file /home/airflow/.local/lib/python3.8/site-packages/airflow/example_dags/example_external_task_marker_dag.py for tasks to queue
[2023-10-10T09:13:52.889+0000] {logging_mixin.py:151} INFO - [2023-10-10T09:13:52.889+0000] {dagbag.py:539} INFO - Filling up the DagBag from /home/airflow/.local/lib/python3.8/site-packages/airflow/example_dags/example_external_task_marker_dag.py
[2023-10-10T09:13:52.893+0000] {processor.py:839} INFO - DAG(s) dict_keys(['example_external_task_marker_child', 'example_external_task_marker_parent']) retrieved from /home/airflow/.local/lib/python3.8/site-packages/airflow/example_dags/example_external_task_marker_dag.py
[2023-10-10T09:13:52.910+0000] {logging_mixin.py:151} INFO - [2023-10-10T09:13:52.910+0000] {dag.py:2915} INFO - Sync 2 DAGs
[2023-10-10T09:13:52.920+0000] {logging_mixin.py:151} INFO - [2023-10-10T09:13:52.920+0000] {dag.py:3696} INFO - Setting next_dagrun for example_external_task_marker_child to None, run_after=None
[2023-10-10T09:13:52.922+0000] {logging_mixin.py:151} INFO - [2023-10-10T09:13:52.922+0000] {dag.py:3696} INFO - Setting next_dagrun for example_external_task_marker_parent to None, run_after=None
[2023-10-10T09:13:52.931+0000] {processor.py:179} INFO - Processing /home/airflow/.local/lib/python3.8/site-packages/airflow/example_dags/example_external_task_marker_dag.py took 0.047 seconds
[2023-10-10T09:14:23.672+0000] {processor.py:157} INFO - Started process (PID=2979) to work on /home/airflow/.local/lib/python3.8/site-packages/airflow/example_dags/example_external_task_marker_dag.py
[2023-10-10T09:14:23.673+0000] {processor.py:829} INFO - Processing file /home/airflow/.local/lib/python3.8/site-packages/airflow/example_dags/example_external_task_marker_dag.py for tasks to queue
[2023-10-10T09:14:23.675+0000] {logging_mixin.py:151} INFO - [2023-10-10T09:14:23.674+0000] {dagbag.py:539} INFO - Filling up the DagBag from /home/airflow/.local/lib/python3.8/site-packages/airflow/example_dags/example_external_task_marker_dag.py
[2023-10-10T09:14:23.679+0000] {processor.py:839} INFO - DAG(s) dict_keys(['example_external_task_marker_child', 'example_external_task_marker_parent']) retrieved from /home/airflow/.local/lib/python3.8/site-packages/airflow/example_dags/example_external_task_marker_dag.py
[2023-10-10T09:14:23.699+0000] {logging_mixin.py:151} INFO - [2023-10-10T09:14:23.699+0000] {dag.py:2915} INFO - Sync 2 DAGs
[2023-10-10T09:14:23.708+0000] {logging_mixin.py:151} INFO - [2023-10-10T09:14:23.708+0000] {dag.py:3696} INFO - Setting next_dagrun for example_external_task_marker_child to None, run_after=None
[2023-10-10T09:14:23.710+0000] {logging_mixin.py:151} INFO - [2023-10-10T09:14:23.710+0000] {dag.py:3696} INFO - Setting next_dagrun for example_external_task_marker_parent to None, run_after=None
[2023-10-10T09:14:23.720+0000] {processor.py:179} INFO - Processing /home/airflow/.local/lib/python3.8/site-packages/airflow/example_dags/example_external_task_marker_dag.py took 0.050 seconds
[2023-10-10T09:14:54.114+0000] {processor.py:157} INFO - Started process (PID=3040) to work on /home/airflow/.local/lib/python3.8/site-packages/airflow/example_dags/example_external_task_marker_dag.py
[2023-10-10T09:14:54.115+0000] {processor.py:829} INFO - Processing file /home/airflow/.local/lib/python3.8/site-packages/airflow/example_dags/example_external_task_marker_dag.py for tasks to queue
[2023-10-10T09:14:54.117+0000] {logging_mixin.py:151} INFO - [2023-10-10T09:14:54.117+0000] {dagbag.py:539} INFO - Filling up the DagBag from /home/airflow/.local/lib/python3.8/site-packages/airflow/example_dags/example_external_task_marker_dag.py
[2023-10-10T09:14:54.121+0000] {processor.py:839} INFO - DAG(s) dict_keys(['example_external_task_marker_child', 'example_external_task_marker_parent']) retrieved from /home/airflow/.local/lib/python3.8/site-packages/airflow/example_dags/example_external_task_marker_dag.py
[2023-10-10T09:14:54.141+0000] {logging_mixin.py:151} INFO - [2023-10-10T09:14:54.141+0000] {dag.py:2915} INFO - Sync 2 DAGs
[2023-10-10T09:14:54.149+0000] {logging_mixin.py:151} INFO - [2023-10-10T09:14:54.149+0000] {dag.py:3696} INFO - Setting next_dagrun for example_external_task_marker_child to None, run_after=None
[2023-10-10T09:14:54.150+0000] {logging_mixin.py:151} INFO - [2023-10-10T09:14:54.150+0000] {dag.py:3696} INFO - Setting next_dagrun for example_external_task_marker_parent to None, run_after=None
[2023-10-10T09:14:54.158+0000] {processor.py:179} INFO - Processing /home/airflow/.local/lib/python3.8/site-packages/airflow/example_dags/example_external_task_marker_dag.py took 0.046 seconds
[2023-10-10T09:15:24.424+0000] {processor.py:157} INFO - Started process (PID=3101) to work on /home/airflow/.local/lib/python3.8/site-packages/airflow/example_dags/example_external_task_marker_dag.py
[2023-10-10T09:15:24.425+0000] {processor.py:829} INFO - Processing file /home/airflow/.local/lib/python3.8/site-packages/airflow/example_dags/example_external_task_marker_dag.py for tasks to queue
[2023-10-10T09:15:24.426+0000] {logging_mixin.py:151} INFO - [2023-10-10T09:15:24.426+0000] {dagbag.py:539} INFO - Filling up the DagBag from /home/airflow/.local/lib/python3.8/site-packages/airflow/example_dags/example_external_task_marker_dag.py
[2023-10-10T09:15:24.430+0000] {processor.py:839} INFO - DAG(s) dict_keys(['example_external_task_marker_child', 'example_external_task_marker_parent']) retrieved from /home/airflow/.local/lib/python3.8/site-packages/airflow/example_dags/example_external_task_marker_dag.py
[2023-10-10T09:15:24.448+0000] {logging_mixin.py:151} INFO - [2023-10-10T09:15:24.448+0000] {dag.py:2915} INFO - Sync 2 DAGs
[2023-10-10T09:15:24.456+0000] {logging_mixin.py:151} INFO - [2023-10-10T09:15:24.456+0000] {dag.py:3696} INFO - Setting next_dagrun for example_external_task_marker_child to None, run_after=None
[2023-10-10T09:15:24.458+0000] {logging_mixin.py:151} INFO - [2023-10-10T09:15:24.458+0000] {dag.py:3696} INFO - Setting next_dagrun for example_external_task_marker_parent to None, run_after=None
[2023-10-10T09:15:24.466+0000] {processor.py:179} INFO - Processing /home/airflow/.local/lib/python3.8/site-packages/airflow/example_dags/example_external_task_marker_dag.py took 0.044 seconds
[2023-10-10T09:15:54.831+0000] {processor.py:157} INFO - Started process (PID=3162) to work on /home/airflow/.local/lib/python3.8/site-packages/airflow/example_dags/example_external_task_marker_dag.py
[2023-10-10T09:15:54.833+0000] {processor.py:829} INFO - Processing file /home/airflow/.local/lib/python3.8/site-packages/airflow/example_dags/example_external_task_marker_dag.py for tasks to queue
[2023-10-10T09:15:54.834+0000] {logging_mixin.py:151} INFO - [2023-10-10T09:15:54.834+0000] {dagbag.py:539} INFO - Filling up the DagBag from /home/airflow/.local/lib/python3.8/site-packages/airflow/example_dags/example_external_task_marker_dag.py
[2023-10-10T09:15:54.839+0000] {processor.py:839} INFO - DAG(s) dict_keys(['example_external_task_marker_parent', 'example_external_task_marker_child']) retrieved from /home/airflow/.local/lib/python3.8/site-packages/airflow/example_dags/example_external_task_marker_dag.py
[2023-10-10T09:15:54.864+0000] {logging_mixin.py:151} INFO - [2023-10-10T09:15:54.864+0000] {dag.py:2915} INFO - Sync 2 DAGs
[2023-10-10T09:15:54.875+0000] {logging_mixin.py:151} INFO - [2023-10-10T09:15:54.875+0000] {dag.py:3696} INFO - Setting next_dagrun for example_external_task_marker_child to None, run_after=None
[2023-10-10T09:15:54.877+0000] {logging_mixin.py:151} INFO - [2023-10-10T09:15:54.877+0000] {dag.py:3696} INFO - Setting next_dagrun for example_external_task_marker_parent to None, run_after=None
[2023-10-10T09:15:54.887+0000] {processor.py:179} INFO - Processing /home/airflow/.local/lib/python3.8/site-packages/airflow/example_dags/example_external_task_marker_dag.py took 0.059 seconds
[2023-10-10T09:16:25.709+0000] {processor.py:157} INFO - Started process (PID=3223) to work on /home/airflow/.local/lib/python3.8/site-packages/airflow/example_dags/example_external_task_marker_dag.py
[2023-10-10T09:16:25.709+0000] {processor.py:829} INFO - Processing file /home/airflow/.local/lib/python3.8/site-packages/airflow/example_dags/example_external_task_marker_dag.py for tasks to queue
[2023-10-10T09:16:25.711+0000] {logging_mixin.py:151} INFO - [2023-10-10T09:16:25.711+0000] {dagbag.py:539} INFO - Filling up the DagBag from /home/airflow/.local/lib/python3.8/site-packages/airflow/example_dags/example_external_task_marker_dag.py
[2023-10-10T09:16:25.715+0000] {processor.py:839} INFO - DAG(s) dict_keys(['example_external_task_marker_child', 'example_external_task_marker_parent']) retrieved from /home/airflow/.local/lib/python3.8/site-packages/airflow/example_dags/example_external_task_marker_dag.py
[2023-10-10T09:16:25.733+0000] {logging_mixin.py:151} INFO - [2023-10-10T09:16:25.733+0000] {dag.py:2915} INFO - Sync 2 DAGs
[2023-10-10T09:16:25.741+0000] {logging_mixin.py:151} INFO - [2023-10-10T09:16:25.741+0000] {dag.py:3696} INFO - Setting next_dagrun for example_external_task_marker_child to None, run_after=None
[2023-10-10T09:16:25.743+0000] {logging_mixin.py:151} INFO - [2023-10-10T09:16:25.743+0000] {dag.py:3696} INFO - Setting next_dagrun for example_external_task_marker_parent to None, run_after=None
[2023-10-10T09:16:25.751+0000] {processor.py:179} INFO - Processing /home/airflow/.local/lib/python3.8/site-packages/airflow/example_dags/example_external_task_marker_dag.py took 0.045 seconds
[2023-10-10T09:16:56.282+0000] {processor.py:157} INFO - Started process (PID=3284) to work on /home/airflow/.local/lib/python3.8/site-packages/airflow/example_dags/example_external_task_marker_dag.py
[2023-10-10T09:16:56.283+0000] {processor.py:829} INFO - Processing file /home/airflow/.local/lib/python3.8/site-packages/airflow/example_dags/example_external_task_marker_dag.py for tasks to queue
[2023-10-10T09:16:56.285+0000] {logging_mixin.py:151} INFO - [2023-10-10T09:16:56.285+0000] {dagbag.py:539} INFO - Filling up the DagBag from /home/airflow/.local/lib/python3.8/site-packages/airflow/example_dags/example_external_task_marker_dag.py
[2023-10-10T09:16:56.289+0000] {processor.py:839} INFO - DAG(s) dict_keys(['example_external_task_marker_parent', 'example_external_task_marker_child']) retrieved from /home/airflow/.local/lib/python3.8/site-packages/airflow/example_dags/example_external_task_marker_dag.py
[2023-10-10T09:16:56.306+0000] {logging_mixin.py:151} INFO - [2023-10-10T09:16:56.306+0000] {dag.py:2915} INFO - Sync 2 DAGs
[2023-10-10T09:16:56.314+0000] {logging_mixin.py:151} INFO - [2023-10-10T09:16:56.314+0000] {dag.py:3696} INFO - Setting next_dagrun for example_external_task_marker_child to None, run_after=None
[2023-10-10T09:16:56.316+0000] {logging_mixin.py:151} INFO - [2023-10-10T09:16:56.316+0000] {dag.py:3696} INFO - Setting next_dagrun for example_external_task_marker_parent to None, run_after=None
[2023-10-10T09:16:56.324+0000] {processor.py:179} INFO - Processing /home/airflow/.local/lib/python3.8/site-packages/airflow/example_dags/example_external_task_marker_dag.py took 0.045 seconds
[2023-10-10T09:17:27.186+0000] {processor.py:157} INFO - Started process (PID=3344) to work on /home/airflow/.local/lib/python3.8/site-packages/airflow/example_dags/example_external_task_marker_dag.py
[2023-10-10T09:17:27.187+0000] {processor.py:829} INFO - Processing file /home/airflow/.local/lib/python3.8/site-packages/airflow/example_dags/example_external_task_marker_dag.py for tasks to queue
[2023-10-10T09:17:27.188+0000] {logging_mixin.py:151} INFO - [2023-10-10T09:17:27.188+0000] {dagbag.py:539} INFO - Filling up the DagBag from /home/airflow/.local/lib/python3.8/site-packages/airflow/example_dags/example_external_task_marker_dag.py
[2023-10-10T09:17:27.192+0000] {processor.py:839} INFO - DAG(s) dict_keys(['example_external_task_marker_parent', 'example_external_task_marker_child']) retrieved from /home/airflow/.local/lib/python3.8/site-packages/airflow/example_dags/example_external_task_marker_dag.py
[2023-10-10T09:17:27.209+0000] {logging_mixin.py:151} INFO - [2023-10-10T09:17:27.209+0000] {dag.py:2915} INFO - Sync 2 DAGs
[2023-10-10T09:17:27.217+0000] {logging_mixin.py:151} INFO - [2023-10-10T09:17:27.217+0000] {dag.py:3696} INFO - Setting next_dagrun for example_external_task_marker_child to None, run_after=None
[2023-10-10T09:17:27.219+0000] {logging_mixin.py:151} INFO - [2023-10-10T09:17:27.218+0000] {dag.py:3696} INFO - Setting next_dagrun for example_external_task_marker_parent to None, run_after=None
[2023-10-10T09:17:27.227+0000] {processor.py:179} INFO - Processing /home/airflow/.local/lib/python3.8/site-packages/airflow/example_dags/example_external_task_marker_dag.py took 0.043 seconds
[2023-10-10T09:17:57.667+0000] {processor.py:157} INFO - Started process (PID=3405) to work on /home/airflow/.local/lib/python3.8/site-packages/airflow/example_dags/example_external_task_marker_dag.py
[2023-10-10T09:17:57.668+0000] {processor.py:829} INFO - Processing file /home/airflow/.local/lib/python3.8/site-packages/airflow/example_dags/example_external_task_marker_dag.py for tasks to queue
[2023-10-10T09:17:57.670+0000] {logging_mixin.py:151} INFO - [2023-10-10T09:17:57.670+0000] {dagbag.py:539} INFO - Filling up the DagBag from /home/airflow/.local/lib/python3.8/site-packages/airflow/example_dags/example_external_task_marker_dag.py
[2023-10-10T09:17:57.674+0000] {processor.py:839} INFO - DAG(s) dict_keys(['example_external_task_marker_child', 'example_external_task_marker_parent']) retrieved from /home/airflow/.local/lib/python3.8/site-packages/airflow/example_dags/example_external_task_marker_dag.py
[2023-10-10T09:17:57.701+0000] {logging_mixin.py:151} INFO - [2023-10-10T09:17:57.701+0000] {dag.py:2915} INFO - Sync 2 DAGs
[2023-10-10T09:17:57.712+0000] {logging_mixin.py:151} INFO - [2023-10-10T09:17:57.712+0000] {dag.py:3696} INFO - Setting next_dagrun for example_external_task_marker_child to None, run_after=None
[2023-10-10T09:17:57.714+0000] {logging_mixin.py:151} INFO - [2023-10-10T09:17:57.714+0000] {dag.py:3696} INFO - Setting next_dagrun for example_external_task_marker_parent to None, run_after=None
[2023-10-10T09:17:57.728+0000] {processor.py:179} INFO - Processing /home/airflow/.local/lib/python3.8/site-packages/airflow/example_dags/example_external_task_marker_dag.py took 0.063 seconds
[2023-10-10T09:18:27.789+0000] {processor.py:157} INFO - Started process (PID=3465) to work on /home/airflow/.local/lib/python3.8/site-packages/airflow/example_dags/example_external_task_marker_dag.py
[2023-10-10T09:18:27.789+0000] {processor.py:829} INFO - Processing file /home/airflow/.local/lib/python3.8/site-packages/airflow/example_dags/example_external_task_marker_dag.py for tasks to queue
[2023-10-10T09:18:27.791+0000] {logging_mixin.py:151} INFO - [2023-10-10T09:18:27.790+0000] {dagbag.py:539} INFO - Filling up the DagBag from /home/airflow/.local/lib/python3.8/site-packages/airflow/example_dags/example_external_task_marker_dag.py
[2023-10-10T09:18:27.795+0000] {processor.py:839} INFO - DAG(s) dict_keys(['example_external_task_marker_child', 'example_external_task_marker_parent']) retrieved from /home/airflow/.local/lib/python3.8/site-packages/airflow/example_dags/example_external_task_marker_dag.py
[2023-10-10T09:18:27.811+0000] {logging_mixin.py:151} INFO - [2023-10-10T09:18:27.811+0000] {dag.py:2915} INFO - Sync 2 DAGs
[2023-10-10T09:18:27.818+0000] {logging_mixin.py:151} INFO - [2023-10-10T09:18:27.818+0000] {dag.py:3696} INFO - Setting next_dagrun for example_external_task_marker_child to None, run_after=None
[2023-10-10T09:18:27.820+0000] {logging_mixin.py:151} INFO - [2023-10-10T09:18:27.820+0000] {dag.py:3696} INFO - Setting next_dagrun for example_external_task_marker_parent to None, run_after=None
[2023-10-10T09:18:27.828+0000] {processor.py:179} INFO - Processing /home/airflow/.local/lib/python3.8/site-packages/airflow/example_dags/example_external_task_marker_dag.py took 0.042 seconds
[2023-10-10T09:18:57.960+0000] {processor.py:157} INFO - Started process (PID=3526) to work on /home/airflow/.local/lib/python3.8/site-packages/airflow/example_dags/example_external_task_marker_dag.py
[2023-10-10T09:18:57.961+0000] {processor.py:829} INFO - Processing file /home/airflow/.local/lib/python3.8/site-packages/airflow/example_dags/example_external_task_marker_dag.py for tasks to queue
[2023-10-10T09:18:57.962+0000] {logging_mixin.py:151} INFO - [2023-10-10T09:18:57.962+0000] {dagbag.py:539} INFO - Filling up the DagBag from /home/airflow/.local/lib/python3.8/site-packages/airflow/example_dags/example_external_task_marker_dag.py
[2023-10-10T09:18:57.966+0000] {processor.py:839} INFO - DAG(s) dict_keys(['example_external_task_marker_parent', 'example_external_task_marker_child']) retrieved from /home/airflow/.local/lib/python3.8/site-packages/airflow/example_dags/example_external_task_marker_dag.py
[2023-10-10T09:18:57.991+0000] {logging_mixin.py:151} INFO - [2023-10-10T09:18:57.991+0000] {dag.py:2915} INFO - Sync 2 DAGs
[2023-10-10T09:18:58.000+0000] {logging_mixin.py:151} INFO - [2023-10-10T09:18:58.000+0000] {dag.py:3696} INFO - Setting next_dagrun for example_external_task_marker_child to None, run_after=None
[2023-10-10T09:18:58.002+0000] {logging_mixin.py:151} INFO - [2023-10-10T09:18:58.002+0000] {dag.py:3696} INFO - Setting next_dagrun for example_external_task_marker_parent to None, run_after=None
[2023-10-10T09:18:58.012+0000] {processor.py:179} INFO - Processing /home/airflow/.local/lib/python3.8/site-packages/airflow/example_dags/example_external_task_marker_dag.py took 0.054 seconds
[2023-10-10T09:19:28.236+0000] {processor.py:157} INFO - Started process (PID=3587) to work on /home/airflow/.local/lib/python3.8/site-packages/airflow/example_dags/example_external_task_marker_dag.py
[2023-10-10T09:19:28.236+0000] {processor.py:829} INFO - Processing file /home/airflow/.local/lib/python3.8/site-packages/airflow/example_dags/example_external_task_marker_dag.py for tasks to queue
[2023-10-10T09:19:28.239+0000] {logging_mixin.py:151} INFO - [2023-10-10T09:19:28.239+0000] {dagbag.py:539} INFO - Filling up the DagBag from /home/airflow/.local/lib/python3.8/site-packages/airflow/example_dags/example_external_task_marker_dag.py
[2023-10-10T09:19:28.245+0000] {processor.py:839} INFO - DAG(s) dict_keys(['example_external_task_marker_child', 'example_external_task_marker_parent']) retrieved from /home/airflow/.local/lib/python3.8/site-packages/airflow/example_dags/example_external_task_marker_dag.py
[2023-10-10T09:19:28.263+0000] {logging_mixin.py:151} INFO - [2023-10-10T09:19:28.263+0000] {dag.py:2915} INFO - Sync 2 DAGs
[2023-10-10T09:19:28.271+0000] {logging_mixin.py:151} INFO - [2023-10-10T09:19:28.271+0000] {dag.py:3696} INFO - Setting next_dagrun for example_external_task_marker_child to None, run_after=None
[2023-10-10T09:19:28.273+0000] {logging_mixin.py:151} INFO - [2023-10-10T09:19:28.273+0000] {dag.py:3696} INFO - Setting next_dagrun for example_external_task_marker_parent to None, run_after=None
[2023-10-10T09:19:28.281+0000] {processor.py:179} INFO - Processing /home/airflow/.local/lib/python3.8/site-packages/airflow/example_dags/example_external_task_marker_dag.py took 0.048 seconds
[2023-10-10T09:19:58.646+0000] {processor.py:157} INFO - Started process (PID=3648) to work on /home/airflow/.local/lib/python3.8/site-packages/airflow/example_dags/example_external_task_marker_dag.py
[2023-10-10T09:19:58.647+0000] {processor.py:829} INFO - Processing file /home/airflow/.local/lib/python3.8/site-packages/airflow/example_dags/example_external_task_marker_dag.py for tasks to queue
[2023-10-10T09:19:58.648+0000] {logging_mixin.py:151} INFO - [2023-10-10T09:19:58.648+0000] {dagbag.py:539} INFO - Filling up the DagBag from /home/airflow/.local/lib/python3.8/site-packages/airflow/example_dags/example_external_task_marker_dag.py
[2023-10-10T09:19:58.652+0000] {processor.py:839} INFO - DAG(s) dict_keys(['example_external_task_marker_parent', 'example_external_task_marker_child']) retrieved from /home/airflow/.local/lib/python3.8/site-packages/airflow/example_dags/example_external_task_marker_dag.py
[2023-10-10T09:19:58.670+0000] {logging_mixin.py:151} INFO - [2023-10-10T09:19:58.670+0000] {dag.py:2915} INFO - Sync 2 DAGs
[2023-10-10T09:19:58.678+0000] {logging_mixin.py:151} INFO - [2023-10-10T09:19:58.678+0000] {dag.py:3696} INFO - Setting next_dagrun for example_external_task_marker_child to None, run_after=None
[2023-10-10T09:19:58.680+0000] {logging_mixin.py:151} INFO - [2023-10-10T09:19:58.680+0000] {dag.py:3696} INFO - Setting next_dagrun for example_external_task_marker_parent to None, run_after=None
[2023-10-10T09:19:58.690+0000] {processor.py:179} INFO - Processing /home/airflow/.local/lib/python3.8/site-packages/airflow/example_dags/example_external_task_marker_dag.py took 0.046 seconds
