[2023-10-10T08:49:51.022+0000] {processor.py:157} INFO - Started process (PID=54) to work on /home/airflow/.local/lib/python3.8/site-packages/airflow/example_dags/example_setup_teardown_taskflow.py
[2023-10-10T08:49:51.027+0000] {processor.py:829} INFO - Processing file /home/airflow/.local/lib/python3.8/site-packages/airflow/example_dags/example_setup_teardown_taskflow.py for tasks to queue
[2023-10-10T08:49:51.033+0000] {logging_mixin.py:151} INFO - [2023-10-10T08:49:51.032+0000] {dagbag.py:539} INFO - Filling up the DagBag from /home/airflow/.local/lib/python3.8/site-packages/airflow/example_dags/example_setup_teardown_taskflow.py
[2023-10-10T08:49:51.055+0000] {processor.py:839} INFO - DAG(s) dict_keys(['example_setup_teardown_taskflow']) retrieved from /home/airflow/.local/lib/python3.8/site-packages/airflow/example_dags/example_setup_teardown_taskflow.py
[2023-10-10T08:49:51.096+0000] {logging_mixin.py:151} INFO - [2023-10-10T08:49:51.095+0000] {dag.py:2915} INFO - Sync 1 DAGs
[2023-10-10T08:49:51.162+0000] {logging_mixin.py:151} INFO - [2023-10-10T08:49:51.162+0000] {dag.py:3696} INFO - Setting next_dagrun for example_setup_teardown_taskflow to 2023-10-09T08:49:51.161556+00:00, run_after=2023-10-10T08:49:51.161556+00:00
[2023-10-10T08:49:51.201+0000] {processor.py:179} INFO - Processing /home/airflow/.local/lib/python3.8/site-packages/airflow/example_dags/example_setup_teardown_taskflow.py took 0.196 seconds
[2023-10-10T08:50:24.057+0000] {processor.py:157} INFO - Started process (PID=114) to work on /home/airflow/.local/lib/python3.8/site-packages/airflow/example_dags/example_setup_teardown_taskflow.py
[2023-10-10T08:50:24.058+0000] {processor.py:829} INFO - Processing file /home/airflow/.local/lib/python3.8/site-packages/airflow/example_dags/example_setup_teardown_taskflow.py for tasks to queue
[2023-10-10T08:50:24.061+0000] {logging_mixin.py:151} INFO - [2023-10-10T08:50:24.060+0000] {dagbag.py:539} INFO - Filling up the DagBag from /home/airflow/.local/lib/python3.8/site-packages/airflow/example_dags/example_setup_teardown_taskflow.py
[2023-10-10T08:50:24.069+0000] {processor.py:839} INFO - DAG(s) dict_keys(['example_setup_teardown_taskflow']) retrieved from /home/airflow/.local/lib/python3.8/site-packages/airflow/example_dags/example_setup_teardown_taskflow.py
[2023-10-10T08:50:24.097+0000] {logging_mixin.py:151} INFO - [2023-10-10T08:50:24.097+0000] {dag.py:2915} INFO - Sync 1 DAGs
[2023-10-10T08:50:24.126+0000] {logging_mixin.py:151} INFO - [2023-10-10T08:50:24.126+0000] {dag.py:3696} INFO - Setting next_dagrun for example_setup_teardown_taskflow to 2023-10-09T08:50:24.126374+00:00, run_after=2023-10-10T08:50:24.126374+00:00
[2023-10-10T08:50:24.145+0000] {processor.py:179} INFO - Processing /home/airflow/.local/lib/python3.8/site-packages/airflow/example_dags/example_setup_teardown_taskflow.py took 0.092 seconds
[2023-10-10T08:50:55.032+0000] {processor.py:157} INFO - Started process (PID=169) to work on /home/airflow/.local/lib/python3.8/site-packages/airflow/example_dags/example_setup_teardown_taskflow.py
[2023-10-10T08:50:55.035+0000] {processor.py:829} INFO - Processing file /home/airflow/.local/lib/python3.8/site-packages/airflow/example_dags/example_setup_teardown_taskflow.py for tasks to queue
[2023-10-10T08:50:55.039+0000] {logging_mixin.py:151} INFO - [2023-10-10T08:50:55.039+0000] {dagbag.py:539} INFO - Filling up the DagBag from /home/airflow/.local/lib/python3.8/site-packages/airflow/example_dags/example_setup_teardown_taskflow.py
[2023-10-10T08:50:55.055+0000] {processor.py:839} INFO - DAG(s) dict_keys(['example_setup_teardown_taskflow']) retrieved from /home/airflow/.local/lib/python3.8/site-packages/airflow/example_dags/example_setup_teardown_taskflow.py
[2023-10-10T08:50:55.083+0000] {logging_mixin.py:151} INFO - [2023-10-10T08:50:55.083+0000] {dag.py:2915} INFO - Sync 1 DAGs
[2023-10-10T08:50:55.106+0000] {logging_mixin.py:151} INFO - [2023-10-10T08:50:55.106+0000] {dag.py:3696} INFO - Setting next_dagrun for example_setup_teardown_taskflow to 2023-10-09T08:50:55.106353+00:00, run_after=2023-10-10T08:50:55.106353+00:00
[2023-10-10T08:50:55.119+0000] {processor.py:179} INFO - Processing /home/airflow/.local/lib/python3.8/site-packages/airflow/example_dags/example_setup_teardown_taskflow.py took 0.096 seconds
[2023-10-10T08:51:25.415+0000] {processor.py:157} INFO - Started process (PID=230) to work on /home/airflow/.local/lib/python3.8/site-packages/airflow/example_dags/example_setup_teardown_taskflow.py
[2023-10-10T08:51:25.417+0000] {processor.py:829} INFO - Processing file /home/airflow/.local/lib/python3.8/site-packages/airflow/example_dags/example_setup_teardown_taskflow.py for tasks to queue
[2023-10-10T08:51:25.420+0000] {logging_mixin.py:151} INFO - [2023-10-10T08:51:25.419+0000] {dagbag.py:539} INFO - Filling up the DagBag from /home/airflow/.local/lib/python3.8/site-packages/airflow/example_dags/example_setup_teardown_taskflow.py
[2023-10-10T08:51:25.429+0000] {processor.py:839} INFO - DAG(s) dict_keys(['example_setup_teardown_taskflow']) retrieved from /home/airflow/.local/lib/python3.8/site-packages/airflow/example_dags/example_setup_teardown_taskflow.py
[2023-10-10T08:51:25.449+0000] {logging_mixin.py:151} INFO - [2023-10-10T08:51:25.449+0000] {dag.py:2915} INFO - Sync 1 DAGs
[2023-10-10T08:51:25.465+0000] {logging_mixin.py:151} INFO - [2023-10-10T08:51:25.465+0000] {dag.py:3696} INFO - Setting next_dagrun for example_setup_teardown_taskflow to 2023-10-09T08:51:25.465239+00:00, run_after=2023-10-10T08:51:25.465239+00:00
[2023-10-10T08:51:25.476+0000] {processor.py:179} INFO - Processing /home/airflow/.local/lib/python3.8/site-packages/airflow/example_dags/example_setup_teardown_taskflow.py took 0.067 seconds
[2023-10-10T08:51:56.421+0000] {processor.py:157} INFO - Started process (PID=291) to work on /home/airflow/.local/lib/python3.8/site-packages/airflow/example_dags/example_setup_teardown_taskflow.py
[2023-10-10T08:51:56.429+0000] {processor.py:829} INFO - Processing file /home/airflow/.local/lib/python3.8/site-packages/airflow/example_dags/example_setup_teardown_taskflow.py for tasks to queue
[2023-10-10T08:51:56.441+0000] {logging_mixin.py:151} INFO - [2023-10-10T08:51:56.437+0000] {dagbag.py:539} INFO - Filling up the DagBag from /home/airflow/.local/lib/python3.8/site-packages/airflow/example_dags/example_setup_teardown_taskflow.py
[2023-10-10T08:51:56.464+0000] {processor.py:839} INFO - DAG(s) dict_keys(['example_setup_teardown_taskflow']) retrieved from /home/airflow/.local/lib/python3.8/site-packages/airflow/example_dags/example_setup_teardown_taskflow.py
[2023-10-10T08:51:56.566+0000] {logging_mixin.py:151} INFO - [2023-10-10T08:51:56.566+0000] {dag.py:2915} INFO - Sync 1 DAGs
[2023-10-10T08:51:56.589+0000] {logging_mixin.py:151} INFO - [2023-10-10T08:51:56.589+0000] {dag.py:3696} INFO - Setting next_dagrun for example_setup_teardown_taskflow to 2023-10-09T08:51:56.588873+00:00, run_after=2023-10-10T08:51:56.588873+00:00
[2023-10-10T08:51:56.603+0000] {processor.py:179} INFO - Processing /home/airflow/.local/lib/python3.8/site-packages/airflow/example_dags/example_setup_teardown_taskflow.py took 0.219 seconds
[2023-10-10T08:52:26.796+0000] {processor.py:157} INFO - Started process (PID=352) to work on /home/airflow/.local/lib/python3.8/site-packages/airflow/example_dags/example_setup_teardown_taskflow.py
[2023-10-10T08:52:26.798+0000] {processor.py:829} INFO - Processing file /home/airflow/.local/lib/python3.8/site-packages/airflow/example_dags/example_setup_teardown_taskflow.py for tasks to queue
[2023-10-10T08:52:26.801+0000] {logging_mixin.py:151} INFO - [2023-10-10T08:52:26.800+0000] {dagbag.py:539} INFO - Filling up the DagBag from /home/airflow/.local/lib/python3.8/site-packages/airflow/example_dags/example_setup_teardown_taskflow.py
[2023-10-10T08:52:26.811+0000] {processor.py:839} INFO - DAG(s) dict_keys(['example_setup_teardown_taskflow']) retrieved from /home/airflow/.local/lib/python3.8/site-packages/airflow/example_dags/example_setup_teardown_taskflow.py
[2023-10-10T08:52:26.837+0000] {logging_mixin.py:151} INFO - [2023-10-10T08:52:26.837+0000] {dag.py:2915} INFO - Sync 1 DAGs
[2023-10-10T08:52:26.858+0000] {logging_mixin.py:151} INFO - [2023-10-10T08:52:26.858+0000] {dag.py:3696} INFO - Setting next_dagrun for example_setup_teardown_taskflow to 2023-10-09T08:52:26.857664+00:00, run_after=2023-10-10T08:52:26.857664+00:00
[2023-10-10T08:52:26.870+0000] {processor.py:179} INFO - Processing /home/airflow/.local/lib/python3.8/site-packages/airflow/example_dags/example_setup_teardown_taskflow.py took 0.083 seconds
[2023-10-10T08:52:57.102+0000] {processor.py:157} INFO - Started process (PID=413) to work on /home/airflow/.local/lib/python3.8/site-packages/airflow/example_dags/example_setup_teardown_taskflow.py
[2023-10-10T08:52:57.103+0000] {processor.py:829} INFO - Processing file /home/airflow/.local/lib/python3.8/site-packages/airflow/example_dags/example_setup_teardown_taskflow.py for tasks to queue
[2023-10-10T08:52:57.104+0000] {logging_mixin.py:151} INFO - [2023-10-10T08:52:57.104+0000] {dagbag.py:539} INFO - Filling up the DagBag from /home/airflow/.local/lib/python3.8/site-packages/airflow/example_dags/example_setup_teardown_taskflow.py
[2023-10-10T08:52:57.111+0000] {processor.py:839} INFO - DAG(s) dict_keys(['example_setup_teardown_taskflow']) retrieved from /home/airflow/.local/lib/python3.8/site-packages/airflow/example_dags/example_setup_teardown_taskflow.py
[2023-10-10T08:52:57.127+0000] {logging_mixin.py:151} INFO - [2023-10-10T08:52:57.127+0000] {dag.py:2915} INFO - Sync 1 DAGs
[2023-10-10T08:52:57.140+0000] {logging_mixin.py:151} INFO - [2023-10-10T08:52:57.140+0000] {dag.py:3696} INFO - Setting next_dagrun for example_setup_teardown_taskflow to 2023-10-09T08:52:57.140540+00:00, run_after=2023-10-10T08:52:57.140540+00:00
[2023-10-10T08:52:57.150+0000] {processor.py:179} INFO - Processing /home/airflow/.local/lib/python3.8/site-packages/airflow/example_dags/example_setup_teardown_taskflow.py took 0.051 seconds
[2023-10-10T08:53:27.961+0000] {processor.py:157} INFO - Started process (PID=472) to work on /home/airflow/.local/lib/python3.8/site-packages/airflow/example_dags/example_setup_teardown_taskflow.py
[2023-10-10T08:53:27.963+0000] {processor.py:829} INFO - Processing file /home/airflow/.local/lib/python3.8/site-packages/airflow/example_dags/example_setup_teardown_taskflow.py for tasks to queue
[2023-10-10T08:53:27.966+0000] {logging_mixin.py:151} INFO - [2023-10-10T08:53:27.966+0000] {dagbag.py:539} INFO - Filling up the DagBag from /home/airflow/.local/lib/python3.8/site-packages/airflow/example_dags/example_setup_teardown_taskflow.py
[2023-10-10T08:53:27.989+0000] {processor.py:839} INFO - DAG(s) dict_keys(['example_setup_teardown_taskflow']) retrieved from /home/airflow/.local/lib/python3.8/site-packages/airflow/example_dags/example_setup_teardown_taskflow.py
[2023-10-10T08:53:28.062+0000] {logging_mixin.py:151} INFO - [2023-10-10T08:53:28.061+0000] {dag.py:2915} INFO - Sync 1 DAGs
[2023-10-10T08:53:28.099+0000] {logging_mixin.py:151} INFO - [2023-10-10T08:53:28.099+0000] {dag.py:3696} INFO - Setting next_dagrun for example_setup_teardown_taskflow to 2023-10-09T08:53:28.098762+00:00, run_after=2023-10-10T08:53:28.098762+00:00
[2023-10-10T08:53:28.118+0000] {processor.py:179} INFO - Processing /home/airflow/.local/lib/python3.8/site-packages/airflow/example_dags/example_setup_teardown_taskflow.py took 0.163 seconds
[2023-10-10T08:53:58.693+0000] {processor.py:157} INFO - Started process (PID=533) to work on /home/airflow/.local/lib/python3.8/site-packages/airflow/example_dags/example_setup_teardown_taskflow.py
[2023-10-10T08:53:58.695+0000] {processor.py:829} INFO - Processing file /home/airflow/.local/lib/python3.8/site-packages/airflow/example_dags/example_setup_teardown_taskflow.py for tasks to queue
[2023-10-10T08:53:58.698+0000] {logging_mixin.py:151} INFO - [2023-10-10T08:53:58.697+0000] {dagbag.py:539} INFO - Filling up the DagBag from /home/airflow/.local/lib/python3.8/site-packages/airflow/example_dags/example_setup_teardown_taskflow.py
[2023-10-10T08:53:58.708+0000] {processor.py:839} INFO - DAG(s) dict_keys(['example_setup_teardown_taskflow']) retrieved from /home/airflow/.local/lib/python3.8/site-packages/airflow/example_dags/example_setup_teardown_taskflow.py
[2023-10-10T08:53:58.734+0000] {logging_mixin.py:151} INFO - [2023-10-10T08:53:58.734+0000] {dag.py:2915} INFO - Sync 1 DAGs
[2023-10-10T08:53:58.750+0000] {logging_mixin.py:151} INFO - [2023-10-10T08:53:58.750+0000] {dag.py:3696} INFO - Setting next_dagrun for example_setup_teardown_taskflow to 2023-10-09T08:53:58.749992+00:00, run_after=2023-10-10T08:53:58.749992+00:00
[2023-10-10T08:53:58.760+0000] {processor.py:179} INFO - Processing /home/airflow/.local/lib/python3.8/site-packages/airflow/example_dags/example_setup_teardown_taskflow.py took 0.072 seconds
[2023-10-10T08:54:29.563+0000] {processor.py:157} INFO - Started process (PID=594) to work on /home/airflow/.local/lib/python3.8/site-packages/airflow/example_dags/example_setup_teardown_taskflow.py
[2023-10-10T08:54:29.564+0000] {processor.py:829} INFO - Processing file /home/airflow/.local/lib/python3.8/site-packages/airflow/example_dags/example_setup_teardown_taskflow.py for tasks to queue
[2023-10-10T08:54:29.567+0000] {logging_mixin.py:151} INFO - [2023-10-10T08:54:29.566+0000] {dagbag.py:539} INFO - Filling up the DagBag from /home/airflow/.local/lib/python3.8/site-packages/airflow/example_dags/example_setup_teardown_taskflow.py
[2023-10-10T08:54:29.581+0000] {processor.py:839} INFO - DAG(s) dict_keys(['example_setup_teardown_taskflow']) retrieved from /home/airflow/.local/lib/python3.8/site-packages/airflow/example_dags/example_setup_teardown_taskflow.py
[2023-10-10T08:54:29.610+0000] {logging_mixin.py:151} INFO - [2023-10-10T08:54:29.610+0000] {dag.py:2915} INFO - Sync 1 DAGs
[2023-10-10T08:54:29.630+0000] {logging_mixin.py:151} INFO - [2023-10-10T08:54:29.630+0000] {dag.py:3696} INFO - Setting next_dagrun for example_setup_teardown_taskflow to 2023-10-09T08:54:29.630115+00:00, run_after=2023-10-10T08:54:29.630115+00:00
[2023-10-10T08:54:29.646+0000] {processor.py:179} INFO - Processing /home/airflow/.local/lib/python3.8/site-packages/airflow/example_dags/example_setup_teardown_taskflow.py took 0.089 seconds
[2023-10-10T08:55:00.212+0000] {processor.py:157} INFO - Started process (PID=655) to work on /home/airflow/.local/lib/python3.8/site-packages/airflow/example_dags/example_setup_teardown_taskflow.py
[2023-10-10T08:55:00.213+0000] {processor.py:829} INFO - Processing file /home/airflow/.local/lib/python3.8/site-packages/airflow/example_dags/example_setup_teardown_taskflow.py for tasks to queue
[2023-10-10T08:55:00.214+0000] {logging_mixin.py:151} INFO - [2023-10-10T08:55:00.214+0000] {dagbag.py:539} INFO - Filling up the DagBag from /home/airflow/.local/lib/python3.8/site-packages/airflow/example_dags/example_setup_teardown_taskflow.py
[2023-10-10T08:55:00.225+0000] {processor.py:839} INFO - DAG(s) dict_keys(['example_setup_teardown_taskflow']) retrieved from /home/airflow/.local/lib/python3.8/site-packages/airflow/example_dags/example_setup_teardown_taskflow.py
[2023-10-10T08:55:00.250+0000] {logging_mixin.py:151} INFO - [2023-10-10T08:55:00.250+0000] {dag.py:2915} INFO - Sync 1 DAGs
[2023-10-10T08:55:00.271+0000] {logging_mixin.py:151} INFO - [2023-10-10T08:55:00.270+0000] {dag.py:3696} INFO - Setting next_dagrun for example_setup_teardown_taskflow to 2023-10-09T08:55:00.270792+00:00, run_after=2023-10-10T08:55:00.270792+00:00
[2023-10-10T08:55:00.298+0000] {processor.py:179} INFO - Processing /home/airflow/.local/lib/python3.8/site-packages/airflow/example_dags/example_setup_teardown_taskflow.py took 0.089 seconds
[2023-10-10T08:55:30.530+0000] {processor.py:157} INFO - Started process (PID=716) to work on /home/airflow/.local/lib/python3.8/site-packages/airflow/example_dags/example_setup_teardown_taskflow.py
[2023-10-10T08:55:30.531+0000] {processor.py:829} INFO - Processing file /home/airflow/.local/lib/python3.8/site-packages/airflow/example_dags/example_setup_teardown_taskflow.py for tasks to queue
[2023-10-10T08:55:30.533+0000] {logging_mixin.py:151} INFO - [2023-10-10T08:55:30.533+0000] {dagbag.py:539} INFO - Filling up the DagBag from /home/airflow/.local/lib/python3.8/site-packages/airflow/example_dags/example_setup_teardown_taskflow.py
[2023-10-10T08:55:30.544+0000] {processor.py:839} INFO - DAG(s) dict_keys(['example_setup_teardown_taskflow']) retrieved from /home/airflow/.local/lib/python3.8/site-packages/airflow/example_dags/example_setup_teardown_taskflow.py
[2023-10-10T08:55:30.570+0000] {logging_mixin.py:151} INFO - [2023-10-10T08:55:30.570+0000] {dag.py:2915} INFO - Sync 1 DAGs
[2023-10-10T08:55:30.624+0000] {logging_mixin.py:151} INFO - [2023-10-10T08:55:30.623+0000] {dag.py:3696} INFO - Setting next_dagrun for example_setup_teardown_taskflow to 2023-10-09T08:55:30.623489+00:00, run_after=2023-10-10T08:55:30.623489+00:00
[2023-10-10T08:55:30.637+0000] {processor.py:179} INFO - Processing /home/airflow/.local/lib/python3.8/site-packages/airflow/example_dags/example_setup_teardown_taskflow.py took 0.110 seconds
[2023-10-10T08:56:01.031+0000] {processor.py:157} INFO - Started process (PID=776) to work on /home/airflow/.local/lib/python3.8/site-packages/airflow/example_dags/example_setup_teardown_taskflow.py
[2023-10-10T08:56:01.033+0000] {processor.py:829} INFO - Processing file /home/airflow/.local/lib/python3.8/site-packages/airflow/example_dags/example_setup_teardown_taskflow.py for tasks to queue
[2023-10-10T08:56:01.036+0000] {logging_mixin.py:151} INFO - [2023-10-10T08:56:01.036+0000] {dagbag.py:539} INFO - Filling up the DagBag from /home/airflow/.local/lib/python3.8/site-packages/airflow/example_dags/example_setup_teardown_taskflow.py
[2023-10-10T08:56:01.044+0000] {processor.py:839} INFO - DAG(s) dict_keys(['example_setup_teardown_taskflow']) retrieved from /home/airflow/.local/lib/python3.8/site-packages/airflow/example_dags/example_setup_teardown_taskflow.py
[2023-10-10T08:56:01.061+0000] {logging_mixin.py:151} INFO - [2023-10-10T08:56:01.061+0000] {dag.py:2915} INFO - Sync 1 DAGs
[2023-10-10T08:56:01.075+0000] {logging_mixin.py:151} INFO - [2023-10-10T08:56:01.075+0000] {dag.py:3696} INFO - Setting next_dagrun for example_setup_teardown_taskflow to 2023-10-09T08:56:01.074883+00:00, run_after=2023-10-10T08:56:01.074883+00:00
[2023-10-10T08:56:01.084+0000] {processor.py:179} INFO - Processing /home/airflow/.local/lib/python3.8/site-packages/airflow/example_dags/example_setup_teardown_taskflow.py took 0.056 seconds
[2023-10-10T08:56:31.218+0000] {processor.py:157} INFO - Started process (PID=837) to work on /home/airflow/.local/lib/python3.8/site-packages/airflow/example_dags/example_setup_teardown_taskflow.py
[2023-10-10T08:56:31.219+0000] {processor.py:829} INFO - Processing file /home/airflow/.local/lib/python3.8/site-packages/airflow/example_dags/example_setup_teardown_taskflow.py for tasks to queue
[2023-10-10T08:56:31.220+0000] {logging_mixin.py:151} INFO - [2023-10-10T08:56:31.220+0000] {dagbag.py:539} INFO - Filling up the DagBag from /home/airflow/.local/lib/python3.8/site-packages/airflow/example_dags/example_setup_teardown_taskflow.py
[2023-10-10T08:56:31.226+0000] {processor.py:839} INFO - DAG(s) dict_keys(['example_setup_teardown_taskflow']) retrieved from /home/airflow/.local/lib/python3.8/site-packages/airflow/example_dags/example_setup_teardown_taskflow.py
[2023-10-10T08:56:31.242+0000] {logging_mixin.py:151} INFO - [2023-10-10T08:56:31.241+0000] {dag.py:2915} INFO - Sync 1 DAGs
[2023-10-10T08:56:31.258+0000] {logging_mixin.py:151} INFO - [2023-10-10T08:56:31.258+0000] {dag.py:3696} INFO - Setting next_dagrun for example_setup_teardown_taskflow to 2023-10-09T08:56:31.258004+00:00, run_after=2023-10-10T08:56:31.258004+00:00
[2023-10-10T08:56:31.271+0000] {processor.py:179} INFO - Processing /home/airflow/.local/lib/python3.8/site-packages/airflow/example_dags/example_setup_teardown_taskflow.py took 0.055 seconds
[2023-10-10T08:57:02.087+0000] {processor.py:157} INFO - Started process (PID=898) to work on /home/airflow/.local/lib/python3.8/site-packages/airflow/example_dags/example_setup_teardown_taskflow.py
[2023-10-10T08:57:02.096+0000] {processor.py:829} INFO - Processing file /home/airflow/.local/lib/python3.8/site-packages/airflow/example_dags/example_setup_teardown_taskflow.py for tasks to queue
[2023-10-10T08:57:02.109+0000] {logging_mixin.py:151} INFO - [2023-10-10T08:57:02.109+0000] {dagbag.py:539} INFO - Filling up the DagBag from /home/airflow/.local/lib/python3.8/site-packages/airflow/example_dags/example_setup_teardown_taskflow.py
[2023-10-10T08:57:02.132+0000] {processor.py:839} INFO - DAG(s) dict_keys(['example_setup_teardown_taskflow']) retrieved from /home/airflow/.local/lib/python3.8/site-packages/airflow/example_dags/example_setup_teardown_taskflow.py
[2023-10-10T08:57:02.155+0000] {logging_mixin.py:151} INFO - [2023-10-10T08:57:02.155+0000] {dag.py:2915} INFO - Sync 1 DAGs
[2023-10-10T08:57:02.178+0000] {logging_mixin.py:151} INFO - [2023-10-10T08:57:02.178+0000] {dag.py:3696} INFO - Setting next_dagrun for example_setup_teardown_taskflow to 2023-10-09T08:57:02.178556+00:00, run_after=2023-10-10T08:57:02.178556+00:00
[2023-10-10T08:57:02.192+0000] {processor.py:179} INFO - Processing /home/airflow/.local/lib/python3.8/site-packages/airflow/example_dags/example_setup_teardown_taskflow.py took 0.111 seconds
[2023-10-10T08:57:33.023+0000] {processor.py:157} INFO - Started process (PID=959) to work on /home/airflow/.local/lib/python3.8/site-packages/airflow/example_dags/example_setup_teardown_taskflow.py
[2023-10-10T08:57:33.024+0000] {processor.py:829} INFO - Processing file /home/airflow/.local/lib/python3.8/site-packages/airflow/example_dags/example_setup_teardown_taskflow.py for tasks to queue
[2023-10-10T08:57:33.025+0000] {logging_mixin.py:151} INFO - [2023-10-10T08:57:33.025+0000] {dagbag.py:539} INFO - Filling up the DagBag from /home/airflow/.local/lib/python3.8/site-packages/airflow/example_dags/example_setup_teardown_taskflow.py
[2023-10-10T08:57:33.031+0000] {processor.py:839} INFO - DAG(s) dict_keys(['example_setup_teardown_taskflow']) retrieved from /home/airflow/.local/lib/python3.8/site-packages/airflow/example_dags/example_setup_teardown_taskflow.py
[2023-10-10T08:57:33.045+0000] {logging_mixin.py:151} INFO - [2023-10-10T08:57:33.045+0000] {dag.py:2915} INFO - Sync 1 DAGs
[2023-10-10T08:57:33.058+0000] {logging_mixin.py:151} INFO - [2023-10-10T08:57:33.058+0000] {dag.py:3696} INFO - Setting next_dagrun for example_setup_teardown_taskflow to 2023-10-09T08:57:33.058258+00:00, run_after=2023-10-10T08:57:33.058258+00:00
[2023-10-10T08:57:33.067+0000] {processor.py:179} INFO - Processing /home/airflow/.local/lib/python3.8/site-packages/airflow/example_dags/example_setup_teardown_taskflow.py took 0.046 seconds
[2023-10-10T08:58:03.179+0000] {processor.py:157} INFO - Started process (PID=1020) to work on /home/airflow/.local/lib/python3.8/site-packages/airflow/example_dags/example_setup_teardown_taskflow.py
[2023-10-10T08:58:03.180+0000] {processor.py:829} INFO - Processing file /home/airflow/.local/lib/python3.8/site-packages/airflow/example_dags/example_setup_teardown_taskflow.py for tasks to queue
[2023-10-10T08:58:03.182+0000] {logging_mixin.py:151} INFO - [2023-10-10T08:58:03.182+0000] {dagbag.py:539} INFO - Filling up the DagBag from /home/airflow/.local/lib/python3.8/site-packages/airflow/example_dags/example_setup_teardown_taskflow.py
[2023-10-10T08:58:03.187+0000] {processor.py:839} INFO - DAG(s) dict_keys(['example_setup_teardown_taskflow']) retrieved from /home/airflow/.local/lib/python3.8/site-packages/airflow/example_dags/example_setup_teardown_taskflow.py
[2023-10-10T08:58:03.206+0000] {logging_mixin.py:151} INFO - [2023-10-10T08:58:03.206+0000] {dag.py:2915} INFO - Sync 1 DAGs
[2023-10-10T08:58:03.218+0000] {logging_mixin.py:151} INFO - [2023-10-10T08:58:03.218+0000] {dag.py:3696} INFO - Setting next_dagrun for example_setup_teardown_taskflow to 2023-10-09T08:58:03.218584+00:00, run_after=2023-10-10T08:58:03.218584+00:00
[2023-10-10T08:58:03.228+0000] {processor.py:179} INFO - Processing /home/airflow/.local/lib/python3.8/site-packages/airflow/example_dags/example_setup_teardown_taskflow.py took 0.050 seconds
[2023-10-10T08:58:34.249+0000] {processor.py:157} INFO - Started process (PID=1081) to work on /home/airflow/.local/lib/python3.8/site-packages/airflow/example_dags/example_setup_teardown_taskflow.py
[2023-10-10T08:58:34.251+0000] {processor.py:829} INFO - Processing file /home/airflow/.local/lib/python3.8/site-packages/airflow/example_dags/example_setup_teardown_taskflow.py for tasks to queue
[2023-10-10T08:58:34.254+0000] {logging_mixin.py:151} INFO - [2023-10-10T08:58:34.254+0000] {dagbag.py:539} INFO - Filling up the DagBag from /home/airflow/.local/lib/python3.8/site-packages/airflow/example_dags/example_setup_teardown_taskflow.py
[2023-10-10T08:58:34.265+0000] {processor.py:839} INFO - DAG(s) dict_keys(['example_setup_teardown_taskflow']) retrieved from /home/airflow/.local/lib/python3.8/site-packages/airflow/example_dags/example_setup_teardown_taskflow.py
[2023-10-10T08:58:34.285+0000] {logging_mixin.py:151} INFO - [2023-10-10T08:58:34.285+0000] {dag.py:2915} INFO - Sync 1 DAGs
[2023-10-10T08:58:34.301+0000] {logging_mixin.py:151} INFO - [2023-10-10T08:58:34.301+0000] {dag.py:3696} INFO - Setting next_dagrun for example_setup_teardown_taskflow to 2023-10-09T08:58:34.301393+00:00, run_after=2023-10-10T08:58:34.301393+00:00
[2023-10-10T08:58:34.325+0000] {processor.py:179} INFO - Processing /home/airflow/.local/lib/python3.8/site-packages/airflow/example_dags/example_setup_teardown_taskflow.py took 0.081 seconds
[2023-10-10T08:59:04.644+0000] {processor.py:157} INFO - Started process (PID=1142) to work on /home/airflow/.local/lib/python3.8/site-packages/airflow/example_dags/example_setup_teardown_taskflow.py
[2023-10-10T08:59:04.645+0000] {processor.py:829} INFO - Processing file /home/airflow/.local/lib/python3.8/site-packages/airflow/example_dags/example_setup_teardown_taskflow.py for tasks to queue
[2023-10-10T08:59:04.647+0000] {logging_mixin.py:151} INFO - [2023-10-10T08:59:04.646+0000] {dagbag.py:539} INFO - Filling up the DagBag from /home/airflow/.local/lib/python3.8/site-packages/airflow/example_dags/example_setup_teardown_taskflow.py
[2023-10-10T08:59:04.653+0000] {processor.py:839} INFO - DAG(s) dict_keys(['example_setup_teardown_taskflow']) retrieved from /home/airflow/.local/lib/python3.8/site-packages/airflow/example_dags/example_setup_teardown_taskflow.py
[2023-10-10T08:59:04.673+0000] {logging_mixin.py:151} INFO - [2023-10-10T08:59:04.673+0000] {dag.py:2915} INFO - Sync 1 DAGs
[2023-10-10T08:59:04.689+0000] {logging_mixin.py:151} INFO - [2023-10-10T08:59:04.689+0000] {dag.py:3696} INFO - Setting next_dagrun for example_setup_teardown_taskflow to 2023-10-09T08:59:04.689639+00:00, run_after=2023-10-10T08:59:04.689639+00:00
[2023-10-10T08:59:04.706+0000] {processor.py:179} INFO - Processing /home/airflow/.local/lib/python3.8/site-packages/airflow/example_dags/example_setup_teardown_taskflow.py took 0.064 seconds
[2023-10-10T08:59:35.071+0000] {processor.py:157} INFO - Started process (PID=1203) to work on /home/airflow/.local/lib/python3.8/site-packages/airflow/example_dags/example_setup_teardown_taskflow.py
[2023-10-10T08:59:35.072+0000] {processor.py:829} INFO - Processing file /home/airflow/.local/lib/python3.8/site-packages/airflow/example_dags/example_setup_teardown_taskflow.py for tasks to queue
[2023-10-10T08:59:35.073+0000] {logging_mixin.py:151} INFO - [2023-10-10T08:59:35.073+0000] {dagbag.py:539} INFO - Filling up the DagBag from /home/airflow/.local/lib/python3.8/site-packages/airflow/example_dags/example_setup_teardown_taskflow.py
[2023-10-10T08:59:35.079+0000] {processor.py:839} INFO - DAG(s) dict_keys(['example_setup_teardown_taskflow']) retrieved from /home/airflow/.local/lib/python3.8/site-packages/airflow/example_dags/example_setup_teardown_taskflow.py
[2023-10-10T08:59:35.094+0000] {logging_mixin.py:151} INFO - [2023-10-10T08:59:35.094+0000] {dag.py:2915} INFO - Sync 1 DAGs
[2023-10-10T08:59:35.109+0000] {logging_mixin.py:151} INFO - [2023-10-10T08:59:35.109+0000] {dag.py:3696} INFO - Setting next_dagrun for example_setup_teardown_taskflow to 2023-10-09T08:59:35.109542+00:00, run_after=2023-10-10T08:59:35.109542+00:00
[2023-10-10T08:59:35.120+0000] {processor.py:179} INFO - Processing /home/airflow/.local/lib/python3.8/site-packages/airflow/example_dags/example_setup_teardown_taskflow.py took 0.052 seconds
[2023-10-10T09:00:05.541+0000] {processor.py:157} INFO - Started process (PID=1264) to work on /home/airflow/.local/lib/python3.8/site-packages/airflow/example_dags/example_setup_teardown_taskflow.py
[2023-10-10T09:00:05.542+0000] {processor.py:829} INFO - Processing file /home/airflow/.local/lib/python3.8/site-packages/airflow/example_dags/example_setup_teardown_taskflow.py for tasks to queue
[2023-10-10T09:00:05.544+0000] {logging_mixin.py:151} INFO - [2023-10-10T09:00:05.544+0000] {dagbag.py:539} INFO - Filling up the DagBag from /home/airflow/.local/lib/python3.8/site-packages/airflow/example_dags/example_setup_teardown_taskflow.py
[2023-10-10T09:00:05.549+0000] {processor.py:839} INFO - DAG(s) dict_keys(['example_setup_teardown_taskflow']) retrieved from /home/airflow/.local/lib/python3.8/site-packages/airflow/example_dags/example_setup_teardown_taskflow.py
[2023-10-10T09:00:05.564+0000] {logging_mixin.py:151} INFO - [2023-10-10T09:00:05.564+0000] {dag.py:2915} INFO - Sync 1 DAGs
[2023-10-10T09:00:05.579+0000] {logging_mixin.py:151} INFO - [2023-10-10T09:00:05.579+0000] {dag.py:3696} INFO - Setting next_dagrun for example_setup_teardown_taskflow to 2023-10-09T09:00:05.579263+00:00, run_after=2023-10-10T09:00:05.579263+00:00
[2023-10-10T09:00:05.590+0000] {processor.py:179} INFO - Processing /home/airflow/.local/lib/python3.8/site-packages/airflow/example_dags/example_setup_teardown_taskflow.py took 0.050 seconds
[2023-10-10T09:00:35.935+0000] {processor.py:157} INFO - Started process (PID=1325) to work on /home/airflow/.local/lib/python3.8/site-packages/airflow/example_dags/example_setup_teardown_taskflow.py
[2023-10-10T09:00:35.936+0000] {processor.py:829} INFO - Processing file /home/airflow/.local/lib/python3.8/site-packages/airflow/example_dags/example_setup_teardown_taskflow.py for tasks to queue
[2023-10-10T09:00:35.937+0000] {logging_mixin.py:151} INFO - [2023-10-10T09:00:35.937+0000] {dagbag.py:539} INFO - Filling up the DagBag from /home/airflow/.local/lib/python3.8/site-packages/airflow/example_dags/example_setup_teardown_taskflow.py
[2023-10-10T09:00:35.944+0000] {processor.py:839} INFO - DAG(s) dict_keys(['example_setup_teardown_taskflow']) retrieved from /home/airflow/.local/lib/python3.8/site-packages/airflow/example_dags/example_setup_teardown_taskflow.py
[2023-10-10T09:00:35.961+0000] {logging_mixin.py:151} INFO - [2023-10-10T09:00:35.960+0000] {dag.py:2915} INFO - Sync 1 DAGs
[2023-10-10T09:00:35.974+0000] {logging_mixin.py:151} INFO - [2023-10-10T09:00:35.974+0000] {dag.py:3696} INFO - Setting next_dagrun for example_setup_teardown_taskflow to 2023-10-09T09:00:35.974704+00:00, run_after=2023-10-10T09:00:35.974704+00:00
[2023-10-10T09:00:35.985+0000] {processor.py:179} INFO - Processing /home/airflow/.local/lib/python3.8/site-packages/airflow/example_dags/example_setup_teardown_taskflow.py took 0.053 seconds
[2023-10-10T09:01:06.174+0000] {processor.py:157} INFO - Started process (PID=1386) to work on /home/airflow/.local/lib/python3.8/site-packages/airflow/example_dags/example_setup_teardown_taskflow.py
[2023-10-10T09:01:06.175+0000] {processor.py:829} INFO - Processing file /home/airflow/.local/lib/python3.8/site-packages/airflow/example_dags/example_setup_teardown_taskflow.py for tasks to queue
[2023-10-10T09:01:06.176+0000] {logging_mixin.py:151} INFO - [2023-10-10T09:01:06.176+0000] {dagbag.py:539} INFO - Filling up the DagBag from /home/airflow/.local/lib/python3.8/site-packages/airflow/example_dags/example_setup_teardown_taskflow.py
[2023-10-10T09:01:06.181+0000] {processor.py:839} INFO - DAG(s) dict_keys(['example_setup_teardown_taskflow']) retrieved from /home/airflow/.local/lib/python3.8/site-packages/airflow/example_dags/example_setup_teardown_taskflow.py
[2023-10-10T09:01:06.197+0000] {logging_mixin.py:151} INFO - [2023-10-10T09:01:06.197+0000] {dag.py:2915} INFO - Sync 1 DAGs
[2023-10-10T09:01:06.212+0000] {logging_mixin.py:151} INFO - [2023-10-10T09:01:06.212+0000] {dag.py:3696} INFO - Setting next_dagrun for example_setup_teardown_taskflow to 2023-10-09T09:01:06.212097+00:00, run_after=2023-10-10T09:01:06.212097+00:00
[2023-10-10T09:01:06.223+0000] {processor.py:179} INFO - Processing /home/airflow/.local/lib/python3.8/site-packages/airflow/example_dags/example_setup_teardown_taskflow.py took 0.052 seconds
[2023-10-10T09:01:36.367+0000] {processor.py:157} INFO - Started process (PID=1447) to work on /home/airflow/.local/lib/python3.8/site-packages/airflow/example_dags/example_setup_teardown_taskflow.py
[2023-10-10T09:01:36.368+0000] {processor.py:829} INFO - Processing file /home/airflow/.local/lib/python3.8/site-packages/airflow/example_dags/example_setup_teardown_taskflow.py for tasks to queue
[2023-10-10T09:01:36.369+0000] {logging_mixin.py:151} INFO - [2023-10-10T09:01:36.369+0000] {dagbag.py:539} INFO - Filling up the DagBag from /home/airflow/.local/lib/python3.8/site-packages/airflow/example_dags/example_setup_teardown_taskflow.py
[2023-10-10T09:01:36.376+0000] {processor.py:839} INFO - DAG(s) dict_keys(['example_setup_teardown_taskflow']) retrieved from /home/airflow/.local/lib/python3.8/site-packages/airflow/example_dags/example_setup_teardown_taskflow.py
[2023-10-10T09:01:36.393+0000] {logging_mixin.py:151} INFO - [2023-10-10T09:01:36.392+0000] {dag.py:2915} INFO - Sync 1 DAGs
[2023-10-10T09:01:36.411+0000] {logging_mixin.py:151} INFO - [2023-10-10T09:01:36.411+0000] {dag.py:3696} INFO - Setting next_dagrun for example_setup_teardown_taskflow to 2023-10-09T09:01:36.411049+00:00, run_after=2023-10-10T09:01:36.411049+00:00
[2023-10-10T09:01:36.426+0000] {processor.py:179} INFO - Processing /home/airflow/.local/lib/python3.8/site-packages/airflow/example_dags/example_setup_teardown_taskflow.py took 0.062 seconds
[2023-10-10T09:02:06.662+0000] {processor.py:157} INFO - Started process (PID=1508) to work on /home/airflow/.local/lib/python3.8/site-packages/airflow/example_dags/example_setup_teardown_taskflow.py
[2023-10-10T09:02:06.662+0000] {processor.py:829} INFO - Processing file /home/airflow/.local/lib/python3.8/site-packages/airflow/example_dags/example_setup_teardown_taskflow.py for tasks to queue
[2023-10-10T09:02:06.664+0000] {logging_mixin.py:151} INFO - [2023-10-10T09:02:06.664+0000] {dagbag.py:539} INFO - Filling up the DagBag from /home/airflow/.local/lib/python3.8/site-packages/airflow/example_dags/example_setup_teardown_taskflow.py
[2023-10-10T09:02:06.670+0000] {processor.py:839} INFO - DAG(s) dict_keys(['example_setup_teardown_taskflow']) retrieved from /home/airflow/.local/lib/python3.8/site-packages/airflow/example_dags/example_setup_teardown_taskflow.py
[2023-10-10T09:02:06.685+0000] {logging_mixin.py:151} INFO - [2023-10-10T09:02:06.685+0000] {dag.py:2915} INFO - Sync 1 DAGs
[2023-10-10T09:02:06.699+0000] {logging_mixin.py:151} INFO - [2023-10-10T09:02:06.699+0000] {dag.py:3696} INFO - Setting next_dagrun for example_setup_teardown_taskflow to 2023-10-09T09:02:06.698929+00:00, run_after=2023-10-10T09:02:06.698929+00:00
[2023-10-10T09:02:06.709+0000] {processor.py:179} INFO - Processing /home/airflow/.local/lib/python3.8/site-packages/airflow/example_dags/example_setup_teardown_taskflow.py took 0.050 seconds
[2023-10-10T09:02:37.276+0000] {processor.py:157} INFO - Started process (PID=1570) to work on /home/airflow/.local/lib/python3.8/site-packages/airflow/example_dags/example_setup_teardown_taskflow.py
[2023-10-10T09:02:37.277+0000] {processor.py:829} INFO - Processing file /home/airflow/.local/lib/python3.8/site-packages/airflow/example_dags/example_setup_teardown_taskflow.py for tasks to queue
[2023-10-10T09:02:37.279+0000] {logging_mixin.py:151} INFO - [2023-10-10T09:02:37.279+0000] {dagbag.py:539} INFO - Filling up the DagBag from /home/airflow/.local/lib/python3.8/site-packages/airflow/example_dags/example_setup_teardown_taskflow.py
[2023-10-10T09:02:37.285+0000] {processor.py:839} INFO - DAG(s) dict_keys(['example_setup_teardown_taskflow']) retrieved from /home/airflow/.local/lib/python3.8/site-packages/airflow/example_dags/example_setup_teardown_taskflow.py
[2023-10-10T09:02:37.305+0000] {logging_mixin.py:151} INFO - [2023-10-10T09:02:37.305+0000] {dag.py:2915} INFO - Sync 1 DAGs
[2023-10-10T09:02:37.319+0000] {logging_mixin.py:151} INFO - [2023-10-10T09:02:37.319+0000] {dag.py:3696} INFO - Setting next_dagrun for example_setup_teardown_taskflow to 2023-10-09T09:02:37.319486+00:00, run_after=2023-10-10T09:02:37.319486+00:00
[2023-10-10T09:02:37.332+0000] {processor.py:179} INFO - Processing /home/airflow/.local/lib/python3.8/site-packages/airflow/example_dags/example_setup_teardown_taskflow.py took 0.057 seconds
[2023-10-10T09:03:08.147+0000] {processor.py:157} INFO - Started process (PID=1630) to work on /home/airflow/.local/lib/python3.8/site-packages/airflow/example_dags/example_setup_teardown_taskflow.py
[2023-10-10T09:03:08.148+0000] {processor.py:829} INFO - Processing file /home/airflow/.local/lib/python3.8/site-packages/airflow/example_dags/example_setup_teardown_taskflow.py for tasks to queue
[2023-10-10T09:03:08.149+0000] {logging_mixin.py:151} INFO - [2023-10-10T09:03:08.149+0000] {dagbag.py:539} INFO - Filling up the DagBag from /home/airflow/.local/lib/python3.8/site-packages/airflow/example_dags/example_setup_teardown_taskflow.py
[2023-10-10T09:03:08.155+0000] {processor.py:839} INFO - DAG(s) dict_keys(['example_setup_teardown_taskflow']) retrieved from /home/airflow/.local/lib/python3.8/site-packages/airflow/example_dags/example_setup_teardown_taskflow.py
[2023-10-10T09:03:08.170+0000] {logging_mixin.py:151} INFO - [2023-10-10T09:03:08.170+0000] {dag.py:2915} INFO - Sync 1 DAGs
[2023-10-10T09:03:08.183+0000] {logging_mixin.py:151} INFO - [2023-10-10T09:03:08.183+0000] {dag.py:3696} INFO - Setting next_dagrun for example_setup_teardown_taskflow to 2023-10-09T09:03:08.182888+00:00, run_after=2023-10-10T09:03:08.182888+00:00
[2023-10-10T09:03:08.192+0000] {processor.py:179} INFO - Processing /home/airflow/.local/lib/python3.8/site-packages/airflow/example_dags/example_setup_teardown_taskflow.py took 0.047 seconds
[2023-10-10T09:03:38.458+0000] {processor.py:157} INFO - Started process (PID=1691) to work on /home/airflow/.local/lib/python3.8/site-packages/airflow/example_dags/example_setup_teardown_taskflow.py
[2023-10-10T09:03:38.459+0000] {processor.py:829} INFO - Processing file /home/airflow/.local/lib/python3.8/site-packages/airflow/example_dags/example_setup_teardown_taskflow.py for tasks to queue
[2023-10-10T09:03:38.462+0000] {logging_mixin.py:151} INFO - [2023-10-10T09:03:38.461+0000] {dagbag.py:539} INFO - Filling up the DagBag from /home/airflow/.local/lib/python3.8/site-packages/airflow/example_dags/example_setup_teardown_taskflow.py
[2023-10-10T09:03:38.469+0000] {processor.py:839} INFO - DAG(s) dict_keys(['example_setup_teardown_taskflow']) retrieved from /home/airflow/.local/lib/python3.8/site-packages/airflow/example_dags/example_setup_teardown_taskflow.py
[2023-10-10T09:03:38.486+0000] {logging_mixin.py:151} INFO - [2023-10-10T09:03:38.486+0000] {dag.py:2915} INFO - Sync 1 DAGs
[2023-10-10T09:03:38.512+0000] {logging_mixin.py:151} INFO - [2023-10-10T09:03:38.512+0000] {dag.py:3696} INFO - Setting next_dagrun for example_setup_teardown_taskflow to 2023-10-09T09:03:38.512163+00:00, run_after=2023-10-10T09:03:38.512163+00:00
[2023-10-10T09:03:38.529+0000] {processor.py:179} INFO - Processing /home/airflow/.local/lib/python3.8/site-packages/airflow/example_dags/example_setup_teardown_taskflow.py took 0.075 seconds
[2023-10-10T09:04:09.189+0000] {processor.py:157} INFO - Started process (PID=1752) to work on /home/airflow/.local/lib/python3.8/site-packages/airflow/example_dags/example_setup_teardown_taskflow.py
[2023-10-10T09:04:09.190+0000] {processor.py:829} INFO - Processing file /home/airflow/.local/lib/python3.8/site-packages/airflow/example_dags/example_setup_teardown_taskflow.py for tasks to queue
[2023-10-10T09:04:09.192+0000] {logging_mixin.py:151} INFO - [2023-10-10T09:04:09.192+0000] {dagbag.py:539} INFO - Filling up the DagBag from /home/airflow/.local/lib/python3.8/site-packages/airflow/example_dags/example_setup_teardown_taskflow.py
[2023-10-10T09:04:09.198+0000] {processor.py:839} INFO - DAG(s) dict_keys(['example_setup_teardown_taskflow']) retrieved from /home/airflow/.local/lib/python3.8/site-packages/airflow/example_dags/example_setup_teardown_taskflow.py
[2023-10-10T09:04:09.219+0000] {logging_mixin.py:151} INFO - [2023-10-10T09:04:09.219+0000] {dag.py:2915} INFO - Sync 1 DAGs
[2023-10-10T09:04:09.241+0000] {logging_mixin.py:151} INFO - [2023-10-10T09:04:09.240+0000] {dag.py:3696} INFO - Setting next_dagrun for example_setup_teardown_taskflow to 2023-10-09T09:04:09.240596+00:00, run_after=2023-10-10T09:04:09.240596+00:00
[2023-10-10T09:04:09.255+0000] {processor.py:179} INFO - Processing /home/airflow/.local/lib/python3.8/site-packages/airflow/example_dags/example_setup_teardown_taskflow.py took 0.070 seconds
[2023-10-10T09:04:39.926+0000] {processor.py:157} INFO - Started process (PID=1812) to work on /home/airflow/.local/lib/python3.8/site-packages/airflow/example_dags/example_setup_teardown_taskflow.py
[2023-10-10T09:04:39.927+0000] {processor.py:829} INFO - Processing file /home/airflow/.local/lib/python3.8/site-packages/airflow/example_dags/example_setup_teardown_taskflow.py for tasks to queue
[2023-10-10T09:04:39.928+0000] {logging_mixin.py:151} INFO - [2023-10-10T09:04:39.928+0000] {dagbag.py:539} INFO - Filling up the DagBag from /home/airflow/.local/lib/python3.8/site-packages/airflow/example_dags/example_setup_teardown_taskflow.py
[2023-10-10T09:04:39.933+0000] {processor.py:839} INFO - DAG(s) dict_keys(['example_setup_teardown_taskflow']) retrieved from /home/airflow/.local/lib/python3.8/site-packages/airflow/example_dags/example_setup_teardown_taskflow.py
[2023-10-10T09:04:39.950+0000] {logging_mixin.py:151} INFO - [2023-10-10T09:04:39.950+0000] {dag.py:2915} INFO - Sync 1 DAGs
[2023-10-10T09:04:39.972+0000] {logging_mixin.py:151} INFO - [2023-10-10T09:04:39.972+0000] {dag.py:3696} INFO - Setting next_dagrun for example_setup_teardown_taskflow to 2023-10-09T09:04:39.972145+00:00, run_after=2023-10-10T09:04:39.972145+00:00
[2023-10-10T09:04:39.985+0000] {processor.py:179} INFO - Processing /home/airflow/.local/lib/python3.8/site-packages/airflow/example_dags/example_setup_teardown_taskflow.py took 0.062 seconds
[2023-10-10T09:05:10.883+0000] {processor.py:157} INFO - Started process (PID=1873) to work on /home/airflow/.local/lib/python3.8/site-packages/airflow/example_dags/example_setup_teardown_taskflow.py
[2023-10-10T09:05:10.884+0000] {processor.py:829} INFO - Processing file /home/airflow/.local/lib/python3.8/site-packages/airflow/example_dags/example_setup_teardown_taskflow.py for tasks to queue
[2023-10-10T09:05:10.886+0000] {logging_mixin.py:151} INFO - [2023-10-10T09:05:10.886+0000] {dagbag.py:539} INFO - Filling up the DagBag from /home/airflow/.local/lib/python3.8/site-packages/airflow/example_dags/example_setup_teardown_taskflow.py
[2023-10-10T09:05:10.893+0000] {processor.py:839} INFO - DAG(s) dict_keys(['example_setup_teardown_taskflow']) retrieved from /home/airflow/.local/lib/python3.8/site-packages/airflow/example_dags/example_setup_teardown_taskflow.py
[2023-10-10T09:05:10.909+0000] {logging_mixin.py:151} INFO - [2023-10-10T09:05:10.909+0000] {dag.py:2915} INFO - Sync 1 DAGs
[2023-10-10T09:05:10.924+0000] {logging_mixin.py:151} INFO - [2023-10-10T09:05:10.923+0000] {dag.py:3696} INFO - Setting next_dagrun for example_setup_teardown_taskflow to 2023-10-09T09:05:10.923716+00:00, run_after=2023-10-10T09:05:10.923716+00:00
[2023-10-10T09:05:10.934+0000] {processor.py:179} INFO - Processing /home/airflow/.local/lib/python3.8/site-packages/airflow/example_dags/example_setup_teardown_taskflow.py took 0.053 seconds
[2023-10-10T09:05:42.119+0000] {processor.py:157} INFO - Started process (PID=1933) to work on /home/airflow/.local/lib/python3.8/site-packages/airflow/example_dags/example_setup_teardown_taskflow.py
[2023-10-10T09:05:42.120+0000] {processor.py:829} INFO - Processing file /home/airflow/.local/lib/python3.8/site-packages/airflow/example_dags/example_setup_teardown_taskflow.py for tasks to queue
[2023-10-10T09:05:42.122+0000] {logging_mixin.py:151} INFO - [2023-10-10T09:05:42.122+0000] {dagbag.py:539} INFO - Filling up the DagBag from /home/airflow/.local/lib/python3.8/site-packages/airflow/example_dags/example_setup_teardown_taskflow.py
[2023-10-10T09:05:42.128+0000] {processor.py:839} INFO - DAG(s) dict_keys(['example_setup_teardown_taskflow']) retrieved from /home/airflow/.local/lib/python3.8/site-packages/airflow/example_dags/example_setup_teardown_taskflow.py
[2023-10-10T09:05:42.161+0000] {logging_mixin.py:151} INFO - [2023-10-10T09:05:42.161+0000] {dag.py:2915} INFO - Sync 1 DAGs
[2023-10-10T09:05:42.182+0000] {logging_mixin.py:151} INFO - [2023-10-10T09:05:42.182+0000] {dag.py:3696} INFO - Setting next_dagrun for example_setup_teardown_taskflow to 2023-10-09T09:05:42.182602+00:00, run_after=2023-10-10T09:05:42.182602+00:00
[2023-10-10T09:05:42.194+0000] {processor.py:179} INFO - Processing /home/airflow/.local/lib/python3.8/site-packages/airflow/example_dags/example_setup_teardown_taskflow.py took 0.077 seconds
[2023-10-10T09:06:12.874+0000] {processor.py:157} INFO - Started process (PID=2000) to work on /home/airflow/.local/lib/python3.8/site-packages/airflow/example_dags/example_setup_teardown_taskflow.py
[2023-10-10T09:06:12.875+0000] {processor.py:829} INFO - Processing file /home/airflow/.local/lib/python3.8/site-packages/airflow/example_dags/example_setup_teardown_taskflow.py for tasks to queue
[2023-10-10T09:06:12.877+0000] {logging_mixin.py:151} INFO - [2023-10-10T09:06:12.877+0000] {dagbag.py:539} INFO - Filling up the DagBag from /home/airflow/.local/lib/python3.8/site-packages/airflow/example_dags/example_setup_teardown_taskflow.py
[2023-10-10T09:06:12.885+0000] {processor.py:839} INFO - DAG(s) dict_keys(['example_setup_teardown_taskflow']) retrieved from /home/airflow/.local/lib/python3.8/site-packages/airflow/example_dags/example_setup_teardown_taskflow.py
[2023-10-10T09:06:12.912+0000] {logging_mixin.py:151} INFO - [2023-10-10T09:06:12.912+0000] {dag.py:2915} INFO - Sync 1 DAGs
[2023-10-10T09:06:12.943+0000] {logging_mixin.py:151} INFO - [2023-10-10T09:06:12.943+0000] {dag.py:3696} INFO - Setting next_dagrun for example_setup_teardown_taskflow to 2023-10-09T09:06:12.943185+00:00, run_after=2023-10-10T09:06:12.943185+00:00
[2023-10-10T09:06:12.962+0000] {processor.py:179} INFO - Processing /home/airflow/.local/lib/python3.8/site-packages/airflow/example_dags/example_setup_teardown_taskflow.py took 0.092 seconds
[2023-10-10T09:06:43.175+0000] {processor.py:157} INFO - Started process (PID=2055) to work on /home/airflow/.local/lib/python3.8/site-packages/airflow/example_dags/example_setup_teardown_taskflow.py
[2023-10-10T09:06:43.177+0000] {processor.py:829} INFO - Processing file /home/airflow/.local/lib/python3.8/site-packages/airflow/example_dags/example_setup_teardown_taskflow.py for tasks to queue
[2023-10-10T09:06:43.179+0000] {logging_mixin.py:151} INFO - [2023-10-10T09:06:43.178+0000] {dagbag.py:539} INFO - Filling up the DagBag from /home/airflow/.local/lib/python3.8/site-packages/airflow/example_dags/example_setup_teardown_taskflow.py
[2023-10-10T09:06:43.185+0000] {processor.py:839} INFO - DAG(s) dict_keys(['example_setup_teardown_taskflow']) retrieved from /home/airflow/.local/lib/python3.8/site-packages/airflow/example_dags/example_setup_teardown_taskflow.py
[2023-10-10T09:06:43.202+0000] {logging_mixin.py:151} INFO - [2023-10-10T09:06:43.202+0000] {dag.py:2915} INFO - Sync 1 DAGs
[2023-10-10T09:06:43.220+0000] {logging_mixin.py:151} INFO - [2023-10-10T09:06:43.220+0000] {dag.py:3696} INFO - Setting next_dagrun for example_setup_teardown_taskflow to 2023-10-09T09:06:43.220398+00:00, run_after=2023-10-10T09:06:43.220398+00:00
[2023-10-10T09:06:43.235+0000] {processor.py:179} INFO - Processing /home/airflow/.local/lib/python3.8/site-packages/airflow/example_dags/example_setup_teardown_taskflow.py took 0.062 seconds
[2023-10-10T09:07:13.645+0000] {processor.py:157} INFO - Started process (PID=2116) to work on /home/airflow/.local/lib/python3.8/site-packages/airflow/example_dags/example_setup_teardown_taskflow.py
[2023-10-10T09:07:13.646+0000] {processor.py:829} INFO - Processing file /home/airflow/.local/lib/python3.8/site-packages/airflow/example_dags/example_setup_teardown_taskflow.py for tasks to queue
[2023-10-10T09:07:13.648+0000] {logging_mixin.py:151} INFO - [2023-10-10T09:07:13.648+0000] {dagbag.py:539} INFO - Filling up the DagBag from /home/airflow/.local/lib/python3.8/site-packages/airflow/example_dags/example_setup_teardown_taskflow.py
[2023-10-10T09:07:13.654+0000] {processor.py:839} INFO - DAG(s) dict_keys(['example_setup_teardown_taskflow']) retrieved from /home/airflow/.local/lib/python3.8/site-packages/airflow/example_dags/example_setup_teardown_taskflow.py
[2023-10-10T09:07:13.671+0000] {logging_mixin.py:151} INFO - [2023-10-10T09:07:13.671+0000] {dag.py:2915} INFO - Sync 1 DAGs
[2023-10-10T09:07:13.686+0000] {logging_mixin.py:151} INFO - [2023-10-10T09:07:13.686+0000] {dag.py:3696} INFO - Setting next_dagrun for example_setup_teardown_taskflow to 2023-10-09T09:07:13.686592+00:00, run_after=2023-10-10T09:07:13.686592+00:00
[2023-10-10T09:07:13.696+0000] {processor.py:179} INFO - Processing /home/airflow/.local/lib/python3.8/site-packages/airflow/example_dags/example_setup_teardown_taskflow.py took 0.054 seconds
[2023-10-10T09:07:43.771+0000] {processor.py:157} INFO - Started process (PID=2177) to work on /home/airflow/.local/lib/python3.8/site-packages/airflow/example_dags/example_setup_teardown_taskflow.py
[2023-10-10T09:07:43.772+0000] {processor.py:829} INFO - Processing file /home/airflow/.local/lib/python3.8/site-packages/airflow/example_dags/example_setup_teardown_taskflow.py for tasks to queue
[2023-10-10T09:07:43.774+0000] {logging_mixin.py:151} INFO - [2023-10-10T09:07:43.773+0000] {dagbag.py:539} INFO - Filling up the DagBag from /home/airflow/.local/lib/python3.8/site-packages/airflow/example_dags/example_setup_teardown_taskflow.py
[2023-10-10T09:07:43.781+0000] {processor.py:839} INFO - DAG(s) dict_keys(['example_setup_teardown_taskflow']) retrieved from /home/airflow/.local/lib/python3.8/site-packages/airflow/example_dags/example_setup_teardown_taskflow.py
[2023-10-10T09:07:43.800+0000] {logging_mixin.py:151} INFO - [2023-10-10T09:07:43.799+0000] {dag.py:2915} INFO - Sync 1 DAGs
[2023-10-10T09:07:43.815+0000] {logging_mixin.py:151} INFO - [2023-10-10T09:07:43.815+0000] {dag.py:3696} INFO - Setting next_dagrun for example_setup_teardown_taskflow to 2023-10-09T09:07:43.815543+00:00, run_after=2023-10-10T09:07:43.815543+00:00
[2023-10-10T09:07:43.834+0000] {processor.py:179} INFO - Processing /home/airflow/.local/lib/python3.8/site-packages/airflow/example_dags/example_setup_teardown_taskflow.py took 0.066 seconds
[2023-10-10T09:08:14.454+0000] {processor.py:157} INFO - Started process (PID=2238) to work on /home/airflow/.local/lib/python3.8/site-packages/airflow/example_dags/example_setup_teardown_taskflow.py
[2023-10-10T09:08:14.455+0000] {processor.py:829} INFO - Processing file /home/airflow/.local/lib/python3.8/site-packages/airflow/example_dags/example_setup_teardown_taskflow.py for tasks to queue
[2023-10-10T09:08:14.456+0000] {logging_mixin.py:151} INFO - [2023-10-10T09:08:14.456+0000] {dagbag.py:539} INFO - Filling up the DagBag from /home/airflow/.local/lib/python3.8/site-packages/airflow/example_dags/example_setup_teardown_taskflow.py
[2023-10-10T09:08:14.461+0000] {processor.py:839} INFO - DAG(s) dict_keys(['example_setup_teardown_taskflow']) retrieved from /home/airflow/.local/lib/python3.8/site-packages/airflow/example_dags/example_setup_teardown_taskflow.py
[2023-10-10T09:08:14.476+0000] {logging_mixin.py:151} INFO - [2023-10-10T09:08:14.476+0000] {dag.py:2915} INFO - Sync 1 DAGs
[2023-10-10T09:08:14.489+0000] {logging_mixin.py:151} INFO - [2023-10-10T09:08:14.489+0000] {dag.py:3696} INFO - Setting next_dagrun for example_setup_teardown_taskflow to 2023-10-09T09:08:14.489407+00:00, run_after=2023-10-10T09:08:14.489407+00:00
[2023-10-10T09:08:14.499+0000] {processor.py:179} INFO - Processing /home/airflow/.local/lib/python3.8/site-packages/airflow/example_dags/example_setup_teardown_taskflow.py took 0.048 seconds
[2023-10-10T09:08:45.012+0000] {processor.py:157} INFO - Started process (PID=2299) to work on /home/airflow/.local/lib/python3.8/site-packages/airflow/example_dags/example_setup_teardown_taskflow.py
[2023-10-10T09:08:45.013+0000] {processor.py:829} INFO - Processing file /home/airflow/.local/lib/python3.8/site-packages/airflow/example_dags/example_setup_teardown_taskflow.py for tasks to queue
[2023-10-10T09:08:45.014+0000] {logging_mixin.py:151} INFO - [2023-10-10T09:08:45.014+0000] {dagbag.py:539} INFO - Filling up the DagBag from /home/airflow/.local/lib/python3.8/site-packages/airflow/example_dags/example_setup_teardown_taskflow.py
[2023-10-10T09:08:45.020+0000] {processor.py:839} INFO - DAG(s) dict_keys(['example_setup_teardown_taskflow']) retrieved from /home/airflow/.local/lib/python3.8/site-packages/airflow/example_dags/example_setup_teardown_taskflow.py
[2023-10-10T09:08:45.036+0000] {logging_mixin.py:151} INFO - [2023-10-10T09:08:45.036+0000] {dag.py:2915} INFO - Sync 1 DAGs
[2023-10-10T09:08:45.051+0000] {logging_mixin.py:151} INFO - [2023-10-10T09:08:45.051+0000] {dag.py:3696} INFO - Setting next_dagrun for example_setup_teardown_taskflow to 2023-10-09T09:08:45.051140+00:00, run_after=2023-10-10T09:08:45.051140+00:00
[2023-10-10T09:08:45.064+0000] {processor.py:179} INFO - Processing /home/airflow/.local/lib/python3.8/site-packages/airflow/example_dags/example_setup_teardown_taskflow.py took 0.055 seconds
[2023-10-10T09:09:15.510+0000] {processor.py:157} INFO - Started process (PID=2360) to work on /home/airflow/.local/lib/python3.8/site-packages/airflow/example_dags/example_setup_teardown_taskflow.py
[2023-10-10T09:09:15.511+0000] {processor.py:829} INFO - Processing file /home/airflow/.local/lib/python3.8/site-packages/airflow/example_dags/example_setup_teardown_taskflow.py for tasks to queue
[2023-10-10T09:09:15.513+0000] {logging_mixin.py:151} INFO - [2023-10-10T09:09:15.513+0000] {dagbag.py:539} INFO - Filling up the DagBag from /home/airflow/.local/lib/python3.8/site-packages/airflow/example_dags/example_setup_teardown_taskflow.py
[2023-10-10T09:09:15.519+0000] {processor.py:839} INFO - DAG(s) dict_keys(['example_setup_teardown_taskflow']) retrieved from /home/airflow/.local/lib/python3.8/site-packages/airflow/example_dags/example_setup_teardown_taskflow.py
[2023-10-10T09:09:15.535+0000] {logging_mixin.py:151} INFO - [2023-10-10T09:09:15.535+0000] {dag.py:2915} INFO - Sync 1 DAGs
[2023-10-10T09:09:15.550+0000] {logging_mixin.py:151} INFO - [2023-10-10T09:09:15.550+0000] {dag.py:3696} INFO - Setting next_dagrun for example_setup_teardown_taskflow to 2023-10-09T09:09:15.550301+00:00, run_after=2023-10-10T09:09:15.550301+00:00
[2023-10-10T09:09:15.561+0000] {processor.py:179} INFO - Processing /home/airflow/.local/lib/python3.8/site-packages/airflow/example_dags/example_setup_teardown_taskflow.py took 0.054 seconds
[2023-10-10T09:09:46.316+0000] {processor.py:157} INFO - Started process (PID=2421) to work on /home/airflow/.local/lib/python3.8/site-packages/airflow/example_dags/example_setup_teardown_taskflow.py
[2023-10-10T09:09:46.316+0000] {processor.py:829} INFO - Processing file /home/airflow/.local/lib/python3.8/site-packages/airflow/example_dags/example_setup_teardown_taskflow.py for tasks to queue
[2023-10-10T09:09:46.318+0000] {logging_mixin.py:151} INFO - [2023-10-10T09:09:46.318+0000] {dagbag.py:539} INFO - Filling up the DagBag from /home/airflow/.local/lib/python3.8/site-packages/airflow/example_dags/example_setup_teardown_taskflow.py
[2023-10-10T09:09:46.324+0000] {processor.py:839} INFO - DAG(s) dict_keys(['example_setup_teardown_taskflow']) retrieved from /home/airflow/.local/lib/python3.8/site-packages/airflow/example_dags/example_setup_teardown_taskflow.py
[2023-10-10T09:09:46.345+0000] {logging_mixin.py:151} INFO - [2023-10-10T09:09:46.345+0000] {dag.py:2915} INFO - Sync 1 DAGs
[2023-10-10T09:09:46.361+0000] {logging_mixin.py:151} INFO - [2023-10-10T09:09:46.361+0000] {dag.py:3696} INFO - Setting next_dagrun for example_setup_teardown_taskflow to 2023-10-09T09:09:46.361348+00:00, run_after=2023-10-10T09:09:46.361348+00:00
[2023-10-10T09:09:46.374+0000] {processor.py:179} INFO - Processing /home/airflow/.local/lib/python3.8/site-packages/airflow/example_dags/example_setup_teardown_taskflow.py took 0.061 seconds
[2023-10-10T09:10:16.933+0000] {processor.py:157} INFO - Started process (PID=2482) to work on /home/airflow/.local/lib/python3.8/site-packages/airflow/example_dags/example_setup_teardown_taskflow.py
[2023-10-10T09:10:16.961+0000] {processor.py:829} INFO - Processing file /home/airflow/.local/lib/python3.8/site-packages/airflow/example_dags/example_setup_teardown_taskflow.py for tasks to queue
[2023-10-10T09:10:16.997+0000] {logging_mixin.py:151} INFO - [2023-10-10T09:10:16.996+0000] {dagbag.py:539} INFO - Filling up the DagBag from /home/airflow/.local/lib/python3.8/site-packages/airflow/example_dags/example_setup_teardown_taskflow.py
[2023-10-10T09:10:17.010+0000] {processor.py:839} INFO - DAG(s) dict_keys(['example_setup_teardown_taskflow']) retrieved from /home/airflow/.local/lib/python3.8/site-packages/airflow/example_dags/example_setup_teardown_taskflow.py
[2023-10-10T09:10:17.036+0000] {logging_mixin.py:151} INFO - [2023-10-10T09:10:17.036+0000] {dag.py:2915} INFO - Sync 1 DAGs
[2023-10-10T09:10:17.052+0000] {logging_mixin.py:151} INFO - [2023-10-10T09:10:17.052+0000] {dag.py:3696} INFO - Setting next_dagrun for example_setup_teardown_taskflow to 2023-10-09T09:10:17.052137+00:00, run_after=2023-10-10T09:10:17.052137+00:00
[2023-10-10T09:10:17.063+0000] {processor.py:179} INFO - Processing /home/airflow/.local/lib/python3.8/site-packages/airflow/example_dags/example_setup_teardown_taskflow.py took 0.136 seconds
[2023-10-10T09:10:47.614+0000] {processor.py:157} INFO - Started process (PID=2543) to work on /home/airflow/.local/lib/python3.8/site-packages/airflow/example_dags/example_setup_teardown_taskflow.py
[2023-10-10T09:10:47.615+0000] {processor.py:829} INFO - Processing file /home/airflow/.local/lib/python3.8/site-packages/airflow/example_dags/example_setup_teardown_taskflow.py for tasks to queue
[2023-10-10T09:10:47.617+0000] {logging_mixin.py:151} INFO - [2023-10-10T09:10:47.616+0000] {dagbag.py:539} INFO - Filling up the DagBag from /home/airflow/.local/lib/python3.8/site-packages/airflow/example_dags/example_setup_teardown_taskflow.py
[2023-10-10T09:10:47.624+0000] {processor.py:839} INFO - DAG(s) dict_keys(['example_setup_teardown_taskflow']) retrieved from /home/airflow/.local/lib/python3.8/site-packages/airflow/example_dags/example_setup_teardown_taskflow.py
[2023-10-10T09:10:47.656+0000] {logging_mixin.py:151} INFO - [2023-10-10T09:10:47.656+0000] {dag.py:2915} INFO - Sync 1 DAGs
[2023-10-10T09:10:47.675+0000] {logging_mixin.py:151} INFO - [2023-10-10T09:10:47.675+0000] {dag.py:3696} INFO - Setting next_dagrun for example_setup_teardown_taskflow to 2023-10-09T09:10:47.674890+00:00, run_after=2023-10-10T09:10:47.674890+00:00
[2023-10-10T09:10:47.689+0000] {processor.py:179} INFO - Processing /home/airflow/.local/lib/python3.8/site-packages/airflow/example_dags/example_setup_teardown_taskflow.py took 0.079 seconds
[2023-10-10T09:11:18.301+0000] {processor.py:157} INFO - Started process (PID=2603) to work on /home/airflow/.local/lib/python3.8/site-packages/airflow/example_dags/example_setup_teardown_taskflow.py
[2023-10-10T09:11:18.302+0000] {processor.py:829} INFO - Processing file /home/airflow/.local/lib/python3.8/site-packages/airflow/example_dags/example_setup_teardown_taskflow.py for tasks to queue
[2023-10-10T09:11:18.303+0000] {logging_mixin.py:151} INFO - [2023-10-10T09:11:18.303+0000] {dagbag.py:539} INFO - Filling up the DagBag from /home/airflow/.local/lib/python3.8/site-packages/airflow/example_dags/example_setup_teardown_taskflow.py
[2023-10-10T09:11:18.310+0000] {processor.py:839} INFO - DAG(s) dict_keys(['example_setup_teardown_taskflow']) retrieved from /home/airflow/.local/lib/python3.8/site-packages/airflow/example_dags/example_setup_teardown_taskflow.py
[2023-10-10T09:11:18.326+0000] {logging_mixin.py:151} INFO - [2023-10-10T09:11:18.326+0000] {dag.py:2915} INFO - Sync 1 DAGs
[2023-10-10T09:11:18.344+0000] {logging_mixin.py:151} INFO - [2023-10-10T09:11:18.344+0000] {dag.py:3696} INFO - Setting next_dagrun for example_setup_teardown_taskflow to 2023-10-09T09:11:18.344138+00:00, run_after=2023-10-10T09:11:18.344138+00:00
[2023-10-10T09:11:18.355+0000] {processor.py:179} INFO - Processing /home/airflow/.local/lib/python3.8/site-packages/airflow/example_dags/example_setup_teardown_taskflow.py took 0.057 seconds
[2023-10-10T09:11:48.644+0000] {processor.py:157} INFO - Started process (PID=2664) to work on /home/airflow/.local/lib/python3.8/site-packages/airflow/example_dags/example_setup_teardown_taskflow.py
[2023-10-10T09:11:48.644+0000] {processor.py:829} INFO - Processing file /home/airflow/.local/lib/python3.8/site-packages/airflow/example_dags/example_setup_teardown_taskflow.py for tasks to queue
[2023-10-10T09:11:48.646+0000] {logging_mixin.py:151} INFO - [2023-10-10T09:11:48.646+0000] {dagbag.py:539} INFO - Filling up the DagBag from /home/airflow/.local/lib/python3.8/site-packages/airflow/example_dags/example_setup_teardown_taskflow.py
[2023-10-10T09:11:48.652+0000] {processor.py:839} INFO - DAG(s) dict_keys(['example_setup_teardown_taskflow']) retrieved from /home/airflow/.local/lib/python3.8/site-packages/airflow/example_dags/example_setup_teardown_taskflow.py
[2023-10-10T09:11:48.670+0000] {logging_mixin.py:151} INFO - [2023-10-10T09:11:48.670+0000] {dag.py:2915} INFO - Sync 1 DAGs
[2023-10-10T09:11:48.685+0000] {logging_mixin.py:151} INFO - [2023-10-10T09:11:48.684+0000] {dag.py:3696} INFO - Setting next_dagrun for example_setup_teardown_taskflow to 2023-10-09T09:11:48.684721+00:00, run_after=2023-10-10T09:11:48.684721+00:00
[2023-10-10T09:11:48.696+0000] {processor.py:179} INFO - Processing /home/airflow/.local/lib/python3.8/site-packages/airflow/example_dags/example_setup_teardown_taskflow.py took 0.055 seconds
[2023-10-10T09:12:19.882+0000] {processor.py:157} INFO - Started process (PID=2725) to work on /home/airflow/.local/lib/python3.8/site-packages/airflow/example_dags/example_setup_teardown_taskflow.py
[2023-10-10T09:12:19.884+0000] {processor.py:829} INFO - Processing file /home/airflow/.local/lib/python3.8/site-packages/airflow/example_dags/example_setup_teardown_taskflow.py for tasks to queue
[2023-10-10T09:12:19.886+0000] {logging_mixin.py:151} INFO - [2023-10-10T09:12:19.886+0000] {dagbag.py:539} INFO - Filling up the DagBag from /home/airflow/.local/lib/python3.8/site-packages/airflow/example_dags/example_setup_teardown_taskflow.py
[2023-10-10T09:12:19.901+0000] {processor.py:839} INFO - DAG(s) dict_keys(['example_setup_teardown_taskflow']) retrieved from /home/airflow/.local/lib/python3.8/site-packages/airflow/example_dags/example_setup_teardown_taskflow.py
[2023-10-10T09:12:19.943+0000] {logging_mixin.py:151} INFO - [2023-10-10T09:12:19.943+0000] {dag.py:2915} INFO - Sync 1 DAGs
[2023-10-10T09:12:19.968+0000] {logging_mixin.py:151} INFO - [2023-10-10T09:12:19.968+0000] {dag.py:3696} INFO - Setting next_dagrun for example_setup_teardown_taskflow to 2023-10-09T09:12:19.968298+00:00, run_after=2023-10-10T09:12:19.968298+00:00
[2023-10-10T09:12:19.983+0000] {processor.py:179} INFO - Processing /home/airflow/.local/lib/python3.8/site-packages/airflow/example_dags/example_setup_teardown_taskflow.py took 0.107 seconds
[2023-10-10T09:12:50.967+0000] {processor.py:157} INFO - Started process (PID=2786) to work on /home/airflow/.local/lib/python3.8/site-packages/airflow/example_dags/example_setup_teardown_taskflow.py
[2023-10-10T09:12:50.968+0000] {processor.py:829} INFO - Processing file /home/airflow/.local/lib/python3.8/site-packages/airflow/example_dags/example_setup_teardown_taskflow.py for tasks to queue
[2023-10-10T09:12:50.970+0000] {logging_mixin.py:151} INFO - [2023-10-10T09:12:50.970+0000] {dagbag.py:539} INFO - Filling up the DagBag from /home/airflow/.local/lib/python3.8/site-packages/airflow/example_dags/example_setup_teardown_taskflow.py
[2023-10-10T09:12:50.981+0000] {processor.py:839} INFO - DAG(s) dict_keys(['example_setup_teardown_taskflow']) retrieved from /home/airflow/.local/lib/python3.8/site-packages/airflow/example_dags/example_setup_teardown_taskflow.py
[2023-10-10T09:12:51.001+0000] {logging_mixin.py:151} INFO - [2023-10-10T09:12:51.001+0000] {dag.py:2915} INFO - Sync 1 DAGs
[2023-10-10T09:12:51.019+0000] {logging_mixin.py:151} INFO - [2023-10-10T09:12:51.018+0000] {dag.py:3696} INFO - Setting next_dagrun for example_setup_teardown_taskflow to 2023-10-09T09:12:51.018806+00:00, run_after=2023-10-10T09:12:51.018806+00:00
[2023-10-10T09:12:51.029+0000] {processor.py:179} INFO - Processing /home/airflow/.local/lib/python3.8/site-packages/airflow/example_dags/example_setup_teardown_taskflow.py took 0.068 seconds
[2023-10-10T09:13:21.910+0000] {processor.py:157} INFO - Started process (PID=2847) to work on /home/airflow/.local/lib/python3.8/site-packages/airflow/example_dags/example_setup_teardown_taskflow.py
[2023-10-10T09:13:21.919+0000] {processor.py:829} INFO - Processing file /home/airflow/.local/lib/python3.8/site-packages/airflow/example_dags/example_setup_teardown_taskflow.py for tasks to queue
[2023-10-10T09:13:21.926+0000] {logging_mixin.py:151} INFO - [2023-10-10T09:13:21.925+0000] {dagbag.py:539} INFO - Filling up the DagBag from /home/airflow/.local/lib/python3.8/site-packages/airflow/example_dags/example_setup_teardown_taskflow.py
[2023-10-10T09:13:21.958+0000] {processor.py:839} INFO - DAG(s) dict_keys(['example_setup_teardown_taskflow']) retrieved from /home/airflow/.local/lib/python3.8/site-packages/airflow/example_dags/example_setup_teardown_taskflow.py
[2023-10-10T09:13:21.991+0000] {logging_mixin.py:151} INFO - [2023-10-10T09:13:21.991+0000] {dag.py:2915} INFO - Sync 1 DAGs
[2023-10-10T09:13:22.018+0000] {logging_mixin.py:151} INFO - [2023-10-10T09:13:22.018+0000] {dag.py:3696} INFO - Setting next_dagrun for example_setup_teardown_taskflow to 2023-10-09T09:13:22.017683+00:00, run_after=2023-10-10T09:13:22.017683+00:00
[2023-10-10T09:13:22.032+0000] {processor.py:179} INFO - Processing /home/airflow/.local/lib/python3.8/site-packages/airflow/example_dags/example_setup_teardown_taskflow.py took 0.131 seconds
[2023-10-10T09:13:52.418+0000] {processor.py:157} INFO - Started process (PID=2908) to work on /home/airflow/.local/lib/python3.8/site-packages/airflow/example_dags/example_setup_teardown_taskflow.py
[2023-10-10T09:13:52.420+0000] {processor.py:829} INFO - Processing file /home/airflow/.local/lib/python3.8/site-packages/airflow/example_dags/example_setup_teardown_taskflow.py for tasks to queue
[2023-10-10T09:13:52.423+0000] {logging_mixin.py:151} INFO - [2023-10-10T09:13:52.423+0000] {dagbag.py:539} INFO - Filling up the DagBag from /home/airflow/.local/lib/python3.8/site-packages/airflow/example_dags/example_setup_teardown_taskflow.py
[2023-10-10T09:13:52.439+0000] {processor.py:839} INFO - DAG(s) dict_keys(['example_setup_teardown_taskflow']) retrieved from /home/airflow/.local/lib/python3.8/site-packages/airflow/example_dags/example_setup_teardown_taskflow.py
[2023-10-10T09:13:52.462+0000] {logging_mixin.py:151} INFO - [2023-10-10T09:13:52.461+0000] {dag.py:2915} INFO - Sync 1 DAGs
[2023-10-10T09:13:52.480+0000] {logging_mixin.py:151} INFO - [2023-10-10T09:13:52.480+0000] {dag.py:3696} INFO - Setting next_dagrun for example_setup_teardown_taskflow to 2023-10-09T09:13:52.480294+00:00, run_after=2023-10-10T09:13:52.480294+00:00
[2023-10-10T09:13:52.491+0000] {processor.py:179} INFO - Processing /home/airflow/.local/lib/python3.8/site-packages/airflow/example_dags/example_setup_teardown_taskflow.py took 0.079 seconds
[2023-10-10T09:14:23.233+0000] {processor.py:157} INFO - Started process (PID=2969) to work on /home/airflow/.local/lib/python3.8/site-packages/airflow/example_dags/example_setup_teardown_taskflow.py
[2023-10-10T09:14:23.236+0000] {processor.py:829} INFO - Processing file /home/airflow/.local/lib/python3.8/site-packages/airflow/example_dags/example_setup_teardown_taskflow.py for tasks to queue
[2023-10-10T09:14:23.240+0000] {logging_mixin.py:151} INFO - [2023-10-10T09:14:23.239+0000] {dagbag.py:539} INFO - Filling up the DagBag from /home/airflow/.local/lib/python3.8/site-packages/airflow/example_dags/example_setup_teardown_taskflow.py
[2023-10-10T09:14:23.256+0000] {processor.py:839} INFO - DAG(s) dict_keys(['example_setup_teardown_taskflow']) retrieved from /home/airflow/.local/lib/python3.8/site-packages/airflow/example_dags/example_setup_teardown_taskflow.py
[2023-10-10T09:14:23.281+0000] {logging_mixin.py:151} INFO - [2023-10-10T09:14:23.281+0000] {dag.py:2915} INFO - Sync 1 DAGs
[2023-10-10T09:14:23.297+0000] {logging_mixin.py:151} INFO - [2023-10-10T09:14:23.297+0000] {dag.py:3696} INFO - Setting next_dagrun for example_setup_teardown_taskflow to 2023-10-09T09:14:23.297121+00:00, run_after=2023-10-10T09:14:23.297121+00:00
[2023-10-10T09:14:23.309+0000] {processor.py:179} INFO - Processing /home/airflow/.local/lib/python3.8/site-packages/airflow/example_dags/example_setup_teardown_taskflow.py took 0.083 seconds
[2023-10-10T09:14:53.665+0000] {processor.py:157} INFO - Started process (PID=3030) to work on /home/airflow/.local/lib/python3.8/site-packages/airflow/example_dags/example_setup_teardown_taskflow.py
[2023-10-10T09:14:53.666+0000] {processor.py:829} INFO - Processing file /home/airflow/.local/lib/python3.8/site-packages/airflow/example_dags/example_setup_teardown_taskflow.py for tasks to queue
[2023-10-10T09:14:53.668+0000] {logging_mixin.py:151} INFO - [2023-10-10T09:14:53.668+0000] {dagbag.py:539} INFO - Filling up the DagBag from /home/airflow/.local/lib/python3.8/site-packages/airflow/example_dags/example_setup_teardown_taskflow.py
[2023-10-10T09:14:53.676+0000] {processor.py:839} INFO - DAG(s) dict_keys(['example_setup_teardown_taskflow']) retrieved from /home/airflow/.local/lib/python3.8/site-packages/airflow/example_dags/example_setup_teardown_taskflow.py
[2023-10-10T09:14:53.694+0000] {logging_mixin.py:151} INFO - [2023-10-10T09:14:53.693+0000] {dag.py:2915} INFO - Sync 1 DAGs
[2023-10-10T09:14:53.709+0000] {logging_mixin.py:151} INFO - [2023-10-10T09:14:53.709+0000] {dag.py:3696} INFO - Setting next_dagrun for example_setup_teardown_taskflow to 2023-10-09T09:14:53.709095+00:00, run_after=2023-10-10T09:14:53.709095+00:00
[2023-10-10T09:14:53.719+0000] {processor.py:179} INFO - Processing /home/airflow/.local/lib/python3.8/site-packages/airflow/example_dags/example_setup_teardown_taskflow.py took 0.057 seconds
[2023-10-10T09:15:23.994+0000] {processor.py:157} INFO - Started process (PID=3091) to work on /home/airflow/.local/lib/python3.8/site-packages/airflow/example_dags/example_setup_teardown_taskflow.py
[2023-10-10T09:15:23.996+0000] {processor.py:829} INFO - Processing file /home/airflow/.local/lib/python3.8/site-packages/airflow/example_dags/example_setup_teardown_taskflow.py for tasks to queue
[2023-10-10T09:15:23.999+0000] {logging_mixin.py:151} INFO - [2023-10-10T09:15:23.999+0000] {dagbag.py:539} INFO - Filling up the DagBag from /home/airflow/.local/lib/python3.8/site-packages/airflow/example_dags/example_setup_teardown_taskflow.py
[2023-10-10T09:15:24.010+0000] {processor.py:839} INFO - DAG(s) dict_keys(['example_setup_teardown_taskflow']) retrieved from /home/airflow/.local/lib/python3.8/site-packages/airflow/example_dags/example_setup_teardown_taskflow.py
[2023-10-10T09:15:24.027+0000] {logging_mixin.py:151} INFO - [2023-10-10T09:15:24.027+0000] {dag.py:2915} INFO - Sync 1 DAGs
[2023-10-10T09:15:24.042+0000] {logging_mixin.py:151} INFO - [2023-10-10T09:15:24.041+0000] {dag.py:3696} INFO - Setting next_dagrun for example_setup_teardown_taskflow to 2023-10-09T09:15:24.041594+00:00, run_after=2023-10-10T09:15:24.041594+00:00
[2023-10-10T09:15:24.052+0000] {processor.py:179} INFO - Processing /home/airflow/.local/lib/python3.8/site-packages/airflow/example_dags/example_setup_teardown_taskflow.py took 0.064 seconds
[2023-10-10T09:15:54.433+0000] {processor.py:157} INFO - Started process (PID=3152) to work on /home/airflow/.local/lib/python3.8/site-packages/airflow/example_dags/example_setup_teardown_taskflow.py
[2023-10-10T09:15:54.435+0000] {processor.py:829} INFO - Processing file /home/airflow/.local/lib/python3.8/site-packages/airflow/example_dags/example_setup_teardown_taskflow.py for tasks to queue
[2023-10-10T09:15:54.438+0000] {logging_mixin.py:151} INFO - [2023-10-10T09:15:54.437+0000] {dagbag.py:539} INFO - Filling up the DagBag from /home/airflow/.local/lib/python3.8/site-packages/airflow/example_dags/example_setup_teardown_taskflow.py
[2023-10-10T09:15:54.448+0000] {processor.py:839} INFO - DAG(s) dict_keys(['example_setup_teardown_taskflow']) retrieved from /home/airflow/.local/lib/python3.8/site-packages/airflow/example_dags/example_setup_teardown_taskflow.py
[2023-10-10T09:15:54.470+0000] {logging_mixin.py:151} INFO - [2023-10-10T09:15:54.469+0000] {dag.py:2915} INFO - Sync 1 DAGs
[2023-10-10T09:15:54.485+0000] {logging_mixin.py:151} INFO - [2023-10-10T09:15:54.485+0000] {dag.py:3696} INFO - Setting next_dagrun for example_setup_teardown_taskflow to 2023-10-09T09:15:54.484947+00:00, run_after=2023-10-10T09:15:54.484947+00:00
[2023-10-10T09:15:54.495+0000] {processor.py:179} INFO - Processing /home/airflow/.local/lib/python3.8/site-packages/airflow/example_dags/example_setup_teardown_taskflow.py took 0.066 seconds
[2023-10-10T09:16:25.231+0000] {processor.py:157} INFO - Started process (PID=3213) to work on /home/airflow/.local/lib/python3.8/site-packages/airflow/example_dags/example_setup_teardown_taskflow.py
[2023-10-10T09:16:25.233+0000] {processor.py:829} INFO - Processing file /home/airflow/.local/lib/python3.8/site-packages/airflow/example_dags/example_setup_teardown_taskflow.py for tasks to queue
[2023-10-10T09:16:25.236+0000] {logging_mixin.py:151} INFO - [2023-10-10T09:16:25.235+0000] {dagbag.py:539} INFO - Filling up the DagBag from /home/airflow/.local/lib/python3.8/site-packages/airflow/example_dags/example_setup_teardown_taskflow.py
[2023-10-10T09:16:25.249+0000] {processor.py:839} INFO - DAG(s) dict_keys(['example_setup_teardown_taskflow']) retrieved from /home/airflow/.local/lib/python3.8/site-packages/airflow/example_dags/example_setup_teardown_taskflow.py
[2023-10-10T09:16:25.280+0000] {logging_mixin.py:151} INFO - [2023-10-10T09:16:25.280+0000] {dag.py:2915} INFO - Sync 1 DAGs
[2023-10-10T09:16:25.301+0000] {logging_mixin.py:151} INFO - [2023-10-10T09:16:25.301+0000] {dag.py:3696} INFO - Setting next_dagrun for example_setup_teardown_taskflow to 2023-10-09T09:16:25.301605+00:00, run_after=2023-10-10T09:16:25.301605+00:00
[2023-10-10T09:16:25.314+0000] {processor.py:179} INFO - Processing /home/airflow/.local/lib/python3.8/site-packages/airflow/example_dags/example_setup_teardown_taskflow.py took 0.090 seconds
[2023-10-10T09:16:55.723+0000] {processor.py:157} INFO - Started process (PID=3274) to work on /home/airflow/.local/lib/python3.8/site-packages/airflow/example_dags/example_setup_teardown_taskflow.py
[2023-10-10T09:16:55.725+0000] {processor.py:829} INFO - Processing file /home/airflow/.local/lib/python3.8/site-packages/airflow/example_dags/example_setup_teardown_taskflow.py for tasks to queue
[2023-10-10T09:16:55.727+0000] {logging_mixin.py:151} INFO - [2023-10-10T09:16:55.727+0000] {dagbag.py:539} INFO - Filling up the DagBag from /home/airflow/.local/lib/python3.8/site-packages/airflow/example_dags/example_setup_teardown_taskflow.py
[2023-10-10T09:16:55.739+0000] {processor.py:839} INFO - DAG(s) dict_keys(['example_setup_teardown_taskflow']) retrieved from /home/airflow/.local/lib/python3.8/site-packages/airflow/example_dags/example_setup_teardown_taskflow.py
[2023-10-10T09:16:55.771+0000] {logging_mixin.py:151} INFO - [2023-10-10T09:16:55.770+0000] {dag.py:2915} INFO - Sync 1 DAGs
[2023-10-10T09:16:55.792+0000] {logging_mixin.py:151} INFO - [2023-10-10T09:16:55.792+0000] {dag.py:3696} INFO - Setting next_dagrun for example_setup_teardown_taskflow to 2023-10-09T09:16:55.791797+00:00, run_after=2023-10-10T09:16:55.791797+00:00
[2023-10-10T09:16:55.805+0000] {processor.py:179} INFO - Processing /home/airflow/.local/lib/python3.8/site-packages/airflow/example_dags/example_setup_teardown_taskflow.py took 0.086 seconds
[2023-10-10T09:17:26.674+0000] {processor.py:157} INFO - Started process (PID=3334) to work on /home/airflow/.local/lib/python3.8/site-packages/airflow/example_dags/example_setup_teardown_taskflow.py
[2023-10-10T09:17:26.675+0000] {processor.py:829} INFO - Processing file /home/airflow/.local/lib/python3.8/site-packages/airflow/example_dags/example_setup_teardown_taskflow.py for tasks to queue
[2023-10-10T09:17:26.677+0000] {logging_mixin.py:151} INFO - [2023-10-10T09:17:26.677+0000] {dagbag.py:539} INFO - Filling up the DagBag from /home/airflow/.local/lib/python3.8/site-packages/airflow/example_dags/example_setup_teardown_taskflow.py
[2023-10-10T09:17:26.686+0000] {processor.py:839} INFO - DAG(s) dict_keys(['example_setup_teardown_taskflow']) retrieved from /home/airflow/.local/lib/python3.8/site-packages/airflow/example_dags/example_setup_teardown_taskflow.py
[2023-10-10T09:17:26.706+0000] {logging_mixin.py:151} INFO - [2023-10-10T09:17:26.706+0000] {dag.py:2915} INFO - Sync 1 DAGs
[2023-10-10T09:17:26.721+0000] {logging_mixin.py:151} INFO - [2023-10-10T09:17:26.721+0000] {dag.py:3696} INFO - Setting next_dagrun for example_setup_teardown_taskflow to 2023-10-09T09:17:26.721286+00:00, run_after=2023-10-10T09:17:26.721286+00:00
[2023-10-10T09:17:26.732+0000] {processor.py:179} INFO - Processing /home/airflow/.local/lib/python3.8/site-packages/airflow/example_dags/example_setup_teardown_taskflow.py took 0.062 seconds
[2023-10-10T09:17:57.058+0000] {processor.py:157} INFO - Started process (PID=3395) to work on /home/airflow/.local/lib/python3.8/site-packages/airflow/example_dags/example_setup_teardown_taskflow.py
[2023-10-10T09:17:57.060+0000] {processor.py:829} INFO - Processing file /home/airflow/.local/lib/python3.8/site-packages/airflow/example_dags/example_setup_teardown_taskflow.py for tasks to queue
[2023-10-10T09:17:57.063+0000] {logging_mixin.py:151} INFO - [2023-10-10T09:17:57.062+0000] {dagbag.py:539} INFO - Filling up the DagBag from /home/airflow/.local/lib/python3.8/site-packages/airflow/example_dags/example_setup_teardown_taskflow.py
[2023-10-10T09:17:57.076+0000] {processor.py:839} INFO - DAG(s) dict_keys(['example_setup_teardown_taskflow']) retrieved from /home/airflow/.local/lib/python3.8/site-packages/airflow/example_dags/example_setup_teardown_taskflow.py
[2023-10-10T09:17:57.112+0000] {logging_mixin.py:151} INFO - [2023-10-10T09:17:57.112+0000] {dag.py:2915} INFO - Sync 1 DAGs
[2023-10-10T09:17:57.201+0000] {logging_mixin.py:151} INFO - [2023-10-10T09:17:57.201+0000] {dag.py:3696} INFO - Setting next_dagrun for example_setup_teardown_taskflow to 2023-10-09T09:17:57.200435+00:00, run_after=2023-10-10T09:17:57.200435+00:00
[2023-10-10T09:17:57.216+0000] {processor.py:179} INFO - Processing /home/airflow/.local/lib/python3.8/site-packages/airflow/example_dags/example_setup_teardown_taskflow.py took 0.169 seconds
[2023-10-10T09:18:27.343+0000] {processor.py:157} INFO - Started process (PID=3456) to work on /home/airflow/.local/lib/python3.8/site-packages/airflow/example_dags/example_setup_teardown_taskflow.py
[2023-10-10T09:18:27.345+0000] {processor.py:829} INFO - Processing file /home/airflow/.local/lib/python3.8/site-packages/airflow/example_dags/example_setup_teardown_taskflow.py for tasks to queue
[2023-10-10T09:18:27.347+0000] {logging_mixin.py:151} INFO - [2023-10-10T09:18:27.347+0000] {dagbag.py:539} INFO - Filling up the DagBag from /home/airflow/.local/lib/python3.8/site-packages/airflow/example_dags/example_setup_teardown_taskflow.py
[2023-10-10T09:18:27.359+0000] {processor.py:839} INFO - DAG(s) dict_keys(['example_setup_teardown_taskflow']) retrieved from /home/airflow/.local/lib/python3.8/site-packages/airflow/example_dags/example_setup_teardown_taskflow.py
[2023-10-10T09:18:27.381+0000] {logging_mixin.py:151} INFO - [2023-10-10T09:18:27.381+0000] {dag.py:2915} INFO - Sync 1 DAGs
[2023-10-10T09:18:27.399+0000] {logging_mixin.py:151} INFO - [2023-10-10T09:18:27.399+0000] {dag.py:3696} INFO - Setting next_dagrun for example_setup_teardown_taskflow to 2023-10-09T09:18:27.399010+00:00, run_after=2023-10-10T09:18:27.399010+00:00
[2023-10-10T09:18:27.410+0000] {processor.py:179} INFO - Processing /home/airflow/.local/lib/python3.8/site-packages/airflow/example_dags/example_setup_teardown_taskflow.py took 0.072 seconds
[2023-10-10T09:18:57.513+0000] {processor.py:157} INFO - Started process (PID=3517) to work on /home/airflow/.local/lib/python3.8/site-packages/airflow/example_dags/example_setup_teardown_taskflow.py
[2023-10-10T09:18:57.515+0000] {processor.py:829} INFO - Processing file /home/airflow/.local/lib/python3.8/site-packages/airflow/example_dags/example_setup_teardown_taskflow.py for tasks to queue
[2023-10-10T09:18:57.518+0000] {logging_mixin.py:151} INFO - [2023-10-10T09:18:57.518+0000] {dagbag.py:539} INFO - Filling up the DagBag from /home/airflow/.local/lib/python3.8/site-packages/airflow/example_dags/example_setup_teardown_taskflow.py
[2023-10-10T09:18:57.531+0000] {processor.py:839} INFO - DAG(s) dict_keys(['example_setup_teardown_taskflow']) retrieved from /home/airflow/.local/lib/python3.8/site-packages/airflow/example_dags/example_setup_teardown_taskflow.py
[2023-10-10T09:18:57.557+0000] {logging_mixin.py:151} INFO - [2023-10-10T09:18:57.557+0000] {dag.py:2915} INFO - Sync 1 DAGs
[2023-10-10T09:18:57.573+0000] {logging_mixin.py:151} INFO - [2023-10-10T09:18:57.573+0000] {dag.py:3696} INFO - Setting next_dagrun for example_setup_teardown_taskflow to 2023-10-09T09:18:57.572969+00:00, run_after=2023-10-10T09:18:57.572969+00:00
[2023-10-10T09:18:57.588+0000] {processor.py:179} INFO - Processing /home/airflow/.local/lib/python3.8/site-packages/airflow/example_dags/example_setup_teardown_taskflow.py took 0.081 seconds
[2023-10-10T09:19:27.822+0000] {processor.py:157} INFO - Started process (PID=3578) to work on /home/airflow/.local/lib/python3.8/site-packages/airflow/example_dags/example_setup_teardown_taskflow.py
[2023-10-10T09:19:27.823+0000] {processor.py:829} INFO - Processing file /home/airflow/.local/lib/python3.8/site-packages/airflow/example_dags/example_setup_teardown_taskflow.py for tasks to queue
[2023-10-10T09:19:27.825+0000] {logging_mixin.py:151} INFO - [2023-10-10T09:19:27.825+0000] {dagbag.py:539} INFO - Filling up the DagBag from /home/airflow/.local/lib/python3.8/site-packages/airflow/example_dags/example_setup_teardown_taskflow.py
[2023-10-10T09:19:27.834+0000] {processor.py:839} INFO - DAG(s) dict_keys(['example_setup_teardown_taskflow']) retrieved from /home/airflow/.local/lib/python3.8/site-packages/airflow/example_dags/example_setup_teardown_taskflow.py
[2023-10-10T09:19:27.853+0000] {logging_mixin.py:151} INFO - [2023-10-10T09:19:27.853+0000] {dag.py:2915} INFO - Sync 1 DAGs
[2023-10-10T09:19:27.867+0000] {logging_mixin.py:151} INFO - [2023-10-10T09:19:27.867+0000] {dag.py:3696} INFO - Setting next_dagrun for example_setup_teardown_taskflow to 2023-10-09T09:19:27.867710+00:00, run_after=2023-10-10T09:19:27.867710+00:00
[2023-10-10T09:19:27.878+0000] {processor.py:179} INFO - Processing /home/airflow/.local/lib/python3.8/site-packages/airflow/example_dags/example_setup_teardown_taskflow.py took 0.060 seconds
[2023-10-10T09:19:58.256+0000] {processor.py:157} INFO - Started process (PID=3639) to work on /home/airflow/.local/lib/python3.8/site-packages/airflow/example_dags/example_setup_teardown_taskflow.py
[2023-10-10T09:19:58.257+0000] {processor.py:829} INFO - Processing file /home/airflow/.local/lib/python3.8/site-packages/airflow/example_dags/example_setup_teardown_taskflow.py for tasks to queue
[2023-10-10T09:19:58.260+0000] {logging_mixin.py:151} INFO - [2023-10-10T09:19:58.259+0000] {dagbag.py:539} INFO - Filling up the DagBag from /home/airflow/.local/lib/python3.8/site-packages/airflow/example_dags/example_setup_teardown_taskflow.py
[2023-10-10T09:19:58.279+0000] {processor.py:839} INFO - DAG(s) dict_keys(['example_setup_teardown_taskflow']) retrieved from /home/airflow/.local/lib/python3.8/site-packages/airflow/example_dags/example_setup_teardown_taskflow.py
[2023-10-10T09:19:58.310+0000] {logging_mixin.py:151} INFO - [2023-10-10T09:19:58.310+0000] {dag.py:2915} INFO - Sync 1 DAGs
[2023-10-10T09:19:58.327+0000] {logging_mixin.py:151} INFO - [2023-10-10T09:19:58.327+0000] {dag.py:3696} INFO - Setting next_dagrun for example_setup_teardown_taskflow to 2023-10-09T09:19:58.326834+00:00, run_after=2023-10-10T09:19:58.326834+00:00
[2023-10-10T09:19:58.338+0000] {processor.py:179} INFO - Processing /home/airflow/.local/lib/python3.8/site-packages/airflow/example_dags/example_setup_teardown_taskflow.py took 0.086 seconds
