[2023-10-10T08:50:19.255+0000] {processor.py:157} INFO - Started process (PID=86) to work on /home/airflow/.local/lib/python3.8/site-packages/airflow/example_dags/example_sensors.py
[2023-10-10T08:50:19.262+0000] {processor.py:829} INFO - Processing file /home/airflow/.local/lib/python3.8/site-packages/airflow/example_dags/example_sensors.py for tasks to queue
[2023-10-10T08:50:19.351+0000] {logging_mixin.py:151} INFO - [2023-10-10T08:50:19.339+0000] {dagbag.py:539} INFO - Filling up the DagBag from /home/airflow/.local/lib/python3.8/site-packages/airflow/example_dags/example_sensors.py
[2023-10-10T08:50:19.457+0000] {processor.py:839} INFO - DAG(s) dict_keys(['example_sensors']) retrieved from /home/airflow/.local/lib/python3.8/site-packages/airflow/example_dags/example_sensors.py
[2023-10-10T08:50:19.829+0000] {logging_mixin.py:151} INFO - [2023-10-10T08:50:19.828+0000] {dag.py:2915} INFO - Sync 1 DAGs
[2023-10-10T08:50:19.967+0000] {logging_mixin.py:151} INFO - [2023-10-10T08:50:19.966+0000] {dag.py:3696} INFO - Setting next_dagrun for example_sensors to None, run_after=None
[2023-10-10T08:50:20.190+0000] {processor.py:179} INFO - Processing /home/airflow/.local/lib/python3.8/site-packages/airflow/example_dags/example_sensors.py took 0.959 seconds
[2023-10-10T08:50:50.594+0000] {processor.py:157} INFO - Started process (PID=147) to work on /home/airflow/.local/lib/python3.8/site-packages/airflow/example_dags/example_sensors.py
[2023-10-10T08:50:50.595+0000] {processor.py:829} INFO - Processing file /home/airflow/.local/lib/python3.8/site-packages/airflow/example_dags/example_sensors.py for tasks to queue
[2023-10-10T08:50:50.597+0000] {logging_mixin.py:151} INFO - [2023-10-10T08:50:50.597+0000] {dagbag.py:539} INFO - Filling up the DagBag from /home/airflow/.local/lib/python3.8/site-packages/airflow/example_dags/example_sensors.py
[2023-10-10T08:50:50.609+0000] {processor.py:839} INFO - DAG(s) dict_keys(['example_sensors']) retrieved from /home/airflow/.local/lib/python3.8/site-packages/airflow/example_dags/example_sensors.py
[2023-10-10T08:50:50.646+0000] {logging_mixin.py:151} INFO - [2023-10-10T08:50:50.646+0000] {dag.py:2915} INFO - Sync 1 DAGs
[2023-10-10T08:50:50.706+0000] {logging_mixin.py:151} INFO - [2023-10-10T08:50:50.706+0000] {dag.py:3696} INFO - Setting next_dagrun for example_sensors to None, run_after=None
[2023-10-10T08:50:50.741+0000] {processor.py:179} INFO - Processing /home/airflow/.local/lib/python3.8/site-packages/airflow/example_dags/example_sensors.py took 0.151 seconds
[2023-10-10T08:51:21.258+0000] {processor.py:157} INFO - Started process (PID=208) to work on /home/airflow/.local/lib/python3.8/site-packages/airflow/example_dags/example_sensors.py
[2023-10-10T08:51:21.259+0000] {processor.py:829} INFO - Processing file /home/airflow/.local/lib/python3.8/site-packages/airflow/example_dags/example_sensors.py for tasks to queue
[2023-10-10T08:51:21.262+0000] {logging_mixin.py:151} INFO - [2023-10-10T08:51:21.261+0000] {dagbag.py:539} INFO - Filling up the DagBag from /home/airflow/.local/lib/python3.8/site-packages/airflow/example_dags/example_sensors.py
[2023-10-10T08:51:21.271+0000] {processor.py:839} INFO - DAG(s) dict_keys(['example_sensors']) retrieved from /home/airflow/.local/lib/python3.8/site-packages/airflow/example_dags/example_sensors.py
[2023-10-10T08:51:21.296+0000] {logging_mixin.py:151} INFO - [2023-10-10T08:51:21.296+0000] {dag.py:2915} INFO - Sync 1 DAGs
[2023-10-10T08:51:21.305+0000] {logging_mixin.py:151} INFO - [2023-10-10T08:51:21.305+0000] {dag.py:3696} INFO - Setting next_dagrun for example_sensors to None, run_after=None
[2023-10-10T08:51:21.318+0000] {processor.py:179} INFO - Processing /home/airflow/.local/lib/python3.8/site-packages/airflow/example_dags/example_sensors.py took 0.065 seconds
[2023-10-10T08:51:51.726+0000] {processor.py:157} INFO - Started process (PID=269) to work on /home/airflow/.local/lib/python3.8/site-packages/airflow/example_dags/example_sensors.py
[2023-10-10T08:51:51.730+0000] {processor.py:829} INFO - Processing file /home/airflow/.local/lib/python3.8/site-packages/airflow/example_dags/example_sensors.py for tasks to queue
[2023-10-10T08:51:51.736+0000] {logging_mixin.py:151} INFO - [2023-10-10T08:51:51.735+0000] {dagbag.py:539} INFO - Filling up the DagBag from /home/airflow/.local/lib/python3.8/site-packages/airflow/example_dags/example_sensors.py
[2023-10-10T08:51:51.749+0000] {processor.py:839} INFO - DAG(s) dict_keys(['example_sensors']) retrieved from /home/airflow/.local/lib/python3.8/site-packages/airflow/example_dags/example_sensors.py
[2023-10-10T08:51:51.779+0000] {logging_mixin.py:151} INFO - [2023-10-10T08:51:51.779+0000] {dag.py:2915} INFO - Sync 1 DAGs
[2023-10-10T08:51:51.789+0000] {logging_mixin.py:151} INFO - [2023-10-10T08:51:51.789+0000] {dag.py:3696} INFO - Setting next_dagrun for example_sensors to None, run_after=None
[2023-10-10T08:51:51.802+0000] {processor.py:179} INFO - Processing /home/airflow/.local/lib/python3.8/site-packages/airflow/example_dags/example_sensors.py took 0.086 seconds
[2023-10-10T08:52:22.117+0000] {processor.py:157} INFO - Started process (PID=330) to work on /home/airflow/.local/lib/python3.8/site-packages/airflow/example_dags/example_sensors.py
[2023-10-10T08:52:22.119+0000] {processor.py:829} INFO - Processing file /home/airflow/.local/lib/python3.8/site-packages/airflow/example_dags/example_sensors.py for tasks to queue
[2023-10-10T08:52:22.124+0000] {logging_mixin.py:151} INFO - [2023-10-10T08:52:22.123+0000] {dagbag.py:539} INFO - Filling up the DagBag from /home/airflow/.local/lib/python3.8/site-packages/airflow/example_dags/example_sensors.py
[2023-10-10T08:52:22.143+0000] {processor.py:839} INFO - DAG(s) dict_keys(['example_sensors']) retrieved from /home/airflow/.local/lib/python3.8/site-packages/airflow/example_dags/example_sensors.py
[2023-10-10T08:52:22.182+0000] {logging_mixin.py:151} INFO - [2023-10-10T08:52:22.182+0000] {dag.py:2915} INFO - Sync 1 DAGs
[2023-10-10T08:52:22.202+0000] {logging_mixin.py:151} INFO - [2023-10-10T08:52:22.202+0000] {dag.py:3696} INFO - Setting next_dagrun for example_sensors to None, run_after=None
[2023-10-10T08:52:22.221+0000] {processor.py:179} INFO - Processing /home/airflow/.local/lib/python3.8/site-packages/airflow/example_dags/example_sensors.py took 0.114 seconds
[2023-10-10T08:52:52.722+0000] {processor.py:157} INFO - Started process (PID=391) to work on /home/airflow/.local/lib/python3.8/site-packages/airflow/example_dags/example_sensors.py
[2023-10-10T08:52:52.724+0000] {processor.py:829} INFO - Processing file /home/airflow/.local/lib/python3.8/site-packages/airflow/example_dags/example_sensors.py for tasks to queue
[2023-10-10T08:52:52.736+0000] {logging_mixin.py:151} INFO - [2023-10-10T08:52:52.734+0000] {dagbag.py:539} INFO - Filling up the DagBag from /home/airflow/.local/lib/python3.8/site-packages/airflow/example_dags/example_sensors.py
[2023-10-10T08:52:52.769+0000] {processor.py:839} INFO - DAG(s) dict_keys(['example_sensors']) retrieved from /home/airflow/.local/lib/python3.8/site-packages/airflow/example_dags/example_sensors.py
[2023-10-10T08:52:52.826+0000] {logging_mixin.py:151} INFO - [2023-10-10T08:52:52.826+0000] {dag.py:2915} INFO - Sync 1 DAGs
[2023-10-10T08:52:52.845+0000] {logging_mixin.py:151} INFO - [2023-10-10T08:52:52.845+0000] {dag.py:3696} INFO - Setting next_dagrun for example_sensors to None, run_after=None
[2023-10-10T08:52:52.895+0000] {processor.py:179} INFO - Processing /home/airflow/.local/lib/python3.8/site-packages/airflow/example_dags/example_sensors.py took 0.181 seconds
[2023-10-10T08:53:22.996+0000] {processor.py:157} INFO - Started process (PID=452) to work on /home/airflow/.local/lib/python3.8/site-packages/airflow/example_dags/example_sensors.py
[2023-10-10T08:53:22.997+0000] {processor.py:829} INFO - Processing file /home/airflow/.local/lib/python3.8/site-packages/airflow/example_dags/example_sensors.py for tasks to queue
[2023-10-10T08:53:22.999+0000] {logging_mixin.py:151} INFO - [2023-10-10T08:53:22.999+0000] {dagbag.py:539} INFO - Filling up the DagBag from /home/airflow/.local/lib/python3.8/site-packages/airflow/example_dags/example_sensors.py
[2023-10-10T08:53:23.011+0000] {processor.py:839} INFO - DAG(s) dict_keys(['example_sensors']) retrieved from /home/airflow/.local/lib/python3.8/site-packages/airflow/example_dags/example_sensors.py
[2023-10-10T08:53:23.051+0000] {logging_mixin.py:151} INFO - [2023-10-10T08:53:23.051+0000] {dag.py:2915} INFO - Sync 1 DAGs
[2023-10-10T08:53:23.065+0000] {logging_mixin.py:151} INFO - [2023-10-10T08:53:23.064+0000] {dag.py:3696} INFO - Setting next_dagrun for example_sensors to None, run_after=None
[2023-10-10T08:53:23.083+0000] {processor.py:179} INFO - Processing /home/airflow/.local/lib/python3.8/site-packages/airflow/example_dags/example_sensors.py took 0.090 seconds
[2023-10-10T08:53:53.747+0000] {processor.py:157} INFO - Started process (PID=513) to work on /home/airflow/.local/lib/python3.8/site-packages/airflow/example_dags/example_sensors.py
[2023-10-10T08:53:53.749+0000] {processor.py:829} INFO - Processing file /home/airflow/.local/lib/python3.8/site-packages/airflow/example_dags/example_sensors.py for tasks to queue
[2023-10-10T08:53:53.751+0000] {logging_mixin.py:151} INFO - [2023-10-10T08:53:53.751+0000] {dagbag.py:539} INFO - Filling up the DagBag from /home/airflow/.local/lib/python3.8/site-packages/airflow/example_dags/example_sensors.py
[2023-10-10T08:53:53.759+0000] {processor.py:839} INFO - DAG(s) dict_keys(['example_sensors']) retrieved from /home/airflow/.local/lib/python3.8/site-packages/airflow/example_dags/example_sensors.py
[2023-10-10T08:53:53.780+0000] {logging_mixin.py:151} INFO - [2023-10-10T08:53:53.780+0000] {dag.py:2915} INFO - Sync 1 DAGs
[2023-10-10T08:53:53.787+0000] {logging_mixin.py:151} INFO - [2023-10-10T08:53:53.787+0000] {dag.py:3696} INFO - Setting next_dagrun for example_sensors to None, run_after=None
[2023-10-10T08:53:53.796+0000] {processor.py:179} INFO - Processing /home/airflow/.local/lib/python3.8/site-packages/airflow/example_dags/example_sensors.py took 0.053 seconds
[2023-10-10T08:54:23.988+0000] {processor.py:157} INFO - Started process (PID=574) to work on /home/airflow/.local/lib/python3.8/site-packages/airflow/example_dags/example_sensors.py
[2023-10-10T08:54:23.989+0000] {processor.py:829} INFO - Processing file /home/airflow/.local/lib/python3.8/site-packages/airflow/example_dags/example_sensors.py for tasks to queue
[2023-10-10T08:54:23.993+0000] {logging_mixin.py:151} INFO - [2023-10-10T08:54:23.993+0000] {dagbag.py:539} INFO - Filling up the DagBag from /home/airflow/.local/lib/python3.8/site-packages/airflow/example_dags/example_sensors.py
[2023-10-10T08:54:24.013+0000] {processor.py:839} INFO - DAG(s) dict_keys(['example_sensors']) retrieved from /home/airflow/.local/lib/python3.8/site-packages/airflow/example_dags/example_sensors.py
[2023-10-10T08:54:24.054+0000] {logging_mixin.py:151} INFO - [2023-10-10T08:54:24.054+0000] {dag.py:2915} INFO - Sync 1 DAGs
[2023-10-10T08:54:24.065+0000] {logging_mixin.py:151} INFO - [2023-10-10T08:54:24.065+0000] {dag.py:3696} INFO - Setting next_dagrun for example_sensors to None, run_after=None
[2023-10-10T08:54:24.083+0000] {processor.py:179} INFO - Processing /home/airflow/.local/lib/python3.8/site-packages/airflow/example_dags/example_sensors.py took 0.111 seconds
[2023-10-10T08:54:54.363+0000] {processor.py:157} INFO - Started process (PID=635) to work on /home/airflow/.local/lib/python3.8/site-packages/airflow/example_dags/example_sensors.py
[2023-10-10T08:54:54.365+0000] {processor.py:829} INFO - Processing file /home/airflow/.local/lib/python3.8/site-packages/airflow/example_dags/example_sensors.py for tasks to queue
[2023-10-10T08:54:54.366+0000] {logging_mixin.py:151} INFO - [2023-10-10T08:54:54.366+0000] {dagbag.py:539} INFO - Filling up the DagBag from /home/airflow/.local/lib/python3.8/site-packages/airflow/example_dags/example_sensors.py
[2023-10-10T08:54:54.377+0000] {processor.py:839} INFO - DAG(s) dict_keys(['example_sensors']) retrieved from /home/airflow/.local/lib/python3.8/site-packages/airflow/example_dags/example_sensors.py
[2023-10-10T08:54:54.400+0000] {logging_mixin.py:151} INFO - [2023-10-10T08:54:54.400+0000] {dag.py:2915} INFO - Sync 1 DAGs
[2023-10-10T08:54:54.409+0000] {logging_mixin.py:151} INFO - [2023-10-10T08:54:54.409+0000] {dag.py:3696} INFO - Setting next_dagrun for example_sensors to None, run_after=None
[2023-10-10T08:54:54.422+0000] {processor.py:179} INFO - Processing /home/airflow/.local/lib/python3.8/site-packages/airflow/example_dags/example_sensors.py took 0.062 seconds
[2023-10-10T08:55:25.126+0000] {processor.py:157} INFO - Started process (PID=696) to work on /home/airflow/.local/lib/python3.8/site-packages/airflow/example_dags/example_sensors.py
[2023-10-10T08:55:25.128+0000] {processor.py:829} INFO - Processing file /home/airflow/.local/lib/python3.8/site-packages/airflow/example_dags/example_sensors.py for tasks to queue
[2023-10-10T08:55:25.130+0000] {logging_mixin.py:151} INFO - [2023-10-10T08:55:25.130+0000] {dagbag.py:539} INFO - Filling up the DagBag from /home/airflow/.local/lib/python3.8/site-packages/airflow/example_dags/example_sensors.py
[2023-10-10T08:55:25.140+0000] {processor.py:839} INFO - DAG(s) dict_keys(['example_sensors']) retrieved from /home/airflow/.local/lib/python3.8/site-packages/airflow/example_dags/example_sensors.py
[2023-10-10T08:55:25.175+0000] {logging_mixin.py:151} INFO - [2023-10-10T08:55:25.175+0000] {dag.py:2915} INFO - Sync 1 DAGs
[2023-10-10T08:55:25.190+0000] {logging_mixin.py:151} INFO - [2023-10-10T08:55:25.190+0000] {dag.py:3696} INFO - Setting next_dagrun for example_sensors to None, run_after=None
[2023-10-10T08:55:25.215+0000] {processor.py:179} INFO - Processing /home/airflow/.local/lib/python3.8/site-packages/airflow/example_dags/example_sensors.py took 0.093 seconds
[2023-10-10T08:55:55.983+0000] {processor.py:157} INFO - Started process (PID=757) to work on /home/airflow/.local/lib/python3.8/site-packages/airflow/example_dags/example_sensors.py
[2023-10-10T08:55:55.984+0000] {processor.py:829} INFO - Processing file /home/airflow/.local/lib/python3.8/site-packages/airflow/example_dags/example_sensors.py for tasks to queue
[2023-10-10T08:55:55.985+0000] {logging_mixin.py:151} INFO - [2023-10-10T08:55:55.985+0000] {dagbag.py:539} INFO - Filling up the DagBag from /home/airflow/.local/lib/python3.8/site-packages/airflow/example_dags/example_sensors.py
[2023-10-10T08:55:55.992+0000] {processor.py:839} INFO - DAG(s) dict_keys(['example_sensors']) retrieved from /home/airflow/.local/lib/python3.8/site-packages/airflow/example_dags/example_sensors.py
[2023-10-10T08:55:56.027+0000] {logging_mixin.py:151} INFO - [2023-10-10T08:55:56.027+0000] {dag.py:2915} INFO - Sync 1 DAGs
[2023-10-10T08:55:56.041+0000] {logging_mixin.py:151} INFO - [2023-10-10T08:55:56.041+0000] {dag.py:3696} INFO - Setting next_dagrun for example_sensors to None, run_after=None
[2023-10-10T08:55:56.066+0000] {processor.py:179} INFO - Processing /home/airflow/.local/lib/python3.8/site-packages/airflow/example_dags/example_sensors.py took 0.087 seconds
[2023-10-10T08:56:26.108+0000] {processor.py:157} INFO - Started process (PID=817) to work on /home/airflow/.local/lib/python3.8/site-packages/airflow/example_dags/example_sensors.py
[2023-10-10T08:56:26.109+0000] {processor.py:829} INFO - Processing file /home/airflow/.local/lib/python3.8/site-packages/airflow/example_dags/example_sensors.py for tasks to queue
[2023-10-10T08:56:26.110+0000] {logging_mixin.py:151} INFO - [2023-10-10T08:56:26.110+0000] {dagbag.py:539} INFO - Filling up the DagBag from /home/airflow/.local/lib/python3.8/site-packages/airflow/example_dags/example_sensors.py
[2023-10-10T08:56:26.115+0000] {processor.py:839} INFO - DAG(s) dict_keys(['example_sensors']) retrieved from /home/airflow/.local/lib/python3.8/site-packages/airflow/example_dags/example_sensors.py
[2023-10-10T08:56:26.134+0000] {logging_mixin.py:151} INFO - [2023-10-10T08:56:26.133+0000] {dag.py:2915} INFO - Sync 1 DAGs
[2023-10-10T08:56:26.141+0000] {logging_mixin.py:151} INFO - [2023-10-10T08:56:26.141+0000] {dag.py:3696} INFO - Setting next_dagrun for example_sensors to None, run_after=None
[2023-10-10T08:56:26.154+0000] {processor.py:179} INFO - Processing /home/airflow/.local/lib/python3.8/site-packages/airflow/example_dags/example_sensors.py took 0.050 seconds
[2023-10-10T08:56:57.201+0000] {processor.py:157} INFO - Started process (PID=879) to work on /home/airflow/.local/lib/python3.8/site-packages/airflow/example_dags/example_sensors.py
[2023-10-10T08:56:57.202+0000] {processor.py:829} INFO - Processing file /home/airflow/.local/lib/python3.8/site-packages/airflow/example_dags/example_sensors.py for tasks to queue
[2023-10-10T08:56:57.205+0000] {logging_mixin.py:151} INFO - [2023-10-10T08:56:57.205+0000] {dagbag.py:539} INFO - Filling up the DagBag from /home/airflow/.local/lib/python3.8/site-packages/airflow/example_dags/example_sensors.py
[2023-10-10T08:56:57.214+0000] {processor.py:839} INFO - DAG(s) dict_keys(['example_sensors']) retrieved from /home/airflow/.local/lib/python3.8/site-packages/airflow/example_dags/example_sensors.py
[2023-10-10T08:56:57.247+0000] {logging_mixin.py:151} INFO - [2023-10-10T08:56:57.246+0000] {dag.py:2915} INFO - Sync 1 DAGs
[2023-10-10T08:56:57.260+0000] {logging_mixin.py:151} INFO - [2023-10-10T08:56:57.260+0000] {dag.py:3696} INFO - Setting next_dagrun for example_sensors to None, run_after=None
[2023-10-10T08:56:57.278+0000] {processor.py:179} INFO - Processing /home/airflow/.local/lib/python3.8/site-packages/airflow/example_dags/example_sensors.py took 0.081 seconds
[2023-10-10T08:57:28.084+0000] {processor.py:157} INFO - Started process (PID=940) to work on /home/airflow/.local/lib/python3.8/site-packages/airflow/example_dags/example_sensors.py
[2023-10-10T08:57:28.085+0000] {processor.py:829} INFO - Processing file /home/airflow/.local/lib/python3.8/site-packages/airflow/example_dags/example_sensors.py for tasks to queue
[2023-10-10T08:57:28.087+0000] {logging_mixin.py:151} INFO - [2023-10-10T08:57:28.087+0000] {dagbag.py:539} INFO - Filling up the DagBag from /home/airflow/.local/lib/python3.8/site-packages/airflow/example_dags/example_sensors.py
[2023-10-10T08:57:28.095+0000] {processor.py:839} INFO - DAG(s) dict_keys(['example_sensors']) retrieved from /home/airflow/.local/lib/python3.8/site-packages/airflow/example_dags/example_sensors.py
[2023-10-10T08:57:28.121+0000] {logging_mixin.py:151} INFO - [2023-10-10T08:57:28.121+0000] {dag.py:2915} INFO - Sync 1 DAGs
[2023-10-10T08:57:28.131+0000] {logging_mixin.py:151} INFO - [2023-10-10T08:57:28.131+0000] {dag.py:3696} INFO - Setting next_dagrun for example_sensors to None, run_after=None
[2023-10-10T08:57:28.143+0000] {processor.py:179} INFO - Processing /home/airflow/.local/lib/python3.8/site-packages/airflow/example_dags/example_sensors.py took 0.062 seconds
[2023-10-10T08:57:58.241+0000] {processor.py:157} INFO - Started process (PID=1000) to work on /home/airflow/.local/lib/python3.8/site-packages/airflow/example_dags/example_sensors.py
[2023-10-10T08:57:58.241+0000] {processor.py:829} INFO - Processing file /home/airflow/.local/lib/python3.8/site-packages/airflow/example_dags/example_sensors.py for tasks to queue
[2023-10-10T08:57:58.243+0000] {logging_mixin.py:151} INFO - [2023-10-10T08:57:58.243+0000] {dagbag.py:539} INFO - Filling up the DagBag from /home/airflow/.local/lib/python3.8/site-packages/airflow/example_dags/example_sensors.py
[2023-10-10T08:57:58.250+0000] {processor.py:839} INFO - DAG(s) dict_keys(['example_sensors']) retrieved from /home/airflow/.local/lib/python3.8/site-packages/airflow/example_dags/example_sensors.py
[2023-10-10T08:57:58.271+0000] {logging_mixin.py:151} INFO - [2023-10-10T08:57:58.271+0000] {dag.py:2915} INFO - Sync 1 DAGs
[2023-10-10T08:57:58.283+0000] {logging_mixin.py:151} INFO - [2023-10-10T08:57:58.283+0000] {dag.py:3696} INFO - Setting next_dagrun for example_sensors to None, run_after=None
[2023-10-10T08:57:58.296+0000] {processor.py:179} INFO - Processing /home/airflow/.local/lib/python3.8/site-packages/airflow/example_dags/example_sensors.py took 0.058 seconds
[2023-10-10T08:58:29.022+0000] {processor.py:157} INFO - Started process (PID=1062) to work on /home/airflow/.local/lib/python3.8/site-packages/airflow/example_dags/example_sensors.py
[2023-10-10T08:58:29.024+0000] {processor.py:829} INFO - Processing file /home/airflow/.local/lib/python3.8/site-packages/airflow/example_dags/example_sensors.py for tasks to queue
[2023-10-10T08:58:29.028+0000] {logging_mixin.py:151} INFO - [2023-10-10T08:58:29.027+0000] {dagbag.py:539} INFO - Filling up the DagBag from /home/airflow/.local/lib/python3.8/site-packages/airflow/example_dags/example_sensors.py
[2023-10-10T08:58:29.035+0000] {processor.py:839} INFO - DAG(s) dict_keys(['example_sensors']) retrieved from /home/airflow/.local/lib/python3.8/site-packages/airflow/example_dags/example_sensors.py
[2023-10-10T08:58:29.056+0000] {logging_mixin.py:151} INFO - [2023-10-10T08:58:29.056+0000] {dag.py:2915} INFO - Sync 1 DAGs
[2023-10-10T08:58:29.069+0000] {logging_mixin.py:151} INFO - [2023-10-10T08:58:29.069+0000] {dag.py:3696} INFO - Setting next_dagrun for example_sensors to None, run_after=None
[2023-10-10T08:58:29.081+0000] {processor.py:179} INFO - Processing /home/airflow/.local/lib/python3.8/site-packages/airflow/example_dags/example_sensors.py took 0.062 seconds
[2023-10-10T08:58:59.486+0000] {processor.py:157} INFO - Started process (PID=1123) to work on /home/airflow/.local/lib/python3.8/site-packages/airflow/example_dags/example_sensors.py
[2023-10-10T08:58:59.494+0000] {processor.py:829} INFO - Processing file /home/airflow/.local/lib/python3.8/site-packages/airflow/example_dags/example_sensors.py for tasks to queue
[2023-10-10T08:58:59.544+0000] {logging_mixin.py:151} INFO - [2023-10-10T08:58:59.543+0000] {dagbag.py:539} INFO - Filling up the DagBag from /home/airflow/.local/lib/python3.8/site-packages/airflow/example_dags/example_sensors.py
[2023-10-10T08:58:59.576+0000] {processor.py:839} INFO - DAG(s) dict_keys(['example_sensors']) retrieved from /home/airflow/.local/lib/python3.8/site-packages/airflow/example_dags/example_sensors.py
[2023-10-10T08:58:59.627+0000] {logging_mixin.py:151} INFO - [2023-10-10T08:58:59.627+0000] {dag.py:2915} INFO - Sync 1 DAGs
[2023-10-10T08:58:59.641+0000] {logging_mixin.py:151} INFO - [2023-10-10T08:58:59.641+0000] {dag.py:3696} INFO - Setting next_dagrun for example_sensors to None, run_after=None
[2023-10-10T08:58:59.658+0000] {processor.py:179} INFO - Processing /home/airflow/.local/lib/python3.8/site-packages/airflow/example_dags/example_sensors.py took 0.174 seconds
[2023-10-10T08:59:30.221+0000] {processor.py:157} INFO - Started process (PID=1184) to work on /home/airflow/.local/lib/python3.8/site-packages/airflow/example_dags/example_sensors.py
[2023-10-10T08:59:30.222+0000] {processor.py:829} INFO - Processing file /home/airflow/.local/lib/python3.8/site-packages/airflow/example_dags/example_sensors.py for tasks to queue
[2023-10-10T08:59:30.225+0000] {logging_mixin.py:151} INFO - [2023-10-10T08:59:30.224+0000] {dagbag.py:539} INFO - Filling up the DagBag from /home/airflow/.local/lib/python3.8/site-packages/airflow/example_dags/example_sensors.py
[2023-10-10T08:59:30.233+0000] {processor.py:839} INFO - DAG(s) dict_keys(['example_sensors']) retrieved from /home/airflow/.local/lib/python3.8/site-packages/airflow/example_dags/example_sensors.py
[2023-10-10T08:59:30.264+0000] {logging_mixin.py:151} INFO - [2023-10-10T08:59:30.263+0000] {dag.py:2915} INFO - Sync 1 DAGs
[2023-10-10T08:59:30.274+0000] {logging_mixin.py:151} INFO - [2023-10-10T08:59:30.274+0000] {dag.py:3696} INFO - Setting next_dagrun for example_sensors to None, run_after=None
[2023-10-10T08:59:30.290+0000] {processor.py:179} INFO - Processing /home/airflow/.local/lib/python3.8/site-packages/airflow/example_dags/example_sensors.py took 0.074 seconds
[2023-10-10T09:00:00.613+0000] {processor.py:157} INFO - Started process (PID=1245) to work on /home/airflow/.local/lib/python3.8/site-packages/airflow/example_dags/example_sensors.py
[2023-10-10T09:00:00.614+0000] {processor.py:829} INFO - Processing file /home/airflow/.local/lib/python3.8/site-packages/airflow/example_dags/example_sensors.py for tasks to queue
[2023-10-10T09:00:00.617+0000] {logging_mixin.py:151} INFO - [2023-10-10T09:00:00.616+0000] {dagbag.py:539} INFO - Filling up the DagBag from /home/airflow/.local/lib/python3.8/site-packages/airflow/example_dags/example_sensors.py
[2023-10-10T09:00:00.630+0000] {processor.py:839} INFO - DAG(s) dict_keys(['example_sensors']) retrieved from /home/airflow/.local/lib/python3.8/site-packages/airflow/example_dags/example_sensors.py
[2023-10-10T09:00:00.654+0000] {logging_mixin.py:151} INFO - [2023-10-10T09:00:00.654+0000] {dag.py:2915} INFO - Sync 1 DAGs
[2023-10-10T09:00:00.667+0000] {logging_mixin.py:151} INFO - [2023-10-10T09:00:00.667+0000] {dag.py:3696} INFO - Setting next_dagrun for example_sensors to None, run_after=None
[2023-10-10T09:00:00.680+0000] {processor.py:179} INFO - Processing /home/airflow/.local/lib/python3.8/site-packages/airflow/example_dags/example_sensors.py took 0.069 seconds
[2023-10-10T09:00:30.723+0000] {processor.py:157} INFO - Started process (PID=1305) to work on /home/airflow/.local/lib/python3.8/site-packages/airflow/example_dags/example_sensors.py
[2023-10-10T09:00:30.724+0000] {processor.py:829} INFO - Processing file /home/airflow/.local/lib/python3.8/site-packages/airflow/example_dags/example_sensors.py for tasks to queue
[2023-10-10T09:00:30.727+0000] {logging_mixin.py:151} INFO - [2023-10-10T09:00:30.727+0000] {dagbag.py:539} INFO - Filling up the DagBag from /home/airflow/.local/lib/python3.8/site-packages/airflow/example_dags/example_sensors.py
[2023-10-10T09:00:30.737+0000] {processor.py:839} INFO - DAG(s) dict_keys(['example_sensors']) retrieved from /home/airflow/.local/lib/python3.8/site-packages/airflow/example_dags/example_sensors.py
[2023-10-10T09:00:30.775+0000] {logging_mixin.py:151} INFO - [2023-10-10T09:00:30.775+0000] {dag.py:2915} INFO - Sync 1 DAGs
[2023-10-10T09:00:30.787+0000] {logging_mixin.py:151} INFO - [2023-10-10T09:00:30.787+0000] {dag.py:3696} INFO - Setting next_dagrun for example_sensors to None, run_after=None
[2023-10-10T09:00:30.804+0000] {processor.py:179} INFO - Processing /home/airflow/.local/lib/python3.8/site-packages/airflow/example_dags/example_sensors.py took 0.088 seconds
[2023-10-10T09:01:00.939+0000] {processor.py:157} INFO - Started process (PID=1366) to work on /home/airflow/.local/lib/python3.8/site-packages/airflow/example_dags/example_sensors.py
[2023-10-10T09:01:00.941+0000] {processor.py:829} INFO - Processing file /home/airflow/.local/lib/python3.8/site-packages/airflow/example_dags/example_sensors.py for tasks to queue
[2023-10-10T09:01:00.943+0000] {logging_mixin.py:151} INFO - [2023-10-10T09:01:00.943+0000] {dagbag.py:539} INFO - Filling up the DagBag from /home/airflow/.local/lib/python3.8/site-packages/airflow/example_dags/example_sensors.py
[2023-10-10T09:01:00.952+0000] {processor.py:839} INFO - DAG(s) dict_keys(['example_sensors']) retrieved from /home/airflow/.local/lib/python3.8/site-packages/airflow/example_dags/example_sensors.py
[2023-10-10T09:01:00.985+0000] {logging_mixin.py:151} INFO - [2023-10-10T09:01:00.984+0000] {dag.py:2915} INFO - Sync 1 DAGs
[2023-10-10T09:01:00.998+0000] {logging_mixin.py:151} INFO - [2023-10-10T09:01:00.998+0000] {dag.py:3696} INFO - Setting next_dagrun for example_sensors to None, run_after=None
[2023-10-10T09:01:01.058+0000] {processor.py:179} INFO - Processing /home/airflow/.local/lib/python3.8/site-packages/airflow/example_dags/example_sensors.py took 0.124 seconds
[2023-10-10T09:01:31.175+0000] {processor.py:157} INFO - Started process (PID=1427) to work on /home/airflow/.local/lib/python3.8/site-packages/airflow/example_dags/example_sensors.py
[2023-10-10T09:01:31.176+0000] {processor.py:829} INFO - Processing file /home/airflow/.local/lib/python3.8/site-packages/airflow/example_dags/example_sensors.py for tasks to queue
[2023-10-10T09:01:31.178+0000] {logging_mixin.py:151} INFO - [2023-10-10T09:01:31.178+0000] {dagbag.py:539} INFO - Filling up the DagBag from /home/airflow/.local/lib/python3.8/site-packages/airflow/example_dags/example_sensors.py
[2023-10-10T09:01:31.187+0000] {processor.py:839} INFO - DAG(s) dict_keys(['example_sensors']) retrieved from /home/airflow/.local/lib/python3.8/site-packages/airflow/example_dags/example_sensors.py
[2023-10-10T09:01:31.213+0000] {logging_mixin.py:151} INFO - [2023-10-10T09:01:31.212+0000] {dag.py:2915} INFO - Sync 1 DAGs
[2023-10-10T09:01:31.222+0000] {logging_mixin.py:151} INFO - [2023-10-10T09:01:31.222+0000] {dag.py:3696} INFO - Setting next_dagrun for example_sensors to None, run_after=None
[2023-10-10T09:01:31.234+0000] {processor.py:179} INFO - Processing /home/airflow/.local/lib/python3.8/site-packages/airflow/example_dags/example_sensors.py took 0.062 seconds
[2023-10-10T09:02:01.542+0000] {processor.py:157} INFO - Started process (PID=1482) to work on /home/airflow/.local/lib/python3.8/site-packages/airflow/example_dags/example_sensors.py
[2023-10-10T09:02:01.544+0000] {processor.py:829} INFO - Processing file /home/airflow/.local/lib/python3.8/site-packages/airflow/example_dags/example_sensors.py for tasks to queue
[2023-10-10T09:02:01.545+0000] {logging_mixin.py:151} INFO - [2023-10-10T09:02:01.545+0000] {dagbag.py:539} INFO - Filling up the DagBag from /home/airflow/.local/lib/python3.8/site-packages/airflow/example_dags/example_sensors.py
[2023-10-10T09:02:01.551+0000] {processor.py:839} INFO - DAG(s) dict_keys(['example_sensors']) retrieved from /home/airflow/.local/lib/python3.8/site-packages/airflow/example_dags/example_sensors.py
[2023-10-10T09:02:01.572+0000] {logging_mixin.py:151} INFO - [2023-10-10T09:02:01.572+0000] {dag.py:2915} INFO - Sync 1 DAGs
[2023-10-10T09:02:01.588+0000] {logging_mixin.py:151} INFO - [2023-10-10T09:02:01.588+0000] {dag.py:3696} INFO - Setting next_dagrun for example_sensors to None, run_after=None
[2023-10-10T09:02:01.612+0000] {processor.py:179} INFO - Processing /home/airflow/.local/lib/python3.8/site-packages/airflow/example_dags/example_sensors.py took 0.072 seconds
[2023-10-10T09:02:31.792+0000] {processor.py:157} INFO - Started process (PID=1542) to work on /home/airflow/.local/lib/python3.8/site-packages/airflow/example_dags/example_sensors.py
[2023-10-10T09:02:31.797+0000] {processor.py:829} INFO - Processing file /home/airflow/.local/lib/python3.8/site-packages/airflow/example_dags/example_sensors.py for tasks to queue
[2023-10-10T09:02:31.800+0000] {logging_mixin.py:151} INFO - [2023-10-10T09:02:31.800+0000] {dagbag.py:539} INFO - Filling up the DagBag from /home/airflow/.local/lib/python3.8/site-packages/airflow/example_dags/example_sensors.py
[2023-10-10T09:02:31.811+0000] {processor.py:839} INFO - DAG(s) dict_keys(['example_sensors']) retrieved from /home/airflow/.local/lib/python3.8/site-packages/airflow/example_dags/example_sensors.py
[2023-10-10T09:02:31.847+0000] {logging_mixin.py:151} INFO - [2023-10-10T09:02:31.847+0000] {dag.py:2915} INFO - Sync 1 DAGs
[2023-10-10T09:02:31.859+0000] {logging_mixin.py:151} INFO - [2023-10-10T09:02:31.859+0000] {dag.py:3696} INFO - Setting next_dagrun for example_sensors to None, run_after=None
[2023-10-10T09:02:31.872+0000] {processor.py:179} INFO - Processing /home/airflow/.local/lib/python3.8/site-packages/airflow/example_dags/example_sensors.py took 0.084 seconds
[2023-10-10T09:03:02.040+0000] {processor.py:157} INFO - Started process (PID=1603) to work on /home/airflow/.local/lib/python3.8/site-packages/airflow/example_dags/example_sensors.py
[2023-10-10T09:03:02.042+0000] {processor.py:829} INFO - Processing file /home/airflow/.local/lib/python3.8/site-packages/airflow/example_dags/example_sensors.py for tasks to queue
[2023-10-10T09:03:02.046+0000] {logging_mixin.py:151} INFO - [2023-10-10T09:03:02.045+0000] {dagbag.py:539} INFO - Filling up the DagBag from /home/airflow/.local/lib/python3.8/site-packages/airflow/example_dags/example_sensors.py
[2023-10-10T09:03:02.058+0000] {processor.py:839} INFO - DAG(s) dict_keys(['example_sensors']) retrieved from /home/airflow/.local/lib/python3.8/site-packages/airflow/example_dags/example_sensors.py
[2023-10-10T09:03:02.096+0000] {logging_mixin.py:151} INFO - [2023-10-10T09:03:02.096+0000] {dag.py:2915} INFO - Sync 1 DAGs
[2023-10-10T09:03:02.113+0000] {logging_mixin.py:151} INFO - [2023-10-10T09:03:02.113+0000] {dag.py:3696} INFO - Setting next_dagrun for example_sensors to None, run_after=None
[2023-10-10T09:03:02.128+0000] {processor.py:179} INFO - Processing /home/airflow/.local/lib/python3.8/site-packages/airflow/example_dags/example_sensors.py took 0.096 seconds
[2023-10-10T09:03:33.150+0000] {processor.py:157} INFO - Started process (PID=1664) to work on /home/airflow/.local/lib/python3.8/site-packages/airflow/example_dags/example_sensors.py
[2023-10-10T09:03:33.151+0000] {processor.py:829} INFO - Processing file /home/airflow/.local/lib/python3.8/site-packages/airflow/example_dags/example_sensors.py for tasks to queue
[2023-10-10T09:03:33.153+0000] {logging_mixin.py:151} INFO - [2023-10-10T09:03:33.153+0000] {dagbag.py:539} INFO - Filling up the DagBag from /home/airflow/.local/lib/python3.8/site-packages/airflow/example_dags/example_sensors.py
[2023-10-10T09:03:33.175+0000] {processor.py:839} INFO - DAG(s) dict_keys(['example_sensors']) retrieved from /home/airflow/.local/lib/python3.8/site-packages/airflow/example_dags/example_sensors.py
[2023-10-10T09:03:33.199+0000] {logging_mixin.py:151} INFO - [2023-10-10T09:03:33.199+0000] {dag.py:2915} INFO - Sync 1 DAGs
[2023-10-10T09:03:33.208+0000] {logging_mixin.py:151} INFO - [2023-10-10T09:03:33.208+0000] {dag.py:3696} INFO - Setting next_dagrun for example_sensors to None, run_after=None
[2023-10-10T09:03:33.219+0000] {processor.py:179} INFO - Processing /home/airflow/.local/lib/python3.8/site-packages/airflow/example_dags/example_sensors.py took 0.073 seconds
[2023-10-10T09:04:04.248+0000] {processor.py:157} INFO - Started process (PID=1725) to work on /home/airflow/.local/lib/python3.8/site-packages/airflow/example_dags/example_sensors.py
[2023-10-10T09:04:04.250+0000] {processor.py:829} INFO - Processing file /home/airflow/.local/lib/python3.8/site-packages/airflow/example_dags/example_sensors.py for tasks to queue
[2023-10-10T09:04:04.252+0000] {logging_mixin.py:151} INFO - [2023-10-10T09:04:04.252+0000] {dagbag.py:539} INFO - Filling up the DagBag from /home/airflow/.local/lib/python3.8/site-packages/airflow/example_dags/example_sensors.py
[2023-10-10T09:04:04.262+0000] {processor.py:839} INFO - DAG(s) dict_keys(['example_sensors']) retrieved from /home/airflow/.local/lib/python3.8/site-packages/airflow/example_dags/example_sensors.py
[2023-10-10T09:04:04.294+0000] {logging_mixin.py:151} INFO - [2023-10-10T09:04:04.294+0000] {dag.py:2915} INFO - Sync 1 DAGs
[2023-10-10T09:04:04.312+0000] {logging_mixin.py:151} INFO - [2023-10-10T09:04:04.312+0000] {dag.py:3696} INFO - Setting next_dagrun for example_sensors to None, run_after=None
[2023-10-10T09:04:04.326+0000] {processor.py:179} INFO - Processing /home/airflow/.local/lib/python3.8/site-packages/airflow/example_dags/example_sensors.py took 0.088 seconds
[2023-10-10T09:04:34.880+0000] {processor.py:157} INFO - Started process (PID=1786) to work on /home/airflow/.local/lib/python3.8/site-packages/airflow/example_dags/example_sensors.py
[2023-10-10T09:04:34.881+0000] {processor.py:829} INFO - Processing file /home/airflow/.local/lib/python3.8/site-packages/airflow/example_dags/example_sensors.py for tasks to queue
[2023-10-10T09:04:34.884+0000] {logging_mixin.py:151} INFO - [2023-10-10T09:04:34.883+0000] {dagbag.py:539} INFO - Filling up the DagBag from /home/airflow/.local/lib/python3.8/site-packages/airflow/example_dags/example_sensors.py
[2023-10-10T09:04:34.896+0000] {processor.py:839} INFO - DAG(s) dict_keys(['example_sensors']) retrieved from /home/airflow/.local/lib/python3.8/site-packages/airflow/example_dags/example_sensors.py
[2023-10-10T09:04:34.924+0000] {logging_mixin.py:151} INFO - [2023-10-10T09:04:34.924+0000] {dag.py:2915} INFO - Sync 1 DAGs
[2023-10-10T09:04:34.935+0000] {logging_mixin.py:151} INFO - [2023-10-10T09:04:34.935+0000] {dag.py:3696} INFO - Setting next_dagrun for example_sensors to None, run_after=None
[2023-10-10T09:04:34.949+0000] {processor.py:179} INFO - Processing /home/airflow/.local/lib/python3.8/site-packages/airflow/example_dags/example_sensors.py took 0.080 seconds
[2023-10-10T09:05:05.391+0000] {processor.py:157} INFO - Started process (PID=1847) to work on /home/airflow/.local/lib/python3.8/site-packages/airflow/example_dags/example_sensors.py
[2023-10-10T09:05:05.392+0000] {processor.py:829} INFO - Processing file /home/airflow/.local/lib/python3.8/site-packages/airflow/example_dags/example_sensors.py for tasks to queue
[2023-10-10T09:05:05.396+0000] {logging_mixin.py:151} INFO - [2023-10-10T09:05:05.394+0000] {dagbag.py:539} INFO - Filling up the DagBag from /home/airflow/.local/lib/python3.8/site-packages/airflow/example_dags/example_sensors.py
[2023-10-10T09:05:05.413+0000] {processor.py:839} INFO - DAG(s) dict_keys(['example_sensors']) retrieved from /home/airflow/.local/lib/python3.8/site-packages/airflow/example_dags/example_sensors.py
[2023-10-10T09:05:05.468+0000] {logging_mixin.py:151} INFO - [2023-10-10T09:05:05.468+0000] {dag.py:2915} INFO - Sync 1 DAGs
[2023-10-10T09:05:05.482+0000] {logging_mixin.py:151} INFO - [2023-10-10T09:05:05.482+0000] {dag.py:3696} INFO - Setting next_dagrun for example_sensors to None, run_after=None
[2023-10-10T09:05:05.495+0000] {processor.py:179} INFO - Processing /home/airflow/.local/lib/python3.8/site-packages/airflow/example_dags/example_sensors.py took 0.108 seconds
[2023-10-10T09:05:36.178+0000] {processor.py:157} INFO - Started process (PID=1907) to work on /home/airflow/.local/lib/python3.8/site-packages/airflow/example_dags/example_sensors.py
[2023-10-10T09:05:36.179+0000] {processor.py:829} INFO - Processing file /home/airflow/.local/lib/python3.8/site-packages/airflow/example_dags/example_sensors.py for tasks to queue
[2023-10-10T09:05:36.181+0000] {logging_mixin.py:151} INFO - [2023-10-10T09:05:36.181+0000] {dagbag.py:539} INFO - Filling up the DagBag from /home/airflow/.local/lib/python3.8/site-packages/airflow/example_dags/example_sensors.py
[2023-10-10T09:05:36.192+0000] {processor.py:839} INFO - DAG(s) dict_keys(['example_sensors']) retrieved from /home/airflow/.local/lib/python3.8/site-packages/airflow/example_dags/example_sensors.py
[2023-10-10T09:05:36.229+0000] {logging_mixin.py:151} INFO - [2023-10-10T09:05:36.229+0000] {dag.py:2915} INFO - Sync 1 DAGs
[2023-10-10T09:05:36.240+0000] {logging_mixin.py:151} INFO - [2023-10-10T09:05:36.240+0000] {dag.py:3696} INFO - Setting next_dagrun for example_sensors to None, run_after=None
[2023-10-10T09:05:36.253+0000] {processor.py:179} INFO - Processing /home/airflow/.local/lib/python3.8/site-packages/airflow/example_dags/example_sensors.py took 0.079 seconds
[2023-10-10T09:06:06.757+0000] {processor.py:157} INFO - Started process (PID=1968) to work on /home/airflow/.local/lib/python3.8/site-packages/airflow/example_dags/example_sensors.py
[2023-10-10T09:06:06.758+0000] {processor.py:829} INFO - Processing file /home/airflow/.local/lib/python3.8/site-packages/airflow/example_dags/example_sensors.py for tasks to queue
[2023-10-10T09:06:06.760+0000] {logging_mixin.py:151} INFO - [2023-10-10T09:06:06.760+0000] {dagbag.py:539} INFO - Filling up the DagBag from /home/airflow/.local/lib/python3.8/site-packages/airflow/example_dags/example_sensors.py
[2023-10-10T09:06:06.770+0000] {processor.py:839} INFO - DAG(s) dict_keys(['example_sensors']) retrieved from /home/airflow/.local/lib/python3.8/site-packages/airflow/example_dags/example_sensors.py
[2023-10-10T09:06:06.790+0000] {logging_mixin.py:151} INFO - [2023-10-10T09:06:06.790+0000] {dag.py:2915} INFO - Sync 1 DAGs
[2023-10-10T09:06:06.805+0000] {logging_mixin.py:151} INFO - [2023-10-10T09:06:06.805+0000] {dag.py:3696} INFO - Setting next_dagrun for example_sensors to None, run_after=None
[2023-10-10T09:06:06.819+0000] {processor.py:179} INFO - Processing /home/airflow/.local/lib/python3.8/site-packages/airflow/example_dags/example_sensors.py took 0.066 seconds
[2023-10-10T09:06:37.196+0000] {processor.py:157} INFO - Started process (PID=2029) to work on /home/airflow/.local/lib/python3.8/site-packages/airflow/example_dags/example_sensors.py
[2023-10-10T09:06:37.199+0000] {processor.py:829} INFO - Processing file /home/airflow/.local/lib/python3.8/site-packages/airflow/example_dags/example_sensors.py for tasks to queue
[2023-10-10T09:06:37.203+0000] {logging_mixin.py:151} INFO - [2023-10-10T09:06:37.202+0000] {dagbag.py:539} INFO - Filling up the DagBag from /home/airflow/.local/lib/python3.8/site-packages/airflow/example_dags/example_sensors.py
[2023-10-10T09:06:37.216+0000] {processor.py:839} INFO - DAG(s) dict_keys(['example_sensors']) retrieved from /home/airflow/.local/lib/python3.8/site-packages/airflow/example_dags/example_sensors.py
[2023-10-10T09:06:37.240+0000] {logging_mixin.py:151} INFO - [2023-10-10T09:06:37.240+0000] {dag.py:2915} INFO - Sync 1 DAGs
[2023-10-10T09:06:37.249+0000] {logging_mixin.py:151} INFO - [2023-10-10T09:06:37.249+0000] {dag.py:3696} INFO - Setting next_dagrun for example_sensors to None, run_after=None
[2023-10-10T09:06:37.261+0000] {processor.py:179} INFO - Processing /home/airflow/.local/lib/python3.8/site-packages/airflow/example_dags/example_sensors.py took 0.072 seconds
[2023-10-10T09:07:07.772+0000] {processor.py:157} INFO - Started process (PID=2090) to work on /home/airflow/.local/lib/python3.8/site-packages/airflow/example_dags/example_sensors.py
[2023-10-10T09:07:07.774+0000] {processor.py:829} INFO - Processing file /home/airflow/.local/lib/python3.8/site-packages/airflow/example_dags/example_sensors.py for tasks to queue
[2023-10-10T09:07:07.777+0000] {logging_mixin.py:151} INFO - [2023-10-10T09:07:07.776+0000] {dagbag.py:539} INFO - Filling up the DagBag from /home/airflow/.local/lib/python3.8/site-packages/airflow/example_dags/example_sensors.py
[2023-10-10T09:07:07.787+0000] {processor.py:839} INFO - DAG(s) dict_keys(['example_sensors']) retrieved from /home/airflow/.local/lib/python3.8/site-packages/airflow/example_dags/example_sensors.py
[2023-10-10T09:07:07.816+0000] {logging_mixin.py:151} INFO - [2023-10-10T09:07:07.816+0000] {dag.py:2915} INFO - Sync 1 DAGs
[2023-10-10T09:07:07.827+0000] {logging_mixin.py:151} INFO - [2023-10-10T09:07:07.826+0000] {dag.py:3696} INFO - Setting next_dagrun for example_sensors to None, run_after=None
[2023-10-10T09:07:07.840+0000] {processor.py:179} INFO - Processing /home/airflow/.local/lib/python3.8/site-packages/airflow/example_dags/example_sensors.py took 0.075 seconds
[2023-10-10T09:07:38.075+0000] {processor.py:157} INFO - Started process (PID=2151) to work on /home/airflow/.local/lib/python3.8/site-packages/airflow/example_dags/example_sensors.py
[2023-10-10T09:07:38.077+0000] {processor.py:829} INFO - Processing file /home/airflow/.local/lib/python3.8/site-packages/airflow/example_dags/example_sensors.py for tasks to queue
[2023-10-10T09:07:38.081+0000] {logging_mixin.py:151} INFO - [2023-10-10T09:07:38.081+0000] {dagbag.py:539} INFO - Filling up the DagBag from /home/airflow/.local/lib/python3.8/site-packages/airflow/example_dags/example_sensors.py
[2023-10-10T09:07:38.100+0000] {processor.py:839} INFO - DAG(s) dict_keys(['example_sensors']) retrieved from /home/airflow/.local/lib/python3.8/site-packages/airflow/example_dags/example_sensors.py
[2023-10-10T09:07:38.149+0000] {logging_mixin.py:151} INFO - [2023-10-10T09:07:38.149+0000] {dag.py:2915} INFO - Sync 1 DAGs
[2023-10-10T09:07:38.171+0000] {logging_mixin.py:151} INFO - [2023-10-10T09:07:38.171+0000] {dag.py:3696} INFO - Setting next_dagrun for example_sensors to None, run_after=None
[2023-10-10T09:07:38.194+0000] {processor.py:179} INFO - Processing /home/airflow/.local/lib/python3.8/site-packages/airflow/example_dags/example_sensors.py took 0.123 seconds
[2023-10-10T09:08:08.410+0000] {processor.py:157} INFO - Started process (PID=2212) to work on /home/airflow/.local/lib/python3.8/site-packages/airflow/example_dags/example_sensors.py
[2023-10-10T09:08:08.416+0000] {processor.py:829} INFO - Processing file /home/airflow/.local/lib/python3.8/site-packages/airflow/example_dags/example_sensors.py for tasks to queue
[2023-10-10T09:08:08.421+0000] {logging_mixin.py:151} INFO - [2023-10-10T09:08:08.421+0000] {dagbag.py:539} INFO - Filling up the DagBag from /home/airflow/.local/lib/python3.8/site-packages/airflow/example_dags/example_sensors.py
[2023-10-10T09:08:08.443+0000] {processor.py:839} INFO - DAG(s) dict_keys(['example_sensors']) retrieved from /home/airflow/.local/lib/python3.8/site-packages/airflow/example_dags/example_sensors.py
[2023-10-10T09:08:08.479+0000] {logging_mixin.py:151} INFO - [2023-10-10T09:08:08.479+0000] {dag.py:2915} INFO - Sync 1 DAGs
[2023-10-10T09:08:08.500+0000] {logging_mixin.py:151} INFO - [2023-10-10T09:08:08.500+0000] {dag.py:3696} INFO - Setting next_dagrun for example_sensors to None, run_after=None
[2023-10-10T09:08:08.525+0000] {processor.py:179} INFO - Processing /home/airflow/.local/lib/python3.8/site-packages/airflow/example_dags/example_sensors.py took 0.122 seconds
[2023-10-10T09:08:38.889+0000] {processor.py:157} INFO - Started process (PID=2273) to work on /home/airflow/.local/lib/python3.8/site-packages/airflow/example_dags/example_sensors.py
[2023-10-10T09:08:38.891+0000] {processor.py:829} INFO - Processing file /home/airflow/.local/lib/python3.8/site-packages/airflow/example_dags/example_sensors.py for tasks to queue
[2023-10-10T09:08:38.892+0000] {logging_mixin.py:151} INFO - [2023-10-10T09:08:38.892+0000] {dagbag.py:539} INFO - Filling up the DagBag from /home/airflow/.local/lib/python3.8/site-packages/airflow/example_dags/example_sensors.py
[2023-10-10T09:08:38.899+0000] {processor.py:839} INFO - DAG(s) dict_keys(['example_sensors']) retrieved from /home/airflow/.local/lib/python3.8/site-packages/airflow/example_dags/example_sensors.py
[2023-10-10T09:08:38.919+0000] {logging_mixin.py:151} INFO - [2023-10-10T09:08:38.918+0000] {dag.py:2915} INFO - Sync 1 DAGs
[2023-10-10T09:08:38.929+0000] {logging_mixin.py:151} INFO - [2023-10-10T09:08:38.929+0000] {dag.py:3696} INFO - Setting next_dagrun for example_sensors to None, run_after=None
[2023-10-10T09:08:38.943+0000] {processor.py:179} INFO - Processing /home/airflow/.local/lib/python3.8/site-packages/airflow/example_dags/example_sensors.py took 0.056 seconds
[2023-10-10T09:09:09.108+0000] {processor.py:157} INFO - Started process (PID=2333) to work on /home/airflow/.local/lib/python3.8/site-packages/airflow/example_dags/example_sensors.py
[2023-10-10T09:09:09.109+0000] {processor.py:829} INFO - Processing file /home/airflow/.local/lib/python3.8/site-packages/airflow/example_dags/example_sensors.py for tasks to queue
[2023-10-10T09:09:09.111+0000] {logging_mixin.py:151} INFO - [2023-10-10T09:09:09.111+0000] {dagbag.py:539} INFO - Filling up the DagBag from /home/airflow/.local/lib/python3.8/site-packages/airflow/example_dags/example_sensors.py
[2023-10-10T09:09:09.123+0000] {processor.py:839} INFO - DAG(s) dict_keys(['example_sensors']) retrieved from /home/airflow/.local/lib/python3.8/site-packages/airflow/example_dags/example_sensors.py
[2023-10-10T09:09:09.142+0000] {logging_mixin.py:151} INFO - [2023-10-10T09:09:09.142+0000] {dag.py:2915} INFO - Sync 1 DAGs
[2023-10-10T09:09:09.150+0000] {logging_mixin.py:151} INFO - [2023-10-10T09:09:09.150+0000] {dag.py:3696} INFO - Setting next_dagrun for example_sensors to None, run_after=None
[2023-10-10T09:09:09.161+0000] {processor.py:179} INFO - Processing /home/airflow/.local/lib/python3.8/site-packages/airflow/example_dags/example_sensors.py took 0.058 seconds
[2023-10-10T09:09:39.624+0000] {processor.py:157} INFO - Started process (PID=2394) to work on /home/airflow/.local/lib/python3.8/site-packages/airflow/example_dags/example_sensors.py
[2023-10-10T09:09:39.628+0000] {processor.py:829} INFO - Processing file /home/airflow/.local/lib/python3.8/site-packages/airflow/example_dags/example_sensors.py for tasks to queue
[2023-10-10T09:09:39.632+0000] {logging_mixin.py:151} INFO - [2023-10-10T09:09:39.631+0000] {dagbag.py:539} INFO - Filling up the DagBag from /home/airflow/.local/lib/python3.8/site-packages/airflow/example_dags/example_sensors.py
[2023-10-10T09:09:39.644+0000] {processor.py:839} INFO - DAG(s) dict_keys(['example_sensors']) retrieved from /home/airflow/.local/lib/python3.8/site-packages/airflow/example_dags/example_sensors.py
[2023-10-10T09:09:39.678+0000] {logging_mixin.py:151} INFO - [2023-10-10T09:09:39.678+0000] {dag.py:2915} INFO - Sync 1 DAGs
[2023-10-10T09:09:39.691+0000] {logging_mixin.py:151} INFO - [2023-10-10T09:09:39.691+0000] {dag.py:3696} INFO - Setting next_dagrun for example_sensors to None, run_after=None
[2023-10-10T09:09:39.706+0000] {processor.py:179} INFO - Processing /home/airflow/.local/lib/python3.8/site-packages/airflow/example_dags/example_sensors.py took 0.090 seconds
[2023-10-10T09:10:10.142+0000] {processor.py:157} INFO - Started process (PID=2455) to work on /home/airflow/.local/lib/python3.8/site-packages/airflow/example_dags/example_sensors.py
[2023-10-10T09:10:10.143+0000] {processor.py:829} INFO - Processing file /home/airflow/.local/lib/python3.8/site-packages/airflow/example_dags/example_sensors.py for tasks to queue
[2023-10-10T09:10:10.145+0000] {logging_mixin.py:151} INFO - [2023-10-10T09:10:10.145+0000] {dagbag.py:539} INFO - Filling up the DagBag from /home/airflow/.local/lib/python3.8/site-packages/airflow/example_dags/example_sensors.py
[2023-10-10T09:10:10.155+0000] {processor.py:839} INFO - DAG(s) dict_keys(['example_sensors']) retrieved from /home/airflow/.local/lib/python3.8/site-packages/airflow/example_dags/example_sensors.py
[2023-10-10T09:10:10.193+0000] {logging_mixin.py:151} INFO - [2023-10-10T09:10:10.193+0000] {dag.py:2915} INFO - Sync 1 DAGs
[2023-10-10T09:10:10.205+0000] {logging_mixin.py:151} INFO - [2023-10-10T09:10:10.204+0000] {dag.py:3696} INFO - Setting next_dagrun for example_sensors to None, run_after=None
[2023-10-10T09:10:10.220+0000] {processor.py:179} INFO - Processing /home/airflow/.local/lib/python3.8/site-packages/airflow/example_dags/example_sensors.py took 0.083 seconds
[2023-10-10T09:10:40.948+0000] {processor.py:157} INFO - Started process (PID=2516) to work on /home/airflow/.local/lib/python3.8/site-packages/airflow/example_dags/example_sensors.py
[2023-10-10T09:10:40.949+0000] {processor.py:829} INFO - Processing file /home/airflow/.local/lib/python3.8/site-packages/airflow/example_dags/example_sensors.py for tasks to queue
[2023-10-10T09:10:40.953+0000] {logging_mixin.py:151} INFO - [2023-10-10T09:10:40.953+0000] {dagbag.py:539} INFO - Filling up the DagBag from /home/airflow/.local/lib/python3.8/site-packages/airflow/example_dags/example_sensors.py
[2023-10-10T09:10:40.967+0000] {processor.py:839} INFO - DAG(s) dict_keys(['example_sensors']) retrieved from /home/airflow/.local/lib/python3.8/site-packages/airflow/example_dags/example_sensors.py
[2023-10-10T09:10:41.029+0000] {logging_mixin.py:151} INFO - [2023-10-10T09:10:41.028+0000] {dag.py:2915} INFO - Sync 1 DAGs
[2023-10-10T09:10:41.049+0000] {logging_mixin.py:151} INFO - [2023-10-10T09:10:41.049+0000] {dag.py:3696} INFO - Setting next_dagrun for example_sensors to None, run_after=None
[2023-10-10T09:10:41.077+0000] {processor.py:179} INFO - Processing /home/airflow/.local/lib/python3.8/site-packages/airflow/example_dags/example_sensors.py took 0.133 seconds
[2023-10-10T09:11:11.247+0000] {processor.py:157} INFO - Started process (PID=2577) to work on /home/airflow/.local/lib/python3.8/site-packages/airflow/example_dags/example_sensors.py
[2023-10-10T09:11:11.249+0000] {processor.py:829} INFO - Processing file /home/airflow/.local/lib/python3.8/site-packages/airflow/example_dags/example_sensors.py for tasks to queue
[2023-10-10T09:11:11.252+0000] {logging_mixin.py:151} INFO - [2023-10-10T09:11:11.252+0000] {dagbag.py:539} INFO - Filling up the DagBag from /home/airflow/.local/lib/python3.8/site-packages/airflow/example_dags/example_sensors.py
[2023-10-10T09:11:11.265+0000] {processor.py:839} INFO - DAG(s) dict_keys(['example_sensors']) retrieved from /home/airflow/.local/lib/python3.8/site-packages/airflow/example_dags/example_sensors.py
[2023-10-10T09:11:11.323+0000] {logging_mixin.py:151} INFO - [2023-10-10T09:11:11.323+0000] {dag.py:2915} INFO - Sync 1 DAGs
[2023-10-10T09:11:11.349+0000] {logging_mixin.py:151} INFO - [2023-10-10T09:11:11.349+0000] {dag.py:3696} INFO - Setting next_dagrun for example_sensors to None, run_after=None
[2023-10-10T09:11:11.370+0000] {processor.py:179} INFO - Processing /home/airflow/.local/lib/python3.8/site-packages/airflow/example_dags/example_sensors.py took 0.129 seconds
[2023-10-10T09:11:41.623+0000] {processor.py:157} INFO - Started process (PID=2638) to work on /home/airflow/.local/lib/python3.8/site-packages/airflow/example_dags/example_sensors.py
[2023-10-10T09:11:41.624+0000] {processor.py:829} INFO - Processing file /home/airflow/.local/lib/python3.8/site-packages/airflow/example_dags/example_sensors.py for tasks to queue
[2023-10-10T09:11:41.628+0000] {logging_mixin.py:151} INFO - [2023-10-10T09:11:41.628+0000] {dagbag.py:539} INFO - Filling up the DagBag from /home/airflow/.local/lib/python3.8/site-packages/airflow/example_dags/example_sensors.py
[2023-10-10T09:11:41.641+0000] {processor.py:839} INFO - DAG(s) dict_keys(['example_sensors']) retrieved from /home/airflow/.local/lib/python3.8/site-packages/airflow/example_dags/example_sensors.py
[2023-10-10T09:11:41.678+0000] {logging_mixin.py:151} INFO - [2023-10-10T09:11:41.678+0000] {dag.py:2915} INFO - Sync 1 DAGs
[2023-10-10T09:11:41.691+0000] {logging_mixin.py:151} INFO - [2023-10-10T09:11:41.690+0000] {dag.py:3696} INFO - Setting next_dagrun for example_sensors to None, run_after=None
[2023-10-10T09:11:41.704+0000] {processor.py:179} INFO - Processing /home/airflow/.local/lib/python3.8/site-packages/airflow/example_dags/example_sensors.py took 0.086 seconds
[2023-10-10T09:12:12.433+0000] {processor.py:157} INFO - Started process (PID=2699) to work on /home/airflow/.local/lib/python3.8/site-packages/airflow/example_dags/example_sensors.py
[2023-10-10T09:12:12.434+0000] {processor.py:829} INFO - Processing file /home/airflow/.local/lib/python3.8/site-packages/airflow/example_dags/example_sensors.py for tasks to queue
[2023-10-10T09:12:12.437+0000] {logging_mixin.py:151} INFO - [2023-10-10T09:12:12.436+0000] {dagbag.py:539} INFO - Filling up the DagBag from /home/airflow/.local/lib/python3.8/site-packages/airflow/example_dags/example_sensors.py
[2023-10-10T09:12:12.452+0000] {processor.py:839} INFO - DAG(s) dict_keys(['example_sensors']) retrieved from /home/airflow/.local/lib/python3.8/site-packages/airflow/example_dags/example_sensors.py
[2023-10-10T09:12:12.486+0000] {logging_mixin.py:151} INFO - [2023-10-10T09:12:12.486+0000] {dag.py:2915} INFO - Sync 1 DAGs
[2023-10-10T09:12:12.499+0000] {logging_mixin.py:151} INFO - [2023-10-10T09:12:12.499+0000] {dag.py:3696} INFO - Setting next_dagrun for example_sensors to None, run_after=None
[2023-10-10T09:12:12.515+0000] {processor.py:179} INFO - Processing /home/airflow/.local/lib/python3.8/site-packages/airflow/example_dags/example_sensors.py took 0.090 seconds
[2023-10-10T09:12:43.051+0000] {processor.py:157} INFO - Started process (PID=2760) to work on /home/airflow/.local/lib/python3.8/site-packages/airflow/example_dags/example_sensors.py
[2023-10-10T09:12:43.052+0000] {processor.py:829} INFO - Processing file /home/airflow/.local/lib/python3.8/site-packages/airflow/example_dags/example_sensors.py for tasks to queue
[2023-10-10T09:12:43.055+0000] {logging_mixin.py:151} INFO - [2023-10-10T09:12:43.055+0000] {dagbag.py:539} INFO - Filling up the DagBag from /home/airflow/.local/lib/python3.8/site-packages/airflow/example_dags/example_sensors.py
[2023-10-10T09:12:43.067+0000] {processor.py:839} INFO - DAG(s) dict_keys(['example_sensors']) retrieved from /home/airflow/.local/lib/python3.8/site-packages/airflow/example_dags/example_sensors.py
[2023-10-10T09:12:43.108+0000] {logging_mixin.py:151} INFO - [2023-10-10T09:12:43.108+0000] {dag.py:2915} INFO - Sync 1 DAGs
[2023-10-10T09:12:43.120+0000] {logging_mixin.py:151} INFO - [2023-10-10T09:12:43.120+0000] {dag.py:3696} INFO - Setting next_dagrun for example_sensors to None, run_after=None
[2023-10-10T09:12:43.142+0000] {processor.py:179} INFO - Processing /home/airflow/.local/lib/python3.8/site-packages/airflow/example_dags/example_sensors.py took 0.097 seconds
[2023-10-10T09:13:13.964+0000] {processor.py:157} INFO - Started process (PID=2821) to work on /home/airflow/.local/lib/python3.8/site-packages/airflow/example_dags/example_sensors.py
[2023-10-10T09:13:13.965+0000] {processor.py:829} INFO - Processing file /home/airflow/.local/lib/python3.8/site-packages/airflow/example_dags/example_sensors.py for tasks to queue
[2023-10-10T09:13:13.968+0000] {logging_mixin.py:151} INFO - [2023-10-10T09:13:13.968+0000] {dagbag.py:539} INFO - Filling up the DagBag from /home/airflow/.local/lib/python3.8/site-packages/airflow/example_dags/example_sensors.py
[2023-10-10T09:13:13.980+0000] {processor.py:839} INFO - DAG(s) dict_keys(['example_sensors']) retrieved from /home/airflow/.local/lib/python3.8/site-packages/airflow/example_dags/example_sensors.py
[2023-10-10T09:13:14.008+0000] {logging_mixin.py:151} INFO - [2023-10-10T09:13:14.008+0000] {dag.py:2915} INFO - Sync 1 DAGs
[2023-10-10T09:13:14.017+0000] {logging_mixin.py:151} INFO - [2023-10-10T09:13:14.017+0000] {dag.py:3696} INFO - Setting next_dagrun for example_sensors to None, run_after=None
[2023-10-10T09:13:14.030+0000] {processor.py:179} INFO - Processing /home/airflow/.local/lib/python3.8/site-packages/airflow/example_dags/example_sensors.py took 0.069 seconds
[2023-10-10T09:13:44.449+0000] {processor.py:157} INFO - Started process (PID=2882) to work on /home/airflow/.local/lib/python3.8/site-packages/airflow/example_dags/example_sensors.py
[2023-10-10T09:13:44.450+0000] {processor.py:829} INFO - Processing file /home/airflow/.local/lib/python3.8/site-packages/airflow/example_dags/example_sensors.py for tasks to queue
[2023-10-10T09:13:44.453+0000] {logging_mixin.py:151} INFO - [2023-10-10T09:13:44.453+0000] {dagbag.py:539} INFO - Filling up the DagBag from /home/airflow/.local/lib/python3.8/site-packages/airflow/example_dags/example_sensors.py
[2023-10-10T09:13:44.463+0000] {processor.py:839} INFO - DAG(s) dict_keys(['example_sensors']) retrieved from /home/airflow/.local/lib/python3.8/site-packages/airflow/example_dags/example_sensors.py
[2023-10-10T09:13:44.489+0000] {logging_mixin.py:151} INFO - [2023-10-10T09:13:44.489+0000] {dag.py:2915} INFO - Sync 1 DAGs
[2023-10-10T09:13:44.497+0000] {logging_mixin.py:151} INFO - [2023-10-10T09:13:44.497+0000] {dag.py:3696} INFO - Setting next_dagrun for example_sensors to None, run_after=None
[2023-10-10T09:13:44.506+0000] {processor.py:179} INFO - Processing /home/airflow/.local/lib/python3.8/site-packages/airflow/example_dags/example_sensors.py took 0.064 seconds
[2023-10-10T09:14:15.030+0000] {processor.py:157} INFO - Started process (PID=2950) to work on /home/airflow/.local/lib/python3.8/site-packages/airflow/example_dags/example_sensors.py
[2023-10-10T09:14:15.031+0000] {processor.py:829} INFO - Processing file /home/airflow/.local/lib/python3.8/site-packages/airflow/example_dags/example_sensors.py for tasks to queue
[2023-10-10T09:14:15.033+0000] {logging_mixin.py:151} INFO - [2023-10-10T09:14:15.033+0000] {dagbag.py:539} INFO - Filling up the DagBag from /home/airflow/.local/lib/python3.8/site-packages/airflow/example_dags/example_sensors.py
[2023-10-10T09:14:15.040+0000] {processor.py:839} INFO - DAG(s) dict_keys(['example_sensors']) retrieved from /home/airflow/.local/lib/python3.8/site-packages/airflow/example_dags/example_sensors.py
[2023-10-10T09:14:15.060+0000] {logging_mixin.py:151} INFO - [2023-10-10T09:14:15.060+0000] {dag.py:2915} INFO - Sync 1 DAGs
[2023-10-10T09:14:15.068+0000] {logging_mixin.py:151} INFO - [2023-10-10T09:14:15.068+0000] {dag.py:3696} INFO - Setting next_dagrun for example_sensors to None, run_after=None
[2023-10-10T09:14:15.080+0000] {processor.py:179} INFO - Processing /home/airflow/.local/lib/python3.8/site-packages/airflow/example_dags/example_sensors.py took 0.055 seconds
[2023-10-10T09:14:45.756+0000] {processor.py:157} INFO - Started process (PID=3011) to work on /home/airflow/.local/lib/python3.8/site-packages/airflow/example_dags/example_sensors.py
[2023-10-10T09:14:45.757+0000] {processor.py:829} INFO - Processing file /home/airflow/.local/lib/python3.8/site-packages/airflow/example_dags/example_sensors.py for tasks to queue
[2023-10-10T09:14:45.759+0000] {logging_mixin.py:151} INFO - [2023-10-10T09:14:45.759+0000] {dagbag.py:539} INFO - Filling up the DagBag from /home/airflow/.local/lib/python3.8/site-packages/airflow/example_dags/example_sensors.py
[2023-10-10T09:14:45.776+0000] {processor.py:839} INFO - DAG(s) dict_keys(['example_sensors']) retrieved from /home/airflow/.local/lib/python3.8/site-packages/airflow/example_dags/example_sensors.py
[2023-10-10T09:14:45.808+0000] {logging_mixin.py:151} INFO - [2023-10-10T09:14:45.807+0000] {dag.py:2915} INFO - Sync 1 DAGs
[2023-10-10T09:14:45.818+0000] {logging_mixin.py:151} INFO - [2023-10-10T09:14:45.818+0000] {dag.py:3696} INFO - Setting next_dagrun for example_sensors to None, run_after=None
[2023-10-10T09:14:45.833+0000] {processor.py:179} INFO - Processing /home/airflow/.local/lib/python3.8/site-packages/airflow/example_dags/example_sensors.py took 0.080 seconds
[2023-10-10T09:15:16.033+0000] {processor.py:157} INFO - Started process (PID=3072) to work on /home/airflow/.local/lib/python3.8/site-packages/airflow/example_dags/example_sensors.py
[2023-10-10T09:15:16.034+0000] {processor.py:829} INFO - Processing file /home/airflow/.local/lib/python3.8/site-packages/airflow/example_dags/example_sensors.py for tasks to queue
[2023-10-10T09:15:16.037+0000] {logging_mixin.py:151} INFO - [2023-10-10T09:15:16.037+0000] {dagbag.py:539} INFO - Filling up the DagBag from /home/airflow/.local/lib/python3.8/site-packages/airflow/example_dags/example_sensors.py
[2023-10-10T09:15:16.053+0000] {processor.py:839} INFO - DAG(s) dict_keys(['example_sensors']) retrieved from /home/airflow/.local/lib/python3.8/site-packages/airflow/example_dags/example_sensors.py
[2023-10-10T09:15:16.078+0000] {logging_mixin.py:151} INFO - [2023-10-10T09:15:16.078+0000] {dag.py:2915} INFO - Sync 1 DAGs
[2023-10-10T09:15:16.090+0000] {logging_mixin.py:151} INFO - [2023-10-10T09:15:16.090+0000] {dag.py:3696} INFO - Setting next_dagrun for example_sensors to None, run_after=None
[2023-10-10T09:15:16.104+0000] {processor.py:179} INFO - Processing /home/airflow/.local/lib/python3.8/site-packages/airflow/example_dags/example_sensors.py took 0.077 seconds
[2023-10-10T09:15:46.414+0000] {processor.py:157} INFO - Started process (PID=3133) to work on /home/airflow/.local/lib/python3.8/site-packages/airflow/example_dags/example_sensors.py
[2023-10-10T09:15:46.415+0000] {processor.py:829} INFO - Processing file /home/airflow/.local/lib/python3.8/site-packages/airflow/example_dags/example_sensors.py for tasks to queue
[2023-10-10T09:15:46.418+0000] {logging_mixin.py:151} INFO - [2023-10-10T09:15:46.417+0000] {dagbag.py:539} INFO - Filling up the DagBag from /home/airflow/.local/lib/python3.8/site-packages/airflow/example_dags/example_sensors.py
[2023-10-10T09:15:46.433+0000] {processor.py:839} INFO - DAG(s) dict_keys(['example_sensors']) retrieved from /home/airflow/.local/lib/python3.8/site-packages/airflow/example_dags/example_sensors.py
[2023-10-10T09:15:46.466+0000] {logging_mixin.py:151} INFO - [2023-10-10T09:15:46.465+0000] {dag.py:2915} INFO - Sync 1 DAGs
[2023-10-10T09:15:46.484+0000] {logging_mixin.py:151} INFO - [2023-10-10T09:15:46.484+0000] {dag.py:3696} INFO - Setting next_dagrun for example_sensors to None, run_after=None
[2023-10-10T09:15:46.500+0000] {processor.py:179} INFO - Processing /home/airflow/.local/lib/python3.8/site-packages/airflow/example_dags/example_sensors.py took 0.089 seconds
[2023-10-10T09:16:16.998+0000] {processor.py:157} INFO - Started process (PID=3194) to work on /home/airflow/.local/lib/python3.8/site-packages/airflow/example_dags/example_sensors.py
[2023-10-10T09:16:17.000+0000] {processor.py:829} INFO - Processing file /home/airflow/.local/lib/python3.8/site-packages/airflow/example_dags/example_sensors.py for tasks to queue
[2023-10-10T09:16:17.003+0000] {logging_mixin.py:151} INFO - [2023-10-10T09:16:17.002+0000] {dagbag.py:539} INFO - Filling up the DagBag from /home/airflow/.local/lib/python3.8/site-packages/airflow/example_dags/example_sensors.py
[2023-10-10T09:16:17.013+0000] {processor.py:839} INFO - DAG(s) dict_keys(['example_sensors']) retrieved from /home/airflow/.local/lib/python3.8/site-packages/airflow/example_dags/example_sensors.py
[2023-10-10T09:16:17.044+0000] {logging_mixin.py:151} INFO - [2023-10-10T09:16:17.044+0000] {dag.py:2915} INFO - Sync 1 DAGs
[2023-10-10T09:16:17.058+0000] {logging_mixin.py:151} INFO - [2023-10-10T09:16:17.057+0000] {dag.py:3696} INFO - Setting next_dagrun for example_sensors to None, run_after=None
[2023-10-10T09:16:17.072+0000] {processor.py:179} INFO - Processing /home/airflow/.local/lib/python3.8/site-packages/airflow/example_dags/example_sensors.py took 0.082 seconds
[2023-10-10T09:16:47.529+0000] {processor.py:157} INFO - Started process (PID=3255) to work on /home/airflow/.local/lib/python3.8/site-packages/airflow/example_dags/example_sensors.py
[2023-10-10T09:16:47.531+0000] {processor.py:829} INFO - Processing file /home/airflow/.local/lib/python3.8/site-packages/airflow/example_dags/example_sensors.py for tasks to queue
[2023-10-10T09:16:47.533+0000] {logging_mixin.py:151} INFO - [2023-10-10T09:16:47.533+0000] {dagbag.py:539} INFO - Filling up the DagBag from /home/airflow/.local/lib/python3.8/site-packages/airflow/example_dags/example_sensors.py
[2023-10-10T09:16:47.548+0000] {processor.py:839} INFO - DAG(s) dict_keys(['example_sensors']) retrieved from /home/airflow/.local/lib/python3.8/site-packages/airflow/example_dags/example_sensors.py
[2023-10-10T09:16:47.597+0000] {logging_mixin.py:151} INFO - [2023-10-10T09:16:47.596+0000] {dag.py:2915} INFO - Sync 1 DAGs
[2023-10-10T09:16:47.612+0000] {logging_mixin.py:151} INFO - [2023-10-10T09:16:47.612+0000] {dag.py:3696} INFO - Setting next_dagrun for example_sensors to None, run_after=None
[2023-10-10T09:16:47.628+0000] {processor.py:179} INFO - Processing /home/airflow/.local/lib/python3.8/site-packages/airflow/example_dags/example_sensors.py took 0.109 seconds
[2023-10-10T09:17:17.745+0000] {processor.py:157} INFO - Started process (PID=3315) to work on /home/airflow/.local/lib/python3.8/site-packages/airflow/example_dags/example_sensors.py
[2023-10-10T09:17:17.746+0000] {processor.py:829} INFO - Processing file /home/airflow/.local/lib/python3.8/site-packages/airflow/example_dags/example_sensors.py for tasks to queue
[2023-10-10T09:17:17.750+0000] {logging_mixin.py:151} INFO - [2023-10-10T09:17:17.750+0000] {dagbag.py:539} INFO - Filling up the DagBag from /home/airflow/.local/lib/python3.8/site-packages/airflow/example_dags/example_sensors.py
[2023-10-10T09:17:17.760+0000] {processor.py:839} INFO - DAG(s) dict_keys(['example_sensors']) retrieved from /home/airflow/.local/lib/python3.8/site-packages/airflow/example_dags/example_sensors.py
[2023-10-10T09:17:17.785+0000] {logging_mixin.py:151} INFO - [2023-10-10T09:17:17.785+0000] {dag.py:2915} INFO - Sync 1 DAGs
[2023-10-10T09:17:17.793+0000] {logging_mixin.py:151} INFO - [2023-10-10T09:17:17.793+0000] {dag.py:3696} INFO - Setting next_dagrun for example_sensors to None, run_after=None
[2023-10-10T09:17:17.805+0000] {processor.py:179} INFO - Processing /home/airflow/.local/lib/python3.8/site-packages/airflow/example_dags/example_sensors.py took 0.067 seconds
[2023-10-10T09:17:48.034+0000] {processor.py:157} INFO - Started process (PID=3376) to work on /home/airflow/.local/lib/python3.8/site-packages/airflow/example_dags/example_sensors.py
[2023-10-10T09:17:48.035+0000] {processor.py:829} INFO - Processing file /home/airflow/.local/lib/python3.8/site-packages/airflow/example_dags/example_sensors.py for tasks to queue
[2023-10-10T09:17:48.037+0000] {logging_mixin.py:151} INFO - [2023-10-10T09:17:48.037+0000] {dagbag.py:539} INFO - Filling up the DagBag from /home/airflow/.local/lib/python3.8/site-packages/airflow/example_dags/example_sensors.py
[2023-10-10T09:17:48.047+0000] {processor.py:839} INFO - DAG(s) dict_keys(['example_sensors']) retrieved from /home/airflow/.local/lib/python3.8/site-packages/airflow/example_dags/example_sensors.py
[2023-10-10T09:17:48.073+0000] {logging_mixin.py:151} INFO - [2023-10-10T09:17:48.073+0000] {dag.py:2915} INFO - Sync 1 DAGs
[2023-10-10T09:17:48.087+0000] {logging_mixin.py:151} INFO - [2023-10-10T09:17:48.087+0000] {dag.py:3696} INFO - Setting next_dagrun for example_sensors to None, run_after=None
[2023-10-10T09:17:48.108+0000] {processor.py:179} INFO - Processing /home/airflow/.local/lib/python3.8/site-packages/airflow/example_dags/example_sensors.py took 0.076 seconds
[2023-10-10T09:18:18.198+0000] {processor.py:157} INFO - Started process (PID=3430) to work on /home/airflow/.local/lib/python3.8/site-packages/airflow/example_dags/example_sensors.py
[2023-10-10T09:18:18.199+0000] {processor.py:829} INFO - Processing file /home/airflow/.local/lib/python3.8/site-packages/airflow/example_dags/example_sensors.py for tasks to queue
[2023-10-10T09:18:18.203+0000] {logging_mixin.py:151} INFO - [2023-10-10T09:18:18.202+0000] {dagbag.py:539} INFO - Filling up the DagBag from /home/airflow/.local/lib/python3.8/site-packages/airflow/example_dags/example_sensors.py
[2023-10-10T09:18:18.220+0000] {processor.py:839} INFO - DAG(s) dict_keys(['example_sensors']) retrieved from /home/airflow/.local/lib/python3.8/site-packages/airflow/example_dags/example_sensors.py
[2023-10-10T09:18:18.292+0000] {logging_mixin.py:151} INFO - [2023-10-10T09:18:18.292+0000] {dag.py:2915} INFO - Sync 1 DAGs
[2023-10-10T09:18:18.302+0000] {logging_mixin.py:151} INFO - [2023-10-10T09:18:18.302+0000] {dag.py:3696} INFO - Setting next_dagrun for example_sensors to None, run_after=None
[2023-10-10T09:18:18.315+0000] {processor.py:179} INFO - Processing /home/airflow/.local/lib/python3.8/site-packages/airflow/example_dags/example_sensors.py took 0.127 seconds
[2023-10-10T09:18:48.526+0000] {processor.py:157} INFO - Started process (PID=3489) to work on /home/airflow/.local/lib/python3.8/site-packages/airflow/example_dags/example_sensors.py
[2023-10-10T09:18:48.527+0000] {processor.py:829} INFO - Processing file /home/airflow/.local/lib/python3.8/site-packages/airflow/example_dags/example_sensors.py for tasks to queue
[2023-10-10T09:18:48.531+0000] {logging_mixin.py:151} INFO - [2023-10-10T09:18:48.530+0000] {dagbag.py:539} INFO - Filling up the DagBag from /home/airflow/.local/lib/python3.8/site-packages/airflow/example_dags/example_sensors.py
[2023-10-10T09:18:48.546+0000] {processor.py:839} INFO - DAG(s) dict_keys(['example_sensors']) retrieved from /home/airflow/.local/lib/python3.8/site-packages/airflow/example_dags/example_sensors.py
[2023-10-10T09:18:48.600+0000] {logging_mixin.py:151} INFO - [2023-10-10T09:18:48.600+0000] {dag.py:2915} INFO - Sync 1 DAGs
[2023-10-10T09:18:48.617+0000] {logging_mixin.py:151} INFO - [2023-10-10T09:18:48.617+0000] {dag.py:3696} INFO - Setting next_dagrun for example_sensors to None, run_after=None
[2023-10-10T09:18:48.631+0000] {processor.py:179} INFO - Processing /home/airflow/.local/lib/python3.8/site-packages/airflow/example_dags/example_sensors.py took 0.109 seconds
[2023-10-10T09:19:18.750+0000] {processor.py:157} INFO - Started process (PID=3550) to work on /home/airflow/.local/lib/python3.8/site-packages/airflow/example_dags/example_sensors.py
[2023-10-10T09:19:18.751+0000] {processor.py:829} INFO - Processing file /home/airflow/.local/lib/python3.8/site-packages/airflow/example_dags/example_sensors.py for tasks to queue
[2023-10-10T09:19:18.754+0000] {logging_mixin.py:151} INFO - [2023-10-10T09:19:18.753+0000] {dagbag.py:539} INFO - Filling up the DagBag from /home/airflow/.local/lib/python3.8/site-packages/airflow/example_dags/example_sensors.py
[2023-10-10T09:19:18.773+0000] {processor.py:839} INFO - DAG(s) dict_keys(['example_sensors']) retrieved from /home/airflow/.local/lib/python3.8/site-packages/airflow/example_dags/example_sensors.py
[2023-10-10T09:19:18.802+0000] {logging_mixin.py:151} INFO - [2023-10-10T09:19:18.801+0000] {dag.py:2915} INFO - Sync 1 DAGs
[2023-10-10T09:19:18.813+0000] {logging_mixin.py:151} INFO - [2023-10-10T09:19:18.813+0000] {dag.py:3696} INFO - Setting next_dagrun for example_sensors to None, run_after=None
[2023-10-10T09:19:18.833+0000] {processor.py:179} INFO - Processing /home/airflow/.local/lib/python3.8/site-packages/airflow/example_dags/example_sensors.py took 0.087 seconds
[2023-10-10T09:19:48.997+0000] {processor.py:157} INFO - Started process (PID=3611) to work on /home/airflow/.local/lib/python3.8/site-packages/airflow/example_dags/example_sensors.py
[2023-10-10T09:19:48.998+0000] {processor.py:829} INFO - Processing file /home/airflow/.local/lib/python3.8/site-packages/airflow/example_dags/example_sensors.py for tasks to queue
[2023-10-10T09:19:49.001+0000] {logging_mixin.py:151} INFO - [2023-10-10T09:19:49.000+0000] {dagbag.py:539} INFO - Filling up the DagBag from /home/airflow/.local/lib/python3.8/site-packages/airflow/example_dags/example_sensors.py
[2023-10-10T09:19:49.014+0000] {processor.py:839} INFO - DAG(s) dict_keys(['example_sensors']) retrieved from /home/airflow/.local/lib/python3.8/site-packages/airflow/example_dags/example_sensors.py
[2023-10-10T09:19:49.049+0000] {logging_mixin.py:151} INFO - [2023-10-10T09:19:49.048+0000] {dag.py:2915} INFO - Sync 1 DAGs
[2023-10-10T09:19:49.060+0000] {logging_mixin.py:151} INFO - [2023-10-10T09:19:49.059+0000] {dag.py:3696} INFO - Setting next_dagrun for example_sensors to None, run_after=None
[2023-10-10T09:19:49.074+0000] {processor.py:179} INFO - Processing /home/airflow/.local/lib/python3.8/site-packages/airflow/example_dags/example_sensors.py took 0.081 seconds
