[2023-10-10T08:50:07.693+0000] {processor.py:157} INFO - Started process (PID=75) to work on /home/airflow/.local/lib/python3.8/site-packages/airflow/example_dags/example_dag_decorator.py
[2023-10-10T08:50:07.719+0000] {processor.py:829} INFO - Processing file /home/airflow/.local/lib/python3.8/site-packages/airflow/example_dags/example_dag_decorator.py for tasks to queue
[2023-10-10T08:50:07.739+0000] {logging_mixin.py:151} INFO - [2023-10-10T08:50:07.738+0000] {dagbag.py:539} INFO - Filling up the DagBag from /home/airflow/.local/lib/python3.8/site-packages/airflow/example_dags/example_dag_decorator.py
[2023-10-10T08:50:09.478+0000] {processor.py:839} INFO - DAG(s) dict_keys(['example_dag_decorator']) retrieved from /home/airflow/.local/lib/python3.8/site-packages/airflow/example_dags/example_dag_decorator.py
[2023-10-10T08:50:09.578+0000] {logging_mixin.py:151} INFO - [2023-10-10T08:50:09.574+0000] {dag.py:2915} INFO - Sync 1 DAGs
[2023-10-10T08:50:09.628+0000] {logging_mixin.py:151} INFO - [2023-10-10T08:50:09.628+0000] {dag.py:3696} INFO - Setting next_dagrun for example_dag_decorator to None, run_after=None
[2023-10-10T08:50:09.796+0000] {processor.py:179} INFO - Processing /home/airflow/.local/lib/python3.8/site-packages/airflow/example_dags/example_dag_decorator.py took 2.283 seconds
[2023-10-10T08:50:40.267+0000] {processor.py:157} INFO - Started process (PID=136) to work on /home/airflow/.local/lib/python3.8/site-packages/airflow/example_dags/example_dag_decorator.py
[2023-10-10T08:50:40.279+0000] {processor.py:829} INFO - Processing file /home/airflow/.local/lib/python3.8/site-packages/airflow/example_dags/example_dag_decorator.py for tasks to queue
[2023-10-10T08:50:40.287+0000] {logging_mixin.py:151} INFO - [2023-10-10T08:50:40.286+0000] {dagbag.py:539} INFO - Filling up the DagBag from /home/airflow/.local/lib/python3.8/site-packages/airflow/example_dags/example_dag_decorator.py
[2023-10-10T08:50:40.487+0000] {processor.py:839} INFO - DAG(s) dict_keys(['example_dag_decorator']) retrieved from /home/airflow/.local/lib/python3.8/site-packages/airflow/example_dags/example_dag_decorator.py
[2023-10-10T08:50:40.652+0000] {logging_mixin.py:151} INFO - [2023-10-10T08:50:40.652+0000] {security.py:708} INFO - Not syncing DAG-level permissions for DAG 'DAG:example_dag_decorator' as access control is unset.
[2023-10-10T08:50:40.653+0000] {logging_mixin.py:151} INFO - [2023-10-10T08:50:40.653+0000] {dag.py:2915} INFO - Sync 1 DAGs
[2023-10-10T08:50:40.679+0000] {logging_mixin.py:151} INFO - [2023-10-10T08:50:40.678+0000] {dag.py:3696} INFO - Setting next_dagrun for example_dag_decorator to None, run_after=None
[2023-10-10T08:50:40.702+0000] {processor.py:179} INFO - Processing /home/airflow/.local/lib/python3.8/site-packages/airflow/example_dags/example_dag_decorator.py took 0.456 seconds
[2023-10-10T08:51:11.338+0000] {processor.py:157} INFO - Started process (PID=197) to work on /home/airflow/.local/lib/python3.8/site-packages/airflow/example_dags/example_dag_decorator.py
[2023-10-10T08:51:11.339+0000] {processor.py:829} INFO - Processing file /home/airflow/.local/lib/python3.8/site-packages/airflow/example_dags/example_dag_decorator.py for tasks to queue
[2023-10-10T08:51:11.341+0000] {logging_mixin.py:151} INFO - [2023-10-10T08:51:11.340+0000] {dagbag.py:539} INFO - Filling up the DagBag from /home/airflow/.local/lib/python3.8/site-packages/airflow/example_dags/example_dag_decorator.py
[2023-10-10T08:51:11.417+0000] {processor.py:839} INFO - DAG(s) dict_keys(['example_dag_decorator']) retrieved from /home/airflow/.local/lib/python3.8/site-packages/airflow/example_dags/example_dag_decorator.py
[2023-10-10T08:51:11.499+0000] {logging_mixin.py:151} INFO - [2023-10-10T08:51:11.499+0000] {security.py:708} INFO - Not syncing DAG-level permissions for DAG 'DAG:example_dag_decorator' as access control is unset.
[2023-10-10T08:51:11.500+0000] {logging_mixin.py:151} INFO - [2023-10-10T08:51:11.500+0000] {dag.py:2915} INFO - Sync 1 DAGs
[2023-10-10T08:51:11.506+0000] {logging_mixin.py:151} INFO - [2023-10-10T08:51:11.506+0000] {dag.py:3696} INFO - Setting next_dagrun for example_dag_decorator to None, run_after=None
[2023-10-10T08:51:11.521+0000] {processor.py:179} INFO - Processing /home/airflow/.local/lib/python3.8/site-packages/airflow/example_dags/example_dag_decorator.py took 0.186 seconds
[2023-10-10T08:51:41.808+0000] {processor.py:157} INFO - Started process (PID=258) to work on /home/airflow/.local/lib/python3.8/site-packages/airflow/example_dags/example_dag_decorator.py
[2023-10-10T08:51:41.810+0000] {processor.py:829} INFO - Processing file /home/airflow/.local/lib/python3.8/site-packages/airflow/example_dags/example_dag_decorator.py for tasks to queue
[2023-10-10T08:51:41.815+0000] {logging_mixin.py:151} INFO - [2023-10-10T08:51:41.815+0000] {dagbag.py:539} INFO - Filling up the DagBag from /home/airflow/.local/lib/python3.8/site-packages/airflow/example_dags/example_dag_decorator.py
[2023-10-10T08:51:41.897+0000] {processor.py:839} INFO - DAG(s) dict_keys(['example_dag_decorator']) retrieved from /home/airflow/.local/lib/python3.8/site-packages/airflow/example_dags/example_dag_decorator.py
[2023-10-10T08:51:42.012+0000] {logging_mixin.py:151} INFO - [2023-10-10T08:51:42.011+0000] {security.py:708} INFO - Not syncing DAG-level permissions for DAG 'DAG:example_dag_decorator' as access control is unset.
[2023-10-10T08:51:42.012+0000] {logging_mixin.py:151} INFO - [2023-10-10T08:51:42.012+0000] {dag.py:2915} INFO - Sync 1 DAGs
[2023-10-10T08:51:42.025+0000] {logging_mixin.py:151} INFO - [2023-10-10T08:51:42.025+0000] {dag.py:3696} INFO - Setting next_dagrun for example_dag_decorator to None, run_after=None
[2023-10-10T08:51:42.038+0000] {processor.py:179} INFO - Processing /home/airflow/.local/lib/python3.8/site-packages/airflow/example_dags/example_dag_decorator.py took 0.245 seconds
[2023-10-10T08:52:12.085+0000] {processor.py:157} INFO - Started process (PID=319) to work on /home/airflow/.local/lib/python3.8/site-packages/airflow/example_dags/example_dag_decorator.py
[2023-10-10T08:52:12.086+0000] {processor.py:829} INFO - Processing file /home/airflow/.local/lib/python3.8/site-packages/airflow/example_dags/example_dag_decorator.py for tasks to queue
[2023-10-10T08:52:12.092+0000] {logging_mixin.py:151} INFO - [2023-10-10T08:52:12.090+0000] {dagbag.py:539} INFO - Filling up the DagBag from /home/airflow/.local/lib/python3.8/site-packages/airflow/example_dags/example_dag_decorator.py
[2023-10-10T08:52:12.185+0000] {processor.py:839} INFO - DAG(s) dict_keys(['example_dag_decorator']) retrieved from /home/airflow/.local/lib/python3.8/site-packages/airflow/example_dags/example_dag_decorator.py
[2023-10-10T08:52:12.288+0000] {logging_mixin.py:151} INFO - [2023-10-10T08:52:12.287+0000] {security.py:708} INFO - Not syncing DAG-level permissions for DAG 'DAG:example_dag_decorator' as access control is unset.
[2023-10-10T08:52:12.288+0000] {logging_mixin.py:151} INFO - [2023-10-10T08:52:12.288+0000] {dag.py:2915} INFO - Sync 1 DAGs
[2023-10-10T08:52:12.296+0000] {logging_mixin.py:151} INFO - [2023-10-10T08:52:12.296+0000] {dag.py:3696} INFO - Setting next_dagrun for example_dag_decorator to None, run_after=None
[2023-10-10T08:52:12.321+0000] {processor.py:179} INFO - Processing /home/airflow/.local/lib/python3.8/site-packages/airflow/example_dags/example_dag_decorator.py took 0.242 seconds
[2023-10-10T08:52:42.864+0000] {processor.py:157} INFO - Started process (PID=380) to work on /home/airflow/.local/lib/python3.8/site-packages/airflow/example_dags/example_dag_decorator.py
[2023-10-10T08:52:42.866+0000] {processor.py:829} INFO - Processing file /home/airflow/.local/lib/python3.8/site-packages/airflow/example_dags/example_dag_decorator.py for tasks to queue
[2023-10-10T08:52:42.870+0000] {logging_mixin.py:151} INFO - [2023-10-10T08:52:42.870+0000] {dagbag.py:539} INFO - Filling up the DagBag from /home/airflow/.local/lib/python3.8/site-packages/airflow/example_dags/example_dag_decorator.py
[2023-10-10T08:52:42.963+0000] {processor.py:839} INFO - DAG(s) dict_keys(['example_dag_decorator']) retrieved from /home/airflow/.local/lib/python3.8/site-packages/airflow/example_dags/example_dag_decorator.py
[2023-10-10T08:52:42.985+0000] {logging_mixin.py:151} INFO - [2023-10-10T08:52:42.984+0000] {dag.py:2915} INFO - Sync 1 DAGs
[2023-10-10T08:52:42.993+0000] {logging_mixin.py:151} INFO - [2023-10-10T08:52:42.993+0000] {dag.py:3696} INFO - Setting next_dagrun for example_dag_decorator to None, run_after=None
[2023-10-10T08:52:43.004+0000] {processor.py:179} INFO - Processing /home/airflow/.local/lib/python3.8/site-packages/airflow/example_dags/example_dag_decorator.py took 0.149 seconds
[2023-10-10T08:53:13.238+0000] {processor.py:157} INFO - Started process (PID=441) to work on /home/airflow/.local/lib/python3.8/site-packages/airflow/example_dags/example_dag_decorator.py
[2023-10-10T08:53:13.242+0000] {processor.py:829} INFO - Processing file /home/airflow/.local/lib/python3.8/site-packages/airflow/example_dags/example_dag_decorator.py for tasks to queue
[2023-10-10T08:53:13.247+0000] {logging_mixin.py:151} INFO - [2023-10-10T08:53:13.246+0000] {dagbag.py:539} INFO - Filling up the DagBag from /home/airflow/.local/lib/python3.8/site-packages/airflow/example_dags/example_dag_decorator.py
[2023-10-10T08:53:13.300+0000] {processor.py:839} INFO - DAG(s) dict_keys(['example_dag_decorator']) retrieved from /home/airflow/.local/lib/python3.8/site-packages/airflow/example_dags/example_dag_decorator.py
[2023-10-10T08:53:13.363+0000] {logging_mixin.py:151} INFO - [2023-10-10T08:53:13.363+0000] {security.py:708} INFO - Not syncing DAG-level permissions for DAG 'DAG:example_dag_decorator' as access control is unset.
[2023-10-10T08:53:13.364+0000] {logging_mixin.py:151} INFO - [2023-10-10T08:53:13.364+0000] {dag.py:2915} INFO - Sync 1 DAGs
[2023-10-10T08:53:13.370+0000] {logging_mixin.py:151} INFO - [2023-10-10T08:53:13.370+0000] {dag.py:3696} INFO - Setting next_dagrun for example_dag_decorator to None, run_after=None
[2023-10-10T08:53:13.381+0000] {processor.py:179} INFO - Processing /home/airflow/.local/lib/python3.8/site-packages/airflow/example_dags/example_dag_decorator.py took 0.150 seconds
[2023-10-10T08:53:43.750+0000] {processor.py:157} INFO - Started process (PID=502) to work on /home/airflow/.local/lib/python3.8/site-packages/airflow/example_dags/example_dag_decorator.py
[2023-10-10T08:53:43.753+0000] {processor.py:829} INFO - Processing file /home/airflow/.local/lib/python3.8/site-packages/airflow/example_dags/example_dag_decorator.py for tasks to queue
[2023-10-10T08:53:43.756+0000] {logging_mixin.py:151} INFO - [2023-10-10T08:53:43.755+0000] {dagbag.py:539} INFO - Filling up the DagBag from /home/airflow/.local/lib/python3.8/site-packages/airflow/example_dags/example_dag_decorator.py
[2023-10-10T08:53:43.823+0000] {processor.py:839} INFO - DAG(s) dict_keys(['example_dag_decorator']) retrieved from /home/airflow/.local/lib/python3.8/site-packages/airflow/example_dags/example_dag_decorator.py
[2023-10-10T08:53:43.936+0000] {logging_mixin.py:151} INFO - [2023-10-10T08:53:43.936+0000] {security.py:708} INFO - Not syncing DAG-level permissions for DAG 'DAG:example_dag_decorator' as access control is unset.
[2023-10-10T08:53:43.937+0000] {logging_mixin.py:151} INFO - [2023-10-10T08:53:43.937+0000] {dag.py:2915} INFO - Sync 1 DAGs
[2023-10-10T08:53:43.949+0000] {logging_mixin.py:151} INFO - [2023-10-10T08:53:43.949+0000] {dag.py:3696} INFO - Setting next_dagrun for example_dag_decorator to None, run_after=None
[2023-10-10T08:53:43.972+0000] {processor.py:179} INFO - Processing /home/airflow/.local/lib/python3.8/site-packages/airflow/example_dags/example_dag_decorator.py took 0.228 seconds
[2023-10-10T08:54:14.028+0000] {processor.py:157} INFO - Started process (PID=564) to work on /home/airflow/.local/lib/python3.8/site-packages/airflow/example_dags/example_dag_decorator.py
[2023-10-10T08:54:14.029+0000] {processor.py:829} INFO - Processing file /home/airflow/.local/lib/python3.8/site-packages/airflow/example_dags/example_dag_decorator.py for tasks to queue
[2023-10-10T08:54:14.031+0000] {logging_mixin.py:151} INFO - [2023-10-10T08:54:14.030+0000] {dagbag.py:539} INFO - Filling up the DagBag from /home/airflow/.local/lib/python3.8/site-packages/airflow/example_dags/example_dag_decorator.py
[2023-10-10T08:54:14.084+0000] {processor.py:839} INFO - DAG(s) dict_keys(['example_dag_decorator']) retrieved from /home/airflow/.local/lib/python3.8/site-packages/airflow/example_dags/example_dag_decorator.py
[2023-10-10T08:54:14.158+0000] {logging_mixin.py:151} INFO - [2023-10-10T08:54:14.158+0000] {security.py:708} INFO - Not syncing DAG-level permissions for DAG 'DAG:example_dag_decorator' as access control is unset.
[2023-10-10T08:54:14.158+0000] {logging_mixin.py:151} INFO - [2023-10-10T08:54:14.158+0000] {dag.py:2915} INFO - Sync 1 DAGs
[2023-10-10T08:54:14.165+0000] {logging_mixin.py:151} INFO - [2023-10-10T08:54:14.165+0000] {dag.py:3696} INFO - Setting next_dagrun for example_dag_decorator to None, run_after=None
[2023-10-10T08:54:14.176+0000] {processor.py:179} INFO - Processing /home/airflow/.local/lib/python3.8/site-packages/airflow/example_dags/example_dag_decorator.py took 0.151 seconds
[2023-10-10T08:54:44.760+0000] {processor.py:157} INFO - Started process (PID=624) to work on /home/airflow/.local/lib/python3.8/site-packages/airflow/example_dags/example_dag_decorator.py
[2023-10-10T08:54:44.761+0000] {processor.py:829} INFO - Processing file /home/airflow/.local/lib/python3.8/site-packages/airflow/example_dags/example_dag_decorator.py for tasks to queue
[2023-10-10T08:54:44.764+0000] {logging_mixin.py:151} INFO - [2023-10-10T08:54:44.763+0000] {dagbag.py:539} INFO - Filling up the DagBag from /home/airflow/.local/lib/python3.8/site-packages/airflow/example_dags/example_dag_decorator.py
[2023-10-10T08:54:44.824+0000] {processor.py:839} INFO - DAG(s) dict_keys(['example_dag_decorator']) retrieved from /home/airflow/.local/lib/python3.8/site-packages/airflow/example_dags/example_dag_decorator.py
[2023-10-10T08:54:44.924+0000] {logging_mixin.py:151} INFO - [2023-10-10T08:54:44.924+0000] {security.py:708} INFO - Not syncing DAG-level permissions for DAG 'DAG:example_dag_decorator' as access control is unset.
[2023-10-10T08:54:44.925+0000] {logging_mixin.py:151} INFO - [2023-10-10T08:54:44.924+0000] {dag.py:2915} INFO - Sync 1 DAGs
[2023-10-10T08:54:44.938+0000] {logging_mixin.py:151} INFO - [2023-10-10T08:54:44.938+0000] {dag.py:3696} INFO - Setting next_dagrun for example_dag_decorator to None, run_after=None
[2023-10-10T08:54:44.951+0000] {processor.py:179} INFO - Processing /home/airflow/.local/lib/python3.8/site-packages/airflow/example_dags/example_dag_decorator.py took 0.195 seconds
[2023-10-10T08:55:15.265+0000] {processor.py:157} INFO - Started process (PID=685) to work on /home/airflow/.local/lib/python3.8/site-packages/airflow/example_dags/example_dag_decorator.py
[2023-10-10T08:55:15.268+0000] {processor.py:829} INFO - Processing file /home/airflow/.local/lib/python3.8/site-packages/airflow/example_dags/example_dag_decorator.py for tasks to queue
[2023-10-10T08:55:15.271+0000] {logging_mixin.py:151} INFO - [2023-10-10T08:55:15.270+0000] {dagbag.py:539} INFO - Filling up the DagBag from /home/airflow/.local/lib/python3.8/site-packages/airflow/example_dags/example_dag_decorator.py
[2023-10-10T08:55:15.330+0000] {processor.py:839} INFO - DAG(s) dict_keys(['example_dag_decorator']) retrieved from /home/airflow/.local/lib/python3.8/site-packages/airflow/example_dags/example_dag_decorator.py
[2023-10-10T08:55:15.422+0000] {logging_mixin.py:151} INFO - [2023-10-10T08:55:15.422+0000] {security.py:708} INFO - Not syncing DAG-level permissions for DAG 'DAG:example_dag_decorator' as access control is unset.
[2023-10-10T08:55:15.423+0000] {logging_mixin.py:151} INFO - [2023-10-10T08:55:15.423+0000] {dag.py:2915} INFO - Sync 1 DAGs
[2023-10-10T08:55:15.433+0000] {logging_mixin.py:151} INFO - [2023-10-10T08:55:15.433+0000] {dag.py:3696} INFO - Setting next_dagrun for example_dag_decorator to None, run_after=None
[2023-10-10T08:55:15.445+0000] {processor.py:179} INFO - Processing /home/airflow/.local/lib/python3.8/site-packages/airflow/example_dags/example_dag_decorator.py took 0.183 seconds
[2023-10-10T08:55:46.100+0000] {processor.py:157} INFO - Started process (PID=745) to work on /home/airflow/.local/lib/python3.8/site-packages/airflow/example_dags/example_dag_decorator.py
[2023-10-10T08:55:46.101+0000] {processor.py:829} INFO - Processing file /home/airflow/.local/lib/python3.8/site-packages/airflow/example_dags/example_dag_decorator.py for tasks to queue
[2023-10-10T08:55:46.103+0000] {logging_mixin.py:151} INFO - [2023-10-10T08:55:46.103+0000] {dagbag.py:539} INFO - Filling up the DagBag from /home/airflow/.local/lib/python3.8/site-packages/airflow/example_dags/example_dag_decorator.py
[2023-10-10T08:55:46.157+0000] {processor.py:839} INFO - DAG(s) dict_keys(['example_dag_decorator']) retrieved from /home/airflow/.local/lib/python3.8/site-packages/airflow/example_dags/example_dag_decorator.py
[2023-10-10T08:55:46.255+0000] {logging_mixin.py:151} INFO - [2023-10-10T08:55:46.255+0000] {security.py:708} INFO - Not syncing DAG-level permissions for DAG 'DAG:example_dag_decorator' as access control is unset.
[2023-10-10T08:55:46.255+0000] {logging_mixin.py:151} INFO - [2023-10-10T08:55:46.255+0000] {dag.py:2915} INFO - Sync 1 DAGs
[2023-10-10T08:55:46.266+0000] {logging_mixin.py:151} INFO - [2023-10-10T08:55:46.266+0000] {dag.py:3696} INFO - Setting next_dagrun for example_dag_decorator to None, run_after=None
[2023-10-10T08:55:46.281+0000] {processor.py:179} INFO - Processing /home/airflow/.local/lib/python3.8/site-packages/airflow/example_dags/example_dag_decorator.py took 0.183 seconds
[2023-10-10T08:56:17.213+0000] {processor.py:157} INFO - Started process (PID=806) to work on /home/airflow/.local/lib/python3.8/site-packages/airflow/example_dags/example_dag_decorator.py
[2023-10-10T08:56:17.214+0000] {processor.py:829} INFO - Processing file /home/airflow/.local/lib/python3.8/site-packages/airflow/example_dags/example_dag_decorator.py for tasks to queue
[2023-10-10T08:56:17.216+0000] {logging_mixin.py:151} INFO - [2023-10-10T08:56:17.216+0000] {dagbag.py:539} INFO - Filling up the DagBag from /home/airflow/.local/lib/python3.8/site-packages/airflow/example_dags/example_dag_decorator.py
[2023-10-10T08:56:17.271+0000] {processor.py:839} INFO - DAG(s) dict_keys(['example_dag_decorator']) retrieved from /home/airflow/.local/lib/python3.8/site-packages/airflow/example_dags/example_dag_decorator.py
[2023-10-10T08:56:17.351+0000] {logging_mixin.py:151} INFO - [2023-10-10T08:56:17.350+0000] {security.py:708} INFO - Not syncing DAG-level permissions for DAG 'DAG:example_dag_decorator' as access control is unset.
[2023-10-10T08:56:17.351+0000] {logging_mixin.py:151} INFO - [2023-10-10T08:56:17.351+0000] {dag.py:2915} INFO - Sync 1 DAGs
[2023-10-10T08:56:17.362+0000] {logging_mixin.py:151} INFO - [2023-10-10T08:56:17.362+0000] {dag.py:3696} INFO - Setting next_dagrun for example_dag_decorator to None, run_after=None
[2023-10-10T08:56:17.375+0000] {processor.py:179} INFO - Processing /home/airflow/.local/lib/python3.8/site-packages/airflow/example_dags/example_dag_decorator.py took 0.165 seconds
[2023-10-10T08:56:48.195+0000] {processor.py:157} INFO - Started process (PID=867) to work on /home/airflow/.local/lib/python3.8/site-packages/airflow/example_dags/example_dag_decorator.py
[2023-10-10T08:56:48.198+0000] {processor.py:829} INFO - Processing file /home/airflow/.local/lib/python3.8/site-packages/airflow/example_dags/example_dag_decorator.py for tasks to queue
[2023-10-10T08:56:48.200+0000] {logging_mixin.py:151} INFO - [2023-10-10T08:56:48.200+0000] {dagbag.py:539} INFO - Filling up the DagBag from /home/airflow/.local/lib/python3.8/site-packages/airflow/example_dags/example_dag_decorator.py
[2023-10-10T08:56:48.260+0000] {processor.py:839} INFO - DAG(s) dict_keys(['example_dag_decorator']) retrieved from /home/airflow/.local/lib/python3.8/site-packages/airflow/example_dags/example_dag_decorator.py
[2023-10-10T08:56:48.341+0000] {logging_mixin.py:151} INFO - [2023-10-10T08:56:48.341+0000] {security.py:708} INFO - Not syncing DAG-level permissions for DAG 'DAG:example_dag_decorator' as access control is unset.
[2023-10-10T08:56:48.342+0000] {logging_mixin.py:151} INFO - [2023-10-10T08:56:48.342+0000] {dag.py:2915} INFO - Sync 1 DAGs
[2023-10-10T08:56:48.358+0000] {logging_mixin.py:151} INFO - [2023-10-10T08:56:48.358+0000] {dag.py:3696} INFO - Setting next_dagrun for example_dag_decorator to None, run_after=None
[2023-10-10T08:56:48.371+0000] {processor.py:179} INFO - Processing /home/airflow/.local/lib/python3.8/site-packages/airflow/example_dags/example_dag_decorator.py took 0.181 seconds
[2023-10-10T08:57:19.171+0000] {processor.py:157} INFO - Started process (PID=928) to work on /home/airflow/.local/lib/python3.8/site-packages/airflow/example_dags/example_dag_decorator.py
[2023-10-10T08:57:19.172+0000] {processor.py:829} INFO - Processing file /home/airflow/.local/lib/python3.8/site-packages/airflow/example_dags/example_dag_decorator.py for tasks to queue
[2023-10-10T08:57:19.174+0000] {logging_mixin.py:151} INFO - [2023-10-10T08:57:19.173+0000] {dagbag.py:539} INFO - Filling up the DagBag from /home/airflow/.local/lib/python3.8/site-packages/airflow/example_dags/example_dag_decorator.py
[2023-10-10T08:57:19.228+0000] {processor.py:839} INFO - DAG(s) dict_keys(['example_dag_decorator']) retrieved from /home/airflow/.local/lib/python3.8/site-packages/airflow/example_dags/example_dag_decorator.py
[2023-10-10T08:57:19.311+0000] {logging_mixin.py:151} INFO - [2023-10-10T08:57:19.311+0000] {security.py:708} INFO - Not syncing DAG-level permissions for DAG 'DAG:example_dag_decorator' as access control is unset.
[2023-10-10T08:57:19.311+0000] {logging_mixin.py:151} INFO - [2023-10-10T08:57:19.311+0000] {dag.py:2915} INFO - Sync 1 DAGs
[2023-10-10T08:57:19.321+0000] {logging_mixin.py:151} INFO - [2023-10-10T08:57:19.321+0000] {dag.py:3696} INFO - Setting next_dagrun for example_dag_decorator to None, run_after=None
[2023-10-10T08:57:19.334+0000] {processor.py:179} INFO - Processing /home/airflow/.local/lib/python3.8/site-packages/airflow/example_dags/example_dag_decorator.py took 0.166 seconds
[2023-10-10T08:57:50.257+0000] {processor.py:157} INFO - Started process (PID=988) to work on /home/airflow/.local/lib/python3.8/site-packages/airflow/example_dags/example_dag_decorator.py
[2023-10-10T08:57:50.258+0000] {processor.py:829} INFO - Processing file /home/airflow/.local/lib/python3.8/site-packages/airflow/example_dags/example_dag_decorator.py for tasks to queue
[2023-10-10T08:57:50.261+0000] {logging_mixin.py:151} INFO - [2023-10-10T08:57:50.261+0000] {dagbag.py:539} INFO - Filling up the DagBag from /home/airflow/.local/lib/python3.8/site-packages/airflow/example_dags/example_dag_decorator.py
[2023-10-10T08:57:50.311+0000] {processor.py:839} INFO - DAG(s) dict_keys(['example_dag_decorator']) retrieved from /home/airflow/.local/lib/python3.8/site-packages/airflow/example_dags/example_dag_decorator.py
[2023-10-10T08:57:50.408+0000] {logging_mixin.py:151} INFO - [2023-10-10T08:57:50.408+0000] {security.py:708} INFO - Not syncing DAG-level permissions for DAG 'DAG:example_dag_decorator' as access control is unset.
[2023-10-10T08:57:50.409+0000] {logging_mixin.py:151} INFO - [2023-10-10T08:57:50.409+0000] {dag.py:2915} INFO - Sync 1 DAGs
[2023-10-10T08:57:50.423+0000] {logging_mixin.py:151} INFO - [2023-10-10T08:57:50.423+0000] {dag.py:3696} INFO - Setting next_dagrun for example_dag_decorator to None, run_after=None
[2023-10-10T08:57:50.443+0000] {processor.py:179} INFO - Processing /home/airflow/.local/lib/python3.8/site-packages/airflow/example_dags/example_dag_decorator.py took 0.190 seconds
[2023-10-10T08:58:21.756+0000] {processor.py:157} INFO - Started process (PID=1049) to work on /home/airflow/.local/lib/python3.8/site-packages/airflow/example_dags/example_dag_decorator.py
[2023-10-10T08:58:21.758+0000] {processor.py:829} INFO - Processing file /home/airflow/.local/lib/python3.8/site-packages/airflow/example_dags/example_dag_decorator.py for tasks to queue
[2023-10-10T08:58:21.760+0000] {logging_mixin.py:151} INFO - [2023-10-10T08:58:21.760+0000] {dagbag.py:539} INFO - Filling up the DagBag from /home/airflow/.local/lib/python3.8/site-packages/airflow/example_dags/example_dag_decorator.py
[2023-10-10T08:58:21.813+0000] {processor.py:839} INFO - DAG(s) dict_keys(['example_dag_decorator']) retrieved from /home/airflow/.local/lib/python3.8/site-packages/airflow/example_dags/example_dag_decorator.py
[2023-10-10T08:58:21.933+0000] {logging_mixin.py:151} INFO - [2023-10-10T08:58:21.932+0000] {security.py:708} INFO - Not syncing DAG-level permissions for DAG 'DAG:example_dag_decorator' as access control is unset.
[2023-10-10T08:58:21.933+0000] {logging_mixin.py:151} INFO - [2023-10-10T08:58:21.933+0000] {dag.py:2915} INFO - Sync 1 DAGs
[2023-10-10T08:58:21.946+0000] {logging_mixin.py:151} INFO - [2023-10-10T08:58:21.945+0000] {dag.py:3696} INFO - Setting next_dagrun for example_dag_decorator to None, run_after=None
[2023-10-10T08:58:21.964+0000] {processor.py:179} INFO - Processing /home/airflow/.local/lib/python3.8/site-packages/airflow/example_dags/example_dag_decorator.py took 0.210 seconds
[2023-10-10T08:58:52.381+0000] {processor.py:157} INFO - Started process (PID=1104) to work on /home/airflow/.local/lib/python3.8/site-packages/airflow/example_dags/example_dag_decorator.py
[2023-10-10T08:58:52.384+0000] {processor.py:829} INFO - Processing file /home/airflow/.local/lib/python3.8/site-packages/airflow/example_dags/example_dag_decorator.py for tasks to queue
[2023-10-10T08:58:52.387+0000] {logging_mixin.py:151} INFO - [2023-10-10T08:58:52.386+0000] {dagbag.py:539} INFO - Filling up the DagBag from /home/airflow/.local/lib/python3.8/site-packages/airflow/example_dags/example_dag_decorator.py
[2023-10-10T08:58:52.471+0000] {processor.py:839} INFO - DAG(s) dict_keys(['example_dag_decorator']) retrieved from /home/airflow/.local/lib/python3.8/site-packages/airflow/example_dags/example_dag_decorator.py
[2023-10-10T08:58:52.590+0000] {logging_mixin.py:151} INFO - [2023-10-10T08:58:52.590+0000] {security.py:708} INFO - Not syncing DAG-level permissions for DAG 'DAG:example_dag_decorator' as access control is unset.
[2023-10-10T08:58:52.590+0000] {logging_mixin.py:151} INFO - [2023-10-10T08:58:52.590+0000] {dag.py:2915} INFO - Sync 1 DAGs
[2023-10-10T08:58:52.597+0000] {logging_mixin.py:151} INFO - [2023-10-10T08:58:52.597+0000] {dag.py:3696} INFO - Setting next_dagrun for example_dag_decorator to None, run_after=None
[2023-10-10T08:58:52.609+0000] {processor.py:179} INFO - Processing /home/airflow/.local/lib/python3.8/site-packages/airflow/example_dags/example_dag_decorator.py took 0.231 seconds
[2023-10-10T08:59:23.160+0000] {processor.py:157} INFO - Started process (PID=1165) to work on /home/airflow/.local/lib/python3.8/site-packages/airflow/example_dags/example_dag_decorator.py
[2023-10-10T08:59:23.161+0000] {processor.py:829} INFO - Processing file /home/airflow/.local/lib/python3.8/site-packages/airflow/example_dags/example_dag_decorator.py for tasks to queue
[2023-10-10T08:59:23.169+0000] {logging_mixin.py:151} INFO - [2023-10-10T08:59:23.169+0000] {dagbag.py:539} INFO - Filling up the DagBag from /home/airflow/.local/lib/python3.8/site-packages/airflow/example_dags/example_dag_decorator.py
[2023-10-10T08:59:23.263+0000] {processor.py:839} INFO - DAG(s) dict_keys(['example_dag_decorator']) retrieved from /home/airflow/.local/lib/python3.8/site-packages/airflow/example_dags/example_dag_decorator.py
[2023-10-10T08:59:23.376+0000] {logging_mixin.py:151} INFO - [2023-10-10T08:59:23.376+0000] {security.py:708} INFO - Not syncing DAG-level permissions for DAG 'DAG:example_dag_decorator' as access control is unset.
[2023-10-10T08:59:23.376+0000] {logging_mixin.py:151} INFO - [2023-10-10T08:59:23.376+0000] {dag.py:2915} INFO - Sync 1 DAGs
[2023-10-10T08:59:23.390+0000] {logging_mixin.py:151} INFO - [2023-10-10T08:59:23.389+0000] {dag.py:3696} INFO - Setting next_dagrun for example_dag_decorator to None, run_after=None
[2023-10-10T08:59:23.407+0000] {processor.py:179} INFO - Processing /home/airflow/.local/lib/python3.8/site-packages/airflow/example_dags/example_dag_decorator.py took 0.250 seconds
[2023-10-10T08:59:54.370+0000] {processor.py:157} INFO - Started process (PID=1226) to work on /home/airflow/.local/lib/python3.8/site-packages/airflow/example_dags/example_dag_decorator.py
[2023-10-10T08:59:54.372+0000] {processor.py:829} INFO - Processing file /home/airflow/.local/lib/python3.8/site-packages/airflow/example_dags/example_dag_decorator.py for tasks to queue
[2023-10-10T08:59:54.374+0000] {logging_mixin.py:151} INFO - [2023-10-10T08:59:54.374+0000] {dagbag.py:539} INFO - Filling up the DagBag from /home/airflow/.local/lib/python3.8/site-packages/airflow/example_dags/example_dag_decorator.py
[2023-10-10T08:59:54.447+0000] {processor.py:839} INFO - DAG(s) dict_keys(['example_dag_decorator']) retrieved from /home/airflow/.local/lib/python3.8/site-packages/airflow/example_dags/example_dag_decorator.py
[2023-10-10T08:59:54.555+0000] {logging_mixin.py:151} INFO - [2023-10-10T08:59:54.554+0000] {security.py:708} INFO - Not syncing DAG-level permissions for DAG 'DAG:example_dag_decorator' as access control is unset.
[2023-10-10T08:59:54.555+0000] {logging_mixin.py:151} INFO - [2023-10-10T08:59:54.555+0000] {dag.py:2915} INFO - Sync 1 DAGs
[2023-10-10T08:59:54.566+0000] {logging_mixin.py:151} INFO - [2023-10-10T08:59:54.566+0000] {dag.py:3696} INFO - Setting next_dagrun for example_dag_decorator to None, run_after=None
[2023-10-10T08:59:54.586+0000] {processor.py:179} INFO - Processing /home/airflow/.local/lib/python3.8/site-packages/airflow/example_dags/example_dag_decorator.py took 0.218 seconds
[2023-10-10T09:00:24.721+0000] {processor.py:157} INFO - Started process (PID=1286) to work on /home/airflow/.local/lib/python3.8/site-packages/airflow/example_dags/example_dag_decorator.py
[2023-10-10T09:00:24.725+0000] {processor.py:829} INFO - Processing file /home/airflow/.local/lib/python3.8/site-packages/airflow/example_dags/example_dag_decorator.py for tasks to queue
[2023-10-10T09:00:24.736+0000] {logging_mixin.py:151} INFO - [2023-10-10T09:00:24.735+0000] {dagbag.py:539} INFO - Filling up the DagBag from /home/airflow/.local/lib/python3.8/site-packages/airflow/example_dags/example_dag_decorator.py
[2023-10-10T09:00:24.831+0000] {processor.py:839} INFO - DAG(s) dict_keys(['example_dag_decorator']) retrieved from /home/airflow/.local/lib/python3.8/site-packages/airflow/example_dags/example_dag_decorator.py
[2023-10-10T09:00:24.945+0000] {logging_mixin.py:151} INFO - [2023-10-10T09:00:24.945+0000] {security.py:708} INFO - Not syncing DAG-level permissions for DAG 'DAG:example_dag_decorator' as access control is unset.
[2023-10-10T09:00:24.945+0000] {logging_mixin.py:151} INFO - [2023-10-10T09:00:24.945+0000] {dag.py:2915} INFO - Sync 1 DAGs
[2023-10-10T09:00:24.956+0000] {logging_mixin.py:151} INFO - [2023-10-10T09:00:24.956+0000] {dag.py:3696} INFO - Setting next_dagrun for example_dag_decorator to None, run_after=None
[2023-10-10T09:00:24.975+0000] {processor.py:179} INFO - Processing /home/airflow/.local/lib/python3.8/site-packages/airflow/example_dags/example_dag_decorator.py took 0.284 seconds
[2023-10-10T09:00:56.011+0000] {processor.py:157} INFO - Started process (PID=1348) to work on /home/airflow/.local/lib/python3.8/site-packages/airflow/example_dags/example_dag_decorator.py
[2023-10-10T09:00:56.013+0000] {processor.py:829} INFO - Processing file /home/airflow/.local/lib/python3.8/site-packages/airflow/example_dags/example_dag_decorator.py for tasks to queue
[2023-10-10T09:00:56.017+0000] {logging_mixin.py:151} INFO - [2023-10-10T09:00:56.017+0000] {dagbag.py:539} INFO - Filling up the DagBag from /home/airflow/.local/lib/python3.8/site-packages/airflow/example_dags/example_dag_decorator.py
[2023-10-10T09:00:56.100+0000] {processor.py:839} INFO - DAG(s) dict_keys(['example_dag_decorator']) retrieved from /home/airflow/.local/lib/python3.8/site-packages/airflow/example_dags/example_dag_decorator.py
[2023-10-10T09:00:56.207+0000] {logging_mixin.py:151} INFO - [2023-10-10T09:00:56.207+0000] {security.py:708} INFO - Not syncing DAG-level permissions for DAG 'DAG:example_dag_decorator' as access control is unset.
[2023-10-10T09:00:56.208+0000] {logging_mixin.py:151} INFO - [2023-10-10T09:00:56.208+0000] {dag.py:2915} INFO - Sync 1 DAGs
[2023-10-10T09:00:56.224+0000] {logging_mixin.py:151} INFO - [2023-10-10T09:00:56.223+0000] {dag.py:3696} INFO - Setting next_dagrun for example_dag_decorator to None, run_after=None
[2023-10-10T09:00:56.241+0000] {processor.py:179} INFO - Processing /home/airflow/.local/lib/python3.8/site-packages/airflow/example_dags/example_dag_decorator.py took 0.236 seconds
[2023-10-10T09:01:26.320+0000] {processor.py:157} INFO - Started process (PID=1408) to work on /home/airflow/.local/lib/python3.8/site-packages/airflow/example_dags/example_dag_decorator.py
[2023-10-10T09:01:26.322+0000] {processor.py:829} INFO - Processing file /home/airflow/.local/lib/python3.8/site-packages/airflow/example_dags/example_dag_decorator.py for tasks to queue
[2023-10-10T09:01:26.326+0000] {logging_mixin.py:151} INFO - [2023-10-10T09:01:26.326+0000] {dagbag.py:539} INFO - Filling up the DagBag from /home/airflow/.local/lib/python3.8/site-packages/airflow/example_dags/example_dag_decorator.py
[2023-10-10T09:01:26.394+0000] {processor.py:839} INFO - DAG(s) dict_keys(['example_dag_decorator']) retrieved from /home/airflow/.local/lib/python3.8/site-packages/airflow/example_dags/example_dag_decorator.py
[2023-10-10T09:01:26.488+0000] {logging_mixin.py:151} INFO - [2023-10-10T09:01:26.488+0000] {security.py:708} INFO - Not syncing DAG-level permissions for DAG 'DAG:example_dag_decorator' as access control is unset.
[2023-10-10T09:01:26.488+0000] {logging_mixin.py:151} INFO - [2023-10-10T09:01:26.488+0000] {dag.py:2915} INFO - Sync 1 DAGs
[2023-10-10T09:01:26.496+0000] {logging_mixin.py:151} INFO - [2023-10-10T09:01:26.496+0000] {dag.py:3696} INFO - Setting next_dagrun for example_dag_decorator to None, run_after=None
[2023-10-10T09:01:26.507+0000] {processor.py:179} INFO - Processing /home/airflow/.local/lib/python3.8/site-packages/airflow/example_dags/example_dag_decorator.py took 0.194 seconds
[2023-10-10T09:01:56.589+0000] {processor.py:157} INFO - Started process (PID=1469) to work on /home/airflow/.local/lib/python3.8/site-packages/airflow/example_dags/example_dag_decorator.py
[2023-10-10T09:01:56.593+0000] {processor.py:829} INFO - Processing file /home/airflow/.local/lib/python3.8/site-packages/airflow/example_dags/example_dag_decorator.py for tasks to queue
[2023-10-10T09:01:56.598+0000] {logging_mixin.py:151} INFO - [2023-10-10T09:01:56.597+0000] {dagbag.py:539} INFO - Filling up the DagBag from /home/airflow/.local/lib/python3.8/site-packages/airflow/example_dags/example_dag_decorator.py
[2023-10-10T09:01:56.691+0000] {processor.py:839} INFO - DAG(s) dict_keys(['example_dag_decorator']) retrieved from /home/airflow/.local/lib/python3.8/site-packages/airflow/example_dags/example_dag_decorator.py
[2023-10-10T09:01:56.793+0000] {logging_mixin.py:151} INFO - [2023-10-10T09:01:56.793+0000] {security.py:708} INFO - Not syncing DAG-level permissions for DAG 'DAG:example_dag_decorator' as access control is unset.
[2023-10-10T09:01:56.793+0000] {logging_mixin.py:151} INFO - [2023-10-10T09:01:56.793+0000] {dag.py:2915} INFO - Sync 1 DAGs
[2023-10-10T09:01:56.801+0000] {logging_mixin.py:151} INFO - [2023-10-10T09:01:56.801+0000] {dag.py:3696} INFO - Setting next_dagrun for example_dag_decorator to None, run_after=None
[2023-10-10T09:01:56.812+0000] {processor.py:179} INFO - Processing /home/airflow/.local/lib/python3.8/site-packages/airflow/example_dags/example_dag_decorator.py took 0.234 seconds
[2023-10-10T09:02:26.984+0000] {processor.py:157} INFO - Started process (PID=1531) to work on /home/airflow/.local/lib/python3.8/site-packages/airflow/example_dags/example_dag_decorator.py
[2023-10-10T09:02:26.985+0000] {processor.py:829} INFO - Processing file /home/airflow/.local/lib/python3.8/site-packages/airflow/example_dags/example_dag_decorator.py for tasks to queue
[2023-10-10T09:02:26.987+0000] {logging_mixin.py:151} INFO - [2023-10-10T09:02:26.987+0000] {dagbag.py:539} INFO - Filling up the DagBag from /home/airflow/.local/lib/python3.8/site-packages/airflow/example_dags/example_dag_decorator.py
[2023-10-10T09:02:27.053+0000] {processor.py:839} INFO - DAG(s) dict_keys(['example_dag_decorator']) retrieved from /home/airflow/.local/lib/python3.8/site-packages/airflow/example_dags/example_dag_decorator.py
[2023-10-10T09:02:27.176+0000] {logging_mixin.py:151} INFO - [2023-10-10T09:02:27.176+0000] {security.py:708} INFO - Not syncing DAG-level permissions for DAG 'DAG:example_dag_decorator' as access control is unset.
[2023-10-10T09:02:27.176+0000] {logging_mixin.py:151} INFO - [2023-10-10T09:02:27.176+0000] {dag.py:2915} INFO - Sync 1 DAGs
[2023-10-10T09:02:27.185+0000] {logging_mixin.py:151} INFO - [2023-10-10T09:02:27.185+0000] {dag.py:3696} INFO - Setting next_dagrun for example_dag_decorator to None, run_after=None
[2023-10-10T09:02:27.208+0000] {processor.py:179} INFO - Processing /home/airflow/.local/lib/python3.8/site-packages/airflow/example_dags/example_dag_decorator.py took 0.227 seconds
[2023-10-10T09:02:57.281+0000] {processor.py:157} INFO - Started process (PID=1592) to work on /home/airflow/.local/lib/python3.8/site-packages/airflow/example_dags/example_dag_decorator.py
[2023-10-10T09:02:57.292+0000] {processor.py:829} INFO - Processing file /home/airflow/.local/lib/python3.8/site-packages/airflow/example_dags/example_dag_decorator.py for tasks to queue
[2023-10-10T09:02:57.295+0000] {logging_mixin.py:151} INFO - [2023-10-10T09:02:57.295+0000] {dagbag.py:539} INFO - Filling up the DagBag from /home/airflow/.local/lib/python3.8/site-packages/airflow/example_dags/example_dag_decorator.py
[2023-10-10T09:02:57.378+0000] {processor.py:839} INFO - DAG(s) dict_keys(['example_dag_decorator']) retrieved from /home/airflow/.local/lib/python3.8/site-packages/airflow/example_dags/example_dag_decorator.py
[2023-10-10T09:02:57.457+0000] {logging_mixin.py:151} INFO - [2023-10-10T09:02:57.457+0000] {security.py:708} INFO - Not syncing DAG-level permissions for DAG 'DAG:example_dag_decorator' as access control is unset.
[2023-10-10T09:02:57.457+0000] {logging_mixin.py:151} INFO - [2023-10-10T09:02:57.457+0000] {dag.py:2915} INFO - Sync 1 DAGs
[2023-10-10T09:02:57.464+0000] {logging_mixin.py:151} INFO - [2023-10-10T09:02:57.464+0000] {dag.py:3696} INFO - Setting next_dagrun for example_dag_decorator to None, run_after=None
[2023-10-10T09:02:57.475+0000] {processor.py:179} INFO - Processing /home/airflow/.local/lib/python3.8/site-packages/airflow/example_dags/example_dag_decorator.py took 0.198 seconds
[2023-10-10T09:03:27.584+0000] {processor.py:157} INFO - Started process (PID=1653) to work on /home/airflow/.local/lib/python3.8/site-packages/airflow/example_dags/example_dag_decorator.py
[2023-10-10T09:03:27.585+0000] {processor.py:829} INFO - Processing file /home/airflow/.local/lib/python3.8/site-packages/airflow/example_dags/example_dag_decorator.py for tasks to queue
[2023-10-10T09:03:27.587+0000] {logging_mixin.py:151} INFO - [2023-10-10T09:03:27.586+0000] {dagbag.py:539} INFO - Filling up the DagBag from /home/airflow/.local/lib/python3.8/site-packages/airflow/example_dags/example_dag_decorator.py
[2023-10-10T09:03:27.652+0000] {processor.py:839} INFO - DAG(s) dict_keys(['example_dag_decorator']) retrieved from /home/airflow/.local/lib/python3.8/site-packages/airflow/example_dags/example_dag_decorator.py
[2023-10-10T09:03:27.732+0000] {logging_mixin.py:151} INFO - [2023-10-10T09:03:27.732+0000] {security.py:708} INFO - Not syncing DAG-level permissions for DAG 'DAG:example_dag_decorator' as access control is unset.
[2023-10-10T09:03:27.732+0000] {logging_mixin.py:151} INFO - [2023-10-10T09:03:27.732+0000] {dag.py:2915} INFO - Sync 1 DAGs
[2023-10-10T09:03:27.740+0000] {logging_mixin.py:151} INFO - [2023-10-10T09:03:27.740+0000] {dag.py:3696} INFO - Setting next_dagrun for example_dag_decorator to None, run_after=None
[2023-10-10T09:03:27.751+0000] {processor.py:179} INFO - Processing /home/airflow/.local/lib/python3.8/site-packages/airflow/example_dags/example_dag_decorator.py took 0.170 seconds
[2023-10-10T09:03:58.280+0000] {processor.py:157} INFO - Started process (PID=1714) to work on /home/airflow/.local/lib/python3.8/site-packages/airflow/example_dags/example_dag_decorator.py
[2023-10-10T09:03:58.282+0000] {processor.py:829} INFO - Processing file /home/airflow/.local/lib/python3.8/site-packages/airflow/example_dags/example_dag_decorator.py for tasks to queue
[2023-10-10T09:03:58.286+0000] {logging_mixin.py:151} INFO - [2023-10-10T09:03:58.285+0000] {dagbag.py:539} INFO - Filling up the DagBag from /home/airflow/.local/lib/python3.8/site-packages/airflow/example_dags/example_dag_decorator.py
[2023-10-10T09:03:58.373+0000] {processor.py:839} INFO - DAG(s) dict_keys(['example_dag_decorator']) retrieved from /home/airflow/.local/lib/python3.8/site-packages/airflow/example_dags/example_dag_decorator.py
[2023-10-10T09:03:58.477+0000] {logging_mixin.py:151} INFO - [2023-10-10T09:03:58.477+0000] {security.py:708} INFO - Not syncing DAG-level permissions for DAG 'DAG:example_dag_decorator' as access control is unset.
[2023-10-10T09:03:58.478+0000] {logging_mixin.py:151} INFO - [2023-10-10T09:03:58.478+0000] {dag.py:2915} INFO - Sync 1 DAGs
[2023-10-10T09:03:58.492+0000] {logging_mixin.py:151} INFO - [2023-10-10T09:03:58.492+0000] {dag.py:3696} INFO - Setting next_dagrun for example_dag_decorator to None, run_after=None
[2023-10-10T09:03:58.508+0000] {processor.py:179} INFO - Processing /home/airflow/.local/lib/python3.8/site-packages/airflow/example_dags/example_dag_decorator.py took 0.234 seconds
[2023-10-10T09:04:28.953+0000] {processor.py:157} INFO - Started process (PID=1775) to work on /home/airflow/.local/lib/python3.8/site-packages/airflow/example_dags/example_dag_decorator.py
[2023-10-10T09:04:28.954+0000] {processor.py:829} INFO - Processing file /home/airflow/.local/lib/python3.8/site-packages/airflow/example_dags/example_dag_decorator.py for tasks to queue
[2023-10-10T09:04:28.957+0000] {logging_mixin.py:151} INFO - [2023-10-10T09:04:28.957+0000] {dagbag.py:539} INFO - Filling up the DagBag from /home/airflow/.local/lib/python3.8/site-packages/airflow/example_dags/example_dag_decorator.py
[2023-10-10T09:04:29.028+0000] {processor.py:839} INFO - DAG(s) dict_keys(['example_dag_decorator']) retrieved from /home/airflow/.local/lib/python3.8/site-packages/airflow/example_dags/example_dag_decorator.py
[2023-10-10T09:04:29.061+0000] {logging_mixin.py:151} INFO - [2023-10-10T09:04:29.061+0000] {dag.py:2915} INFO - Sync 1 DAGs
[2023-10-10T09:04:29.078+0000] {logging_mixin.py:151} INFO - [2023-10-10T09:04:29.078+0000] {dag.py:3696} INFO - Setting next_dagrun for example_dag_decorator to None, run_after=None
[2023-10-10T09:04:29.093+0000] {processor.py:179} INFO - Processing /home/airflow/.local/lib/python3.8/site-packages/airflow/example_dags/example_dag_decorator.py took 0.147 seconds
[2023-10-10T09:04:59.484+0000] {processor.py:157} INFO - Started process (PID=1835) to work on /home/airflow/.local/lib/python3.8/site-packages/airflow/example_dags/example_dag_decorator.py
[2023-10-10T09:04:59.486+0000] {processor.py:829} INFO - Processing file /home/airflow/.local/lib/python3.8/site-packages/airflow/example_dags/example_dag_decorator.py for tasks to queue
[2023-10-10T09:04:59.490+0000] {logging_mixin.py:151} INFO - [2023-10-10T09:04:59.490+0000] {dagbag.py:539} INFO - Filling up the DagBag from /home/airflow/.local/lib/python3.8/site-packages/airflow/example_dags/example_dag_decorator.py
[2023-10-10T09:04:59.560+0000] {processor.py:839} INFO - DAG(s) dict_keys(['example_dag_decorator']) retrieved from /home/airflow/.local/lib/python3.8/site-packages/airflow/example_dags/example_dag_decorator.py
[2023-10-10T09:04:59.633+0000] {logging_mixin.py:151} INFO - [2023-10-10T09:04:59.633+0000] {security.py:708} INFO - Not syncing DAG-level permissions for DAG 'DAG:example_dag_decorator' as access control is unset.
[2023-10-10T09:04:59.633+0000] {logging_mixin.py:151} INFO - [2023-10-10T09:04:59.633+0000] {dag.py:2915} INFO - Sync 1 DAGs
[2023-10-10T09:04:59.641+0000] {logging_mixin.py:151} INFO - [2023-10-10T09:04:59.641+0000] {dag.py:3696} INFO - Setting next_dagrun for example_dag_decorator to None, run_after=None
[2023-10-10T09:04:59.653+0000] {processor.py:179} INFO - Processing /home/airflow/.local/lib/python3.8/site-packages/airflow/example_dags/example_dag_decorator.py took 0.179 seconds
[2023-10-10T09:05:30.051+0000] {processor.py:157} INFO - Started process (PID=1895) to work on /home/airflow/.local/lib/python3.8/site-packages/airflow/example_dags/example_dag_decorator.py
[2023-10-10T09:05:30.053+0000] {processor.py:829} INFO - Processing file /home/airflow/.local/lib/python3.8/site-packages/airflow/example_dags/example_dag_decorator.py for tasks to queue
[2023-10-10T09:05:30.056+0000] {logging_mixin.py:151} INFO - [2023-10-10T09:05:30.056+0000] {dagbag.py:539} INFO - Filling up the DagBag from /home/airflow/.local/lib/python3.8/site-packages/airflow/example_dags/example_dag_decorator.py
[2023-10-10T09:05:30.145+0000] {processor.py:839} INFO - DAG(s) dict_keys(['example_dag_decorator']) retrieved from /home/airflow/.local/lib/python3.8/site-packages/airflow/example_dags/example_dag_decorator.py
[2023-10-10T09:05:30.179+0000] {logging_mixin.py:151} INFO - [2023-10-10T09:05:30.179+0000] {dag.py:2915} INFO - Sync 1 DAGs
[2023-10-10T09:05:30.194+0000] {logging_mixin.py:151} INFO - [2023-10-10T09:05:30.194+0000] {dag.py:3696} INFO - Setting next_dagrun for example_dag_decorator to None, run_after=None
[2023-10-10T09:05:30.210+0000] {processor.py:179} INFO - Processing /home/airflow/.local/lib/python3.8/site-packages/airflow/example_dags/example_dag_decorator.py took 0.164 seconds
[2023-10-10T09:06:00.520+0000] {processor.py:157} INFO - Started process (PID=1956) to work on /home/airflow/.local/lib/python3.8/site-packages/airflow/example_dags/example_dag_decorator.py
[2023-10-10T09:06:00.523+0000] {processor.py:829} INFO - Processing file /home/airflow/.local/lib/python3.8/site-packages/airflow/example_dags/example_dag_decorator.py for tasks to queue
[2023-10-10T09:06:00.531+0000] {logging_mixin.py:151} INFO - [2023-10-10T09:06:00.530+0000] {dagbag.py:539} INFO - Filling up the DagBag from /home/airflow/.local/lib/python3.8/site-packages/airflow/example_dags/example_dag_decorator.py
[2023-10-10T09:06:00.614+0000] {processor.py:839} INFO - DAG(s) dict_keys(['example_dag_decorator']) retrieved from /home/airflow/.local/lib/python3.8/site-packages/airflow/example_dags/example_dag_decorator.py
[2023-10-10T09:06:00.638+0000] {logging_mixin.py:151} INFO - [2023-10-10T09:06:00.637+0000] {dag.py:2915} INFO - Sync 1 DAGs
[2023-10-10T09:06:00.650+0000] {logging_mixin.py:151} INFO - [2023-10-10T09:06:00.650+0000] {dag.py:3696} INFO - Setting next_dagrun for example_dag_decorator to None, run_after=None
[2023-10-10T09:06:00.662+0000] {processor.py:179} INFO - Processing /home/airflow/.local/lib/python3.8/site-packages/airflow/example_dags/example_dag_decorator.py took 0.151 seconds
[2023-10-10T09:06:31.211+0000] {processor.py:157} INFO - Started process (PID=2017) to work on /home/airflow/.local/lib/python3.8/site-packages/airflow/example_dags/example_dag_decorator.py
[2023-10-10T09:06:31.215+0000] {processor.py:829} INFO - Processing file /home/airflow/.local/lib/python3.8/site-packages/airflow/example_dags/example_dag_decorator.py for tasks to queue
[2023-10-10T09:06:31.220+0000] {logging_mixin.py:151} INFO - [2023-10-10T09:06:31.219+0000] {dagbag.py:539} INFO - Filling up the DagBag from /home/airflow/.local/lib/python3.8/site-packages/airflow/example_dags/example_dag_decorator.py
[2023-10-10T09:06:31.298+0000] {processor.py:839} INFO - DAG(s) dict_keys(['example_dag_decorator']) retrieved from /home/airflow/.local/lib/python3.8/site-packages/airflow/example_dags/example_dag_decorator.py
[2023-10-10T09:06:31.325+0000] {logging_mixin.py:151} INFO - [2023-10-10T09:06:31.325+0000] {dag.py:2915} INFO - Sync 1 DAGs
[2023-10-10T09:06:31.338+0000] {logging_mixin.py:151} INFO - [2023-10-10T09:06:31.338+0000] {dag.py:3696} INFO - Setting next_dagrun for example_dag_decorator to None, run_after=None
[2023-10-10T09:06:31.352+0000] {processor.py:179} INFO - Processing /home/airflow/.local/lib/python3.8/site-packages/airflow/example_dags/example_dag_decorator.py took 0.153 seconds
[2023-10-10T09:07:01.586+0000] {processor.py:157} INFO - Started process (PID=2078) to work on /home/airflow/.local/lib/python3.8/site-packages/airflow/example_dags/example_dag_decorator.py
[2023-10-10T09:07:01.591+0000] {processor.py:829} INFO - Processing file /home/airflow/.local/lib/python3.8/site-packages/airflow/example_dags/example_dag_decorator.py for tasks to queue
[2023-10-10T09:07:01.594+0000] {logging_mixin.py:151} INFO - [2023-10-10T09:07:01.594+0000] {dagbag.py:539} INFO - Filling up the DagBag from /home/airflow/.local/lib/python3.8/site-packages/airflow/example_dags/example_dag_decorator.py
[2023-10-10T09:07:01.679+0000] {processor.py:839} INFO - DAG(s) dict_keys(['example_dag_decorator']) retrieved from /home/airflow/.local/lib/python3.8/site-packages/airflow/example_dags/example_dag_decorator.py
[2023-10-10T09:07:01.707+0000] {logging_mixin.py:151} INFO - [2023-10-10T09:07:01.707+0000] {dag.py:2915} INFO - Sync 1 DAGs
[2023-10-10T09:07:01.717+0000] {logging_mixin.py:151} INFO - [2023-10-10T09:07:01.717+0000] {dag.py:3696} INFO - Setting next_dagrun for example_dag_decorator to None, run_after=None
[2023-10-10T09:07:01.736+0000] {processor.py:179} INFO - Processing /home/airflow/.local/lib/python3.8/site-packages/airflow/example_dags/example_dag_decorator.py took 0.165 seconds
[2023-10-10T09:07:32.423+0000] {processor.py:157} INFO - Started process (PID=2139) to work on /home/airflow/.local/lib/python3.8/site-packages/airflow/example_dags/example_dag_decorator.py
[2023-10-10T09:07:32.426+0000] {processor.py:829} INFO - Processing file /home/airflow/.local/lib/python3.8/site-packages/airflow/example_dags/example_dag_decorator.py for tasks to queue
[2023-10-10T09:07:32.431+0000] {logging_mixin.py:151} INFO - [2023-10-10T09:07:32.430+0000] {dagbag.py:539} INFO - Filling up the DagBag from /home/airflow/.local/lib/python3.8/site-packages/airflow/example_dags/example_dag_decorator.py
[2023-10-10T09:07:32.521+0000] {processor.py:839} INFO - DAG(s) dict_keys(['example_dag_decorator']) retrieved from /home/airflow/.local/lib/python3.8/site-packages/airflow/example_dags/example_dag_decorator.py
[2023-10-10T09:07:32.545+0000] {logging_mixin.py:151} INFO - [2023-10-10T09:07:32.545+0000] {dag.py:2915} INFO - Sync 1 DAGs
[2023-10-10T09:07:32.561+0000] {logging_mixin.py:151} INFO - [2023-10-10T09:07:32.560+0000] {dag.py:3696} INFO - Setting next_dagrun for example_dag_decorator to None, run_after=None
[2023-10-10T09:07:32.574+0000] {processor.py:179} INFO - Processing /home/airflow/.local/lib/python3.8/site-packages/airflow/example_dags/example_dag_decorator.py took 0.169 seconds
[2023-10-10T09:08:02.732+0000] {processor.py:157} INFO - Started process (PID=2200) to work on /home/airflow/.local/lib/python3.8/site-packages/airflow/example_dags/example_dag_decorator.py
[2023-10-10T09:08:02.734+0000] {processor.py:829} INFO - Processing file /home/airflow/.local/lib/python3.8/site-packages/airflow/example_dags/example_dag_decorator.py for tasks to queue
[2023-10-10T09:08:02.739+0000] {logging_mixin.py:151} INFO - [2023-10-10T09:08:02.739+0000] {dagbag.py:539} INFO - Filling up the DagBag from /home/airflow/.local/lib/python3.8/site-packages/airflow/example_dags/example_dag_decorator.py
[2023-10-10T09:08:02.833+0000] {processor.py:839} INFO - DAG(s) dict_keys(['example_dag_decorator']) retrieved from /home/airflow/.local/lib/python3.8/site-packages/airflow/example_dags/example_dag_decorator.py
[2023-10-10T09:08:02.935+0000] {logging_mixin.py:151} INFO - [2023-10-10T09:08:02.935+0000] {security.py:708} INFO - Not syncing DAG-level permissions for DAG 'DAG:example_dag_decorator' as access control is unset.
[2023-10-10T09:08:02.935+0000] {logging_mixin.py:151} INFO - [2023-10-10T09:08:02.935+0000] {dag.py:2915} INFO - Sync 1 DAGs
[2023-10-10T09:08:02.944+0000] {logging_mixin.py:151} INFO - [2023-10-10T09:08:02.944+0000] {dag.py:3696} INFO - Setting next_dagrun for example_dag_decorator to None, run_after=None
[2023-10-10T09:08:02.973+0000] {processor.py:179} INFO - Processing /home/airflow/.local/lib/python3.8/site-packages/airflow/example_dags/example_dag_decorator.py took 0.255 seconds
[2023-10-10T09:08:33.172+0000] {processor.py:157} INFO - Started process (PID=2261) to work on /home/airflow/.local/lib/python3.8/site-packages/airflow/example_dags/example_dag_decorator.py
[2023-10-10T09:08:33.174+0000] {processor.py:829} INFO - Processing file /home/airflow/.local/lib/python3.8/site-packages/airflow/example_dags/example_dag_decorator.py for tasks to queue
[2023-10-10T09:08:33.178+0000] {logging_mixin.py:151} INFO - [2023-10-10T09:08:33.177+0000] {dagbag.py:539} INFO - Filling up the DagBag from /home/airflow/.local/lib/python3.8/site-packages/airflow/example_dags/example_dag_decorator.py
[2023-10-10T09:08:33.265+0000] {processor.py:839} INFO - DAG(s) dict_keys(['example_dag_decorator']) retrieved from /home/airflow/.local/lib/python3.8/site-packages/airflow/example_dags/example_dag_decorator.py
[2023-10-10T09:08:33.351+0000] {logging_mixin.py:151} INFO - [2023-10-10T09:08:33.351+0000] {security.py:708} INFO - Not syncing DAG-level permissions for DAG 'DAG:example_dag_decorator' as access control is unset.
[2023-10-10T09:08:33.351+0000] {logging_mixin.py:151} INFO - [2023-10-10T09:08:33.351+0000] {dag.py:2915} INFO - Sync 1 DAGs
[2023-10-10T09:08:33.359+0000] {logging_mixin.py:151} INFO - [2023-10-10T09:08:33.359+0000] {dag.py:3696} INFO - Setting next_dagrun for example_dag_decorator to None, run_after=None
[2023-10-10T09:08:33.370+0000] {processor.py:179} INFO - Processing /home/airflow/.local/lib/python3.8/site-packages/airflow/example_dags/example_dag_decorator.py took 0.217 seconds
[2023-10-10T09:09:03.536+0000] {processor.py:157} INFO - Started process (PID=2322) to work on /home/airflow/.local/lib/python3.8/site-packages/airflow/example_dags/example_dag_decorator.py
[2023-10-10T09:09:03.539+0000] {processor.py:829} INFO - Processing file /home/airflow/.local/lib/python3.8/site-packages/airflow/example_dags/example_dag_decorator.py for tasks to queue
[2023-10-10T09:09:03.543+0000] {logging_mixin.py:151} INFO - [2023-10-10T09:09:03.542+0000] {dagbag.py:539} INFO - Filling up the DagBag from /home/airflow/.local/lib/python3.8/site-packages/airflow/example_dags/example_dag_decorator.py
[2023-10-10T09:09:03.629+0000] {processor.py:839} INFO - DAG(s) dict_keys(['example_dag_decorator']) retrieved from /home/airflow/.local/lib/python3.8/site-packages/airflow/example_dags/example_dag_decorator.py
[2023-10-10T09:09:03.714+0000] {logging_mixin.py:151} INFO - [2023-10-10T09:09:03.714+0000] {security.py:708} INFO - Not syncing DAG-level permissions for DAG 'DAG:example_dag_decorator' as access control is unset.
[2023-10-10T09:09:03.715+0000] {logging_mixin.py:151} INFO - [2023-10-10T09:09:03.715+0000] {dag.py:2915} INFO - Sync 1 DAGs
[2023-10-10T09:09:03.723+0000] {logging_mixin.py:151} INFO - [2023-10-10T09:09:03.723+0000] {dag.py:3696} INFO - Setting next_dagrun for example_dag_decorator to None, run_after=None
[2023-10-10T09:09:03.735+0000] {processor.py:179} INFO - Processing /home/airflow/.local/lib/python3.8/site-packages/airflow/example_dags/example_dag_decorator.py took 0.217 seconds
[2023-10-10T09:09:34.020+0000] {processor.py:157} INFO - Started process (PID=2383) to work on /home/airflow/.local/lib/python3.8/site-packages/airflow/example_dags/example_dag_decorator.py
[2023-10-10T09:09:34.023+0000] {processor.py:829} INFO - Processing file /home/airflow/.local/lib/python3.8/site-packages/airflow/example_dags/example_dag_decorator.py for tasks to queue
[2023-10-10T09:09:34.028+0000] {logging_mixin.py:151} INFO - [2023-10-10T09:09:34.027+0000] {dagbag.py:539} INFO - Filling up the DagBag from /home/airflow/.local/lib/python3.8/site-packages/airflow/example_dags/example_dag_decorator.py
[2023-10-10T09:09:34.116+0000] {processor.py:839} INFO - DAG(s) dict_keys(['example_dag_decorator']) retrieved from /home/airflow/.local/lib/python3.8/site-packages/airflow/example_dags/example_dag_decorator.py
[2023-10-10T09:09:34.144+0000] {logging_mixin.py:151} INFO - [2023-10-10T09:09:34.144+0000] {dag.py:2915} INFO - Sync 1 DAGs
[2023-10-10T09:09:34.154+0000] {logging_mixin.py:151} INFO - [2023-10-10T09:09:34.153+0000] {dag.py:3696} INFO - Setting next_dagrun for example_dag_decorator to None, run_after=None
[2023-10-10T09:09:34.167+0000] {processor.py:179} INFO - Processing /home/airflow/.local/lib/python3.8/site-packages/airflow/example_dags/example_dag_decorator.py took 0.156 seconds
[2023-10-10T09:10:04.457+0000] {processor.py:157} INFO - Started process (PID=2444) to work on /home/airflow/.local/lib/python3.8/site-packages/airflow/example_dags/example_dag_decorator.py
[2023-10-10T09:10:04.458+0000] {processor.py:829} INFO - Processing file /home/airflow/.local/lib/python3.8/site-packages/airflow/example_dags/example_dag_decorator.py for tasks to queue
[2023-10-10T09:10:04.463+0000] {logging_mixin.py:151} INFO - [2023-10-10T09:10:04.463+0000] {dagbag.py:539} INFO - Filling up the DagBag from /home/airflow/.local/lib/python3.8/site-packages/airflow/example_dags/example_dag_decorator.py
[2023-10-10T09:10:04.550+0000] {processor.py:839} INFO - DAG(s) dict_keys(['example_dag_decorator']) retrieved from /home/airflow/.local/lib/python3.8/site-packages/airflow/example_dags/example_dag_decorator.py
[2023-10-10T09:10:04.639+0000] {logging_mixin.py:151} INFO - [2023-10-10T09:10:04.638+0000] {security.py:708} INFO - Not syncing DAG-level permissions for DAG 'DAG:example_dag_decorator' as access control is unset.
[2023-10-10T09:10:04.639+0000] {logging_mixin.py:151} INFO - [2023-10-10T09:10:04.639+0000] {dag.py:2915} INFO - Sync 1 DAGs
[2023-10-10T09:10:04.646+0000] {logging_mixin.py:151} INFO - [2023-10-10T09:10:04.646+0000] {dag.py:3696} INFO - Setting next_dagrun for example_dag_decorator to None, run_after=None
[2023-10-10T09:10:04.660+0000] {processor.py:179} INFO - Processing /home/airflow/.local/lib/python3.8/site-packages/airflow/example_dags/example_dag_decorator.py took 0.212 seconds
[2023-10-10T09:10:35.290+0000] {processor.py:157} INFO - Started process (PID=2505) to work on /home/airflow/.local/lib/python3.8/site-packages/airflow/example_dags/example_dag_decorator.py
[2023-10-10T09:10:35.292+0000] {processor.py:829} INFO - Processing file /home/airflow/.local/lib/python3.8/site-packages/airflow/example_dags/example_dag_decorator.py for tasks to queue
[2023-10-10T09:10:35.300+0000] {logging_mixin.py:151} INFO - [2023-10-10T09:10:35.299+0000] {dagbag.py:539} INFO - Filling up the DagBag from /home/airflow/.local/lib/python3.8/site-packages/airflow/example_dags/example_dag_decorator.py
[2023-10-10T09:10:35.383+0000] {processor.py:839} INFO - DAG(s) dict_keys(['example_dag_decorator']) retrieved from /home/airflow/.local/lib/python3.8/site-packages/airflow/example_dags/example_dag_decorator.py
[2023-10-10T09:10:35.474+0000] {logging_mixin.py:151} INFO - [2023-10-10T09:10:35.474+0000] {security.py:708} INFO - Not syncing DAG-level permissions for DAG 'DAG:example_dag_decorator' as access control is unset.
[2023-10-10T09:10:35.474+0000] {logging_mixin.py:151} INFO - [2023-10-10T09:10:35.474+0000] {dag.py:2915} INFO - Sync 1 DAGs
[2023-10-10T09:10:35.486+0000] {logging_mixin.py:151} INFO - [2023-10-10T09:10:35.486+0000] {dag.py:3696} INFO - Setting next_dagrun for example_dag_decorator to None, run_after=None
[2023-10-10T09:10:35.498+0000] {processor.py:179} INFO - Processing /home/airflow/.local/lib/python3.8/site-packages/airflow/example_dags/example_dag_decorator.py took 0.227 seconds
[2023-10-10T09:11:05.738+0000] {processor.py:157} INFO - Started process (PID=2566) to work on /home/airflow/.local/lib/python3.8/site-packages/airflow/example_dags/example_dag_decorator.py
[2023-10-10T09:11:05.740+0000] {processor.py:829} INFO - Processing file /home/airflow/.local/lib/python3.8/site-packages/airflow/example_dags/example_dag_decorator.py for tasks to queue
[2023-10-10T09:11:05.745+0000] {logging_mixin.py:151} INFO - [2023-10-10T09:11:05.745+0000] {dagbag.py:539} INFO - Filling up the DagBag from /home/airflow/.local/lib/python3.8/site-packages/airflow/example_dags/example_dag_decorator.py
[2023-10-10T09:11:05.833+0000] {processor.py:839} INFO - DAG(s) dict_keys(['example_dag_decorator']) retrieved from /home/airflow/.local/lib/python3.8/site-packages/airflow/example_dags/example_dag_decorator.py
[2023-10-10T09:11:05.860+0000] {logging_mixin.py:151} INFO - [2023-10-10T09:11:05.859+0000] {dag.py:2915} INFO - Sync 1 DAGs
[2023-10-10T09:11:05.870+0000] {logging_mixin.py:151} INFO - [2023-10-10T09:11:05.870+0000] {dag.py:3696} INFO - Setting next_dagrun for example_dag_decorator to None, run_after=None
[2023-10-10T09:11:05.881+0000] {processor.py:179} INFO - Processing /home/airflow/.local/lib/python3.8/site-packages/airflow/example_dags/example_dag_decorator.py took 0.164 seconds
[2023-10-10T09:11:36.074+0000] {processor.py:157} INFO - Started process (PID=2627) to work on /home/airflow/.local/lib/python3.8/site-packages/airflow/example_dags/example_dag_decorator.py
[2023-10-10T09:11:36.076+0000] {processor.py:829} INFO - Processing file /home/airflow/.local/lib/python3.8/site-packages/airflow/example_dags/example_dag_decorator.py for tasks to queue
[2023-10-10T09:11:36.081+0000] {logging_mixin.py:151} INFO - [2023-10-10T09:11:36.080+0000] {dagbag.py:539} INFO - Filling up the DagBag from /home/airflow/.local/lib/python3.8/site-packages/airflow/example_dags/example_dag_decorator.py
[2023-10-10T09:11:36.155+0000] {processor.py:839} INFO - DAG(s) dict_keys(['example_dag_decorator']) retrieved from /home/airflow/.local/lib/python3.8/site-packages/airflow/example_dags/example_dag_decorator.py
[2023-10-10T09:11:36.175+0000] {logging_mixin.py:151} INFO - [2023-10-10T09:11:36.174+0000] {dag.py:2915} INFO - Sync 1 DAGs
[2023-10-10T09:11:36.184+0000] {logging_mixin.py:151} INFO - [2023-10-10T09:11:36.184+0000] {dag.py:3696} INFO - Setting next_dagrun for example_dag_decorator to None, run_after=None
[2023-10-10T09:11:36.195+0000] {processor.py:179} INFO - Processing /home/airflow/.local/lib/python3.8/site-packages/airflow/example_dags/example_dag_decorator.py took 0.129 seconds
[2023-10-10T09:12:06.805+0000] {processor.py:157} INFO - Started process (PID=2688) to work on /home/airflow/.local/lib/python3.8/site-packages/airflow/example_dags/example_dag_decorator.py
[2023-10-10T09:12:06.808+0000] {processor.py:829} INFO - Processing file /home/airflow/.local/lib/python3.8/site-packages/airflow/example_dags/example_dag_decorator.py for tasks to queue
[2023-10-10T09:12:06.812+0000] {logging_mixin.py:151} INFO - [2023-10-10T09:12:06.812+0000] {dagbag.py:539} INFO - Filling up the DagBag from /home/airflow/.local/lib/python3.8/site-packages/airflow/example_dags/example_dag_decorator.py
[2023-10-10T09:12:06.886+0000] {processor.py:839} INFO - DAG(s) dict_keys(['example_dag_decorator']) retrieved from /home/airflow/.local/lib/python3.8/site-packages/airflow/example_dags/example_dag_decorator.py
[2023-10-10T09:12:06.919+0000] {logging_mixin.py:151} INFO - [2023-10-10T09:12:06.918+0000] {dag.py:2915} INFO - Sync 1 DAGs
[2023-10-10T09:12:06.929+0000] {logging_mixin.py:151} INFO - [2023-10-10T09:12:06.929+0000] {dag.py:3696} INFO - Setting next_dagrun for example_dag_decorator to None, run_after=None
[2023-10-10T09:12:06.940+0000] {processor.py:179} INFO - Processing /home/airflow/.local/lib/python3.8/site-packages/airflow/example_dags/example_dag_decorator.py took 0.152 seconds
[2023-10-10T09:12:37.340+0000] {processor.py:157} INFO - Started process (PID=2749) to work on /home/airflow/.local/lib/python3.8/site-packages/airflow/example_dags/example_dag_decorator.py
[2023-10-10T09:12:37.343+0000] {processor.py:829} INFO - Processing file /home/airflow/.local/lib/python3.8/site-packages/airflow/example_dags/example_dag_decorator.py for tasks to queue
[2023-10-10T09:12:37.349+0000] {logging_mixin.py:151} INFO - [2023-10-10T09:12:37.348+0000] {dagbag.py:539} INFO - Filling up the DagBag from /home/airflow/.local/lib/python3.8/site-packages/airflow/example_dags/example_dag_decorator.py
[2023-10-10T09:12:37.404+0000] {processor.py:839} INFO - DAG(s) dict_keys(['example_dag_decorator']) retrieved from /home/airflow/.local/lib/python3.8/site-packages/airflow/example_dags/example_dag_decorator.py
[2023-10-10T09:12:37.473+0000] {logging_mixin.py:151} INFO - [2023-10-10T09:12:37.473+0000] {security.py:708} INFO - Not syncing DAG-level permissions for DAG 'DAG:example_dag_decorator' as access control is unset.
[2023-10-10T09:12:37.473+0000] {logging_mixin.py:151} INFO - [2023-10-10T09:12:37.473+0000] {dag.py:2915} INFO - Sync 1 DAGs
[2023-10-10T09:12:37.482+0000] {logging_mixin.py:151} INFO - [2023-10-10T09:12:37.481+0000] {dag.py:3696} INFO - Setting next_dagrun for example_dag_decorator to None, run_after=None
[2023-10-10T09:12:37.496+0000] {processor.py:179} INFO - Processing /home/airflow/.local/lib/python3.8/site-packages/airflow/example_dags/example_dag_decorator.py took 0.166 seconds
[2023-10-10T09:13:08.192+0000] {processor.py:157} INFO - Started process (PID=2812) to work on /home/airflow/.local/lib/python3.8/site-packages/airflow/example_dags/example_dag_decorator.py
[2023-10-10T09:13:08.193+0000] {processor.py:829} INFO - Processing file /home/airflow/.local/lib/python3.8/site-packages/airflow/example_dags/example_dag_decorator.py for tasks to queue
[2023-10-10T09:13:08.194+0000] {logging_mixin.py:151} INFO - [2023-10-10T09:13:08.194+0000] {dagbag.py:539} INFO - Filling up the DagBag from /home/airflow/.local/lib/python3.8/site-packages/airflow/example_dags/example_dag_decorator.py
[2023-10-10T09:13:08.265+0000] {processor.py:839} INFO - DAG(s) dict_keys(['example_dag_decorator']) retrieved from /home/airflow/.local/lib/python3.8/site-packages/airflow/example_dags/example_dag_decorator.py
[2023-10-10T09:13:08.422+0000] {logging_mixin.py:151} INFO - [2023-10-10T09:13:08.418+0000] {security.py:708} INFO - Not syncing DAG-level permissions for DAG 'DAG:example_dag_decorator' as access control is unset.
[2023-10-10T09:13:08.431+0000] {logging_mixin.py:151} INFO - [2023-10-10T09:13:08.430+0000] {dag.py:2915} INFO - Sync 1 DAGs
[2023-10-10T09:13:08.449+0000] {logging_mixin.py:151} INFO - [2023-10-10T09:13:08.449+0000] {dag.py:3696} INFO - Setting next_dagrun for example_dag_decorator to None, run_after=None
[2023-10-10T09:13:08.485+0000] {processor.py:179} INFO - Processing /home/airflow/.local/lib/python3.8/site-packages/airflow/example_dags/example_dag_decorator.py took 0.297 seconds
[2023-10-10T09:13:39.042+0000] {processor.py:157} INFO - Started process (PID=2871) to work on /home/airflow/.local/lib/python3.8/site-packages/airflow/example_dags/example_dag_decorator.py
[2023-10-10T09:13:39.044+0000] {processor.py:829} INFO - Processing file /home/airflow/.local/lib/python3.8/site-packages/airflow/example_dags/example_dag_decorator.py for tasks to queue
[2023-10-10T09:13:39.047+0000] {logging_mixin.py:151} INFO - [2023-10-10T09:13:39.046+0000] {dagbag.py:539} INFO - Filling up the DagBag from /home/airflow/.local/lib/python3.8/site-packages/airflow/example_dags/example_dag_decorator.py
[2023-10-10T09:13:39.113+0000] {processor.py:839} INFO - DAG(s) dict_keys(['example_dag_decorator']) retrieved from /home/airflow/.local/lib/python3.8/site-packages/airflow/example_dags/example_dag_decorator.py
[2023-10-10T09:13:39.188+0000] {logging_mixin.py:151} INFO - [2023-10-10T09:13:39.188+0000] {security.py:708} INFO - Not syncing DAG-level permissions for DAG 'DAG:example_dag_decorator' as access control is unset.
[2023-10-10T09:13:39.188+0000] {logging_mixin.py:151} INFO - [2023-10-10T09:13:39.188+0000] {dag.py:2915} INFO - Sync 1 DAGs
[2023-10-10T09:13:39.196+0000] {logging_mixin.py:151} INFO - [2023-10-10T09:13:39.196+0000] {dag.py:3696} INFO - Setting next_dagrun for example_dag_decorator to None, run_after=None
[2023-10-10T09:13:39.208+0000] {processor.py:179} INFO - Processing /home/airflow/.local/lib/python3.8/site-packages/airflow/example_dags/example_dag_decorator.py took 0.177 seconds
[2023-10-10T09:14:09.559+0000] {processor.py:157} INFO - Started process (PID=2932) to work on /home/airflow/.local/lib/python3.8/site-packages/airflow/example_dags/example_dag_decorator.py
[2023-10-10T09:14:09.562+0000] {processor.py:829} INFO - Processing file /home/airflow/.local/lib/python3.8/site-packages/airflow/example_dags/example_dag_decorator.py for tasks to queue
[2023-10-10T09:14:09.567+0000] {logging_mixin.py:151} INFO - [2023-10-10T09:14:09.566+0000] {dagbag.py:539} INFO - Filling up the DagBag from /home/airflow/.local/lib/python3.8/site-packages/airflow/example_dags/example_dag_decorator.py
[2023-10-10T09:14:09.634+0000] {processor.py:839} INFO - DAG(s) dict_keys(['example_dag_decorator']) retrieved from /home/airflow/.local/lib/python3.8/site-packages/airflow/example_dags/example_dag_decorator.py
[2023-10-10T09:14:09.652+0000] {logging_mixin.py:151} INFO - [2023-10-10T09:14:09.652+0000] {dag.py:2915} INFO - Sync 1 DAGs
[2023-10-10T09:14:09.660+0000] {logging_mixin.py:151} INFO - [2023-10-10T09:14:09.660+0000] {dag.py:3696} INFO - Setting next_dagrun for example_dag_decorator to None, run_after=None
[2023-10-10T09:14:09.674+0000] {processor.py:179} INFO - Processing /home/airflow/.local/lib/python3.8/site-packages/airflow/example_dags/example_dag_decorator.py took 0.127 seconds
[2023-10-10T09:14:40.285+0000] {processor.py:157} INFO - Started process (PID=2993) to work on /home/airflow/.local/lib/python3.8/site-packages/airflow/example_dags/example_dag_decorator.py
[2023-10-10T09:14:40.288+0000] {processor.py:829} INFO - Processing file /home/airflow/.local/lib/python3.8/site-packages/airflow/example_dags/example_dag_decorator.py for tasks to queue
[2023-10-10T09:14:40.293+0000] {logging_mixin.py:151} INFO - [2023-10-10T09:14:40.292+0000] {dagbag.py:539} INFO - Filling up the DagBag from /home/airflow/.local/lib/python3.8/site-packages/airflow/example_dags/example_dag_decorator.py
[2023-10-10T09:14:40.371+0000] {processor.py:839} INFO - DAG(s) dict_keys(['example_dag_decorator']) retrieved from /home/airflow/.local/lib/python3.8/site-packages/airflow/example_dags/example_dag_decorator.py
[2023-10-10T09:14:40.448+0000] {logging_mixin.py:151} INFO - [2023-10-10T09:14:40.448+0000] {security.py:708} INFO - Not syncing DAG-level permissions for DAG 'DAG:example_dag_decorator' as access control is unset.
[2023-10-10T09:14:40.449+0000] {logging_mixin.py:151} INFO - [2023-10-10T09:14:40.449+0000] {dag.py:2915} INFO - Sync 1 DAGs
[2023-10-10T09:14:40.456+0000] {logging_mixin.py:151} INFO - [2023-10-10T09:14:40.456+0000] {dag.py:3696} INFO - Setting next_dagrun for example_dag_decorator to None, run_after=None
[2023-10-10T09:14:40.472+0000] {processor.py:179} INFO - Processing /home/airflow/.local/lib/python3.8/site-packages/airflow/example_dags/example_dag_decorator.py took 0.202 seconds
[2023-10-10T09:15:10.564+0000] {processor.py:157} INFO - Started process (PID=3055) to work on /home/airflow/.local/lib/python3.8/site-packages/airflow/example_dags/example_dag_decorator.py
[2023-10-10T09:15:10.565+0000] {processor.py:829} INFO - Processing file /home/airflow/.local/lib/python3.8/site-packages/airflow/example_dags/example_dag_decorator.py for tasks to queue
[2023-10-10T09:15:10.566+0000] {logging_mixin.py:151} INFO - [2023-10-10T09:15:10.566+0000] {dagbag.py:539} INFO - Filling up the DagBag from /home/airflow/.local/lib/python3.8/site-packages/airflow/example_dags/example_dag_decorator.py
[2023-10-10T09:15:10.628+0000] {processor.py:839} INFO - DAG(s) dict_keys(['example_dag_decorator']) retrieved from /home/airflow/.local/lib/python3.8/site-packages/airflow/example_dags/example_dag_decorator.py
[2023-10-10T09:15:10.713+0000] {logging_mixin.py:151} INFO - [2023-10-10T09:15:10.713+0000] {security.py:708} INFO - Not syncing DAG-level permissions for DAG 'DAG:example_dag_decorator' as access control is unset.
[2023-10-10T09:15:10.713+0000] {logging_mixin.py:151} INFO - [2023-10-10T09:15:10.713+0000] {dag.py:2915} INFO - Sync 1 DAGs
[2023-10-10T09:15:10.721+0000] {logging_mixin.py:151} INFO - [2023-10-10T09:15:10.721+0000] {dag.py:3696} INFO - Setting next_dagrun for example_dag_decorator to None, run_after=None
[2023-10-10T09:15:10.734+0000] {processor.py:179} INFO - Processing /home/airflow/.local/lib/python3.8/site-packages/airflow/example_dags/example_dag_decorator.py took 0.173 seconds
[2023-10-10T09:15:41.206+0000] {processor.py:157} INFO - Started process (PID=3113) to work on /home/airflow/.local/lib/python3.8/site-packages/airflow/example_dags/example_dag_decorator.py
[2023-10-10T09:15:41.209+0000] {processor.py:829} INFO - Processing file /home/airflow/.local/lib/python3.8/site-packages/airflow/example_dags/example_dag_decorator.py for tasks to queue
[2023-10-10T09:15:41.221+0000] {logging_mixin.py:151} INFO - [2023-10-10T09:15:41.220+0000] {dagbag.py:539} INFO - Filling up the DagBag from /home/airflow/.local/lib/python3.8/site-packages/airflow/example_dags/example_dag_decorator.py
[2023-10-10T09:15:41.309+0000] {processor.py:839} INFO - DAG(s) dict_keys(['example_dag_decorator']) retrieved from /home/airflow/.local/lib/python3.8/site-packages/airflow/example_dags/example_dag_decorator.py
[2023-10-10T09:15:41.396+0000] {logging_mixin.py:151} INFO - [2023-10-10T09:15:41.396+0000] {security.py:708} INFO - Not syncing DAG-level permissions for DAG 'DAG:example_dag_decorator' as access control is unset.
[2023-10-10T09:15:41.396+0000] {logging_mixin.py:151} INFO - [2023-10-10T09:15:41.396+0000] {dag.py:2915} INFO - Sync 1 DAGs
[2023-10-10T09:15:41.406+0000] {logging_mixin.py:151} INFO - [2023-10-10T09:15:41.405+0000] {dag.py:3696} INFO - Setting next_dagrun for example_dag_decorator to None, run_after=None
[2023-10-10T09:15:41.419+0000] {processor.py:179} INFO - Processing /home/airflow/.local/lib/python3.8/site-packages/airflow/example_dags/example_dag_decorator.py took 0.222 seconds
[2023-10-10T09:16:11.966+0000] {processor.py:157} INFO - Started process (PID=3174) to work on /home/airflow/.local/lib/python3.8/site-packages/airflow/example_dags/example_dag_decorator.py
[2023-10-10T09:16:11.975+0000] {processor.py:829} INFO - Processing file /home/airflow/.local/lib/python3.8/site-packages/airflow/example_dags/example_dag_decorator.py for tasks to queue
[2023-10-10T09:16:11.981+0000] {logging_mixin.py:151} INFO - [2023-10-10T09:16:11.980+0000] {dagbag.py:539} INFO - Filling up the DagBag from /home/airflow/.local/lib/python3.8/site-packages/airflow/example_dags/example_dag_decorator.py
[2023-10-10T09:16:12.143+0000] {processor.py:839} INFO - DAG(s) dict_keys(['example_dag_decorator']) retrieved from /home/airflow/.local/lib/python3.8/site-packages/airflow/example_dags/example_dag_decorator.py
[2023-10-10T09:16:12.482+0000] {logging_mixin.py:151} INFO - [2023-10-10T09:16:12.482+0000] {security.py:708} INFO - Not syncing DAG-level permissions for DAG 'DAG:example_dag_decorator' as access control is unset.
[2023-10-10T09:16:12.483+0000] {logging_mixin.py:151} INFO - [2023-10-10T09:16:12.483+0000] {dag.py:2915} INFO - Sync 1 DAGs
[2023-10-10T09:16:12.493+0000] {logging_mixin.py:151} INFO - [2023-10-10T09:16:12.493+0000] {dag.py:3696} INFO - Setting next_dagrun for example_dag_decorator to None, run_after=None
[2023-10-10T09:16:12.510+0000] {processor.py:179} INFO - Processing /home/airflow/.local/lib/python3.8/site-packages/airflow/example_dags/example_dag_decorator.py took 0.552 seconds
[2023-10-10T09:16:42.894+0000] {processor.py:157} INFO - Started process (PID=3229) to work on /home/airflow/.local/lib/python3.8/site-packages/airflow/example_dags/example_dag_decorator.py
[2023-10-10T09:16:42.896+0000] {processor.py:829} INFO - Processing file /home/airflow/.local/lib/python3.8/site-packages/airflow/example_dags/example_dag_decorator.py for tasks to queue
[2023-10-10T09:16:42.899+0000] {logging_mixin.py:151} INFO - [2023-10-10T09:16:42.898+0000] {dagbag.py:539} INFO - Filling up the DagBag from /home/airflow/.local/lib/python3.8/site-packages/airflow/example_dags/example_dag_decorator.py
[2023-10-10T09:16:42.984+0000] {processor.py:839} INFO - DAG(s) dict_keys(['example_dag_decorator']) retrieved from /home/airflow/.local/lib/python3.8/site-packages/airflow/example_dags/example_dag_decorator.py
[2023-10-10T09:16:43.289+0000] {logging_mixin.py:151} INFO - [2023-10-10T09:16:43.288+0000] {security.py:708} INFO - Not syncing DAG-level permissions for DAG 'DAG:example_dag_decorator' as access control is unset.
[2023-10-10T09:16:43.291+0000] {logging_mixin.py:151} INFO - [2023-10-10T09:16:43.291+0000] {dag.py:2915} INFO - Sync 1 DAGs
[2023-10-10T09:16:43.314+0000] {logging_mixin.py:151} INFO - [2023-10-10T09:16:43.314+0000] {dag.py:3696} INFO - Setting next_dagrun for example_dag_decorator to None, run_after=None
[2023-10-10T09:16:43.345+0000] {processor.py:179} INFO - Processing /home/airflow/.local/lib/python3.8/site-packages/airflow/example_dags/example_dag_decorator.py took 0.459 seconds
[2023-10-10T09:17:13.483+0000] {processor.py:157} INFO - Started process (PID=3289) to work on /home/airflow/.local/lib/python3.8/site-packages/airflow/example_dags/example_dag_decorator.py
[2023-10-10T09:17:13.488+0000] {processor.py:829} INFO - Processing file /home/airflow/.local/lib/python3.8/site-packages/airflow/example_dags/example_dag_decorator.py for tasks to queue
[2023-10-10T09:17:13.500+0000] {logging_mixin.py:151} INFO - [2023-10-10T09:17:13.499+0000] {dagbag.py:539} INFO - Filling up the DagBag from /home/airflow/.local/lib/python3.8/site-packages/airflow/example_dags/example_dag_decorator.py
[2023-10-10T09:17:13.614+0000] {processor.py:839} INFO - DAG(s) dict_keys(['example_dag_decorator']) retrieved from /home/airflow/.local/lib/python3.8/site-packages/airflow/example_dags/example_dag_decorator.py
[2023-10-10T09:17:13.910+0000] {logging_mixin.py:151} INFO - [2023-10-10T09:17:13.910+0000] {security.py:708} INFO - Not syncing DAG-level permissions for DAG 'DAG:example_dag_decorator' as access control is unset.
[2023-10-10T09:17:13.910+0000] {logging_mixin.py:151} INFO - [2023-10-10T09:17:13.910+0000] {dag.py:2915} INFO - Sync 1 DAGs
[2023-10-10T09:17:13.920+0000] {logging_mixin.py:151} INFO - [2023-10-10T09:17:13.920+0000] {dag.py:3696} INFO - Setting next_dagrun for example_dag_decorator to None, run_after=None
[2023-10-10T09:17:13.932+0000] {processor.py:179} INFO - Processing /home/airflow/.local/lib/python3.8/site-packages/airflow/example_dags/example_dag_decorator.py took 0.464 seconds
[2023-10-10T09:17:44.867+0000] {processor.py:157} INFO - Started process (PID=3349) to work on /home/airflow/.local/lib/python3.8/site-packages/airflow/example_dags/example_dag_decorator.py
[2023-10-10T09:17:44.870+0000] {processor.py:829} INFO - Processing file /home/airflow/.local/lib/python3.8/site-packages/airflow/example_dags/example_dag_decorator.py for tasks to queue
[2023-10-10T09:17:44.876+0000] {logging_mixin.py:151} INFO - [2023-10-10T09:17:44.875+0000] {dagbag.py:539} INFO - Filling up the DagBag from /home/airflow/.local/lib/python3.8/site-packages/airflow/example_dags/example_dag_decorator.py
[2023-10-10T09:17:44.958+0000] {processor.py:839} INFO - DAG(s) dict_keys(['example_dag_decorator']) retrieved from /home/airflow/.local/lib/python3.8/site-packages/airflow/example_dags/example_dag_decorator.py
[2023-10-10T09:17:45.208+0000] {logging_mixin.py:151} INFO - [2023-10-10T09:17:45.208+0000] {security.py:708} INFO - Not syncing DAG-level permissions for DAG 'DAG:example_dag_decorator' as access control is unset.
[2023-10-10T09:17:45.208+0000] {logging_mixin.py:151} INFO - [2023-10-10T09:17:45.208+0000] {dag.py:2915} INFO - Sync 1 DAGs
[2023-10-10T09:17:45.215+0000] {logging_mixin.py:151} INFO - [2023-10-10T09:17:45.215+0000] {dag.py:3696} INFO - Setting next_dagrun for example_dag_decorator to None, run_after=None
[2023-10-10T09:17:45.225+0000] {processor.py:179} INFO - Processing /home/airflow/.local/lib/python3.8/site-packages/airflow/example_dags/example_dag_decorator.py took 0.374 seconds
[2023-10-10T09:18:15.588+0000] {processor.py:157} INFO - Started process (PID=3413) to work on /home/airflow/.local/lib/python3.8/site-packages/airflow/example_dags/example_dag_decorator.py
[2023-10-10T09:18:15.589+0000] {processor.py:829} INFO - Processing file /home/airflow/.local/lib/python3.8/site-packages/airflow/example_dags/example_dag_decorator.py for tasks to queue
[2023-10-10T09:18:15.591+0000] {logging_mixin.py:151} INFO - [2023-10-10T09:18:15.591+0000] {dagbag.py:539} INFO - Filling up the DagBag from /home/airflow/.local/lib/python3.8/site-packages/airflow/example_dags/example_dag_decorator.py
[2023-10-10T09:18:15.667+0000] {processor.py:839} INFO - DAG(s) dict_keys(['example_dag_decorator']) retrieved from /home/airflow/.local/lib/python3.8/site-packages/airflow/example_dags/example_dag_decorator.py
[2023-10-10T09:18:15.960+0000] {logging_mixin.py:151} INFO - [2023-10-10T09:18:15.960+0000] {security.py:708} INFO - Not syncing DAG-level permissions for DAG 'DAG:example_dag_decorator' as access control is unset.
[2023-10-10T09:18:15.960+0000] {logging_mixin.py:151} INFO - [2023-10-10T09:18:15.960+0000] {dag.py:2915} INFO - Sync 1 DAGs
[2023-10-10T09:18:15.970+0000] {logging_mixin.py:151} INFO - [2023-10-10T09:18:15.969+0000] {dag.py:3696} INFO - Setting next_dagrun for example_dag_decorator to None, run_after=None
[2023-10-10T09:18:15.992+0000] {processor.py:179} INFO - Processing /home/airflow/.local/lib/python3.8/site-packages/airflow/example_dags/example_dag_decorator.py took 0.407 seconds
[2023-10-10T09:18:46.174+0000] {processor.py:157} INFO - Started process (PID=3483) to work on /home/airflow/.local/lib/python3.8/site-packages/airflow/example_dags/example_dag_decorator.py
[2023-10-10T09:18:46.174+0000] {processor.py:829} INFO - Processing file /home/airflow/.local/lib/python3.8/site-packages/airflow/example_dags/example_dag_decorator.py for tasks to queue
[2023-10-10T09:18:46.176+0000] {logging_mixin.py:151} INFO - [2023-10-10T09:18:46.176+0000] {dagbag.py:539} INFO - Filling up the DagBag from /home/airflow/.local/lib/python3.8/site-packages/airflow/example_dags/example_dag_decorator.py
[2023-10-10T09:18:46.231+0000] {processor.py:839} INFO - DAG(s) dict_keys(['example_dag_decorator']) retrieved from /home/airflow/.local/lib/python3.8/site-packages/airflow/example_dags/example_dag_decorator.py
[2023-10-10T09:18:46.451+0000] {logging_mixin.py:151} INFO - [2023-10-10T09:18:46.451+0000] {security.py:708} INFO - Not syncing DAG-level permissions for DAG 'DAG:example_dag_decorator' as access control is unset.
[2023-10-10T09:18:46.453+0000] {logging_mixin.py:151} INFO - [2023-10-10T09:18:46.452+0000] {dag.py:2915} INFO - Sync 1 DAGs
[2023-10-10T09:18:46.459+0000] {logging_mixin.py:151} INFO - [2023-10-10T09:18:46.459+0000] {dag.py:3696} INFO - Setting next_dagrun for example_dag_decorator to None, run_after=None
[2023-10-10T09:18:46.469+0000] {processor.py:179} INFO - Processing /home/airflow/.local/lib/python3.8/site-packages/airflow/example_dags/example_dag_decorator.py took 0.298 seconds
[2023-10-10T09:19:17.484+0000] {processor.py:157} INFO - Started process (PID=3546) to work on /home/airflow/.local/lib/python3.8/site-packages/airflow/example_dags/example_dag_decorator.py
[2023-10-10T09:19:17.486+0000] {processor.py:829} INFO - Processing file /home/airflow/.local/lib/python3.8/site-packages/airflow/example_dags/example_dag_decorator.py for tasks to queue
[2023-10-10T09:19:17.490+0000] {logging_mixin.py:151} INFO - [2023-10-10T09:19:17.489+0000] {dagbag.py:539} INFO - Filling up the DagBag from /home/airflow/.local/lib/python3.8/site-packages/airflow/example_dags/example_dag_decorator.py
[2023-10-10T09:19:17.575+0000] {processor.py:839} INFO - DAG(s) dict_keys(['example_dag_decorator']) retrieved from /home/airflow/.local/lib/python3.8/site-packages/airflow/example_dags/example_dag_decorator.py
[2023-10-10T09:19:17.802+0000] {logging_mixin.py:151} INFO - [2023-10-10T09:19:17.802+0000] {security.py:708} INFO - Not syncing DAG-level permissions for DAG 'DAG:example_dag_decorator' as access control is unset.
[2023-10-10T09:19:17.803+0000] {logging_mixin.py:151} INFO - [2023-10-10T09:19:17.803+0000] {dag.py:2915} INFO - Sync 1 DAGs
[2023-10-10T09:19:17.809+0000] {logging_mixin.py:151} INFO - [2023-10-10T09:19:17.808+0000] {dag.py:3696} INFO - Setting next_dagrun for example_dag_decorator to None, run_after=None
[2023-10-10T09:19:17.818+0000] {processor.py:179} INFO - Processing /home/airflow/.local/lib/python3.8/site-packages/airflow/example_dags/example_dag_decorator.py took 0.340 seconds
[2023-10-10T09:19:47.948+0000] {processor.py:157} INFO - Started process (PID=3609) to work on /home/airflow/.local/lib/python3.8/site-packages/airflow/example_dags/example_dag_decorator.py
[2023-10-10T09:19:47.950+0000] {processor.py:829} INFO - Processing file /home/airflow/.local/lib/python3.8/site-packages/airflow/example_dags/example_dag_decorator.py for tasks to queue
[2023-10-10T09:19:47.952+0000] {logging_mixin.py:151} INFO - [2023-10-10T09:19:47.952+0000] {dagbag.py:539} INFO - Filling up the DagBag from /home/airflow/.local/lib/python3.8/site-packages/airflow/example_dags/example_dag_decorator.py
[2023-10-10T09:19:48.036+0000] {processor.py:839} INFO - DAG(s) dict_keys(['example_dag_decorator']) retrieved from /home/airflow/.local/lib/python3.8/site-packages/airflow/example_dags/example_dag_decorator.py
[2023-10-10T09:19:48.276+0000] {logging_mixin.py:151} INFO - [2023-10-10T09:19:48.276+0000] {security.py:708} INFO - Not syncing DAG-level permissions for DAG 'DAG:example_dag_decorator' as access control is unset.
[2023-10-10T09:19:48.277+0000] {logging_mixin.py:151} INFO - [2023-10-10T09:19:48.277+0000] {dag.py:2915} INFO - Sync 1 DAGs
[2023-10-10T09:19:48.284+0000] {logging_mixin.py:151} INFO - [2023-10-10T09:19:48.284+0000] {dag.py:3696} INFO - Setting next_dagrun for example_dag_decorator to None, run_after=None
[2023-10-10T09:19:48.294+0000] {processor.py:179} INFO - Processing /home/airflow/.local/lib/python3.8/site-packages/airflow/example_dags/example_dag_decorator.py took 0.348 seconds
