[2023-10-10T08:50:14.478+0000] {processor.py:157} INFO - Started process (PID=82) to work on /home/airflow/.local/lib/python3.8/site-packages/airflow/example_dags/example_latest_only.py
[2023-10-10T08:50:14.515+0000] {processor.py:829} INFO - Processing file /home/airflow/.local/lib/python3.8/site-packages/airflow/example_dags/example_latest_only.py for tasks to queue
[2023-10-10T08:50:14.617+0000] {logging_mixin.py:151} INFO - [2023-10-10T08:50:14.593+0000] {dagbag.py:539} INFO - Filling up the DagBag from /home/airflow/.local/lib/python3.8/site-packages/airflow/example_dags/example_latest_only.py
[2023-10-10T08:50:14.803+0000] {processor.py:839} INFO - DAG(s) dict_keys(['latest_only']) retrieved from /home/airflow/.local/lib/python3.8/site-packages/airflow/example_dags/example_latest_only.py
[2023-10-10T08:50:15.019+0000] {logging_mixin.py:151} INFO - [2023-10-10T08:50:15.018+0000] {dag.py:2915} INFO - Sync 1 DAGs
[2023-10-10T08:50:15.494+0000] {logging_mixin.py:151} INFO - [2023-10-10T08:50:15.492+0000] {dag.py:3696} INFO - Setting next_dagrun for latest_only to 2023-10-10T04:50:15.486552+00:00, run_after=2023-10-10T08:50:15.486552+00:00
[2023-10-10T08:50:15.786+0000] {processor.py:179} INFO - Processing /home/airflow/.local/lib/python3.8/site-packages/airflow/example_dags/example_latest_only.py took 1.365 seconds
[2023-10-10T08:50:46.165+0000] {processor.py:157} INFO - Started process (PID=142) to work on /home/airflow/.local/lib/python3.8/site-packages/airflow/example_dags/example_latest_only.py
[2023-10-10T08:50:46.167+0000] {processor.py:829} INFO - Processing file /home/airflow/.local/lib/python3.8/site-packages/airflow/example_dags/example_latest_only.py for tasks to queue
[2023-10-10T08:50:46.171+0000] {logging_mixin.py:151} INFO - [2023-10-10T08:50:46.170+0000] {dagbag.py:539} INFO - Filling up the DagBag from /home/airflow/.local/lib/python3.8/site-packages/airflow/example_dags/example_latest_only.py
[2023-10-10T08:50:46.189+0000] {processor.py:839} INFO - DAG(s) dict_keys(['latest_only']) retrieved from /home/airflow/.local/lib/python3.8/site-packages/airflow/example_dags/example_latest_only.py
[2023-10-10T08:50:46.271+0000] {logging_mixin.py:151} INFO - [2023-10-10T08:50:46.271+0000] {dag.py:2915} INFO - Sync 1 DAGs
[2023-10-10T08:50:46.296+0000] {logging_mixin.py:151} INFO - [2023-10-10T08:50:46.296+0000] {dag.py:3696} INFO - Setting next_dagrun for latest_only to 2023-10-10T04:50:46.295444+00:00, run_after=2023-10-10T08:50:46.295444+00:00
[2023-10-10T08:50:46.317+0000] {processor.py:179} INFO - Processing /home/airflow/.local/lib/python3.8/site-packages/airflow/example_dags/example_latest_only.py took 0.162 seconds
[2023-10-10T08:51:16.865+0000] {processor.py:157} INFO - Started process (PID=203) to work on /home/airflow/.local/lib/python3.8/site-packages/airflow/example_dags/example_latest_only.py
[2023-10-10T08:51:16.867+0000] {processor.py:829} INFO - Processing file /home/airflow/.local/lib/python3.8/site-packages/airflow/example_dags/example_latest_only.py for tasks to queue
[2023-10-10T08:51:16.873+0000] {logging_mixin.py:151} INFO - [2023-10-10T08:51:16.872+0000] {dagbag.py:539} INFO - Filling up the DagBag from /home/airflow/.local/lib/python3.8/site-packages/airflow/example_dags/example_latest_only.py
[2023-10-10T08:51:16.882+0000] {processor.py:839} INFO - DAG(s) dict_keys(['latest_only']) retrieved from /home/airflow/.local/lib/python3.8/site-packages/airflow/example_dags/example_latest_only.py
[2023-10-10T08:51:16.918+0000] {logging_mixin.py:151} INFO - [2023-10-10T08:51:16.918+0000] {dag.py:2915} INFO - Sync 1 DAGs
[2023-10-10T08:51:16.973+0000] {logging_mixin.py:151} INFO - [2023-10-10T08:51:16.973+0000] {dag.py:3696} INFO - Setting next_dagrun for latest_only to 2023-10-10T04:51:16.972773+00:00, run_after=2023-10-10T08:51:16.972773+00:00
[2023-10-10T08:51:16.999+0000] {processor.py:179} INFO - Processing /home/airflow/.local/lib/python3.8/site-packages/airflow/example_dags/example_latest_only.py took 0.145 seconds
[2023-10-10T08:51:47.286+0000] {processor.py:157} INFO - Started process (PID=264) to work on /home/airflow/.local/lib/python3.8/site-packages/airflow/example_dags/example_latest_only.py
[2023-10-10T08:51:47.288+0000] {processor.py:829} INFO - Processing file /home/airflow/.local/lib/python3.8/site-packages/airflow/example_dags/example_latest_only.py for tasks to queue
[2023-10-10T08:51:47.292+0000] {logging_mixin.py:151} INFO - [2023-10-10T08:51:47.292+0000] {dagbag.py:539} INFO - Filling up the DagBag from /home/airflow/.local/lib/python3.8/site-packages/airflow/example_dags/example_latest_only.py
[2023-10-10T08:51:47.296+0000] {processor.py:839} INFO - DAG(s) dict_keys(['latest_only']) retrieved from /home/airflow/.local/lib/python3.8/site-packages/airflow/example_dags/example_latest_only.py
[2023-10-10T08:51:47.327+0000] {logging_mixin.py:151} INFO - [2023-10-10T08:51:47.327+0000] {dag.py:2915} INFO - Sync 1 DAGs
[2023-10-10T08:51:47.347+0000] {logging_mixin.py:151} INFO - [2023-10-10T08:51:47.347+0000] {dag.py:3696} INFO - Setting next_dagrun for latest_only to 2023-10-10T04:51:47.346796+00:00, run_after=2023-10-10T08:51:47.346796+00:00
[2023-10-10T08:51:47.374+0000] {processor.py:179} INFO - Processing /home/airflow/.local/lib/python3.8/site-packages/airflow/example_dags/example_latest_only.py took 0.093 seconds
[2023-10-10T08:52:17.668+0000] {processor.py:157} INFO - Started process (PID=325) to work on /home/airflow/.local/lib/python3.8/site-packages/airflow/example_dags/example_latest_only.py
[2023-10-10T08:52:17.670+0000] {processor.py:829} INFO - Processing file /home/airflow/.local/lib/python3.8/site-packages/airflow/example_dags/example_latest_only.py for tasks to queue
[2023-10-10T08:52:17.674+0000] {logging_mixin.py:151} INFO - [2023-10-10T08:52:17.673+0000] {dagbag.py:539} INFO - Filling up the DagBag from /home/airflow/.local/lib/python3.8/site-packages/airflow/example_dags/example_latest_only.py
[2023-10-10T08:52:17.683+0000] {processor.py:839} INFO - DAG(s) dict_keys(['latest_only']) retrieved from /home/airflow/.local/lib/python3.8/site-packages/airflow/example_dags/example_latest_only.py
[2023-10-10T08:52:17.710+0000] {logging_mixin.py:151} INFO - [2023-10-10T08:52:17.710+0000] {dag.py:2915} INFO - Sync 1 DAGs
[2023-10-10T08:52:17.732+0000] {logging_mixin.py:151} INFO - [2023-10-10T08:52:17.731+0000] {dag.py:3696} INFO - Setting next_dagrun for latest_only to 2023-10-10T04:52:17.731614+00:00, run_after=2023-10-10T08:52:17.731614+00:00
[2023-10-10T08:52:17.742+0000] {processor.py:179} INFO - Processing /home/airflow/.local/lib/python3.8/site-packages/airflow/example_dags/example_latest_only.py took 0.086 seconds
[2023-10-10T08:52:48.273+0000] {processor.py:157} INFO - Started process (PID=386) to work on /home/airflow/.local/lib/python3.8/site-packages/airflow/example_dags/example_latest_only.py
[2023-10-10T08:52:48.275+0000] {processor.py:829} INFO - Processing file /home/airflow/.local/lib/python3.8/site-packages/airflow/example_dags/example_latest_only.py for tasks to queue
[2023-10-10T08:52:48.279+0000] {logging_mixin.py:151} INFO - [2023-10-10T08:52:48.278+0000] {dagbag.py:539} INFO - Filling up the DagBag from /home/airflow/.local/lib/python3.8/site-packages/airflow/example_dags/example_latest_only.py
[2023-10-10T08:52:48.286+0000] {processor.py:839} INFO - DAG(s) dict_keys(['latest_only']) retrieved from /home/airflow/.local/lib/python3.8/site-packages/airflow/example_dags/example_latest_only.py
[2023-10-10T08:52:48.315+0000] {logging_mixin.py:151} INFO - [2023-10-10T08:52:48.315+0000] {dag.py:2915} INFO - Sync 1 DAGs
[2023-10-10T08:52:48.331+0000] {logging_mixin.py:151} INFO - [2023-10-10T08:52:48.331+0000] {dag.py:3696} INFO - Setting next_dagrun for latest_only to 2023-10-10T04:52:48.330962+00:00, run_after=2023-10-10T08:52:48.330962+00:00
[2023-10-10T08:52:48.342+0000] {processor.py:179} INFO - Processing /home/airflow/.local/lib/python3.8/site-packages/airflow/example_dags/example_latest_only.py took 0.075 seconds
[2023-10-10T08:53:18.670+0000] {processor.py:157} INFO - Started process (PID=447) to work on /home/airflow/.local/lib/python3.8/site-packages/airflow/example_dags/example_latest_only.py
[2023-10-10T08:53:18.672+0000] {processor.py:829} INFO - Processing file /home/airflow/.local/lib/python3.8/site-packages/airflow/example_dags/example_latest_only.py for tasks to queue
[2023-10-10T08:53:18.676+0000] {logging_mixin.py:151} INFO - [2023-10-10T08:53:18.675+0000] {dagbag.py:539} INFO - Filling up the DagBag from /home/airflow/.local/lib/python3.8/site-packages/airflow/example_dags/example_latest_only.py
[2023-10-10T08:53:18.682+0000] {processor.py:839} INFO - DAG(s) dict_keys(['latest_only']) retrieved from /home/airflow/.local/lib/python3.8/site-packages/airflow/example_dags/example_latest_only.py
[2023-10-10T08:53:18.704+0000] {logging_mixin.py:151} INFO - [2023-10-10T08:53:18.704+0000] {dag.py:2915} INFO - Sync 1 DAGs
[2023-10-10T08:53:18.718+0000] {logging_mixin.py:151} INFO - [2023-10-10T08:53:18.718+0000] {dag.py:3696} INFO - Setting next_dagrun for latest_only to 2023-10-10T04:53:18.718473+00:00, run_after=2023-10-10T08:53:18.718473+00:00
[2023-10-10T08:53:18.728+0000] {processor.py:179} INFO - Processing /home/airflow/.local/lib/python3.8/site-packages/airflow/example_dags/example_latest_only.py took 0.064 seconds
[2023-10-10T08:53:49.319+0000] {processor.py:157} INFO - Started process (PID=508) to work on /home/airflow/.local/lib/python3.8/site-packages/airflow/example_dags/example_latest_only.py
[2023-10-10T08:53:49.320+0000] {processor.py:829} INFO - Processing file /home/airflow/.local/lib/python3.8/site-packages/airflow/example_dags/example_latest_only.py for tasks to queue
[2023-10-10T08:53:49.327+0000] {logging_mixin.py:151} INFO - [2023-10-10T08:53:49.327+0000] {dagbag.py:539} INFO - Filling up the DagBag from /home/airflow/.local/lib/python3.8/site-packages/airflow/example_dags/example_latest_only.py
[2023-10-10T08:53:49.343+0000] {processor.py:839} INFO - DAG(s) dict_keys(['latest_only']) retrieved from /home/airflow/.local/lib/python3.8/site-packages/airflow/example_dags/example_latest_only.py
[2023-10-10T08:53:49.407+0000] {logging_mixin.py:151} INFO - [2023-10-10T08:53:49.406+0000] {dag.py:2915} INFO - Sync 1 DAGs
[2023-10-10T08:53:49.448+0000] {logging_mixin.py:151} INFO - [2023-10-10T08:53:49.448+0000] {dag.py:3696} INFO - Setting next_dagrun for latest_only to 2023-10-10T04:53:49.448359+00:00, run_after=2023-10-10T08:53:49.448359+00:00
[2023-10-10T08:53:49.463+0000] {processor.py:179} INFO - Processing /home/airflow/.local/lib/python3.8/site-packages/airflow/example_dags/example_latest_only.py took 0.154 seconds
[2023-10-10T08:54:19.565+0000] {processor.py:157} INFO - Started process (PID=569) to work on /home/airflow/.local/lib/python3.8/site-packages/airflow/example_dags/example_latest_only.py
[2023-10-10T08:54:19.566+0000] {processor.py:829} INFO - Processing file /home/airflow/.local/lib/python3.8/site-packages/airflow/example_dags/example_latest_only.py for tasks to queue
[2023-10-10T08:54:19.570+0000] {logging_mixin.py:151} INFO - [2023-10-10T08:54:19.570+0000] {dagbag.py:539} INFO - Filling up the DagBag from /home/airflow/.local/lib/python3.8/site-packages/airflow/example_dags/example_latest_only.py
[2023-10-10T08:54:19.582+0000] {processor.py:839} INFO - DAG(s) dict_keys(['latest_only']) retrieved from /home/airflow/.local/lib/python3.8/site-packages/airflow/example_dags/example_latest_only.py
[2023-10-10T08:54:19.619+0000] {logging_mixin.py:151} INFO - [2023-10-10T08:54:19.619+0000] {dag.py:2915} INFO - Sync 1 DAGs
[2023-10-10T08:54:19.640+0000] {logging_mixin.py:151} INFO - [2023-10-10T08:54:19.640+0000] {dag.py:3696} INFO - Setting next_dagrun for latest_only to 2023-10-10T04:54:19.639839+00:00, run_after=2023-10-10T08:54:19.639839+00:00
[2023-10-10T08:54:19.655+0000] {processor.py:179} INFO - Processing /home/airflow/.local/lib/python3.8/site-packages/airflow/example_dags/example_latest_only.py took 0.097 seconds
[2023-10-10T08:54:50.411+0000] {processor.py:157} INFO - Started process (PID=630) to work on /home/airflow/.local/lib/python3.8/site-packages/airflow/example_dags/example_latest_only.py
[2023-10-10T08:54:50.412+0000] {processor.py:829} INFO - Processing file /home/airflow/.local/lib/python3.8/site-packages/airflow/example_dags/example_latest_only.py for tasks to queue
[2023-10-10T08:54:50.416+0000] {logging_mixin.py:151} INFO - [2023-10-10T08:54:50.416+0000] {dagbag.py:539} INFO - Filling up the DagBag from /home/airflow/.local/lib/python3.8/site-packages/airflow/example_dags/example_latest_only.py
[2023-10-10T08:54:50.423+0000] {processor.py:839} INFO - DAG(s) dict_keys(['latest_only']) retrieved from /home/airflow/.local/lib/python3.8/site-packages/airflow/example_dags/example_latest_only.py
[2023-10-10T08:54:50.446+0000] {logging_mixin.py:151} INFO - [2023-10-10T08:54:50.446+0000] {dag.py:2915} INFO - Sync 1 DAGs
[2023-10-10T08:54:50.465+0000] {logging_mixin.py:151} INFO - [2023-10-10T08:54:50.465+0000] {dag.py:3696} INFO - Setting next_dagrun for latest_only to 2023-10-10T04:54:50.464760+00:00, run_after=2023-10-10T08:54:50.464760+00:00
[2023-10-10T08:54:50.478+0000] {processor.py:179} INFO - Processing /home/airflow/.local/lib/python3.8/site-packages/airflow/example_dags/example_latest_only.py took 0.074 seconds
[2023-10-10T08:55:20.866+0000] {processor.py:157} INFO - Started process (PID=691) to work on /home/airflow/.local/lib/python3.8/site-packages/airflow/example_dags/example_latest_only.py
[2023-10-10T08:55:20.867+0000] {processor.py:829} INFO - Processing file /home/airflow/.local/lib/python3.8/site-packages/airflow/example_dags/example_latest_only.py for tasks to queue
[2023-10-10T08:55:20.869+0000] {logging_mixin.py:151} INFO - [2023-10-10T08:55:20.869+0000] {dagbag.py:539} INFO - Filling up the DagBag from /home/airflow/.local/lib/python3.8/site-packages/airflow/example_dags/example_latest_only.py
[2023-10-10T08:55:20.873+0000] {processor.py:839} INFO - DAG(s) dict_keys(['latest_only']) retrieved from /home/airflow/.local/lib/python3.8/site-packages/airflow/example_dags/example_latest_only.py
[2023-10-10T08:55:20.892+0000] {logging_mixin.py:151} INFO - [2023-10-10T08:55:20.891+0000] {dag.py:2915} INFO - Sync 1 DAGs
[2023-10-10T08:55:20.907+0000] {logging_mixin.py:151} INFO - [2023-10-10T08:55:20.906+0000] {dag.py:3696} INFO - Setting next_dagrun for latest_only to 2023-10-10T04:55:20.906628+00:00, run_after=2023-10-10T08:55:20.906628+00:00
[2023-10-10T08:55:20.916+0000] {processor.py:179} INFO - Processing /home/airflow/.local/lib/python3.8/site-packages/airflow/example_dags/example_latest_only.py took 0.054 seconds
[2023-10-10T08:55:51.592+0000] {processor.py:157} INFO - Started process (PID=751) to work on /home/airflow/.local/lib/python3.8/site-packages/airflow/example_dags/example_latest_only.py
[2023-10-10T08:55:51.594+0000] {processor.py:829} INFO - Processing file /home/airflow/.local/lib/python3.8/site-packages/airflow/example_dags/example_latest_only.py for tasks to queue
[2023-10-10T08:55:51.595+0000] {logging_mixin.py:151} INFO - [2023-10-10T08:55:51.595+0000] {dagbag.py:539} INFO - Filling up the DagBag from /home/airflow/.local/lib/python3.8/site-packages/airflow/example_dags/example_latest_only.py
[2023-10-10T08:55:51.598+0000] {processor.py:839} INFO - DAG(s) dict_keys(['latest_only']) retrieved from /home/airflow/.local/lib/python3.8/site-packages/airflow/example_dags/example_latest_only.py
[2023-10-10T08:55:51.613+0000] {logging_mixin.py:151} INFO - [2023-10-10T08:55:51.613+0000] {dag.py:2915} INFO - Sync 1 DAGs
[2023-10-10T08:55:51.626+0000] {logging_mixin.py:151} INFO - [2023-10-10T08:55:51.626+0000] {dag.py:3696} INFO - Setting next_dagrun for latest_only to 2023-10-10T04:55:51.626136+00:00, run_after=2023-10-10T08:55:51.626136+00:00
[2023-10-10T08:55:51.635+0000] {processor.py:179} INFO - Processing /home/airflow/.local/lib/python3.8/site-packages/airflow/example_dags/example_latest_only.py took 0.045 seconds
[2023-10-10T08:56:21.770+0000] {processor.py:157} INFO - Started process (PID=812) to work on /home/airflow/.local/lib/python3.8/site-packages/airflow/example_dags/example_latest_only.py
[2023-10-10T08:56:21.771+0000] {processor.py:829} INFO - Processing file /home/airflow/.local/lib/python3.8/site-packages/airflow/example_dags/example_latest_only.py for tasks to queue
[2023-10-10T08:56:21.774+0000] {logging_mixin.py:151} INFO - [2023-10-10T08:56:21.774+0000] {dagbag.py:539} INFO - Filling up the DagBag from /home/airflow/.local/lib/python3.8/site-packages/airflow/example_dags/example_latest_only.py
[2023-10-10T08:56:21.780+0000] {processor.py:839} INFO - DAG(s) dict_keys(['latest_only']) retrieved from /home/airflow/.local/lib/python3.8/site-packages/airflow/example_dags/example_latest_only.py
[2023-10-10T08:56:21.801+0000] {logging_mixin.py:151} INFO - [2023-10-10T08:56:21.801+0000] {dag.py:2915} INFO - Sync 1 DAGs
[2023-10-10T08:56:21.819+0000] {logging_mixin.py:151} INFO - [2023-10-10T08:56:21.819+0000] {dag.py:3696} INFO - Setting next_dagrun for latest_only to 2023-10-10T04:56:21.819109+00:00, run_after=2023-10-10T08:56:21.819109+00:00
[2023-10-10T08:56:21.830+0000] {processor.py:179} INFO - Processing /home/airflow/.local/lib/python3.8/site-packages/airflow/example_dags/example_latest_only.py took 0.065 seconds
[2023-10-10T08:56:52.745+0000] {processor.py:157} INFO - Started process (PID=873) to work on /home/airflow/.local/lib/python3.8/site-packages/airflow/example_dags/example_latest_only.py
[2023-10-10T08:56:52.747+0000] {processor.py:829} INFO - Processing file /home/airflow/.local/lib/python3.8/site-packages/airflow/example_dags/example_latest_only.py for tasks to queue
[2023-10-10T08:56:52.751+0000] {logging_mixin.py:151} INFO - [2023-10-10T08:56:52.751+0000] {dagbag.py:539} INFO - Filling up the DagBag from /home/airflow/.local/lib/python3.8/site-packages/airflow/example_dags/example_latest_only.py
[2023-10-10T08:56:52.759+0000] {processor.py:839} INFO - DAG(s) dict_keys(['latest_only']) retrieved from /home/airflow/.local/lib/python3.8/site-packages/airflow/example_dags/example_latest_only.py
[2023-10-10T08:56:52.786+0000] {logging_mixin.py:151} INFO - [2023-10-10T08:56:52.786+0000] {dag.py:2915} INFO - Sync 1 DAGs
[2023-10-10T08:56:52.802+0000] {logging_mixin.py:151} INFO - [2023-10-10T08:56:52.802+0000] {dag.py:3696} INFO - Setting next_dagrun for latest_only to 2023-10-10T04:56:52.802145+00:00, run_after=2023-10-10T08:56:52.802145+00:00
[2023-10-10T08:56:52.812+0000] {processor.py:179} INFO - Processing /home/airflow/.local/lib/python3.8/site-packages/airflow/example_dags/example_latest_only.py took 0.075 seconds
[2023-10-10T08:57:23.678+0000] {processor.py:157} INFO - Started process (PID=934) to work on /home/airflow/.local/lib/python3.8/site-packages/airflow/example_dags/example_latest_only.py
[2023-10-10T08:57:23.681+0000] {processor.py:829} INFO - Processing file /home/airflow/.local/lib/python3.8/site-packages/airflow/example_dags/example_latest_only.py for tasks to queue
[2023-10-10T08:57:23.684+0000] {logging_mixin.py:151} INFO - [2023-10-10T08:57:23.684+0000] {dagbag.py:539} INFO - Filling up the DagBag from /home/airflow/.local/lib/python3.8/site-packages/airflow/example_dags/example_latest_only.py
[2023-10-10T08:57:23.692+0000] {processor.py:839} INFO - DAG(s) dict_keys(['latest_only']) retrieved from /home/airflow/.local/lib/python3.8/site-packages/airflow/example_dags/example_latest_only.py
[2023-10-10T08:57:23.722+0000] {logging_mixin.py:151} INFO - [2023-10-10T08:57:23.722+0000] {dag.py:2915} INFO - Sync 1 DAGs
[2023-10-10T08:57:23.757+0000] {logging_mixin.py:151} INFO - [2023-10-10T08:57:23.756+0000] {dag.py:3696} INFO - Setting next_dagrun for latest_only to 2023-10-10T04:57:23.753342+00:00, run_after=2023-10-10T08:57:23.753342+00:00
[2023-10-10T08:57:23.777+0000] {processor.py:179} INFO - Processing /home/airflow/.local/lib/python3.8/site-packages/airflow/example_dags/example_latest_only.py took 0.106 seconds
[2023-10-10T08:57:53.956+0000] {processor.py:157} INFO - Started process (PID=995) to work on /home/airflow/.local/lib/python3.8/site-packages/airflow/example_dags/example_latest_only.py
[2023-10-10T08:57:53.959+0000] {processor.py:829} INFO - Processing file /home/airflow/.local/lib/python3.8/site-packages/airflow/example_dags/example_latest_only.py for tasks to queue
[2023-10-10T08:57:53.963+0000] {logging_mixin.py:151} INFO - [2023-10-10T08:57:53.962+0000] {dagbag.py:539} INFO - Filling up the DagBag from /home/airflow/.local/lib/python3.8/site-packages/airflow/example_dags/example_latest_only.py
[2023-10-10T08:57:53.970+0000] {processor.py:839} INFO - DAG(s) dict_keys(['latest_only']) retrieved from /home/airflow/.local/lib/python3.8/site-packages/airflow/example_dags/example_latest_only.py
[2023-10-10T08:57:53.999+0000] {logging_mixin.py:151} INFO - [2023-10-10T08:57:53.999+0000] {dag.py:2915} INFO - Sync 1 DAGs
[2023-10-10T08:57:54.023+0000] {logging_mixin.py:151} INFO - [2023-10-10T08:57:54.023+0000] {dag.py:3696} INFO - Setting next_dagrun for latest_only to 2023-10-10T04:57:54.023077+00:00, run_after=2023-10-10T08:57:54.023077+00:00
[2023-10-10T08:57:54.035+0000] {processor.py:179} INFO - Processing /home/airflow/.local/lib/python3.8/site-packages/airflow/example_dags/example_latest_only.py took 0.084 seconds
[2023-10-10T08:58:24.511+0000] {processor.py:157} INFO - Started process (PID=1056) to work on /home/airflow/.local/lib/python3.8/site-packages/airflow/example_dags/example_latest_only.py
[2023-10-10T08:58:24.513+0000] {processor.py:829} INFO - Processing file /home/airflow/.local/lib/python3.8/site-packages/airflow/example_dags/example_latest_only.py for tasks to queue
[2023-10-10T08:58:24.517+0000] {logging_mixin.py:151} INFO - [2023-10-10T08:58:24.517+0000] {dagbag.py:539} INFO - Filling up the DagBag from /home/airflow/.local/lib/python3.8/site-packages/airflow/example_dags/example_latest_only.py
[2023-10-10T08:58:24.524+0000] {processor.py:839} INFO - DAG(s) dict_keys(['latest_only']) retrieved from /home/airflow/.local/lib/python3.8/site-packages/airflow/example_dags/example_latest_only.py
[2023-10-10T08:58:24.556+0000] {logging_mixin.py:151} INFO - [2023-10-10T08:58:24.556+0000] {dag.py:2915} INFO - Sync 1 DAGs
[2023-10-10T08:58:24.571+0000] {logging_mixin.py:151} INFO - [2023-10-10T08:58:24.571+0000] {dag.py:3696} INFO - Setting next_dagrun for latest_only to 2023-10-10T04:58:24.570773+00:00, run_after=2023-10-10T08:58:24.570773+00:00
[2023-10-10T08:58:24.582+0000] {processor.py:179} INFO - Processing /home/airflow/.local/lib/python3.8/site-packages/airflow/example_dags/example_latest_only.py took 0.078 seconds
[2023-10-10T08:58:54.991+0000] {processor.py:157} INFO - Started process (PID=1117) to work on /home/airflow/.local/lib/python3.8/site-packages/airflow/example_dags/example_latest_only.py
[2023-10-10T08:58:54.993+0000] {processor.py:829} INFO - Processing file /home/airflow/.local/lib/python3.8/site-packages/airflow/example_dags/example_latest_only.py for tasks to queue
[2023-10-10T08:58:54.997+0000] {logging_mixin.py:151} INFO - [2023-10-10T08:58:54.997+0000] {dagbag.py:539} INFO - Filling up the DagBag from /home/airflow/.local/lib/python3.8/site-packages/airflow/example_dags/example_latest_only.py
[2023-10-10T08:58:55.012+0000] {processor.py:839} INFO - DAG(s) dict_keys(['latest_only']) retrieved from /home/airflow/.local/lib/python3.8/site-packages/airflow/example_dags/example_latest_only.py
[2023-10-10T08:58:55.071+0000] {logging_mixin.py:151} INFO - [2023-10-10T08:58:55.071+0000] {dag.py:2915} INFO - Sync 1 DAGs
[2023-10-10T08:58:55.097+0000] {logging_mixin.py:151} INFO - [2023-10-10T08:58:55.096+0000] {dag.py:3696} INFO - Setting next_dagrun for latest_only to 2023-10-10T04:58:55.096599+00:00, run_after=2023-10-10T08:58:55.096599+00:00
[2023-10-10T08:58:55.110+0000] {processor.py:179} INFO - Processing /home/airflow/.local/lib/python3.8/site-packages/airflow/example_dags/example_latest_only.py took 0.134 seconds
[2023-10-10T08:59:25.771+0000] {processor.py:157} INFO - Started process (PID=1178) to work on /home/airflow/.local/lib/python3.8/site-packages/airflow/example_dags/example_latest_only.py
[2023-10-10T08:59:25.772+0000] {processor.py:829} INFO - Processing file /home/airflow/.local/lib/python3.8/site-packages/airflow/example_dags/example_latest_only.py for tasks to queue
[2023-10-10T08:59:25.775+0000] {logging_mixin.py:151} INFO - [2023-10-10T08:59:25.775+0000] {dagbag.py:539} INFO - Filling up the DagBag from /home/airflow/.local/lib/python3.8/site-packages/airflow/example_dags/example_latest_only.py
[2023-10-10T08:59:25.785+0000] {processor.py:839} INFO - DAG(s) dict_keys(['latest_only']) retrieved from /home/airflow/.local/lib/python3.8/site-packages/airflow/example_dags/example_latest_only.py
[2023-10-10T08:59:25.810+0000] {logging_mixin.py:151} INFO - [2023-10-10T08:59:25.810+0000] {dag.py:2915} INFO - Sync 1 DAGs
[2023-10-10T08:59:25.825+0000] {logging_mixin.py:151} INFO - [2023-10-10T08:59:25.825+0000] {dag.py:3696} INFO - Setting next_dagrun for latest_only to 2023-10-10T04:59:25.825306+00:00, run_after=2023-10-10T08:59:25.825306+00:00
[2023-10-10T08:59:25.835+0000] {processor.py:179} INFO - Processing /home/airflow/.local/lib/python3.8/site-packages/airflow/example_dags/example_latest_only.py took 0.069 seconds
[2023-10-10T08:59:55.881+0000] {processor.py:157} INFO - Started process (PID=1233) to work on /home/airflow/.local/lib/python3.8/site-packages/airflow/example_dags/example_latest_only.py
[2023-10-10T08:59:55.883+0000] {processor.py:829} INFO - Processing file /home/airflow/.local/lib/python3.8/site-packages/airflow/example_dags/example_latest_only.py for tasks to queue
[2023-10-10T08:59:55.885+0000] {logging_mixin.py:151} INFO - [2023-10-10T08:59:55.885+0000] {dagbag.py:539} INFO - Filling up the DagBag from /home/airflow/.local/lib/python3.8/site-packages/airflow/example_dags/example_latest_only.py
[2023-10-10T08:59:55.890+0000] {processor.py:839} INFO - DAG(s) dict_keys(['latest_only']) retrieved from /home/airflow/.local/lib/python3.8/site-packages/airflow/example_dags/example_latest_only.py
[2023-10-10T08:59:55.919+0000] {logging_mixin.py:151} INFO - [2023-10-10T08:59:55.919+0000] {dag.py:2915} INFO - Sync 1 DAGs
[2023-10-10T08:59:55.936+0000] {logging_mixin.py:151} INFO - [2023-10-10T08:59:55.936+0000] {dag.py:3696} INFO - Setting next_dagrun for latest_only to 2023-10-10T04:59:55.936304+00:00, run_after=2023-10-10T08:59:55.936304+00:00
[2023-10-10T08:59:55.948+0000] {processor.py:179} INFO - Processing /home/airflow/.local/lib/python3.8/site-packages/airflow/example_dags/example_latest_only.py took 0.071 seconds
[2023-10-10T09:00:26.414+0000] {processor.py:157} INFO - Started process (PID=1293) to work on /home/airflow/.local/lib/python3.8/site-packages/airflow/example_dags/example_latest_only.py
[2023-10-10T09:00:26.416+0000] {processor.py:829} INFO - Processing file /home/airflow/.local/lib/python3.8/site-packages/airflow/example_dags/example_latest_only.py for tasks to queue
[2023-10-10T09:00:26.422+0000] {logging_mixin.py:151} INFO - [2023-10-10T09:00:26.422+0000] {dagbag.py:539} INFO - Filling up the DagBag from /home/airflow/.local/lib/python3.8/site-packages/airflow/example_dags/example_latest_only.py
[2023-10-10T09:00:26.434+0000] {processor.py:839} INFO - DAG(s) dict_keys(['latest_only']) retrieved from /home/airflow/.local/lib/python3.8/site-packages/airflow/example_dags/example_latest_only.py
[2023-10-10T09:00:26.471+0000] {logging_mixin.py:151} INFO - [2023-10-10T09:00:26.471+0000] {dag.py:2915} INFO - Sync 1 DAGs
[2023-10-10T09:00:26.489+0000] {logging_mixin.py:151} INFO - [2023-10-10T09:00:26.489+0000] {dag.py:3696} INFO - Setting next_dagrun for latest_only to 2023-10-10T05:00:26.489481+00:00, run_after=2023-10-10T09:00:26.489481+00:00
[2023-10-10T09:00:26.500+0000] {processor.py:179} INFO - Processing /home/airflow/.local/lib/python3.8/site-packages/airflow/example_dags/example_latest_only.py took 0.095 seconds
[2023-10-10T09:00:56.654+0000] {processor.py:157} INFO - Started process (PID=1354) to work on /home/airflow/.local/lib/python3.8/site-packages/airflow/example_dags/example_latest_only.py
[2023-10-10T09:00:56.654+0000] {processor.py:829} INFO - Processing file /home/airflow/.local/lib/python3.8/site-packages/airflow/example_dags/example_latest_only.py for tasks to queue
[2023-10-10T09:00:56.656+0000] {logging_mixin.py:151} INFO - [2023-10-10T09:00:56.656+0000] {dagbag.py:539} INFO - Filling up the DagBag from /home/airflow/.local/lib/python3.8/site-packages/airflow/example_dags/example_latest_only.py
[2023-10-10T09:00:56.659+0000] {processor.py:839} INFO - DAG(s) dict_keys(['latest_only']) retrieved from /home/airflow/.local/lib/python3.8/site-packages/airflow/example_dags/example_latest_only.py
[2023-10-10T09:00:56.676+0000] {logging_mixin.py:151} INFO - [2023-10-10T09:00:56.676+0000] {dag.py:2915} INFO - Sync 1 DAGs
[2023-10-10T09:00:56.693+0000] {logging_mixin.py:151} INFO - [2023-10-10T09:00:56.693+0000] {dag.py:3696} INFO - Setting next_dagrun for latest_only to 2023-10-10T05:00:56.693336+00:00, run_after=2023-10-10T09:00:56.693336+00:00
[2023-10-10T09:00:56.704+0000] {processor.py:179} INFO - Processing /home/airflow/.local/lib/python3.8/site-packages/airflow/example_dags/example_latest_only.py took 0.053 seconds
[2023-10-10T09:01:26.825+0000] {processor.py:157} INFO - Started process (PID=1414) to work on /home/airflow/.local/lib/python3.8/site-packages/airflow/example_dags/example_latest_only.py
[2023-10-10T09:01:26.826+0000] {processor.py:829} INFO - Processing file /home/airflow/.local/lib/python3.8/site-packages/airflow/example_dags/example_latest_only.py for tasks to queue
[2023-10-10T09:01:26.828+0000] {logging_mixin.py:151} INFO - [2023-10-10T09:01:26.828+0000] {dagbag.py:539} INFO - Filling up the DagBag from /home/airflow/.local/lib/python3.8/site-packages/airflow/example_dags/example_latest_only.py
[2023-10-10T09:01:26.831+0000] {processor.py:839} INFO - DAG(s) dict_keys(['latest_only']) retrieved from /home/airflow/.local/lib/python3.8/site-packages/airflow/example_dags/example_latest_only.py
[2023-10-10T09:01:26.846+0000] {logging_mixin.py:151} INFO - [2023-10-10T09:01:26.846+0000] {dag.py:2915} INFO - Sync 1 DAGs
[2023-10-10T09:01:26.861+0000] {logging_mixin.py:151} INFO - [2023-10-10T09:01:26.861+0000] {dag.py:3696} INFO - Setting next_dagrun for latest_only to 2023-10-10T05:01:26.861380+00:00, run_after=2023-10-10T09:01:26.861380+00:00
[2023-10-10T09:01:26.871+0000] {processor.py:179} INFO - Processing /home/airflow/.local/lib/python3.8/site-packages/airflow/example_dags/example_latest_only.py took 0.048 seconds
[2023-10-10T09:01:57.089+0000] {processor.py:157} INFO - Started process (PID=1476) to work on /home/airflow/.local/lib/python3.8/site-packages/airflow/example_dags/example_latest_only.py
[2023-10-10T09:01:57.090+0000] {processor.py:829} INFO - Processing file /home/airflow/.local/lib/python3.8/site-packages/airflow/example_dags/example_latest_only.py for tasks to queue
[2023-10-10T09:01:57.092+0000] {logging_mixin.py:151} INFO - [2023-10-10T09:01:57.092+0000] {dagbag.py:539} INFO - Filling up the DagBag from /home/airflow/.local/lib/python3.8/site-packages/airflow/example_dags/example_latest_only.py
[2023-10-10T09:01:57.095+0000] {processor.py:839} INFO - DAG(s) dict_keys(['latest_only']) retrieved from /home/airflow/.local/lib/python3.8/site-packages/airflow/example_dags/example_latest_only.py
[2023-10-10T09:01:57.110+0000] {logging_mixin.py:151} INFO - [2023-10-10T09:01:57.110+0000] {dag.py:2915} INFO - Sync 1 DAGs
[2023-10-10T09:01:57.123+0000] {logging_mixin.py:151} INFO - [2023-10-10T09:01:57.123+0000] {dag.py:3696} INFO - Setting next_dagrun for latest_only to 2023-10-10T05:01:57.122963+00:00, run_after=2023-10-10T09:01:57.122963+00:00
[2023-10-10T09:01:57.132+0000] {processor.py:179} INFO - Processing /home/airflow/.local/lib/python3.8/site-packages/airflow/example_dags/example_latest_only.py took 0.046 seconds
[2023-10-10T09:02:27.405+0000] {processor.py:157} INFO - Started process (PID=1537) to work on /home/airflow/.local/lib/python3.8/site-packages/airflow/example_dags/example_latest_only.py
[2023-10-10T09:02:27.406+0000] {processor.py:829} INFO - Processing file /home/airflow/.local/lib/python3.8/site-packages/airflow/example_dags/example_latest_only.py for tasks to queue
[2023-10-10T09:02:27.408+0000] {logging_mixin.py:151} INFO - [2023-10-10T09:02:27.408+0000] {dagbag.py:539} INFO - Filling up the DagBag from /home/airflow/.local/lib/python3.8/site-packages/airflow/example_dags/example_latest_only.py
[2023-10-10T09:02:27.412+0000] {processor.py:839} INFO - DAG(s) dict_keys(['latest_only']) retrieved from /home/airflow/.local/lib/python3.8/site-packages/airflow/example_dags/example_latest_only.py
[2023-10-10T09:02:27.442+0000] {logging_mixin.py:151} INFO - [2023-10-10T09:02:27.441+0000] {dag.py:2915} INFO - Sync 1 DAGs
[2023-10-10T09:02:27.470+0000] {logging_mixin.py:151} INFO - [2023-10-10T09:02:27.469+0000] {dag.py:3696} INFO - Setting next_dagrun for latest_only to 2023-10-10T05:02:27.469659+00:00, run_after=2023-10-10T09:02:27.469659+00:00
[2023-10-10T09:02:27.484+0000] {processor.py:179} INFO - Processing /home/airflow/.local/lib/python3.8/site-packages/airflow/example_dags/example_latest_only.py took 0.083 seconds
[2023-10-10T09:02:57.589+0000] {processor.py:157} INFO - Started process (PID=1598) to work on /home/airflow/.local/lib/python3.8/site-packages/airflow/example_dags/example_latest_only.py
[2023-10-10T09:02:57.591+0000] {processor.py:829} INFO - Processing file /home/airflow/.local/lib/python3.8/site-packages/airflow/example_dags/example_latest_only.py for tasks to queue
[2023-10-10T09:02:57.593+0000] {logging_mixin.py:151} INFO - [2023-10-10T09:02:57.593+0000] {dagbag.py:539} INFO - Filling up the DagBag from /home/airflow/.local/lib/python3.8/site-packages/airflow/example_dags/example_latest_only.py
[2023-10-10T09:02:57.598+0000] {processor.py:839} INFO - DAG(s) dict_keys(['latest_only']) retrieved from /home/airflow/.local/lib/python3.8/site-packages/airflow/example_dags/example_latest_only.py
[2023-10-10T09:02:57.615+0000] {logging_mixin.py:151} INFO - [2023-10-10T09:02:57.615+0000] {dag.py:2915} INFO - Sync 1 DAGs
[2023-10-10T09:02:57.630+0000] {logging_mixin.py:151} INFO - [2023-10-10T09:02:57.630+0000] {dag.py:3696} INFO - Setting next_dagrun for latest_only to 2023-10-10T05:02:57.630257+00:00, run_after=2023-10-10T09:02:57.630257+00:00
[2023-10-10T09:02:57.641+0000] {processor.py:179} INFO - Processing /home/airflow/.local/lib/python3.8/site-packages/airflow/example_dags/example_latest_only.py took 0.054 seconds
[2023-10-10T09:03:27.820+0000] {processor.py:157} INFO - Started process (PID=1658) to work on /home/airflow/.local/lib/python3.8/site-packages/airflow/example_dags/example_latest_only.py
[2023-10-10T09:03:27.820+0000] {processor.py:829} INFO - Processing file /home/airflow/.local/lib/python3.8/site-packages/airflow/example_dags/example_latest_only.py for tasks to queue
[2023-10-10T09:03:27.822+0000] {logging_mixin.py:151} INFO - [2023-10-10T09:03:27.822+0000] {dagbag.py:539} INFO - Filling up the DagBag from /home/airflow/.local/lib/python3.8/site-packages/airflow/example_dags/example_latest_only.py
[2023-10-10T09:03:27.828+0000] {processor.py:839} INFO - DAG(s) dict_keys(['latest_only']) retrieved from /home/airflow/.local/lib/python3.8/site-packages/airflow/example_dags/example_latest_only.py
[2023-10-10T09:03:27.846+0000] {logging_mixin.py:151} INFO - [2023-10-10T09:03:27.846+0000] {dag.py:2915} INFO - Sync 1 DAGs
[2023-10-10T09:03:27.860+0000] {logging_mixin.py:151} INFO - [2023-10-10T09:03:27.859+0000] {dag.py:3696} INFO - Setting next_dagrun for latest_only to 2023-10-10T05:03:27.859848+00:00, run_after=2023-10-10T09:03:27.859848+00:00
[2023-10-10T09:03:27.869+0000] {processor.py:179} INFO - Processing /home/airflow/.local/lib/python3.8/site-packages/airflow/example_dags/example_latest_only.py took 0.051 seconds
[2023-10-10T09:03:58.873+0000] {processor.py:157} INFO - Started process (PID=1720) to work on /home/airflow/.local/lib/python3.8/site-packages/airflow/example_dags/example_latest_only.py
[2023-10-10T09:03:58.875+0000] {processor.py:829} INFO - Processing file /home/airflow/.local/lib/python3.8/site-packages/airflow/example_dags/example_latest_only.py for tasks to queue
[2023-10-10T09:03:58.876+0000] {logging_mixin.py:151} INFO - [2023-10-10T09:03:58.876+0000] {dagbag.py:539} INFO - Filling up the DagBag from /home/airflow/.local/lib/python3.8/site-packages/airflow/example_dags/example_latest_only.py
[2023-10-10T09:03:58.880+0000] {processor.py:839} INFO - DAG(s) dict_keys(['latest_only']) retrieved from /home/airflow/.local/lib/python3.8/site-packages/airflow/example_dags/example_latest_only.py
[2023-10-10T09:03:58.897+0000] {logging_mixin.py:151} INFO - [2023-10-10T09:03:58.897+0000] {dag.py:2915} INFO - Sync 1 DAGs
[2023-10-10T09:03:58.918+0000] {logging_mixin.py:151} INFO - [2023-10-10T09:03:58.918+0000] {dag.py:3696} INFO - Setting next_dagrun for latest_only to 2023-10-10T05:03:58.918136+00:00, run_after=2023-10-10T09:03:58.918136+00:00
[2023-10-10T09:03:58.930+0000] {processor.py:179} INFO - Processing /home/airflow/.local/lib/python3.8/site-packages/airflow/example_dags/example_latest_only.py took 0.059 seconds
[2023-10-10T09:04:29.492+0000] {processor.py:157} INFO - Started process (PID=1781) to work on /home/airflow/.local/lib/python3.8/site-packages/airflow/example_dags/example_latest_only.py
[2023-10-10T09:04:29.493+0000] {processor.py:829} INFO - Processing file /home/airflow/.local/lib/python3.8/site-packages/airflow/example_dags/example_latest_only.py for tasks to queue
[2023-10-10T09:04:29.494+0000] {logging_mixin.py:151} INFO - [2023-10-10T09:04:29.494+0000] {dagbag.py:539} INFO - Filling up the DagBag from /home/airflow/.local/lib/python3.8/site-packages/airflow/example_dags/example_latest_only.py
[2023-10-10T09:04:29.498+0000] {processor.py:839} INFO - DAG(s) dict_keys(['latest_only']) retrieved from /home/airflow/.local/lib/python3.8/site-packages/airflow/example_dags/example_latest_only.py
[2023-10-10T09:04:29.513+0000] {logging_mixin.py:151} INFO - [2023-10-10T09:04:29.513+0000] {dag.py:2915} INFO - Sync 1 DAGs
[2023-10-10T09:04:29.526+0000] {logging_mixin.py:151} INFO - [2023-10-10T09:04:29.526+0000] {dag.py:3696} INFO - Setting next_dagrun for latest_only to 2023-10-10T05:04:29.526542+00:00, run_after=2023-10-10T09:04:29.526542+00:00
[2023-10-10T09:04:29.536+0000] {processor.py:179} INFO - Processing /home/airflow/.local/lib/python3.8/site-packages/airflow/example_dags/example_latest_only.py took 0.047 seconds
[2023-10-10T09:04:59.885+0000] {processor.py:157} INFO - Started process (PID=1842) to work on /home/airflow/.local/lib/python3.8/site-packages/airflow/example_dags/example_latest_only.py
[2023-10-10T09:04:59.887+0000] {processor.py:829} INFO - Processing file /home/airflow/.local/lib/python3.8/site-packages/airflow/example_dags/example_latest_only.py for tasks to queue
[2023-10-10T09:04:59.889+0000] {logging_mixin.py:151} INFO - [2023-10-10T09:04:59.889+0000] {dagbag.py:539} INFO - Filling up the DagBag from /home/airflow/.local/lib/python3.8/site-packages/airflow/example_dags/example_latest_only.py
[2023-10-10T09:04:59.894+0000] {processor.py:839} INFO - DAG(s) dict_keys(['latest_only']) retrieved from /home/airflow/.local/lib/python3.8/site-packages/airflow/example_dags/example_latest_only.py
[2023-10-10T09:04:59.916+0000] {logging_mixin.py:151} INFO - [2023-10-10T09:04:59.916+0000] {dag.py:2915} INFO - Sync 1 DAGs
[2023-10-10T09:04:59.934+0000] {logging_mixin.py:151} INFO - [2023-10-10T09:04:59.934+0000] {dag.py:3696} INFO - Setting next_dagrun for latest_only to 2023-10-10T05:04:59.934544+00:00, run_after=2023-10-10T09:04:59.934544+00:00
[2023-10-10T09:04:59.949+0000] {processor.py:179} INFO - Processing /home/airflow/.local/lib/python3.8/site-packages/airflow/example_dags/example_latest_only.py took 0.066 seconds
[2023-10-10T09:05:30.405+0000] {processor.py:157} INFO - Started process (PID=1901) to work on /home/airflow/.local/lib/python3.8/site-packages/airflow/example_dags/example_latest_only.py
[2023-10-10T09:05:30.407+0000] {processor.py:829} INFO - Processing file /home/airflow/.local/lib/python3.8/site-packages/airflow/example_dags/example_latest_only.py for tasks to queue
[2023-10-10T09:05:30.409+0000] {logging_mixin.py:151} INFO - [2023-10-10T09:05:30.409+0000] {dagbag.py:539} INFO - Filling up the DagBag from /home/airflow/.local/lib/python3.8/site-packages/airflow/example_dags/example_latest_only.py
[2023-10-10T09:05:30.412+0000] {processor.py:839} INFO - DAG(s) dict_keys(['latest_only']) retrieved from /home/airflow/.local/lib/python3.8/site-packages/airflow/example_dags/example_latest_only.py
[2023-10-10T09:05:30.435+0000] {logging_mixin.py:151} INFO - [2023-10-10T09:05:30.435+0000] {dag.py:2915} INFO - Sync 1 DAGs
[2023-10-10T09:05:30.456+0000] {logging_mixin.py:151} INFO - [2023-10-10T09:05:30.456+0000] {dag.py:3696} INFO - Setting next_dagrun for latest_only to 2023-10-10T05:05:30.456209+00:00, run_after=2023-10-10T09:05:30.456209+00:00
[2023-10-10T09:05:30.472+0000] {processor.py:179} INFO - Processing /home/airflow/.local/lib/python3.8/site-packages/airflow/example_dags/example_latest_only.py took 0.069 seconds
[2023-10-10T09:06:00.781+0000] {processor.py:157} INFO - Started process (PID=1962) to work on /home/airflow/.local/lib/python3.8/site-packages/airflow/example_dags/example_latest_only.py
[2023-10-10T09:06:00.782+0000] {processor.py:829} INFO - Processing file /home/airflow/.local/lib/python3.8/site-packages/airflow/example_dags/example_latest_only.py for tasks to queue
[2023-10-10T09:06:00.784+0000] {logging_mixin.py:151} INFO - [2023-10-10T09:06:00.784+0000] {dagbag.py:539} INFO - Filling up the DagBag from /home/airflow/.local/lib/python3.8/site-packages/airflow/example_dags/example_latest_only.py
[2023-10-10T09:06:00.787+0000] {processor.py:839} INFO - DAG(s) dict_keys(['latest_only']) retrieved from /home/airflow/.local/lib/python3.8/site-packages/airflow/example_dags/example_latest_only.py
[2023-10-10T09:06:00.802+0000] {logging_mixin.py:151} INFO - [2023-10-10T09:06:00.802+0000] {dag.py:2915} INFO - Sync 1 DAGs
[2023-10-10T09:06:00.817+0000] {logging_mixin.py:151} INFO - [2023-10-10T09:06:00.817+0000] {dag.py:3696} INFO - Setting next_dagrun for latest_only to 2023-10-10T05:06:00.817057+00:00, run_after=2023-10-10T09:06:00.817057+00:00
[2023-10-10T09:06:00.829+0000] {processor.py:179} INFO - Processing /home/airflow/.local/lib/python3.8/site-packages/airflow/example_dags/example_latest_only.py took 0.050 seconds
[2023-10-10T09:06:31.503+0000] {processor.py:157} INFO - Started process (PID=2023) to work on /home/airflow/.local/lib/python3.8/site-packages/airflow/example_dags/example_latest_only.py
[2023-10-10T09:06:31.504+0000] {processor.py:829} INFO - Processing file /home/airflow/.local/lib/python3.8/site-packages/airflow/example_dags/example_latest_only.py for tasks to queue
[2023-10-10T09:06:31.505+0000] {logging_mixin.py:151} INFO - [2023-10-10T09:06:31.505+0000] {dagbag.py:539} INFO - Filling up the DagBag from /home/airflow/.local/lib/python3.8/site-packages/airflow/example_dags/example_latest_only.py
[2023-10-10T09:06:31.509+0000] {processor.py:839} INFO - DAG(s) dict_keys(['latest_only']) retrieved from /home/airflow/.local/lib/python3.8/site-packages/airflow/example_dags/example_latest_only.py
[2023-10-10T09:06:31.525+0000] {logging_mixin.py:151} INFO - [2023-10-10T09:06:31.525+0000] {dag.py:2915} INFO - Sync 1 DAGs
[2023-10-10T09:06:31.538+0000] {logging_mixin.py:151} INFO - [2023-10-10T09:06:31.538+0000] {dag.py:3696} INFO - Setting next_dagrun for latest_only to 2023-10-10T05:06:31.538133+00:00, run_after=2023-10-10T09:06:31.538133+00:00
[2023-10-10T09:06:31.547+0000] {processor.py:179} INFO - Processing /home/airflow/.local/lib/python3.8/site-packages/airflow/example_dags/example_latest_only.py took 0.047 seconds
[2023-10-10T09:07:01.862+0000] {processor.py:157} INFO - Started process (PID=2084) to work on /home/airflow/.local/lib/python3.8/site-packages/airflow/example_dags/example_latest_only.py
[2023-10-10T09:07:01.863+0000] {processor.py:829} INFO - Processing file /home/airflow/.local/lib/python3.8/site-packages/airflow/example_dags/example_latest_only.py for tasks to queue
[2023-10-10T09:07:01.864+0000] {logging_mixin.py:151} INFO - [2023-10-10T09:07:01.864+0000] {dagbag.py:539} INFO - Filling up the DagBag from /home/airflow/.local/lib/python3.8/site-packages/airflow/example_dags/example_latest_only.py
[2023-10-10T09:07:01.868+0000] {processor.py:839} INFO - DAG(s) dict_keys(['latest_only']) retrieved from /home/airflow/.local/lib/python3.8/site-packages/airflow/example_dags/example_latest_only.py
[2023-10-10T09:07:01.883+0000] {logging_mixin.py:151} INFO - [2023-10-10T09:07:01.883+0000] {dag.py:2915} INFO - Sync 1 DAGs
[2023-10-10T09:07:01.896+0000] {logging_mixin.py:151} INFO - [2023-10-10T09:07:01.896+0000] {dag.py:3696} INFO - Setting next_dagrun for latest_only to 2023-10-10T05:07:01.896375+00:00, run_after=2023-10-10T09:07:01.896375+00:00
[2023-10-10T09:07:01.905+0000] {processor.py:179} INFO - Processing /home/airflow/.local/lib/python3.8/site-packages/airflow/example_dags/example_latest_only.py took 0.046 seconds
[2023-10-10T09:07:32.716+0000] {processor.py:157} INFO - Started process (PID=2145) to work on /home/airflow/.local/lib/python3.8/site-packages/airflow/example_dags/example_latest_only.py
[2023-10-10T09:07:32.717+0000] {processor.py:829} INFO - Processing file /home/airflow/.local/lib/python3.8/site-packages/airflow/example_dags/example_latest_only.py for tasks to queue
[2023-10-10T09:07:32.719+0000] {logging_mixin.py:151} INFO - [2023-10-10T09:07:32.718+0000] {dagbag.py:539} INFO - Filling up the DagBag from /home/airflow/.local/lib/python3.8/site-packages/airflow/example_dags/example_latest_only.py
[2023-10-10T09:07:32.722+0000] {processor.py:839} INFO - DAG(s) dict_keys(['latest_only']) retrieved from /home/airflow/.local/lib/python3.8/site-packages/airflow/example_dags/example_latest_only.py
[2023-10-10T09:07:32.738+0000] {logging_mixin.py:151} INFO - [2023-10-10T09:07:32.738+0000] {dag.py:2915} INFO - Sync 1 DAGs
[2023-10-10T09:07:32.752+0000] {logging_mixin.py:151} INFO - [2023-10-10T09:07:32.752+0000] {dag.py:3696} INFO - Setting next_dagrun for latest_only to 2023-10-10T05:07:32.752002+00:00, run_after=2023-10-10T09:07:32.752002+00:00
[2023-10-10T09:07:32.761+0000] {processor.py:179} INFO - Processing /home/airflow/.local/lib/python3.8/site-packages/airflow/example_dags/example_latest_only.py took 0.047 seconds
[2023-10-10T09:08:03.071+0000] {processor.py:157} INFO - Started process (PID=2206) to work on /home/airflow/.local/lib/python3.8/site-packages/airflow/example_dags/example_latest_only.py
[2023-10-10T09:08:03.072+0000] {processor.py:829} INFO - Processing file /home/airflow/.local/lib/python3.8/site-packages/airflow/example_dags/example_latest_only.py for tasks to queue
[2023-10-10T09:08:03.073+0000] {logging_mixin.py:151} INFO - [2023-10-10T09:08:03.073+0000] {dagbag.py:539} INFO - Filling up the DagBag from /home/airflow/.local/lib/python3.8/site-packages/airflow/example_dags/example_latest_only.py
[2023-10-10T09:08:03.076+0000] {processor.py:839} INFO - DAG(s) dict_keys(['latest_only']) retrieved from /home/airflow/.local/lib/python3.8/site-packages/airflow/example_dags/example_latest_only.py
[2023-10-10T09:08:03.092+0000] {logging_mixin.py:151} INFO - [2023-10-10T09:08:03.092+0000] {dag.py:2915} INFO - Sync 1 DAGs
[2023-10-10T09:08:03.109+0000] {logging_mixin.py:151} INFO - [2023-10-10T09:08:03.109+0000] {dag.py:3696} INFO - Setting next_dagrun for latest_only to 2023-10-10T05:08:03.109347+00:00, run_after=2023-10-10T09:08:03.109347+00:00
[2023-10-10T09:08:03.122+0000] {processor.py:179} INFO - Processing /home/airflow/.local/lib/python3.8/site-packages/airflow/example_dags/example_latest_only.py took 0.053 seconds
[2023-10-10T09:08:33.522+0000] {processor.py:157} INFO - Started process (PID=2267) to work on /home/airflow/.local/lib/python3.8/site-packages/airflow/example_dags/example_latest_only.py
[2023-10-10T09:08:33.524+0000] {processor.py:829} INFO - Processing file /home/airflow/.local/lib/python3.8/site-packages/airflow/example_dags/example_latest_only.py for tasks to queue
[2023-10-10T09:08:33.526+0000] {logging_mixin.py:151} INFO - [2023-10-10T09:08:33.526+0000] {dagbag.py:539} INFO - Filling up the DagBag from /home/airflow/.local/lib/python3.8/site-packages/airflow/example_dags/example_latest_only.py
[2023-10-10T09:08:33.530+0000] {processor.py:839} INFO - DAG(s) dict_keys(['latest_only']) retrieved from /home/airflow/.local/lib/python3.8/site-packages/airflow/example_dags/example_latest_only.py
[2023-10-10T09:08:33.546+0000] {logging_mixin.py:151} INFO - [2023-10-10T09:08:33.546+0000] {dag.py:2915} INFO - Sync 1 DAGs
[2023-10-10T09:08:33.559+0000] {logging_mixin.py:151} INFO - [2023-10-10T09:08:33.559+0000] {dag.py:3696} INFO - Setting next_dagrun for latest_only to 2023-10-10T05:08:33.559529+00:00, run_after=2023-10-10T09:08:33.559529+00:00
[2023-10-10T09:08:33.569+0000] {processor.py:179} INFO - Processing /home/airflow/.local/lib/python3.8/site-packages/airflow/example_dags/example_latest_only.py took 0.052 seconds
[2023-10-10T09:09:03.871+0000] {processor.py:157} INFO - Started process (PID=2328) to work on /home/airflow/.local/lib/python3.8/site-packages/airflow/example_dags/example_latest_only.py
[2023-10-10T09:09:03.872+0000] {processor.py:829} INFO - Processing file /home/airflow/.local/lib/python3.8/site-packages/airflow/example_dags/example_latest_only.py for tasks to queue
[2023-10-10T09:09:03.873+0000] {logging_mixin.py:151} INFO - [2023-10-10T09:09:03.873+0000] {dagbag.py:539} INFO - Filling up the DagBag from /home/airflow/.local/lib/python3.8/site-packages/airflow/example_dags/example_latest_only.py
[2023-10-10T09:09:03.876+0000] {processor.py:839} INFO - DAG(s) dict_keys(['latest_only']) retrieved from /home/airflow/.local/lib/python3.8/site-packages/airflow/example_dags/example_latest_only.py
[2023-10-10T09:09:03.891+0000] {logging_mixin.py:151} INFO - [2023-10-10T09:09:03.890+0000] {dag.py:2915} INFO - Sync 1 DAGs
[2023-10-10T09:09:03.903+0000] {logging_mixin.py:151} INFO - [2023-10-10T09:09:03.903+0000] {dag.py:3696} INFO - Setting next_dagrun for latest_only to 2023-10-10T05:09:03.903361+00:00, run_after=2023-10-10T09:09:03.903361+00:00
[2023-10-10T09:09:03.912+0000] {processor.py:179} INFO - Processing /home/airflow/.local/lib/python3.8/site-packages/airflow/example_dags/example_latest_only.py took 0.043 seconds
[2023-10-10T09:09:34.296+0000] {processor.py:157} INFO - Started process (PID=2389) to work on /home/airflow/.local/lib/python3.8/site-packages/airflow/example_dags/example_latest_only.py
[2023-10-10T09:09:34.298+0000] {processor.py:829} INFO - Processing file /home/airflow/.local/lib/python3.8/site-packages/airflow/example_dags/example_latest_only.py for tasks to queue
[2023-10-10T09:09:34.301+0000] {logging_mixin.py:151} INFO - [2023-10-10T09:09:34.300+0000] {dagbag.py:539} INFO - Filling up the DagBag from /home/airflow/.local/lib/python3.8/site-packages/airflow/example_dags/example_latest_only.py
[2023-10-10T09:09:34.309+0000] {processor.py:839} INFO - DAG(s) dict_keys(['latest_only']) retrieved from /home/airflow/.local/lib/python3.8/site-packages/airflow/example_dags/example_latest_only.py
[2023-10-10T09:09:34.336+0000] {logging_mixin.py:151} INFO - [2023-10-10T09:09:34.336+0000] {dag.py:2915} INFO - Sync 1 DAGs
[2023-10-10T09:09:34.351+0000] {logging_mixin.py:151} INFO - [2023-10-10T09:09:34.351+0000] {dag.py:3696} INFO - Setting next_dagrun for latest_only to 2023-10-10T05:09:34.351389+00:00, run_after=2023-10-10T09:09:34.351389+00:00
[2023-10-10T09:09:34.363+0000] {processor.py:179} INFO - Processing /home/airflow/.local/lib/python3.8/site-packages/airflow/example_dags/example_latest_only.py took 0.070 seconds
[2023-10-10T09:10:04.798+0000] {processor.py:157} INFO - Started process (PID=2450) to work on /home/airflow/.local/lib/python3.8/site-packages/airflow/example_dags/example_latest_only.py
[2023-10-10T09:10:04.799+0000] {processor.py:829} INFO - Processing file /home/airflow/.local/lib/python3.8/site-packages/airflow/example_dags/example_latest_only.py for tasks to queue
[2023-10-10T09:10:04.801+0000] {logging_mixin.py:151} INFO - [2023-10-10T09:10:04.801+0000] {dagbag.py:539} INFO - Filling up the DagBag from /home/airflow/.local/lib/python3.8/site-packages/airflow/example_dags/example_latest_only.py
[2023-10-10T09:10:04.804+0000] {processor.py:839} INFO - DAG(s) dict_keys(['latest_only']) retrieved from /home/airflow/.local/lib/python3.8/site-packages/airflow/example_dags/example_latest_only.py
[2023-10-10T09:10:04.819+0000] {logging_mixin.py:151} INFO - [2023-10-10T09:10:04.819+0000] {dag.py:2915} INFO - Sync 1 DAGs
[2023-10-10T09:10:04.832+0000] {logging_mixin.py:151} INFO - [2023-10-10T09:10:04.832+0000] {dag.py:3696} INFO - Setting next_dagrun for latest_only to 2023-10-10T05:10:04.832011+00:00, run_after=2023-10-10T09:10:04.832011+00:00
[2023-10-10T09:10:04.841+0000] {processor.py:179} INFO - Processing /home/airflow/.local/lib/python3.8/site-packages/airflow/example_dags/example_latest_only.py took 0.044 seconds
[2023-10-10T09:10:35.641+0000] {processor.py:157} INFO - Started process (PID=2511) to work on /home/airflow/.local/lib/python3.8/site-packages/airflow/example_dags/example_latest_only.py
[2023-10-10T09:10:35.642+0000] {processor.py:829} INFO - Processing file /home/airflow/.local/lib/python3.8/site-packages/airflow/example_dags/example_latest_only.py for tasks to queue
[2023-10-10T09:10:35.643+0000] {logging_mixin.py:151} INFO - [2023-10-10T09:10:35.643+0000] {dagbag.py:539} INFO - Filling up the DagBag from /home/airflow/.local/lib/python3.8/site-packages/airflow/example_dags/example_latest_only.py
[2023-10-10T09:10:35.647+0000] {processor.py:839} INFO - DAG(s) dict_keys(['latest_only']) retrieved from /home/airflow/.local/lib/python3.8/site-packages/airflow/example_dags/example_latest_only.py
[2023-10-10T09:10:35.662+0000] {logging_mixin.py:151} INFO - [2023-10-10T09:10:35.662+0000] {dag.py:2915} INFO - Sync 1 DAGs
[2023-10-10T09:10:35.675+0000] {logging_mixin.py:151} INFO - [2023-10-10T09:10:35.675+0000] {dag.py:3696} INFO - Setting next_dagrun for latest_only to 2023-10-10T05:10:35.675470+00:00, run_after=2023-10-10T09:10:35.675470+00:00
[2023-10-10T09:10:35.684+0000] {processor.py:179} INFO - Processing /home/airflow/.local/lib/python3.8/site-packages/airflow/example_dags/example_latest_only.py took 0.046 seconds
[2023-10-10T09:11:06.005+0000] {processor.py:157} INFO - Started process (PID=2572) to work on /home/airflow/.local/lib/python3.8/site-packages/airflow/example_dags/example_latest_only.py
[2023-10-10T09:11:06.006+0000] {processor.py:829} INFO - Processing file /home/airflow/.local/lib/python3.8/site-packages/airflow/example_dags/example_latest_only.py for tasks to queue
[2023-10-10T09:11:06.007+0000] {logging_mixin.py:151} INFO - [2023-10-10T09:11:06.007+0000] {dagbag.py:539} INFO - Filling up the DagBag from /home/airflow/.local/lib/python3.8/site-packages/airflow/example_dags/example_latest_only.py
[2023-10-10T09:11:06.011+0000] {processor.py:839} INFO - DAG(s) dict_keys(['latest_only']) retrieved from /home/airflow/.local/lib/python3.8/site-packages/airflow/example_dags/example_latest_only.py
[2023-10-10T09:11:06.026+0000] {logging_mixin.py:151} INFO - [2023-10-10T09:11:06.026+0000] {dag.py:2915} INFO - Sync 1 DAGs
[2023-10-10T09:11:06.039+0000] {logging_mixin.py:151} INFO - [2023-10-10T09:11:06.039+0000] {dag.py:3696} INFO - Setting next_dagrun for latest_only to 2023-10-10T05:11:06.039679+00:00, run_after=2023-10-10T09:11:06.039679+00:00
[2023-10-10T09:11:06.049+0000] {processor.py:179} INFO - Processing /home/airflow/.local/lib/python3.8/site-packages/airflow/example_dags/example_latest_only.py took 0.046 seconds
[2023-10-10T09:11:36.329+0000] {processor.py:157} INFO - Started process (PID=2633) to work on /home/airflow/.local/lib/python3.8/site-packages/airflow/example_dags/example_latest_only.py
[2023-10-10T09:11:36.330+0000] {processor.py:829} INFO - Processing file /home/airflow/.local/lib/python3.8/site-packages/airflow/example_dags/example_latest_only.py for tasks to queue
[2023-10-10T09:11:36.331+0000] {logging_mixin.py:151} INFO - [2023-10-10T09:11:36.331+0000] {dagbag.py:539} INFO - Filling up the DagBag from /home/airflow/.local/lib/python3.8/site-packages/airflow/example_dags/example_latest_only.py
[2023-10-10T09:11:36.335+0000] {processor.py:839} INFO - DAG(s) dict_keys(['latest_only']) retrieved from /home/airflow/.local/lib/python3.8/site-packages/airflow/example_dags/example_latest_only.py
[2023-10-10T09:11:36.350+0000] {logging_mixin.py:151} INFO - [2023-10-10T09:11:36.350+0000] {dag.py:2915} INFO - Sync 1 DAGs
[2023-10-10T09:11:36.363+0000] {logging_mixin.py:151} INFO - [2023-10-10T09:11:36.363+0000] {dag.py:3696} INFO - Setting next_dagrun for latest_only to 2023-10-10T05:11:36.363458+00:00, run_after=2023-10-10T09:11:36.363458+00:00
[2023-10-10T09:11:36.373+0000] {processor.py:179} INFO - Processing /home/airflow/.local/lib/python3.8/site-packages/airflow/example_dags/example_latest_only.py took 0.046 seconds
[2023-10-10T09:12:07.058+0000] {processor.py:157} INFO - Started process (PID=2694) to work on /home/airflow/.local/lib/python3.8/site-packages/airflow/example_dags/example_latest_only.py
[2023-10-10T09:12:07.059+0000] {processor.py:829} INFO - Processing file /home/airflow/.local/lib/python3.8/site-packages/airflow/example_dags/example_latest_only.py for tasks to queue
[2023-10-10T09:12:07.061+0000] {logging_mixin.py:151} INFO - [2023-10-10T09:12:07.061+0000] {dagbag.py:539} INFO - Filling up the DagBag from /home/airflow/.local/lib/python3.8/site-packages/airflow/example_dags/example_latest_only.py
[2023-10-10T09:12:07.064+0000] {processor.py:839} INFO - DAG(s) dict_keys(['latest_only']) retrieved from /home/airflow/.local/lib/python3.8/site-packages/airflow/example_dags/example_latest_only.py
[2023-10-10T09:12:07.081+0000] {logging_mixin.py:151} INFO - [2023-10-10T09:12:07.081+0000] {dag.py:2915} INFO - Sync 1 DAGs
[2023-10-10T09:12:07.095+0000] {logging_mixin.py:151} INFO - [2023-10-10T09:12:07.095+0000] {dag.py:3696} INFO - Setting next_dagrun for latest_only to 2023-10-10T05:12:07.095119+00:00, run_after=2023-10-10T09:12:07.095119+00:00
[2023-10-10T09:12:07.104+0000] {processor.py:179} INFO - Processing /home/airflow/.local/lib/python3.8/site-packages/airflow/example_dags/example_latest_only.py took 0.048 seconds
[2023-10-10T09:12:37.642+0000] {processor.py:157} INFO - Started process (PID=2755) to work on /home/airflow/.local/lib/python3.8/site-packages/airflow/example_dags/example_latest_only.py
[2023-10-10T09:12:37.643+0000] {processor.py:829} INFO - Processing file /home/airflow/.local/lib/python3.8/site-packages/airflow/example_dags/example_latest_only.py for tasks to queue
[2023-10-10T09:12:37.645+0000] {logging_mixin.py:151} INFO - [2023-10-10T09:12:37.644+0000] {dagbag.py:539} INFO - Filling up the DagBag from /home/airflow/.local/lib/python3.8/site-packages/airflow/example_dags/example_latest_only.py
[2023-10-10T09:12:37.649+0000] {processor.py:839} INFO - DAG(s) dict_keys(['latest_only']) retrieved from /home/airflow/.local/lib/python3.8/site-packages/airflow/example_dags/example_latest_only.py
[2023-10-10T09:12:37.665+0000] {logging_mixin.py:151} INFO - [2023-10-10T09:12:37.665+0000] {dag.py:2915} INFO - Sync 1 DAGs
[2023-10-10T09:12:37.679+0000] {logging_mixin.py:151} INFO - [2023-10-10T09:12:37.678+0000] {dag.py:3696} INFO - Setting next_dagrun for latest_only to 2023-10-10T05:12:37.678782+00:00, run_after=2023-10-10T09:12:37.678782+00:00
[2023-10-10T09:12:37.688+0000] {processor.py:179} INFO - Processing /home/airflow/.local/lib/python3.8/site-packages/airflow/example_dags/example_latest_only.py took 0.048 seconds
[2023-10-10T09:13:08.669+0000] {processor.py:157} INFO - Started process (PID=2816) to work on /home/airflow/.local/lib/python3.8/site-packages/airflow/example_dags/example_latest_only.py
[2023-10-10T09:13:08.670+0000] {processor.py:829} INFO - Processing file /home/airflow/.local/lib/python3.8/site-packages/airflow/example_dags/example_latest_only.py for tasks to queue
[2023-10-10T09:13:08.671+0000] {logging_mixin.py:151} INFO - [2023-10-10T09:13:08.671+0000] {dagbag.py:539} INFO - Filling up the DagBag from /home/airflow/.local/lib/python3.8/site-packages/airflow/example_dags/example_latest_only.py
[2023-10-10T09:13:08.676+0000] {processor.py:839} INFO - DAG(s) dict_keys(['latest_only']) retrieved from /home/airflow/.local/lib/python3.8/site-packages/airflow/example_dags/example_latest_only.py
[2023-10-10T09:13:08.693+0000] {logging_mixin.py:151} INFO - [2023-10-10T09:13:08.693+0000] {dag.py:2915} INFO - Sync 1 DAGs
[2023-10-10T09:13:08.710+0000] {logging_mixin.py:151} INFO - [2023-10-10T09:13:08.710+0000] {dag.py:3696} INFO - Setting next_dagrun for latest_only to 2023-10-10T05:13:08.709931+00:00, run_after=2023-10-10T09:13:08.709931+00:00
[2023-10-10T09:13:08.727+0000] {processor.py:179} INFO - Processing /home/airflow/.local/lib/python3.8/site-packages/airflow/example_dags/example_latest_only.py took 0.061 seconds
[2023-10-10T09:13:39.229+0000] {processor.py:157} INFO - Started process (PID=2875) to work on /home/airflow/.local/lib/python3.8/site-packages/airflow/example_dags/example_latest_only.py
[2023-10-10T09:13:39.230+0000] {processor.py:829} INFO - Processing file /home/airflow/.local/lib/python3.8/site-packages/airflow/example_dags/example_latest_only.py for tasks to queue
[2023-10-10T09:13:39.232+0000] {logging_mixin.py:151} INFO - [2023-10-10T09:13:39.232+0000] {dagbag.py:539} INFO - Filling up the DagBag from /home/airflow/.local/lib/python3.8/site-packages/airflow/example_dags/example_latest_only.py
[2023-10-10T09:13:39.235+0000] {processor.py:839} INFO - DAG(s) dict_keys(['latest_only']) retrieved from /home/airflow/.local/lib/python3.8/site-packages/airflow/example_dags/example_latest_only.py
[2023-10-10T09:13:39.252+0000] {logging_mixin.py:151} INFO - [2023-10-10T09:13:39.252+0000] {dag.py:2915} INFO - Sync 1 DAGs
[2023-10-10T09:13:39.268+0000] {logging_mixin.py:151} INFO - [2023-10-10T09:13:39.268+0000] {dag.py:3696} INFO - Setting next_dagrun for latest_only to 2023-10-10T05:13:39.268315+00:00, run_after=2023-10-10T09:13:39.268315+00:00
[2023-10-10T09:13:39.280+0000] {processor.py:179} INFO - Processing /home/airflow/.local/lib/python3.8/site-packages/airflow/example_dags/example_latest_only.py took 0.054 seconds
[2023-10-10T09:14:09.718+0000] {processor.py:157} INFO - Started process (PID=2936) to work on /home/airflow/.local/lib/python3.8/site-packages/airflow/example_dags/example_latest_only.py
[2023-10-10T09:14:09.719+0000] {processor.py:829} INFO - Processing file /home/airflow/.local/lib/python3.8/site-packages/airflow/example_dags/example_latest_only.py for tasks to queue
[2023-10-10T09:14:09.720+0000] {logging_mixin.py:151} INFO - [2023-10-10T09:14:09.720+0000] {dagbag.py:539} INFO - Filling up the DagBag from /home/airflow/.local/lib/python3.8/site-packages/airflow/example_dags/example_latest_only.py
[2023-10-10T09:14:09.724+0000] {processor.py:839} INFO - DAG(s) dict_keys(['latest_only']) retrieved from /home/airflow/.local/lib/python3.8/site-packages/airflow/example_dags/example_latest_only.py
[2023-10-10T09:14:09.738+0000] {logging_mixin.py:151} INFO - [2023-10-10T09:14:09.738+0000] {dag.py:2915} INFO - Sync 1 DAGs
[2023-10-10T09:14:09.752+0000] {logging_mixin.py:151} INFO - [2023-10-10T09:14:09.752+0000] {dag.py:3696} INFO - Setting next_dagrun for latest_only to 2023-10-10T05:14:09.752085+00:00, run_after=2023-10-10T09:14:09.752085+00:00
[2023-10-10T09:14:09.763+0000] {processor.py:179} INFO - Processing /home/airflow/.local/lib/python3.8/site-packages/airflow/example_dags/example_latest_only.py took 0.048 seconds
[2023-10-10T09:14:40.488+0000] {processor.py:157} INFO - Started process (PID=2997) to work on /home/airflow/.local/lib/python3.8/site-packages/airflow/example_dags/example_latest_only.py
[2023-10-10T09:14:40.490+0000] {processor.py:829} INFO - Processing file /home/airflow/.local/lib/python3.8/site-packages/airflow/example_dags/example_latest_only.py for tasks to queue
[2023-10-10T09:14:40.491+0000] {logging_mixin.py:151} INFO - [2023-10-10T09:14:40.491+0000] {dagbag.py:539} INFO - Filling up the DagBag from /home/airflow/.local/lib/python3.8/site-packages/airflow/example_dags/example_latest_only.py
[2023-10-10T09:14:40.496+0000] {processor.py:839} INFO - DAG(s) dict_keys(['latest_only']) retrieved from /home/airflow/.local/lib/python3.8/site-packages/airflow/example_dags/example_latest_only.py
[2023-10-10T09:14:40.512+0000] {logging_mixin.py:151} INFO - [2023-10-10T09:14:40.512+0000] {dag.py:2915} INFO - Sync 1 DAGs
[2023-10-10T09:14:40.528+0000] {logging_mixin.py:151} INFO - [2023-10-10T09:14:40.528+0000] {dag.py:3696} INFO - Setting next_dagrun for latest_only to 2023-10-10T05:14:40.528656+00:00, run_after=2023-10-10T09:14:40.528656+00:00
[2023-10-10T09:14:40.539+0000] {processor.py:179} INFO - Processing /home/airflow/.local/lib/python3.8/site-packages/airflow/example_dags/example_latest_only.py took 0.054 seconds
[2023-10-10T09:15:10.745+0000] {processor.py:157} INFO - Started process (PID=3058) to work on /home/airflow/.local/lib/python3.8/site-packages/airflow/example_dags/example_latest_only.py
[2023-10-10T09:15:10.746+0000] {processor.py:829} INFO - Processing file /home/airflow/.local/lib/python3.8/site-packages/airflow/example_dags/example_latest_only.py for tasks to queue
[2023-10-10T09:15:10.749+0000] {logging_mixin.py:151} INFO - [2023-10-10T09:15:10.748+0000] {dagbag.py:539} INFO - Filling up the DagBag from /home/airflow/.local/lib/python3.8/site-packages/airflow/example_dags/example_latest_only.py
[2023-10-10T09:15:10.755+0000] {processor.py:839} INFO - DAG(s) dict_keys(['latest_only']) retrieved from /home/airflow/.local/lib/python3.8/site-packages/airflow/example_dags/example_latest_only.py
[2023-10-10T09:15:10.773+0000] {logging_mixin.py:151} INFO - [2023-10-10T09:15:10.773+0000] {dag.py:2915} INFO - Sync 1 DAGs
[2023-10-10T09:15:10.787+0000] {logging_mixin.py:151} INFO - [2023-10-10T09:15:10.787+0000] {dag.py:3696} INFO - Setting next_dagrun for latest_only to 2023-10-10T05:15:10.786918+00:00, run_after=2023-10-10T09:15:10.786918+00:00
[2023-10-10T09:15:10.796+0000] {processor.py:179} INFO - Processing /home/airflow/.local/lib/python3.8/site-packages/airflow/example_dags/example_latest_only.py took 0.053 seconds
[2023-10-10T09:15:41.601+0000] {processor.py:157} INFO - Started process (PID=3119) to work on /home/airflow/.local/lib/python3.8/site-packages/airflow/example_dags/example_latest_only.py
[2023-10-10T09:15:41.601+0000] {processor.py:829} INFO - Processing file /home/airflow/.local/lib/python3.8/site-packages/airflow/example_dags/example_latest_only.py for tasks to queue
[2023-10-10T09:15:41.603+0000] {logging_mixin.py:151} INFO - [2023-10-10T09:15:41.603+0000] {dagbag.py:539} INFO - Filling up the DagBag from /home/airflow/.local/lib/python3.8/site-packages/airflow/example_dags/example_latest_only.py
[2023-10-10T09:15:41.608+0000] {processor.py:839} INFO - DAG(s) dict_keys(['latest_only']) retrieved from /home/airflow/.local/lib/python3.8/site-packages/airflow/example_dags/example_latest_only.py
[2023-10-10T09:15:41.624+0000] {logging_mixin.py:151} INFO - [2023-10-10T09:15:41.624+0000] {dag.py:2915} INFO - Sync 1 DAGs
[2023-10-10T09:15:41.637+0000] {logging_mixin.py:151} INFO - [2023-10-10T09:15:41.637+0000] {dag.py:3696} INFO - Setting next_dagrun for latest_only to 2023-10-10T05:15:41.637665+00:00, run_after=2023-10-10T09:15:41.637665+00:00
[2023-10-10T09:15:41.648+0000] {processor.py:179} INFO - Processing /home/airflow/.local/lib/python3.8/site-packages/airflow/example_dags/example_latest_only.py took 0.052 seconds
[2023-10-10T09:16:12.641+0000] {processor.py:157} INFO - Started process (PID=3180) to work on /home/airflow/.local/lib/python3.8/site-packages/airflow/example_dags/example_latest_only.py
[2023-10-10T09:16:12.642+0000] {processor.py:829} INFO - Processing file /home/airflow/.local/lib/python3.8/site-packages/airflow/example_dags/example_latest_only.py for tasks to queue
[2023-10-10T09:16:12.644+0000] {logging_mixin.py:151} INFO - [2023-10-10T09:16:12.644+0000] {dagbag.py:539} INFO - Filling up the DagBag from /home/airflow/.local/lib/python3.8/site-packages/airflow/example_dags/example_latest_only.py
[2023-10-10T09:16:12.647+0000] {processor.py:839} INFO - DAG(s) dict_keys(['latest_only']) retrieved from /home/airflow/.local/lib/python3.8/site-packages/airflow/example_dags/example_latest_only.py
[2023-10-10T09:16:12.664+0000] {logging_mixin.py:151} INFO - [2023-10-10T09:16:12.664+0000] {dag.py:2915} INFO - Sync 1 DAGs
[2023-10-10T09:16:12.684+0000] {logging_mixin.py:151} INFO - [2023-10-10T09:16:12.684+0000] {dag.py:3696} INFO - Setting next_dagrun for latest_only to 2023-10-10T05:16:12.684128+00:00, run_after=2023-10-10T09:16:12.684128+00:00
[2023-10-10T09:16:12.698+0000] {processor.py:179} INFO - Processing /home/airflow/.local/lib/python3.8/site-packages/airflow/example_dags/example_latest_only.py took 0.060 seconds
[2023-10-10T09:16:44.005+0000] {processor.py:157} INFO - Started process (PID=3241) to work on /home/airflow/.local/lib/python3.8/site-packages/airflow/example_dags/example_latest_only.py
[2023-10-10T09:16:44.007+0000] {processor.py:829} INFO - Processing file /home/airflow/.local/lib/python3.8/site-packages/airflow/example_dags/example_latest_only.py for tasks to queue
[2023-10-10T09:16:44.009+0000] {logging_mixin.py:151} INFO - [2023-10-10T09:16:44.009+0000] {dagbag.py:539} INFO - Filling up the DagBag from /home/airflow/.local/lib/python3.8/site-packages/airflow/example_dags/example_latest_only.py
[2023-10-10T09:16:44.016+0000] {processor.py:839} INFO - DAG(s) dict_keys(['latest_only']) retrieved from /home/airflow/.local/lib/python3.8/site-packages/airflow/example_dags/example_latest_only.py
[2023-10-10T09:16:44.038+0000] {logging_mixin.py:151} INFO - [2023-10-10T09:16:44.037+0000] {dag.py:2915} INFO - Sync 1 DAGs
[2023-10-10T09:16:44.068+0000] {logging_mixin.py:151} INFO - [2023-10-10T09:16:44.068+0000] {dag.py:3696} INFO - Setting next_dagrun for latest_only to 2023-10-10T05:16:44.067614+00:00, run_after=2023-10-10T09:16:44.067614+00:00
[2023-10-10T09:16:44.112+0000] {processor.py:179} INFO - Processing /home/airflow/.local/lib/python3.8/site-packages/airflow/example_dags/example_latest_only.py took 0.111 seconds
[2023-10-10T09:17:14.188+0000] {processor.py:157} INFO - Started process (PID=3295) to work on /home/airflow/.local/lib/python3.8/site-packages/airflow/example_dags/example_latest_only.py
[2023-10-10T09:17:14.189+0000] {processor.py:829} INFO - Processing file /home/airflow/.local/lib/python3.8/site-packages/airflow/example_dags/example_latest_only.py for tasks to queue
[2023-10-10T09:17:14.190+0000] {logging_mixin.py:151} INFO - [2023-10-10T09:17:14.190+0000] {dagbag.py:539} INFO - Filling up the DagBag from /home/airflow/.local/lib/python3.8/site-packages/airflow/example_dags/example_latest_only.py
[2023-10-10T09:17:14.193+0000] {processor.py:839} INFO - DAG(s) dict_keys(['latest_only']) retrieved from /home/airflow/.local/lib/python3.8/site-packages/airflow/example_dags/example_latest_only.py
[2023-10-10T09:17:14.209+0000] {logging_mixin.py:151} INFO - [2023-10-10T09:17:14.209+0000] {dag.py:2915} INFO - Sync 1 DAGs
[2023-10-10T09:17:14.223+0000] {logging_mixin.py:151} INFO - [2023-10-10T09:17:14.223+0000] {dag.py:3696} INFO - Setting next_dagrun for latest_only to 2023-10-10T05:17:14.223630+00:00, run_after=2023-10-10T09:17:14.223630+00:00
[2023-10-10T09:17:14.233+0000] {processor.py:179} INFO - Processing /home/airflow/.local/lib/python3.8/site-packages/airflow/example_dags/example_latest_only.py took 0.047 seconds
[2023-10-10T09:17:45.258+0000] {processor.py:157} INFO - Started process (PID=3355) to work on /home/airflow/.local/lib/python3.8/site-packages/airflow/example_dags/example_latest_only.py
[2023-10-10T09:17:45.259+0000] {processor.py:829} INFO - Processing file /home/airflow/.local/lib/python3.8/site-packages/airflow/example_dags/example_latest_only.py for tasks to queue
[2023-10-10T09:17:45.261+0000] {logging_mixin.py:151} INFO - [2023-10-10T09:17:45.260+0000] {dagbag.py:539} INFO - Filling up the DagBag from /home/airflow/.local/lib/python3.8/site-packages/airflow/example_dags/example_latest_only.py
[2023-10-10T09:17:45.264+0000] {processor.py:839} INFO - DAG(s) dict_keys(['latest_only']) retrieved from /home/airflow/.local/lib/python3.8/site-packages/airflow/example_dags/example_latest_only.py
[2023-10-10T09:17:45.279+0000] {logging_mixin.py:151} INFO - [2023-10-10T09:17:45.279+0000] {dag.py:2915} INFO - Sync 1 DAGs
[2023-10-10T09:17:45.293+0000] {logging_mixin.py:151} INFO - [2023-10-10T09:17:45.292+0000] {dag.py:3696} INFO - Setting next_dagrun for latest_only to 2023-10-10T05:17:45.292747+00:00, run_after=2023-10-10T09:17:45.292747+00:00
[2023-10-10T09:17:45.304+0000] {processor.py:179} INFO - Processing /home/airflow/.local/lib/python3.8/site-packages/airflow/example_dags/example_latest_only.py took 0.048 seconds
[2023-10-10T09:18:15.784+0000] {processor.py:157} INFO - Started process (PID=3416) to work on /home/airflow/.local/lib/python3.8/site-packages/airflow/example_dags/example_latest_only.py
[2023-10-10T09:18:15.785+0000] {processor.py:829} INFO - Processing file /home/airflow/.local/lib/python3.8/site-packages/airflow/example_dags/example_latest_only.py for tasks to queue
[2023-10-10T09:18:15.786+0000] {logging_mixin.py:151} INFO - [2023-10-10T09:18:15.786+0000] {dagbag.py:539} INFO - Filling up the DagBag from /home/airflow/.local/lib/python3.8/site-packages/airflow/example_dags/example_latest_only.py
[2023-10-10T09:18:15.796+0000] {processor.py:839} INFO - DAG(s) dict_keys(['latest_only']) retrieved from /home/airflow/.local/lib/python3.8/site-packages/airflow/example_dags/example_latest_only.py
[2023-10-10T09:18:15.821+0000] {logging_mixin.py:151} INFO - [2023-10-10T09:18:15.821+0000] {dag.py:2915} INFO - Sync 1 DAGs
[2023-10-10T09:18:15.856+0000] {logging_mixin.py:151} INFO - [2023-10-10T09:18:15.856+0000] {dag.py:3696} INFO - Setting next_dagrun for latest_only to 2023-10-10T05:18:15.854278+00:00, run_after=2023-10-10T09:18:15.854278+00:00
[2023-10-10T09:18:15.872+0000] {processor.py:179} INFO - Processing /home/airflow/.local/lib/python3.8/site-packages/airflow/example_dags/example_latest_only.py took 0.091 seconds
[2023-10-10T09:18:46.187+0000] {processor.py:157} INFO - Started process (PID=3484) to work on /home/airflow/.local/lib/python3.8/site-packages/airflow/example_dags/example_latest_only.py
[2023-10-10T09:18:46.188+0000] {processor.py:829} INFO - Processing file /home/airflow/.local/lib/python3.8/site-packages/airflow/example_dags/example_latest_only.py for tasks to queue
[2023-10-10T09:18:46.189+0000] {logging_mixin.py:151} INFO - [2023-10-10T09:18:46.189+0000] {dagbag.py:539} INFO - Filling up the DagBag from /home/airflow/.local/lib/python3.8/site-packages/airflow/example_dags/example_latest_only.py
[2023-10-10T09:18:46.193+0000] {processor.py:839} INFO - DAG(s) dict_keys(['latest_only']) retrieved from /home/airflow/.local/lib/python3.8/site-packages/airflow/example_dags/example_latest_only.py
[2023-10-10T09:18:46.208+0000] {logging_mixin.py:151} INFO - [2023-10-10T09:18:46.208+0000] {dag.py:2915} INFO - Sync 1 DAGs
[2023-10-10T09:18:46.228+0000] {logging_mixin.py:151} INFO - [2023-10-10T09:18:46.228+0000] {dag.py:3696} INFO - Setting next_dagrun for latest_only to 2023-10-10T05:18:46.228392+00:00, run_after=2023-10-10T09:18:46.228392+00:00
[2023-10-10T09:18:46.240+0000] {processor.py:179} INFO - Processing /home/airflow/.local/lib/python3.8/site-packages/airflow/example_dags/example_latest_only.py took 0.057 seconds
[2023-10-10T09:19:16.389+0000] {processor.py:157} INFO - Started process (PID=3544) to work on /home/airflow/.local/lib/python3.8/site-packages/airflow/example_dags/example_latest_only.py
[2023-10-10T09:19:16.390+0000] {processor.py:829} INFO - Processing file /home/airflow/.local/lib/python3.8/site-packages/airflow/example_dags/example_latest_only.py for tasks to queue
[2023-10-10T09:19:16.392+0000] {logging_mixin.py:151} INFO - [2023-10-10T09:19:16.392+0000] {dagbag.py:539} INFO - Filling up the DagBag from /home/airflow/.local/lib/python3.8/site-packages/airflow/example_dags/example_latest_only.py
[2023-10-10T09:19:16.395+0000] {processor.py:839} INFO - DAG(s) dict_keys(['latest_only']) retrieved from /home/airflow/.local/lib/python3.8/site-packages/airflow/example_dags/example_latest_only.py
[2023-10-10T09:19:16.412+0000] {logging_mixin.py:151} INFO - [2023-10-10T09:19:16.411+0000] {dag.py:2915} INFO - Sync 1 DAGs
[2023-10-10T09:19:16.426+0000] {logging_mixin.py:151} INFO - [2023-10-10T09:19:16.426+0000] {dag.py:3696} INFO - Setting next_dagrun for latest_only to 2023-10-10T05:19:16.426156+00:00, run_after=2023-10-10T09:19:16.426156+00:00
[2023-10-10T09:19:16.436+0000] {processor.py:179} INFO - Processing /home/airflow/.local/lib/python3.8/site-packages/airflow/example_dags/example_latest_only.py took 0.049 seconds
[2023-10-10T09:19:46.704+0000] {processor.py:157} INFO - Started process (PID=3605) to work on /home/airflow/.local/lib/python3.8/site-packages/airflow/example_dags/example_latest_only.py
[2023-10-10T09:19:46.706+0000] {processor.py:829} INFO - Processing file /home/airflow/.local/lib/python3.8/site-packages/airflow/example_dags/example_latest_only.py for tasks to queue
[2023-10-10T09:19:46.708+0000] {logging_mixin.py:151} INFO - [2023-10-10T09:19:46.708+0000] {dagbag.py:539} INFO - Filling up the DagBag from /home/airflow/.local/lib/python3.8/site-packages/airflow/example_dags/example_latest_only.py
[2023-10-10T09:19:46.716+0000] {processor.py:839} INFO - DAG(s) dict_keys(['latest_only']) retrieved from /home/airflow/.local/lib/python3.8/site-packages/airflow/example_dags/example_latest_only.py
[2023-10-10T09:19:46.741+0000] {logging_mixin.py:151} INFO - [2023-10-10T09:19:46.741+0000] {dag.py:2915} INFO - Sync 1 DAGs
[2023-10-10T09:19:46.759+0000] {logging_mixin.py:151} INFO - [2023-10-10T09:19:46.758+0000] {dag.py:3696} INFO - Setting next_dagrun for latest_only to 2023-10-10T05:19:46.758644+00:00, run_after=2023-10-10T09:19:46.758644+00:00
[2023-10-10T09:19:46.769+0000] {processor.py:179} INFO - Processing /home/airflow/.local/lib/python3.8/site-packages/airflow/example_dags/example_latest_only.py took 0.068 seconds
