[2023-10-10T08:49:50.647+0000] {processor.py:157} INFO - Started process (PID=52) to work on /home/airflow/.local/lib/python3.8/site-packages/airflow/example_dags/example_complex.py
[2023-10-10T08:49:50.649+0000] {processor.py:829} INFO - Processing file /home/airflow/.local/lib/python3.8/site-packages/airflow/example_dags/example_complex.py for tasks to queue
[2023-10-10T08:49:50.656+0000] {logging_mixin.py:151} INFO - [2023-10-10T08:49:50.656+0000] {dagbag.py:539} INFO - Filling up the DagBag from /home/airflow/.local/lib/python3.8/site-packages/airflow/example_dags/example_complex.py
[2023-10-10T08:49:50.682+0000] {processor.py:839} INFO - DAG(s) dict_keys(['example_complex']) retrieved from /home/airflow/.local/lib/python3.8/site-packages/airflow/example_dags/example_complex.py
[2023-10-10T08:49:50.782+0000] {logging_mixin.py:151} INFO - [2023-10-10T08:49:50.782+0000] {dag.py:2915} INFO - Sync 1 DAGs
[2023-10-10T08:49:50.862+0000] {logging_mixin.py:151} INFO - [2023-10-10T08:49:50.862+0000] {dag.py:3696} INFO - Setting next_dagrun for example_complex to None, run_after=None
[2023-10-10T08:49:50.939+0000] {processor.py:179} INFO - Processing /home/airflow/.local/lib/python3.8/site-packages/airflow/example_dags/example_complex.py took 0.302 seconds
[2023-10-10T08:50:23.750+0000] {processor.py:157} INFO - Started process (PID=107) to work on /home/airflow/.local/lib/python3.8/site-packages/airflow/example_dags/example_complex.py
[2023-10-10T08:50:23.751+0000] {processor.py:829} INFO - Processing file /home/airflow/.local/lib/python3.8/site-packages/airflow/example_dags/example_complex.py for tasks to queue
[2023-10-10T08:50:23.753+0000] {logging_mixin.py:151} INFO - [2023-10-10T08:50:23.753+0000] {dagbag.py:539} INFO - Filling up the DagBag from /home/airflow/.local/lib/python3.8/site-packages/airflow/example_dags/example_complex.py
[2023-10-10T08:50:23.766+0000] {processor.py:839} INFO - DAG(s) dict_keys(['example_complex']) retrieved from /home/airflow/.local/lib/python3.8/site-packages/airflow/example_dags/example_complex.py
[2023-10-10T08:50:23.797+0000] {logging_mixin.py:151} INFO - [2023-10-10T08:50:23.797+0000] {dag.py:2915} INFO - Sync 1 DAGs
[2023-10-10T08:50:23.808+0000] {logging_mixin.py:151} INFO - [2023-10-10T08:50:23.808+0000] {dag.py:3696} INFO - Setting next_dagrun for example_complex to None, run_after=None
[2023-10-10T08:50:23.829+0000] {processor.py:179} INFO - Processing /home/airflow/.local/lib/python3.8/site-packages/airflow/example_dags/example_complex.py took 0.082 seconds
[2023-10-10T08:50:53.921+0000] {processor.py:157} INFO - Started process (PID=167) to work on /home/airflow/.local/lib/python3.8/site-packages/airflow/example_dags/example_complex.py
[2023-10-10T08:50:53.922+0000] {processor.py:829} INFO - Processing file /home/airflow/.local/lib/python3.8/site-packages/airflow/example_dags/example_complex.py for tasks to queue
[2023-10-10T08:50:53.923+0000] {logging_mixin.py:151} INFO - [2023-10-10T08:50:53.923+0000] {dagbag.py:539} INFO - Filling up the DagBag from /home/airflow/.local/lib/python3.8/site-packages/airflow/example_dags/example_complex.py
[2023-10-10T08:50:53.930+0000] {processor.py:839} INFO - DAG(s) dict_keys(['example_complex']) retrieved from /home/airflow/.local/lib/python3.8/site-packages/airflow/example_dags/example_complex.py
[2023-10-10T08:50:53.952+0000] {logging_mixin.py:151} INFO - [2023-10-10T08:50:53.952+0000] {dag.py:2915} INFO - Sync 1 DAGs
[2023-10-10T08:50:53.963+0000] {logging_mixin.py:151} INFO - [2023-10-10T08:50:53.963+0000] {dag.py:3696} INFO - Setting next_dagrun for example_complex to None, run_after=None
[2023-10-10T08:50:53.973+0000] {processor.py:179} INFO - Processing /home/airflow/.local/lib/python3.8/site-packages/airflow/example_dags/example_complex.py took 0.055 seconds
[2023-10-10T08:51:24.342+0000] {processor.py:157} INFO - Started process (PID=228) to work on /home/airflow/.local/lib/python3.8/site-packages/airflow/example_dags/example_complex.py
[2023-10-10T08:51:24.344+0000] {processor.py:829} INFO - Processing file /home/airflow/.local/lib/python3.8/site-packages/airflow/example_dags/example_complex.py for tasks to queue
[2023-10-10T08:51:24.345+0000] {logging_mixin.py:151} INFO - [2023-10-10T08:51:24.345+0000] {dagbag.py:539} INFO - Filling up the DagBag from /home/airflow/.local/lib/python3.8/site-packages/airflow/example_dags/example_complex.py
[2023-10-10T08:51:24.353+0000] {processor.py:839} INFO - DAG(s) dict_keys(['example_complex']) retrieved from /home/airflow/.local/lib/python3.8/site-packages/airflow/example_dags/example_complex.py
[2023-10-10T08:51:24.372+0000] {logging_mixin.py:151} INFO - [2023-10-10T08:51:24.372+0000] {dag.py:2915} INFO - Sync 1 DAGs
[2023-10-10T08:51:24.382+0000] {logging_mixin.py:151} INFO - [2023-10-10T08:51:24.381+0000] {dag.py:3696} INFO - Setting next_dagrun for example_complex to None, run_after=None
[2023-10-10T08:51:24.394+0000] {processor.py:179} INFO - Processing /home/airflow/.local/lib/python3.8/site-packages/airflow/example_dags/example_complex.py took 0.055 seconds
[2023-10-10T08:51:55.303+0000] {processor.py:157} INFO - Started process (PID=289) to work on /home/airflow/.local/lib/python3.8/site-packages/airflow/example_dags/example_complex.py
[2023-10-10T08:51:55.304+0000] {processor.py:829} INFO - Processing file /home/airflow/.local/lib/python3.8/site-packages/airflow/example_dags/example_complex.py for tasks to queue
[2023-10-10T08:51:55.306+0000] {logging_mixin.py:151} INFO - [2023-10-10T08:51:55.306+0000] {dagbag.py:539} INFO - Filling up the DagBag from /home/airflow/.local/lib/python3.8/site-packages/airflow/example_dags/example_complex.py
[2023-10-10T08:51:55.313+0000] {processor.py:839} INFO - DAG(s) dict_keys(['example_complex']) retrieved from /home/airflow/.local/lib/python3.8/site-packages/airflow/example_dags/example_complex.py
[2023-10-10T08:51:55.340+0000] {logging_mixin.py:151} INFO - [2023-10-10T08:51:55.340+0000] {dag.py:2915} INFO - Sync 1 DAGs
[2023-10-10T08:51:55.352+0000] {logging_mixin.py:151} INFO - [2023-10-10T08:51:55.352+0000] {dag.py:3696} INFO - Setting next_dagrun for example_complex to None, run_after=None
[2023-10-10T08:51:55.364+0000] {processor.py:179} INFO - Processing /home/airflow/.local/lib/python3.8/site-packages/airflow/example_dags/example_complex.py took 0.063 seconds
[2023-10-10T08:52:25.687+0000] {processor.py:157} INFO - Started process (PID=350) to work on /home/airflow/.local/lib/python3.8/site-packages/airflow/example_dags/example_complex.py
[2023-10-10T08:52:25.689+0000] {processor.py:829} INFO - Processing file /home/airflow/.local/lib/python3.8/site-packages/airflow/example_dags/example_complex.py for tasks to queue
[2023-10-10T08:52:25.691+0000] {logging_mixin.py:151} INFO - [2023-10-10T08:52:25.691+0000] {dagbag.py:539} INFO - Filling up the DagBag from /home/airflow/.local/lib/python3.8/site-packages/airflow/example_dags/example_complex.py
[2023-10-10T08:52:25.699+0000] {processor.py:839} INFO - DAG(s) dict_keys(['example_complex']) retrieved from /home/airflow/.local/lib/python3.8/site-packages/airflow/example_dags/example_complex.py
[2023-10-10T08:52:25.725+0000] {logging_mixin.py:151} INFO - [2023-10-10T08:52:25.725+0000] {dag.py:2915} INFO - Sync 1 DAGs
[2023-10-10T08:52:25.733+0000] {logging_mixin.py:151} INFO - [2023-10-10T08:52:25.733+0000] {dag.py:3696} INFO - Setting next_dagrun for example_complex to None, run_after=None
[2023-10-10T08:52:25.744+0000] {processor.py:179} INFO - Processing /home/airflow/.local/lib/python3.8/site-packages/airflow/example_dags/example_complex.py took 0.060 seconds
[2023-10-10T08:52:56.684+0000] {processor.py:157} INFO - Started process (PID=409) to work on /home/airflow/.local/lib/python3.8/site-packages/airflow/example_dags/example_complex.py
[2023-10-10T08:52:56.685+0000] {processor.py:829} INFO - Processing file /home/airflow/.local/lib/python3.8/site-packages/airflow/example_dags/example_complex.py for tasks to queue
[2023-10-10T08:52:56.688+0000] {logging_mixin.py:151} INFO - [2023-10-10T08:52:56.687+0000] {dagbag.py:539} INFO - Filling up the DagBag from /home/airflow/.local/lib/python3.8/site-packages/airflow/example_dags/example_complex.py
[2023-10-10T08:52:56.697+0000] {processor.py:839} INFO - DAG(s) dict_keys(['example_complex']) retrieved from /home/airflow/.local/lib/python3.8/site-packages/airflow/example_dags/example_complex.py
[2023-10-10T08:52:56.728+0000] {logging_mixin.py:151} INFO - [2023-10-10T08:52:56.728+0000] {dag.py:2915} INFO - Sync 1 DAGs
[2023-10-10T08:52:56.748+0000] {logging_mixin.py:151} INFO - [2023-10-10T08:52:56.748+0000] {dag.py:3696} INFO - Setting next_dagrun for example_complex to None, run_after=None
[2023-10-10T08:52:56.762+0000] {processor.py:179} INFO - Processing /home/airflow/.local/lib/python3.8/site-packages/airflow/example_dags/example_complex.py took 0.083 seconds
[2023-10-10T08:53:26.854+0000] {processor.py:157} INFO - Started process (PID=470) to work on /home/airflow/.local/lib/python3.8/site-packages/airflow/example_dags/example_complex.py
[2023-10-10T08:53:26.855+0000] {processor.py:829} INFO - Processing file /home/airflow/.local/lib/python3.8/site-packages/airflow/example_dags/example_complex.py for tasks to queue
[2023-10-10T08:53:26.856+0000] {logging_mixin.py:151} INFO - [2023-10-10T08:53:26.856+0000] {dagbag.py:539} INFO - Filling up the DagBag from /home/airflow/.local/lib/python3.8/site-packages/airflow/example_dags/example_complex.py
[2023-10-10T08:53:26.862+0000] {processor.py:839} INFO - DAG(s) dict_keys(['example_complex']) retrieved from /home/airflow/.local/lib/python3.8/site-packages/airflow/example_dags/example_complex.py
[2023-10-10T08:53:26.884+0000] {logging_mixin.py:151} INFO - [2023-10-10T08:53:26.883+0000] {dag.py:2915} INFO - Sync 1 DAGs
[2023-10-10T08:53:26.895+0000] {logging_mixin.py:151} INFO - [2023-10-10T08:53:26.894+0000] {dag.py:3696} INFO - Setting next_dagrun for example_complex to None, run_after=None
[2023-10-10T08:53:26.908+0000] {processor.py:179} INFO - Processing /home/airflow/.local/lib/python3.8/site-packages/airflow/example_dags/example_complex.py took 0.056 seconds
[2023-10-10T08:53:57.656+0000] {processor.py:157} INFO - Started process (PID=531) to work on /home/airflow/.local/lib/python3.8/site-packages/airflow/example_dags/example_complex.py
[2023-10-10T08:53:57.657+0000] {processor.py:829} INFO - Processing file /home/airflow/.local/lib/python3.8/site-packages/airflow/example_dags/example_complex.py for tasks to queue
[2023-10-10T08:53:57.658+0000] {logging_mixin.py:151} INFO - [2023-10-10T08:53:57.658+0000] {dagbag.py:539} INFO - Filling up the DagBag from /home/airflow/.local/lib/python3.8/site-packages/airflow/example_dags/example_complex.py
[2023-10-10T08:53:57.665+0000] {processor.py:839} INFO - DAG(s) dict_keys(['example_complex']) retrieved from /home/airflow/.local/lib/python3.8/site-packages/airflow/example_dags/example_complex.py
[2023-10-10T08:53:57.686+0000] {logging_mixin.py:151} INFO - [2023-10-10T08:53:57.686+0000] {dag.py:2915} INFO - Sync 1 DAGs
[2023-10-10T08:53:57.693+0000] {logging_mixin.py:151} INFO - [2023-10-10T08:53:57.693+0000] {dag.py:3696} INFO - Setting next_dagrun for example_complex to None, run_after=None
[2023-10-10T08:53:57.703+0000] {processor.py:179} INFO - Processing /home/airflow/.local/lib/python3.8/site-packages/airflow/example_dags/example_complex.py took 0.048 seconds
[2023-10-10T08:54:28.436+0000] {processor.py:157} INFO - Started process (PID=592) to work on /home/airflow/.local/lib/python3.8/site-packages/airflow/example_dags/example_complex.py
[2023-10-10T08:54:28.438+0000] {processor.py:829} INFO - Processing file /home/airflow/.local/lib/python3.8/site-packages/airflow/example_dags/example_complex.py for tasks to queue
[2023-10-10T08:54:28.441+0000] {logging_mixin.py:151} INFO - [2023-10-10T08:54:28.440+0000] {dagbag.py:539} INFO - Filling up the DagBag from /home/airflow/.local/lib/python3.8/site-packages/airflow/example_dags/example_complex.py
[2023-10-10T08:54:28.448+0000] {processor.py:839} INFO - DAG(s) dict_keys(['example_complex']) retrieved from /home/airflow/.local/lib/python3.8/site-packages/airflow/example_dags/example_complex.py
[2023-10-10T08:54:28.472+0000] {logging_mixin.py:151} INFO - [2023-10-10T08:54:28.472+0000] {dag.py:2915} INFO - Sync 1 DAGs
[2023-10-10T08:54:28.480+0000] {logging_mixin.py:151} INFO - [2023-10-10T08:54:28.480+0000] {dag.py:3696} INFO - Setting next_dagrun for example_complex to None, run_after=None
[2023-10-10T08:54:28.490+0000] {processor.py:179} INFO - Processing /home/airflow/.local/lib/python3.8/site-packages/airflow/example_dags/example_complex.py took 0.056 seconds
[2023-10-10T08:55:00.095+0000] {processor.py:157} INFO - Started process (PID=653) to work on /home/airflow/.local/lib/python3.8/site-packages/airflow/example_dags/example_complex.py
[2023-10-10T08:55:00.097+0000] {processor.py:829} INFO - Processing file /home/airflow/.local/lib/python3.8/site-packages/airflow/example_dags/example_complex.py for tasks to queue
[2023-10-10T08:55:00.102+0000] {logging_mixin.py:151} INFO - [2023-10-10T08:55:00.101+0000] {dagbag.py:539} INFO - Filling up the DagBag from /home/airflow/.local/lib/python3.8/site-packages/airflow/example_dags/example_complex.py
[2023-10-10T08:55:00.113+0000] {processor.py:839} INFO - DAG(s) dict_keys(['example_complex']) retrieved from /home/airflow/.local/lib/python3.8/site-packages/airflow/example_dags/example_complex.py
[2023-10-10T08:55:00.140+0000] {logging_mixin.py:151} INFO - [2023-10-10T08:55:00.139+0000] {dag.py:2915} INFO - Sync 1 DAGs
[2023-10-10T08:55:00.156+0000] {logging_mixin.py:151} INFO - [2023-10-10T08:55:00.155+0000] {dag.py:3696} INFO - Setting next_dagrun for example_complex to None, run_after=None
[2023-10-10T08:55:00.191+0000] {processor.py:179} INFO - Processing /home/airflow/.local/lib/python3.8/site-packages/airflow/example_dags/example_complex.py took 0.100 seconds
[2023-10-10T08:55:30.426+0000] {processor.py:157} INFO - Started process (PID=714) to work on /home/airflow/.local/lib/python3.8/site-packages/airflow/example_dags/example_complex.py
[2023-10-10T08:55:30.427+0000] {processor.py:829} INFO - Processing file /home/airflow/.local/lib/python3.8/site-packages/airflow/example_dags/example_complex.py for tasks to queue
[2023-10-10T08:55:30.432+0000] {logging_mixin.py:151} INFO - [2023-10-10T08:55:30.431+0000] {dagbag.py:539} INFO - Filling up the DagBag from /home/airflow/.local/lib/python3.8/site-packages/airflow/example_dags/example_complex.py
[2023-10-10T08:55:30.442+0000] {processor.py:839} INFO - DAG(s) dict_keys(['example_complex']) retrieved from /home/airflow/.local/lib/python3.8/site-packages/airflow/example_dags/example_complex.py
[2023-10-10T08:55:30.478+0000] {logging_mixin.py:151} INFO - [2023-10-10T08:55:30.478+0000] {dag.py:2915} INFO - Sync 1 DAGs
[2023-10-10T08:55:30.492+0000] {logging_mixin.py:151} INFO - [2023-10-10T08:55:30.491+0000] {dag.py:3696} INFO - Setting next_dagrun for example_complex to None, run_after=None
[2023-10-10T08:55:30.512+0000] {processor.py:179} INFO - Processing /home/airflow/.local/lib/python3.8/site-packages/airflow/example_dags/example_complex.py took 0.089 seconds
[2023-10-10T08:56:00.951+0000] {processor.py:157} INFO - Started process (PID=774) to work on /home/airflow/.local/lib/python3.8/site-packages/airflow/example_dags/example_complex.py
[2023-10-10T08:56:00.951+0000] {processor.py:829} INFO - Processing file /home/airflow/.local/lib/python3.8/site-packages/airflow/example_dags/example_complex.py for tasks to queue
[2023-10-10T08:56:00.953+0000] {logging_mixin.py:151} INFO - [2023-10-10T08:56:00.953+0000] {dagbag.py:539} INFO - Filling up the DagBag from /home/airflow/.local/lib/python3.8/site-packages/airflow/example_dags/example_complex.py
[2023-10-10T08:56:00.960+0000] {processor.py:839} INFO - DAG(s) dict_keys(['example_complex']) retrieved from /home/airflow/.local/lib/python3.8/site-packages/airflow/example_dags/example_complex.py
[2023-10-10T08:56:00.984+0000] {logging_mixin.py:151} INFO - [2023-10-10T08:56:00.984+0000] {dag.py:2915} INFO - Sync 1 DAGs
[2023-10-10T08:56:00.991+0000] {logging_mixin.py:151} INFO - [2023-10-10T08:56:00.991+0000] {dag.py:3696} INFO - Setting next_dagrun for example_complex to None, run_after=None
[2023-10-10T08:56:01.007+0000] {processor.py:179} INFO - Processing /home/airflow/.local/lib/python3.8/site-packages/airflow/example_dags/example_complex.py took 0.059 seconds
[2023-10-10T08:56:31.105+0000] {processor.py:157} INFO - Started process (PID=835) to work on /home/airflow/.local/lib/python3.8/site-packages/airflow/example_dags/example_complex.py
[2023-10-10T08:56:31.107+0000] {processor.py:829} INFO - Processing file /home/airflow/.local/lib/python3.8/site-packages/airflow/example_dags/example_complex.py for tasks to queue
[2023-10-10T08:56:31.108+0000] {logging_mixin.py:151} INFO - [2023-10-10T08:56:31.108+0000] {dagbag.py:539} INFO - Filling up the DagBag from /home/airflow/.local/lib/python3.8/site-packages/airflow/example_dags/example_complex.py
[2023-10-10T08:56:31.115+0000] {processor.py:839} INFO - DAG(s) dict_keys(['example_complex']) retrieved from /home/airflow/.local/lib/python3.8/site-packages/airflow/example_dags/example_complex.py
[2023-10-10T08:56:31.134+0000] {logging_mixin.py:151} INFO - [2023-10-10T08:56:31.134+0000] {dag.py:2915} INFO - Sync 1 DAGs
[2023-10-10T08:56:31.142+0000] {logging_mixin.py:151} INFO - [2023-10-10T08:56:31.142+0000] {dag.py:3696} INFO - Setting next_dagrun for example_complex to None, run_after=None
[2023-10-10T08:56:31.152+0000] {processor.py:179} INFO - Processing /home/airflow/.local/lib/python3.8/site-packages/airflow/example_dags/example_complex.py took 0.050 seconds
[2023-10-10T08:57:01.959+0000] {processor.py:157} INFO - Started process (PID=896) to work on /home/airflow/.local/lib/python3.8/site-packages/airflow/example_dags/example_complex.py
[2023-10-10T08:57:01.960+0000] {processor.py:829} INFO - Processing file /home/airflow/.local/lib/python3.8/site-packages/airflow/example_dags/example_complex.py for tasks to queue
[2023-10-10T08:57:01.961+0000] {logging_mixin.py:151} INFO - [2023-10-10T08:57:01.961+0000] {dagbag.py:539} INFO - Filling up the DagBag from /home/airflow/.local/lib/python3.8/site-packages/airflow/example_dags/example_complex.py
[2023-10-10T08:57:01.967+0000] {processor.py:839} INFO - DAG(s) dict_keys(['example_complex']) retrieved from /home/airflow/.local/lib/python3.8/site-packages/airflow/example_dags/example_complex.py
[2023-10-10T08:57:01.987+0000] {logging_mixin.py:151} INFO - [2023-10-10T08:57:01.987+0000] {dag.py:2915} INFO - Sync 1 DAGs
[2023-10-10T08:57:02.000+0000] {logging_mixin.py:151} INFO - [2023-10-10T08:57:02.000+0000] {dag.py:3696} INFO - Setting next_dagrun for example_complex to None, run_after=None
[2023-10-10T08:57:02.027+0000] {processor.py:179} INFO - Processing /home/airflow/.local/lib/python3.8/site-packages/airflow/example_dags/example_complex.py took 0.071 seconds
[2023-10-10T08:57:32.962+0000] {processor.py:157} INFO - Started process (PID=957) to work on /home/airflow/.local/lib/python3.8/site-packages/airflow/example_dags/example_complex.py
[2023-10-10T08:57:32.963+0000] {processor.py:829} INFO - Processing file /home/airflow/.local/lib/python3.8/site-packages/airflow/example_dags/example_complex.py for tasks to queue
[2023-10-10T08:57:32.965+0000] {logging_mixin.py:151} INFO - [2023-10-10T08:57:32.965+0000] {dagbag.py:539} INFO - Filling up the DagBag from /home/airflow/.local/lib/python3.8/site-packages/airflow/example_dags/example_complex.py
[2023-10-10T08:57:32.971+0000] {processor.py:839} INFO - DAG(s) dict_keys(['example_complex']) retrieved from /home/airflow/.local/lib/python3.8/site-packages/airflow/example_dags/example_complex.py
[2023-10-10T08:57:32.992+0000] {logging_mixin.py:151} INFO - [2023-10-10T08:57:32.992+0000] {dag.py:2915} INFO - Sync 1 DAGs
[2023-10-10T08:57:33.000+0000] {logging_mixin.py:151} INFO - [2023-10-10T08:57:32.999+0000] {dag.py:3696} INFO - Setting next_dagrun for example_complex to None, run_after=None
[2023-10-10T08:57:33.010+0000] {processor.py:179} INFO - Processing /home/airflow/.local/lib/python3.8/site-packages/airflow/example_dags/example_complex.py took 0.050 seconds
[2023-10-10T08:58:03.121+0000] {processor.py:157} INFO - Started process (PID=1018) to work on /home/airflow/.local/lib/python3.8/site-packages/airflow/example_dags/example_complex.py
[2023-10-10T08:58:03.122+0000] {processor.py:829} INFO - Processing file /home/airflow/.local/lib/python3.8/site-packages/airflow/example_dags/example_complex.py for tasks to queue
[2023-10-10T08:58:03.124+0000] {logging_mixin.py:151} INFO - [2023-10-10T08:58:03.124+0000] {dagbag.py:539} INFO - Filling up the DagBag from /home/airflow/.local/lib/python3.8/site-packages/airflow/example_dags/example_complex.py
[2023-10-10T08:58:03.130+0000] {processor.py:839} INFO - DAG(s) dict_keys(['example_complex']) retrieved from /home/airflow/.local/lib/python3.8/site-packages/airflow/example_dags/example_complex.py
[2023-10-10T08:58:03.149+0000] {logging_mixin.py:151} INFO - [2023-10-10T08:58:03.149+0000] {dag.py:2915} INFO - Sync 1 DAGs
[2023-10-10T08:58:03.156+0000] {logging_mixin.py:151} INFO - [2023-10-10T08:58:03.156+0000] {dag.py:3696} INFO - Setting next_dagrun for example_complex to None, run_after=None
[2023-10-10T08:58:03.167+0000] {processor.py:179} INFO - Processing /home/airflow/.local/lib/python3.8/site-packages/airflow/example_dags/example_complex.py took 0.048 seconds
[2023-10-10T08:58:34.083+0000] {processor.py:157} INFO - Started process (PID=1079) to work on /home/airflow/.local/lib/python3.8/site-packages/airflow/example_dags/example_complex.py
[2023-10-10T08:58:34.086+0000] {processor.py:829} INFO - Processing file /home/airflow/.local/lib/python3.8/site-packages/airflow/example_dags/example_complex.py for tasks to queue
[2023-10-10T08:58:34.096+0000] {logging_mixin.py:151} INFO - [2023-10-10T08:58:34.095+0000] {dagbag.py:539} INFO - Filling up the DagBag from /home/airflow/.local/lib/python3.8/site-packages/airflow/example_dags/example_complex.py
[2023-10-10T08:58:34.116+0000] {processor.py:839} INFO - DAG(s) dict_keys(['example_complex']) retrieved from /home/airflow/.local/lib/python3.8/site-packages/airflow/example_dags/example_complex.py
[2023-10-10T08:58:34.156+0000] {logging_mixin.py:151} INFO - [2023-10-10T08:58:34.156+0000] {dag.py:2915} INFO - Sync 1 DAGs
[2023-10-10T08:58:34.168+0000] {logging_mixin.py:151} INFO - [2023-10-10T08:58:34.168+0000] {dag.py:3696} INFO - Setting next_dagrun for example_complex to None, run_after=None
[2023-10-10T08:58:34.198+0000] {processor.py:179} INFO - Processing /home/airflow/.local/lib/python3.8/site-packages/airflow/example_dags/example_complex.py took 0.124 seconds
[2023-10-10T08:59:04.582+0000] {processor.py:157} INFO - Started process (PID=1140) to work on /home/airflow/.local/lib/python3.8/site-packages/airflow/example_dags/example_complex.py
[2023-10-10T08:59:04.583+0000] {processor.py:829} INFO - Processing file /home/airflow/.local/lib/python3.8/site-packages/airflow/example_dags/example_complex.py for tasks to queue
[2023-10-10T08:59:04.585+0000] {logging_mixin.py:151} INFO - [2023-10-10T08:59:04.585+0000] {dagbag.py:539} INFO - Filling up the DagBag from /home/airflow/.local/lib/python3.8/site-packages/airflow/example_dags/example_complex.py
[2023-10-10T08:59:04.591+0000] {processor.py:839} INFO - DAG(s) dict_keys(['example_complex']) retrieved from /home/airflow/.local/lib/python3.8/site-packages/airflow/example_dags/example_complex.py
[2023-10-10T08:59:04.610+0000] {logging_mixin.py:151} INFO - [2023-10-10T08:59:04.610+0000] {dag.py:2915} INFO - Sync 1 DAGs
[2023-10-10T08:59:04.618+0000] {logging_mixin.py:151} INFO - [2023-10-10T08:59:04.618+0000] {dag.py:3696} INFO - Setting next_dagrun for example_complex to None, run_after=None
[2023-10-10T08:59:04.630+0000] {processor.py:179} INFO - Processing /home/airflow/.local/lib/python3.8/site-packages/airflow/example_dags/example_complex.py took 0.050 seconds
[2023-10-10T08:59:34.999+0000] {processor.py:157} INFO - Started process (PID=1201) to work on /home/airflow/.local/lib/python3.8/site-packages/airflow/example_dags/example_complex.py
[2023-10-10T08:59:35.001+0000] {processor.py:829} INFO - Processing file /home/airflow/.local/lib/python3.8/site-packages/airflow/example_dags/example_complex.py for tasks to queue
[2023-10-10T08:59:35.003+0000] {logging_mixin.py:151} INFO - [2023-10-10T08:59:35.003+0000] {dagbag.py:539} INFO - Filling up the DagBag from /home/airflow/.local/lib/python3.8/site-packages/airflow/example_dags/example_complex.py
[2023-10-10T08:59:35.011+0000] {processor.py:839} INFO - DAG(s) dict_keys(['example_complex']) retrieved from /home/airflow/.local/lib/python3.8/site-packages/airflow/example_dags/example_complex.py
[2023-10-10T08:59:35.032+0000] {logging_mixin.py:151} INFO - [2023-10-10T08:59:35.032+0000] {dag.py:2915} INFO - Sync 1 DAGs
[2023-10-10T08:59:35.041+0000] {logging_mixin.py:151} INFO - [2023-10-10T08:59:35.040+0000] {dag.py:3696} INFO - Setting next_dagrun for example_complex to None, run_after=None
[2023-10-10T08:59:35.054+0000] {processor.py:179} INFO - Processing /home/airflow/.local/lib/python3.8/site-packages/airflow/example_dags/example_complex.py took 0.057 seconds
[2023-10-10T09:00:05.479+0000] {processor.py:157} INFO - Started process (PID=1262) to work on /home/airflow/.local/lib/python3.8/site-packages/airflow/example_dags/example_complex.py
[2023-10-10T09:00:05.480+0000] {processor.py:829} INFO - Processing file /home/airflow/.local/lib/python3.8/site-packages/airflow/example_dags/example_complex.py for tasks to queue
[2023-10-10T09:00:05.482+0000] {logging_mixin.py:151} INFO - [2023-10-10T09:00:05.481+0000] {dagbag.py:539} INFO - Filling up the DagBag from /home/airflow/.local/lib/python3.8/site-packages/airflow/example_dags/example_complex.py
[2023-10-10T09:00:05.488+0000] {processor.py:839} INFO - DAG(s) dict_keys(['example_complex']) retrieved from /home/airflow/.local/lib/python3.8/site-packages/airflow/example_dags/example_complex.py
[2023-10-10T09:00:05.508+0000] {logging_mixin.py:151} INFO - [2023-10-10T09:00:05.507+0000] {dag.py:2915} INFO - Sync 1 DAGs
[2023-10-10T09:00:05.516+0000] {logging_mixin.py:151} INFO - [2023-10-10T09:00:05.516+0000] {dag.py:3696} INFO - Setting next_dagrun for example_complex to None, run_after=None
[2023-10-10T09:00:05.527+0000] {processor.py:179} INFO - Processing /home/airflow/.local/lib/python3.8/site-packages/airflow/example_dags/example_complex.py took 0.050 seconds
[2023-10-10T09:00:35.818+0000] {processor.py:157} INFO - Started process (PID=1323) to work on /home/airflow/.local/lib/python3.8/site-packages/airflow/example_dags/example_complex.py
[2023-10-10T09:00:35.819+0000] {processor.py:829} INFO - Processing file /home/airflow/.local/lib/python3.8/site-packages/airflow/example_dags/example_complex.py for tasks to queue
[2023-10-10T09:00:35.820+0000] {logging_mixin.py:151} INFO - [2023-10-10T09:00:35.820+0000] {dagbag.py:539} INFO - Filling up the DagBag from /home/airflow/.local/lib/python3.8/site-packages/airflow/example_dags/example_complex.py
[2023-10-10T09:00:35.827+0000] {processor.py:839} INFO - DAG(s) dict_keys(['example_complex']) retrieved from /home/airflow/.local/lib/python3.8/site-packages/airflow/example_dags/example_complex.py
[2023-10-10T09:00:35.849+0000] {logging_mixin.py:151} INFO - [2023-10-10T09:00:35.849+0000] {dag.py:2915} INFO - Sync 1 DAGs
[2023-10-10T09:00:35.858+0000] {logging_mixin.py:151} INFO - [2023-10-10T09:00:35.858+0000] {dag.py:3696} INFO - Setting next_dagrun for example_complex to None, run_after=None
[2023-10-10T09:00:35.869+0000] {processor.py:179} INFO - Processing /home/airflow/.local/lib/python3.8/site-packages/airflow/example_dags/example_complex.py took 0.053 seconds
[2023-10-10T09:01:06.103+0000] {processor.py:157} INFO - Started process (PID=1384) to work on /home/airflow/.local/lib/python3.8/site-packages/airflow/example_dags/example_complex.py
[2023-10-10T09:01:06.104+0000] {processor.py:829} INFO - Processing file /home/airflow/.local/lib/python3.8/site-packages/airflow/example_dags/example_complex.py for tasks to queue
[2023-10-10T09:01:06.105+0000] {logging_mixin.py:151} INFO - [2023-10-10T09:01:06.105+0000] {dagbag.py:539} INFO - Filling up the DagBag from /home/airflow/.local/lib/python3.8/site-packages/airflow/example_dags/example_complex.py
[2023-10-10T09:01:06.112+0000] {processor.py:839} INFO - DAG(s) dict_keys(['example_complex']) retrieved from /home/airflow/.local/lib/python3.8/site-packages/airflow/example_dags/example_complex.py
[2023-10-10T09:01:06.134+0000] {logging_mixin.py:151} INFO - [2023-10-10T09:01:06.134+0000] {dag.py:2915} INFO - Sync 1 DAGs
[2023-10-10T09:01:06.144+0000] {logging_mixin.py:151} INFO - [2023-10-10T09:01:06.143+0000] {dag.py:3696} INFO - Setting next_dagrun for example_complex to None, run_after=None
[2023-10-10T09:01:06.159+0000] {processor.py:179} INFO - Processing /home/airflow/.local/lib/python3.8/site-packages/airflow/example_dags/example_complex.py took 0.060 seconds
[2023-10-10T09:01:36.297+0000] {processor.py:157} INFO - Started process (PID=1445) to work on /home/airflow/.local/lib/python3.8/site-packages/airflow/example_dags/example_complex.py
[2023-10-10T09:01:36.298+0000] {processor.py:829} INFO - Processing file /home/airflow/.local/lib/python3.8/site-packages/airflow/example_dags/example_complex.py for tasks to queue
[2023-10-10T09:01:36.300+0000] {logging_mixin.py:151} INFO - [2023-10-10T09:01:36.299+0000] {dagbag.py:539} INFO - Filling up the DagBag from /home/airflow/.local/lib/python3.8/site-packages/airflow/example_dags/example_complex.py
[2023-10-10T09:01:36.306+0000] {processor.py:839} INFO - DAG(s) dict_keys(['example_complex']) retrieved from /home/airflow/.local/lib/python3.8/site-packages/airflow/example_dags/example_complex.py
[2023-10-10T09:01:36.325+0000] {logging_mixin.py:151} INFO - [2023-10-10T09:01:36.325+0000] {dag.py:2915} INFO - Sync 1 DAGs
[2023-10-10T09:01:36.334+0000] {logging_mixin.py:151} INFO - [2023-10-10T09:01:36.334+0000] {dag.py:3696} INFO - Setting next_dagrun for example_complex to None, run_after=None
[2023-10-10T09:01:36.347+0000] {processor.py:179} INFO - Processing /home/airflow/.local/lib/python3.8/site-packages/airflow/example_dags/example_complex.py took 0.052 seconds
[2023-10-10T09:02:06.524+0000] {processor.py:157} INFO - Started process (PID=1506) to work on /home/airflow/.local/lib/python3.8/site-packages/airflow/example_dags/example_complex.py
[2023-10-10T09:02:06.525+0000] {processor.py:829} INFO - Processing file /home/airflow/.local/lib/python3.8/site-packages/airflow/example_dags/example_complex.py for tasks to queue
[2023-10-10T09:02:06.527+0000] {logging_mixin.py:151} INFO - [2023-10-10T09:02:06.526+0000] {dagbag.py:539} INFO - Filling up the DagBag from /home/airflow/.local/lib/python3.8/site-packages/airflow/example_dags/example_complex.py
[2023-10-10T09:02:06.533+0000] {processor.py:839} INFO - DAG(s) dict_keys(['example_complex']) retrieved from /home/airflow/.local/lib/python3.8/site-packages/airflow/example_dags/example_complex.py
[2023-10-10T09:02:06.554+0000] {logging_mixin.py:151} INFO - [2023-10-10T09:02:06.554+0000] {dag.py:2915} INFO - Sync 1 DAGs
[2023-10-10T09:02:06.562+0000] {logging_mixin.py:151} INFO - [2023-10-10T09:02:06.562+0000] {dag.py:3696} INFO - Setting next_dagrun for example_complex to None, run_after=None
[2023-10-10T09:02:06.573+0000] {processor.py:179} INFO - Processing /home/airflow/.local/lib/python3.8/site-packages/airflow/example_dags/example_complex.py took 0.051 seconds
[2023-10-10T09:02:37.156+0000] {processor.py:157} INFO - Started process (PID=1567) to work on /home/airflow/.local/lib/python3.8/site-packages/airflow/example_dags/example_complex.py
[2023-10-10T09:02:37.156+0000] {processor.py:829} INFO - Processing file /home/airflow/.local/lib/python3.8/site-packages/airflow/example_dags/example_complex.py for tasks to queue
[2023-10-10T09:02:37.158+0000] {logging_mixin.py:151} INFO - [2023-10-10T09:02:37.158+0000] {dagbag.py:539} INFO - Filling up the DagBag from /home/airflow/.local/lib/python3.8/site-packages/airflow/example_dags/example_complex.py
[2023-10-10T09:02:37.164+0000] {processor.py:839} INFO - DAG(s) dict_keys(['example_complex']) retrieved from /home/airflow/.local/lib/python3.8/site-packages/airflow/example_dags/example_complex.py
[2023-10-10T09:02:37.184+0000] {logging_mixin.py:151} INFO - [2023-10-10T09:02:37.184+0000] {dag.py:2915} INFO - Sync 1 DAGs
[2023-10-10T09:02:37.194+0000] {logging_mixin.py:151} INFO - [2023-10-10T09:02:37.194+0000] {dag.py:3696} INFO - Setting next_dagrun for example_complex to None, run_after=None
[2023-10-10T09:02:37.205+0000] {processor.py:179} INFO - Processing /home/airflow/.local/lib/python3.8/site-packages/airflow/example_dags/example_complex.py took 0.052 seconds
[2023-10-10T09:03:08.085+0000] {processor.py:157} INFO - Started process (PID=1628) to work on /home/airflow/.local/lib/python3.8/site-packages/airflow/example_dags/example_complex.py
[2023-10-10T09:03:08.086+0000] {processor.py:829} INFO - Processing file /home/airflow/.local/lib/python3.8/site-packages/airflow/example_dags/example_complex.py for tasks to queue
[2023-10-10T09:03:08.087+0000] {logging_mixin.py:151} INFO - [2023-10-10T09:03:08.087+0000] {dagbag.py:539} INFO - Filling up the DagBag from /home/airflow/.local/lib/python3.8/site-packages/airflow/example_dags/example_complex.py
[2023-10-10T09:03:08.094+0000] {processor.py:839} INFO - DAG(s) dict_keys(['example_complex']) retrieved from /home/airflow/.local/lib/python3.8/site-packages/airflow/example_dags/example_complex.py
[2023-10-10T09:03:08.116+0000] {logging_mixin.py:151} INFO - [2023-10-10T09:03:08.116+0000] {dag.py:2915} INFO - Sync 1 DAGs
[2023-10-10T09:03:08.123+0000] {logging_mixin.py:151} INFO - [2023-10-10T09:03:08.123+0000] {dag.py:3696} INFO - Setting next_dagrun for example_complex to None, run_after=None
[2023-10-10T09:03:08.134+0000] {processor.py:179} INFO - Processing /home/airflow/.local/lib/python3.8/site-packages/airflow/example_dags/example_complex.py took 0.052 seconds
[2023-10-10T09:03:38.388+0000] {processor.py:157} INFO - Started process (PID=1689) to work on /home/airflow/.local/lib/python3.8/site-packages/airflow/example_dags/example_complex.py
[2023-10-10T09:03:38.389+0000] {processor.py:829} INFO - Processing file /home/airflow/.local/lib/python3.8/site-packages/airflow/example_dags/example_complex.py for tasks to queue
[2023-10-10T09:03:38.391+0000] {logging_mixin.py:151} INFO - [2023-10-10T09:03:38.391+0000] {dagbag.py:539} INFO - Filling up the DagBag from /home/airflow/.local/lib/python3.8/site-packages/airflow/example_dags/example_complex.py
[2023-10-10T09:03:38.398+0000] {processor.py:839} INFO - DAG(s) dict_keys(['example_complex']) retrieved from /home/airflow/.local/lib/python3.8/site-packages/airflow/example_dags/example_complex.py
[2023-10-10T09:03:38.420+0000] {logging_mixin.py:151} INFO - [2023-10-10T09:03:38.420+0000] {dag.py:2915} INFO - Sync 1 DAGs
[2023-10-10T09:03:38.428+0000] {logging_mixin.py:151} INFO - [2023-10-10T09:03:38.428+0000] {dag.py:3696} INFO - Setting next_dagrun for example_complex to None, run_after=None
[2023-10-10T09:03:38.440+0000] {processor.py:179} INFO - Processing /home/airflow/.local/lib/python3.8/site-packages/airflow/example_dags/example_complex.py took 0.055 seconds
[2023-10-10T09:04:09.003+0000] {processor.py:157} INFO - Started process (PID=1750) to work on /home/airflow/.local/lib/python3.8/site-packages/airflow/example_dags/example_complex.py
[2023-10-10T09:04:09.004+0000] {processor.py:829} INFO - Processing file /home/airflow/.local/lib/python3.8/site-packages/airflow/example_dags/example_complex.py for tasks to queue
[2023-10-10T09:04:09.007+0000] {logging_mixin.py:151} INFO - [2023-10-10T09:04:09.007+0000] {dagbag.py:539} INFO - Filling up the DagBag from /home/airflow/.local/lib/python3.8/site-packages/airflow/example_dags/example_complex.py
[2023-10-10T09:04:09.014+0000] {processor.py:839} INFO - DAG(s) dict_keys(['example_complex']) retrieved from /home/airflow/.local/lib/python3.8/site-packages/airflow/example_dags/example_complex.py
[2023-10-10T09:04:09.050+0000] {logging_mixin.py:151} INFO - [2023-10-10T09:04:09.050+0000] {dag.py:2915} INFO - Sync 1 DAGs
[2023-10-10T09:04:09.061+0000] {logging_mixin.py:151} INFO - [2023-10-10T09:04:09.061+0000] {dag.py:3696} INFO - Setting next_dagrun for example_complex to None, run_after=None
[2023-10-10T09:04:09.076+0000] {processor.py:179} INFO - Processing /home/airflow/.local/lib/python3.8/site-packages/airflow/example_dags/example_complex.py took 0.078 seconds
[2023-10-10T09:04:39.853+0000] {processor.py:157} INFO - Started process (PID=1810) to work on /home/airflow/.local/lib/python3.8/site-packages/airflow/example_dags/example_complex.py
[2023-10-10T09:04:39.855+0000] {processor.py:829} INFO - Processing file /home/airflow/.local/lib/python3.8/site-packages/airflow/example_dags/example_complex.py for tasks to queue
[2023-10-10T09:04:39.856+0000] {logging_mixin.py:151} INFO - [2023-10-10T09:04:39.856+0000] {dagbag.py:539} INFO - Filling up the DagBag from /home/airflow/.local/lib/python3.8/site-packages/airflow/example_dags/example_complex.py
[2023-10-10T09:04:39.862+0000] {processor.py:839} INFO - DAG(s) dict_keys(['example_complex']) retrieved from /home/airflow/.local/lib/python3.8/site-packages/airflow/example_dags/example_complex.py
[2023-10-10T09:04:39.883+0000] {logging_mixin.py:151} INFO - [2023-10-10T09:04:39.883+0000] {dag.py:2915} INFO - Sync 1 DAGs
[2023-10-10T09:04:39.892+0000] {logging_mixin.py:151} INFO - [2023-10-10T09:04:39.892+0000] {dag.py:3696} INFO - Setting next_dagrun for example_complex to None, run_after=None
[2023-10-10T09:04:39.906+0000] {processor.py:179} INFO - Processing /home/airflow/.local/lib/python3.8/site-packages/airflow/example_dags/example_complex.py took 0.055 seconds
[2023-10-10T09:05:10.802+0000] {processor.py:157} INFO - Started process (PID=1871) to work on /home/airflow/.local/lib/python3.8/site-packages/airflow/example_dags/example_complex.py
[2023-10-10T09:05:10.804+0000] {processor.py:829} INFO - Processing file /home/airflow/.local/lib/python3.8/site-packages/airflow/example_dags/example_complex.py for tasks to queue
[2023-10-10T09:05:10.807+0000] {logging_mixin.py:151} INFO - [2023-10-10T09:05:10.806+0000] {dagbag.py:539} INFO - Filling up the DagBag from /home/airflow/.local/lib/python3.8/site-packages/airflow/example_dags/example_complex.py
[2023-10-10T09:05:10.816+0000] {processor.py:839} INFO - DAG(s) dict_keys(['example_complex']) retrieved from /home/airflow/.local/lib/python3.8/site-packages/airflow/example_dags/example_complex.py
[2023-10-10T09:05:10.843+0000] {logging_mixin.py:151} INFO - [2023-10-10T09:05:10.843+0000] {dag.py:2915} INFO - Sync 1 DAGs
[2023-10-10T09:05:10.854+0000] {logging_mixin.py:151} INFO - [2023-10-10T09:05:10.854+0000] {dag.py:3696} INFO - Setting next_dagrun for example_complex to None, run_after=None
[2023-10-10T09:05:10.865+0000] {processor.py:179} INFO - Processing /home/airflow/.local/lib/python3.8/site-packages/airflow/example_dags/example_complex.py took 0.066 seconds
[2023-10-10T09:05:42.019+0000] {processor.py:157} INFO - Started process (PID=1931) to work on /home/airflow/.local/lib/python3.8/site-packages/airflow/example_dags/example_complex.py
[2023-10-10T09:05:42.022+0000] {processor.py:829} INFO - Processing file /home/airflow/.local/lib/python3.8/site-packages/airflow/example_dags/example_complex.py for tasks to queue
[2023-10-10T09:05:42.029+0000] {logging_mixin.py:151} INFO - [2023-10-10T09:05:42.029+0000] {dagbag.py:539} INFO - Filling up the DagBag from /home/airflow/.local/lib/python3.8/site-packages/airflow/example_dags/example_complex.py
[2023-10-10T09:05:42.042+0000] {processor.py:839} INFO - DAG(s) dict_keys(['example_complex']) retrieved from /home/airflow/.local/lib/python3.8/site-packages/airflow/example_dags/example_complex.py
[2023-10-10T09:05:42.080+0000] {logging_mixin.py:151} INFO - [2023-10-10T09:05:42.080+0000] {dag.py:2915} INFO - Sync 1 DAGs
[2023-10-10T09:05:42.089+0000] {logging_mixin.py:151} INFO - [2023-10-10T09:05:42.089+0000] {dag.py:3696} INFO - Setting next_dagrun for example_complex to None, run_after=None
[2023-10-10T09:05:42.103+0000] {processor.py:179} INFO - Processing /home/airflow/.local/lib/python3.8/site-packages/airflow/example_dags/example_complex.py took 0.090 seconds
[2023-10-10T09:06:12.638+0000] {processor.py:157} INFO - Started process (PID=1993) to work on /home/airflow/.local/lib/python3.8/site-packages/airflow/example_dags/example_complex.py
[2023-10-10T09:06:12.639+0000] {processor.py:829} INFO - Processing file /home/airflow/.local/lib/python3.8/site-packages/airflow/example_dags/example_complex.py for tasks to queue
[2023-10-10T09:06:12.641+0000] {logging_mixin.py:151} INFO - [2023-10-10T09:06:12.641+0000] {dagbag.py:539} INFO - Filling up the DagBag from /home/airflow/.local/lib/python3.8/site-packages/airflow/example_dags/example_complex.py
[2023-10-10T09:06:12.650+0000] {processor.py:839} INFO - DAG(s) dict_keys(['example_complex']) retrieved from /home/airflow/.local/lib/python3.8/site-packages/airflow/example_dags/example_complex.py
[2023-10-10T09:06:12.690+0000] {logging_mixin.py:151} INFO - [2023-10-10T09:06:12.690+0000] {dag.py:2915} INFO - Sync 1 DAGs
[2023-10-10T09:06:12.706+0000] {logging_mixin.py:151} INFO - [2023-10-10T09:06:12.706+0000] {dag.py:3696} INFO - Setting next_dagrun for example_complex to None, run_after=None
[2023-10-10T09:06:12.749+0000] {processor.py:179} INFO - Processing /home/airflow/.local/lib/python3.8/site-packages/airflow/example_dags/example_complex.py took 0.113 seconds
[2023-10-10T09:06:43.018+0000] {processor.py:157} INFO - Started process (PID=2053) to work on /home/airflow/.local/lib/python3.8/site-packages/airflow/example_dags/example_complex.py
[2023-10-10T09:06:43.020+0000] {processor.py:829} INFO - Processing file /home/airflow/.local/lib/python3.8/site-packages/airflow/example_dags/example_complex.py for tasks to queue
[2023-10-10T09:06:43.022+0000] {logging_mixin.py:151} INFO - [2023-10-10T09:06:43.021+0000] {dagbag.py:539} INFO - Filling up the DagBag from /home/airflow/.local/lib/python3.8/site-packages/airflow/example_dags/example_complex.py
[2023-10-10T09:06:43.037+0000] {processor.py:839} INFO - DAG(s) dict_keys(['example_complex']) retrieved from /home/airflow/.local/lib/python3.8/site-packages/airflow/example_dags/example_complex.py
[2023-10-10T09:06:43.065+0000] {logging_mixin.py:151} INFO - [2023-10-10T09:06:43.065+0000] {dag.py:2915} INFO - Sync 1 DAGs
[2023-10-10T09:06:43.074+0000] {logging_mixin.py:151} INFO - [2023-10-10T09:06:43.074+0000] {dag.py:3696} INFO - Setting next_dagrun for example_complex to None, run_after=None
[2023-10-10T09:06:43.087+0000] {processor.py:179} INFO - Processing /home/airflow/.local/lib/python3.8/site-packages/airflow/example_dags/example_complex.py took 0.073 seconds
[2023-10-10T09:07:13.466+0000] {processor.py:157} INFO - Started process (PID=2114) to work on /home/airflow/.local/lib/python3.8/site-packages/airflow/example_dags/example_complex.py
[2023-10-10T09:07:13.468+0000] {processor.py:829} INFO - Processing file /home/airflow/.local/lib/python3.8/site-packages/airflow/example_dags/example_complex.py for tasks to queue
[2023-10-10T09:07:13.474+0000] {logging_mixin.py:151} INFO - [2023-10-10T09:07:13.474+0000] {dagbag.py:539} INFO - Filling up the DagBag from /home/airflow/.local/lib/python3.8/site-packages/airflow/example_dags/example_complex.py
[2023-10-10T09:07:13.497+0000] {processor.py:839} INFO - DAG(s) dict_keys(['example_complex']) retrieved from /home/airflow/.local/lib/python3.8/site-packages/airflow/example_dags/example_complex.py
[2023-10-10T09:07:13.529+0000] {logging_mixin.py:151} INFO - [2023-10-10T09:07:13.529+0000] {dag.py:2915} INFO - Sync 1 DAGs
[2023-10-10T09:07:13.538+0000] {logging_mixin.py:151} INFO - [2023-10-10T09:07:13.537+0000] {dag.py:3696} INFO - Setting next_dagrun for example_complex to None, run_after=None
[2023-10-10T09:07:13.549+0000] {processor.py:179} INFO - Processing /home/airflow/.local/lib/python3.8/site-packages/airflow/example_dags/example_complex.py took 0.090 seconds
[2023-10-10T09:07:43.692+0000] {processor.py:157} INFO - Started process (PID=2175) to work on /home/airflow/.local/lib/python3.8/site-packages/airflow/example_dags/example_complex.py
[2023-10-10T09:07:43.693+0000] {processor.py:829} INFO - Processing file /home/airflow/.local/lib/python3.8/site-packages/airflow/example_dags/example_complex.py for tasks to queue
[2023-10-10T09:07:43.694+0000] {logging_mixin.py:151} INFO - [2023-10-10T09:07:43.694+0000] {dagbag.py:539} INFO - Filling up the DagBag from /home/airflow/.local/lib/python3.8/site-packages/airflow/example_dags/example_complex.py
[2023-10-10T09:07:43.701+0000] {processor.py:839} INFO - DAG(s) dict_keys(['example_complex']) retrieved from /home/airflow/.local/lib/python3.8/site-packages/airflow/example_dags/example_complex.py
[2023-10-10T09:07:43.729+0000] {logging_mixin.py:151} INFO - [2023-10-10T09:07:43.729+0000] {dag.py:2915} INFO - Sync 1 DAGs
[2023-10-10T09:07:43.739+0000] {logging_mixin.py:151} INFO - [2023-10-10T09:07:43.739+0000] {dag.py:3696} INFO - Setting next_dagrun for example_complex to None, run_after=None
[2023-10-10T09:07:43.751+0000] {processor.py:179} INFO - Processing /home/airflow/.local/lib/python3.8/site-packages/airflow/example_dags/example_complex.py took 0.061 seconds
[2023-10-10T09:08:14.381+0000] {processor.py:157} INFO - Started process (PID=2236) to work on /home/airflow/.local/lib/python3.8/site-packages/airflow/example_dags/example_complex.py
[2023-10-10T09:08:14.382+0000] {processor.py:829} INFO - Processing file /home/airflow/.local/lib/python3.8/site-packages/airflow/example_dags/example_complex.py for tasks to queue
[2023-10-10T09:08:14.385+0000] {logging_mixin.py:151} INFO - [2023-10-10T09:08:14.385+0000] {dagbag.py:539} INFO - Filling up the DagBag from /home/airflow/.local/lib/python3.8/site-packages/airflow/example_dags/example_complex.py
[2023-10-10T09:08:14.393+0000] {processor.py:839} INFO - DAG(s) dict_keys(['example_complex']) retrieved from /home/airflow/.local/lib/python3.8/site-packages/airflow/example_dags/example_complex.py
[2023-10-10T09:08:14.414+0000] {logging_mixin.py:151} INFO - [2023-10-10T09:08:14.414+0000] {dag.py:2915} INFO - Sync 1 DAGs
[2023-10-10T09:08:14.423+0000] {logging_mixin.py:151} INFO - [2023-10-10T09:08:14.423+0000] {dag.py:3696} INFO - Setting next_dagrun for example_complex to None, run_after=None
[2023-10-10T09:08:14.436+0000] {processor.py:179} INFO - Processing /home/airflow/.local/lib/python3.8/site-packages/airflow/example_dags/example_complex.py took 0.058 seconds
[2023-10-10T09:08:44.942+0000] {processor.py:157} INFO - Started process (PID=2297) to work on /home/airflow/.local/lib/python3.8/site-packages/airflow/example_dags/example_complex.py
[2023-10-10T09:08:44.944+0000] {processor.py:829} INFO - Processing file /home/airflow/.local/lib/python3.8/site-packages/airflow/example_dags/example_complex.py for tasks to queue
[2023-10-10T09:08:44.945+0000] {logging_mixin.py:151} INFO - [2023-10-10T09:08:44.945+0000] {dagbag.py:539} INFO - Filling up the DagBag from /home/airflow/.local/lib/python3.8/site-packages/airflow/example_dags/example_complex.py
[2023-10-10T09:08:44.952+0000] {processor.py:839} INFO - DAG(s) dict_keys(['example_complex']) retrieved from /home/airflow/.local/lib/python3.8/site-packages/airflow/example_dags/example_complex.py
[2023-10-10T09:08:44.972+0000] {logging_mixin.py:151} INFO - [2023-10-10T09:08:44.972+0000] {dag.py:2915} INFO - Sync 1 DAGs
[2023-10-10T09:08:44.980+0000] {logging_mixin.py:151} INFO - [2023-10-10T09:08:44.980+0000] {dag.py:3696} INFO - Setting next_dagrun for example_complex to None, run_after=None
[2023-10-10T09:08:44.992+0000] {processor.py:179} INFO - Processing /home/airflow/.local/lib/python3.8/site-packages/airflow/example_dags/example_complex.py took 0.052 seconds
[2023-10-10T09:09:15.442+0000] {processor.py:157} INFO - Started process (PID=2358) to work on /home/airflow/.local/lib/python3.8/site-packages/airflow/example_dags/example_complex.py
[2023-10-10T09:09:15.443+0000] {processor.py:829} INFO - Processing file /home/airflow/.local/lib/python3.8/site-packages/airflow/example_dags/example_complex.py for tasks to queue
[2023-10-10T09:09:15.444+0000] {logging_mixin.py:151} INFO - [2023-10-10T09:09:15.444+0000] {dagbag.py:539} INFO - Filling up the DagBag from /home/airflow/.local/lib/python3.8/site-packages/airflow/example_dags/example_complex.py
[2023-10-10T09:09:15.451+0000] {processor.py:839} INFO - DAG(s) dict_keys(['example_complex']) retrieved from /home/airflow/.local/lib/python3.8/site-packages/airflow/example_dags/example_complex.py
[2023-10-10T09:09:15.472+0000] {logging_mixin.py:151} INFO - [2023-10-10T09:09:15.472+0000] {dag.py:2915} INFO - Sync 1 DAGs
[2023-10-10T09:09:15.482+0000] {logging_mixin.py:151} INFO - [2023-10-10T09:09:15.482+0000] {dag.py:3696} INFO - Setting next_dagrun for example_complex to None, run_after=None
[2023-10-10T09:09:15.494+0000] {processor.py:179} INFO - Processing /home/airflow/.local/lib/python3.8/site-packages/airflow/example_dags/example_complex.py took 0.055 seconds
[2023-10-10T09:09:46.244+0000] {processor.py:157} INFO - Started process (PID=2419) to work on /home/airflow/.local/lib/python3.8/site-packages/airflow/example_dags/example_complex.py
[2023-10-10T09:09:46.245+0000] {processor.py:829} INFO - Processing file /home/airflow/.local/lib/python3.8/site-packages/airflow/example_dags/example_complex.py for tasks to queue
[2023-10-10T09:09:46.247+0000] {logging_mixin.py:151} INFO - [2023-10-10T09:09:46.246+0000] {dagbag.py:539} INFO - Filling up the DagBag from /home/airflow/.local/lib/python3.8/site-packages/airflow/example_dags/example_complex.py
[2023-10-10T09:09:46.253+0000] {processor.py:839} INFO - DAG(s) dict_keys(['example_complex']) retrieved from /home/airflow/.local/lib/python3.8/site-packages/airflow/example_dags/example_complex.py
[2023-10-10T09:09:46.277+0000] {logging_mixin.py:151} INFO - [2023-10-10T09:09:46.276+0000] {dag.py:2915} INFO - Sync 1 DAGs
[2023-10-10T09:09:46.285+0000] {logging_mixin.py:151} INFO - [2023-10-10T09:09:46.284+0000] {dag.py:3696} INFO - Setting next_dagrun for example_complex to None, run_after=None
[2023-10-10T09:09:46.298+0000] {processor.py:179} INFO - Processing /home/airflow/.local/lib/python3.8/site-packages/airflow/example_dags/example_complex.py took 0.057 seconds
[2023-10-10T09:10:16.817+0000] {processor.py:157} INFO - Started process (PID=2480) to work on /home/airflow/.local/lib/python3.8/site-packages/airflow/example_dags/example_complex.py
[2023-10-10T09:10:16.818+0000] {processor.py:829} INFO - Processing file /home/airflow/.local/lib/python3.8/site-packages/airflow/example_dags/example_complex.py for tasks to queue
[2023-10-10T09:10:16.821+0000] {logging_mixin.py:151} INFO - [2023-10-10T09:10:16.821+0000] {dagbag.py:539} INFO - Filling up the DagBag from /home/airflow/.local/lib/python3.8/site-packages/airflow/example_dags/example_complex.py
[2023-10-10T09:10:16.830+0000] {processor.py:839} INFO - DAG(s) dict_keys(['example_complex']) retrieved from /home/airflow/.local/lib/python3.8/site-packages/airflow/example_dags/example_complex.py
[2023-10-10T09:10:16.861+0000] {logging_mixin.py:151} INFO - [2023-10-10T09:10:16.861+0000] {dag.py:2915} INFO - Sync 1 DAGs
[2023-10-10T09:10:16.876+0000] {logging_mixin.py:151} INFO - [2023-10-10T09:10:16.876+0000] {dag.py:3696} INFO - Setting next_dagrun for example_complex to None, run_after=None
[2023-10-10T09:10:16.896+0000] {processor.py:179} INFO - Processing /home/airflow/.local/lib/python3.8/site-packages/airflow/example_dags/example_complex.py took 0.085 seconds
[2023-10-10T09:10:47.513+0000] {processor.py:157} INFO - Started process (PID=2541) to work on /home/airflow/.local/lib/python3.8/site-packages/airflow/example_dags/example_complex.py
[2023-10-10T09:10:47.514+0000] {processor.py:829} INFO - Processing file /home/airflow/.local/lib/python3.8/site-packages/airflow/example_dags/example_complex.py for tasks to queue
[2023-10-10T09:10:47.516+0000] {logging_mixin.py:151} INFO - [2023-10-10T09:10:47.516+0000] {dagbag.py:539} INFO - Filling up the DagBag from /home/airflow/.local/lib/python3.8/site-packages/airflow/example_dags/example_complex.py
[2023-10-10T09:10:47.524+0000] {processor.py:839} INFO - DAG(s) dict_keys(['example_complex']) retrieved from /home/airflow/.local/lib/python3.8/site-packages/airflow/example_dags/example_complex.py
[2023-10-10T09:10:47.562+0000] {logging_mixin.py:151} INFO - [2023-10-10T09:10:47.561+0000] {dag.py:2915} INFO - Sync 1 DAGs
[2023-10-10T09:10:47.577+0000] {logging_mixin.py:151} INFO - [2023-10-10T09:10:47.577+0000] {dag.py:3696} INFO - Setting next_dagrun for example_complex to None, run_after=None
[2023-10-10T09:10:47.593+0000] {processor.py:179} INFO - Processing /home/airflow/.local/lib/python3.8/site-packages/airflow/example_dags/example_complex.py took 0.084 seconds
[2023-10-10T09:11:18.208+0000] {processor.py:157} INFO - Started process (PID=2601) to work on /home/airflow/.local/lib/python3.8/site-packages/airflow/example_dags/example_complex.py
[2023-10-10T09:11:18.209+0000] {processor.py:829} INFO - Processing file /home/airflow/.local/lib/python3.8/site-packages/airflow/example_dags/example_complex.py for tasks to queue
[2023-10-10T09:11:18.210+0000] {logging_mixin.py:151} INFO - [2023-10-10T09:11:18.210+0000] {dagbag.py:539} INFO - Filling up the DagBag from /home/airflow/.local/lib/python3.8/site-packages/airflow/example_dags/example_complex.py
[2023-10-10T09:11:18.216+0000] {processor.py:839} INFO - DAG(s) dict_keys(['example_complex']) retrieved from /home/airflow/.local/lib/python3.8/site-packages/airflow/example_dags/example_complex.py
[2023-10-10T09:11:18.245+0000] {logging_mixin.py:151} INFO - [2023-10-10T09:11:18.245+0000] {dag.py:2915} INFO - Sync 1 DAGs
[2023-10-10T09:11:18.255+0000] {logging_mixin.py:151} INFO - [2023-10-10T09:11:18.255+0000] {dag.py:3696} INFO - Setting next_dagrun for example_complex to None, run_after=None
[2023-10-10T09:11:18.279+0000] {processor.py:179} INFO - Processing /home/airflow/.local/lib/python3.8/site-packages/airflow/example_dags/example_complex.py took 0.074 seconds
[2023-10-10T09:11:48.577+0000] {processor.py:157} INFO - Started process (PID=2662) to work on /home/airflow/.local/lib/python3.8/site-packages/airflow/example_dags/example_complex.py
[2023-10-10T09:11:48.578+0000] {processor.py:829} INFO - Processing file /home/airflow/.local/lib/python3.8/site-packages/airflow/example_dags/example_complex.py for tasks to queue
[2023-10-10T09:11:48.579+0000] {logging_mixin.py:151} INFO - [2023-10-10T09:11:48.579+0000] {dagbag.py:539} INFO - Filling up the DagBag from /home/airflow/.local/lib/python3.8/site-packages/airflow/example_dags/example_complex.py
[2023-10-10T09:11:48.586+0000] {processor.py:839} INFO - DAG(s) dict_keys(['example_complex']) retrieved from /home/airflow/.local/lib/python3.8/site-packages/airflow/example_dags/example_complex.py
[2023-10-10T09:11:48.605+0000] {logging_mixin.py:151} INFO - [2023-10-10T09:11:48.605+0000] {dag.py:2915} INFO - Sync 1 DAGs
[2023-10-10T09:11:48.612+0000] {logging_mixin.py:151} INFO - [2023-10-10T09:11:48.612+0000] {dag.py:3696} INFO - Setting next_dagrun for example_complex to None, run_after=None
[2023-10-10T09:11:48.622+0000] {processor.py:179} INFO - Processing /home/airflow/.local/lib/python3.8/site-packages/airflow/example_dags/example_complex.py took 0.048 seconds
[2023-10-10T09:12:19.715+0000] {processor.py:157} INFO - Started process (PID=2723) to work on /home/airflow/.local/lib/python3.8/site-packages/airflow/example_dags/example_complex.py
[2023-10-10T09:12:19.716+0000] {processor.py:829} INFO - Processing file /home/airflow/.local/lib/python3.8/site-packages/airflow/example_dags/example_complex.py for tasks to queue
[2023-10-10T09:12:19.719+0000] {logging_mixin.py:151} INFO - [2023-10-10T09:12:19.719+0000] {dagbag.py:539} INFO - Filling up the DagBag from /home/airflow/.local/lib/python3.8/site-packages/airflow/example_dags/example_complex.py
[2023-10-10T09:12:19.733+0000] {processor.py:839} INFO - DAG(s) dict_keys(['example_complex']) retrieved from /home/airflow/.local/lib/python3.8/site-packages/airflow/example_dags/example_complex.py
[2023-10-10T09:12:19.788+0000] {logging_mixin.py:151} INFO - [2023-10-10T09:12:19.788+0000] {dag.py:2915} INFO - Sync 1 DAGs
[2023-10-10T09:12:19.804+0000] {logging_mixin.py:151} INFO - [2023-10-10T09:12:19.803+0000] {dag.py:3696} INFO - Setting next_dagrun for example_complex to None, run_after=None
[2023-10-10T09:12:19.828+0000] {processor.py:179} INFO - Processing /home/airflow/.local/lib/python3.8/site-packages/airflow/example_dags/example_complex.py took 0.121 seconds
[2023-10-10T09:12:49.919+0000] {processor.py:157} INFO - Started process (PID=2784) to work on /home/airflow/.local/lib/python3.8/site-packages/airflow/example_dags/example_complex.py
[2023-10-10T09:12:49.920+0000] {processor.py:829} INFO - Processing file /home/airflow/.local/lib/python3.8/site-packages/airflow/example_dags/example_complex.py for tasks to queue
[2023-10-10T09:12:49.921+0000] {logging_mixin.py:151} INFO - [2023-10-10T09:12:49.921+0000] {dagbag.py:539} INFO - Filling up the DagBag from /home/airflow/.local/lib/python3.8/site-packages/airflow/example_dags/example_complex.py
[2023-10-10T09:12:49.927+0000] {processor.py:839} INFO - DAG(s) dict_keys(['example_complex']) retrieved from /home/airflow/.local/lib/python3.8/site-packages/airflow/example_dags/example_complex.py
[2023-10-10T09:12:49.948+0000] {logging_mixin.py:151} INFO - [2023-10-10T09:12:49.948+0000] {dag.py:2915} INFO - Sync 1 DAGs
[2023-10-10T09:12:49.956+0000] {logging_mixin.py:151} INFO - [2023-10-10T09:12:49.956+0000] {dag.py:3696} INFO - Setting next_dagrun for example_complex to None, run_after=None
[2023-10-10T09:12:49.965+0000] {processor.py:179} INFO - Processing /home/airflow/.local/lib/python3.8/site-packages/airflow/example_dags/example_complex.py took 0.049 seconds
[2023-10-10T09:13:20.837+0000] {processor.py:157} INFO - Started process (PID=2845) to work on /home/airflow/.local/lib/python3.8/site-packages/airflow/example_dags/example_complex.py
[2023-10-10T09:13:20.838+0000] {processor.py:829} INFO - Processing file /home/airflow/.local/lib/python3.8/site-packages/airflow/example_dags/example_complex.py for tasks to queue
[2023-10-10T09:13:20.839+0000] {logging_mixin.py:151} INFO - [2023-10-10T09:13:20.839+0000] {dagbag.py:539} INFO - Filling up the DagBag from /home/airflow/.local/lib/python3.8/site-packages/airflow/example_dags/example_complex.py
[2023-10-10T09:13:20.845+0000] {processor.py:839} INFO - DAG(s) dict_keys(['example_complex']) retrieved from /home/airflow/.local/lib/python3.8/site-packages/airflow/example_dags/example_complex.py
[2023-10-10T09:13:20.869+0000] {logging_mixin.py:151} INFO - [2023-10-10T09:13:20.869+0000] {dag.py:2915} INFO - Sync 1 DAGs
[2023-10-10T09:13:20.878+0000] {logging_mixin.py:151} INFO - [2023-10-10T09:13:20.877+0000] {dag.py:3696} INFO - Setting next_dagrun for example_complex to None, run_after=None
[2023-10-10T09:13:20.887+0000] {processor.py:179} INFO - Processing /home/airflow/.local/lib/python3.8/site-packages/airflow/example_dags/example_complex.py took 0.053 seconds
[2023-10-10T09:13:51.348+0000] {processor.py:157} INFO - Started process (PID=2906) to work on /home/airflow/.local/lib/python3.8/site-packages/airflow/example_dags/example_complex.py
[2023-10-10T09:13:51.349+0000] {processor.py:829} INFO - Processing file /home/airflow/.local/lib/python3.8/site-packages/airflow/example_dags/example_complex.py for tasks to queue
[2023-10-10T09:13:51.351+0000] {logging_mixin.py:151} INFO - [2023-10-10T09:13:51.351+0000] {dagbag.py:539} INFO - Filling up the DagBag from /home/airflow/.local/lib/python3.8/site-packages/airflow/example_dags/example_complex.py
[2023-10-10T09:13:51.358+0000] {processor.py:839} INFO - DAG(s) dict_keys(['example_complex']) retrieved from /home/airflow/.local/lib/python3.8/site-packages/airflow/example_dags/example_complex.py
[2023-10-10T09:13:51.378+0000] {logging_mixin.py:151} INFO - [2023-10-10T09:13:51.378+0000] {dag.py:2915} INFO - Sync 1 DAGs
[2023-10-10T09:13:51.385+0000] {logging_mixin.py:151} INFO - [2023-10-10T09:13:51.385+0000] {dag.py:3696} INFO - Setting next_dagrun for example_complex to None, run_after=None
[2023-10-10T09:13:51.395+0000] {processor.py:179} INFO - Processing /home/airflow/.local/lib/python3.8/site-packages/airflow/example_dags/example_complex.py took 0.050 seconds
[2023-10-10T09:14:22.181+0000] {processor.py:157} INFO - Started process (PID=2967) to work on /home/airflow/.local/lib/python3.8/site-packages/airflow/example_dags/example_complex.py
[2023-10-10T09:14:22.182+0000] {processor.py:829} INFO - Processing file /home/airflow/.local/lib/python3.8/site-packages/airflow/example_dags/example_complex.py for tasks to queue
[2023-10-10T09:14:22.183+0000] {logging_mixin.py:151} INFO - [2023-10-10T09:14:22.183+0000] {dagbag.py:539} INFO - Filling up the DagBag from /home/airflow/.local/lib/python3.8/site-packages/airflow/example_dags/example_complex.py
[2023-10-10T09:14:22.189+0000] {processor.py:839} INFO - DAG(s) dict_keys(['example_complex']) retrieved from /home/airflow/.local/lib/python3.8/site-packages/airflow/example_dags/example_complex.py
[2023-10-10T09:14:22.212+0000] {logging_mixin.py:151} INFO - [2023-10-10T09:14:22.212+0000] {dag.py:2915} INFO - Sync 1 DAGs
[2023-10-10T09:14:22.222+0000] {logging_mixin.py:151} INFO - [2023-10-10T09:14:22.222+0000] {dag.py:3696} INFO - Setting next_dagrun for example_complex to None, run_after=None
[2023-10-10T09:14:22.233+0000] {processor.py:179} INFO - Processing /home/airflow/.local/lib/python3.8/site-packages/airflow/example_dags/example_complex.py took 0.055 seconds
[2023-10-10T09:14:52.643+0000] {processor.py:157} INFO - Started process (PID=3028) to work on /home/airflow/.local/lib/python3.8/site-packages/airflow/example_dags/example_complex.py
[2023-10-10T09:14:52.644+0000] {processor.py:829} INFO - Processing file /home/airflow/.local/lib/python3.8/site-packages/airflow/example_dags/example_complex.py for tasks to queue
[2023-10-10T09:14:52.645+0000] {logging_mixin.py:151} INFO - [2023-10-10T09:14:52.645+0000] {dagbag.py:539} INFO - Filling up the DagBag from /home/airflow/.local/lib/python3.8/site-packages/airflow/example_dags/example_complex.py
[2023-10-10T09:14:52.651+0000] {processor.py:839} INFO - DAG(s) dict_keys(['example_complex']) retrieved from /home/airflow/.local/lib/python3.8/site-packages/airflow/example_dags/example_complex.py
[2023-10-10T09:14:52.670+0000] {logging_mixin.py:151} INFO - [2023-10-10T09:14:52.670+0000] {dag.py:2915} INFO - Sync 1 DAGs
[2023-10-10T09:14:52.677+0000] {logging_mixin.py:151} INFO - [2023-10-10T09:14:52.677+0000] {dag.py:3696} INFO - Setting next_dagrun for example_complex to None, run_after=None
[2023-10-10T09:14:52.686+0000] {processor.py:179} INFO - Processing /home/airflow/.local/lib/python3.8/site-packages/airflow/example_dags/example_complex.py took 0.046 seconds
[2023-10-10T09:15:22.960+0000] {processor.py:157} INFO - Started process (PID=3089) to work on /home/airflow/.local/lib/python3.8/site-packages/airflow/example_dags/example_complex.py
[2023-10-10T09:15:22.961+0000] {processor.py:829} INFO - Processing file /home/airflow/.local/lib/python3.8/site-packages/airflow/example_dags/example_complex.py for tasks to queue
[2023-10-10T09:15:22.963+0000] {logging_mixin.py:151} INFO - [2023-10-10T09:15:22.963+0000] {dagbag.py:539} INFO - Filling up the DagBag from /home/airflow/.local/lib/python3.8/site-packages/airflow/example_dags/example_complex.py
[2023-10-10T09:15:22.970+0000] {processor.py:839} INFO - DAG(s) dict_keys(['example_complex']) retrieved from /home/airflow/.local/lib/python3.8/site-packages/airflow/example_dags/example_complex.py
[2023-10-10T09:15:22.991+0000] {logging_mixin.py:151} INFO - [2023-10-10T09:15:22.991+0000] {dag.py:2915} INFO - Sync 1 DAGs
[2023-10-10T09:15:23.001+0000] {logging_mixin.py:151} INFO - [2023-10-10T09:15:23.001+0000] {dag.py:3696} INFO - Setting next_dagrun for example_complex to None, run_after=None
[2023-10-10T09:15:23.011+0000] {processor.py:179} INFO - Processing /home/airflow/.local/lib/python3.8/site-packages/airflow/example_dags/example_complex.py took 0.053 seconds
[2023-10-10T09:15:53.388+0000] {processor.py:157} INFO - Started process (PID=3150) to work on /home/airflow/.local/lib/python3.8/site-packages/airflow/example_dags/example_complex.py
[2023-10-10T09:15:53.389+0000] {processor.py:829} INFO - Processing file /home/airflow/.local/lib/python3.8/site-packages/airflow/example_dags/example_complex.py for tasks to queue
[2023-10-10T09:15:53.391+0000] {logging_mixin.py:151} INFO - [2023-10-10T09:15:53.390+0000] {dagbag.py:539} INFO - Filling up the DagBag from /home/airflow/.local/lib/python3.8/site-packages/airflow/example_dags/example_complex.py
[2023-10-10T09:15:53.397+0000] {processor.py:839} INFO - DAG(s) dict_keys(['example_complex']) retrieved from /home/airflow/.local/lib/python3.8/site-packages/airflow/example_dags/example_complex.py
[2023-10-10T09:15:53.416+0000] {logging_mixin.py:151} INFO - [2023-10-10T09:15:53.416+0000] {dag.py:2915} INFO - Sync 1 DAGs
[2023-10-10T09:15:53.424+0000] {logging_mixin.py:151} INFO - [2023-10-10T09:15:53.424+0000] {dag.py:3696} INFO - Setting next_dagrun for example_complex to None, run_after=None
[2023-10-10T09:15:53.434+0000] {processor.py:179} INFO - Processing /home/airflow/.local/lib/python3.8/site-packages/airflow/example_dags/example_complex.py took 0.048 seconds
[2023-10-10T09:16:24.188+0000] {processor.py:157} INFO - Started process (PID=3211) to work on /home/airflow/.local/lib/python3.8/site-packages/airflow/example_dags/example_complex.py
[2023-10-10T09:16:24.190+0000] {processor.py:829} INFO - Processing file /home/airflow/.local/lib/python3.8/site-packages/airflow/example_dags/example_complex.py for tasks to queue
[2023-10-10T09:16:24.193+0000] {logging_mixin.py:151} INFO - [2023-10-10T09:16:24.192+0000] {dagbag.py:539} INFO - Filling up the DagBag from /home/airflow/.local/lib/python3.8/site-packages/airflow/example_dags/example_complex.py
[2023-10-10T09:16:24.206+0000] {processor.py:839} INFO - DAG(s) dict_keys(['example_complex']) retrieved from /home/airflow/.local/lib/python3.8/site-packages/airflow/example_dags/example_complex.py
[2023-10-10T09:16:24.240+0000] {logging_mixin.py:151} INFO - [2023-10-10T09:16:24.240+0000] {dag.py:2915} INFO - Sync 1 DAGs
[2023-10-10T09:16:24.251+0000] {logging_mixin.py:151} INFO - [2023-10-10T09:16:24.251+0000] {dag.py:3696} INFO - Setting next_dagrun for example_complex to None, run_after=None
[2023-10-10T09:16:24.283+0000] {processor.py:179} INFO - Processing /home/airflow/.local/lib/python3.8/site-packages/airflow/example_dags/example_complex.py took 0.099 seconds
[2023-10-10T09:16:54.676+0000] {processor.py:157} INFO - Started process (PID=3272) to work on /home/airflow/.local/lib/python3.8/site-packages/airflow/example_dags/example_complex.py
[2023-10-10T09:16:54.678+0000] {processor.py:829} INFO - Processing file /home/airflow/.local/lib/python3.8/site-packages/airflow/example_dags/example_complex.py for tasks to queue
[2023-10-10T09:16:54.682+0000] {logging_mixin.py:151} INFO - [2023-10-10T09:16:54.682+0000] {dagbag.py:539} INFO - Filling up the DagBag from /home/airflow/.local/lib/python3.8/site-packages/airflow/example_dags/example_complex.py
[2023-10-10T09:16:54.691+0000] {processor.py:839} INFO - DAG(s) dict_keys(['example_complex']) retrieved from /home/airflow/.local/lib/python3.8/site-packages/airflow/example_dags/example_complex.py
[2023-10-10T09:16:54.714+0000] {logging_mixin.py:151} INFO - [2023-10-10T09:16:54.714+0000] {dag.py:2915} INFO - Sync 1 DAGs
[2023-10-10T09:16:54.722+0000] {logging_mixin.py:151} INFO - [2023-10-10T09:16:54.722+0000] {dag.py:3696} INFO - Setting next_dagrun for example_complex to None, run_after=None
[2023-10-10T09:16:54.732+0000] {processor.py:179} INFO - Processing /home/airflow/.local/lib/python3.8/site-packages/airflow/example_dags/example_complex.py took 0.060 seconds
[2023-10-10T09:17:25.606+0000] {processor.py:157} INFO - Started process (PID=3332) to work on /home/airflow/.local/lib/python3.8/site-packages/airflow/example_dags/example_complex.py
[2023-10-10T09:17:25.607+0000] {processor.py:829} INFO - Processing file /home/airflow/.local/lib/python3.8/site-packages/airflow/example_dags/example_complex.py for tasks to queue
[2023-10-10T09:17:25.608+0000] {logging_mixin.py:151} INFO - [2023-10-10T09:17:25.608+0000] {dagbag.py:539} INFO - Filling up the DagBag from /home/airflow/.local/lib/python3.8/site-packages/airflow/example_dags/example_complex.py
[2023-10-10T09:17:25.615+0000] {processor.py:839} INFO - DAG(s) dict_keys(['example_complex']) retrieved from /home/airflow/.local/lib/python3.8/site-packages/airflow/example_dags/example_complex.py
[2023-10-10T09:17:25.638+0000] {logging_mixin.py:151} INFO - [2023-10-10T09:17:25.638+0000] {dag.py:2915} INFO - Sync 1 DAGs
[2023-10-10T09:17:25.646+0000] {logging_mixin.py:151} INFO - [2023-10-10T09:17:25.646+0000] {dag.py:3696} INFO - Setting next_dagrun for example_complex to None, run_after=None
[2023-10-10T09:17:25.655+0000] {processor.py:179} INFO - Processing /home/airflow/.local/lib/python3.8/site-packages/airflow/example_dags/example_complex.py took 0.052 seconds
[2023-10-10T09:17:55.894+0000] {processor.py:157} INFO - Started process (PID=3393) to work on /home/airflow/.local/lib/python3.8/site-packages/airflow/example_dags/example_complex.py
[2023-10-10T09:17:55.895+0000] {processor.py:829} INFO - Processing file /home/airflow/.local/lib/python3.8/site-packages/airflow/example_dags/example_complex.py for tasks to queue
[2023-10-10T09:17:55.896+0000] {logging_mixin.py:151} INFO - [2023-10-10T09:17:55.896+0000] {dagbag.py:539} INFO - Filling up the DagBag from /home/airflow/.local/lib/python3.8/site-packages/airflow/example_dags/example_complex.py
[2023-10-10T09:17:55.902+0000] {processor.py:839} INFO - DAG(s) dict_keys(['example_complex']) retrieved from /home/airflow/.local/lib/python3.8/site-packages/airflow/example_dags/example_complex.py
[2023-10-10T09:17:55.921+0000] {logging_mixin.py:151} INFO - [2023-10-10T09:17:55.921+0000] {dag.py:2915} INFO - Sync 1 DAGs
[2023-10-10T09:17:55.929+0000] {logging_mixin.py:151} INFO - [2023-10-10T09:17:55.929+0000] {dag.py:3696} INFO - Setting next_dagrun for example_complex to None, run_after=None
[2023-10-10T09:17:55.942+0000] {processor.py:179} INFO - Processing /home/airflow/.local/lib/python3.8/site-packages/airflow/example_dags/example_complex.py took 0.051 seconds
[2023-10-10T09:18:26.255+0000] {processor.py:157} INFO - Started process (PID=3454) to work on /home/airflow/.local/lib/python3.8/site-packages/airflow/example_dags/example_complex.py
[2023-10-10T09:18:26.256+0000] {processor.py:829} INFO - Processing file /home/airflow/.local/lib/python3.8/site-packages/airflow/example_dags/example_complex.py for tasks to queue
[2023-10-10T09:18:26.257+0000] {logging_mixin.py:151} INFO - [2023-10-10T09:18:26.257+0000] {dagbag.py:539} INFO - Filling up the DagBag from /home/airflow/.local/lib/python3.8/site-packages/airflow/example_dags/example_complex.py
[2023-10-10T09:18:26.264+0000] {processor.py:839} INFO - DAG(s) dict_keys(['example_complex']) retrieved from /home/airflow/.local/lib/python3.8/site-packages/airflow/example_dags/example_complex.py
[2023-10-10T09:18:26.288+0000] {logging_mixin.py:151} INFO - [2023-10-10T09:18:26.288+0000] {dag.py:2915} INFO - Sync 1 DAGs
[2023-10-10T09:18:26.298+0000] {logging_mixin.py:151} INFO - [2023-10-10T09:18:26.298+0000] {dag.py:3696} INFO - Setting next_dagrun for example_complex to None, run_after=None
[2023-10-10T09:18:26.308+0000] {processor.py:179} INFO - Processing /home/airflow/.local/lib/python3.8/site-packages/airflow/example_dags/example_complex.py took 0.055 seconds
[2023-10-10T09:18:56.391+0000] {processor.py:157} INFO - Started process (PID=3515) to work on /home/airflow/.local/lib/python3.8/site-packages/airflow/example_dags/example_complex.py
[2023-10-10T09:18:56.392+0000] {processor.py:829} INFO - Processing file /home/airflow/.local/lib/python3.8/site-packages/airflow/example_dags/example_complex.py for tasks to queue
[2023-10-10T09:18:56.394+0000] {logging_mixin.py:151} INFO - [2023-10-10T09:18:56.393+0000] {dagbag.py:539} INFO - Filling up the DagBag from /home/airflow/.local/lib/python3.8/site-packages/airflow/example_dags/example_complex.py
[2023-10-10T09:18:56.400+0000] {processor.py:839} INFO - DAG(s) dict_keys(['example_complex']) retrieved from /home/airflow/.local/lib/python3.8/site-packages/airflow/example_dags/example_complex.py
[2023-10-10T09:18:56.481+0000] {logging_mixin.py:151} INFO - [2023-10-10T09:18:56.479+0000] {dag.py:2915} INFO - Sync 1 DAGs
[2023-10-10T09:18:56.497+0000] {logging_mixin.py:151} INFO - [2023-10-10T09:18:56.497+0000] {dag.py:3696} INFO - Setting next_dagrun for example_complex to None, run_after=None
[2023-10-10T09:18:56.511+0000] {processor.py:179} INFO - Processing /home/airflow/.local/lib/python3.8/site-packages/airflow/example_dags/example_complex.py took 0.123 seconds
[2023-10-10T09:19:26.732+0000] {processor.py:157} INFO - Started process (PID=3576) to work on /home/airflow/.local/lib/python3.8/site-packages/airflow/example_dags/example_complex.py
[2023-10-10T09:19:26.733+0000] {processor.py:829} INFO - Processing file /home/airflow/.local/lib/python3.8/site-packages/airflow/example_dags/example_complex.py for tasks to queue
[2023-10-10T09:19:26.734+0000] {logging_mixin.py:151} INFO - [2023-10-10T09:19:26.734+0000] {dagbag.py:539} INFO - Filling up the DagBag from /home/airflow/.local/lib/python3.8/site-packages/airflow/example_dags/example_complex.py
[2023-10-10T09:19:26.740+0000] {processor.py:839} INFO - DAG(s) dict_keys(['example_complex']) retrieved from /home/airflow/.local/lib/python3.8/site-packages/airflow/example_dags/example_complex.py
[2023-10-10T09:19:26.766+0000] {logging_mixin.py:151} INFO - [2023-10-10T09:19:26.766+0000] {dag.py:2915} INFO - Sync 1 DAGs
[2023-10-10T09:19:26.774+0000] {logging_mixin.py:151} INFO - [2023-10-10T09:19:26.774+0000] {dag.py:3696} INFO - Setting next_dagrun for example_complex to None, run_after=None
[2023-10-10T09:19:26.788+0000] {processor.py:179} INFO - Processing /home/airflow/.local/lib/python3.8/site-packages/airflow/example_dags/example_complex.py took 0.059 seconds
[2023-10-10T09:19:57.170+0000] {processor.py:157} INFO - Started process (PID=3637) to work on /home/airflow/.local/lib/python3.8/site-packages/airflow/example_dags/example_complex.py
[2023-10-10T09:19:57.171+0000] {processor.py:829} INFO - Processing file /home/airflow/.local/lib/python3.8/site-packages/airflow/example_dags/example_complex.py for tasks to queue
[2023-10-10T09:19:57.173+0000] {logging_mixin.py:151} INFO - [2023-10-10T09:19:57.173+0000] {dagbag.py:539} INFO - Filling up the DagBag from /home/airflow/.local/lib/python3.8/site-packages/airflow/example_dags/example_complex.py
[2023-10-10T09:19:57.181+0000] {processor.py:839} INFO - DAG(s) dict_keys(['example_complex']) retrieved from /home/airflow/.local/lib/python3.8/site-packages/airflow/example_dags/example_complex.py
[2023-10-10T09:19:57.206+0000] {logging_mixin.py:151} INFO - [2023-10-10T09:19:57.206+0000] {dag.py:2915} INFO - Sync 1 DAGs
[2023-10-10T09:19:57.216+0000] {logging_mixin.py:151} INFO - [2023-10-10T09:19:57.216+0000] {dag.py:3696} INFO - Setting next_dagrun for example_complex to None, run_after=None
[2023-10-10T09:19:57.226+0000] {processor.py:179} INFO - Processing /home/airflow/.local/lib/python3.8/site-packages/airflow/example_dags/example_complex.py took 0.060 seconds
