[2023-10-10T08:50:11.160+0000] {processor.py:157} INFO - Started process (PID=78) to work on /home/airflow/.local/lib/python3.8/site-packages/airflow/example_dags/tutorial_dag.py
[2023-10-10T08:50:11.164+0000] {processor.py:829} INFO - Processing file /home/airflow/.local/lib/python3.8/site-packages/airflow/example_dags/tutorial_dag.py for tasks to queue
[2023-10-10T08:50:11.193+0000] {logging_mixin.py:151} INFO - [2023-10-10T08:50:11.187+0000] {dagbag.py:539} INFO - Filling up the DagBag from /home/airflow/.local/lib/python3.8/site-packages/airflow/example_dags/tutorial_dag.py
[2023-10-10T08:50:11.251+0000] {processor.py:839} INFO - DAG(s) dict_keys(['tutorial_dag']) retrieved from /home/airflow/.local/lib/python3.8/site-packages/airflow/example_dags/tutorial_dag.py
[2023-10-10T08:50:11.438+0000] {logging_mixin.py:151} INFO - [2023-10-10T08:50:11.438+0000] {dag.py:2915} INFO - Sync 1 DAGs
[2023-10-10T08:50:11.584+0000] {logging_mixin.py:151} INFO - [2023-10-10T08:50:11.581+0000] {dag.py:3696} INFO - Setting next_dagrun for tutorial_dag to None, run_after=None
[2023-10-10T08:50:12.238+0000] {processor.py:179} INFO - Processing /home/airflow/.local/lib/python3.8/site-packages/airflow/example_dags/tutorial_dag.py took 1.109 seconds
[2023-10-10T08:50:42.957+0000] {processor.py:157} INFO - Started process (PID=139) to work on /home/airflow/.local/lib/python3.8/site-packages/airflow/example_dags/tutorial_dag.py
[2023-10-10T08:50:42.959+0000] {processor.py:829} INFO - Processing file /home/airflow/.local/lib/python3.8/site-packages/airflow/example_dags/tutorial_dag.py for tasks to queue
[2023-10-10T08:50:42.963+0000] {logging_mixin.py:151} INFO - [2023-10-10T08:50:42.963+0000] {dagbag.py:539} INFO - Filling up the DagBag from /home/airflow/.local/lib/python3.8/site-packages/airflow/example_dags/tutorial_dag.py
[2023-10-10T08:50:42.972+0000] {processor.py:839} INFO - DAG(s) dict_keys(['tutorial_dag']) retrieved from /home/airflow/.local/lib/python3.8/site-packages/airflow/example_dags/tutorial_dag.py
[2023-10-10T08:50:43.016+0000] {logging_mixin.py:151} INFO - [2023-10-10T08:50:43.016+0000] {dag.py:2915} INFO - Sync 1 DAGs
[2023-10-10T08:50:43.044+0000] {logging_mixin.py:151} INFO - [2023-10-10T08:50:43.043+0000] {dag.py:3696} INFO - Setting next_dagrun for tutorial_dag to None, run_after=None
[2023-10-10T08:50:43.064+0000] {processor.py:179} INFO - Processing /home/airflow/.local/lib/python3.8/site-packages/airflow/example_dags/tutorial_dag.py took 0.114 seconds
[2023-10-10T08:51:13.618+0000] {processor.py:157} INFO - Started process (PID=200) to work on /home/airflow/.local/lib/python3.8/site-packages/airflow/example_dags/tutorial_dag.py
[2023-10-10T08:51:13.620+0000] {processor.py:829} INFO - Processing file /home/airflow/.local/lib/python3.8/site-packages/airflow/example_dags/tutorial_dag.py for tasks to queue
[2023-10-10T08:51:13.623+0000] {logging_mixin.py:151} INFO - [2023-10-10T08:51:13.622+0000] {dagbag.py:539} INFO - Filling up the DagBag from /home/airflow/.local/lib/python3.8/site-packages/airflow/example_dags/tutorial_dag.py
[2023-10-10T08:51:13.630+0000] {processor.py:839} INFO - DAG(s) dict_keys(['tutorial_dag']) retrieved from /home/airflow/.local/lib/python3.8/site-packages/airflow/example_dags/tutorial_dag.py
[2023-10-10T08:51:13.650+0000] {logging_mixin.py:151} INFO - [2023-10-10T08:51:13.650+0000] {dag.py:2915} INFO - Sync 1 DAGs
[2023-10-10T08:51:13.659+0000] {logging_mixin.py:151} INFO - [2023-10-10T08:51:13.659+0000] {dag.py:3696} INFO - Setting next_dagrun for tutorial_dag to None, run_after=None
[2023-10-10T08:51:13.675+0000] {processor.py:179} INFO - Processing /home/airflow/.local/lib/python3.8/site-packages/airflow/example_dags/tutorial_dag.py took 0.062 seconds
[2023-10-10T08:51:44.023+0000] {processor.py:157} INFO - Started process (PID=261) to work on /home/airflow/.local/lib/python3.8/site-packages/airflow/example_dags/tutorial_dag.py
[2023-10-10T08:51:44.025+0000] {processor.py:829} INFO - Processing file /home/airflow/.local/lib/python3.8/site-packages/airflow/example_dags/tutorial_dag.py for tasks to queue
[2023-10-10T08:51:44.030+0000] {logging_mixin.py:151} INFO - [2023-10-10T08:51:44.029+0000] {dagbag.py:539} INFO - Filling up the DagBag from /home/airflow/.local/lib/python3.8/site-packages/airflow/example_dags/tutorial_dag.py
[2023-10-10T08:51:44.062+0000] {processor.py:839} INFO - DAG(s) dict_keys(['tutorial_dag']) retrieved from /home/airflow/.local/lib/python3.8/site-packages/airflow/example_dags/tutorial_dag.py
[2023-10-10T08:51:44.120+0000] {logging_mixin.py:151} INFO - [2023-10-10T08:51:44.120+0000] {dag.py:2915} INFO - Sync 1 DAGs
[2023-10-10T08:51:44.136+0000] {logging_mixin.py:151} INFO - [2023-10-10T08:51:44.136+0000] {dag.py:3696} INFO - Setting next_dagrun for tutorial_dag to None, run_after=None
[2023-10-10T08:51:44.149+0000] {processor.py:179} INFO - Processing /home/airflow/.local/lib/python3.8/site-packages/airflow/example_dags/tutorial_dag.py took 0.137 seconds
[2023-10-10T08:52:14.415+0000] {processor.py:157} INFO - Started process (PID=322) to work on /home/airflow/.local/lib/python3.8/site-packages/airflow/example_dags/tutorial_dag.py
[2023-10-10T08:52:14.416+0000] {processor.py:829} INFO - Processing file /home/airflow/.local/lib/python3.8/site-packages/airflow/example_dags/tutorial_dag.py for tasks to queue
[2023-10-10T08:52:14.425+0000] {logging_mixin.py:151} INFO - [2023-10-10T08:52:14.424+0000] {dagbag.py:539} INFO - Filling up the DagBag from /home/airflow/.local/lib/python3.8/site-packages/airflow/example_dags/tutorial_dag.py
[2023-10-10T08:52:14.446+0000] {processor.py:839} INFO - DAG(s) dict_keys(['tutorial_dag']) retrieved from /home/airflow/.local/lib/python3.8/site-packages/airflow/example_dags/tutorial_dag.py
[2023-10-10T08:52:14.472+0000] {logging_mixin.py:151} INFO - [2023-10-10T08:52:14.471+0000] {dag.py:2915} INFO - Sync 1 DAGs
[2023-10-10T08:52:14.490+0000] {logging_mixin.py:151} INFO - [2023-10-10T08:52:14.490+0000] {dag.py:3696} INFO - Setting next_dagrun for tutorial_dag to None, run_after=None
[2023-10-10T08:52:14.506+0000] {processor.py:179} INFO - Processing /home/airflow/.local/lib/python3.8/site-packages/airflow/example_dags/tutorial_dag.py took 0.095 seconds
[2023-10-10T08:52:45.047+0000] {processor.py:157} INFO - Started process (PID=383) to work on /home/airflow/.local/lib/python3.8/site-packages/airflow/example_dags/tutorial_dag.py
[2023-10-10T08:52:45.049+0000] {processor.py:829} INFO - Processing file /home/airflow/.local/lib/python3.8/site-packages/airflow/example_dags/tutorial_dag.py for tasks to queue
[2023-10-10T08:52:45.052+0000] {logging_mixin.py:151} INFO - [2023-10-10T08:52:45.051+0000] {dagbag.py:539} INFO - Filling up the DagBag from /home/airflow/.local/lib/python3.8/site-packages/airflow/example_dags/tutorial_dag.py
[2023-10-10T08:52:45.058+0000] {processor.py:839} INFO - DAG(s) dict_keys(['tutorial_dag']) retrieved from /home/airflow/.local/lib/python3.8/site-packages/airflow/example_dags/tutorial_dag.py
[2023-10-10T08:52:45.089+0000] {logging_mixin.py:151} INFO - [2023-10-10T08:52:45.089+0000] {dag.py:2915} INFO - Sync 1 DAGs
[2023-10-10T08:52:45.102+0000] {logging_mixin.py:151} INFO - [2023-10-10T08:52:45.102+0000] {dag.py:3696} INFO - Setting next_dagrun for tutorial_dag to None, run_after=None
[2023-10-10T08:52:45.117+0000] {processor.py:179} INFO - Processing /home/airflow/.local/lib/python3.8/site-packages/airflow/example_dags/tutorial_dag.py took 0.074 seconds
[2023-10-10T08:53:15.437+0000] {processor.py:157} INFO - Started process (PID=444) to work on /home/airflow/.local/lib/python3.8/site-packages/airflow/example_dags/tutorial_dag.py
[2023-10-10T08:53:15.440+0000] {processor.py:829} INFO - Processing file /home/airflow/.local/lib/python3.8/site-packages/airflow/example_dags/tutorial_dag.py for tasks to queue
[2023-10-10T08:53:15.444+0000] {logging_mixin.py:151} INFO - [2023-10-10T08:53:15.444+0000] {dagbag.py:539} INFO - Filling up the DagBag from /home/airflow/.local/lib/python3.8/site-packages/airflow/example_dags/tutorial_dag.py
[2023-10-10T08:53:15.454+0000] {processor.py:839} INFO - DAG(s) dict_keys(['tutorial_dag']) retrieved from /home/airflow/.local/lib/python3.8/site-packages/airflow/example_dags/tutorial_dag.py
[2023-10-10T08:53:15.495+0000] {logging_mixin.py:151} INFO - [2023-10-10T08:53:15.495+0000] {dag.py:2915} INFO - Sync 1 DAGs
[2023-10-10T08:53:15.507+0000] {logging_mixin.py:151} INFO - [2023-10-10T08:53:15.507+0000] {dag.py:3696} INFO - Setting next_dagrun for tutorial_dag to None, run_after=None
[2023-10-10T08:53:15.519+0000] {processor.py:179} INFO - Processing /home/airflow/.local/lib/python3.8/site-packages/airflow/example_dags/tutorial_dag.py took 0.089 seconds
[2023-10-10T08:53:46.045+0000] {processor.py:157} INFO - Started process (PID=505) to work on /home/airflow/.local/lib/python3.8/site-packages/airflow/example_dags/tutorial_dag.py
[2023-10-10T08:53:46.048+0000] {processor.py:829} INFO - Processing file /home/airflow/.local/lib/python3.8/site-packages/airflow/example_dags/tutorial_dag.py for tasks to queue
[2023-10-10T08:53:46.052+0000] {logging_mixin.py:151} INFO - [2023-10-10T08:53:46.052+0000] {dagbag.py:539} INFO - Filling up the DagBag from /home/airflow/.local/lib/python3.8/site-packages/airflow/example_dags/tutorial_dag.py
[2023-10-10T08:53:46.060+0000] {processor.py:839} INFO - DAG(s) dict_keys(['tutorial_dag']) retrieved from /home/airflow/.local/lib/python3.8/site-packages/airflow/example_dags/tutorial_dag.py
[2023-10-10T08:53:46.082+0000] {logging_mixin.py:151} INFO - [2023-10-10T08:53:46.081+0000] {dag.py:2915} INFO - Sync 1 DAGs
[2023-10-10T08:53:46.090+0000] {logging_mixin.py:151} INFO - [2023-10-10T08:53:46.090+0000] {dag.py:3696} INFO - Setting next_dagrun for tutorial_dag to None, run_after=None
[2023-10-10T08:53:46.101+0000] {processor.py:179} INFO - Processing /home/airflow/.local/lib/python3.8/site-packages/airflow/example_dags/tutorial_dag.py took 0.063 seconds
[2023-10-10T08:54:16.264+0000] {processor.py:157} INFO - Started process (PID=566) to work on /home/airflow/.local/lib/python3.8/site-packages/airflow/example_dags/tutorial_dag.py
[2023-10-10T08:54:16.267+0000] {processor.py:829} INFO - Processing file /home/airflow/.local/lib/python3.8/site-packages/airflow/example_dags/tutorial_dag.py for tasks to queue
[2023-10-10T08:54:16.271+0000] {logging_mixin.py:151} INFO - [2023-10-10T08:54:16.271+0000] {dagbag.py:539} INFO - Filling up the DagBag from /home/airflow/.local/lib/python3.8/site-packages/airflow/example_dags/tutorial_dag.py
[2023-10-10T08:54:16.281+0000] {processor.py:839} INFO - DAG(s) dict_keys(['tutorial_dag']) retrieved from /home/airflow/.local/lib/python3.8/site-packages/airflow/example_dags/tutorial_dag.py
[2023-10-10T08:54:16.318+0000] {logging_mixin.py:151} INFO - [2023-10-10T08:54:16.318+0000] {dag.py:2915} INFO - Sync 1 DAGs
[2023-10-10T08:54:16.334+0000] {logging_mixin.py:151} INFO - [2023-10-10T08:54:16.334+0000] {dag.py:3696} INFO - Setting next_dagrun for tutorial_dag to None, run_after=None
[2023-10-10T08:54:16.347+0000] {processor.py:179} INFO - Processing /home/airflow/.local/lib/python3.8/site-packages/airflow/example_dags/tutorial_dag.py took 0.092 seconds
[2023-10-10T08:54:47.091+0000] {processor.py:157} INFO - Started process (PID=627) to work on /home/airflow/.local/lib/python3.8/site-packages/airflow/example_dags/tutorial_dag.py
[2023-10-10T08:54:47.093+0000] {processor.py:829} INFO - Processing file /home/airflow/.local/lib/python3.8/site-packages/airflow/example_dags/tutorial_dag.py for tasks to queue
[2023-10-10T08:54:47.096+0000] {logging_mixin.py:151} INFO - [2023-10-10T08:54:47.096+0000] {dagbag.py:539} INFO - Filling up the DagBag from /home/airflow/.local/lib/python3.8/site-packages/airflow/example_dags/tutorial_dag.py
[2023-10-10T08:54:47.105+0000] {processor.py:839} INFO - DAG(s) dict_keys(['tutorial_dag']) retrieved from /home/airflow/.local/lib/python3.8/site-packages/airflow/example_dags/tutorial_dag.py
[2023-10-10T08:54:47.143+0000] {logging_mixin.py:151} INFO - [2023-10-10T08:54:47.142+0000] {dag.py:2915} INFO - Sync 1 DAGs
[2023-10-10T08:54:47.161+0000] {logging_mixin.py:151} INFO - [2023-10-10T08:54:47.160+0000] {dag.py:3696} INFO - Setting next_dagrun for tutorial_dag to None, run_after=None
[2023-10-10T08:54:47.175+0000] {processor.py:179} INFO - Processing /home/airflow/.local/lib/python3.8/site-packages/airflow/example_dags/tutorial_dag.py took 0.090 seconds
[2023-10-10T08:55:17.573+0000] {processor.py:157} INFO - Started process (PID=688) to work on /home/airflow/.local/lib/python3.8/site-packages/airflow/example_dags/tutorial_dag.py
[2023-10-10T08:55:17.575+0000] {processor.py:829} INFO - Processing file /home/airflow/.local/lib/python3.8/site-packages/airflow/example_dags/tutorial_dag.py for tasks to queue
[2023-10-10T08:55:17.577+0000] {logging_mixin.py:151} INFO - [2023-10-10T08:55:17.577+0000] {dagbag.py:539} INFO - Filling up the DagBag from /home/airflow/.local/lib/python3.8/site-packages/airflow/example_dags/tutorial_dag.py
[2023-10-10T08:55:17.588+0000] {processor.py:839} INFO - DAG(s) dict_keys(['tutorial_dag']) retrieved from /home/airflow/.local/lib/python3.8/site-packages/airflow/example_dags/tutorial_dag.py
[2023-10-10T08:55:17.613+0000] {logging_mixin.py:151} INFO - [2023-10-10T08:55:17.612+0000] {dag.py:2915} INFO - Sync 1 DAGs
[2023-10-10T08:55:17.622+0000] {logging_mixin.py:151} INFO - [2023-10-10T08:55:17.621+0000] {dag.py:3696} INFO - Setting next_dagrun for tutorial_dag to None, run_after=None
[2023-10-10T08:55:17.632+0000] {processor.py:179} INFO - Processing /home/airflow/.local/lib/python3.8/site-packages/airflow/example_dags/tutorial_dag.py took 0.065 seconds
[2023-10-10T08:55:48.408+0000] {processor.py:157} INFO - Started process (PID=748) to work on /home/airflow/.local/lib/python3.8/site-packages/airflow/example_dags/tutorial_dag.py
[2023-10-10T08:55:48.411+0000] {processor.py:829} INFO - Processing file /home/airflow/.local/lib/python3.8/site-packages/airflow/example_dags/tutorial_dag.py for tasks to queue
[2023-10-10T08:55:48.414+0000] {logging_mixin.py:151} INFO - [2023-10-10T08:55:48.414+0000] {dagbag.py:539} INFO - Filling up the DagBag from /home/airflow/.local/lib/python3.8/site-packages/airflow/example_dags/tutorial_dag.py
[2023-10-10T08:55:48.422+0000] {processor.py:839} INFO - DAG(s) dict_keys(['tutorial_dag']) retrieved from /home/airflow/.local/lib/python3.8/site-packages/airflow/example_dags/tutorial_dag.py
[2023-10-10T08:55:48.450+0000] {logging_mixin.py:151} INFO - [2023-10-10T08:55:48.450+0000] {dag.py:2915} INFO - Sync 1 DAGs
[2023-10-10T08:55:48.461+0000] {logging_mixin.py:151} INFO - [2023-10-10T08:55:48.461+0000] {dag.py:3696} INFO - Setting next_dagrun for tutorial_dag to None, run_after=None
[2023-10-10T08:55:48.521+0000] {processor.py:179} INFO - Processing /home/airflow/.local/lib/python3.8/site-packages/airflow/example_dags/tutorial_dag.py took 0.120 seconds
[2023-10-10T08:56:19.590+0000] {processor.py:157} INFO - Started process (PID=809) to work on /home/airflow/.local/lib/python3.8/site-packages/airflow/example_dags/tutorial_dag.py
[2023-10-10T08:56:19.594+0000] {processor.py:829} INFO - Processing file /home/airflow/.local/lib/python3.8/site-packages/airflow/example_dags/tutorial_dag.py for tasks to queue
[2023-10-10T08:56:19.598+0000] {logging_mixin.py:151} INFO - [2023-10-10T08:56:19.597+0000] {dagbag.py:539} INFO - Filling up the DagBag from /home/airflow/.local/lib/python3.8/site-packages/airflow/example_dags/tutorial_dag.py
[2023-10-10T08:56:19.609+0000] {processor.py:839} INFO - DAG(s) dict_keys(['tutorial_dag']) retrieved from /home/airflow/.local/lib/python3.8/site-packages/airflow/example_dags/tutorial_dag.py
[2023-10-10T08:56:19.651+0000] {logging_mixin.py:151} INFO - [2023-10-10T08:56:19.651+0000] {dag.py:2915} INFO - Sync 1 DAGs
[2023-10-10T08:56:19.661+0000] {logging_mixin.py:151} INFO - [2023-10-10T08:56:19.661+0000] {dag.py:3696} INFO - Setting next_dagrun for tutorial_dag to None, run_after=None
[2023-10-10T08:56:19.677+0000] {processor.py:179} INFO - Processing /home/airflow/.local/lib/python3.8/site-packages/airflow/example_dags/tutorial_dag.py took 0.097 seconds
[2023-10-10T08:56:50.568+0000] {processor.py:157} INFO - Started process (PID=870) to work on /home/airflow/.local/lib/python3.8/site-packages/airflow/example_dags/tutorial_dag.py
[2023-10-10T08:56:50.571+0000] {processor.py:829} INFO - Processing file /home/airflow/.local/lib/python3.8/site-packages/airflow/example_dags/tutorial_dag.py for tasks to queue
[2023-10-10T08:56:50.576+0000] {logging_mixin.py:151} INFO - [2023-10-10T08:56:50.575+0000] {dagbag.py:539} INFO - Filling up the DagBag from /home/airflow/.local/lib/python3.8/site-packages/airflow/example_dags/tutorial_dag.py
[2023-10-10T08:56:50.589+0000] {processor.py:839} INFO - DAG(s) dict_keys(['tutorial_dag']) retrieved from /home/airflow/.local/lib/python3.8/site-packages/airflow/example_dags/tutorial_dag.py
[2023-10-10T08:56:50.625+0000] {logging_mixin.py:151} INFO - [2023-10-10T08:56:50.625+0000] {dag.py:2915} INFO - Sync 1 DAGs
[2023-10-10T08:56:50.637+0000] {logging_mixin.py:151} INFO - [2023-10-10T08:56:50.636+0000] {dag.py:3696} INFO - Setting next_dagrun for tutorial_dag to None, run_after=None
[2023-10-10T08:56:50.655+0000] {processor.py:179} INFO - Processing /home/airflow/.local/lib/python3.8/site-packages/airflow/example_dags/tutorial_dag.py took 0.096 seconds
[2023-10-10T08:57:21.514+0000] {processor.py:157} INFO - Started process (PID=931) to work on /home/airflow/.local/lib/python3.8/site-packages/airflow/example_dags/tutorial_dag.py
[2023-10-10T08:57:21.518+0000] {processor.py:829} INFO - Processing file /home/airflow/.local/lib/python3.8/site-packages/airflow/example_dags/tutorial_dag.py for tasks to queue
[2023-10-10T08:57:21.522+0000] {logging_mixin.py:151} INFO - [2023-10-10T08:57:21.521+0000] {dagbag.py:539} INFO - Filling up the DagBag from /home/airflow/.local/lib/python3.8/site-packages/airflow/example_dags/tutorial_dag.py
[2023-10-10T08:57:21.529+0000] {processor.py:839} INFO - DAG(s) dict_keys(['tutorial_dag']) retrieved from /home/airflow/.local/lib/python3.8/site-packages/airflow/example_dags/tutorial_dag.py
[2023-10-10T08:57:21.560+0000] {logging_mixin.py:151} INFO - [2023-10-10T08:57:21.560+0000] {dag.py:2915} INFO - Sync 1 DAGs
[2023-10-10T08:57:21.571+0000] {logging_mixin.py:151} INFO - [2023-10-10T08:57:21.571+0000] {dag.py:3696} INFO - Setting next_dagrun for tutorial_dag to None, run_after=None
[2023-10-10T08:57:21.583+0000] {processor.py:179} INFO - Processing /home/airflow/.local/lib/python3.8/site-packages/airflow/example_dags/tutorial_dag.py took 0.078 seconds
[2023-10-10T08:57:51.707+0000] {processor.py:157} INFO - Started process (PID=992) to work on /home/airflow/.local/lib/python3.8/site-packages/airflow/example_dags/tutorial_dag.py
[2023-10-10T08:57:51.708+0000] {processor.py:829} INFO - Processing file /home/airflow/.local/lib/python3.8/site-packages/airflow/example_dags/tutorial_dag.py for tasks to queue
[2023-10-10T08:57:51.716+0000] {logging_mixin.py:151} INFO - [2023-10-10T08:57:51.714+0000] {dagbag.py:539} INFO - Filling up the DagBag from /home/airflow/.local/lib/python3.8/site-packages/airflow/example_dags/tutorial_dag.py
[2023-10-10T08:57:51.725+0000] {processor.py:839} INFO - DAG(s) dict_keys(['tutorial_dag']) retrieved from /home/airflow/.local/lib/python3.8/site-packages/airflow/example_dags/tutorial_dag.py
[2023-10-10T08:57:51.765+0000] {logging_mixin.py:151} INFO - [2023-10-10T08:57:51.765+0000] {dag.py:2915} INFO - Sync 1 DAGs
[2023-10-10T08:57:51.783+0000] {logging_mixin.py:151} INFO - [2023-10-10T08:57:51.782+0000] {dag.py:3696} INFO - Setting next_dagrun for tutorial_dag to None, run_after=None
[2023-10-10T08:57:51.805+0000] {processor.py:179} INFO - Processing /home/airflow/.local/lib/python3.8/site-packages/airflow/example_dags/tutorial_dag.py took 0.104 seconds
[2023-10-10T08:58:22.202+0000] {processor.py:157} INFO - Started process (PID=1053) to work on /home/airflow/.local/lib/python3.8/site-packages/airflow/example_dags/tutorial_dag.py
[2023-10-10T08:58:22.203+0000] {processor.py:829} INFO - Processing file /home/airflow/.local/lib/python3.8/site-packages/airflow/example_dags/tutorial_dag.py for tasks to queue
[2023-10-10T08:58:22.204+0000] {logging_mixin.py:151} INFO - [2023-10-10T08:58:22.204+0000] {dagbag.py:539} INFO - Filling up the DagBag from /home/airflow/.local/lib/python3.8/site-packages/airflow/example_dags/tutorial_dag.py
[2023-10-10T08:58:22.208+0000] {processor.py:839} INFO - DAG(s) dict_keys(['tutorial_dag']) retrieved from /home/airflow/.local/lib/python3.8/site-packages/airflow/example_dags/tutorial_dag.py
[2023-10-10T08:58:22.226+0000] {logging_mixin.py:151} INFO - [2023-10-10T08:58:22.226+0000] {dag.py:2915} INFO - Sync 1 DAGs
[2023-10-10T08:58:22.240+0000] {logging_mixin.py:151} INFO - [2023-10-10T08:58:22.240+0000] {dag.py:3696} INFO - Setting next_dagrun for tutorial_dag to None, run_after=None
[2023-10-10T08:58:22.253+0000] {processor.py:179} INFO - Processing /home/airflow/.local/lib/python3.8/site-packages/airflow/example_dags/tutorial_dag.py took 0.053 seconds
[2023-10-10T08:58:52.568+0000] {processor.py:157} INFO - Started process (PID=1107) to work on /home/airflow/.local/lib/python3.8/site-packages/airflow/example_dags/tutorial_dag.py
[2023-10-10T08:58:52.570+0000] {processor.py:829} INFO - Processing file /home/airflow/.local/lib/python3.8/site-packages/airflow/example_dags/tutorial_dag.py for tasks to queue
[2023-10-10T08:58:52.572+0000] {logging_mixin.py:151} INFO - [2023-10-10T08:58:52.571+0000] {dagbag.py:539} INFO - Filling up the DagBag from /home/airflow/.local/lib/python3.8/site-packages/airflow/example_dags/tutorial_dag.py
[2023-10-10T08:58:52.577+0000] {processor.py:839} INFO - DAG(s) dict_keys(['tutorial_dag']) retrieved from /home/airflow/.local/lib/python3.8/site-packages/airflow/example_dags/tutorial_dag.py
[2023-10-10T08:58:52.596+0000] {logging_mixin.py:151} INFO - [2023-10-10T08:58:52.596+0000] {dag.py:2915} INFO - Sync 1 DAGs
[2023-10-10T08:58:52.604+0000] {logging_mixin.py:151} INFO - [2023-10-10T08:58:52.604+0000] {dag.py:3696} INFO - Setting next_dagrun for tutorial_dag to None, run_after=None
[2023-10-10T08:58:52.615+0000] {processor.py:179} INFO - Processing /home/airflow/.local/lib/python3.8/site-packages/airflow/example_dags/tutorial_dag.py took 0.054 seconds
[2023-10-10T08:59:23.577+0000] {processor.py:157} INFO - Started process (PID=1168) to work on /home/airflow/.local/lib/python3.8/site-packages/airflow/example_dags/tutorial_dag.py
[2023-10-10T08:59:23.578+0000] {processor.py:829} INFO - Processing file /home/airflow/.local/lib/python3.8/site-packages/airflow/example_dags/tutorial_dag.py for tasks to queue
[2023-10-10T08:59:23.580+0000] {logging_mixin.py:151} INFO - [2023-10-10T08:59:23.579+0000] {dagbag.py:539} INFO - Filling up the DagBag from /home/airflow/.local/lib/python3.8/site-packages/airflow/example_dags/tutorial_dag.py
[2023-10-10T08:59:23.585+0000] {processor.py:839} INFO - DAG(s) dict_keys(['tutorial_dag']) retrieved from /home/airflow/.local/lib/python3.8/site-packages/airflow/example_dags/tutorial_dag.py
[2023-10-10T08:59:23.604+0000] {logging_mixin.py:151} INFO - [2023-10-10T08:59:23.604+0000] {dag.py:2915} INFO - Sync 1 DAGs
[2023-10-10T08:59:23.617+0000] {logging_mixin.py:151} INFO - [2023-10-10T08:59:23.617+0000] {dag.py:3696} INFO - Setting next_dagrun for tutorial_dag to None, run_after=None
[2023-10-10T08:59:23.640+0000] {processor.py:179} INFO - Processing /home/airflow/.local/lib/python3.8/site-packages/airflow/example_dags/tutorial_dag.py took 0.065 seconds
[2023-10-10T08:59:54.714+0000] {processor.py:157} INFO - Started process (PID=1229) to work on /home/airflow/.local/lib/python3.8/site-packages/airflow/example_dags/tutorial_dag.py
[2023-10-10T08:59:54.715+0000] {processor.py:829} INFO - Processing file /home/airflow/.local/lib/python3.8/site-packages/airflow/example_dags/tutorial_dag.py for tasks to queue
[2023-10-10T08:59:54.717+0000] {logging_mixin.py:151} INFO - [2023-10-10T08:59:54.717+0000] {dagbag.py:539} INFO - Filling up the DagBag from /home/airflow/.local/lib/python3.8/site-packages/airflow/example_dags/tutorial_dag.py
[2023-10-10T08:59:54.721+0000] {processor.py:839} INFO - DAG(s) dict_keys(['tutorial_dag']) retrieved from /home/airflow/.local/lib/python3.8/site-packages/airflow/example_dags/tutorial_dag.py
[2023-10-10T08:59:54.740+0000] {logging_mixin.py:151} INFO - [2023-10-10T08:59:54.740+0000] {dag.py:2915} INFO - Sync 1 DAGs
[2023-10-10T08:59:54.749+0000] {logging_mixin.py:151} INFO - [2023-10-10T08:59:54.749+0000] {dag.py:3696} INFO - Setting next_dagrun for tutorial_dag to None, run_after=None
[2023-10-10T08:59:54.760+0000] {processor.py:179} INFO - Processing /home/airflow/.local/lib/python3.8/site-packages/airflow/example_dags/tutorial_dag.py took 0.048 seconds
[2023-10-10T09:00:25.180+0000] {processor.py:157} INFO - Started process (PID=1290) to work on /home/airflow/.local/lib/python3.8/site-packages/airflow/example_dags/tutorial_dag.py
[2023-10-10T09:00:25.181+0000] {processor.py:829} INFO - Processing file /home/airflow/.local/lib/python3.8/site-packages/airflow/example_dags/tutorial_dag.py for tasks to queue
[2023-10-10T09:00:25.182+0000] {logging_mixin.py:151} INFO - [2023-10-10T09:00:25.182+0000] {dagbag.py:539} INFO - Filling up the DagBag from /home/airflow/.local/lib/python3.8/site-packages/airflow/example_dags/tutorial_dag.py
[2023-10-10T09:00:25.186+0000] {processor.py:839} INFO - DAG(s) dict_keys(['tutorial_dag']) retrieved from /home/airflow/.local/lib/python3.8/site-packages/airflow/example_dags/tutorial_dag.py
[2023-10-10T09:00:25.207+0000] {logging_mixin.py:151} INFO - [2023-10-10T09:00:25.206+0000] {dag.py:2915} INFO - Sync 1 DAGs
[2023-10-10T09:00:25.218+0000] {logging_mixin.py:151} INFO - [2023-10-10T09:00:25.218+0000] {dag.py:3696} INFO - Setting next_dagrun for tutorial_dag to None, run_after=None
[2023-10-10T09:00:25.242+0000] {processor.py:179} INFO - Processing /home/airflow/.local/lib/python3.8/site-packages/airflow/example_dags/tutorial_dag.py took 0.065 seconds
[2023-10-10T09:00:56.567+0000] {processor.py:157} INFO - Started process (PID=1351) to work on /home/airflow/.local/lib/python3.8/site-packages/airflow/example_dags/tutorial_dag.py
[2023-10-10T09:00:56.569+0000] {processor.py:829} INFO - Processing file /home/airflow/.local/lib/python3.8/site-packages/airflow/example_dags/tutorial_dag.py for tasks to queue
[2023-10-10T09:00:56.573+0000] {logging_mixin.py:151} INFO - [2023-10-10T09:00:56.573+0000] {dagbag.py:539} INFO - Filling up the DagBag from /home/airflow/.local/lib/python3.8/site-packages/airflow/example_dags/tutorial_dag.py
[2023-10-10T09:00:56.580+0000] {processor.py:839} INFO - DAG(s) dict_keys(['tutorial_dag']) retrieved from /home/airflow/.local/lib/python3.8/site-packages/airflow/example_dags/tutorial_dag.py
[2023-10-10T09:00:56.599+0000] {logging_mixin.py:151} INFO - [2023-10-10T09:00:56.599+0000] {dag.py:2915} INFO - Sync 1 DAGs
[2023-10-10T09:00:56.610+0000] {logging_mixin.py:151} INFO - [2023-10-10T09:00:56.610+0000] {dag.py:3696} INFO - Setting next_dagrun for tutorial_dag to None, run_after=None
[2023-10-10T09:00:56.626+0000] {processor.py:179} INFO - Processing /home/airflow/.local/lib/python3.8/site-packages/airflow/example_dags/tutorial_dag.py took 0.063 seconds
[2023-10-10T09:01:26.718+0000] {processor.py:157} INFO - Started process (PID=1412) to work on /home/airflow/.local/lib/python3.8/site-packages/airflow/example_dags/tutorial_dag.py
[2023-10-10T09:01:26.720+0000] {processor.py:829} INFO - Processing file /home/airflow/.local/lib/python3.8/site-packages/airflow/example_dags/tutorial_dag.py for tasks to queue
[2023-10-10T09:01:26.723+0000] {logging_mixin.py:151} INFO - [2023-10-10T09:01:26.723+0000] {dagbag.py:539} INFO - Filling up the DagBag from /home/airflow/.local/lib/python3.8/site-packages/airflow/example_dags/tutorial_dag.py
[2023-10-10T09:01:26.727+0000] {processor.py:839} INFO - DAG(s) dict_keys(['tutorial_dag']) retrieved from /home/airflow/.local/lib/python3.8/site-packages/airflow/example_dags/tutorial_dag.py
[2023-10-10T09:01:26.748+0000] {logging_mixin.py:151} INFO - [2023-10-10T09:01:26.748+0000] {dag.py:2915} INFO - Sync 1 DAGs
[2023-10-10T09:01:26.758+0000] {logging_mixin.py:151} INFO - [2023-10-10T09:01:26.758+0000] {dag.py:3696} INFO - Setting next_dagrun for tutorial_dag to None, run_after=None
[2023-10-10T09:01:26.770+0000] {processor.py:179} INFO - Processing /home/airflow/.local/lib/python3.8/site-packages/airflow/example_dags/tutorial_dag.py took 0.055 seconds
[2023-10-10T09:01:56.868+0000] {processor.py:157} INFO - Started process (PID=1473) to work on /home/airflow/.local/lib/python3.8/site-packages/airflow/example_dags/tutorial_dag.py
[2023-10-10T09:01:56.869+0000] {processor.py:829} INFO - Processing file /home/airflow/.local/lib/python3.8/site-packages/airflow/example_dags/tutorial_dag.py for tasks to queue
[2023-10-10T09:01:56.871+0000] {logging_mixin.py:151} INFO - [2023-10-10T09:01:56.871+0000] {dagbag.py:539} INFO - Filling up the DagBag from /home/airflow/.local/lib/python3.8/site-packages/airflow/example_dags/tutorial_dag.py
[2023-10-10T09:01:56.875+0000] {processor.py:839} INFO - DAG(s) dict_keys(['tutorial_dag']) retrieved from /home/airflow/.local/lib/python3.8/site-packages/airflow/example_dags/tutorial_dag.py
[2023-10-10T09:01:56.891+0000] {logging_mixin.py:151} INFO - [2023-10-10T09:01:56.891+0000] {dag.py:2915} INFO - Sync 1 DAGs
[2023-10-10T09:01:56.901+0000] {logging_mixin.py:151} INFO - [2023-10-10T09:01:56.901+0000] {dag.py:3696} INFO - Setting next_dagrun for tutorial_dag to None, run_after=None
[2023-10-10T09:01:56.912+0000] {processor.py:179} INFO - Processing /home/airflow/.local/lib/python3.8/site-packages/airflow/example_dags/tutorial_dag.py took 0.047 seconds
[2023-10-10T09:02:27.120+0000] {processor.py:157} INFO - Started process (PID=1533) to work on /home/airflow/.local/lib/python3.8/site-packages/airflow/example_dags/tutorial_dag.py
[2023-10-10T09:02:27.122+0000] {processor.py:829} INFO - Processing file /home/airflow/.local/lib/python3.8/site-packages/airflow/example_dags/tutorial_dag.py for tasks to queue
[2023-10-10T09:02:27.124+0000] {logging_mixin.py:151} INFO - [2023-10-10T09:02:27.124+0000] {dagbag.py:539} INFO - Filling up the DagBag from /home/airflow/.local/lib/python3.8/site-packages/airflow/example_dags/tutorial_dag.py
[2023-10-10T09:02:27.128+0000] {processor.py:839} INFO - DAG(s) dict_keys(['tutorial_dag']) retrieved from /home/airflow/.local/lib/python3.8/site-packages/airflow/example_dags/tutorial_dag.py
[2023-10-10T09:02:27.147+0000] {logging_mixin.py:151} INFO - [2023-10-10T09:02:27.147+0000] {dag.py:2915} INFO - Sync 1 DAGs
[2023-10-10T09:02:27.161+0000] {logging_mixin.py:151} INFO - [2023-10-10T09:02:27.161+0000] {dag.py:3696} INFO - Setting next_dagrun for tutorial_dag to None, run_after=None
[2023-10-10T09:02:27.177+0000] {processor.py:179} INFO - Processing /home/airflow/.local/lib/python3.8/site-packages/airflow/example_dags/tutorial_dag.py took 0.062 seconds
[2023-10-10T09:02:57.442+0000] {processor.py:157} INFO - Started process (PID=1594) to work on /home/airflow/.local/lib/python3.8/site-packages/airflow/example_dags/tutorial_dag.py
[2023-10-10T09:02:57.443+0000] {processor.py:829} INFO - Processing file /home/airflow/.local/lib/python3.8/site-packages/airflow/example_dags/tutorial_dag.py for tasks to queue
[2023-10-10T09:02:57.445+0000] {logging_mixin.py:151} INFO - [2023-10-10T09:02:57.445+0000] {dagbag.py:539} INFO - Filling up the DagBag from /home/airflow/.local/lib/python3.8/site-packages/airflow/example_dags/tutorial_dag.py
[2023-10-10T09:02:57.448+0000] {processor.py:839} INFO - DAG(s) dict_keys(['tutorial_dag']) retrieved from /home/airflow/.local/lib/python3.8/site-packages/airflow/example_dags/tutorial_dag.py
[2023-10-10T09:02:57.463+0000] {logging_mixin.py:151} INFO - [2023-10-10T09:02:57.463+0000] {dag.py:2915} INFO - Sync 1 DAGs
[2023-10-10T09:02:57.472+0000] {logging_mixin.py:151} INFO - [2023-10-10T09:02:57.472+0000] {dag.py:3696} INFO - Setting next_dagrun for tutorial_dag to None, run_after=None
[2023-10-10T09:02:57.487+0000] {processor.py:179} INFO - Processing /home/airflow/.local/lib/python3.8/site-packages/airflow/example_dags/tutorial_dag.py took 0.048 seconds
[2023-10-10T09:03:27.696+0000] {processor.py:157} INFO - Started process (PID=1655) to work on /home/airflow/.local/lib/python3.8/site-packages/airflow/example_dags/tutorial_dag.py
[2023-10-10T09:03:27.697+0000] {processor.py:829} INFO - Processing file /home/airflow/.local/lib/python3.8/site-packages/airflow/example_dags/tutorial_dag.py for tasks to queue
[2023-10-10T09:03:27.698+0000] {logging_mixin.py:151} INFO - [2023-10-10T09:03:27.698+0000] {dagbag.py:539} INFO - Filling up the DagBag from /home/airflow/.local/lib/python3.8/site-packages/airflow/example_dags/tutorial_dag.py
[2023-10-10T09:03:27.703+0000] {processor.py:839} INFO - DAG(s) dict_keys(['tutorial_dag']) retrieved from /home/airflow/.local/lib/python3.8/site-packages/airflow/example_dags/tutorial_dag.py
[2023-10-10T09:03:27.720+0000] {logging_mixin.py:151} INFO - [2023-10-10T09:03:27.720+0000] {dag.py:2915} INFO - Sync 1 DAGs
[2023-10-10T09:03:27.730+0000] {logging_mixin.py:151} INFO - [2023-10-10T09:03:27.729+0000] {dag.py:3696} INFO - Setting next_dagrun for tutorial_dag to None, run_after=None
[2023-10-10T09:03:27.741+0000] {processor.py:179} INFO - Processing /home/airflow/.local/lib/python3.8/site-packages/airflow/example_dags/tutorial_dag.py took 0.048 seconds
[2023-10-10T09:03:58.754+0000] {processor.py:157} INFO - Started process (PID=1717) to work on /home/airflow/.local/lib/python3.8/site-packages/airflow/example_dags/tutorial_dag.py
[2023-10-10T09:03:58.758+0000] {processor.py:829} INFO - Processing file /home/airflow/.local/lib/python3.8/site-packages/airflow/example_dags/tutorial_dag.py for tasks to queue
[2023-10-10T09:03:58.760+0000] {logging_mixin.py:151} INFO - [2023-10-10T09:03:58.760+0000] {dagbag.py:539} INFO - Filling up the DagBag from /home/airflow/.local/lib/python3.8/site-packages/airflow/example_dags/tutorial_dag.py
[2023-10-10T09:03:58.764+0000] {processor.py:839} INFO - DAG(s) dict_keys(['tutorial_dag']) retrieved from /home/airflow/.local/lib/python3.8/site-packages/airflow/example_dags/tutorial_dag.py
[2023-10-10T09:03:58.782+0000] {logging_mixin.py:151} INFO - [2023-10-10T09:03:58.782+0000] {dag.py:2915} INFO - Sync 1 DAGs
[2023-10-10T09:03:58.793+0000] {logging_mixin.py:151} INFO - [2023-10-10T09:03:58.793+0000] {dag.py:3696} INFO - Setting next_dagrun for tutorial_dag to None, run_after=None
[2023-10-10T09:03:58.808+0000] {processor.py:179} INFO - Processing /home/airflow/.local/lib/python3.8/site-packages/airflow/example_dags/tutorial_dag.py took 0.057 seconds
[2023-10-10T09:04:29.319+0000] {processor.py:157} INFO - Started process (PID=1778) to work on /home/airflow/.local/lib/python3.8/site-packages/airflow/example_dags/tutorial_dag.py
[2023-10-10T09:04:29.320+0000] {processor.py:829} INFO - Processing file /home/airflow/.local/lib/python3.8/site-packages/airflow/example_dags/tutorial_dag.py for tasks to queue
[2023-10-10T09:04:29.322+0000] {logging_mixin.py:151} INFO - [2023-10-10T09:04:29.322+0000] {dagbag.py:539} INFO - Filling up the DagBag from /home/airflow/.local/lib/python3.8/site-packages/airflow/example_dags/tutorial_dag.py
[2023-10-10T09:04:29.328+0000] {processor.py:839} INFO - DAG(s) dict_keys(['tutorial_dag']) retrieved from /home/airflow/.local/lib/python3.8/site-packages/airflow/example_dags/tutorial_dag.py
[2023-10-10T09:04:29.350+0000] {logging_mixin.py:151} INFO - [2023-10-10T09:04:29.350+0000] {dag.py:2915} INFO - Sync 1 DAGs
[2023-10-10T09:04:29.366+0000] {logging_mixin.py:151} INFO - [2023-10-10T09:04:29.366+0000] {dag.py:3696} INFO - Setting next_dagrun for tutorial_dag to None, run_after=None
[2023-10-10T09:04:29.384+0000] {processor.py:179} INFO - Processing /home/airflow/.local/lib/python3.8/site-packages/airflow/example_dags/tutorial_dag.py took 0.068 seconds
[2023-10-10T09:04:59.662+0000] {processor.py:157} INFO - Started process (PID=1838) to work on /home/airflow/.local/lib/python3.8/site-packages/airflow/example_dags/tutorial_dag.py
[2023-10-10T09:04:59.663+0000] {processor.py:829} INFO - Processing file /home/airflow/.local/lib/python3.8/site-packages/airflow/example_dags/tutorial_dag.py for tasks to queue
[2023-10-10T09:04:59.665+0000] {logging_mixin.py:151} INFO - [2023-10-10T09:04:59.664+0000] {dagbag.py:539} INFO - Filling up the DagBag from /home/airflow/.local/lib/python3.8/site-packages/airflow/example_dags/tutorial_dag.py
[2023-10-10T09:04:59.668+0000] {processor.py:839} INFO - DAG(s) dict_keys(['tutorial_dag']) retrieved from /home/airflow/.local/lib/python3.8/site-packages/airflow/example_dags/tutorial_dag.py
[2023-10-10T09:04:59.685+0000] {logging_mixin.py:151} INFO - [2023-10-10T09:04:59.685+0000] {dag.py:2915} INFO - Sync 1 DAGs
[2023-10-10T09:04:59.694+0000] {logging_mixin.py:151} INFO - [2023-10-10T09:04:59.694+0000] {dag.py:3696} INFO - Setting next_dagrun for tutorial_dag to None, run_after=None
[2023-10-10T09:04:59.705+0000] {processor.py:179} INFO - Processing /home/airflow/.local/lib/python3.8/site-packages/airflow/example_dags/tutorial_dag.py took 0.045 seconds
[2023-10-10T09:05:30.231+0000] {processor.py:157} INFO - Started process (PID=1898) to work on /home/airflow/.local/lib/python3.8/site-packages/airflow/example_dags/tutorial_dag.py
[2023-10-10T09:05:30.232+0000] {processor.py:829} INFO - Processing file /home/airflow/.local/lib/python3.8/site-packages/airflow/example_dags/tutorial_dag.py for tasks to queue
[2023-10-10T09:05:30.235+0000] {logging_mixin.py:151} INFO - [2023-10-10T09:05:30.234+0000] {dagbag.py:539} INFO - Filling up the DagBag from /home/airflow/.local/lib/python3.8/site-packages/airflow/example_dags/tutorial_dag.py
[2023-10-10T09:05:30.244+0000] {processor.py:839} INFO - DAG(s) dict_keys(['tutorial_dag']) retrieved from /home/airflow/.local/lib/python3.8/site-packages/airflow/example_dags/tutorial_dag.py
[2023-10-10T09:05:30.277+0000] {logging_mixin.py:151} INFO - [2023-10-10T09:05:30.276+0000] {dag.py:2915} INFO - Sync 1 DAGs
[2023-10-10T09:05:30.296+0000] {logging_mixin.py:151} INFO - [2023-10-10T09:05:30.296+0000] {dag.py:3696} INFO - Setting next_dagrun for tutorial_dag to None, run_after=None
[2023-10-10T09:05:30.314+0000] {processor.py:179} INFO - Processing /home/airflow/.local/lib/python3.8/site-packages/airflow/example_dags/tutorial_dag.py took 0.087 seconds
[2023-10-10T09:06:00.678+0000] {processor.py:157} INFO - Started process (PID=1959) to work on /home/airflow/.local/lib/python3.8/site-packages/airflow/example_dags/tutorial_dag.py
[2023-10-10T09:06:00.679+0000] {processor.py:829} INFO - Processing file /home/airflow/.local/lib/python3.8/site-packages/airflow/example_dags/tutorial_dag.py for tasks to queue
[2023-10-10T09:06:00.680+0000] {logging_mixin.py:151} INFO - [2023-10-10T09:06:00.680+0000] {dagbag.py:539} INFO - Filling up the DagBag from /home/airflow/.local/lib/python3.8/site-packages/airflow/example_dags/tutorial_dag.py
[2023-10-10T09:06:00.684+0000] {processor.py:839} INFO - DAG(s) dict_keys(['tutorial_dag']) retrieved from /home/airflow/.local/lib/python3.8/site-packages/airflow/example_dags/tutorial_dag.py
[2023-10-10T09:06:00.699+0000] {logging_mixin.py:151} INFO - [2023-10-10T09:06:00.699+0000] {dag.py:2915} INFO - Sync 1 DAGs
[2023-10-10T09:06:00.707+0000] {logging_mixin.py:151} INFO - [2023-10-10T09:06:00.707+0000] {dag.py:3696} INFO - Setting next_dagrun for tutorial_dag to None, run_after=None
[2023-10-10T09:06:00.719+0000] {processor.py:179} INFO - Processing /home/airflow/.local/lib/python3.8/site-packages/airflow/example_dags/tutorial_dag.py took 0.043 seconds
[2023-10-10T09:06:31.372+0000] {processor.py:157} INFO - Started process (PID=2020) to work on /home/airflow/.local/lib/python3.8/site-packages/airflow/example_dags/tutorial_dag.py
[2023-10-10T09:06:31.373+0000] {processor.py:829} INFO - Processing file /home/airflow/.local/lib/python3.8/site-packages/airflow/example_dags/tutorial_dag.py for tasks to queue
[2023-10-10T09:06:31.375+0000] {logging_mixin.py:151} INFO - [2023-10-10T09:06:31.375+0000] {dagbag.py:539} INFO - Filling up the DagBag from /home/airflow/.local/lib/python3.8/site-packages/airflow/example_dags/tutorial_dag.py
[2023-10-10T09:06:31.386+0000] {processor.py:839} INFO - DAG(s) dict_keys(['tutorial_dag']) retrieved from /home/airflow/.local/lib/python3.8/site-packages/airflow/example_dags/tutorial_dag.py
[2023-10-10T09:06:31.403+0000] {logging_mixin.py:151} INFO - [2023-10-10T09:06:31.403+0000] {dag.py:2915} INFO - Sync 1 DAGs
[2023-10-10T09:06:31.412+0000] {logging_mixin.py:151} INFO - [2023-10-10T09:06:31.412+0000] {dag.py:3696} INFO - Setting next_dagrun for tutorial_dag to None, run_after=None
[2023-10-10T09:06:31.424+0000] {processor.py:179} INFO - Processing /home/airflow/.local/lib/python3.8/site-packages/airflow/example_dags/tutorial_dag.py took 0.055 seconds
[2023-10-10T09:07:01.757+0000] {processor.py:157} INFO - Started process (PID=2081) to work on /home/airflow/.local/lib/python3.8/site-packages/airflow/example_dags/tutorial_dag.py
[2023-10-10T09:07:01.758+0000] {processor.py:829} INFO - Processing file /home/airflow/.local/lib/python3.8/site-packages/airflow/example_dags/tutorial_dag.py for tasks to queue
[2023-10-10T09:07:01.759+0000] {logging_mixin.py:151} INFO - [2023-10-10T09:07:01.759+0000] {dagbag.py:539} INFO - Filling up the DagBag from /home/airflow/.local/lib/python3.8/site-packages/airflow/example_dags/tutorial_dag.py
[2023-10-10T09:07:01.763+0000] {processor.py:839} INFO - DAG(s) dict_keys(['tutorial_dag']) retrieved from /home/airflow/.local/lib/python3.8/site-packages/airflow/example_dags/tutorial_dag.py
[2023-10-10T09:07:01.779+0000] {logging_mixin.py:151} INFO - [2023-10-10T09:07:01.779+0000] {dag.py:2915} INFO - Sync 1 DAGs
[2023-10-10T09:07:01.787+0000] {logging_mixin.py:151} INFO - [2023-10-10T09:07:01.787+0000] {dag.py:3696} INFO - Setting next_dagrun for tutorial_dag to None, run_after=None
[2023-10-10T09:07:01.798+0000] {processor.py:179} INFO - Processing /home/airflow/.local/lib/python3.8/site-packages/airflow/example_dags/tutorial_dag.py took 0.044 seconds
[2023-10-10T09:07:32.593+0000] {processor.py:157} INFO - Started process (PID=2142) to work on /home/airflow/.local/lib/python3.8/site-packages/airflow/example_dags/tutorial_dag.py
[2023-10-10T09:07:32.594+0000] {processor.py:829} INFO - Processing file /home/airflow/.local/lib/python3.8/site-packages/airflow/example_dags/tutorial_dag.py for tasks to queue
[2023-10-10T09:07:32.596+0000] {logging_mixin.py:151} INFO - [2023-10-10T09:07:32.596+0000] {dagbag.py:539} INFO - Filling up the DagBag from /home/airflow/.local/lib/python3.8/site-packages/airflow/example_dags/tutorial_dag.py
[2023-10-10T09:07:32.600+0000] {processor.py:839} INFO - DAG(s) dict_keys(['tutorial_dag']) retrieved from /home/airflow/.local/lib/python3.8/site-packages/airflow/example_dags/tutorial_dag.py
[2023-10-10T09:07:32.623+0000] {logging_mixin.py:151} INFO - [2023-10-10T09:07:32.623+0000] {dag.py:2915} INFO - Sync 1 DAGs
[2023-10-10T09:07:32.634+0000] {logging_mixin.py:151} INFO - [2023-10-10T09:07:32.634+0000] {dag.py:3696} INFO - Setting next_dagrun for tutorial_dag to None, run_after=None
[2023-10-10T09:07:32.649+0000] {processor.py:179} INFO - Processing /home/airflow/.local/lib/python3.8/site-packages/airflow/example_dags/tutorial_dag.py took 0.058 seconds
[2023-10-10T09:08:02.976+0000] {processor.py:157} INFO - Started process (PID=2203) to work on /home/airflow/.local/lib/python3.8/site-packages/airflow/example_dags/tutorial_dag.py
[2023-10-10T09:08:02.977+0000] {processor.py:829} INFO - Processing file /home/airflow/.local/lib/python3.8/site-packages/airflow/example_dags/tutorial_dag.py for tasks to queue
[2023-10-10T09:08:02.979+0000] {logging_mixin.py:151} INFO - [2023-10-10T09:08:02.979+0000] {dagbag.py:539} INFO - Filling up the DagBag from /home/airflow/.local/lib/python3.8/site-packages/airflow/example_dags/tutorial_dag.py
[2023-10-10T09:08:02.984+0000] {processor.py:839} INFO - DAG(s) dict_keys(['tutorial_dag']) retrieved from /home/airflow/.local/lib/python3.8/site-packages/airflow/example_dags/tutorial_dag.py
[2023-10-10T09:08:03.002+0000] {logging_mixin.py:151} INFO - [2023-10-10T09:08:03.001+0000] {dag.py:2915} INFO - Sync 1 DAGs
[2023-10-10T09:08:03.016+0000] {logging_mixin.py:151} INFO - [2023-10-10T09:08:03.016+0000] {dag.py:3696} INFO - Setting next_dagrun for tutorial_dag to None, run_after=None
[2023-10-10T09:08:03.028+0000] {processor.py:179} INFO - Processing /home/airflow/.local/lib/python3.8/site-packages/airflow/example_dags/tutorial_dag.py took 0.057 seconds
[2023-10-10T09:08:33.386+0000] {processor.py:157} INFO - Started process (PID=2264) to work on /home/airflow/.local/lib/python3.8/site-packages/airflow/example_dags/tutorial_dag.py
[2023-10-10T09:08:33.387+0000] {processor.py:829} INFO - Processing file /home/airflow/.local/lib/python3.8/site-packages/airflow/example_dags/tutorial_dag.py for tasks to queue
[2023-10-10T09:08:33.388+0000] {logging_mixin.py:151} INFO - [2023-10-10T09:08:33.388+0000] {dagbag.py:539} INFO - Filling up the DagBag from /home/airflow/.local/lib/python3.8/site-packages/airflow/example_dags/tutorial_dag.py
[2023-10-10T09:08:33.392+0000] {processor.py:839} INFO - DAG(s) dict_keys(['tutorial_dag']) retrieved from /home/airflow/.local/lib/python3.8/site-packages/airflow/example_dags/tutorial_dag.py
[2023-10-10T09:08:33.417+0000] {logging_mixin.py:151} INFO - [2023-10-10T09:08:33.416+0000] {dag.py:2915} INFO - Sync 1 DAGs
[2023-10-10T09:08:33.426+0000] {logging_mixin.py:151} INFO - [2023-10-10T09:08:33.426+0000] {dag.py:3696} INFO - Setting next_dagrun for tutorial_dag to None, run_after=None
[2023-10-10T09:08:33.436+0000] {processor.py:179} INFO - Processing /home/airflow/.local/lib/python3.8/site-packages/airflow/example_dags/tutorial_dag.py took 0.053 seconds
[2023-10-10T09:09:03.748+0000] {processor.py:157} INFO - Started process (PID=2325) to work on /home/airflow/.local/lib/python3.8/site-packages/airflow/example_dags/tutorial_dag.py
[2023-10-10T09:09:03.749+0000] {processor.py:829} INFO - Processing file /home/airflow/.local/lib/python3.8/site-packages/airflow/example_dags/tutorial_dag.py for tasks to queue
[2023-10-10T09:09:03.751+0000] {logging_mixin.py:151} INFO - [2023-10-10T09:09:03.750+0000] {dagbag.py:539} INFO - Filling up the DagBag from /home/airflow/.local/lib/python3.8/site-packages/airflow/example_dags/tutorial_dag.py
[2023-10-10T09:09:03.755+0000] {processor.py:839} INFO - DAG(s) dict_keys(['tutorial_dag']) retrieved from /home/airflow/.local/lib/python3.8/site-packages/airflow/example_dags/tutorial_dag.py
[2023-10-10T09:09:03.770+0000] {logging_mixin.py:151} INFO - [2023-10-10T09:09:03.770+0000] {dag.py:2915} INFO - Sync 1 DAGs
[2023-10-10T09:09:03.777+0000] {logging_mixin.py:151} INFO - [2023-10-10T09:09:03.777+0000] {dag.py:3696} INFO - Setting next_dagrun for tutorial_dag to None, run_after=None
[2023-10-10T09:09:03.786+0000] {processor.py:179} INFO - Processing /home/airflow/.local/lib/python3.8/site-packages/airflow/example_dags/tutorial_dag.py took 0.040 seconds
[2023-10-10T09:09:34.182+0000] {processor.py:157} INFO - Started process (PID=2386) to work on /home/airflow/.local/lib/python3.8/site-packages/airflow/example_dags/tutorial_dag.py
[2023-10-10T09:09:34.183+0000] {processor.py:829} INFO - Processing file /home/airflow/.local/lib/python3.8/site-packages/airflow/example_dags/tutorial_dag.py for tasks to queue
[2023-10-10T09:09:34.185+0000] {logging_mixin.py:151} INFO - [2023-10-10T09:09:34.184+0000] {dagbag.py:539} INFO - Filling up the DagBag from /home/airflow/.local/lib/python3.8/site-packages/airflow/example_dags/tutorial_dag.py
[2023-10-10T09:09:34.188+0000] {processor.py:839} INFO - DAG(s) dict_keys(['tutorial_dag']) retrieved from /home/airflow/.local/lib/python3.8/site-packages/airflow/example_dags/tutorial_dag.py
[2023-10-10T09:09:34.207+0000] {logging_mixin.py:151} INFO - [2023-10-10T09:09:34.207+0000] {dag.py:2915} INFO - Sync 1 DAGs
[2023-10-10T09:09:34.217+0000] {logging_mixin.py:151} INFO - [2023-10-10T09:09:34.217+0000] {dag.py:3696} INFO - Setting next_dagrun for tutorial_dag to None, run_after=None
[2023-10-10T09:09:34.228+0000] {processor.py:179} INFO - Processing /home/airflow/.local/lib/python3.8/site-packages/airflow/example_dags/tutorial_dag.py took 0.048 seconds
[2023-10-10T09:10:04.684+0000] {processor.py:157} INFO - Started process (PID=2447) to work on /home/airflow/.local/lib/python3.8/site-packages/airflow/example_dags/tutorial_dag.py
[2023-10-10T09:10:04.685+0000] {processor.py:829} INFO - Processing file /home/airflow/.local/lib/python3.8/site-packages/airflow/example_dags/tutorial_dag.py for tasks to queue
[2023-10-10T09:10:04.687+0000] {logging_mixin.py:151} INFO - [2023-10-10T09:10:04.687+0000] {dagbag.py:539} INFO - Filling up the DagBag from /home/airflow/.local/lib/python3.8/site-packages/airflow/example_dags/tutorial_dag.py
[2023-10-10T09:10:04.691+0000] {processor.py:839} INFO - DAG(s) dict_keys(['tutorial_dag']) retrieved from /home/airflow/.local/lib/python3.8/site-packages/airflow/example_dags/tutorial_dag.py
[2023-10-10T09:10:04.706+0000] {logging_mixin.py:151} INFO - [2023-10-10T09:10:04.706+0000] {dag.py:2915} INFO - Sync 1 DAGs
[2023-10-10T09:10:04.714+0000] {logging_mixin.py:151} INFO - [2023-10-10T09:10:04.713+0000] {dag.py:3696} INFO - Setting next_dagrun for tutorial_dag to None, run_after=None
[2023-10-10T09:10:04.724+0000] {processor.py:179} INFO - Processing /home/airflow/.local/lib/python3.8/site-packages/airflow/example_dags/tutorial_dag.py took 0.042 seconds
[2023-10-10T09:10:35.507+0000] {processor.py:157} INFO - Started process (PID=2508) to work on /home/airflow/.local/lib/python3.8/site-packages/airflow/example_dags/tutorial_dag.py
[2023-10-10T09:10:35.508+0000] {processor.py:829} INFO - Processing file /home/airflow/.local/lib/python3.8/site-packages/airflow/example_dags/tutorial_dag.py for tasks to queue
[2023-10-10T09:10:35.510+0000] {logging_mixin.py:151} INFO - [2023-10-10T09:10:35.510+0000] {dagbag.py:539} INFO - Filling up the DagBag from /home/airflow/.local/lib/python3.8/site-packages/airflow/example_dags/tutorial_dag.py
[2023-10-10T09:10:35.516+0000] {processor.py:839} INFO - DAG(s) dict_keys(['tutorial_dag']) retrieved from /home/airflow/.local/lib/python3.8/site-packages/airflow/example_dags/tutorial_dag.py
[2023-10-10T09:10:35.542+0000] {logging_mixin.py:151} INFO - [2023-10-10T09:10:35.542+0000] {dag.py:2915} INFO - Sync 1 DAGs
[2023-10-10T09:10:35.550+0000] {logging_mixin.py:151} INFO - [2023-10-10T09:10:35.550+0000] {dag.py:3696} INFO - Setting next_dagrun for tutorial_dag to None, run_after=None
[2023-10-10T09:10:35.559+0000] {processor.py:179} INFO - Processing /home/airflow/.local/lib/python3.8/site-packages/airflow/example_dags/tutorial_dag.py took 0.054 seconds
[2023-10-10T09:11:05.897+0000] {processor.py:157} INFO - Started process (PID=2569) to work on /home/airflow/.local/lib/python3.8/site-packages/airflow/example_dags/tutorial_dag.py
[2023-10-10T09:11:05.898+0000] {processor.py:829} INFO - Processing file /home/airflow/.local/lib/python3.8/site-packages/airflow/example_dags/tutorial_dag.py for tasks to queue
[2023-10-10T09:11:05.900+0000] {logging_mixin.py:151} INFO - [2023-10-10T09:11:05.900+0000] {dagbag.py:539} INFO - Filling up the DagBag from /home/airflow/.local/lib/python3.8/site-packages/airflow/example_dags/tutorial_dag.py
[2023-10-10T09:11:05.904+0000] {processor.py:839} INFO - DAG(s) dict_keys(['tutorial_dag']) retrieved from /home/airflow/.local/lib/python3.8/site-packages/airflow/example_dags/tutorial_dag.py
[2023-10-10T09:11:05.923+0000] {logging_mixin.py:151} INFO - [2023-10-10T09:11:05.922+0000] {dag.py:2915} INFO - Sync 1 DAGs
[2023-10-10T09:11:05.931+0000] {logging_mixin.py:151} INFO - [2023-10-10T09:11:05.931+0000] {dag.py:3696} INFO - Setting next_dagrun for tutorial_dag to None, run_after=None
[2023-10-10T09:11:05.944+0000] {processor.py:179} INFO - Processing /home/airflow/.local/lib/python3.8/site-packages/airflow/example_dags/tutorial_dag.py took 0.050 seconds
[2023-10-10T09:11:36.212+0000] {processor.py:157} INFO - Started process (PID=2630) to work on /home/airflow/.local/lib/python3.8/site-packages/airflow/example_dags/tutorial_dag.py
[2023-10-10T09:11:36.214+0000] {processor.py:829} INFO - Processing file /home/airflow/.local/lib/python3.8/site-packages/airflow/example_dags/tutorial_dag.py for tasks to queue
[2023-10-10T09:11:36.216+0000] {logging_mixin.py:151} INFO - [2023-10-10T09:11:36.216+0000] {dagbag.py:539} INFO - Filling up the DagBag from /home/airflow/.local/lib/python3.8/site-packages/airflow/example_dags/tutorial_dag.py
[2023-10-10T09:11:36.221+0000] {processor.py:839} INFO - DAG(s) dict_keys(['tutorial_dag']) retrieved from /home/airflow/.local/lib/python3.8/site-packages/airflow/example_dags/tutorial_dag.py
[2023-10-10T09:11:36.239+0000] {logging_mixin.py:151} INFO - [2023-10-10T09:11:36.239+0000] {dag.py:2915} INFO - Sync 1 DAGs
[2023-10-10T09:11:36.247+0000] {logging_mixin.py:151} INFO - [2023-10-10T09:11:36.247+0000] {dag.py:3696} INFO - Setting next_dagrun for tutorial_dag to None, run_after=None
[2023-10-10T09:11:36.262+0000] {processor.py:179} INFO - Processing /home/airflow/.local/lib/python3.8/site-packages/airflow/example_dags/tutorial_dag.py took 0.053 seconds
[2023-10-10T09:12:06.956+0000] {processor.py:157} INFO - Started process (PID=2691) to work on /home/airflow/.local/lib/python3.8/site-packages/airflow/example_dags/tutorial_dag.py
[2023-10-10T09:12:06.957+0000] {processor.py:829} INFO - Processing file /home/airflow/.local/lib/python3.8/site-packages/airflow/example_dags/tutorial_dag.py for tasks to queue
[2023-10-10T09:12:06.959+0000] {logging_mixin.py:151} INFO - [2023-10-10T09:12:06.959+0000] {dagbag.py:539} INFO - Filling up the DagBag from /home/airflow/.local/lib/python3.8/site-packages/airflow/example_dags/tutorial_dag.py
[2023-10-10T09:12:06.963+0000] {processor.py:839} INFO - DAG(s) dict_keys(['tutorial_dag']) retrieved from /home/airflow/.local/lib/python3.8/site-packages/airflow/example_dags/tutorial_dag.py
[2023-10-10T09:12:06.978+0000] {logging_mixin.py:151} INFO - [2023-10-10T09:12:06.978+0000] {dag.py:2915} INFO - Sync 1 DAGs
[2023-10-10T09:12:06.989+0000] {logging_mixin.py:151} INFO - [2023-10-10T09:12:06.989+0000] {dag.py:3696} INFO - Setting next_dagrun for tutorial_dag to None, run_after=None
[2023-10-10T09:12:07.002+0000] {processor.py:179} INFO - Processing /home/airflow/.local/lib/python3.8/site-packages/airflow/example_dags/tutorial_dag.py took 0.048 seconds
[2023-10-10T09:12:37.509+0000] {processor.py:157} INFO - Started process (PID=2752) to work on /home/airflow/.local/lib/python3.8/site-packages/airflow/example_dags/tutorial_dag.py
[2023-10-10T09:12:37.510+0000] {processor.py:829} INFO - Processing file /home/airflow/.local/lib/python3.8/site-packages/airflow/example_dags/tutorial_dag.py for tasks to queue
[2023-10-10T09:12:37.512+0000] {logging_mixin.py:151} INFO - [2023-10-10T09:12:37.512+0000] {dagbag.py:539} INFO - Filling up the DagBag from /home/airflow/.local/lib/python3.8/site-packages/airflow/example_dags/tutorial_dag.py
[2023-10-10T09:12:37.516+0000] {processor.py:839} INFO - DAG(s) dict_keys(['tutorial_dag']) retrieved from /home/airflow/.local/lib/python3.8/site-packages/airflow/example_dags/tutorial_dag.py
[2023-10-10T09:12:37.532+0000] {logging_mixin.py:151} INFO - [2023-10-10T09:12:37.532+0000] {dag.py:2915} INFO - Sync 1 DAGs
[2023-10-10T09:12:37.541+0000] {logging_mixin.py:151} INFO - [2023-10-10T09:12:37.541+0000] {dag.py:3696} INFO - Setting next_dagrun for tutorial_dag to None, run_after=None
[2023-10-10T09:12:37.554+0000] {processor.py:179} INFO - Processing /home/airflow/.local/lib/python3.8/site-packages/airflow/example_dags/tutorial_dag.py took 0.047 seconds
[2023-10-10T09:13:08.196+0000] {processor.py:157} INFO - Started process (PID=2813) to work on /home/airflow/.local/lib/python3.8/site-packages/airflow/example_dags/tutorial_dag.py
[2023-10-10T09:13:08.197+0000] {processor.py:829} INFO - Processing file /home/airflow/.local/lib/python3.8/site-packages/airflow/example_dags/tutorial_dag.py for tasks to queue
[2023-10-10T09:13:08.198+0000] {logging_mixin.py:151} INFO - [2023-10-10T09:13:08.198+0000] {dagbag.py:539} INFO - Filling up the DagBag from /home/airflow/.local/lib/python3.8/site-packages/airflow/example_dags/tutorial_dag.py
[2023-10-10T09:13:08.202+0000] {processor.py:839} INFO - DAG(s) dict_keys(['tutorial_dag']) retrieved from /home/airflow/.local/lib/python3.8/site-packages/airflow/example_dags/tutorial_dag.py
[2023-10-10T09:13:08.232+0000] {logging_mixin.py:151} INFO - [2023-10-10T09:13:08.231+0000] {dag.py:2915} INFO - Sync 1 DAGs
[2023-10-10T09:13:08.254+0000] {logging_mixin.py:151} INFO - [2023-10-10T09:13:08.254+0000] {dag.py:3696} INFO - Setting next_dagrun for tutorial_dag to None, run_after=None
[2023-10-10T09:13:08.284+0000] {processor.py:179} INFO - Processing /home/airflow/.local/lib/python3.8/site-packages/airflow/example_dags/tutorial_dag.py took 0.091 seconds
[2023-10-10T09:13:39.044+0000] {processor.py:157} INFO - Started process (PID=2872) to work on /home/airflow/.local/lib/python3.8/site-packages/airflow/example_dags/tutorial_dag.py
[2023-10-10T09:13:39.044+0000] {processor.py:829} INFO - Processing file /home/airflow/.local/lib/python3.8/site-packages/airflow/example_dags/tutorial_dag.py for tasks to queue
[2023-10-10T09:13:39.047+0000] {logging_mixin.py:151} INFO - [2023-10-10T09:13:39.046+0000] {dagbag.py:539} INFO - Filling up the DagBag from /home/airflow/.local/lib/python3.8/site-packages/airflow/example_dags/tutorial_dag.py
[2023-10-10T09:13:39.059+0000] {processor.py:839} INFO - DAG(s) dict_keys(['tutorial_dag']) retrieved from /home/airflow/.local/lib/python3.8/site-packages/airflow/example_dags/tutorial_dag.py
[2023-10-10T09:13:39.085+0000] {logging_mixin.py:151} INFO - [2023-10-10T09:13:39.085+0000] {dag.py:2915} INFO - Sync 1 DAGs
[2023-10-10T09:13:39.101+0000] {logging_mixin.py:151} INFO - [2023-10-10T09:13:39.101+0000] {dag.py:3696} INFO - Setting next_dagrun for tutorial_dag to None, run_after=None
[2023-10-10T09:13:39.115+0000] {processor.py:179} INFO - Processing /home/airflow/.local/lib/python3.8/site-packages/airflow/example_dags/tutorial_dag.py took 0.074 seconds
[2023-10-10T09:14:09.567+0000] {processor.py:157} INFO - Started process (PID=2933) to work on /home/airflow/.local/lib/python3.8/site-packages/airflow/example_dags/tutorial_dag.py
[2023-10-10T09:14:09.568+0000] {processor.py:829} INFO - Processing file /home/airflow/.local/lib/python3.8/site-packages/airflow/example_dags/tutorial_dag.py for tasks to queue
[2023-10-10T09:14:09.571+0000] {logging_mixin.py:151} INFO - [2023-10-10T09:14:09.571+0000] {dagbag.py:539} INFO - Filling up the DagBag from /home/airflow/.local/lib/python3.8/site-packages/airflow/example_dags/tutorial_dag.py
[2023-10-10T09:14:09.577+0000] {processor.py:839} INFO - DAG(s) dict_keys(['tutorial_dag']) retrieved from /home/airflow/.local/lib/python3.8/site-packages/airflow/example_dags/tutorial_dag.py
[2023-10-10T09:14:09.597+0000] {logging_mixin.py:151} INFO - [2023-10-10T09:14:09.597+0000] {dag.py:2915} INFO - Sync 1 DAGs
[2023-10-10T09:14:09.605+0000] {logging_mixin.py:151} INFO - [2023-10-10T09:14:09.605+0000] {dag.py:3696} INFO - Setting next_dagrun for tutorial_dag to None, run_after=None
[2023-10-10T09:14:09.621+0000] {processor.py:179} INFO - Processing /home/airflow/.local/lib/python3.8/site-packages/airflow/example_dags/tutorial_dag.py took 0.060 seconds
[2023-10-10T09:14:40.293+0000] {processor.py:157} INFO - Started process (PID=2994) to work on /home/airflow/.local/lib/python3.8/site-packages/airflow/example_dags/tutorial_dag.py
[2023-10-10T09:14:40.295+0000] {processor.py:829} INFO - Processing file /home/airflow/.local/lib/python3.8/site-packages/airflow/example_dags/tutorial_dag.py for tasks to queue
[2023-10-10T09:14:40.298+0000] {logging_mixin.py:151} INFO - [2023-10-10T09:14:40.297+0000] {dagbag.py:539} INFO - Filling up the DagBag from /home/airflow/.local/lib/python3.8/site-packages/airflow/example_dags/tutorial_dag.py
[2023-10-10T09:14:40.309+0000] {processor.py:839} INFO - DAG(s) dict_keys(['tutorial_dag']) retrieved from /home/airflow/.local/lib/python3.8/site-packages/airflow/example_dags/tutorial_dag.py
[2023-10-10T09:14:40.337+0000] {logging_mixin.py:151} INFO - [2023-10-10T09:14:40.337+0000] {dag.py:2915} INFO - Sync 1 DAGs
[2023-10-10T09:14:40.346+0000] {logging_mixin.py:151} INFO - [2023-10-10T09:14:40.346+0000] {dag.py:3696} INFO - Setting next_dagrun for tutorial_dag to None, run_after=None
[2023-10-10T09:14:40.359+0000] {processor.py:179} INFO - Processing /home/airflow/.local/lib/python3.8/site-packages/airflow/example_dags/tutorial_dag.py took 0.073 seconds
[2023-10-10T09:15:10.500+0000] {processor.py:157} INFO - Started process (PID=3054) to work on /home/airflow/.local/lib/python3.8/site-packages/airflow/example_dags/tutorial_dag.py
[2023-10-10T09:15:10.501+0000] {processor.py:829} INFO - Processing file /home/airflow/.local/lib/python3.8/site-packages/airflow/example_dags/tutorial_dag.py for tasks to queue
[2023-10-10T09:15:10.503+0000] {logging_mixin.py:151} INFO - [2023-10-10T09:15:10.503+0000] {dagbag.py:539} INFO - Filling up the DagBag from /home/airflow/.local/lib/python3.8/site-packages/airflow/example_dags/tutorial_dag.py
[2023-10-10T09:15:10.508+0000] {processor.py:839} INFO - DAG(s) dict_keys(['tutorial_dag']) retrieved from /home/airflow/.local/lib/python3.8/site-packages/airflow/example_dags/tutorial_dag.py
[2023-10-10T09:15:10.529+0000] {logging_mixin.py:151} INFO - [2023-10-10T09:15:10.529+0000] {dag.py:2915} INFO - Sync 1 DAGs
[2023-10-10T09:15:10.538+0000] {logging_mixin.py:151} INFO - [2023-10-10T09:15:10.538+0000] {dag.py:3696} INFO - Setting next_dagrun for tutorial_dag to None, run_after=None
[2023-10-10T09:15:10.548+0000] {processor.py:179} INFO - Processing /home/airflow/.local/lib/python3.8/site-packages/airflow/example_dags/tutorial_dag.py took 0.050 seconds
[2023-10-10T09:15:41.430+0000] {processor.py:157} INFO - Started process (PID=3116) to work on /home/airflow/.local/lib/python3.8/site-packages/airflow/example_dags/tutorial_dag.py
[2023-10-10T09:15:41.432+0000] {processor.py:829} INFO - Processing file /home/airflow/.local/lib/python3.8/site-packages/airflow/example_dags/tutorial_dag.py for tasks to queue
[2023-10-10T09:15:41.433+0000] {logging_mixin.py:151} INFO - [2023-10-10T09:15:41.433+0000] {dagbag.py:539} INFO - Filling up the DagBag from /home/airflow/.local/lib/python3.8/site-packages/airflow/example_dags/tutorial_dag.py
[2023-10-10T09:15:41.438+0000] {processor.py:839} INFO - DAG(s) dict_keys(['tutorial_dag']) retrieved from /home/airflow/.local/lib/python3.8/site-packages/airflow/example_dags/tutorial_dag.py
[2023-10-10T09:15:41.457+0000] {logging_mixin.py:151} INFO - [2023-10-10T09:15:41.456+0000] {dag.py:2915} INFO - Sync 1 DAGs
[2023-10-10T09:15:41.467+0000] {logging_mixin.py:151} INFO - [2023-10-10T09:15:41.467+0000] {dag.py:3696} INFO - Setting next_dagrun for tutorial_dag to None, run_after=None
[2023-10-10T09:15:41.483+0000] {processor.py:179} INFO - Processing /home/airflow/.local/lib/python3.8/site-packages/airflow/example_dags/tutorial_dag.py took 0.055 seconds
[2023-10-10T09:16:12.534+0000] {processor.py:157} INFO - Started process (PID=3177) to work on /home/airflow/.local/lib/python3.8/site-packages/airflow/example_dags/tutorial_dag.py
[2023-10-10T09:16:12.535+0000] {processor.py:829} INFO - Processing file /home/airflow/.local/lib/python3.8/site-packages/airflow/example_dags/tutorial_dag.py for tasks to queue
[2023-10-10T09:16:12.537+0000] {logging_mixin.py:151} INFO - [2023-10-10T09:16:12.537+0000] {dagbag.py:539} INFO - Filling up the DagBag from /home/airflow/.local/lib/python3.8/site-packages/airflow/example_dags/tutorial_dag.py
[2023-10-10T09:16:12.541+0000] {processor.py:839} INFO - DAG(s) dict_keys(['tutorial_dag']) retrieved from /home/airflow/.local/lib/python3.8/site-packages/airflow/example_dags/tutorial_dag.py
[2023-10-10T09:16:12.559+0000] {logging_mixin.py:151} INFO - [2023-10-10T09:16:12.559+0000] {dag.py:2915} INFO - Sync 1 DAGs
[2023-10-10T09:16:12.568+0000] {logging_mixin.py:151} INFO - [2023-10-10T09:16:12.568+0000] {dag.py:3696} INFO - Setting next_dagrun for tutorial_dag to None, run_after=None
[2023-10-10T09:16:12.581+0000] {processor.py:179} INFO - Processing /home/airflow/.local/lib/python3.8/site-packages/airflow/example_dags/tutorial_dag.py took 0.050 seconds
[2023-10-10T09:16:43.704+0000] {processor.py:157} INFO - Started process (PID=3237) to work on /home/airflow/.local/lib/python3.8/site-packages/airflow/example_dags/tutorial_dag.py
[2023-10-10T09:16:43.705+0000] {processor.py:829} INFO - Processing file /home/airflow/.local/lib/python3.8/site-packages/airflow/example_dags/tutorial_dag.py for tasks to queue
[2023-10-10T09:16:43.707+0000] {logging_mixin.py:151} INFO - [2023-10-10T09:16:43.707+0000] {dagbag.py:539} INFO - Filling up the DagBag from /home/airflow/.local/lib/python3.8/site-packages/airflow/example_dags/tutorial_dag.py
[2023-10-10T09:16:43.711+0000] {processor.py:839} INFO - DAG(s) dict_keys(['tutorial_dag']) retrieved from /home/airflow/.local/lib/python3.8/site-packages/airflow/example_dags/tutorial_dag.py
[2023-10-10T09:16:43.731+0000] {logging_mixin.py:151} INFO - [2023-10-10T09:16:43.731+0000] {dag.py:2915} INFO - Sync 1 DAGs
[2023-10-10T09:16:43.744+0000] {logging_mixin.py:151} INFO - [2023-10-10T09:16:43.744+0000] {dag.py:3696} INFO - Setting next_dagrun for tutorial_dag to None, run_after=None
[2023-10-10T09:16:43.758+0000] {processor.py:179} INFO - Processing /home/airflow/.local/lib/python3.8/site-packages/airflow/example_dags/tutorial_dag.py took 0.057 seconds
[2023-10-10T09:17:14.042+0000] {processor.py:157} INFO - Started process (PID=3292) to work on /home/airflow/.local/lib/python3.8/site-packages/airflow/example_dags/tutorial_dag.py
[2023-10-10T09:17:14.044+0000] {processor.py:829} INFO - Processing file /home/airflow/.local/lib/python3.8/site-packages/airflow/example_dags/tutorial_dag.py for tasks to queue
[2023-10-10T09:17:14.046+0000] {logging_mixin.py:151} INFO - [2023-10-10T09:17:14.046+0000] {dagbag.py:539} INFO - Filling up the DagBag from /home/airflow/.local/lib/python3.8/site-packages/airflow/example_dags/tutorial_dag.py
[2023-10-10T09:17:14.054+0000] {processor.py:839} INFO - DAG(s) dict_keys(['tutorial_dag']) retrieved from /home/airflow/.local/lib/python3.8/site-packages/airflow/example_dags/tutorial_dag.py
[2023-10-10T09:17:14.072+0000] {logging_mixin.py:151} INFO - [2023-10-10T09:17:14.072+0000] {dag.py:2915} INFO - Sync 1 DAGs
[2023-10-10T09:17:14.079+0000] {logging_mixin.py:151} INFO - [2023-10-10T09:17:14.079+0000] {dag.py:3696} INFO - Setting next_dagrun for tutorial_dag to None, run_after=None
[2023-10-10T09:17:14.088+0000] {processor.py:179} INFO - Processing /home/airflow/.local/lib/python3.8/site-packages/airflow/example_dags/tutorial_dag.py took 0.049 seconds
[2023-10-10T09:17:45.092+0000] {processor.py:157} INFO - Started process (PID=3352) to work on /home/airflow/.local/lib/python3.8/site-packages/airflow/example_dags/tutorial_dag.py
[2023-10-10T09:17:45.093+0000] {processor.py:829} INFO - Processing file /home/airflow/.local/lib/python3.8/site-packages/airflow/example_dags/tutorial_dag.py for tasks to queue
[2023-10-10T09:17:45.095+0000] {logging_mixin.py:151} INFO - [2023-10-10T09:17:45.095+0000] {dagbag.py:539} INFO - Filling up the DagBag from /home/airflow/.local/lib/python3.8/site-packages/airflow/example_dags/tutorial_dag.py
[2023-10-10T09:17:45.099+0000] {processor.py:839} INFO - DAG(s) dict_keys(['tutorial_dag']) retrieved from /home/airflow/.local/lib/python3.8/site-packages/airflow/example_dags/tutorial_dag.py
[2023-10-10T09:17:45.125+0000] {logging_mixin.py:151} INFO - [2023-10-10T09:17:45.125+0000] {dag.py:2915} INFO - Sync 1 DAGs
[2023-10-10T09:17:45.151+0000] {logging_mixin.py:151} INFO - [2023-10-10T09:17:45.150+0000] {dag.py:3696} INFO - Setting next_dagrun for tutorial_dag to None, run_after=None
[2023-10-10T09:17:45.167+0000] {processor.py:179} INFO - Processing /home/airflow/.local/lib/python3.8/site-packages/airflow/example_dags/tutorial_dag.py took 0.078 seconds
[2023-10-10T09:18:15.517+0000] {processor.py:157} INFO - Started process (PID=3412) to work on /home/airflow/.local/lib/python3.8/site-packages/airflow/example_dags/tutorial_dag.py
[2023-10-10T09:18:15.519+0000] {processor.py:829} INFO - Processing file /home/airflow/.local/lib/python3.8/site-packages/airflow/example_dags/tutorial_dag.py for tasks to queue
[2023-10-10T09:18:15.522+0000] {logging_mixin.py:151} INFO - [2023-10-10T09:18:15.521+0000] {dagbag.py:539} INFO - Filling up the DagBag from /home/airflow/.local/lib/python3.8/site-packages/airflow/example_dags/tutorial_dag.py
[2023-10-10T09:18:15.527+0000] {processor.py:839} INFO - DAG(s) dict_keys(['tutorial_dag']) retrieved from /home/airflow/.local/lib/python3.8/site-packages/airflow/example_dags/tutorial_dag.py
[2023-10-10T09:18:15.545+0000] {logging_mixin.py:151} INFO - [2023-10-10T09:18:15.545+0000] {dag.py:2915} INFO - Sync 1 DAGs
[2023-10-10T09:18:15.554+0000] {logging_mixin.py:151} INFO - [2023-10-10T09:18:15.553+0000] {dag.py:3696} INFO - Setting next_dagrun for tutorial_dag to None, run_after=None
[2023-10-10T09:18:15.567+0000] {processor.py:179} INFO - Processing /home/airflow/.local/lib/python3.8/site-packages/airflow/example_dags/tutorial_dag.py took 0.054 seconds
[2023-10-10T09:18:46.007+0000] {processor.py:157} INFO - Started process (PID=3473) to work on /home/airflow/.local/lib/python3.8/site-packages/airflow/example_dags/tutorial_dag.py
[2023-10-10T09:18:46.008+0000] {processor.py:829} INFO - Processing file /home/airflow/.local/lib/python3.8/site-packages/airflow/example_dags/tutorial_dag.py for tasks to queue
[2023-10-10T09:18:46.010+0000] {logging_mixin.py:151} INFO - [2023-10-10T09:18:46.010+0000] {dagbag.py:539} INFO - Filling up the DagBag from /home/airflow/.local/lib/python3.8/site-packages/airflow/example_dags/tutorial_dag.py
[2023-10-10T09:18:46.015+0000] {processor.py:839} INFO - DAG(s) dict_keys(['tutorial_dag']) retrieved from /home/airflow/.local/lib/python3.8/site-packages/airflow/example_dags/tutorial_dag.py
[2023-10-10T09:18:46.034+0000] {logging_mixin.py:151} INFO - [2023-10-10T09:18:46.034+0000] {dag.py:2915} INFO - Sync 1 DAGs
[2023-10-10T09:18:46.042+0000] {logging_mixin.py:151} INFO - [2023-10-10T09:18:46.041+0000] {dag.py:3696} INFO - Setting next_dagrun for tutorial_dag to None, run_after=None
[2023-10-10T09:18:46.051+0000] {processor.py:179} INFO - Processing /home/airflow/.local/lib/python3.8/site-packages/airflow/example_dags/tutorial_dag.py took 0.050 seconds
[2023-10-10T09:19:16.228+0000] {processor.py:157} INFO - Started process (PID=3540) to work on /home/airflow/.local/lib/python3.8/site-packages/airflow/example_dags/tutorial_dag.py
[2023-10-10T09:19:16.229+0000] {processor.py:829} INFO - Processing file /home/airflow/.local/lib/python3.8/site-packages/airflow/example_dags/tutorial_dag.py for tasks to queue
[2023-10-10T09:19:16.232+0000] {logging_mixin.py:151} INFO - [2023-10-10T09:19:16.232+0000] {dagbag.py:539} INFO - Filling up the DagBag from /home/airflow/.local/lib/python3.8/site-packages/airflow/example_dags/tutorial_dag.py
[2023-10-10T09:19:16.240+0000] {processor.py:839} INFO - DAG(s) dict_keys(['tutorial_dag']) retrieved from /home/airflow/.local/lib/python3.8/site-packages/airflow/example_dags/tutorial_dag.py
[2023-10-10T09:19:16.269+0000] {logging_mixin.py:151} INFO - [2023-10-10T09:19:16.269+0000] {dag.py:2915} INFO - Sync 1 DAGs
[2023-10-10T09:19:16.279+0000] {logging_mixin.py:151} INFO - [2023-10-10T09:19:16.279+0000] {dag.py:3696} INFO - Setting next_dagrun for tutorial_dag to None, run_after=None
[2023-10-10T09:19:16.291+0000] {processor.py:179} INFO - Processing /home/airflow/.local/lib/python3.8/site-packages/airflow/example_dags/tutorial_dag.py took 0.066 seconds
[2023-10-10T09:19:46.555+0000] {processor.py:157} INFO - Started process (PID=3602) to work on /home/airflow/.local/lib/python3.8/site-packages/airflow/example_dags/tutorial_dag.py
[2023-10-10T09:19:46.557+0000] {processor.py:829} INFO - Processing file /home/airflow/.local/lib/python3.8/site-packages/airflow/example_dags/tutorial_dag.py for tasks to queue
[2023-10-10T09:19:46.560+0000] {logging_mixin.py:151} INFO - [2023-10-10T09:19:46.560+0000] {dagbag.py:539} INFO - Filling up the DagBag from /home/airflow/.local/lib/python3.8/site-packages/airflow/example_dags/tutorial_dag.py
[2023-10-10T09:19:46.566+0000] {processor.py:839} INFO - DAG(s) dict_keys(['tutorial_dag']) retrieved from /home/airflow/.local/lib/python3.8/site-packages/airflow/example_dags/tutorial_dag.py
[2023-10-10T09:19:46.584+0000] {logging_mixin.py:151} INFO - [2023-10-10T09:19:46.584+0000] {dag.py:2915} INFO - Sync 1 DAGs
[2023-10-10T09:19:46.591+0000] {logging_mixin.py:151} INFO - [2023-10-10T09:19:46.591+0000] {dag.py:3696} INFO - Setting next_dagrun for tutorial_dag to None, run_after=None
[2023-10-10T09:19:46.603+0000] {processor.py:179} INFO - Processing /home/airflow/.local/lib/python3.8/site-packages/airflow/example_dags/tutorial_dag.py took 0.050 seconds
