[2023-10-10T08:49:48.424+0000] {processor.py:157} INFO - Started process (PID=47) to work on /home/airflow/.local/lib/python3.8/site-packages/airflow/example_dags/tutorial.py
[2023-10-10T08:49:48.426+0000] {processor.py:829} INFO - Processing file /home/airflow/.local/lib/python3.8/site-packages/airflow/example_dags/tutorial.py for tasks to queue
[2023-10-10T08:49:48.428+0000] {logging_mixin.py:151} INFO - [2023-10-10T08:49:48.427+0000] {dagbag.py:539} INFO - Filling up the DagBag from /home/airflow/.local/lib/python3.8/site-packages/airflow/example_dags/tutorial.py
[2023-10-10T08:49:48.440+0000] {processor.py:839} INFO - DAG(s) dict_keys(['tutorial']) retrieved from /home/airflow/.local/lib/python3.8/site-packages/airflow/example_dags/tutorial.py
[2023-10-10T08:49:48.489+0000] {logging_mixin.py:151} INFO - [2023-10-10T08:49:48.488+0000] {dag.py:2915} INFO - Sync 1 DAGs
[2023-10-10T08:49:48.750+0000] {logging_mixin.py:151} INFO - [2023-10-10T08:49:48.750+0000] {dag.py:3696} INFO - Setting next_dagrun for tutorial to 2023-10-09T08:49:48.749990+00:00, run_after=2023-10-10T08:49:48.749990+00:00
[2023-10-10T08:49:48.812+0000] {processor.py:179} INFO - Processing /home/airflow/.local/lib/python3.8/site-packages/airflow/example_dags/tutorial.py took 0.390 seconds
[2023-10-10T08:50:23.303+0000] {processor.py:157} INFO - Started process (PID=101) to work on /home/airflow/.local/lib/python3.8/site-packages/airflow/example_dags/tutorial.py
[2023-10-10T08:50:23.304+0000] {processor.py:829} INFO - Processing file /home/airflow/.local/lib/python3.8/site-packages/airflow/example_dags/tutorial.py for tasks to queue
[2023-10-10T08:50:23.307+0000] {logging_mixin.py:151} INFO - [2023-10-10T08:50:23.306+0000] {dagbag.py:539} INFO - Filling up the DagBag from /home/airflow/.local/lib/python3.8/site-packages/airflow/example_dags/tutorial.py
[2023-10-10T08:50:23.312+0000] {processor.py:839} INFO - DAG(s) dict_keys(['tutorial']) retrieved from /home/airflow/.local/lib/python3.8/site-packages/airflow/example_dags/tutorial.py
[2023-10-10T08:50:23.336+0000] {logging_mixin.py:151} INFO - [2023-10-10T08:50:23.336+0000] {dag.py:2915} INFO - Sync 1 DAGs
[2023-10-10T08:50:23.363+0000] {logging_mixin.py:151} INFO - [2023-10-10T08:50:23.363+0000] {dag.py:3696} INFO - Setting next_dagrun for tutorial to 2023-10-09T08:50:23.363073+00:00, run_after=2023-10-10T08:50:23.363073+00:00
[2023-10-10T08:50:23.374+0000] {processor.py:179} INFO - Processing /home/airflow/.local/lib/python3.8/site-packages/airflow/example_dags/tutorial.py took 0.075 seconds
[2023-10-10T08:50:53.683+0000] {processor.py:157} INFO - Started process (PID=162) to work on /home/airflow/.local/lib/python3.8/site-packages/airflow/example_dags/tutorial.py
[2023-10-10T08:50:53.684+0000] {processor.py:829} INFO - Processing file /home/airflow/.local/lib/python3.8/site-packages/airflow/example_dags/tutorial.py for tasks to queue
[2023-10-10T08:50:53.686+0000] {logging_mixin.py:151} INFO - [2023-10-10T08:50:53.686+0000] {dagbag.py:539} INFO - Filling up the DagBag from /home/airflow/.local/lib/python3.8/site-packages/airflow/example_dags/tutorial.py
[2023-10-10T08:50:53.692+0000] {processor.py:839} INFO - DAG(s) dict_keys(['tutorial']) retrieved from /home/airflow/.local/lib/python3.8/site-packages/airflow/example_dags/tutorial.py
[2023-10-10T08:50:53.719+0000] {logging_mixin.py:151} INFO - [2023-10-10T08:50:53.719+0000] {dag.py:2915} INFO - Sync 1 DAGs
[2023-10-10T08:50:53.741+0000] {logging_mixin.py:151} INFO - [2023-10-10T08:50:53.741+0000] {dag.py:3696} INFO - Setting next_dagrun for tutorial to 2023-10-09T08:50:53.740835+00:00, run_after=2023-10-10T08:50:53.740835+00:00
[2023-10-10T08:50:53.751+0000] {processor.py:179} INFO - Processing /home/airflow/.local/lib/python3.8/site-packages/airflow/example_dags/tutorial.py took 0.070 seconds
[2023-10-10T08:51:24.071+0000] {processor.py:157} INFO - Started process (PID=223) to work on /home/airflow/.local/lib/python3.8/site-packages/airflow/example_dags/tutorial.py
[2023-10-10T08:51:24.072+0000] {processor.py:829} INFO - Processing file /home/airflow/.local/lib/python3.8/site-packages/airflow/example_dags/tutorial.py for tasks to queue
[2023-10-10T08:51:24.073+0000] {logging_mixin.py:151} INFO - [2023-10-10T08:51:24.073+0000] {dagbag.py:539} INFO - Filling up the DagBag from /home/airflow/.local/lib/python3.8/site-packages/airflow/example_dags/tutorial.py
[2023-10-10T08:51:24.077+0000] {processor.py:839} INFO - DAG(s) dict_keys(['tutorial']) retrieved from /home/airflow/.local/lib/python3.8/site-packages/airflow/example_dags/tutorial.py
[2023-10-10T08:51:24.093+0000] {logging_mixin.py:151} INFO - [2023-10-10T08:51:24.093+0000] {dag.py:2915} INFO - Sync 1 DAGs
[2023-10-10T08:51:24.106+0000] {logging_mixin.py:151} INFO - [2023-10-10T08:51:24.106+0000] {dag.py:3696} INFO - Setting next_dagrun for tutorial to 2023-10-09T08:51:24.106193+00:00, run_after=2023-10-10T08:51:24.106193+00:00
[2023-10-10T08:51:24.127+0000] {processor.py:179} INFO - Processing /home/airflow/.local/lib/python3.8/site-packages/airflow/example_dags/tutorial.py took 0.058 seconds
[2023-10-10T08:51:55.018+0000] {processor.py:157} INFO - Started process (PID=284) to work on /home/airflow/.local/lib/python3.8/site-packages/airflow/example_dags/tutorial.py
[2023-10-10T08:51:55.020+0000] {processor.py:829} INFO - Processing file /home/airflow/.local/lib/python3.8/site-packages/airflow/example_dags/tutorial.py for tasks to queue
[2023-10-10T08:51:55.022+0000] {logging_mixin.py:151} INFO - [2023-10-10T08:51:55.022+0000] {dagbag.py:539} INFO - Filling up the DagBag from /home/airflow/.local/lib/python3.8/site-packages/airflow/example_dags/tutorial.py
[2023-10-10T08:51:55.028+0000] {processor.py:839} INFO - DAG(s) dict_keys(['tutorial']) retrieved from /home/airflow/.local/lib/python3.8/site-packages/airflow/example_dags/tutorial.py
[2023-10-10T08:51:55.052+0000] {logging_mixin.py:151} INFO - [2023-10-10T08:51:55.052+0000] {dag.py:2915} INFO - Sync 1 DAGs
[2023-10-10T08:51:55.069+0000] {logging_mixin.py:151} INFO - [2023-10-10T08:51:55.069+0000] {dag.py:3696} INFO - Setting next_dagrun for tutorial to 2023-10-09T08:51:55.069164+00:00, run_after=2023-10-10T08:51:55.069164+00:00
[2023-10-10T08:51:55.084+0000] {processor.py:179} INFO - Processing /home/airflow/.local/lib/python3.8/site-packages/airflow/example_dags/tutorial.py took 0.071 seconds
[2023-10-10T08:52:25.405+0000] {processor.py:157} INFO - Started process (PID=345) to work on /home/airflow/.local/lib/python3.8/site-packages/airflow/example_dags/tutorial.py
[2023-10-10T08:52:25.406+0000] {processor.py:829} INFO - Processing file /home/airflow/.local/lib/python3.8/site-packages/airflow/example_dags/tutorial.py for tasks to queue
[2023-10-10T08:52:25.408+0000] {logging_mixin.py:151} INFO - [2023-10-10T08:52:25.408+0000] {dagbag.py:539} INFO - Filling up the DagBag from /home/airflow/.local/lib/python3.8/site-packages/airflow/example_dags/tutorial.py
[2023-10-10T08:52:25.412+0000] {processor.py:839} INFO - DAG(s) dict_keys(['tutorial']) retrieved from /home/airflow/.local/lib/python3.8/site-packages/airflow/example_dags/tutorial.py
[2023-10-10T08:52:25.433+0000] {logging_mixin.py:151} INFO - [2023-10-10T08:52:25.433+0000] {dag.py:2915} INFO - Sync 1 DAGs
[2023-10-10T08:52:25.451+0000] {logging_mixin.py:151} INFO - [2023-10-10T08:52:25.451+0000] {dag.py:3696} INFO - Setting next_dagrun for tutorial to 2023-10-09T08:52:25.451415+00:00, run_after=2023-10-10T08:52:25.451415+00:00
[2023-10-10T08:52:25.469+0000] {processor.py:179} INFO - Processing /home/airflow/.local/lib/python3.8/site-packages/airflow/example_dags/tutorial.py took 0.066 seconds
[2023-10-10T08:52:56.268+0000] {processor.py:157} INFO - Started process (PID=404) to work on /home/airflow/.local/lib/python3.8/site-packages/airflow/example_dags/tutorial.py
[2023-10-10T08:52:56.269+0000] {processor.py:829} INFO - Processing file /home/airflow/.local/lib/python3.8/site-packages/airflow/example_dags/tutorial.py for tasks to queue
[2023-10-10T08:52:56.271+0000] {logging_mixin.py:151} INFO - [2023-10-10T08:52:56.271+0000] {dagbag.py:539} INFO - Filling up the DagBag from /home/airflow/.local/lib/python3.8/site-packages/airflow/example_dags/tutorial.py
[2023-10-10T08:52:56.275+0000] {processor.py:839} INFO - DAG(s) dict_keys(['tutorial']) retrieved from /home/airflow/.local/lib/python3.8/site-packages/airflow/example_dags/tutorial.py
[2023-10-10T08:52:56.291+0000] {logging_mixin.py:151} INFO - [2023-10-10T08:52:56.291+0000] {dag.py:2915} INFO - Sync 1 DAGs
[2023-10-10T08:52:56.310+0000] {logging_mixin.py:151} INFO - [2023-10-10T08:52:56.310+0000] {dag.py:3696} INFO - Setting next_dagrun for tutorial to 2023-10-09T08:52:56.309836+00:00, run_after=2023-10-10T08:52:56.309836+00:00
[2023-10-10T08:52:56.320+0000] {processor.py:179} INFO - Processing /home/airflow/.local/lib/python3.8/site-packages/airflow/example_dags/tutorial.py took 0.055 seconds
[2023-10-10T08:53:26.644+0000] {processor.py:157} INFO - Started process (PID=465) to work on /home/airflow/.local/lib/python3.8/site-packages/airflow/example_dags/tutorial.py
[2023-10-10T08:53:26.645+0000] {processor.py:829} INFO - Processing file /home/airflow/.local/lib/python3.8/site-packages/airflow/example_dags/tutorial.py for tasks to queue
[2023-10-10T08:53:26.647+0000] {logging_mixin.py:151} INFO - [2023-10-10T08:53:26.647+0000] {dagbag.py:539} INFO - Filling up the DagBag from /home/airflow/.local/lib/python3.8/site-packages/airflow/example_dags/tutorial.py
[2023-10-10T08:53:26.651+0000] {processor.py:839} INFO - DAG(s) dict_keys(['tutorial']) retrieved from /home/airflow/.local/lib/python3.8/site-packages/airflow/example_dags/tutorial.py
[2023-10-10T08:53:26.666+0000] {logging_mixin.py:151} INFO - [2023-10-10T08:53:26.666+0000] {dag.py:2915} INFO - Sync 1 DAGs
[2023-10-10T08:53:26.681+0000] {logging_mixin.py:151} INFO - [2023-10-10T08:53:26.681+0000] {dag.py:3696} INFO - Setting next_dagrun for tutorial to 2023-10-09T08:53:26.680924+00:00, run_after=2023-10-10T08:53:26.680924+00:00
[2023-10-10T08:53:26.691+0000] {processor.py:179} INFO - Processing /home/airflow/.local/lib/python3.8/site-packages/airflow/example_dags/tutorial.py took 0.050 seconds
[2023-10-10T08:53:57.427+0000] {processor.py:157} INFO - Started process (PID=526) to work on /home/airflow/.local/lib/python3.8/site-packages/airflow/example_dags/tutorial.py
[2023-10-10T08:53:57.427+0000] {processor.py:829} INFO - Processing file /home/airflow/.local/lib/python3.8/site-packages/airflow/example_dags/tutorial.py for tasks to queue
[2023-10-10T08:53:57.429+0000] {logging_mixin.py:151} INFO - [2023-10-10T08:53:57.429+0000] {dagbag.py:539} INFO - Filling up the DagBag from /home/airflow/.local/lib/python3.8/site-packages/airflow/example_dags/tutorial.py
[2023-10-10T08:53:57.433+0000] {processor.py:839} INFO - DAG(s) dict_keys(['tutorial']) retrieved from /home/airflow/.local/lib/python3.8/site-packages/airflow/example_dags/tutorial.py
[2023-10-10T08:53:57.449+0000] {logging_mixin.py:151} INFO - [2023-10-10T08:53:57.449+0000] {dag.py:2915} INFO - Sync 1 DAGs
[2023-10-10T08:53:57.466+0000] {logging_mixin.py:151} INFO - [2023-10-10T08:53:57.466+0000] {dag.py:3696} INFO - Setting next_dagrun for tutorial to 2023-10-09T08:53:57.466309+00:00, run_after=2023-10-10T08:53:57.466309+00:00
[2023-10-10T08:53:57.481+0000] {processor.py:179} INFO - Processing /home/airflow/.local/lib/python3.8/site-packages/airflow/example_dags/tutorial.py took 0.057 seconds
[2023-10-10T08:54:27.972+0000] {processor.py:157} INFO - Started process (PID=587) to work on /home/airflow/.local/lib/python3.8/site-packages/airflow/example_dags/tutorial.py
[2023-10-10T08:54:27.974+0000] {processor.py:829} INFO - Processing file /home/airflow/.local/lib/python3.8/site-packages/airflow/example_dags/tutorial.py for tasks to queue
[2023-10-10T08:54:27.979+0000] {logging_mixin.py:151} INFO - [2023-10-10T08:54:27.978+0000] {dagbag.py:539} INFO - Filling up the DagBag from /home/airflow/.local/lib/python3.8/site-packages/airflow/example_dags/tutorial.py
[2023-10-10T08:54:27.994+0000] {processor.py:839} INFO - DAG(s) dict_keys(['tutorial']) retrieved from /home/airflow/.local/lib/python3.8/site-packages/airflow/example_dags/tutorial.py
[2023-10-10T08:54:28.051+0000] {logging_mixin.py:151} INFO - [2023-10-10T08:54:28.051+0000] {dag.py:2915} INFO - Sync 1 DAGs
[2023-10-10T08:54:28.073+0000] {logging_mixin.py:151} INFO - [2023-10-10T08:54:28.072+0000] {dag.py:3696} INFO - Setting next_dagrun for tutorial to 2023-10-09T08:54:28.072659+00:00, run_after=2023-10-10T08:54:28.072659+00:00
[2023-10-10T08:54:28.095+0000] {processor.py:179} INFO - Processing /home/airflow/.local/lib/python3.8/site-packages/airflow/example_dags/tutorial.py took 0.127 seconds
[2023-10-10T08:54:59.753+0000] {processor.py:157} INFO - Started process (PID=648) to work on /home/airflow/.local/lib/python3.8/site-packages/airflow/example_dags/tutorial.py
[2023-10-10T08:54:59.757+0000] {processor.py:829} INFO - Processing file /home/airflow/.local/lib/python3.8/site-packages/airflow/example_dags/tutorial.py for tasks to queue
[2023-10-10T08:54:59.760+0000] {logging_mixin.py:151} INFO - [2023-10-10T08:54:59.759+0000] {dagbag.py:539} INFO - Filling up the DagBag from /home/airflow/.local/lib/python3.8/site-packages/airflow/example_dags/tutorial.py
[2023-10-10T08:54:59.769+0000] {processor.py:839} INFO - DAG(s) dict_keys(['tutorial']) retrieved from /home/airflow/.local/lib/python3.8/site-packages/airflow/example_dags/tutorial.py
[2023-10-10T08:54:59.792+0000] {logging_mixin.py:151} INFO - [2023-10-10T08:54:59.792+0000] {dag.py:2915} INFO - Sync 1 DAGs
[2023-10-10T08:54:59.824+0000] {logging_mixin.py:151} INFO - [2023-10-10T08:54:59.824+0000] {dag.py:3696} INFO - Setting next_dagrun for tutorial to 2023-10-09T08:54:59.823961+00:00, run_after=2023-10-10T08:54:59.823961+00:00
[2023-10-10T08:54:59.849+0000] {processor.py:179} INFO - Processing /home/airflow/.local/lib/python3.8/site-packages/airflow/example_dags/tutorial.py took 0.103 seconds
[2023-10-10T08:55:30.056+0000] {processor.py:157} INFO - Started process (PID=709) to work on /home/airflow/.local/lib/python3.8/site-packages/airflow/example_dags/tutorial.py
[2023-10-10T08:55:30.056+0000] {processor.py:829} INFO - Processing file /home/airflow/.local/lib/python3.8/site-packages/airflow/example_dags/tutorial.py for tasks to queue
[2023-10-10T08:55:30.058+0000] {logging_mixin.py:151} INFO - [2023-10-10T08:55:30.058+0000] {dagbag.py:539} INFO - Filling up the DagBag from /home/airflow/.local/lib/python3.8/site-packages/airflow/example_dags/tutorial.py
[2023-10-10T08:55:30.062+0000] {processor.py:839} INFO - DAG(s) dict_keys(['tutorial']) retrieved from /home/airflow/.local/lib/python3.8/site-packages/airflow/example_dags/tutorial.py
[2023-10-10T08:55:30.077+0000] {logging_mixin.py:151} INFO - [2023-10-10T08:55:30.076+0000] {dag.py:2915} INFO - Sync 1 DAGs
[2023-10-10T08:55:30.091+0000] {logging_mixin.py:151} INFO - [2023-10-10T08:55:30.091+0000] {dag.py:3696} INFO - Setting next_dagrun for tutorial to 2023-10-09T08:55:30.091485+00:00, run_after=2023-10-10T08:55:30.091485+00:00
[2023-10-10T08:55:30.106+0000] {processor.py:179} INFO - Processing /home/airflow/.local/lib/python3.8/site-packages/airflow/example_dags/tutorial.py took 0.053 seconds
[2023-10-10T08:56:00.724+0000] {processor.py:157} INFO - Started process (PID=769) to work on /home/airflow/.local/lib/python3.8/site-packages/airflow/example_dags/tutorial.py
[2023-10-10T08:56:00.725+0000] {processor.py:829} INFO - Processing file /home/airflow/.local/lib/python3.8/site-packages/airflow/example_dags/tutorial.py for tasks to queue
[2023-10-10T08:56:00.727+0000] {logging_mixin.py:151} INFO - [2023-10-10T08:56:00.727+0000] {dagbag.py:539} INFO - Filling up the DagBag from /home/airflow/.local/lib/python3.8/site-packages/airflow/example_dags/tutorial.py
[2023-10-10T08:56:00.731+0000] {processor.py:839} INFO - DAG(s) dict_keys(['tutorial']) retrieved from /home/airflow/.local/lib/python3.8/site-packages/airflow/example_dags/tutorial.py
[2023-10-10T08:56:00.749+0000] {logging_mixin.py:151} INFO - [2023-10-10T08:56:00.749+0000] {dag.py:2915} INFO - Sync 1 DAGs
[2023-10-10T08:56:00.767+0000] {logging_mixin.py:151} INFO - [2023-10-10T08:56:00.767+0000] {dag.py:3696} INFO - Setting next_dagrun for tutorial to 2023-10-09T08:56:00.767022+00:00, run_after=2023-10-10T08:56:00.767022+00:00
[2023-10-10T08:56:00.781+0000] {processor.py:179} INFO - Processing /home/airflow/.local/lib/python3.8/site-packages/airflow/example_dags/tutorial.py took 0.059 seconds
[2023-10-10T08:56:30.895+0000] {processor.py:157} INFO - Started process (PID=830) to work on /home/airflow/.local/lib/python3.8/site-packages/airflow/example_dags/tutorial.py
[2023-10-10T08:56:30.896+0000] {processor.py:829} INFO - Processing file /home/airflow/.local/lib/python3.8/site-packages/airflow/example_dags/tutorial.py for tasks to queue
[2023-10-10T08:56:30.898+0000] {logging_mixin.py:151} INFO - [2023-10-10T08:56:30.897+0000] {dagbag.py:539} INFO - Filling up the DagBag from /home/airflow/.local/lib/python3.8/site-packages/airflow/example_dags/tutorial.py
[2023-10-10T08:56:30.902+0000] {processor.py:839} INFO - DAG(s) dict_keys(['tutorial']) retrieved from /home/airflow/.local/lib/python3.8/site-packages/airflow/example_dags/tutorial.py
[2023-10-10T08:56:30.917+0000] {logging_mixin.py:151} INFO - [2023-10-10T08:56:30.917+0000] {dag.py:2915} INFO - Sync 1 DAGs
[2023-10-10T08:56:30.930+0000] {logging_mixin.py:151} INFO - [2023-10-10T08:56:30.930+0000] {dag.py:3696} INFO - Setting next_dagrun for tutorial to 2023-10-09T08:56:30.930442+00:00, run_after=2023-10-10T08:56:30.930442+00:00
[2023-10-10T08:56:30.940+0000] {processor.py:179} INFO - Processing /home/airflow/.local/lib/python3.8/site-packages/airflow/example_dags/tutorial.py took 0.048 seconds
[2023-10-10T08:57:01.779+0000] {processor.py:157} INFO - Started process (PID=891) to work on /home/airflow/.local/lib/python3.8/site-packages/airflow/example_dags/tutorial.py
[2023-10-10T08:57:01.780+0000] {processor.py:829} INFO - Processing file /home/airflow/.local/lib/python3.8/site-packages/airflow/example_dags/tutorial.py for tasks to queue
[2023-10-10T08:57:01.782+0000] {logging_mixin.py:151} INFO - [2023-10-10T08:57:01.781+0000] {dagbag.py:539} INFO - Filling up the DagBag from /home/airflow/.local/lib/python3.8/site-packages/airflow/example_dags/tutorial.py
[2023-10-10T08:57:01.785+0000] {processor.py:839} INFO - DAG(s) dict_keys(['tutorial']) retrieved from /home/airflow/.local/lib/python3.8/site-packages/airflow/example_dags/tutorial.py
[2023-10-10T08:57:01.800+0000] {logging_mixin.py:151} INFO - [2023-10-10T08:57:01.800+0000] {dag.py:2915} INFO - Sync 1 DAGs
[2023-10-10T08:57:01.815+0000] {logging_mixin.py:151} INFO - [2023-10-10T08:57:01.815+0000] {dag.py:3696} INFO - Setting next_dagrun for tutorial to 2023-10-09T08:57:01.814810+00:00, run_after=2023-10-10T08:57:01.814810+00:00
[2023-10-10T08:57:01.825+0000] {processor.py:179} INFO - Processing /home/airflow/.local/lib/python3.8/site-packages/airflow/example_dags/tutorial.py took 0.049 seconds
[2023-10-10T08:57:32.750+0000] {processor.py:157} INFO - Started process (PID=952) to work on /home/airflow/.local/lib/python3.8/site-packages/airflow/example_dags/tutorial.py
[2023-10-10T08:57:32.751+0000] {processor.py:829} INFO - Processing file /home/airflow/.local/lib/python3.8/site-packages/airflow/example_dags/tutorial.py for tasks to queue
[2023-10-10T08:57:32.753+0000] {logging_mixin.py:151} INFO - [2023-10-10T08:57:32.753+0000] {dagbag.py:539} INFO - Filling up the DagBag from /home/airflow/.local/lib/python3.8/site-packages/airflow/example_dags/tutorial.py
[2023-10-10T08:57:32.756+0000] {processor.py:839} INFO - DAG(s) dict_keys(['tutorial']) retrieved from /home/airflow/.local/lib/python3.8/site-packages/airflow/example_dags/tutorial.py
[2023-10-10T08:57:32.772+0000] {logging_mixin.py:151} INFO - [2023-10-10T08:57:32.772+0000] {dag.py:2915} INFO - Sync 1 DAGs
[2023-10-10T08:57:32.787+0000] {logging_mixin.py:151} INFO - [2023-10-10T08:57:32.786+0000] {dag.py:3696} INFO - Setting next_dagrun for tutorial to 2023-10-09T08:57:32.786711+00:00, run_after=2023-10-10T08:57:32.786711+00:00
[2023-10-10T08:57:32.797+0000] {processor.py:179} INFO - Processing /home/airflow/.local/lib/python3.8/site-packages/airflow/example_dags/tutorial.py took 0.050 seconds
[2023-10-10T08:58:02.908+0000] {processor.py:157} INFO - Started process (PID=1013) to work on /home/airflow/.local/lib/python3.8/site-packages/airflow/example_dags/tutorial.py
[2023-10-10T08:58:02.909+0000] {processor.py:829} INFO - Processing file /home/airflow/.local/lib/python3.8/site-packages/airflow/example_dags/tutorial.py for tasks to queue
[2023-10-10T08:58:02.911+0000] {logging_mixin.py:151} INFO - [2023-10-10T08:58:02.911+0000] {dagbag.py:539} INFO - Filling up the DagBag from /home/airflow/.local/lib/python3.8/site-packages/airflow/example_dags/tutorial.py
[2023-10-10T08:58:02.914+0000] {processor.py:839} INFO - DAG(s) dict_keys(['tutorial']) retrieved from /home/airflow/.local/lib/python3.8/site-packages/airflow/example_dags/tutorial.py
[2023-10-10T08:58:02.931+0000] {logging_mixin.py:151} INFO - [2023-10-10T08:58:02.931+0000] {dag.py:2915} INFO - Sync 1 DAGs
[2023-10-10T08:58:02.953+0000] {logging_mixin.py:151} INFO - [2023-10-10T08:58:02.953+0000] {dag.py:3696} INFO - Setting next_dagrun for tutorial to 2023-10-09T08:58:02.952922+00:00, run_after=2023-10-10T08:58:02.952922+00:00
[2023-10-10T08:58:02.966+0000] {processor.py:179} INFO - Processing /home/airflow/.local/lib/python3.8/site-packages/airflow/example_dags/tutorial.py took 0.061 seconds
[2023-10-10T08:58:33.690+0000] {processor.py:157} INFO - Started process (PID=1074) to work on /home/airflow/.local/lib/python3.8/site-packages/airflow/example_dags/tutorial.py
[2023-10-10T08:58:33.692+0000] {processor.py:829} INFO - Processing file /home/airflow/.local/lib/python3.8/site-packages/airflow/example_dags/tutorial.py for tasks to queue
[2023-10-10T08:58:33.697+0000] {logging_mixin.py:151} INFO - [2023-10-10T08:58:33.697+0000] {dagbag.py:539} INFO - Filling up the DagBag from /home/airflow/.local/lib/python3.8/site-packages/airflow/example_dags/tutorial.py
[2023-10-10T08:58:33.705+0000] {processor.py:839} INFO - DAG(s) dict_keys(['tutorial']) retrieved from /home/airflow/.local/lib/python3.8/site-packages/airflow/example_dags/tutorial.py
[2023-10-10T08:58:33.729+0000] {logging_mixin.py:151} INFO - [2023-10-10T08:58:33.729+0000] {dag.py:2915} INFO - Sync 1 DAGs
[2023-10-10T08:58:33.754+0000] {logging_mixin.py:151} INFO - [2023-10-10T08:58:33.754+0000] {dag.py:3696} INFO - Setting next_dagrun for tutorial to 2023-10-09T08:58:33.754007+00:00, run_after=2023-10-10T08:58:33.754007+00:00
[2023-10-10T08:58:33.776+0000] {processor.py:179} INFO - Processing /home/airflow/.local/lib/python3.8/site-packages/airflow/example_dags/tutorial.py took 0.090 seconds
[2023-10-10T08:59:04.345+0000] {processor.py:157} INFO - Started process (PID=1135) to work on /home/airflow/.local/lib/python3.8/site-packages/airflow/example_dags/tutorial.py
[2023-10-10T08:59:04.347+0000] {processor.py:829} INFO - Processing file /home/airflow/.local/lib/python3.8/site-packages/airflow/example_dags/tutorial.py for tasks to queue
[2023-10-10T08:59:04.350+0000] {logging_mixin.py:151} INFO - [2023-10-10T08:59:04.350+0000] {dagbag.py:539} INFO - Filling up the DagBag from /home/airflow/.local/lib/python3.8/site-packages/airflow/example_dags/tutorial.py
[2023-10-10T08:59:04.354+0000] {processor.py:839} INFO - DAG(s) dict_keys(['tutorial']) retrieved from /home/airflow/.local/lib/python3.8/site-packages/airflow/example_dags/tutorial.py
[2023-10-10T08:59:04.370+0000] {logging_mixin.py:151} INFO - [2023-10-10T08:59:04.370+0000] {dag.py:2915} INFO - Sync 1 DAGs
[2023-10-10T08:59:04.385+0000] {logging_mixin.py:151} INFO - [2023-10-10T08:59:04.385+0000] {dag.py:3696} INFO - Setting next_dagrun for tutorial to 2023-10-09T08:59:04.385088+00:00, run_after=2023-10-10T08:59:04.385088+00:00
[2023-10-10T08:59:04.406+0000] {processor.py:179} INFO - Processing /home/airflow/.local/lib/python3.8/site-packages/airflow/example_dags/tutorial.py took 0.063 seconds
[2023-10-10T08:59:34.805+0000] {processor.py:157} INFO - Started process (PID=1196) to work on /home/airflow/.local/lib/python3.8/site-packages/airflow/example_dags/tutorial.py
[2023-10-10T08:59:34.806+0000] {processor.py:829} INFO - Processing file /home/airflow/.local/lib/python3.8/site-packages/airflow/example_dags/tutorial.py for tasks to queue
[2023-10-10T08:59:34.808+0000] {logging_mixin.py:151} INFO - [2023-10-10T08:59:34.808+0000] {dagbag.py:539} INFO - Filling up the DagBag from /home/airflow/.local/lib/python3.8/site-packages/airflow/example_dags/tutorial.py
[2023-10-10T08:59:34.812+0000] {processor.py:839} INFO - DAG(s) dict_keys(['tutorial']) retrieved from /home/airflow/.local/lib/python3.8/site-packages/airflow/example_dags/tutorial.py
[2023-10-10T08:59:34.826+0000] {logging_mixin.py:151} INFO - [2023-10-10T08:59:34.826+0000] {dag.py:2915} INFO - Sync 1 DAGs
[2023-10-10T08:59:34.839+0000] {logging_mixin.py:151} INFO - [2023-10-10T08:59:34.839+0000] {dag.py:3696} INFO - Setting next_dagrun for tutorial to 2023-10-09T08:59:34.839687+00:00, run_after=2023-10-10T08:59:34.839687+00:00
[2023-10-10T08:59:34.850+0000] {processor.py:179} INFO - Processing /home/airflow/.local/lib/python3.8/site-packages/airflow/example_dags/tutorial.py took 0.047 seconds
[2023-10-10T09:00:05.264+0000] {processor.py:157} INFO - Started process (PID=1257) to work on /home/airflow/.local/lib/python3.8/site-packages/airflow/example_dags/tutorial.py
[2023-10-10T09:00:05.265+0000] {processor.py:829} INFO - Processing file /home/airflow/.local/lib/python3.8/site-packages/airflow/example_dags/tutorial.py for tasks to queue
[2023-10-10T09:00:05.267+0000] {logging_mixin.py:151} INFO - [2023-10-10T09:00:05.267+0000] {dagbag.py:539} INFO - Filling up the DagBag from /home/airflow/.local/lib/python3.8/site-packages/airflow/example_dags/tutorial.py
[2023-10-10T09:00:05.270+0000] {processor.py:839} INFO - DAG(s) dict_keys(['tutorial']) retrieved from /home/airflow/.local/lib/python3.8/site-packages/airflow/example_dags/tutorial.py
[2023-10-10T09:00:05.285+0000] {logging_mixin.py:151} INFO - [2023-10-10T09:00:05.285+0000] {dag.py:2915} INFO - Sync 1 DAGs
[2023-10-10T09:00:05.299+0000] {logging_mixin.py:151} INFO - [2023-10-10T09:00:05.298+0000] {dag.py:3696} INFO - Setting next_dagrun for tutorial to 2023-10-09T09:00:05.298769+00:00, run_after=2023-10-10T09:00:05.298769+00:00
[2023-10-10T09:00:05.310+0000] {processor.py:179} INFO - Processing /home/airflow/.local/lib/python3.8/site-packages/airflow/example_dags/tutorial.py took 0.049 seconds
[2023-10-10T09:00:35.577+0000] {processor.py:157} INFO - Started process (PID=1318) to work on /home/airflow/.local/lib/python3.8/site-packages/airflow/example_dags/tutorial.py
[2023-10-10T09:00:35.578+0000] {processor.py:829} INFO - Processing file /home/airflow/.local/lib/python3.8/site-packages/airflow/example_dags/tutorial.py for tasks to queue
[2023-10-10T09:00:35.579+0000] {logging_mixin.py:151} INFO - [2023-10-10T09:00:35.579+0000] {dagbag.py:539} INFO - Filling up the DagBag from /home/airflow/.local/lib/python3.8/site-packages/airflow/example_dags/tutorial.py
[2023-10-10T09:00:35.583+0000] {processor.py:839} INFO - DAG(s) dict_keys(['tutorial']) retrieved from /home/airflow/.local/lib/python3.8/site-packages/airflow/example_dags/tutorial.py
[2023-10-10T09:00:35.598+0000] {logging_mixin.py:151} INFO - [2023-10-10T09:00:35.598+0000] {dag.py:2915} INFO - Sync 1 DAGs
[2023-10-10T09:00:35.612+0000] {logging_mixin.py:151} INFO - [2023-10-10T09:00:35.612+0000] {dag.py:3696} INFO - Setting next_dagrun for tutorial to 2023-10-09T09:00:35.612355+00:00, run_after=2023-10-10T09:00:35.612355+00:00
[2023-10-10T09:00:35.623+0000] {processor.py:179} INFO - Processing /home/airflow/.local/lib/python3.8/site-packages/airflow/example_dags/tutorial.py took 0.048 seconds
[2023-10-10T09:01:05.870+0000] {processor.py:157} INFO - Started process (PID=1379) to work on /home/airflow/.local/lib/python3.8/site-packages/airflow/example_dags/tutorial.py
[2023-10-10T09:01:05.871+0000] {processor.py:829} INFO - Processing file /home/airflow/.local/lib/python3.8/site-packages/airflow/example_dags/tutorial.py for tasks to queue
[2023-10-10T09:01:05.873+0000] {logging_mixin.py:151} INFO - [2023-10-10T09:01:05.873+0000] {dagbag.py:539} INFO - Filling up the DagBag from /home/airflow/.local/lib/python3.8/site-packages/airflow/example_dags/tutorial.py
[2023-10-10T09:01:05.877+0000] {processor.py:839} INFO - DAG(s) dict_keys(['tutorial']) retrieved from /home/airflow/.local/lib/python3.8/site-packages/airflow/example_dags/tutorial.py
[2023-10-10T09:01:05.896+0000] {logging_mixin.py:151} INFO - [2023-10-10T09:01:05.896+0000] {dag.py:2915} INFO - Sync 1 DAGs
[2023-10-10T09:01:05.911+0000] {logging_mixin.py:151} INFO - [2023-10-10T09:01:05.911+0000] {dag.py:3696} INFO - Setting next_dagrun for tutorial to 2023-10-09T09:01:05.911740+00:00, run_after=2023-10-10T09:01:05.911740+00:00
[2023-10-10T09:01:05.924+0000] {processor.py:179} INFO - Processing /home/airflow/.local/lib/python3.8/site-packages/airflow/example_dags/tutorial.py took 0.057 seconds
[2023-10-10T09:01:36.101+0000] {processor.py:157} INFO - Started process (PID=1440) to work on /home/airflow/.local/lib/python3.8/site-packages/airflow/example_dags/tutorial.py
[2023-10-10T09:01:36.102+0000] {processor.py:829} INFO - Processing file /home/airflow/.local/lib/python3.8/site-packages/airflow/example_dags/tutorial.py for tasks to queue
[2023-10-10T09:01:36.104+0000] {logging_mixin.py:151} INFO - [2023-10-10T09:01:36.103+0000] {dagbag.py:539} INFO - Filling up the DagBag from /home/airflow/.local/lib/python3.8/site-packages/airflow/example_dags/tutorial.py
[2023-10-10T09:01:36.107+0000] {processor.py:839} INFO - DAG(s) dict_keys(['tutorial']) retrieved from /home/airflow/.local/lib/python3.8/site-packages/airflow/example_dags/tutorial.py
[2023-10-10T09:01:36.122+0000] {logging_mixin.py:151} INFO - [2023-10-10T09:01:36.122+0000] {dag.py:2915} INFO - Sync 1 DAGs
[2023-10-10T09:01:36.137+0000] {logging_mixin.py:151} INFO - [2023-10-10T09:01:36.137+0000] {dag.py:3696} INFO - Setting next_dagrun for tutorial to 2023-10-09T09:01:36.137112+00:00, run_after=2023-10-10T09:01:36.137112+00:00
[2023-10-10T09:01:36.147+0000] {processor.py:179} INFO - Processing /home/airflow/.local/lib/python3.8/site-packages/airflow/example_dags/tutorial.py took 0.049 seconds
[2023-10-10T09:02:06.344+0000] {processor.py:157} INFO - Started process (PID=1501) to work on /home/airflow/.local/lib/python3.8/site-packages/airflow/example_dags/tutorial.py
[2023-10-10T09:02:06.346+0000] {processor.py:829} INFO - Processing file /home/airflow/.local/lib/python3.8/site-packages/airflow/example_dags/tutorial.py for tasks to queue
[2023-10-10T09:02:06.348+0000] {logging_mixin.py:151} INFO - [2023-10-10T09:02:06.348+0000] {dagbag.py:539} INFO - Filling up the DagBag from /home/airflow/.local/lib/python3.8/site-packages/airflow/example_dags/tutorial.py
[2023-10-10T09:02:06.357+0000] {processor.py:839} INFO - DAG(s) dict_keys(['tutorial']) retrieved from /home/airflow/.local/lib/python3.8/site-packages/airflow/example_dags/tutorial.py
[2023-10-10T09:02:06.377+0000] {logging_mixin.py:151} INFO - [2023-10-10T09:02:06.377+0000] {dag.py:2915} INFO - Sync 1 DAGs
[2023-10-10T09:02:06.393+0000] {logging_mixin.py:151} INFO - [2023-10-10T09:02:06.393+0000] {dag.py:3696} INFO - Setting next_dagrun for tutorial to 2023-10-09T09:02:06.393100+00:00, run_after=2023-10-10T09:02:06.393100+00:00
[2023-10-10T09:02:06.405+0000] {processor.py:179} INFO - Processing /home/airflow/.local/lib/python3.8/site-packages/airflow/example_dags/tutorial.py took 0.064 seconds
[2023-10-10T09:02:36.993+0000] {processor.py:157} INFO - Started process (PID=1562) to work on /home/airflow/.local/lib/python3.8/site-packages/airflow/example_dags/tutorial.py
[2023-10-10T09:02:36.994+0000] {processor.py:829} INFO - Processing file /home/airflow/.local/lib/python3.8/site-packages/airflow/example_dags/tutorial.py for tasks to queue
[2023-10-10T09:02:36.996+0000] {logging_mixin.py:151} INFO - [2023-10-10T09:02:36.996+0000] {dagbag.py:539} INFO - Filling up the DagBag from /home/airflow/.local/lib/python3.8/site-packages/airflow/example_dags/tutorial.py
[2023-10-10T09:02:37.003+0000] {processor.py:839} INFO - DAG(s) dict_keys(['tutorial']) retrieved from /home/airflow/.local/lib/python3.8/site-packages/airflow/example_dags/tutorial.py
[2023-10-10T09:02:37.021+0000] {logging_mixin.py:151} INFO - [2023-10-10T09:02:37.021+0000] {dag.py:2915} INFO - Sync 1 DAGs
[2023-10-10T09:02:37.035+0000] {logging_mixin.py:151} INFO - [2023-10-10T09:02:37.035+0000] {dag.py:3696} INFO - Setting next_dagrun for tutorial to 2023-10-09T09:02:37.035680+00:00, run_after=2023-10-10T09:02:37.035680+00:00
[2023-10-10T09:02:37.046+0000] {processor.py:179} INFO - Processing /home/airflow/.local/lib/python3.8/site-packages/airflow/example_dags/tutorial.py took 0.055 seconds
[2023-10-10T09:03:07.876+0000] {processor.py:157} INFO - Started process (PID=1623) to work on /home/airflow/.local/lib/python3.8/site-packages/airflow/example_dags/tutorial.py
[2023-10-10T09:03:07.877+0000] {processor.py:829} INFO - Processing file /home/airflow/.local/lib/python3.8/site-packages/airflow/example_dags/tutorial.py for tasks to queue
[2023-10-10T09:03:07.879+0000] {logging_mixin.py:151} INFO - [2023-10-10T09:03:07.878+0000] {dagbag.py:539} INFO - Filling up the DagBag from /home/airflow/.local/lib/python3.8/site-packages/airflow/example_dags/tutorial.py
[2023-10-10T09:03:07.883+0000] {processor.py:839} INFO - DAG(s) dict_keys(['tutorial']) retrieved from /home/airflow/.local/lib/python3.8/site-packages/airflow/example_dags/tutorial.py
[2023-10-10T09:03:07.898+0000] {logging_mixin.py:151} INFO - [2023-10-10T09:03:07.898+0000] {dag.py:2915} INFO - Sync 1 DAGs
[2023-10-10T09:03:07.914+0000] {logging_mixin.py:151} INFO - [2023-10-10T09:03:07.913+0000] {dag.py:3696} INFO - Setting next_dagrun for tutorial to 2023-10-09T09:03:07.913846+00:00, run_after=2023-10-10T09:03:07.913846+00:00
[2023-10-10T09:03:07.924+0000] {processor.py:179} INFO - Processing /home/airflow/.local/lib/python3.8/site-packages/airflow/example_dags/tutorial.py took 0.050 seconds
[2023-10-10T09:03:38.115+0000] {processor.py:157} INFO - Started process (PID=1684) to work on /home/airflow/.local/lib/python3.8/site-packages/airflow/example_dags/tutorial.py
[2023-10-10T09:03:38.116+0000] {processor.py:829} INFO - Processing file /home/airflow/.local/lib/python3.8/site-packages/airflow/example_dags/tutorial.py for tasks to queue
[2023-10-10T09:03:38.117+0000] {logging_mixin.py:151} INFO - [2023-10-10T09:03:38.117+0000] {dagbag.py:539} INFO - Filling up the DagBag from /home/airflow/.local/lib/python3.8/site-packages/airflow/example_dags/tutorial.py
[2023-10-10T09:03:38.121+0000] {processor.py:839} INFO - DAG(s) dict_keys(['tutorial']) retrieved from /home/airflow/.local/lib/python3.8/site-packages/airflow/example_dags/tutorial.py
[2023-10-10T09:03:38.140+0000] {logging_mixin.py:151} INFO - [2023-10-10T09:03:38.140+0000] {dag.py:2915} INFO - Sync 1 DAGs
[2023-10-10T09:03:38.157+0000] {logging_mixin.py:151} INFO - [2023-10-10T09:03:38.156+0000] {dag.py:3696} INFO - Setting next_dagrun for tutorial to 2023-10-09T09:03:38.156640+00:00, run_after=2023-10-10T09:03:38.156640+00:00
[2023-10-10T09:03:38.169+0000] {processor.py:179} INFO - Processing /home/airflow/.local/lib/python3.8/site-packages/airflow/example_dags/tutorial.py took 0.057 seconds
[2023-10-10T09:04:08.703+0000] {processor.py:157} INFO - Started process (PID=1744) to work on /home/airflow/.local/lib/python3.8/site-packages/airflow/example_dags/tutorial.py
[2023-10-10T09:04:08.704+0000] {processor.py:829} INFO - Processing file /home/airflow/.local/lib/python3.8/site-packages/airflow/example_dags/tutorial.py for tasks to queue
[2023-10-10T09:04:08.705+0000] {logging_mixin.py:151} INFO - [2023-10-10T09:04:08.705+0000] {dagbag.py:539} INFO - Filling up the DagBag from /home/airflow/.local/lib/python3.8/site-packages/airflow/example_dags/tutorial.py
[2023-10-10T09:04:08.711+0000] {processor.py:839} INFO - DAG(s) dict_keys(['tutorial']) retrieved from /home/airflow/.local/lib/python3.8/site-packages/airflow/example_dags/tutorial.py
[2023-10-10T09:04:08.744+0000] {logging_mixin.py:151} INFO - [2023-10-10T09:04:08.743+0000] {dag.py:2915} INFO - Sync 1 DAGs
[2023-10-10T09:04:08.771+0000] {logging_mixin.py:151} INFO - [2023-10-10T09:04:08.771+0000] {dag.py:3696} INFO - Setting next_dagrun for tutorial to 2023-10-09T09:04:08.771425+00:00, run_after=2023-10-10T09:04:08.771425+00:00
[2023-10-10T09:04:08.794+0000] {processor.py:179} INFO - Processing /home/airflow/.local/lib/python3.8/site-packages/airflow/example_dags/tutorial.py took 0.094 seconds
[2023-10-10T09:04:39.652+0000] {processor.py:157} INFO - Started process (PID=1805) to work on /home/airflow/.local/lib/python3.8/site-packages/airflow/example_dags/tutorial.py
[2023-10-10T09:04:39.653+0000] {processor.py:829} INFO - Processing file /home/airflow/.local/lib/python3.8/site-packages/airflow/example_dags/tutorial.py for tasks to queue
[2023-10-10T09:04:39.656+0000] {logging_mixin.py:151} INFO - [2023-10-10T09:04:39.655+0000] {dagbag.py:539} INFO - Filling up the DagBag from /home/airflow/.local/lib/python3.8/site-packages/airflow/example_dags/tutorial.py
[2023-10-10T09:04:39.660+0000] {processor.py:839} INFO - DAG(s) dict_keys(['tutorial']) retrieved from /home/airflow/.local/lib/python3.8/site-packages/airflow/example_dags/tutorial.py
[2023-10-10T09:04:39.678+0000] {logging_mixin.py:151} INFO - [2023-10-10T09:04:39.677+0000] {dag.py:2915} INFO - Sync 1 DAGs
[2023-10-10T09:04:39.703+0000] {logging_mixin.py:151} INFO - [2023-10-10T09:04:39.702+0000] {dag.py:3696} INFO - Setting next_dagrun for tutorial to 2023-10-09T09:04:39.702716+00:00, run_after=2023-10-10T09:04:39.702716+00:00
[2023-10-10T09:04:39.719+0000] {processor.py:179} INFO - Processing /home/airflow/.local/lib/python3.8/site-packages/airflow/example_dags/tutorial.py took 0.069 seconds
[2023-10-10T09:05:10.377+0000] {processor.py:157} INFO - Started process (PID=1865) to work on /home/airflow/.local/lib/python3.8/site-packages/airflow/example_dags/tutorial.py
[2023-10-10T09:05:10.378+0000] {processor.py:829} INFO - Processing file /home/airflow/.local/lib/python3.8/site-packages/airflow/example_dags/tutorial.py for tasks to queue
[2023-10-10T09:05:10.380+0000] {logging_mixin.py:151} INFO - [2023-10-10T09:05:10.380+0000] {dagbag.py:539} INFO - Filling up the DagBag from /home/airflow/.local/lib/python3.8/site-packages/airflow/example_dags/tutorial.py
[2023-10-10T09:05:10.387+0000] {processor.py:839} INFO - DAG(s) dict_keys(['tutorial']) retrieved from /home/airflow/.local/lib/python3.8/site-packages/airflow/example_dags/tutorial.py
[2023-10-10T09:05:10.407+0000] {logging_mixin.py:151} INFO - [2023-10-10T09:05:10.407+0000] {dag.py:2915} INFO - Sync 1 DAGs
[2023-10-10T09:05:10.428+0000] {logging_mixin.py:151} INFO - [2023-10-10T09:05:10.428+0000] {dag.py:3696} INFO - Setting next_dagrun for tutorial to 2023-10-09T09:05:10.428567+00:00, run_after=2023-10-10T09:05:10.428567+00:00
[2023-10-10T09:05:10.440+0000] {processor.py:179} INFO - Processing /home/airflow/.local/lib/python3.8/site-packages/airflow/example_dags/tutorial.py took 0.066 seconds
[2023-10-10T09:05:40.746+0000] {processor.py:157} INFO - Started process (PID=1919) to work on /home/airflow/.local/lib/python3.8/site-packages/airflow/example_dags/tutorial.py
[2023-10-10T09:05:40.747+0000] {processor.py:829} INFO - Processing file /home/airflow/.local/lib/python3.8/site-packages/airflow/example_dags/tutorial.py for tasks to queue
[2023-10-10T09:05:40.749+0000] {logging_mixin.py:151} INFO - [2023-10-10T09:05:40.748+0000] {dagbag.py:539} INFO - Filling up the DagBag from /home/airflow/.local/lib/python3.8/site-packages/airflow/example_dags/tutorial.py
[2023-10-10T09:05:40.753+0000] {processor.py:839} INFO - DAG(s) dict_keys(['tutorial']) retrieved from /home/airflow/.local/lib/python3.8/site-packages/airflow/example_dags/tutorial.py
[2023-10-10T09:05:40.769+0000] {logging_mixin.py:151} INFO - [2023-10-10T09:05:40.769+0000] {dag.py:2915} INFO - Sync 1 DAGs
[2023-10-10T09:05:40.784+0000] {logging_mixin.py:151} INFO - [2023-10-10T09:05:40.783+0000] {dag.py:3696} INFO - Setting next_dagrun for tutorial to 2023-10-09T09:05:40.783782+00:00, run_after=2023-10-10T09:05:40.783782+00:00
[2023-10-10T09:05:40.793+0000] {processor.py:179} INFO - Processing /home/airflow/.local/lib/python3.8/site-packages/airflow/example_dags/tutorial.py took 0.051 seconds
[2023-10-10T09:06:11.396+0000] {processor.py:157} INFO - Started process (PID=1980) to work on /home/airflow/.local/lib/python3.8/site-packages/airflow/example_dags/tutorial.py
[2023-10-10T09:06:11.397+0000] {processor.py:829} INFO - Processing file /home/airflow/.local/lib/python3.8/site-packages/airflow/example_dags/tutorial.py for tasks to queue
[2023-10-10T09:06:11.399+0000] {logging_mixin.py:151} INFO - [2023-10-10T09:06:11.398+0000] {dagbag.py:539} INFO - Filling up the DagBag from /home/airflow/.local/lib/python3.8/site-packages/airflow/example_dags/tutorial.py
[2023-10-10T09:06:11.403+0000] {processor.py:839} INFO - DAG(s) dict_keys(['tutorial']) retrieved from /home/airflow/.local/lib/python3.8/site-packages/airflow/example_dags/tutorial.py
[2023-10-10T09:06:11.419+0000] {logging_mixin.py:151} INFO - [2023-10-10T09:06:11.418+0000] {dag.py:2915} INFO - Sync 1 DAGs
[2023-10-10T09:06:11.434+0000] {logging_mixin.py:151} INFO - [2023-10-10T09:06:11.434+0000] {dag.py:3696} INFO - Setting next_dagrun for tutorial to 2023-10-09T09:06:11.434335+00:00, run_after=2023-10-10T09:06:11.434335+00:00
[2023-10-10T09:06:11.445+0000] {processor.py:179} INFO - Processing /home/airflow/.local/lib/python3.8/site-packages/airflow/example_dags/tutorial.py took 0.052 seconds
[2023-10-10T09:06:41.839+0000] {processor.py:157} INFO - Started process (PID=2041) to work on /home/airflow/.local/lib/python3.8/site-packages/airflow/example_dags/tutorial.py
[2023-10-10T09:06:41.840+0000] {processor.py:829} INFO - Processing file /home/airflow/.local/lib/python3.8/site-packages/airflow/example_dags/tutorial.py for tasks to queue
[2023-10-10T09:06:41.842+0000] {logging_mixin.py:151} INFO - [2023-10-10T09:06:41.841+0000] {dagbag.py:539} INFO - Filling up the DagBag from /home/airflow/.local/lib/python3.8/site-packages/airflow/example_dags/tutorial.py
[2023-10-10T09:06:41.845+0000] {processor.py:839} INFO - DAG(s) dict_keys(['tutorial']) retrieved from /home/airflow/.local/lib/python3.8/site-packages/airflow/example_dags/tutorial.py
[2023-10-10T09:06:41.861+0000] {logging_mixin.py:151} INFO - [2023-10-10T09:06:41.861+0000] {dag.py:2915} INFO - Sync 1 DAGs
[2023-10-10T09:06:41.874+0000] {logging_mixin.py:151} INFO - [2023-10-10T09:06:41.874+0000] {dag.py:3696} INFO - Setting next_dagrun for tutorial to 2023-10-09T09:06:41.874345+00:00, run_after=2023-10-10T09:06:41.874345+00:00
[2023-10-10T09:06:41.884+0000] {processor.py:179} INFO - Processing /home/airflow/.local/lib/python3.8/site-packages/airflow/example_dags/tutorial.py took 0.048 seconds
[2023-10-10T09:07:12.321+0000] {processor.py:157} INFO - Started process (PID=2102) to work on /home/airflow/.local/lib/python3.8/site-packages/airflow/example_dags/tutorial.py
[2023-10-10T09:07:12.322+0000] {processor.py:829} INFO - Processing file /home/airflow/.local/lib/python3.8/site-packages/airflow/example_dags/tutorial.py for tasks to queue
[2023-10-10T09:07:12.324+0000] {logging_mixin.py:151} INFO - [2023-10-10T09:07:12.324+0000] {dagbag.py:539} INFO - Filling up the DagBag from /home/airflow/.local/lib/python3.8/site-packages/airflow/example_dags/tutorial.py
[2023-10-10T09:07:12.328+0000] {processor.py:839} INFO - DAG(s) dict_keys(['tutorial']) retrieved from /home/airflow/.local/lib/python3.8/site-packages/airflow/example_dags/tutorial.py
[2023-10-10T09:07:12.343+0000] {logging_mixin.py:151} INFO - [2023-10-10T09:07:12.343+0000] {dag.py:2915} INFO - Sync 1 DAGs
[2023-10-10T09:07:12.361+0000] {logging_mixin.py:151} INFO - [2023-10-10T09:07:12.361+0000] {dag.py:3696} INFO - Setting next_dagrun for tutorial to 2023-10-09T09:07:12.361698+00:00, run_after=2023-10-10T09:07:12.361698+00:00
[2023-10-10T09:07:12.372+0000] {processor.py:179} INFO - Processing /home/airflow/.local/lib/python3.8/site-packages/airflow/example_dags/tutorial.py took 0.054 seconds
[2023-10-10T09:07:43.337+0000] {processor.py:157} INFO - Started process (PID=2170) to work on /home/airflow/.local/lib/python3.8/site-packages/airflow/example_dags/tutorial.py
[2023-10-10T09:07:43.339+0000] {processor.py:829} INFO - Processing file /home/airflow/.local/lib/python3.8/site-packages/airflow/example_dags/tutorial.py for tasks to queue
[2023-10-10T09:07:43.349+0000] {logging_mixin.py:151} INFO - [2023-10-10T09:07:43.348+0000] {dagbag.py:539} INFO - Filling up the DagBag from /home/airflow/.local/lib/python3.8/site-packages/airflow/example_dags/tutorial.py
[2023-10-10T09:07:43.356+0000] {processor.py:839} INFO - DAG(s) dict_keys(['tutorial']) retrieved from /home/airflow/.local/lib/python3.8/site-packages/airflow/example_dags/tutorial.py
[2023-10-10T09:07:43.391+0000] {logging_mixin.py:151} INFO - [2023-10-10T09:07:43.390+0000] {dag.py:2915} INFO - Sync 1 DAGs
[2023-10-10T09:07:43.432+0000] {logging_mixin.py:151} INFO - [2023-10-10T09:07:43.431+0000] {dag.py:3696} INFO - Setting next_dagrun for tutorial to 2023-10-09T09:07:43.431521+00:00, run_after=2023-10-10T09:07:43.431521+00:00
[2023-10-10T09:07:43.452+0000] {processor.py:179} INFO - Processing /home/airflow/.local/lib/python3.8/site-packages/airflow/example_dags/tutorial.py took 0.118 seconds
[2023-10-10T09:08:14.155+0000] {processor.py:157} INFO - Started process (PID=2231) to work on /home/airflow/.local/lib/python3.8/site-packages/airflow/example_dags/tutorial.py
[2023-10-10T09:08:14.156+0000] {processor.py:829} INFO - Processing file /home/airflow/.local/lib/python3.8/site-packages/airflow/example_dags/tutorial.py for tasks to queue
[2023-10-10T09:08:14.157+0000] {logging_mixin.py:151} INFO - [2023-10-10T09:08:14.157+0000] {dagbag.py:539} INFO - Filling up the DagBag from /home/airflow/.local/lib/python3.8/site-packages/airflow/example_dags/tutorial.py
[2023-10-10T09:08:14.161+0000] {processor.py:839} INFO - DAG(s) dict_keys(['tutorial']) retrieved from /home/airflow/.local/lib/python3.8/site-packages/airflow/example_dags/tutorial.py
[2023-10-10T09:08:14.177+0000] {logging_mixin.py:151} INFO - [2023-10-10T09:08:14.177+0000] {dag.py:2915} INFO - Sync 1 DAGs
[2023-10-10T09:08:14.192+0000] {logging_mixin.py:151} INFO - [2023-10-10T09:08:14.191+0000] {dag.py:3696} INFO - Setting next_dagrun for tutorial to 2023-10-09T09:08:14.191769+00:00, run_after=2023-10-10T09:08:14.191769+00:00
[2023-10-10T09:08:14.202+0000] {processor.py:179} INFO - Processing /home/airflow/.local/lib/python3.8/site-packages/airflow/example_dags/tutorial.py took 0.050 seconds
[2023-10-10T09:08:44.689+0000] {processor.py:157} INFO - Started process (PID=2292) to work on /home/airflow/.local/lib/python3.8/site-packages/airflow/example_dags/tutorial.py
[2023-10-10T09:08:44.690+0000] {processor.py:829} INFO - Processing file /home/airflow/.local/lib/python3.8/site-packages/airflow/example_dags/tutorial.py for tasks to queue
[2023-10-10T09:08:44.691+0000] {logging_mixin.py:151} INFO - [2023-10-10T09:08:44.691+0000] {dagbag.py:539} INFO - Filling up the DagBag from /home/airflow/.local/lib/python3.8/site-packages/airflow/example_dags/tutorial.py
[2023-10-10T09:08:44.695+0000] {processor.py:839} INFO - DAG(s) dict_keys(['tutorial']) retrieved from /home/airflow/.local/lib/python3.8/site-packages/airflow/example_dags/tutorial.py
[2023-10-10T09:08:44.711+0000] {logging_mixin.py:151} INFO - [2023-10-10T09:08:44.711+0000] {dag.py:2915} INFO - Sync 1 DAGs
[2023-10-10T09:08:44.727+0000] {logging_mixin.py:151} INFO - [2023-10-10T09:08:44.727+0000] {dag.py:3696} INFO - Setting next_dagrun for tutorial to 2023-10-09T09:08:44.727686+00:00, run_after=2023-10-10T09:08:44.727686+00:00
[2023-10-10T09:08:44.741+0000] {processor.py:179} INFO - Processing /home/airflow/.local/lib/python3.8/site-packages/airflow/example_dags/tutorial.py took 0.055 seconds
[2023-10-10T09:09:15.206+0000] {processor.py:157} INFO - Started process (PID=2353) to work on /home/airflow/.local/lib/python3.8/site-packages/airflow/example_dags/tutorial.py
[2023-10-10T09:09:15.207+0000] {processor.py:829} INFO - Processing file /home/airflow/.local/lib/python3.8/site-packages/airflow/example_dags/tutorial.py for tasks to queue
[2023-10-10T09:09:15.209+0000] {logging_mixin.py:151} INFO - [2023-10-10T09:09:15.209+0000] {dagbag.py:539} INFO - Filling up the DagBag from /home/airflow/.local/lib/python3.8/site-packages/airflow/example_dags/tutorial.py
[2023-10-10T09:09:15.213+0000] {processor.py:839} INFO - DAG(s) dict_keys(['tutorial']) retrieved from /home/airflow/.local/lib/python3.8/site-packages/airflow/example_dags/tutorial.py
[2023-10-10T09:09:15.231+0000] {logging_mixin.py:151} INFO - [2023-10-10T09:09:15.231+0000] {dag.py:2915} INFO - Sync 1 DAGs
[2023-10-10T09:09:15.248+0000] {logging_mixin.py:151} INFO - [2023-10-10T09:09:15.248+0000] {dag.py:3696} INFO - Setting next_dagrun for tutorial to 2023-10-09T09:09:15.248201+00:00, run_after=2023-10-10T09:09:15.248201+00:00
[2023-10-10T09:09:15.262+0000] {processor.py:179} INFO - Processing /home/airflow/.local/lib/python3.8/site-packages/airflow/example_dags/tutorial.py took 0.057 seconds
[2023-10-10T09:09:45.971+0000] {processor.py:157} INFO - Started process (PID=2414) to work on /home/airflow/.local/lib/python3.8/site-packages/airflow/example_dags/tutorial.py
[2023-10-10T09:09:45.972+0000] {processor.py:829} INFO - Processing file /home/airflow/.local/lib/python3.8/site-packages/airflow/example_dags/tutorial.py for tasks to queue
[2023-10-10T09:09:45.973+0000] {logging_mixin.py:151} INFO - [2023-10-10T09:09:45.973+0000] {dagbag.py:539} INFO - Filling up the DagBag from /home/airflow/.local/lib/python3.8/site-packages/airflow/example_dags/tutorial.py
[2023-10-10T09:09:45.978+0000] {processor.py:839} INFO - DAG(s) dict_keys(['tutorial']) retrieved from /home/airflow/.local/lib/python3.8/site-packages/airflow/example_dags/tutorial.py
[2023-10-10T09:09:45.994+0000] {logging_mixin.py:151} INFO - [2023-10-10T09:09:45.994+0000] {dag.py:2915} INFO - Sync 1 DAGs
[2023-10-10T09:09:46.009+0000] {logging_mixin.py:151} INFO - [2023-10-10T09:09:46.009+0000] {dag.py:3696} INFO - Setting next_dagrun for tutorial to 2023-10-09T09:09:46.009288+00:00, run_after=2023-10-10T09:09:46.009288+00:00
[2023-10-10T09:09:46.023+0000] {processor.py:179} INFO - Processing /home/airflow/.local/lib/python3.8/site-packages/airflow/example_dags/tutorial.py took 0.055 seconds
[2023-10-10T09:10:16.337+0000] {processor.py:157} INFO - Started process (PID=2475) to work on /home/airflow/.local/lib/python3.8/site-packages/airflow/example_dags/tutorial.py
[2023-10-10T09:10:16.338+0000] {processor.py:829} INFO - Processing file /home/airflow/.local/lib/python3.8/site-packages/airflow/example_dags/tutorial.py for tasks to queue
[2023-10-10T09:10:16.340+0000] {logging_mixin.py:151} INFO - [2023-10-10T09:10:16.340+0000] {dagbag.py:539} INFO - Filling up the DagBag from /home/airflow/.local/lib/python3.8/site-packages/airflow/example_dags/tutorial.py
[2023-10-10T09:10:16.345+0000] {processor.py:839} INFO - DAG(s) dict_keys(['tutorial']) retrieved from /home/airflow/.local/lib/python3.8/site-packages/airflow/example_dags/tutorial.py
[2023-10-10T09:10:16.375+0000] {logging_mixin.py:151} INFO - [2023-10-10T09:10:16.375+0000] {dag.py:2915} INFO - Sync 1 DAGs
[2023-10-10T09:10:16.396+0000] {logging_mixin.py:151} INFO - [2023-10-10T09:10:16.396+0000] {dag.py:3696} INFO - Setting next_dagrun for tutorial to 2023-10-09T09:10:16.396046+00:00, run_after=2023-10-10T09:10:16.396046+00:00
[2023-10-10T09:10:16.421+0000] {processor.py:179} INFO - Processing /home/airflow/.local/lib/python3.8/site-packages/airflow/example_dags/tutorial.py took 0.086 seconds
[2023-10-10T09:10:47.223+0000] {processor.py:157} INFO - Started process (PID=2536) to work on /home/airflow/.local/lib/python3.8/site-packages/airflow/example_dags/tutorial.py
[2023-10-10T09:10:47.225+0000] {processor.py:829} INFO - Processing file /home/airflow/.local/lib/python3.8/site-packages/airflow/example_dags/tutorial.py for tasks to queue
[2023-10-10T09:10:47.228+0000] {logging_mixin.py:151} INFO - [2023-10-10T09:10:47.227+0000] {dagbag.py:539} INFO - Filling up the DagBag from /home/airflow/.local/lib/python3.8/site-packages/airflow/example_dags/tutorial.py
[2023-10-10T09:10:47.234+0000] {processor.py:839} INFO - DAG(s) dict_keys(['tutorial']) retrieved from /home/airflow/.local/lib/python3.8/site-packages/airflow/example_dags/tutorial.py
[2023-10-10T09:10:47.260+0000] {logging_mixin.py:151} INFO - [2023-10-10T09:10:47.260+0000] {dag.py:2915} INFO - Sync 1 DAGs
[2023-10-10T09:10:47.280+0000] {logging_mixin.py:151} INFO - [2023-10-10T09:10:47.280+0000] {dag.py:3696} INFO - Setting next_dagrun for tutorial to 2023-10-09T09:10:47.280305+00:00, run_after=2023-10-10T09:10:47.280305+00:00
[2023-10-10T09:10:47.296+0000] {processor.py:179} INFO - Processing /home/airflow/.local/lib/python3.8/site-packages/airflow/example_dags/tutorial.py took 0.080 seconds
[2023-10-10T09:11:17.893+0000] {processor.py:157} INFO - Started process (PID=2596) to work on /home/airflow/.local/lib/python3.8/site-packages/airflow/example_dags/tutorial.py
[2023-10-10T09:11:17.895+0000] {processor.py:829} INFO - Processing file /home/airflow/.local/lib/python3.8/site-packages/airflow/example_dags/tutorial.py for tasks to queue
[2023-10-10T09:11:17.901+0000] {logging_mixin.py:151} INFO - [2023-10-10T09:11:17.901+0000] {dagbag.py:539} INFO - Filling up the DagBag from /home/airflow/.local/lib/python3.8/site-packages/airflow/example_dags/tutorial.py
[2023-10-10T09:11:17.912+0000] {processor.py:839} INFO - DAG(s) dict_keys(['tutorial']) retrieved from /home/airflow/.local/lib/python3.8/site-packages/airflow/example_dags/tutorial.py
[2023-10-10T09:11:17.938+0000] {logging_mixin.py:151} INFO - [2023-10-10T09:11:17.938+0000] {dag.py:2915} INFO - Sync 1 DAGs
[2023-10-10T09:11:17.957+0000] {logging_mixin.py:151} INFO - [2023-10-10T09:11:17.957+0000] {dag.py:3696} INFO - Setting next_dagrun for tutorial to 2023-10-09T09:11:17.957218+00:00, run_after=2023-10-10T09:11:17.957218+00:00
[2023-10-10T09:11:17.969+0000] {processor.py:179} INFO - Processing /home/airflow/.local/lib/python3.8/site-packages/airflow/example_dags/tutorial.py took 0.095 seconds
[2023-10-10T09:11:48.286+0000] {processor.py:157} INFO - Started process (PID=2657) to work on /home/airflow/.local/lib/python3.8/site-packages/airflow/example_dags/tutorial.py
[2023-10-10T09:11:48.289+0000] {processor.py:829} INFO - Processing file /home/airflow/.local/lib/python3.8/site-packages/airflow/example_dags/tutorial.py for tasks to queue
[2023-10-10T09:11:48.292+0000] {logging_mixin.py:151} INFO - [2023-10-10T09:11:48.291+0000] {dagbag.py:539} INFO - Filling up the DagBag from /home/airflow/.local/lib/python3.8/site-packages/airflow/example_dags/tutorial.py
[2023-10-10T09:11:48.307+0000] {processor.py:839} INFO - DAG(s) dict_keys(['tutorial']) retrieved from /home/airflow/.local/lib/python3.8/site-packages/airflow/example_dags/tutorial.py
[2023-10-10T09:11:48.347+0000] {logging_mixin.py:151} INFO - [2023-10-10T09:11:48.347+0000] {dag.py:2915} INFO - Sync 1 DAGs
[2023-10-10T09:11:48.382+0000] {logging_mixin.py:151} INFO - [2023-10-10T09:11:48.382+0000] {dag.py:3696} INFO - Setting next_dagrun for tutorial to 2023-10-09T09:11:48.381728+00:00, run_after=2023-10-10T09:11:48.381728+00:00
[2023-10-10T09:11:48.401+0000] {processor.py:179} INFO - Processing /home/airflow/.local/lib/python3.8/site-packages/airflow/example_dags/tutorial.py took 0.122 seconds
[2023-10-10T09:12:19.164+0000] {processor.py:157} INFO - Started process (PID=2718) to work on /home/airflow/.local/lib/python3.8/site-packages/airflow/example_dags/tutorial.py
[2023-10-10T09:12:19.185+0000] {processor.py:829} INFO - Processing file /home/airflow/.local/lib/python3.8/site-packages/airflow/example_dags/tutorial.py for tasks to queue
[2023-10-10T09:12:19.188+0000] {logging_mixin.py:151} INFO - [2023-10-10T09:12:19.187+0000] {dagbag.py:539} INFO - Filling up the DagBag from /home/airflow/.local/lib/python3.8/site-packages/airflow/example_dags/tutorial.py
[2023-10-10T09:12:19.198+0000] {processor.py:839} INFO - DAG(s) dict_keys(['tutorial']) retrieved from /home/airflow/.local/lib/python3.8/site-packages/airflow/example_dags/tutorial.py
[2023-10-10T09:12:19.223+0000] {logging_mixin.py:151} INFO - [2023-10-10T09:12:19.222+0000] {dag.py:2915} INFO - Sync 1 DAGs
[2023-10-10T09:12:19.243+0000] {logging_mixin.py:151} INFO - [2023-10-10T09:12:19.243+0000] {dag.py:3696} INFO - Setting next_dagrun for tutorial to 2023-10-09T09:12:19.242647+00:00, run_after=2023-10-10T09:12:19.242647+00:00
[2023-10-10T09:12:19.263+0000] {processor.py:179} INFO - Processing /home/airflow/.local/lib/python3.8/site-packages/airflow/example_dags/tutorial.py took 0.105 seconds
[2023-10-10T09:12:49.651+0000] {processor.py:157} INFO - Started process (PID=2779) to work on /home/airflow/.local/lib/python3.8/site-packages/airflow/example_dags/tutorial.py
[2023-10-10T09:12:49.654+0000] {processor.py:829} INFO - Processing file /home/airflow/.local/lib/python3.8/site-packages/airflow/example_dags/tutorial.py for tasks to queue
[2023-10-10T09:12:49.661+0000] {logging_mixin.py:151} INFO - [2023-10-10T09:12:49.661+0000] {dagbag.py:539} INFO - Filling up the DagBag from /home/airflow/.local/lib/python3.8/site-packages/airflow/example_dags/tutorial.py
[2023-10-10T09:12:49.673+0000] {processor.py:839} INFO - DAG(s) dict_keys(['tutorial']) retrieved from /home/airflow/.local/lib/python3.8/site-packages/airflow/example_dags/tutorial.py
[2023-10-10T09:12:49.702+0000] {logging_mixin.py:151} INFO - [2023-10-10T09:12:49.701+0000] {dag.py:2915} INFO - Sync 1 DAGs
[2023-10-10T09:12:49.719+0000] {logging_mixin.py:151} INFO - [2023-10-10T09:12:49.719+0000] {dag.py:3696} INFO - Setting next_dagrun for tutorial to 2023-10-09T09:12:49.719340+00:00, run_after=2023-10-10T09:12:49.719340+00:00
[2023-10-10T09:12:49.731+0000] {processor.py:179} INFO - Processing /home/airflow/.local/lib/python3.8/site-packages/airflow/example_dags/tutorial.py took 0.093 seconds
[2023-10-10T09:13:20.583+0000] {processor.py:157} INFO - Started process (PID=2840) to work on /home/airflow/.local/lib/python3.8/site-packages/airflow/example_dags/tutorial.py
[2023-10-10T09:13:20.585+0000] {processor.py:829} INFO - Processing file /home/airflow/.local/lib/python3.8/site-packages/airflow/example_dags/tutorial.py for tasks to queue
[2023-10-10T09:13:20.591+0000] {logging_mixin.py:151} INFO - [2023-10-10T09:13:20.590+0000] {dagbag.py:539} INFO - Filling up the DagBag from /home/airflow/.local/lib/python3.8/site-packages/airflow/example_dags/tutorial.py
[2023-10-10T09:13:20.598+0000] {processor.py:839} INFO - DAG(s) dict_keys(['tutorial']) retrieved from /home/airflow/.local/lib/python3.8/site-packages/airflow/example_dags/tutorial.py
[2023-10-10T09:13:20.622+0000] {logging_mixin.py:151} INFO - [2023-10-10T09:13:20.622+0000] {dag.py:2915} INFO - Sync 1 DAGs
[2023-10-10T09:13:20.640+0000] {logging_mixin.py:151} INFO - [2023-10-10T09:13:20.640+0000] {dag.py:3696} INFO - Setting next_dagrun for tutorial to 2023-10-09T09:13:20.639794+00:00, run_after=2023-10-10T09:13:20.639794+00:00
[2023-10-10T09:13:20.651+0000] {processor.py:179} INFO - Processing /home/airflow/.local/lib/python3.8/site-packages/airflow/example_dags/tutorial.py took 0.073 seconds
[2023-10-10T09:13:51.069+0000] {processor.py:157} INFO - Started process (PID=2901) to work on /home/airflow/.local/lib/python3.8/site-packages/airflow/example_dags/tutorial.py
[2023-10-10T09:13:51.071+0000] {processor.py:829} INFO - Processing file /home/airflow/.local/lib/python3.8/site-packages/airflow/example_dags/tutorial.py for tasks to queue
[2023-10-10T09:13:51.074+0000] {logging_mixin.py:151} INFO - [2023-10-10T09:13:51.073+0000] {dagbag.py:539} INFO - Filling up the DagBag from /home/airflow/.local/lib/python3.8/site-packages/airflow/example_dags/tutorial.py
[2023-10-10T09:13:51.081+0000] {processor.py:839} INFO - DAG(s) dict_keys(['tutorial']) retrieved from /home/airflow/.local/lib/python3.8/site-packages/airflow/example_dags/tutorial.py
[2023-10-10T09:13:51.111+0000] {logging_mixin.py:151} INFO - [2023-10-10T09:13:51.110+0000] {dag.py:2915} INFO - Sync 1 DAGs
[2023-10-10T09:13:51.127+0000] {logging_mixin.py:151} INFO - [2023-10-10T09:13:51.127+0000] {dag.py:3696} INFO - Setting next_dagrun for tutorial to 2023-10-09T09:13:51.127066+00:00, run_after=2023-10-10T09:13:51.127066+00:00
[2023-10-10T09:13:51.139+0000] {processor.py:179} INFO - Processing /home/airflow/.local/lib/python3.8/site-packages/airflow/example_dags/tutorial.py took 0.076 seconds
[2023-10-10T09:14:21.821+0000] {processor.py:157} INFO - Started process (PID=2962) to work on /home/airflow/.local/lib/python3.8/site-packages/airflow/example_dags/tutorial.py
[2023-10-10T09:14:21.828+0000] {processor.py:829} INFO - Processing file /home/airflow/.local/lib/python3.8/site-packages/airflow/example_dags/tutorial.py for tasks to queue
[2023-10-10T09:14:21.838+0000] {logging_mixin.py:151} INFO - [2023-10-10T09:14:21.837+0000] {dagbag.py:539} INFO - Filling up the DagBag from /home/airflow/.local/lib/python3.8/site-packages/airflow/example_dags/tutorial.py
[2023-10-10T09:14:21.852+0000] {processor.py:839} INFO - DAG(s) dict_keys(['tutorial']) retrieved from /home/airflow/.local/lib/python3.8/site-packages/airflow/example_dags/tutorial.py
[2023-10-10T09:14:21.897+0000] {logging_mixin.py:151} INFO - [2023-10-10T09:14:21.897+0000] {dag.py:2915} INFO - Sync 1 DAGs
[2023-10-10T09:14:21.924+0000] {logging_mixin.py:151} INFO - [2023-10-10T09:14:21.924+0000] {dag.py:3696} INFO - Setting next_dagrun for tutorial to 2023-10-09T09:14:21.924058+00:00, run_after=2023-10-10T09:14:21.924058+00:00
[2023-10-10T09:14:21.945+0000] {processor.py:179} INFO - Processing /home/airflow/.local/lib/python3.8/site-packages/airflow/example_dags/tutorial.py took 0.141 seconds
[2023-10-10T09:14:52.360+0000] {processor.py:157} INFO - Started process (PID=3023) to work on /home/airflow/.local/lib/python3.8/site-packages/airflow/example_dags/tutorial.py
[2023-10-10T09:14:52.363+0000] {processor.py:829} INFO - Processing file /home/airflow/.local/lib/python3.8/site-packages/airflow/example_dags/tutorial.py for tasks to queue
[2023-10-10T09:14:52.368+0000] {logging_mixin.py:151} INFO - [2023-10-10T09:14:52.368+0000] {dagbag.py:539} INFO - Filling up the DagBag from /home/airflow/.local/lib/python3.8/site-packages/airflow/example_dags/tutorial.py
[2023-10-10T09:14:52.376+0000] {processor.py:839} INFO - DAG(s) dict_keys(['tutorial']) retrieved from /home/airflow/.local/lib/python3.8/site-packages/airflow/example_dags/tutorial.py
[2023-10-10T09:14:52.412+0000] {logging_mixin.py:151} INFO - [2023-10-10T09:14:52.412+0000] {dag.py:2915} INFO - Sync 1 DAGs
[2023-10-10T09:14:52.433+0000] {logging_mixin.py:151} INFO - [2023-10-10T09:14:52.432+0000] {dag.py:3696} INFO - Setting next_dagrun for tutorial to 2023-10-09T09:14:52.432698+00:00, run_after=2023-10-10T09:14:52.432698+00:00
[2023-10-10T09:14:52.451+0000] {processor.py:179} INFO - Processing /home/airflow/.local/lib/python3.8/site-packages/airflow/example_dags/tutorial.py took 0.099 seconds
[2023-10-10T09:15:22.722+0000] {processor.py:157} INFO - Started process (PID=3084) to work on /home/airflow/.local/lib/python3.8/site-packages/airflow/example_dags/tutorial.py
[2023-10-10T09:15:22.724+0000] {processor.py:829} INFO - Processing file /home/airflow/.local/lib/python3.8/site-packages/airflow/example_dags/tutorial.py for tasks to queue
[2023-10-10T09:15:22.727+0000] {logging_mixin.py:151} INFO - [2023-10-10T09:15:22.726+0000] {dagbag.py:539} INFO - Filling up the DagBag from /home/airflow/.local/lib/python3.8/site-packages/airflow/example_dags/tutorial.py
[2023-10-10T09:15:22.733+0000] {processor.py:839} INFO - DAG(s) dict_keys(['tutorial']) retrieved from /home/airflow/.local/lib/python3.8/site-packages/airflow/example_dags/tutorial.py
[2023-10-10T09:15:22.762+0000] {logging_mixin.py:151} INFO - [2023-10-10T09:15:22.762+0000] {dag.py:2915} INFO - Sync 1 DAGs
[2023-10-10T09:15:22.778+0000] {logging_mixin.py:151} INFO - [2023-10-10T09:15:22.778+0000] {dag.py:3696} INFO - Setting next_dagrun for tutorial to 2023-10-09T09:15:22.778609+00:00, run_after=2023-10-10T09:15:22.778609+00:00
[2023-10-10T09:15:22.789+0000] {processor.py:179} INFO - Processing /home/airflow/.local/lib/python3.8/site-packages/airflow/example_dags/tutorial.py took 0.073 seconds
[2023-10-10T09:15:53.112+0000] {processor.py:157} INFO - Started process (PID=3145) to work on /home/airflow/.local/lib/python3.8/site-packages/airflow/example_dags/tutorial.py
[2023-10-10T09:15:53.116+0000] {processor.py:829} INFO - Processing file /home/airflow/.local/lib/python3.8/site-packages/airflow/example_dags/tutorial.py for tasks to queue
[2023-10-10T09:15:53.123+0000] {logging_mixin.py:151} INFO - [2023-10-10T09:15:53.123+0000] {dagbag.py:539} INFO - Filling up the DagBag from /home/airflow/.local/lib/python3.8/site-packages/airflow/example_dags/tutorial.py
[2023-10-10T09:15:53.132+0000] {processor.py:839} INFO - DAG(s) dict_keys(['tutorial']) retrieved from /home/airflow/.local/lib/python3.8/site-packages/airflow/example_dags/tutorial.py
[2023-10-10T09:15:53.163+0000] {logging_mixin.py:151} INFO - [2023-10-10T09:15:53.163+0000] {dag.py:2915} INFO - Sync 1 DAGs
[2023-10-10T09:15:53.184+0000] {logging_mixin.py:151} INFO - [2023-10-10T09:15:53.184+0000] {dag.py:3696} INFO - Setting next_dagrun for tutorial to 2023-10-09T09:15:53.183879+00:00, run_after=2023-10-10T09:15:53.183879+00:00
[2023-10-10T09:15:53.196+0000] {processor.py:179} INFO - Processing /home/airflow/.local/lib/python3.8/site-packages/airflow/example_dags/tutorial.py took 0.090 seconds
[2023-10-10T09:16:23.878+0000] {processor.py:157} INFO - Started process (PID=3206) to work on /home/airflow/.local/lib/python3.8/site-packages/airflow/example_dags/tutorial.py
[2023-10-10T09:16:23.880+0000] {processor.py:829} INFO - Processing file /home/airflow/.local/lib/python3.8/site-packages/airflow/example_dags/tutorial.py for tasks to queue
[2023-10-10T09:16:23.883+0000] {logging_mixin.py:151} INFO - [2023-10-10T09:16:23.883+0000] {dagbag.py:539} INFO - Filling up the DagBag from /home/airflow/.local/lib/python3.8/site-packages/airflow/example_dags/tutorial.py
[2023-10-10T09:16:23.889+0000] {processor.py:839} INFO - DAG(s) dict_keys(['tutorial']) retrieved from /home/airflow/.local/lib/python3.8/site-packages/airflow/example_dags/tutorial.py
[2023-10-10T09:16:23.912+0000] {logging_mixin.py:151} INFO - [2023-10-10T09:16:23.912+0000] {dag.py:2915} INFO - Sync 1 DAGs
[2023-10-10T09:16:23.929+0000] {logging_mixin.py:151} INFO - [2023-10-10T09:16:23.929+0000] {dag.py:3696} INFO - Setting next_dagrun for tutorial to 2023-10-09T09:16:23.929407+00:00, run_after=2023-10-10T09:16:23.929407+00:00
[2023-10-10T09:16:23.941+0000] {processor.py:179} INFO - Processing /home/airflow/.local/lib/python3.8/site-packages/airflow/example_dags/tutorial.py took 0.069 seconds
[2023-10-10T09:16:54.311+0000] {processor.py:157} INFO - Started process (PID=3267) to work on /home/airflow/.local/lib/python3.8/site-packages/airflow/example_dags/tutorial.py
[2023-10-10T09:16:54.314+0000] {processor.py:829} INFO - Processing file /home/airflow/.local/lib/python3.8/site-packages/airflow/example_dags/tutorial.py for tasks to queue
[2023-10-10T09:16:54.318+0000] {logging_mixin.py:151} INFO - [2023-10-10T09:16:54.317+0000] {dagbag.py:539} INFO - Filling up the DagBag from /home/airflow/.local/lib/python3.8/site-packages/airflow/example_dags/tutorial.py
[2023-10-10T09:16:54.326+0000] {processor.py:839} INFO - DAG(s) dict_keys(['tutorial']) retrieved from /home/airflow/.local/lib/python3.8/site-packages/airflow/example_dags/tutorial.py
[2023-10-10T09:16:54.353+0000] {logging_mixin.py:151} INFO - [2023-10-10T09:16:54.353+0000] {dag.py:2915} INFO - Sync 1 DAGs
[2023-10-10T09:16:54.378+0000] {logging_mixin.py:151} INFO - [2023-10-10T09:16:54.378+0000] {dag.py:3696} INFO - Setting next_dagrun for tutorial to 2023-10-09T09:16:54.377953+00:00, run_after=2023-10-10T09:16:54.377953+00:00
[2023-10-10T09:16:54.391+0000] {processor.py:179} INFO - Processing /home/airflow/.local/lib/python3.8/site-packages/airflow/example_dags/tutorial.py took 0.086 seconds
[2023-10-10T09:17:24.443+0000] {processor.py:157} INFO - Started process (PID=3327) to work on /home/airflow/.local/lib/python3.8/site-packages/airflow/example_dags/tutorial.py
[2023-10-10T09:17:24.445+0000] {processor.py:829} INFO - Processing file /home/airflow/.local/lib/python3.8/site-packages/airflow/example_dags/tutorial.py for tasks to queue
[2023-10-10T09:17:24.448+0000] {logging_mixin.py:151} INFO - [2023-10-10T09:17:24.447+0000] {dagbag.py:539} INFO - Filling up the DagBag from /home/airflow/.local/lib/python3.8/site-packages/airflow/example_dags/tutorial.py
[2023-10-10T09:17:24.454+0000] {processor.py:839} INFO - DAG(s) dict_keys(['tutorial']) retrieved from /home/airflow/.local/lib/python3.8/site-packages/airflow/example_dags/tutorial.py
[2023-10-10T09:17:24.477+0000] {logging_mixin.py:151} INFO - [2023-10-10T09:17:24.477+0000] {dag.py:2915} INFO - Sync 1 DAGs
[2023-10-10T09:17:24.491+0000] {logging_mixin.py:151} INFO - [2023-10-10T09:17:24.491+0000] {dag.py:3696} INFO - Setting next_dagrun for tutorial to 2023-10-09T09:17:24.491309+00:00, run_after=2023-10-10T09:17:24.491309+00:00
[2023-10-10T09:17:24.501+0000] {processor.py:179} INFO - Processing /home/airflow/.local/lib/python3.8/site-packages/airflow/example_dags/tutorial.py took 0.064 seconds
[2023-10-10T09:17:54.667+0000] {processor.py:157} INFO - Started process (PID=3388) to work on /home/airflow/.local/lib/python3.8/site-packages/airflow/example_dags/tutorial.py
[2023-10-10T09:17:54.670+0000] {processor.py:829} INFO - Processing file /home/airflow/.local/lib/python3.8/site-packages/airflow/example_dags/tutorial.py for tasks to queue
[2023-10-10T09:17:54.675+0000] {logging_mixin.py:151} INFO - [2023-10-10T09:17:54.675+0000] {dagbag.py:539} INFO - Filling up the DagBag from /home/airflow/.local/lib/python3.8/site-packages/airflow/example_dags/tutorial.py
[2023-10-10T09:17:54.687+0000] {processor.py:839} INFO - DAG(s) dict_keys(['tutorial']) retrieved from /home/airflow/.local/lib/python3.8/site-packages/airflow/example_dags/tutorial.py
[2023-10-10T09:17:54.711+0000] {logging_mixin.py:151} INFO - [2023-10-10T09:17:54.711+0000] {dag.py:2915} INFO - Sync 1 DAGs
[2023-10-10T09:17:54.725+0000] {logging_mixin.py:151} INFO - [2023-10-10T09:17:54.725+0000] {dag.py:3696} INFO - Setting next_dagrun for tutorial to 2023-10-09T09:17:54.725383+00:00, run_after=2023-10-10T09:17:54.725383+00:00
[2023-10-10T09:17:54.736+0000] {processor.py:179} INFO - Processing /home/airflow/.local/lib/python3.8/site-packages/airflow/example_dags/tutorial.py took 0.077 seconds
[2023-10-10T09:18:24.921+0000] {processor.py:157} INFO - Started process (PID=3449) to work on /home/airflow/.local/lib/python3.8/site-packages/airflow/example_dags/tutorial.py
[2023-10-10T09:18:24.925+0000] {processor.py:829} INFO - Processing file /home/airflow/.local/lib/python3.8/site-packages/airflow/example_dags/tutorial.py for tasks to queue
[2023-10-10T09:18:24.931+0000] {logging_mixin.py:151} INFO - [2023-10-10T09:18:24.931+0000] {dagbag.py:539} INFO - Filling up the DagBag from /home/airflow/.local/lib/python3.8/site-packages/airflow/example_dags/tutorial.py
[2023-10-10T09:18:24.945+0000] {processor.py:839} INFO - DAG(s) dict_keys(['tutorial']) retrieved from /home/airflow/.local/lib/python3.8/site-packages/airflow/example_dags/tutorial.py
[2023-10-10T09:18:24.972+0000] {logging_mixin.py:151} INFO - [2023-10-10T09:18:24.972+0000] {dag.py:2915} INFO - Sync 1 DAGs
[2023-10-10T09:18:24.991+0000] {logging_mixin.py:151} INFO - [2023-10-10T09:18:24.991+0000] {dag.py:3696} INFO - Setting next_dagrun for tutorial to 2023-10-09T09:18:24.990762+00:00, run_after=2023-10-10T09:18:24.990762+00:00
[2023-10-10T09:18:25.016+0000] {processor.py:179} INFO - Processing /home/airflow/.local/lib/python3.8/site-packages/airflow/example_dags/tutorial.py took 0.103 seconds
[2023-10-10T09:18:55.154+0000] {processor.py:157} INFO - Started process (PID=3510) to work on /home/airflow/.local/lib/python3.8/site-packages/airflow/example_dags/tutorial.py
[2023-10-10T09:18:55.157+0000] {processor.py:829} INFO - Processing file /home/airflow/.local/lib/python3.8/site-packages/airflow/example_dags/tutorial.py for tasks to queue
[2023-10-10T09:18:55.160+0000] {logging_mixin.py:151} INFO - [2023-10-10T09:18:55.160+0000] {dagbag.py:539} INFO - Filling up the DagBag from /home/airflow/.local/lib/python3.8/site-packages/airflow/example_dags/tutorial.py
[2023-10-10T09:18:55.168+0000] {processor.py:839} INFO - DAG(s) dict_keys(['tutorial']) retrieved from /home/airflow/.local/lib/python3.8/site-packages/airflow/example_dags/tutorial.py
[2023-10-10T09:18:55.191+0000] {logging_mixin.py:151} INFO - [2023-10-10T09:18:55.191+0000] {dag.py:2915} INFO - Sync 1 DAGs
[2023-10-10T09:18:55.207+0000] {logging_mixin.py:151} INFO - [2023-10-10T09:18:55.206+0000] {dag.py:3696} INFO - Setting next_dagrun for tutorial to 2023-10-09T09:18:55.206753+00:00, run_after=2023-10-10T09:18:55.206753+00:00
[2023-10-10T09:18:55.217+0000] {processor.py:179} INFO - Processing /home/airflow/.local/lib/python3.8/site-packages/airflow/example_dags/tutorial.py took 0.069 seconds
[2023-10-10T09:19:25.444+0000] {processor.py:157} INFO - Started process (PID=3571) to work on /home/airflow/.local/lib/python3.8/site-packages/airflow/example_dags/tutorial.py
[2023-10-10T09:19:25.446+0000] {processor.py:829} INFO - Processing file /home/airflow/.local/lib/python3.8/site-packages/airflow/example_dags/tutorial.py for tasks to queue
[2023-10-10T09:19:25.450+0000] {logging_mixin.py:151} INFO - [2023-10-10T09:19:25.449+0000] {dagbag.py:539} INFO - Filling up the DagBag from /home/airflow/.local/lib/python3.8/site-packages/airflow/example_dags/tutorial.py
[2023-10-10T09:19:25.456+0000] {processor.py:839} INFO - DAG(s) dict_keys(['tutorial']) retrieved from /home/airflow/.local/lib/python3.8/site-packages/airflow/example_dags/tutorial.py
[2023-10-10T09:19:25.477+0000] {logging_mixin.py:151} INFO - [2023-10-10T09:19:25.477+0000] {dag.py:2915} INFO - Sync 1 DAGs
[2023-10-10T09:19:25.495+0000] {logging_mixin.py:151} INFO - [2023-10-10T09:19:25.494+0000] {dag.py:3696} INFO - Setting next_dagrun for tutorial to 2023-10-09T09:19:25.494776+00:00, run_after=2023-10-10T09:19:25.494776+00:00
[2023-10-10T09:19:25.506+0000] {processor.py:179} INFO - Processing /home/airflow/.local/lib/python3.8/site-packages/airflow/example_dags/tutorial.py took 0.068 seconds
[2023-10-10T09:19:55.847+0000] {processor.py:157} INFO - Started process (PID=3632) to work on /home/airflow/.local/lib/python3.8/site-packages/airflow/example_dags/tutorial.py
[2023-10-10T09:19:55.850+0000] {processor.py:829} INFO - Processing file /home/airflow/.local/lib/python3.8/site-packages/airflow/example_dags/tutorial.py for tasks to queue
[2023-10-10T09:19:55.854+0000] {logging_mixin.py:151} INFO - [2023-10-10T09:19:55.854+0000] {dagbag.py:539} INFO - Filling up the DagBag from /home/airflow/.local/lib/python3.8/site-packages/airflow/example_dags/tutorial.py
[2023-10-10T09:19:55.862+0000] {processor.py:839} INFO - DAG(s) dict_keys(['tutorial']) retrieved from /home/airflow/.local/lib/python3.8/site-packages/airflow/example_dags/tutorial.py
[2023-10-10T09:19:55.884+0000] {logging_mixin.py:151} INFO - [2023-10-10T09:19:55.884+0000] {dag.py:2915} INFO - Sync 1 DAGs
[2023-10-10T09:19:55.900+0000] {logging_mixin.py:151} INFO - [2023-10-10T09:19:55.900+0000] {dag.py:3696} INFO - Setting next_dagrun for tutorial to 2023-10-09T09:19:55.900114+00:00, run_after=2023-10-10T09:19:55.900114+00:00
[2023-10-10T09:19:55.911+0000] {processor.py:179} INFO - Processing /home/airflow/.local/lib/python3.8/site-packages/airflow/example_dags/tutorial.py took 0.071 seconds
